<?xml version="1.0" encoding="UTF-8"?>
<testsuite name="ScaleTest" tests="17" skipped="0" failures="0" errors="0" timestamp="2023-11-21T04:03:21" hostname="MSI" time="0.206">
  <properties/>
  <testcase name="enigmatic" classname="ScaleTest" time="0.136"/>
  <testcase name="lydian mode" classname="ScaleTest" time="0.006"/>
  <testcase name="mixolydian mode" classname="ScaleTest" time="0.003"/>
  <testcase name="pentatonic" classname="ScaleTest" time="0.002"/>
  <testcase name="hexatonic" classname="ScaleTest" time="0.004"/>
  <testcase name="locrian mode" classname="ScaleTest" time="0.005"/>
  <testcase name="minor scale with sharps" classname="ScaleTest" time="0.006"/>
  <testcase name="major scale with flats" classname="ScaleTest" time="0.004"/>
  <testcase name="minor scale with flats" classname="ScaleTest" time="0.007"/>
  <testcase name="harmonic minor" classname="ScaleTest" time="0.004"/>
  <testcase name="octatonic" classname="ScaleTest" time="0.004"/>
  <testcase name="simple major scale" classname="ScaleTest" time="0.003"/>
  <testcase name="phrygian mode" classname="ScaleTest" time="0.003"/>
  <testcase name="chromatic scale with flats" classname="ScaleTest" time="0.001"/>
  <testcase name="major scale with sharps" classname="ScaleTest" time="0.003"/>
  <testcase name="chromatic scale with sharps" classname="ScaleTest" time="0.003"/>
  <testcase name="dorian mode" classname="ScaleTest" time="0.002"/>
  <system-out><![CDATA[intervals=mAMMMmm
lastNote=G
usesSharps=true
in step list - lastNote=G
in step list - lastNote=G#
in step list - lastNote=B
in step list - lastNote=C#
in step list - lastNote=D#
in step list - lastNote=F
in step list - lastNote=F#
[G, G#, B, C#, D#, F, F#]
intervals=MMMmMMm
lastNote=A
usesSharps=false
in step list - lastNote=A
in step list - lastNote=B
in step list - lastNote=Db
in step list - lastNote=Eb
in step list - lastNote=E
in step list - lastNote=Gb
in step list - lastNote=Ab
[A, B, Db, Eb, E, Gb, Ab]
intervals=MMmMMmM
lastNote=Eb
usesSharps=false
in step list - lastNote=Eb
in step list - lastNote=F
in step list - lastNote=G
in step list - lastNote=Ab
in step list - lastNote=Bb
in step list - lastNote=C
in step list - lastNote=Db
[Eb, F, G, Ab, Bb, C, Db]
intervals=MMAMA
lastNote=A
usesSharps=true
in step list - lastNote=A
in step list - lastNote=B
in step list - lastNote=C#
in step list - lastNote=E
in step list - lastNote=F#
[A, B, C#, E, F#]
intervals=MMMMMM
lastNote=Db
usesSharps=false
in step list - lastNote=Db
in step list - lastNote=Eb
in step list - lastNote=F
in step list - lastNote=G
in step list - lastNote=A
in step list - lastNote=B
[Db, Eb, F, G, A, B]
intervals=mMMmMMM
lastNote=G
usesSharps=false
in step list - lastNote=G
in step list - lastNote=Ab
in step list - lastNote=Bb
in step list - lastNote=C
in step list - lastNote=Db
in step list - lastNote=Eb
in step list - lastNote=F
[G, Ab, Bb, C, Db, Eb, F]
intervals=MmMMmMM
lastNote=F#
usesSharps=true
in step list - lastNote=F#
in step list - lastNote=G#
in step list - lastNote=A
in step list - lastNote=B
in step list - lastNote=C#
in step list - lastNote=D
in step list - lastNote=E
[F#, G#, A, B, C#, D, E]
intervals=MMmMMMm
lastNote=F
usesSharps=false
in step list - lastNote=F
in step list - lastNote=G
in step list - lastNote=A
in step list - lastNote=Bb
in step list - lastNote=C
in step list - lastNote=D
in step list - lastNote=E
[F, G, A, Bb, C, D, E]
intervals=MmMMmMM
lastNote=Bb
usesSharps=false
in step list - lastNote=Bb
in step list - lastNote=C
in step list - lastNote=Db
in step list - lastNote=Eb
in step list - lastNote=F
in step list - lastNote=Gb
in step list - lastNote=Ab
[Bb, C, Db, Eb, F, Gb, Ab]
intervals=MmMMmAm
lastNote=D
usesSharps=false
in step list - lastNote=D
in step list - lastNote=E
in step list - lastNote=F
in step list - lastNote=G
in step list - lastNote=A
in step list - lastNote=Bb
in step list - lastNote=Db
[D, E, F, G, A, Bb, Db]
intervals=MmMmMmMm
lastNote=C
usesSharps=false
in step list - lastNote=C
in step list - lastNote=D
in step list - lastNote=Eb
in step list - lastNote=F
in step list - lastNote=Gb
in step list - lastNote=Ab
in step list - lastNote=A
in step list - lastNote=B
[C, D, Eb, F, Gb, Ab, A, B]
intervals=MMmMMMm
lastNote=C
usesSharps=false
in step list - lastNote=C
in step list - lastNote=D
in step list - lastNote=E
in step list - lastNote=F
in step list - lastNote=G
in step list - lastNote=A
in step list - lastNote=B
[C, D, E, F, G, A, B]
intervals=mMMMmMM
lastNote=E
usesSharps=true
in step list - lastNote=E
in step list - lastNote=F
in step list - lastNote=G
in step list - lastNote=A
in step list - lastNote=B
in step list - lastNote=C
in step list - lastNote=D
[E, F, G, A, B, C, D]
intervals=MMmMMMm
lastNote=G
usesSharps=true
in step list - lastNote=G
in step list - lastNote=A
in step list - lastNote=B
in step list - lastNote=C
in step list - lastNote=D
in step list - lastNote=E
in step list - lastNote=F#
[G, A, B, C, D, E, F#]
intervals=MmMMMmM
lastNote=D
usesSharps=false
in step list - lastNote=D
in step list - lastNote=E
in step list - lastNote=F
in step list - lastNote=G
in step list - lastNote=A
in step list - lastNote=B
in step list - lastNote=C
[D, E, F, G, A, B, C]
]]></system-out>
  <system-err><![CDATA[]]></system-err>
</testsuite>
