<?xml version="1.0" encoding="UTF-8"?>
<testsuite name="BankAccountTest" tests="5" skipped="0" failures="0" errors="0" timestamp="2023-08-30T02:26:03" hostname="MSI" time="32.996">
  <properties/>
  <testcase name="zeroBalanceWhenOpened" classname="BankAccountTest" time="0.05"/>
  <testcase name="closedAccountCannotBeAdjusted" classname="BankAccountTest" time="0.118"/>
  <testcase name="closedAccountHasNoBalance" classname="BankAccountTest" time="0.0"/>
  <testcase name="concurrentBalanceAdjustments" classname="BankAccountTest" time="32.826"/>
  <testcase name="sequentialBalanceAdjustments" classname="BankAccountTest" time="0.0"/>
  <system-out><![CDATA[]]></system-out>
  <system-err><![CDATA[]]></system-err>
</testsuite>
