<?xml version="1.0" encoding="UTF-8"?>
<testsuite name="ArmstrongNumberTest" tests="9" skipped="0" failures="0" errors="0" timestamp="2023-09-17T02:20:18" hostname="MSI" time="0.104">
  <properties/>
  <testcase name="seven digit number that is not an armstrong number" classname="ArmstrongNumberTest" time="0.093"/>
  <testcase name="there are no 2 digit armstrong numbers" classname="ArmstrongNumberTest" time="0.0"/>
  <testcase name="four digit number that is not an armstrong number" classname="ArmstrongNumberTest" time="0.001"/>
  <testcase name="single digit numbers are armstrong numbers" classname="ArmstrongNumberTest" time="0.0"/>
  <testcase name="seven digit number that is an armstrong number" classname="ArmstrongNumberTest" time="0.0"/>
  <testcase name="zero is an armstrong number" classname="ArmstrongNumberTest" time="0.002"/>
  <testcase name="three digit number that is not an armstrong number" classname="ArmstrongNumberTest" time="0.0"/>
  <testcase name="three digit number that is an armstrong number" classname="ArmstrongNumberTest" time="0.001"/>
  <testcase name="four digit number that is an armstrong number" classname="ArmstrongNumberTest" time="0.001"/>
  <system-out><![CDATA[]]></system-out>
  <system-err><![CDATA[]]></system-err>
</testsuite>
