<?xml version="1.0" encoding="UTF-8"?>
<testsuite name="FlattenerTest" tests="6" skipped="0" failures="0" errors="0" timestamp="2023-08-26T02:58:57" hostname="MSI" time="0.091">
  <properties/>
  <testcase name="flattens6LevelNestedList" classname="FlattenerTest" time="0.081"/>
  <testcase name="allNullNestedListReturnsEmptyList" classname="FlattenerTest" time="0.006"/>
  <testcase name="flattens5LevelNestedList" classname="FlattenerTest" time="0.0"/>
  <testcase name="flatListIsUnchanged" classname="FlattenerTest" time="0.0"/>
  <testcase name="flattens2LevelNestedList" classname="FlattenerTest" time="0.0"/>
  <testcase name="flattens6LevelNestedListWithNulls" classname="FlattenerTest" time="0.001"/>
  <system-out><![CDATA[]]></system-out>
  <system-err><![CDATA[]]></system-err>
</testsuite>
