<?xml version="1.0" encoding="UTF-8"?>
<testsuite name="DnaTest" tests="5" skipped="0" failures="0" errors="0" timestamp="2023-10-09T02:20:21" hostname="MSI" time="0.092">
  <properties/>
  <testcase name="validatesNucleotides" classname="DnaTest" time="0.015"/>
  <testcase name="canCountMultipleNucleotides" classname="DnaTest" time="0.075"/>
  <testcase name="canCountOneNucleotideInSingleCharacterInput" classname="DnaTest" time="0.0"/>
  <testcase name="emptyDnaStringHasNoNucleotides" classname="DnaTest" time="0.001"/>
  <testcase name="canCountRepeatedNucleotide" classname="DnaTest" time="0.0"/>
  <system-out><![CDATA[]]></system-out>
  <system-err><![CDATA[]]></system-err>
</testsuite>
