<?xml version="1.0" encoding="UTF-8"?>
<testsuite name="DnaTest" tests="5" skipped="0" failures="0" errors="0" timestamp="2023-10-12T23:51:40" hostname="MDX2344W1Y" time="0.025">
  <properties/>
  <testcase name="validatesNucleotides" classname="DnaTest" time="0.004"/>
  <testcase name="canCountMultipleNucleotides" classname="DnaTest" time="0.02"/>
  <testcase name="canCountOneNucleotideInSingleCharacterInput" classname="DnaTest" time="0.0"/>
  <testcase name="emptyDnaStringHasNoNucleotides" classname="DnaTest" time="0.0"/>
  <testcase name="canCountRepeatedNucleotide" classname="DnaTest" time="0.0"/>
  <system-out><![CDATA[]]></system-out>
  <system-err><![CDATA[]]></system-err>
</testsuite>
