<?xml version="1.0" encoding="UTF-8"?>
<testsuite name="RunLengthEncodingTest" tests="13" skipped="0" failures="0" errors="0" timestamp="2023-11-29T04:14:50" hostname="MSI" time="0.155">
  <properties/>
  <testcase name="encode_string with no single characters" classname="RunLengthEncodingTest" time="0.092"/>
  <testcase name="decode_empty string" classname="RunLengthEncodingTest" time="0.005"/>
  <testcase name="encode_single characters only are encoded without count" classname="RunLengthEncodingTest" time="0.001"/>
  <testcase name="encode followed by decode gives original string" classname="RunLengthEncodingTest" time="0.035"/>
  <testcase name="decode_single characters with repeated characters" classname="RunLengthEncodingTest" time="0.001"/>
  <testcase name="decode_lower case string" classname="RunLengthEncodingTest" time="0.002"/>
  <testcase name="encode_single characters mixed with repeated characters" classname="RunLengthEncodingTest" time="0.0"/>
  <testcase name="encode_multiple whitespace mixed in string" classname="RunLengthEncodingTest" time="0.001"/>
  <testcase name="decode_multiple whitespace mixed in string" classname="RunLengthEncodingTest" time="0.003"/>
  <testcase name="decode_single characters only" classname="RunLengthEncodingTest" time="0.001"/>
  <testcase name="decode_string with no single characters" classname="RunLengthEncodingTest" time="0.002"/>
  <testcase name="encode_empty string" classname="RunLengthEncodingTest" time="0.001"/>
  <testcase name="encode_lowercase characters" classname="RunLengthEncodingTest" time="0.002"/>
  <system-out><![CDATA[str: 3
str: 2
str: 2
str: 12
str: 12
str: 3
str: 24
str: 2
str: 3
str: 4
str: 2
str: 2
str: 2
str: 2
str: 2
str: 3
str: 4
]]></system-out>
  <system-err><![CDATA[]]></system-err>
</testsuite>
