<?xml version="1.0" encoding="UTF-8"?>
<testsuite name="RobotTest" tests="1" skipped="0" failures="0" errors="0" timestamp="2023-08-27T04:27:35" hostname="MSI" time="193.858">
  <properties/>
  <testcase name="isRandom" classname="RobotTest" time="193.858"/>
  <system-out><![CDATA[name added to list: 1
name added to list: 2
name added to list: 3
name added to list: 4
name added to list: 5
name added to list: 6
name added to list: 7
name added to list: 8
name added to list: 9
name added to list: 10
name added to list: 11
name added to list: 12
name added to list: 13
name added to list: 14
name added to list: 15
name added to list: 16
name added to list: 17
name added to list: 18
name added to list: 19
name added to list: 20
name added to list: 21
name added to list: 22
name added to list: 23
name added to list: 24
name added to list: 25
name added to list: 26
name added to list: 27
name added to list: 28
name added to list: 29
name added to list: 30
name added to list: 31
name added to list: 32
name added to list: 33
name added to list: 34
name added to list: 35
name added to list: 36
name added to list: 37
name added to list: 38
name added to list: 39
name added to list: 40
name added to list: 41
name added to list: 42
name added to list: 43
name added to list: 44
name added to list: 45
name added to list: 46
name added to list: 47
name added to list: 48
name added to list: 49
name added to list: 50
name added to list: 51
name added to list: 52
name added to list: 53
name added to list: 54
name added to list: 55
name added to list: 56
name added to list: 57
name added to list: 58
name added to list: 59
name added to list: 60
name added to list: 61
name added to list: 62
name added to list: 63
name added to list: 64
name added to list: 65
name added to list: 66
name added to list: 67
name added to list: 68
name added to list: 69
name added to list: 70
name added to list: 71
name added to list: 72
name added to list: 73
name added to list: 74
name added to list: 75
name added to list: 76
name added to list: 77
name added to list: 78
name added to list: 79
name added to list: 80
name added to list: 81
name added to list: 82
name added to list: 83
name added to list: 84
name added to list: 85
name added to list: 86
name added to list: 87
name added to list: 88
name added to list: 89
name added to list: 90
name added to list: 91
name added to list: 92
name added to list: 93
name added to list: 94
name added to list: 95
name added to list: 96
name added to list: 97
name added to list: 98
name added to list: 99
name added to list: 100
name added to list: 101
name added to list: 102
name added to list: 103
name added to list: 104
name added to list: 105
name added to list: 106
name added to list: 107
name added to list: 108
name added to list: 109
name added to list: 110
name added to list: 111
name added to list: 112
name added to list: 113
name added to list: 114
name added to list: 115
name added to list: 116
name added to list: 117
name added to list: 118
name added to list: 119
name added to list: 120
name added to list: 121
name added to list: 122
name added to list: 123
name added to list: 124
name added to list: 125
name added to list: 126
name added to list: 127
name added to list: 128
name added to list: 129
name added to list: 130
name added to list: 131
name added to list: 132
name added to list: 133
name added to list: 134
name added to list: 135
name added to list: 136
name added to list: 137
name added to list: 138
name added to list: 139
name added to list: 140
name added to list: 141
name added to list: 142
name added to list: 143
name added to list: 144
name added to list: 145
name added to list: 146
name added to list: 147
name added to list: 148
name added to list: 149
name added to list: 150
name added to list: 151
name added to list: 152
name added to list: 153
name added to list: 154
name added to list: 155
name added to list: 156
name added to list: 157
name added to list: 158
name added to list: 159
name added to list: 160
name added to list: 161
name added to list: 162
name added to list: 163
name added to list: 164
name added to list: 165
name added to list: 166
name added to list: 167
name added to list: 168
name added to list: 169
name added to list: 170
name added to list: 171
name added to list: 172
name added to list: 173
name added to list: 174
name added to list: 175
name added to list: 176
name added to list: 177
name added to list: 178
name added to list: 179
name added to list: 180
name added to list: 181
name added to list: 182
name added to list: 183
name added to list: 184
name added to list: 185
name added to list: 186
name added to list: 187
name added to list: 188
name added to list: 189
name added to list: 190
name added to list: 191
name added to list: 192
name added to list: 193
name added to list: 194
name added to list: 195
name added to list: 196
name added to list: 197
name added to list: 198
name added to list: 199
name added to list: 200
name added to list: 201
name added to list: 202
name added to list: 203
name added to list: 204
name added to list: 205
name added to list: 206
name added to list: 207
name added to list: 208
name added to list: 209
name added to list: 210
name added to list: 211
name added to list: 212
name added to list: 213
name added to list: 214
name added to list: 215
name added to list: 216
name added to list: 217
name added to list: 218
name added to list: 219
name added to list: 220
name added to list: 221
name added to list: 222
name added to list: 223
name added to list: 224
name added to list: 225
name added to list: 226
name added to list: 227
name added to list: 228
name added to list: 229
name added to list: 230
name added to list: 231
name added to list: 232
name added to list: 233
name added to list: 234
name added to list: 235
name added to list: 236
name added to list: 237
name added to list: 238
name added to list: 239
name added to list: 240
name added to list: 241
name added to list: 242
name added to list: 243
name added to list: 244
name added to list: 245
name added to list: 246
name added to list: 247
name added to list: 248
name added to list: 249
name added to list: 250
name added to list: 251
name added to list: 252
name added to list: 253
name added to list: 254
name added to list: 255
name added to list: 256
name added to list: 257
name added to list: 258
name added to list: 259
name added to list: 260
name added to list: 261
name added to list: 262
name added to list: 263
name added to list: 264
name added to list: 265
name added to list: 266
name added to list: 267
name added to list: 268
name added to list: 269
name added to list: 270
name added to list: 271
name added to list: 272
name added to list: 273
name added to list: 274
name added to list: 275
name added to list: 276
name added to list: 277
name added to list: 278
name added to list: 279
name added to list: 280
name added to list: 281
name added to list: 282
name added to list: 283
name added to list: 284
name added to list: 285
name added to list: 286
name added to list: 287
name added to list: 288
name added to list: 289
name added to list: 290
name added to list: 291
name added to list: 292
name added to list: 293
name added to list: 294
name added to list: 295
name added to list: 296
name added to list: 297
name added to list: 298
name added to list: 299
name added to list: 300
name added to list: 301
name added to list: 302
name added to list: 303
name added to list: 304
name added to list: 305
name added to list: 306
name added to list: 307
name added to list: 308
name added to list: 309
name added to list: 310
name added to list: 311
name added to list: 312
name added to list: 313
name added to list: 314
name added to list: 315
name added to list: 316
name added to list: 317
name added to list: 318
name added to list: 319
name added to list: 320
name added to list: 321
name added to list: 322
name added to list: 323
name added to list: 324
name added to list: 325
name added to list: 326
name added to list: 327
name added to list: 328
name added to list: 329
name added to list: 330
name added to list: 331
name added to list: 332
name added to list: 333
name added to list: 334
name added to list: 335
name added to list: 336
name added to list: 337
name added to list: 338
name added to list: 339
name added to list: 340
name added to list: 341
name added to list: 342
name added to list: 343
name added to list: 344
name added to list: 345
name added to list: 346
name added to list: 347
name added to list: 348
name added to list: 349
name added to list: 350
name added to list: 351
name added to list: 352
name added to list: 353
name added to list: 354
name added to list: 355
name added to list: 356
name added to list: 357
name added to list: 358
name added to list: 359
name added to list: 360
name added to list: 361
name added to list: 362
name added to list: 363
name added to list: 364
name added to list: 365
name added to list: 366
name added to list: 367
name added to list: 368
name added to list: 369
name added to list: 370
name added to list: 371
name added to list: 372
name added to list: 373
name added to list: 374
name added to list: 375
name added to list: 376
name added to list: 377
name added to list: 378
name added to list: 379
name added to list: 380
name added to list: 381
name added to list: 382
name added to list: 383
name added to list: 384
name added to list: 385
name added to list: 386
name added to list: 387
name added to list: 388
name added to list: 389
name added to list: 390
name added to list: 391
name added to list: 392
name added to list: 393
name added to list: 394
name added to list: 395
name added to list: 396
name added to list: 397
name added to list: 398
name added to list: 399
name added to list: 400
name added to list: 401
name added to list: 402
name added to list: 403
name added to list: 404
name added to list: 405
name added to list: 406
name added to list: 407
name added to list: 408
name added to list: 409
name added to list: 410
name added to list: 411
name added to list: 412
name added to list: 413
name added to list: 414
name added to list: 415
name added to list: 416
name added to list: 417
name added to list: 418
name added to list: 419
name added to list: 420
name added to list: 421
name added to list: 422
name added to list: 423
name added to list: 424
name added to list: 425
name added to list: 426
name added to list: 427
name added to list: 428
name added to list: 429
name added to list: 430
name added to list: 431
name added to list: 432
name added to list: 433
name added to list: 434
name added to list: 435
name added to list: 436
name added to list: 437
name added to list: 438
name added to list: 439
name added to list: 440
name added to list: 441
name added to list: 442
name added to list: 443
name added to list: 444
name added to list: 445
name added to list: 446
name added to list: 447
name added to list: 448
name added to list: 449
name added to list: 450
name added to list: 451
name added to list: 452
name added to list: 453
name added to list: 454
name added to list: 455
name added to list: 456
name added to list: 457
name added to list: 458
name added to list: 459
name added to list: 460
name added to list: 461
name added to list: 462
name added to list: 463
name added to list: 464
name added to list: 465
name added to list: 466
name added to list: 467
name added to list: 468
name added to list: 469
name added to list: 470
name added to list: 471
name added to list: 472
name added to list: 473
name added to list: 474
name added to list: 475
name added to list: 476
name added to list: 477
name added to list: 478
name added to list: 479
name added to list: 480
name added to list: 481
name added to list: 482
name added to list: 483
name added to list: 484
name added to list: 485
name added to list: 486
name added to list: 487
name added to list: 488
name added to list: 489
name added to list: 490
name added to list: 491
name added to list: 492
name added to list: 493
name added to list: 494
name added to list: 495
name added to list: 496
name added to list: 497
name added to list: 498
name added to list: 499
name added to list: 500
name added to list: 501
name added to list: 502
name added to list: 503
name added to list: 504
name added to list: 505
name added to list: 506
name added to list: 507
name added to list: 508
name added to list: 509
name added to list: 510
name added to list: 511
name added to list: 512
name added to list: 513
name added to list: 514
name added to list: 515
name added to list: 516
name added to list: 517
name added to list: 518
name added to list: 519
name added to list: 520
name added to list: 521
name added to list: 522
name added to list: 523
name added to list: 524
name added to list: 525
name added to list: 526
name added to list: 527
name added to list: 528
name added to list: 529
name added to list: 530
name added to list: 531
name added to list: 532
name added to list: 533
name added to list: 534
name added to list: 535
name added to list: 536
name added to list: 537
name added to list: 538
name added to list: 539
name added to list: 540
name added to list: 541
name added to list: 542
name added to list: 543
name added to list: 544
name added to list: 545
name added to list: 546
name added to list: 547
name added to list: 548
name added to list: 549
name added to list: 550
name added to list: 551
name added to list: 552
name added to list: 553
name added to list: 554
name added to list: 555
name added to list: 556
name added to list: 557
name added to list: 558
name added to list: 559
name added to list: 560
name added to list: 561
name added to list: 562
name added to list: 563
name added to list: 564
name added to list: 565
name added to list: 566
name added to list: 567
name added to list: 568
name added to list: 569
name added to list: 570
name added to list: 571
name added to list: 572
name added to list: 573
name added to list: 574
name added to list: 575
name added to list: 576
name added to list: 577
name added to list: 578
name added to list: 579
name added to list: 580
name added to list: 581
name added to list: 582
name added to list: 583
name added to list: 584
name added to list: 585
name added to list: 586
name added to list: 587
name added to list: 588
name added to list: 589
name added to list: 590
name added to list: 591
name added to list: 592
name added to list: 593
name added to list: 594
name added to list: 595
name added to list: 596
name added to list: 597
name added to list: 598
name added to list: 599
name added to list: 600
name added to list: 601
name added to list: 602
name added to list: 603
name added to list: 604
name added to list: 605
name added to list: 606
name added to list: 607
name added to list: 608
name added to list: 609
name added to list: 610
name added to list: 611
name added to list: 612
name added to list: 613
name added to list: 614
name added to list: 615
name added to list: 616
name added to list: 617
name added to list: 618
name added to list: 619
name added to list: 620
name added to list: 621
name added to list: 622
name added to list: 623
name added to list: 624
name added to list: 625
name added to list: 626
name added to list: 627
name added to list: 628
name added to list: 629
name added to list: 630
name added to list: 631
name added to list: 632
name added to list: 633
name added to list: 634
name added to list: 635
name added to list: 636
name added to list: 637
name added to list: 638
name added to list: 639
name added to list: 640
name added to list: 641
name added to list: 642
name added to list: 643
name added to list: 644
name added to list: 645
name added to list: 646
name added to list: 647
name added to list: 648
name added to list: 649
name added to list: 650
name added to list: 651
name added to list: 652
name added to list: 653
name added to list: 654
name added to list: 655
name added to list: 656
name added to list: 657
name added to list: 658
name added to list: 659
name added to list: 660
name added to list: 661
name added to list: 662
name added to list: 663
name added to list: 664
name added to list: 665
name added to list: 666
name added to list: 667
name added to list: 668
name added to list: 669
name added to list: 670
name added to list: 671
name added to list: 672
name added to list: 673
name added to list: 674
name added to list: 675
name added to list: 676
name added to list: 677
name added to list: 678
name added to list: 679
name added to list: 680
name added to list: 681
name added to list: 682
name added to list: 683
name added to list: 684
name added to list: 685
name added to list: 686
name added to list: 687
name added to list: 688
name added to list: 689
name added to list: 690
name added to list: 691
name added to list: 692
name added to list: 693
name added to list: 694
name added to list: 695
name added to list: 696
name added to list: 697
name added to list: 698
name added to list: 699
name added to list: 700
name added to list: 701
name added to list: 702
name added to list: 703
name added to list: 704
name added to list: 705
name added to list: 706
name added to list: 707
name added to list: 708
name added to list: 709
name added to list: 710
name added to list: 711
name added to list: 712
name added to list: 713
name added to list: 714
name added to list: 715
name added to list: 716
name added to list: 717
name added to list: 718
name added to list: 719
name added to list: 720
name added to list: 721
name added to list: 722
name added to list: 723
name added to list: 724
name added to list: 725
name added to list: 726
name added to list: 727
name added to list: 728
name added to list: 729
name added to list: 730
name added to list: 731
name added to list: 732
name added to list: 733
name added to list: 734
name added to list: 735
name added to list: 736
name added to list: 737
name added to list: 738
name added to list: 739
name added to list: 740
name added to list: 741
name added to list: 742
name added to list: 743
name added to list: 744
name added to list: 745
name added to list: 746
name added to list: 747
name added to list: 748
name added to list: 749
name added to list: 750
name added to list: 751
name added to list: 752
name added to list: 753
name added to list: 754
name added to list: 755
name added to list: 756
name added to list: 757
name added to list: 758
name added to list: 759
name added to list: 760
name added to list: 761
name added to list: 762
name added to list: 763
name added to list: 764
name added to list: 765
name added to list: 766
name added to list: 767
name added to list: 768
name added to list: 769
name added to list: 770
name added to list: 771
name added to list: 772
name added to list: 773
name added to list: 774
name added to list: 775
name added to list: 776
name added to list: 777
name added to list: 778
name added to list: 779
name added to list: 780
name added to list: 781
name added to list: 782
name added to list: 783
name added to list: 784
name added to list: 785
name added to list: 786
name added to list: 787
name added to list: 788
name added to list: 789
name added to list: 790
name added to list: 791
name added to list: 792
name added to list: 793
name added to list: 794
name added to list: 795
name added to list: 796
name added to list: 797
name added to list: 798
name added to list: 799
name added to list: 800
name added to list: 801
name added to list: 802
name added to list: 803
name added to list: 804
name added to list: 805
name added to list: 806
name added to list: 807
name added to list: 808
name added to list: 809
name added to list: 810
name added to list: 811
name added to list: 812
name added to list: 813
name added to list: 814
name added to list: 815
name added to list: 816
name added to list: 817
name added to list: 818
name added to list: 819
name added to list: 820
name added to list: 821
name added to list: 822
name added to list: 823
name added to list: 824
name added to list: 825
name added to list: 826
name added to list: 827
name added to list: 828
name added to list: 829
name added to list: 830
name added to list: 831
name added to list: 832
name added to list: 833
name added to list: 834
name added to list: 835
name added to list: 836
name added to list: 837
name added to list: 838
name added to list: 839
name added to list: 840
name added to list: 841
name added to list: 842
name added to list: 843
name added to list: 844
name added to list: 845
name added to list: 846
name added to list: 847
name added to list: 848
name added to list: 849
name added to list: 850
name added to list: 851
name added to list: 852
name added to list: 853
name added to list: 854
name added to list: 855
name added to list: 856
name added to list: 857
name added to list: 858
name added to list: 859
name added to list: 860
name added to list: 861
name added to list: 862
name added to list: 863
name added to list: 864
name added to list: 865
name added to list: 866
name added to list: 867
name added to list: 868
name added to list: 869
name added to list: 870
name added to list: 871
name added to list: 872
name added to list: 873
name added to list: 874
name added to list: 875
name added to list: 876
name added to list: 877
name added to list: 878
name added to list: 879
name added to list: 880
name added to list: 881
name added to list: 882
name added to list: 883
name added to list: 884
name added to list: 885
name added to list: 886
name added to list: 887
name added to list: 888
name added to list: 889
name added to list: 890
name added to list: 891
name added to list: 892
name added to list: 893
name added to list: 894
name added to list: 895
name added to list: 896
name added to list: 897
name added to list: 898
name added to list: 899
name added to list: 900
name added to list: 901
name added to list: 902
name added to list: 903
name added to list: 904
name added to list: 905
name added to list: 906
name added to list: 907
name added to list: 908
name added to list: 909
name added to list: 910
name added to list: 911
name added to list: 912
name added to list: 913
name added to list: 914
name added to list: 915
name added to list: 916
name added to list: 917
name added to list: 918
name added to list: 919
name added to list: 920
name added to list: 921
name added to list: 922
name added to list: 923
name added to list: 924
name added to list: 925
name added to list: 926
name added to list: 927
name added to list: 928
name added to list: 929
name added to list: 930
name added to list: 931
name added to list: 932
name added to list: 933
name added to list: 934
name added to list: 935
name added to list: 936
name added to list: 937
name added to list: 938
name added to list: 939
name added to list: 940
name added to list: 941
name added to list: 942
name added to list: 943
name added to list: 944
name added to list: 945
name added to list: 946
name added to list: 947
name added to list: 948
name added to list: 949
name added to list: 950
name added to list: 951
name added to list: 952
name added to list: 953
name added to list: 954
name added to list: 955
name added to list: 956
name added to list: 957
name added to list: 958
name added to list: 959
name added to list: 960
name added to list: 961
name added to list: 962
name added to list: 963
name added to list: 964
name added to list: 965
name added to list: 966
name added to list: 967
name added to list: 968
name added to list: 969
name added to list: 970
name added to list: 971
name added to list: 972
name added to list: 973
name added to list: 974
name added to list: 975
name added to list: 976
name added to list: 977
name added to list: 978
name added to list: 979
name added to list: 980
name added to list: 981
name added to list: 982
name added to list: 983
name added to list: 984
name added to list: 985
name added to list: 986
name added to list: 987
name added to list: 988
name added to list: 989
name added to list: 990
name added to list: 991
name added to list: 992
name added to list: 993
name added to list: 994
name added to list: 995
name added to list: 996
name added to list: 997
name added to list: 998
name added to list: 999
name added to list: 1000
name added to list: 1001
name added to list: 1002
name added to list: 1003
name added to list: 1004
name added to list: 1005
name added to list: 1006
name added to list: 1007
name added to list: 1008
name added to list: 1009
name added to list: 1010
name added to list: 1011
name added to list: 1012
name added to list: 1013
name added to list: 1014
name added to list: 1015
name added to list: 1016
name added to list: 1017
name added to list: 1018
name added to list: 1019
name added to list: 1020
name added to list: 1021
name added to list: 1022
name added to list: 1023
name added to list: 1024
name added to list: 1025
name added to list: 1026
name added to list: 1027
name added to list: 1028
name added to list: 1029
name added to list: 1030
name added to list: 1031
name added to list: 1032
name added to list: 1033
name added to list: 1034
name added to list: 1035
name added to list: 1036
name added to list: 1037
name added to list: 1038
name added to list: 1039
name added to list: 1040
name added to list: 1041
name added to list: 1042
name added to list: 1043
name added to list: 1044
name added to list: 1045
name added to list: 1046
name added to list: 1047
name added to list: 1048
name added to list: 1049
name added to list: 1050
name added to list: 1051
name added to list: 1052
name added to list: 1053
name added to list: 1054
name added to list: 1055
name added to list: 1056
name added to list: 1057
name added to list: 1058
name added to list: 1059
name added to list: 1060
name added to list: 1061
name added to list: 1062
name added to list: 1063
name added to list: 1064
name added to list: 1065
name added to list: 1066
name added to list: 1067
name added to list: 1068
name added to list: 1069
name added to list: 1070
name added to list: 1071
name added to list: 1072
name added to list: 1073
name added to list: 1074
name added to list: 1075
name added to list: 1076
name added to list: 1077
name added to list: 1078
name added to list: 1079
name added to list: 1080
name added to list: 1081
name added to list: 1082
name added to list: 1083
name added to list: 1084
name added to list: 1085
name added to list: 1086
name added to list: 1087
name added to list: 1088
name added to list: 1089
name added to list: 1090
name added to list: 1091
name added to list: 1092
name added to list: 1093
name added to list: 1094
name added to list: 1095
name added to list: 1096
name added to list: 1097
name added to list: 1098
name added to list: 1099
name added to list: 1100
name added to list: 1101
name added to list: 1102
name added to list: 1103
name added to list: 1104
name added to list: 1105
name added to list: 1106
name added to list: 1107
name added to list: 1108
name added to list: 1109
name added to list: 1110
name added to list: 1111
name added to list: 1112
name added to list: 1113
name added to list: 1114
name added to list: 1115
name added to list: 1116
name added to list: 1117
name added to list: 1118
name added to list: 1119
name added to list: 1120
name added to list: 1121
name added to list: 1122
name added to list: 1123
name added to list: 1124
name added to list: 1125
name added to list: 1126
name added to list: 1127
name added to list: 1128
name added to list: 1129
name added to list: 1130
name added to list: 1131
name added to list: 1132
name added to list: 1133
name added to list: 1134
name added to list: 1135
name added to list: 1136
name added to list: 1137
name added to list: 1138
name added to list: 1139
name added to list: 1140
name added to list: 1141
name added to list: 1142
name added to list: 1143
name added to list: 1144
name added to list: 1145
name added to list: 1146
name added to list: 1147
name added to list: 1148
name added to list: 1149
name added to list: 1150
name added to list: 1151
name added to list: 1152
name added to list: 1153
name added to list: 1154
name added to list: 1155
name added to list: 1156
name added to list: 1157
name added to list: 1158
name added to list: 1159
name added to list: 1160
name added to list: 1161
name added to list: 1162
name added to list: 1163
name added to list: 1164
name added to list: 1165
name added to list: 1166
name added to list: 1167
name added to list: 1168
name added to list: 1169
name added to list: 1170
name added to list: 1171
name added to list: 1172
name added to list: 1173
name added to list: 1174
name added to list: 1175
name added to list: 1176
name added to list: 1177
name added to list: 1178
name added to list: 1179
name added to list: 1180
name added to list: 1181
name added to list: 1182
name added to list: 1183
name added to list: 1184
name added to list: 1185
name added to list: 1186
name added to list: 1187
name added to list: 1188
name added to list: 1189
name added to list: 1190
name added to list: 1191
name added to list: 1192
name added to list: 1193
name added to list: 1194
name added to list: 1195
name added to list: 1196
name added to list: 1197
name added to list: 1198
name added to list: 1199
name added to list: 1200
name added to list: 1201
name added to list: 1202
name added to list: 1203
name added to list: 1204
name added to list: 1205
name added to list: 1206
name added to list: 1207
name added to list: 1208
name added to list: 1209
name added to list: 1210
name added to list: 1211
name added to list: 1212
name added to list: 1213
name added to list: 1214
name added to list: 1215
name added to list: 1216
name added to list: 1217
name added to list: 1218
name added to list: 1219
name added to list: 1220
name added to list: 1221
name added to list: 1222
name added to list: 1223
name added to list: 1224
name added to list: 1225
name added to list: 1226
name added to list: 1227
name added to list: 1228
name added to list: 1229
name added to list: 1230
name added to list: 1231
name added to list: 1232
name added to list: 1233
name added to list: 1234
name added to list: 1235
name added to list: 1236
name added to list: 1237
name added to list: 1238
name added to list: 1239
name added to list: 1240
name added to list: 1241
name added to list: 1242
name added to list: 1243
name added to list: 1244
name added to list: 1245
name added to list: 1246
name added to list: 1247
name added to list: 1248
name added to list: 1249
name added to list: 1250
name added to list: 1251
name added to list: 1252
name added to list: 1253
name added to list: 1254
name added to list: 1255
name added to list: 1256
name added to list: 1257
name added to list: 1258
name added to list: 1259
name added to list: 1260
name added to list: 1261
name added to list: 1262
name added to list: 1263
name added to list: 1264
name added to list: 1265
name added to list: 1266
name added to list: 1267
name added to list: 1268
name added to list: 1269
name added to list: 1270
name added to list: 1271
name added to list: 1272
name added to list: 1273
name added to list: 1274
name added to list: 1275
name added to list: 1276
name added to list: 1277
name added to list: 1278
name added to list: 1279
name added to list: 1280
name added to list: 1281
name added to list: 1282
name added to list: 1283
name added to list: 1284
name added to list: 1285
name added to list: 1286
name added to list: 1287
name added to list: 1288
name added to list: 1289
name added to list: 1290
name added to list: 1291
name added to list: 1292
name added to list: 1293
name added to list: 1294
name added to list: 1295
name added to list: 1296
name added to list: 1297
name added to list: 1298
name added to list: 1299
name added to list: 1300
name added to list: 1301
name added to list: 1302
name added to list: 1303
name added to list: 1304
name added to list: 1305
name added to list: 1306
name added to list: 1307
name added to list: 1308
name added to list: 1309
name added to list: 1310
name added to list: 1311
name added to list: 1312
name added to list: 1313
name added to list: 1314
name added to list: 1315
name added to list: 1316
name added to list: 1317
name added to list: 1318
name added to list: 1319
name added to list: 1320
name added to list: 1321
name added to list: 1322
name added to list: 1323
name added to list: 1324
name added to list: 1325
name added to list: 1326
name added to list: 1327
name added to list: 1328
name added to list: 1329
name added to list: 1330
name added to list: 1331
name added to list: 1332
name added to list: 1333
name added to list: 1334
name added to list: 1335
name added to list: 1336
name added to list: 1337
name added to list: 1338
name added to list: 1339
name added to list: 1340
name added to list: 1341
name added to list: 1342
name added to list: 1343
name added to list: 1344
name added to list: 1345
name added to list: 1346
name added to list: 1347
name added to list: 1348
name added to list: 1349
name added to list: 1350
name added to list: 1351
name added to list: 1352
name added to list: 1353
name added to list: 1354
name added to list: 1355
name added to list: 1356
name added to list: 1357
name added to list: 1358
name added to list: 1359
name added to list: 1360
name added to list: 1361
name added to list: 1362
name added to list: 1363
name added to list: 1364
name added to list: 1365
name added to list: 1366
name added to list: 1367
name added to list: 1368
name added to list: 1369
name added to list: 1370
name added to list: 1371
name added to list: 1372
name added to list: 1373
name added to list: 1374
name added to list: 1375
name added to list: 1376
name added to list: 1377
name added to list: 1378
name added to list: 1379
name added to list: 1380
name added to list: 1381
name added to list: 1382
name added to list: 1383
name added to list: 1384
name added to list: 1385
name added to list: 1386
name added to list: 1387
name added to list: 1388
name added to list: 1389
name added to list: 1390
name added to list: 1391
name added to list: 1392
name added to list: 1393
name added to list: 1394
name added to list: 1395
name added to list: 1396
name added to list: 1397
name added to list: 1398
name added to list: 1399
name added to list: 1400
name added to list: 1401
name added to list: 1402
name added to list: 1403
name added to list: 1404
name added to list: 1405
name added to list: 1406
name added to list: 1407
name added to list: 1408
name added to list: 1409
name added to list: 1410
name added to list: 1411
name added to list: 1412
name added to list: 1413
name added to list: 1414
name added to list: 1415
name added to list: 1416
name added to list: 1417
name added to list: 1418
name added to list: 1419
name added to list: 1420
name added to list: 1421
name added to list: 1422
name added to list: 1423
name added to list: 1424
name added to list: 1425
name added to list: 1426
name added to list: 1427
name added to list: 1428
name added to list: 1429
name added to list: 1430
name added to list: 1431
name added to list: 1432
name added to list: 1433
name added to list: 1434
name added to list: 1435
name added to list: 1436
name added to list: 1437
name added to list: 1438
name added to list: 1439
name added to list: 1440
name added to list: 1441
name added to list: 1442
name added to list: 1443
name added to list: 1444
name added to list: 1445
name added to list: 1446
name added to list: 1447
name added to list: 1448
name added to list: 1449
name added to list: 1450
name added to list: 1451
name added to list: 1452
name added to list: 1453
name added to list: 1454
name added to list: 1455
name added to list: 1456
name added to list: 1457
name added to list: 1458
name added to list: 1459
name added to list: 1460
name added to list: 1461
name added to list: 1462
name added to list: 1463
name added to list: 1464
name added to list: 1465
name added to list: 1466
name added to list: 1467
name added to list: 1468
name added to list: 1469
name added to list: 1470
name added to list: 1471
name added to list: 1472
name added to list: 1473
name added to list: 1474
name added to list: 1475
name added to list: 1476
name added to list: 1477
name added to list: 1478
name added to list: 1479
name added to list: 1480
name added to list: 1481
name added to list: 1482
name added to list: 1483
name added to list: 1484
name added to list: 1485
name added to list: 1486
name added to list: 1487
name added to list: 1488
name added to list: 1489
name added to list: 1490
name added to list: 1491
name added to list: 1492
name added to list: 1493
name added to list: 1494
name added to list: 1495
name added to list: 1496
name added to list: 1497
name added to list: 1498
name added to list: 1499
name added to list: 1500
name added to list: 1501
name added to list: 1502
name added to list: 1503
name added to list: 1504
name added to list: 1505
name added to list: 1506
name added to list: 1507
name added to list: 1508
name added to list: 1509
name added to list: 1510
name added to list: 1511
name added to list: 1512
name added to list: 1513
name added to list: 1514
name added to list: 1515
name added to list: 1516
name added to list: 1517
name added to list: 1518
name added to list: 1519
name added to list: 1520
name added to list: 1521
name added to list: 1522
name added to list: 1523
name added to list: 1524
name added to list: 1525
name added to list: 1526
name added to list: 1527
name added to list: 1528
name added to list: 1529
name added to list: 1530
name added to list: 1531
name added to list: 1532
name added to list: 1533
name added to list: 1534
name added to list: 1535
name added to list: 1536
name added to list: 1537
name added to list: 1538
name added to list: 1539
name added to list: 1540
name added to list: 1541
name added to list: 1542
name added to list: 1543
name added to list: 1544
name added to list: 1545
name added to list: 1546
name added to list: 1547
name added to list: 1548
name added to list: 1549
name added to list: 1550
name added to list: 1551
name added to list: 1552
name added to list: 1553
name added to list: 1554
name added to list: 1555
name added to list: 1556
name added to list: 1557
name added to list: 1558
name added to list: 1559
name added to list: 1560
name added to list: 1561
name added to list: 1562
name added to list: 1563
name added to list: 1564
name added to list: 1565
name added to list: 1566
name added to list: 1567
name added to list: 1568
name added to list: 1569
name added to list: 1570
name added to list: 1571
name added to list: 1572
name added to list: 1573
name added to list: 1574
name added to list: 1575
name added to list: 1576
name added to list: 1577
name added to list: 1578
name added to list: 1579
name added to list: 1580
name added to list: 1581
name added to list: 1582
name added to list: 1583
name added to list: 1584
name added to list: 1585
name added to list: 1586
name added to list: 1587
name added to list: 1588
name added to list: 1589
name added to list: 1590
name added to list: 1591
name added to list: 1592
name added to list: 1593
name added to list: 1594
name added to list: 1595
name added to list: 1596
name added to list: 1597
name added to list: 1598
name added to list: 1599
name added to list: 1600
name added to list: 1601
name added to list: 1602
name added to list: 1603
name added to list: 1604
name added to list: 1605
name added to list: 1606
name added to list: 1607
name added to list: 1608
name added to list: 1609
name added to list: 1610
name added to list: 1611
name added to list: 1612
name added to list: 1613
name added to list: 1614
name added to list: 1615
name added to list: 1616
name added to list: 1617
name added to list: 1618
name added to list: 1619
name added to list: 1620
name added to list: 1621
name added to list: 1622
name added to list: 1623
name added to list: 1624
name added to list: 1625
name added to list: 1626
name added to list: 1627
name added to list: 1628
name added to list: 1629
name added to list: 1630
name added to list: 1631
name added to list: 1632
name added to list: 1633
name added to list: 1634
name added to list: 1635
name added to list: 1636
name added to list: 1637
name added to list: 1638
name added to list: 1639
name added to list: 1640
name added to list: 1641
name added to list: 1642
name added to list: 1643
name added to list: 1644
name added to list: 1645
name added to list: 1646
name added to list: 1647
name added to list: 1648
name added to list: 1649
name added to list: 1650
name added to list: 1651
name added to list: 1652
name added to list: 1653
name added to list: 1654
name added to list: 1655
name added to list: 1656
name added to list: 1657
name added to list: 1658
name added to list: 1659
name added to list: 1660
name added to list: 1661
name added to list: 1662
name added to list: 1663
name added to list: 1664
name added to list: 1665
name added to list: 1666
name added to list: 1667
name added to list: 1668
name added to list: 1669
name added to list: 1670
name added to list: 1671
name added to list: 1672
name added to list: 1673
name added to list: 1674
name added to list: 1675
name added to list: 1676
name added to list: 1677
name added to list: 1678
name added to list: 1679
name added to list: 1680
name added to list: 1681
name added to list: 1682
name added to list: 1683
name added to list: 1684
name added to list: 1685
name added to list: 1686
name added to list: 1687
name added to list: 1688
name added to list: 1689
name added to list: 1690
name added to list: 1691
name added to list: 1692
name added to list: 1693
name added to list: 1694
name added to list: 1695
name added to list: 1696
name added to list: 1697
name added to list: 1698
name added to list: 1699
name added to list: 1700
name added to list: 1701
name added to list: 1702
name added to list: 1703
name added to list: 1704
name added to list: 1705
name added to list: 1706
name added to list: 1707
name added to list: 1708
name added to list: 1709
name added to list: 1710
name added to list: 1711
name added to list: 1712
name added to list: 1713
name added to list: 1714
name added to list: 1715
name added to list: 1716
name added to list: 1717
name added to list: 1718
name added to list: 1719
name added to list: 1720
name added to list: 1721
name added to list: 1722
name added to list: 1723
name added to list: 1724
name added to list: 1725
name added to list: 1726
name added to list: 1727
name added to list: 1728
name added to list: 1729
name added to list: 1730
name added to list: 1731
name added to list: 1732
name added to list: 1733
name added to list: 1734
name added to list: 1735
name added to list: 1736
name added to list: 1737
name added to list: 1738
name added to list: 1739
name added to list: 1740
name added to list: 1741
name added to list: 1742
name added to list: 1743
name added to list: 1744
name added to list: 1745
name added to list: 1746
name added to list: 1747
name added to list: 1748
name added to list: 1749
name added to list: 1750
name added to list: 1751
name added to list: 1752
name added to list: 1753
name added to list: 1754
name added to list: 1755
name added to list: 1756
name added to list: 1757
name added to list: 1758
name added to list: 1759
name added to list: 1760
name added to list: 1761
name added to list: 1762
name added to list: 1763
name added to list: 1764
name added to list: 1765
name added to list: 1766
name added to list: 1767
name added to list: 1768
name added to list: 1769
name added to list: 1770
name added to list: 1771
name added to list: 1772
name added to list: 1773
name added to list: 1774
name added to list: 1775
name added to list: 1776
name added to list: 1777
name added to list: 1778
name added to list: 1779
name added to list: 1780
name added to list: 1781
name added to list: 1782
name added to list: 1783
name added to list: 1784
name added to list: 1785
name added to list: 1786
name added to list: 1787
name added to list: 1788
name added to list: 1789
name added to list: 1790
name added to list: 1791
name added to list: 1792
name added to list: 1793
name added to list: 1794
name added to list: 1795
name added to list: 1796
name added to list: 1797
name added to list: 1798
name added to list: 1799
name added to list: 1800
name added to list: 1801
name added to list: 1802
name added to list: 1803
name added to list: 1804
name added to list: 1805
name added to list: 1806
name added to list: 1807
name added to list: 1808
name added to list: 1809
name added to list: 1810
name added to list: 1811
name added to list: 1812
name added to list: 1813
name added to list: 1814
name added to list: 1815
name added to list: 1816
name added to list: 1817
name added to list: 1818
name added to list: 1819
name added to list: 1820
name added to list: 1821
name added to list: 1822
name added to list: 1823
name added to list: 1824
name added to list: 1825
name added to list: 1826
name added to list: 1827
name added to list: 1828
name added to list: 1829
name added to list: 1830
name added to list: 1831
name added to list: 1832
name added to list: 1833
name added to list: 1834
name added to list: 1835
name added to list: 1836
name added to list: 1837
name added to list: 1838
name added to list: 1839
name added to list: 1840
name added to list: 1841
name added to list: 1842
name added to list: 1843
name added to list: 1844
name added to list: 1845
name added to list: 1846
name added to list: 1847
name added to list: 1848
name added to list: 1849
name added to list: 1850
name added to list: 1851
name added to list: 1852
name added to list: 1853
name added to list: 1854
name added to list: 1855
name added to list: 1856
name added to list: 1857
name added to list: 1858
name added to list: 1859
name added to list: 1860
name added to list: 1861
name added to list: 1862
name added to list: 1863
name added to list: 1864
name added to list: 1865
name added to list: 1866
name added to list: 1867
name added to list: 1868
name added to list: 1869
name added to list: 1870
name added to list: 1871
name added to list: 1872
name added to list: 1873
name added to list: 1874
name added to list: 1875
name added to list: 1876
name added to list: 1877
name added to list: 1878
name added to list: 1879
name added to list: 1880
name added to list: 1881
name added to list: 1882
name added to list: 1883
name added to list: 1884
name added to list: 1885
name added to list: 1886
name added to list: 1887
name added to list: 1888
name added to list: 1889
name added to list: 1890
name added to list: 1891
name added to list: 1892
name added to list: 1893
name added to list: 1894
name added to list: 1895
name added to list: 1896
name added to list: 1897
name added to list: 1898
name added to list: 1899
name added to list: 1900
name added to list: 1901
name added to list: 1902
name added to list: 1903
name added to list: 1904
name added to list: 1905
name added to list: 1906
name added to list: 1907
name added to list: 1908
name added to list: 1909
name added to list: 1910
name added to list: 1911
name added to list: 1912
name added to list: 1913
name added to list: 1914
name added to list: 1915
name added to list: 1916
name added to list: 1917
name added to list: 1918
name added to list: 1919
name added to list: 1920
name added to list: 1921
name added to list: 1922
name added to list: 1923
name added to list: 1924
name added to list: 1925
name added to list: 1926
name added to list: 1927
name added to list: 1928
name added to list: 1929
name added to list: 1930
name added to list: 1931
name added to list: 1932
name added to list: 1933
name added to list: 1934
name added to list: 1935
name added to list: 1936
name added to list: 1937
name added to list: 1938
name added to list: 1939
name added to list: 1940
name added to list: 1941
name added to list: 1942
name added to list: 1943
name added to list: 1944
name added to list: 1945
name added to list: 1946
name added to list: 1947
name added to list: 1948
name added to list: 1949
name added to list: 1950
name added to list: 1951
name added to list: 1952
name added to list: 1953
name added to list: 1954
name added to list: 1955
name added to list: 1956
name added to list: 1957
name added to list: 1958
name added to list: 1959
name added to list: 1960
name added to list: 1961
name added to list: 1962
name added to list: 1963
name added to list: 1964
name added to list: 1965
name added to list: 1966
name added to list: 1967
name added to list: 1968
name added to list: 1969
name added to list: 1970
name added to list: 1971
name added to list: 1972
name added to list: 1973
name added to list: 1974
name added to list: 1975
name added to list: 1976
name added to list: 1977
name added to list: 1978
name added to list: 1979
name added to list: 1980
name added to list: 1981
name added to list: 1982
name added to list: 1983
name added to list: 1984
name added to list: 1985
name added to list: 1986
name added to list: 1987
name added to list: 1988
name added to list: 1989
name added to list: 1990
name added to list: 1991
name added to list: 1992
name added to list: 1993
name added to list: 1994
name added to list: 1995
name added to list: 1996
name added to list: 1997
name added to list: 1998
name added to list: 1999
name added to list: 2000
name added to list: 2001
name added to list: 2002
name added to list: 2003
name added to list: 2004
name added to list: 2005
name added to list: 2006
name added to list: 2007
name added to list: 2008
name added to list: 2009
name added to list: 2010
name added to list: 2011
name added to list: 2012
name added to list: 2013
name added to list: 2014
name added to list: 2015
name added to list: 2016
name added to list: 2017
name added to list: 2018
name added to list: 2019
name added to list: 2020
name added to list: 2021
name added to list: 2022
name added to list: 2023
name added to list: 2024
name added to list: 2025
name added to list: 2026
name added to list: 2027
name added to list: 2028
name added to list: 2029
name added to list: 2030
name added to list: 2031
name added to list: 2032
name added to list: 2033
name added to list: 2034
name added to list: 2035
name added to list: 2036
name added to list: 2037
name added to list: 2038
name added to list: 2039
name added to list: 2040
name added to list: 2041
name added to list: 2042
name added to list: 2043
name added to list: 2044
name added to list: 2045
name added to list: 2046
name added to list: 2047
name added to list: 2048
name added to list: 2049
name added to list: 2050
name added to list: 2051
name added to list: 2052
name added to list: 2053
name added to list: 2054
name added to list: 2055
name added to list: 2056
name added to list: 2057
name added to list: 2058
name added to list: 2059
name added to list: 2060
name added to list: 2061
name added to list: 2062
name added to list: 2063
name added to list: 2064
name added to list: 2065
name added to list: 2066
name added to list: 2067
name added to list: 2068
name added to list: 2069
name added to list: 2070
name added to list: 2071
name added to list: 2072
name added to list: 2073
name added to list: 2074
name added to list: 2075
name added to list: 2076
name added to list: 2077
name added to list: 2078
name added to list: 2079
name added to list: 2080
name added to list: 2081
name added to list: 2082
name added to list: 2083
name added to list: 2084
name added to list: 2085
name added to list: 2086
name added to list: 2087
name added to list: 2088
name added to list: 2089
name added to list: 2090
name added to list: 2091
name added to list: 2092
name added to list: 2093
name added to list: 2094
name added to list: 2095
name added to list: 2096
name added to list: 2097
name added to list: 2098
name added to list: 2099
name added to list: 2100
name added to list: 2101
name added to list: 2102
name added to list: 2103
name added to list: 2104
name added to list: 2105
name added to list: 2106
name added to list: 2107
name added to list: 2108
name added to list: 2109
name added to list: 2110
name added to list: 2111
name added to list: 2112
name added to list: 2113
name added to list: 2114
name added to list: 2115
name added to list: 2116
name added to list: 2117
name added to list: 2118
name added to list: 2119
name added to list: 2120
name added to list: 2121
name added to list: 2122
name added to list: 2123
name added to list: 2124
name added to list: 2125
name added to list: 2126
name added to list: 2127
name added to list: 2128
name added to list: 2129
name added to list: 2130
name added to list: 2131
name added to list: 2132
name added to list: 2133
name added to list: 2134
name added to list: 2135
name added to list: 2136
name added to list: 2137
name added to list: 2138
name added to list: 2139
name added to list: 2140
name added to list: 2141
name added to list: 2142
name added to list: 2143
name added to list: 2144
name added to list: 2145
name added to list: 2146
name added to list: 2147
name added to list: 2148
name added to list: 2149
name added to list: 2150
name added to list: 2151
name added to list: 2152
name added to list: 2153
name added to list: 2154
name added to list: 2155
name added to list: 2156
name added to list: 2157
name added to list: 2158
name added to list: 2159
name added to list: 2160
name added to list: 2161
name added to list: 2162
name added to list: 2163
name added to list: 2164
name added to list: 2165
name added to list: 2166
name added to list: 2167
name added to list: 2168
name added to list: 2169
name added to list: 2170
name added to list: 2171
name added to list: 2172
name added to list: 2173
name added to list: 2174
name added to list: 2175
name added to list: 2176
name added to list: 2177
name added to list: 2178
name added to list: 2179
name added to list: 2180
name added to list: 2181
name added to list: 2182
name added to list: 2183
name added to list: 2184
name added to list: 2185
name added to list: 2186
name added to list: 2187
name added to list: 2188
name added to list: 2189
name added to list: 2190
name added to list: 2191
name added to list: 2192
name added to list: 2193
name added to list: 2194
name added to list: 2195
name added to list: 2196
name added to list: 2197
name added to list: 2198
name added to list: 2199
name added to list: 2200
name added to list: 2201
name added to list: 2202
name added to list: 2203
name added to list: 2204
name added to list: 2205
name added to list: 2206
name added to list: 2207
name added to list: 2208
name added to list: 2209
name added to list: 2210
name added to list: 2211
name added to list: 2212
name added to list: 2213
name added to list: 2214
name added to list: 2215
name added to list: 2216
name added to list: 2217
name added to list: 2218
name added to list: 2219
name added to list: 2220
name added to list: 2221
name added to list: 2222
name added to list: 2223
name added to list: 2224
name added to list: 2225
name added to list: 2226
name added to list: 2227
name added to list: 2228
name added to list: 2229
name added to list: 2230
name added to list: 2231
name added to list: 2232
name added to list: 2233
name added to list: 2234
name added to list: 2235
name added to list: 2236
name added to list: 2237
name added to list: 2238
name added to list: 2239
name added to list: 2240
name added to list: 2241
name added to list: 2242
name added to list: 2243
name added to list: 2244
name added to list: 2245
name added to list: 2246
name added to list: 2247
name added to list: 2248
name added to list: 2249
name added to list: 2250
name added to list: 2251
name added to list: 2252
name added to list: 2253
name added to list: 2254
name added to list: 2255
name added to list: 2256
name added to list: 2257
name added to list: 2258
name added to list: 2259
name added to list: 2260
name added to list: 2261
name added to list: 2262
name added to list: 2263
name added to list: 2264
name added to list: 2265
name added to list: 2266
name added to list: 2267
name added to list: 2268
name added to list: 2269
name added to list: 2270
name added to list: 2271
name added to list: 2272
name added to list: 2273
name added to list: 2274
name added to list: 2275
name added to list: 2276
name added to list: 2277
name added to list: 2278
name added to list: 2279
name added to list: 2280
name added to list: 2281
name added to list: 2282
name added to list: 2283
name added to list: 2284
name added to list: 2285
name added to list: 2286
name added to list: 2287
name added to list: 2288
name added to list: 2289
name added to list: 2290
name added to list: 2291
name added to list: 2292
name added to list: 2293
name added to list: 2294
name added to list: 2295
name added to list: 2296
name added to list: 2297
name added to list: 2298
name added to list: 2299
name added to list: 2300
name added to list: 2301
name added to list: 2302
name added to list: 2303
name added to list: 2304
name added to list: 2305
name added to list: 2306
name added to list: 2307
name added to list: 2308
name added to list: 2309
name added to list: 2310
name added to list: 2311
name added to list: 2312
name added to list: 2313
name added to list: 2314
name added to list: 2315
name added to list: 2316
name added to list: 2317
name added to list: 2318
name added to list: 2319
name added to list: 2320
name added to list: 2321
name added to list: 2322
name added to list: 2323
name added to list: 2324
name added to list: 2325
name added to list: 2326
name added to list: 2327
name added to list: 2328
name added to list: 2329
name added to list: 2330
name added to list: 2331
name added to list: 2332
name added to list: 2333
name added to list: 2334
name added to list: 2335
name added to list: 2336
name added to list: 2337
name added to list: 2338
name added to list: 2339
name added to list: 2340
name added to list: 2341
name added to list: 2342
name added to list: 2343
name added to list: 2344
name added to list: 2345
name added to list: 2346
name added to list: 2347
name added to list: 2348
name added to list: 2349
name added to list: 2350
name added to list: 2351
name added to list: 2352
name added to list: 2353
name added to list: 2354
name added to list: 2355
name added to list: 2356
name added to list: 2357
name added to list: 2358
name added to list: 2359
name added to list: 2360
name added to list: 2361
name added to list: 2362
name added to list: 2363
name added to list: 2364
name added to list: 2365
name added to list: 2366
name added to list: 2367
name added to list: 2368
name added to list: 2369
name added to list: 2370
name added to list: 2371
name added to list: 2372
name added to list: 2373
name added to list: 2374
name added to list: 2375
name added to list: 2376
name added to list: 2377
name added to list: 2378
name added to list: 2379
name added to list: 2380
name added to list: 2381
name added to list: 2382
name added to list: 2383
name added to list: 2384
name added to list: 2385
name added to list: 2386
name added to list: 2387
name added to list: 2388
name added to list: 2389
name added to list: 2390
name added to list: 2391
name added to list: 2392
name added to list: 2393
name added to list: 2394
name added to list: 2395
name added to list: 2396
name added to list: 2397
name added to list: 2398
name added to list: 2399
name added to list: 2400
name added to list: 2401
name added to list: 2402
name added to list: 2403
name added to list: 2404
name added to list: 2405
name added to list: 2406
name added to list: 2407
name added to list: 2408
name added to list: 2409
name added to list: 2410
name added to list: 2411
name added to list: 2412
name added to list: 2413
name added to list: 2414
name added to list: 2415
name added to list: 2416
name added to list: 2417
name added to list: 2418
name added to list: 2419
name added to list: 2420
name added to list: 2421
name added to list: 2422
name added to list: 2423
name added to list: 2424
name added to list: 2425
name added to list: 2426
name added to list: 2427
name added to list: 2428
name added to list: 2429
name added to list: 2430
name added to list: 2431
name added to list: 2432
name added to list: 2433
name added to list: 2434
name added to list: 2435
name added to list: 2436
name added to list: 2437
name added to list: 2438
name added to list: 2439
name added to list: 2440
name added to list: 2441
name added to list: 2442
name added to list: 2443
name added to list: 2444
name added to list: 2445
name added to list: 2446
name added to list: 2447
name added to list: 2448
name added to list: 2449
name added to list: 2450
name added to list: 2451
name added to list: 2452
name added to list: 2453
name added to list: 2454
name added to list: 2455
name added to list: 2456
name added to list: 2457
name added to list: 2458
name added to list: 2459
name added to list: 2460
name added to list: 2461
name added to list: 2462
name added to list: 2463
name added to list: 2464
name added to list: 2465
name added to list: 2466
name added to list: 2467
name added to list: 2468
name added to list: 2469
name added to list: 2470
name added to list: 2471
name added to list: 2472
name added to list: 2473
name added to list: 2474
name added to list: 2475
name added to list: 2476
name added to list: 2477
name added to list: 2478
name added to list: 2479
name added to list: 2480
name added to list: 2481
name added to list: 2482
name added to list: 2483
name added to list: 2484
name added to list: 2485
name added to list: 2486
name added to list: 2487
name added to list: 2488
name added to list: 2489
name added to list: 2490
name added to list: 2491
name added to list: 2492
name added to list: 2493
name added to list: 2494
name added to list: 2495
name added to list: 2496
name added to list: 2497
name added to list: 2498
name added to list: 2499
name added to list: 2500
name added to list: 2501
name added to list: 2502
name added to list: 2503
name added to list: 2504
name added to list: 2505
name added to list: 2506
name added to list: 2507
name added to list: 2508
name added to list: 2509
name added to list: 2510
name added to list: 2511
name added to list: 2512
name added to list: 2513
name added to list: 2514
name added to list: 2515
name added to list: 2516
name added to list: 2517
name added to list: 2518
name added to list: 2519
name added to list: 2520
name added to list: 2521
name added to list: 2522
name added to list: 2523
name added to list: 2524
name added to list: 2525
name added to list: 2526
name added to list: 2527
name added to list: 2528
name added to list: 2529
name added to list: 2530
name added to list: 2531
name added to list: 2532
name added to list: 2533
name added to list: 2534
name added to list: 2535
name added to list: 2536
name added to list: 2537
name added to list: 2538
name added to list: 2539
name added to list: 2540
name added to list: 2541
name added to list: 2542
name added to list: 2543
name added to list: 2544
name added to list: 2545
name added to list: 2546
name added to list: 2547
name added to list: 2548
name added to list: 2549
name added to list: 2550
name added to list: 2551
name added to list: 2552
name added to list: 2553
name added to list: 2554
name added to list: 2555
name added to list: 2556
name added to list: 2557
name added to list: 2558
name added to list: 2559
name added to list: 2560
name added to list: 2561
name added to list: 2562
name added to list: 2563
name added to list: 2564
name added to list: 2565
name added to list: 2566
name added to list: 2567
name added to list: 2568
name added to list: 2569
name added to list: 2570
name added to list: 2571
name added to list: 2572
name added to list: 2573
name added to list: 2574
name added to list: 2575
name added to list: 2576
name added to list: 2577
name added to list: 2578
name added to list: 2579
name added to list: 2580
name added to list: 2581
name added to list: 2582
name added to list: 2583
name added to list: 2584
name added to list: 2585
name added to list: 2586
name added to list: 2587
name added to list: 2588
name added to list: 2589
name added to list: 2590
name added to list: 2591
name added to list: 2592
name added to list: 2593
name added to list: 2594
name added to list: 2595
name added to list: 2596
name added to list: 2597
name added to list: 2598
name added to list: 2599
name added to list: 2600
name added to list: 2601
name added to list: 2602
name added to list: 2603
name added to list: 2604
name added to list: 2605
name added to list: 2606
name added to list: 2607
name added to list: 2608
name added to list: 2609
name added to list: 2610
name added to list: 2611
name added to list: 2612
name added to list: 2613
name added to list: 2614
name added to list: 2615
name added to list: 2616
name added to list: 2617
name added to list: 2618
name added to list: 2619
name added to list: 2620
name added to list: 2621
name added to list: 2622
name added to list: 2623
name added to list: 2624
name added to list: 2625
name added to list: 2626
name added to list: 2627
name added to list: 2628
name added to list: 2629
name added to list: 2630
name added to list: 2631
name added to list: 2632
name added to list: 2633
name added to list: 2634
name added to list: 2635
name added to list: 2636
name added to list: 2637
name added to list: 2638
name added to list: 2639
name added to list: 2640
name added to list: 2641
name added to list: 2642
name added to list: 2643
name added to list: 2644
name added to list: 2645
name added to list: 2646
name added to list: 2647
name added to list: 2648
name added to list: 2649
name added to list: 2650
name added to list: 2651
name added to list: 2652
name added to list: 2653
name added to list: 2654
name added to list: 2655
name added to list: 2656
name added to list: 2657
name added to list: 2658
name added to list: 2659
name added to list: 2660
name added to list: 2661
name added to list: 2662
name added to list: 2663
name added to list: 2664
name added to list: 2665
name added to list: 2666
name added to list: 2667
name added to list: 2668
name added to list: 2669
name added to list: 2670
name added to list: 2671
name added to list: 2672
name added to list: 2673
name added to list: 2674
name added to list: 2675
name added to list: 2676
name added to list: 2677
name added to list: 2678
name added to list: 2679
name added to list: 2680
name added to list: 2681
name added to list: 2682
name added to list: 2683
name added to list: 2684
name added to list: 2685
name added to list: 2686
name added to list: 2687
name added to list: 2688
name added to list: 2689
name added to list: 2690
name added to list: 2691
name added to list: 2692
name added to list: 2693
name added to list: 2694
name added to list: 2695
name added to list: 2696
name added to list: 2697
name added to list: 2698
name added to list: 2699
name added to list: 2700
name added to list: 2701
name added to list: 2702
name added to list: 2703
name added to list: 2704
name added to list: 2705
name added to list: 2706
name added to list: 2707
name added to list: 2708
name added to list: 2709
name added to list: 2710
name added to list: 2711
name added to list: 2712
name added to list: 2713
name added to list: 2714
name added to list: 2715
name added to list: 2716
name added to list: 2717
name added to list: 2718
name added to list: 2719
name added to list: 2720
name added to list: 2721
name added to list: 2722
name added to list: 2723
name added to list: 2724
name added to list: 2725
name added to list: 2726
name added to list: 2727
name added to list: 2728
name added to list: 2729
name added to list: 2730
name added to list: 2731
name added to list: 2732
name added to list: 2733
name added to list: 2734
name added to list: 2735
name added to list: 2736
name added to list: 2737
name added to list: 2738
name added to list: 2739
name added to list: 2740
name added to list: 2741
name added to list: 2742
name added to list: 2743
name added to list: 2744
name added to list: 2745
name added to list: 2746
name added to list: 2747
name added to list: 2748
name added to list: 2749
name added to list: 2750
name added to list: 2751
name added to list: 2752
name added to list: 2753
name added to list: 2754
name added to list: 2755
name added to list: 2756
name added to list: 2757
name added to list: 2758
name added to list: 2759
name added to list: 2760
name added to list: 2761
name added to list: 2762
name added to list: 2763
name added to list: 2764
name added to list: 2765
name added to list: 2766
name added to list: 2767
name added to list: 2768
name added to list: 2769
name added to list: 2770
name added to list: 2771
name added to list: 2772
name added to list: 2773
name added to list: 2774
name added to list: 2775
name added to list: 2776
name added to list: 2777
name added to list: 2778
name added to list: 2779
name added to list: 2780
name added to list: 2781
name added to list: 2782
name added to list: 2783
name added to list: 2784
name added to list: 2785
name added to list: 2786
name added to list: 2787
name added to list: 2788
name added to list: 2789
name added to list: 2790
name added to list: 2791
name added to list: 2792
name added to list: 2793
name added to list: 2794
name added to list: 2795
name added to list: 2796
name added to list: 2797
name added to list: 2798
name added to list: 2799
name added to list: 2800
name added to list: 2801
name added to list: 2802
name added to list: 2803
name added to list: 2804
name added to list: 2805
name added to list: 2806
name added to list: 2807
name added to list: 2808
name added to list: 2809
name added to list: 2810
name added to list: 2811
name added to list: 2812
name added to list: 2813
name added to list: 2814
name added to list: 2815
name added to list: 2816
name added to list: 2817
name added to list: 2818
name added to list: 2819
name added to list: 2820
name added to list: 2821
name added to list: 2822
name added to list: 2823
name added to list: 2824
name added to list: 2825
name added to list: 2826
name added to list: 2827
name added to list: 2828
name added to list: 2829
name added to list: 2830
name added to list: 2831
name added to list: 2832
name added to list: 2833
name added to list: 2834
name added to list: 2835
name added to list: 2836
name added to list: 2837
name added to list: 2838
name added to list: 2839
name added to list: 2840
name added to list: 2841
name added to list: 2842
name added to list: 2843
name added to list: 2844
name added to list: 2845
name added to list: 2846
name added to list: 2847
name added to list: 2848
name added to list: 2849
name added to list: 2850
name added to list: 2851
name added to list: 2852
name added to list: 2853
name added to list: 2854
name added to list: 2855
name added to list: 2856
name added to list: 2857
name added to list: 2858
name added to list: 2859
name added to list: 2860
name added to list: 2861
name added to list: 2862
name added to list: 2863
name added to list: 2864
name added to list: 2865
name added to list: 2866
name added to list: 2867
name added to list: 2868
name added to list: 2869
name added to list: 2870
name added to list: 2871
name added to list: 2872
name added to list: 2873
name added to list: 2874
name added to list: 2875
name added to list: 2876
name added to list: 2877
name added to list: 2878
name added to list: 2879
name added to list: 2880
name added to list: 2881
name added to list: 2882
name added to list: 2883
name added to list: 2884
name added to list: 2885
name added to list: 2886
name added to list: 2887
name added to list: 2888
name added to list: 2889
name added to list: 2890
name added to list: 2891
name added to list: 2892
name added to list: 2893
name added to list: 2894
name added to list: 2895
name added to list: 2896
name added to list: 2897
name added to list: 2898
name added to list: 2899
name added to list: 2900
name added to list: 2901
name added to list: 2902
name added to list: 2903
name added to list: 2904
name added to list: 2905
name added to list: 2906
name added to list: 2907
name added to list: 2908
name added to list: 2909
name added to list: 2910
name added to list: 2911
name added to list: 2912
name added to list: 2913
name added to list: 2914
name added to list: 2915
name added to list: 2916
name added to list: 2917
name added to list: 2918
name added to list: 2919
name added to list: 2920
name added to list: 2921
name added to list: 2922
name added to list: 2923
name added to list: 2924
name added to list: 2925
name added to list: 2926
name added to list: 2927
name added to list: 2928
name added to list: 2929
name added to list: 2930
name added to list: 2931
name added to list: 2932
name added to list: 2933
name added to list: 2934
name added to list: 2935
name added to list: 2936
name added to list: 2937
name added to list: 2938
name added to list: 2939
name added to list: 2940
name added to list: 2941
name added to list: 2942
name added to list: 2943
name added to list: 2944
name added to list: 2945
name added to list: 2946
name added to list: 2947
name added to list: 2948
name added to list: 2949
name added to list: 2950
name added to list: 2951
name added to list: 2952
name added to list: 2953
name added to list: 2954
name added to list: 2955
name added to list: 2956
name added to list: 2957
name added to list: 2958
name added to list: 2959
name added to list: 2960
name added to list: 2961
name added to list: 2962
name added to list: 2963
name added to list: 2964
name added to list: 2965
name added to list: 2966
name added to list: 2967
name added to list: 2968
name added to list: 2969
name added to list: 2970
name added to list: 2971
name added to list: 2972
name added to list: 2973
name added to list: 2974
name added to list: 2975
name added to list: 2976
name added to list: 2977
name added to list: 2978
name added to list: 2979
name added to list: 2980
name added to list: 2981
name added to list: 2982
name added to list: 2983
name added to list: 2984
name added to list: 2985
name added to list: 2986
name added to list: 2987
name added to list: 2988
name added to list: 2989
name added to list: 2990
name added to list: 2991
name added to list: 2992
name added to list: 2993
name added to list: 2994
name added to list: 2995
name added to list: 2996
name added to list: 2997
name added to list: 2998
name added to list: 2999
name added to list: 3000
name added to list: 3001
name added to list: 3002
name added to list: 3003
name added to list: 3004
name added to list: 3005
name added to list: 3006
name added to list: 3007
name added to list: 3008
name added to list: 3009
name added to list: 3010
name added to list: 3011
name added to list: 3012
name added to list: 3013
name added to list: 3014
name added to list: 3015
name added to list: 3016
name added to list: 3017
name added to list: 3018
name added to list: 3019
name added to list: 3020
name added to list: 3021
name added to list: 3022
name added to list: 3023
name added to list: 3024
name added to list: 3025
name added to list: 3026
name added to list: 3027
name added to list: 3028
name added to list: 3029
name added to list: 3030
name added to list: 3031
name added to list: 3032
name added to list: 3033
name added to list: 3034
name added to list: 3035
name added to list: 3036
name added to list: 3037
name added to list: 3038
name added to list: 3039
name added to list: 3040
name added to list: 3041
name added to list: 3042
name added to list: 3043
name added to list: 3044
name added to list: 3045
name added to list: 3046
name added to list: 3047
name added to list: 3048
name added to list: 3049
name added to list: 3050
name added to list: 3051
name added to list: 3052
name added to list: 3053
name added to list: 3054
name added to list: 3055
name added to list: 3056
name added to list: 3057
name added to list: 3058
name added to list: 3059
name added to list: 3060
name added to list: 3061
name added to list: 3062
name added to list: 3063
name added to list: 3064
name added to list: 3065
name added to list: 3066
name added to list: 3067
name added to list: 3068
name added to list: 3069
name added to list: 3070
name added to list: 3071
name added to list: 3072
name added to list: 3073
name added to list: 3074
name added to list: 3075
name added to list: 3076
name added to list: 3077
name added to list: 3078
name added to list: 3079
name added to list: 3080
name added to list: 3081
name added to list: 3082
name added to list: 3083
name added to list: 3084
name added to list: 3085
name added to list: 3086
name added to list: 3087
name added to list: 3088
name added to list: 3089
name added to list: 3090
name added to list: 3091
name added to list: 3092
name added to list: 3093
name added to list: 3094
name added to list: 3095
name added to list: 3096
name added to list: 3097
name added to list: 3098
name added to list: 3099
name added to list: 3100
name added to list: 3101
name added to list: 3102
name added to list: 3103
name added to list: 3104
name added to list: 3105
name added to list: 3106
name added to list: 3107
name added to list: 3108
name added to list: 3109
name added to list: 3110
name added to list: 3111
name added to list: 3112
name added to list: 3113
name added to list: 3114
name added to list: 3115
name added to list: 3116
name added to list: 3117
name added to list: 3118
name added to list: 3119
name added to list: 3120
name added to list: 3121
name added to list: 3122
name added to list: 3123
name added to list: 3124
name added to list: 3125
name added to list: 3126
name added to list: 3127
name added to list: 3128
name added to list: 3129
name added to list: 3130
name added to list: 3131
name added to list: 3132
name added to list: 3133
name added to list: 3134
name added to list: 3135
name added to list: 3136
name added to list: 3137
name added to list: 3138
name added to list: 3139
name added to list: 3140
name added to list: 3141
name added to list: 3142
name added to list: 3143
name added to list: 3144
name added to list: 3145
name added to list: 3146
name added to list: 3147
name added to list: 3148
name added to list: 3149
name added to list: 3150
name added to list: 3151
name added to list: 3152
name added to list: 3153
name added to list: 3154
name added to list: 3155
name added to list: 3156
name added to list: 3157
name added to list: 3158
name added to list: 3159
name added to list: 3160
name added to list: 3161
name added to list: 3162
name added to list: 3163
name added to list: 3164
name added to list: 3165
name added to list: 3166
name added to list: 3167
name added to list: 3168
name added to list: 3169
name added to list: 3170
name added to list: 3171
name added to list: 3172
name added to list: 3173
name added to list: 3174
name added to list: 3175
name added to list: 3176
name added to list: 3177
name added to list: 3178
name added to list: 3179
name added to list: 3180
name added to list: 3181
name added to list: 3182
name added to list: 3183
name added to list: 3184
name added to list: 3185
name added to list: 3186
name added to list: 3187
name added to list: 3188
name added to list: 3189
name added to list: 3190
name added to list: 3191
name added to list: 3192
name added to list: 3193
name added to list: 3194
name added to list: 3195
name added to list: 3196
name added to list: 3197
name added to list: 3198
name added to list: 3199
name added to list: 3200
name added to list: 3201
name added to list: 3202
name added to list: 3203
name added to list: 3204
name added to list: 3205
name added to list: 3206
name added to list: 3207
name added to list: 3208
name added to list: 3209
name added to list: 3210
name added to list: 3211
name added to list: 3212
name added to list: 3213
name added to list: 3214
name added to list: 3215
name added to list: 3216
name added to list: 3217
name added to list: 3218
name added to list: 3219
name added to list: 3220
name added to list: 3221
name added to list: 3222
name added to list: 3223
name added to list: 3224
name added to list: 3225
name added to list: 3226
name added to list: 3227
name added to list: 3228
name added to list: 3229
name added to list: 3230
name added to list: 3231
name added to list: 3232
name added to list: 3233
name added to list: 3234
name added to list: 3235
name added to list: 3236
name added to list: 3237
name added to list: 3238
name added to list: 3239
name added to list: 3240
name added to list: 3241
name added to list: 3242
name added to list: 3243
name added to list: 3244
name added to list: 3245
name added to list: 3246
name added to list: 3247
name added to list: 3248
name added to list: 3249
name added to list: 3250
name added to list: 3251
name added to list: 3252
name added to list: 3253
name added to list: 3254
name added to list: 3255
name added to list: 3256
name added to list: 3257
name added to list: 3258
name added to list: 3259
name added to list: 3260
name added to list: 3261
name added to list: 3262
name added to list: 3263
name added to list: 3264
name added to list: 3265
name added to list: 3266
name added to list: 3267
name added to list: 3268
name added to list: 3269
name added to list: 3270
name added to list: 3271
name added to list: 3272
name added to list: 3273
name added to list: 3274
name added to list: 3275
name added to list: 3276
name added to list: 3277
name added to list: 3278
name added to list: 3279
name added to list: 3280
name added to list: 3281
name added to list: 3282
name added to list: 3283
name added to list: 3284
name added to list: 3285
name added to list: 3286
name added to list: 3287
name added to list: 3288
name added to list: 3289
name added to list: 3290
name added to list: 3291
name added to list: 3292
name added to list: 3293
name added to list: 3294
name added to list: 3295
name added to list: 3296
name added to list: 3297
name added to list: 3298
name added to list: 3299
name added to list: 3300
name added to list: 3301
name added to list: 3302
name added to list: 3303
name added to list: 3304
name added to list: 3305
name added to list: 3306
name added to list: 3307
name added to list: 3308
name added to list: 3309
name added to list: 3310
name added to list: 3311
name added to list: 3312
name added to list: 3313
name added to list: 3314
name added to list: 3315
name added to list: 3316
name added to list: 3317
name added to list: 3318
name added to list: 3319
name added to list: 3320
name added to list: 3321
name added to list: 3322
name added to list: 3323
name added to list: 3324
name added to list: 3325
name added to list: 3326
name added to list: 3327
name added to list: 3328
name added to list: 3329
name added to list: 3330
name added to list: 3331
name added to list: 3332
name added to list: 3333
name added to list: 3334
name added to list: 3335
name added to list: 3336
name added to list: 3337
name added to list: 3338
name added to list: 3339
name added to list: 3340
name added to list: 3341
name added to list: 3342
name added to list: 3343
name added to list: 3344
name added to list: 3345
name added to list: 3346
name added to list: 3347
name added to list: 3348
name added to list: 3349
name added to list: 3350
name added to list: 3351
name added to list: 3352
name added to list: 3353
name added to list: 3354
name added to list: 3355
name added to list: 3356
name added to list: 3357
name added to list: 3358
name added to list: 3359
name added to list: 3360
name added to list: 3361
name added to list: 3362
name added to list: 3363
name added to list: 3364
name added to list: 3365
name added to list: 3366
name added to list: 3367
name added to list: 3368
name added to list: 3369
name added to list: 3370
name added to list: 3371
name added to list: 3372
name added to list: 3373
name added to list: 3374
name added to list: 3375
name added to list: 3376
name added to list: 3377
name added to list: 3378
name added to list: 3379
name added to list: 3380
name added to list: 3381
name added to list: 3382
name added to list: 3383
name added to list: 3384
name added to list: 3385
name added to list: 3386
name added to list: 3387
name added to list: 3388
name added to list: 3389
name added to list: 3390
name added to list: 3391
name added to list: 3392
name added to list: 3393
name added to list: 3394
name added to list: 3395
name added to list: 3396
name added to list: 3397
name added to list: 3398
name added to list: 3399
name added to list: 3400
name added to list: 3401
name added to list: 3402
name added to list: 3403
name added to list: 3404
name added to list: 3405
name added to list: 3406
name added to list: 3407
name added to list: 3408
name added to list: 3409
name added to list: 3410
name added to list: 3411
name added to list: 3412
name added to list: 3413
name added to list: 3414
name added to list: 3415
name added to list: 3416
name added to list: 3417
name added to list: 3418
name added to list: 3419
name added to list: 3420
name added to list: 3421
name added to list: 3422
name added to list: 3423
name added to list: 3424
name added to list: 3425
name added to list: 3426
name added to list: 3427
name added to list: 3428
name added to list: 3429
name added to list: 3430
name added to list: 3431
name added to list: 3432
name added to list: 3433
name added to list: 3434
name added to list: 3435
name added to list: 3436
name added to list: 3437
name added to list: 3438
name added to list: 3439
name added to list: 3440
name added to list: 3441
name added to list: 3442
name added to list: 3443
name added to list: 3444
name added to list: 3445
name added to list: 3446
name added to list: 3447
name added to list: 3448
name added to list: 3449
name added to list: 3450
name added to list: 3451
name added to list: 3452
name added to list: 3453
name added to list: 3454
name added to list: 3455
name added to list: 3456
name added to list: 3457
name added to list: 3458
name added to list: 3459
name added to list: 3460
name added to list: 3461
name added to list: 3462
name added to list: 3463
name added to list: 3464
name added to list: 3465
name added to list: 3466
name added to list: 3467
name added to list: 3468
name added to list: 3469
name added to list: 3470
name added to list: 3471
name added to list: 3472
name added to list: 3473
name added to list: 3474
name added to list: 3475
name added to list: 3476
name added to list: 3477
name added to list: 3478
name added to list: 3479
name added to list: 3480
name added to list: 3481
name added to list: 3482
name added to list: 3483
name added to list: 3484
name added to list: 3485
name added to list: 3486
name added to list: 3487
name added to list: 3488
name added to list: 3489
name added to list: 3490
name added to list: 3491
name added to list: 3492
name added to list: 3493
name added to list: 3494
name added to list: 3495
name added to list: 3496
name added to list: 3497
name added to list: 3498
name added to list: 3499
name added to list: 3500
name added to list: 3501
name added to list: 3502
name added to list: 3503
name added to list: 3504
name added to list: 3505
name added to list: 3506
name added to list: 3507
name added to list: 3508
name added to list: 3509
name added to list: 3510
name added to list: 3511
name added to list: 3512
name added to list: 3513
name added to list: 3514
name added to list: 3515
name added to list: 3516
name added to list: 3517
name added to list: 3518
name added to list: 3519
name added to list: 3520
name added to list: 3521
name added to list: 3522
name added to list: 3523
name added to list: 3524
name added to list: 3525
name added to list: 3526
name added to list: 3527
name added to list: 3528
name added to list: 3529
name added to list: 3530
name added to list: 3531
name added to list: 3532
name added to list: 3533
name added to list: 3534
name added to list: 3535
name added to list: 3536
name added to list: 3537
name added to list: 3538
name added to list: 3539
name added to list: 3540
name added to list: 3541
name added to list: 3542
name added to list: 3543
name added to list: 3544
name added to list: 3545
name added to list: 3546
name added to list: 3547
name added to list: 3548
name added to list: 3549
name added to list: 3550
name added to list: 3551
name added to list: 3552
name added to list: 3553
name added to list: 3554
name added to list: 3555
name added to list: 3556
name added to list: 3557
name added to list: 3558
name added to list: 3559
name added to list: 3560
name added to list: 3561
name added to list: 3562
name added to list: 3563
name added to list: 3564
name added to list: 3565
name added to list: 3566
name added to list: 3567
name added to list: 3568
name added to list: 3569
name added to list: 3570
name added to list: 3571
name added to list: 3572
name added to list: 3573
name added to list: 3574
name added to list: 3575
name added to list: 3576
name added to list: 3577
name added to list: 3578
name added to list: 3579
name added to list: 3580
name added to list: 3581
name added to list: 3582
name added to list: 3583
name added to list: 3584
name added to list: 3585
name added to list: 3586
name added to list: 3587
name added to list: 3588
name added to list: 3589
name added to list: 3590
name added to list: 3591
name added to list: 3592
name added to list: 3593
name added to list: 3594
name added to list: 3595
name added to list: 3596
name added to list: 3597
name added to list: 3598
name added to list: 3599
name added to list: 3600
name added to list: 3601
name added to list: 3602
name added to list: 3603
name added to list: 3604
name added to list: 3605
name added to list: 3606
name added to list: 3607
name added to list: 3608
name added to list: 3609
name added to list: 3610
name added to list: 3611
name added to list: 3612
name added to list: 3613
name added to list: 3614
name added to list: 3615
name added to list: 3616
name added to list: 3617
name added to list: 3618
name added to list: 3619
name added to list: 3620
name added to list: 3621
name added to list: 3622
name added to list: 3623
name added to list: 3624
name added to list: 3625
name added to list: 3626
name added to list: 3627
name added to list: 3628
name added to list: 3629
name added to list: 3630
name added to list: 3631
name added to list: 3632
name added to list: 3633
name added to list: 3634
name added to list: 3635
name added to list: 3636
name added to list: 3637
name added to list: 3638
name added to list: 3639
name added to list: 3640
name added to list: 3641
name added to list: 3642
name added to list: 3643
name added to list: 3644
name added to list: 3645
name added to list: 3646
name added to list: 3647
name added to list: 3648
name added to list: 3649
name added to list: 3650
name added to list: 3651
name added to list: 3652
name added to list: 3653
name added to list: 3654
name added to list: 3655
name added to list: 3656
name added to list: 3657
name added to list: 3658
name added to list: 3659
name added to list: 3660
name added to list: 3661
name added to list: 3662
name added to list: 3663
name added to list: 3664
name added to list: 3665
name added to list: 3666
name added to list: 3667
name added to list: 3668
name added to list: 3669
name added to list: 3670
name added to list: 3671
name added to list: 3672
name added to list: 3673
name added to list: 3674
name added to list: 3675
name added to list: 3676
name added to list: 3677
name added to list: 3678
name added to list: 3679
name added to list: 3680
name added to list: 3681
name added to list: 3682
name added to list: 3683
name added to list: 3684
name added to list: 3685
name added to list: 3686
name added to list: 3687
name added to list: 3688
name added to list: 3689
name added to list: 3690
name added to list: 3691
name added to list: 3692
name added to list: 3693
name added to list: 3694
name added to list: 3695
name added to list: 3696
name added to list: 3697
name added to list: 3698
name added to list: 3699
name added to list: 3700
name added to list: 3701
name added to list: 3702
name added to list: 3703
name added to list: 3704
name added to list: 3705
name added to list: 3706
name added to list: 3707
name added to list: 3708
name added to list: 3709
name added to list: 3710
name added to list: 3711
name added to list: 3712
name added to list: 3713
name added to list: 3714
name added to list: 3715
name added to list: 3716
name added to list: 3717
name added to list: 3718
name added to list: 3719
name added to list: 3720
name added to list: 3721
name added to list: 3722
name added to list: 3723
name added to list: 3724
name added to list: 3725
name added to list: 3726
name added to list: 3727
name added to list: 3728
name added to list: 3729
name added to list: 3730
name added to list: 3731
name added to list: 3732
name added to list: 3733
name added to list: 3734
name added to list: 3735
name added to list: 3736
name added to list: 3737
name added to list: 3738
name added to list: 3739
name added to list: 3740
name added to list: 3741
name added to list: 3742
name added to list: 3743
name added to list: 3744
name added to list: 3745
name added to list: 3746
name added to list: 3747
name added to list: 3748
name added to list: 3749
name added to list: 3750
name added to list: 3751
name added to list: 3752
name added to list: 3753
name added to list: 3754
name added to list: 3755
name added to list: 3756
name added to list: 3757
name added to list: 3758
name added to list: 3759
name added to list: 3760
name added to list: 3761
name added to list: 3762
name added to list: 3763
name added to list: 3764
name added to list: 3765
name added to list: 3766
name added to list: 3767
name added to list: 3768
name added to list: 3769
name added to list: 3770
name added to list: 3771
name added to list: 3772
name added to list: 3773
name added to list: 3774
name added to list: 3775
name added to list: 3776
name added to list: 3777
name added to list: 3778
name added to list: 3779
name added to list: 3780
name added to list: 3781
name added to list: 3782
name added to list: 3783
name added to list: 3784
name added to list: 3785
name added to list: 3786
name added to list: 3787
name added to list: 3788
name added to list: 3789
name added to list: 3790
name added to list: 3791
name added to list: 3792
name added to list: 3793
name added to list: 3794
name added to list: 3795
name added to list: 3796
name added to list: 3797
name added to list: 3798
name added to list: 3799
name added to list: 3800
name added to list: 3801
name added to list: 3802
name added to list: 3803
name added to list: 3804
name added to list: 3805
name added to list: 3806
name added to list: 3807
name added to list: 3808
name added to list: 3809
name added to list: 3810
name added to list: 3811
name added to list: 3812
name added to list: 3813
name added to list: 3814
name added to list: 3815
name added to list: 3816
name added to list: 3817
name added to list: 3818
name added to list: 3819
name added to list: 3820
name added to list: 3821
name added to list: 3822
name added to list: 3823
name added to list: 3824
name added to list: 3825
name added to list: 3826
name added to list: 3827
name added to list: 3828
name added to list: 3829
name added to list: 3830
name added to list: 3831
name added to list: 3832
name added to list: 3833
name added to list: 3834
name added to list: 3835
name added to list: 3836
name added to list: 3837
name added to list: 3838
name added to list: 3839
name added to list: 3840
name added to list: 3841
name added to list: 3842
name added to list: 3843
name added to list: 3844
name added to list: 3845
name added to list: 3846
name added to list: 3847
name added to list: 3848
name added to list: 3849
name added to list: 3850
name added to list: 3851
name added to list: 3852
name added to list: 3853
name added to list: 3854
name added to list: 3855
name added to list: 3856
name added to list: 3857
name added to list: 3858
name added to list: 3859
name added to list: 3860
name added to list: 3861
name added to list: 3862
name added to list: 3863
name added to list: 3864
name added to list: 3865
name added to list: 3866
name added to list: 3867
name added to list: 3868
name added to list: 3869
name added to list: 3870
name added to list: 3871
name added to list: 3872
name added to list: 3873
name added to list: 3874
name added to list: 3875
name added to list: 3876
name added to list: 3877
name added to list: 3878
name added to list: 3879
name added to list: 3880
name added to list: 3881
name added to list: 3882
name added to list: 3883
name added to list: 3884
name added to list: 3885
name added to list: 3886
name added to list: 3887
name added to list: 3888
name added to list: 3889
name added to list: 3890
name added to list: 3891
name added to list: 3892
name added to list: 3893
name added to list: 3894
name added to list: 3895
name added to list: 3896
name added to list: 3897
name added to list: 3898
name added to list: 3899
name added to list: 3900
name added to list: 3901
name added to list: 3902
name added to list: 3903
name added to list: 3904
name added to list: 3905
name added to list: 3906
name added to list: 3907
name added to list: 3908
name added to list: 3909
name added to list: 3910
name added to list: 3911
name added to list: 3912
name added to list: 3913
name added to list: 3914
name added to list: 3915
name added to list: 3916
name added to list: 3917
name added to list: 3918
name added to list: 3919
name added to list: 3920
name added to list: 3921
name added to list: 3922
name added to list: 3923
name added to list: 3924
name added to list: 3925
name added to list: 3926
name added to list: 3927
name added to list: 3928
name added to list: 3929
name added to list: 3930
name added to list: 3931
name added to list: 3932
name added to list: 3933
name added to list: 3934
name added to list: 3935
name added to list: 3936
name added to list: 3937
name added to list: 3938
name added to list: 3939
name added to list: 3940
name added to list: 3941
name added to list: 3942
name added to list: 3943
name added to list: 3944
name added to list: 3945
name added to list: 3946
name added to list: 3947
name added to list: 3948
name added to list: 3949
name added to list: 3950
name added to list: 3951
name added to list: 3952
name added to list: 3953
name added to list: 3954
name added to list: 3955
name added to list: 3956
name added to list: 3957
name added to list: 3958
name added to list: 3959
name added to list: 3960
name added to list: 3961
name added to list: 3962
name added to list: 3963
name added to list: 3964
name added to list: 3965
name added to list: 3966
name added to list: 3967
name added to list: 3968
name added to list: 3969
name added to list: 3970
name added to list: 3971
name added to list: 3972
name added to list: 3973
name added to list: 3974
name added to list: 3975
name added to list: 3976
name added to list: 3977
name added to list: 3978
name added to list: 3979
name added to list: 3980
name added to list: 3981
name added to list: 3982
name added to list: 3983
name added to list: 3984
name added to list: 3985
name added to list: 3986
name added to list: 3987
name added to list: 3988
name added to list: 3989
name added to list: 3990
name added to list: 3991
name added to list: 3992
name added to list: 3993
name added to list: 3994
name added to list: 3995
name added to list: 3996
name added to list: 3997
name added to list: 3998
name added to list: 3999
name added to list: 4000
name added to list: 4001
name added to list: 4002
name added to list: 4003
name added to list: 4004
name added to list: 4005
name added to list: 4006
name added to list: 4007
name added to list: 4008
name added to list: 4009
name added to list: 4010
name added to list: 4011
name added to list: 4012
name added to list: 4013
name added to list: 4014
name added to list: 4015
name added to list: 4016
name added to list: 4017
name added to list: 4018
name added to list: 4019
name added to list: 4020
name added to list: 4021
name added to list: 4022
name added to list: 4023
name added to list: 4024
name added to list: 4025
name added to list: 4026
name added to list: 4027
name added to list: 4028
name added to list: 4029
name added to list: 4030
name added to list: 4031
name added to list: 4032
name added to list: 4033
name added to list: 4034
name added to list: 4035
name added to list: 4036
name added to list: 4037
name added to list: 4038
name added to list: 4039
name added to list: 4040
name added to list: 4041
name added to list: 4042
name added to list: 4043
name added to list: 4044
name added to list: 4045
name added to list: 4046
name added to list: 4047
name added to list: 4048
name added to list: 4049
name added to list: 4050
name added to list: 4051
name added to list: 4052
name added to list: 4053
name added to list: 4054
name added to list: 4055
name added to list: 4056
name added to list: 4057
name added to list: 4058
name added to list: 4059
name added to list: 4060
name added to list: 4061
name added to list: 4062
name added to list: 4063
name added to list: 4064
name added to list: 4065
name added to list: 4066
name added to list: 4067
name added to list: 4068
name added to list: 4069
name added to list: 4070
name added to list: 4071
name added to list: 4072
name added to list: 4073
name added to list: 4074
name added to list: 4075
name added to list: 4076
name added to list: 4077
name added to list: 4078
name added to list: 4079
name added to list: 4080
name added to list: 4081
name added to list: 4082
name added to list: 4083
name added to list: 4084
name added to list: 4085
name added to list: 4086
name added to list: 4087
name added to list: 4088
name added to list: 4089
name added to list: 4090
name added to list: 4091
name added to list: 4092
name added to list: 4093
name added to list: 4094
name added to list: 4095
name added to list: 4096
name added to list: 4097
name added to list: 4098
name added to list: 4099
name added to list: 4100
name added to list: 4101
name added to list: 4102
name added to list: 4103
name added to list: 4104
name added to list: 4105
name added to list: 4106
name added to list: 4107
name added to list: 4108
name added to list: 4109
name added to list: 4110
name added to list: 4111
name added to list: 4112
name added to list: 4113
name added to list: 4114
name added to list: 4115
name added to list: 4116
name added to list: 4117
name added to list: 4118
name added to list: 4119
name added to list: 4120
name added to list: 4121
name added to list: 4122
name added to list: 4123
name added to list: 4124
name added to list: 4125
name added to list: 4126
name added to list: 4127
name added to list: 4128
name added to list: 4129
name added to list: 4130
name added to list: 4131
name added to list: 4132
name added to list: 4133
name added to list: 4134
name added to list: 4135
name added to list: 4136
name added to list: 4137
name added to list: 4138
name added to list: 4139
name added to list: 4140
name added to list: 4141
name added to list: 4142
name added to list: 4143
name added to list: 4144
name added to list: 4145
name added to list: 4146
name added to list: 4147
name added to list: 4148
name added to list: 4149
name added to list: 4150
name added to list: 4151
name added to list: 4152
name added to list: 4153
name added to list: 4154
name added to list: 4155
name added to list: 4156
name added to list: 4157
name added to list: 4158
name added to list: 4159
name added to list: 4160
name added to list: 4161
name added to list: 4162
name added to list: 4163
name added to list: 4164
name added to list: 4165
name added to list: 4166
name added to list: 4167
name added to list: 4168
name added to list: 4169
name added to list: 4170
name added to list: 4171
name added to list: 4172
name added to list: 4173
name added to list: 4174
name added to list: 4175
name added to list: 4176
name added to list: 4177
name added to list: 4178
name added to list: 4179
name added to list: 4180
name added to list: 4181
name added to list: 4182
name added to list: 4183
name added to list: 4184
name added to list: 4185
name added to list: 4186
name added to list: 4187
name added to list: 4188
name added to list: 4189
name added to list: 4190
name added to list: 4191
name added to list: 4192
name added to list: 4193
name added to list: 4194
name added to list: 4195
name added to list: 4196
name added to list: 4197
name added to list: 4198
name added to list: 4199
name added to list: 4200
name added to list: 4201
name added to list: 4202
name added to list: 4203
name added to list: 4204
name added to list: 4205
name added to list: 4206
name added to list: 4207
name added to list: 4208
name added to list: 4209
name added to list: 4210
name added to list: 4211
name added to list: 4212
name added to list: 4213
name added to list: 4214
name added to list: 4215
name added to list: 4216
name added to list: 4217
name added to list: 4218
name added to list: 4219
name added to list: 4220
name added to list: 4221
name added to list: 4222
name added to list: 4223
name added to list: 4224
name added to list: 4225
name added to list: 4226
name added to list: 4227
name added to list: 4228
name added to list: 4229
name added to list: 4230
name added to list: 4231
name added to list: 4232
name added to list: 4233
name added to list: 4234
name added to list: 4235
name added to list: 4236
name added to list: 4237
name added to list: 4238
name added to list: 4239
name added to list: 4240
name added to list: 4241
name added to list: 4242
name added to list: 4243
name added to list: 4244
name added to list: 4245
name added to list: 4246
name added to list: 4247
name added to list: 4248
name added to list: 4249
name added to list: 4250
name added to list: 4251
name added to list: 4252
name added to list: 4253
name added to list: 4254
name added to list: 4255
name added to list: 4256
name added to list: 4257
name added to list: 4258
name added to list: 4259
name added to list: 4260
name added to list: 4261
name added to list: 4262
name added to list: 4263
name added to list: 4264
name added to list: 4265
name added to list: 4266
name added to list: 4267
name added to list: 4268
name added to list: 4269
name added to list: 4270
name added to list: 4271
name added to list: 4272
name added to list: 4273
name added to list: 4274
name added to list: 4275
name added to list: 4276
name added to list: 4277
name added to list: 4278
name added to list: 4279
name added to list: 4280
name added to list: 4281
name added to list: 4282
name added to list: 4283
name added to list: 4284
name added to list: 4285
name added to list: 4286
name added to list: 4287
name added to list: 4288
name added to list: 4289
name added to list: 4290
name added to list: 4291
name added to list: 4292
name added to list: 4293
name added to list: 4294
name added to list: 4295
name added to list: 4296
name added to list: 4297
name added to list: 4298
name added to list: 4299
name added to list: 4300
name added to list: 4301
name added to list: 4302
name added to list: 4303
name added to list: 4304
name added to list: 4305
name added to list: 4306
name added to list: 4307
name added to list: 4308
name added to list: 4309
name added to list: 4310
name added to list: 4311
name added to list: 4312
name added to list: 4313
name added to list: 4314
name added to list: 4315
name added to list: 4316
name added to list: 4317
name added to list: 4318
name added to list: 4319
name added to list: 4320
name added to list: 4321
name added to list: 4322
name added to list: 4323
name added to list: 4324
name added to list: 4325
name added to list: 4326
name added to list: 4327
name added to list: 4328
name added to list: 4329
name added to list: 4330
name added to list: 4331
name added to list: 4332
name added to list: 4333
name added to list: 4334
name added to list: 4335
name added to list: 4336
name added to list: 4337
name added to list: 4338
name added to list: 4339
name added to list: 4340
name added to list: 4341
name added to list: 4342
name added to list: 4343
name added to list: 4344
name added to list: 4345
name added to list: 4346
name added to list: 4347
name added to list: 4348
name added to list: 4349
name added to list: 4350
name added to list: 4351
name added to list: 4352
name added to list: 4353
name added to list: 4354
name added to list: 4355
name added to list: 4356
name added to list: 4357
name added to list: 4358
name added to list: 4359
name added to list: 4360
name added to list: 4361
name added to list: 4362
name added to list: 4363
name added to list: 4364
name added to list: 4365
name added to list: 4366
name added to list: 4367
name added to list: 4368
name added to list: 4369
name added to list: 4370
name added to list: 4371
name added to list: 4372
name added to list: 4373
name added to list: 4374
name added to list: 4375
name added to list: 4376
name added to list: 4377
name added to list: 4378
name added to list: 4379
name added to list: 4380
name added to list: 4381
name added to list: 4382
name added to list: 4383
name added to list: 4384
name added to list: 4385
name added to list: 4386
name added to list: 4387
name added to list: 4388
name added to list: 4389
name added to list: 4390
name added to list: 4391
name added to list: 4392
name added to list: 4393
name added to list: 4394
name added to list: 4395
name added to list: 4396
name added to list: 4397
name added to list: 4398
name added to list: 4399
name added to list: 4400
name added to list: 4401
name added to list: 4402
name added to list: 4403
name added to list: 4404
name added to list: 4405
name added to list: 4406
name added to list: 4407
name added to list: 4408
name added to list: 4409
name added to list: 4410
name added to list: 4411
name added to list: 4412
name added to list: 4413
name added to list: 4414
name added to list: 4415
name added to list: 4416
name added to list: 4417
name added to list: 4418
name added to list: 4419
name added to list: 4420
name added to list: 4421
name added to list: 4422
name added to list: 4423
name added to list: 4424
name added to list: 4425
name added to list: 4426
name added to list: 4427
name added to list: 4428
name added to list: 4429
name added to list: 4430
name added to list: 4431
name added to list: 4432
name added to list: 4433
name added to list: 4434
name added to list: 4435
name added to list: 4436
name added to list: 4437
name added to list: 4438
name added to list: 4439
name added to list: 4440
name added to list: 4441
name added to list: 4442
name added to list: 4443
name added to list: 4444
name added to list: 4445
name added to list: 4446
name added to list: 4447
name added to list: 4448
name added to list: 4449
name added to list: 4450
name added to list: 4451
name added to list: 4452
name added to list: 4453
name added to list: 4454
name added to list: 4455
name added to list: 4456
name added to list: 4457
name added to list: 4458
name added to list: 4459
name added to list: 4460
name added to list: 4461
name added to list: 4462
name added to list: 4463
name added to list: 4464
name added to list: 4465
name added to list: 4466
name added to list: 4467
name added to list: 4468
name added to list: 4469
name added to list: 4470
name added to list: 4471
name added to list: 4472
name added to list: 4473
name added to list: 4474
name added to list: 4475
name added to list: 4476
name added to list: 4477
name added to list: 4478
name added to list: 4479
name added to list: 4480
name added to list: 4481
name added to list: 4482
name added to list: 4483
name added to list: 4484
name added to list: 4485
name added to list: 4486
name added to list: 4487
name added to list: 4488
name added to list: 4489
name added to list: 4490
name added to list: 4491
name added to list: 4492
name added to list: 4493
name added to list: 4494
name added to list: 4495
name added to list: 4496
name added to list: 4497
name added to list: 4498
name added to list: 4499
name added to list: 4500
name added to list: 4501
name added to list: 4502
name added to list: 4503
name added to list: 4504
name added to list: 4505
name added to list: 4506
name added to list: 4507
name added to list: 4508
name added to list: 4509
name added to list: 4510
name added to list: 4511
name added to list: 4512
name added to list: 4513
name added to list: 4514
name added to list: 4515
name added to list: 4516
name added to list: 4517
name added to list: 4518
name added to list: 4519
name added to list: 4520
name added to list: 4521
name added to list: 4522
name added to list: 4523
name added to list: 4524
name added to list: 4525
name added to list: 4526
name added to list: 4527
name added to list: 4528
name added to list: 4529
name added to list: 4530
name added to list: 4531
name added to list: 4532
name added to list: 4533
name added to list: 4534
name added to list: 4535
name added to list: 4536
name added to list: 4537
name added to list: 4538
name added to list: 4539
name added to list: 4540
name added to list: 4541
name added to list: 4542
name added to list: 4543
name added to list: 4544
name added to list: 4545
name added to list: 4546
name added to list: 4547
name added to list: 4548
name added to list: 4549
name added to list: 4550
name added to list: 4551
name added to list: 4552
name added to list: 4553
name added to list: 4554
name added to list: 4555
name added to list: 4556
name added to list: 4557
name added to list: 4558
name added to list: 4559
name added to list: 4560
name added to list: 4561
name added to list: 4562
name added to list: 4563
name added to list: 4564
name added to list: 4565
name added to list: 4566
name added to list: 4567
name added to list: 4568
name added to list: 4569
name added to list: 4570
name added to list: 4571
name added to list: 4572
name added to list: 4573
name added to list: 4574
name added to list: 4575
name added to list: 4576
name added to list: 4577
name added to list: 4578
name added to list: 4579
name added to list: 4580
name added to list: 4581
name added to list: 4582
name added to list: 4583
name added to list: 4584
name added to list: 4585
name added to list: 4586
name added to list: 4587
name added to list: 4588
name added to list: 4589
name added to list: 4590
name added to list: 4591
name added to list: 4592
name added to list: 4593
name added to list: 4594
name added to list: 4595
name added to list: 4596
name added to list: 4597
name added to list: 4598
name added to list: 4599
name added to list: 4600
name added to list: 4601
name added to list: 4602
name added to list: 4603
name added to list: 4604
name added to list: 4605
name added to list: 4606
name added to list: 4607
name added to list: 4608
name added to list: 4609
name added to list: 4610
name added to list: 4611
name added to list: 4612
name added to list: 4613
name added to list: 4614
name added to list: 4615
name added to list: 4616
name added to list: 4617
name added to list: 4618
name added to list: 4619
name added to list: 4620
name added to list: 4621
name added to list: 4622
name added to list: 4623
name added to list: 4624
name added to list: 4625
name added to list: 4626
name added to list: 4627
name added to list: 4628
name added to list: 4629
name added to list: 4630
name added to list: 4631
name added to list: 4632
name added to list: 4633
name added to list: 4634
name added to list: 4635
name added to list: 4636
name added to list: 4637
name added to list: 4638
name added to list: 4639
name added to list: 4640
name added to list: 4641
name added to list: 4642
name added to list: 4643
name added to list: 4644
name added to list: 4645
name added to list: 4646
name added to list: 4647
name added to list: 4648
name added to list: 4649
name added to list: 4650
name added to list: 4651
name added to list: 4652
name added to list: 4653
name added to list: 4654
name added to list: 4655
name added to list: 4656
name added to list: 4657
name added to list: 4658
name added to list: 4659
name added to list: 4660
name added to list: 4661
name added to list: 4662
name added to list: 4663
name added to list: 4664
name added to list: 4665
name added to list: 4666
name added to list: 4667
name added to list: 4668
name added to list: 4669
name added to list: 4670
name added to list: 4671
name added to list: 4672
name added to list: 4673
name added to list: 4674
name added to list: 4675
name added to list: 4676
name added to list: 4677
name added to list: 4678
name added to list: 4679
name added to list: 4680
name added to list: 4681
name added to list: 4682
name added to list: 4683
name added to list: 4684
name added to list: 4685
name added to list: 4686
name added to list: 4687
name added to list: 4688
name added to list: 4689
name added to list: 4690
name added to list: 4691
name added to list: 4692
name added to list: 4693
name added to list: 4694
name added to list: 4695
name added to list: 4696
name added to list: 4697
name added to list: 4698
name added to list: 4699
name added to list: 4700
name added to list: 4701
name added to list: 4702
name added to list: 4703
name added to list: 4704
name added to list: 4705
name added to list: 4706
name added to list: 4707
name added to list: 4708
name added to list: 4709
name added to list: 4710
name added to list: 4711
name added to list: 4712
name added to list: 4713
name added to list: 4714
name added to list: 4715
name added to list: 4716
name added to list: 4717
name added to list: 4718
name added to list: 4719
name added to list: 4720
name added to list: 4721
name added to list: 4722
name added to list: 4723
name added to list: 4724
name added to list: 4725
name added to list: 4726
name added to list: 4727
name added to list: 4728
name added to list: 4729
name added to list: 4730
name added to list: 4731
name added to list: 4732
name added to list: 4733
name added to list: 4734
name added to list: 4735
name added to list: 4736
name added to list: 4737
name added to list: 4738
name added to list: 4739
name added to list: 4740
name added to list: 4741
name added to list: 4742
name added to list: 4743
name added to list: 4744
name added to list: 4745
name added to list: 4746
name added to list: 4747
name added to list: 4748
name added to list: 4749
name added to list: 4750
name added to list: 4751
name added to list: 4752
name added to list: 4753
name added to list: 4754
name added to list: 4755
name added to list: 4756
name added to list: 4757
name added to list: 4758
name added to list: 4759
name added to list: 4760
name added to list: 4761
name added to list: 4762
name added to list: 4763
name added to list: 4764
name added to list: 4765
name added to list: 4766
name added to list: 4767
name added to list: 4768
name added to list: 4769
name added to list: 4770
name added to list: 4771
name added to list: 4772
name added to list: 4773
name added to list: 4774
name added to list: 4775
name added to list: 4776
name added to list: 4777
name added to list: 4778
name added to list: 4779
name added to list: 4780
name added to list: 4781
name added to list: 4782
name added to list: 4783
name added to list: 4784
name added to list: 4785
name added to list: 4786
name added to list: 4787
name added to list: 4788
name added to list: 4789
name added to list: 4790
name added to list: 4791
name added to list: 4792
name added to list: 4793
name added to list: 4794
name added to list: 4795
name added to list: 4796
name added to list: 4797
name added to list: 4798
name added to list: 4799
name added to list: 4800
name added to list: 4801
name added to list: 4802
name added to list: 4803
name added to list: 4804
name added to list: 4805
name added to list: 4806
name added to list: 4807
name added to list: 4808
name added to list: 4809
name added to list: 4810
name added to list: 4811
name added to list: 4812
name added to list: 4813
name added to list: 4814
name added to list: 4815
name added to list: 4816
name added to list: 4817
name added to list: 4818
name added to list: 4819
name added to list: 4820
name added to list: 4821
name added to list: 4822
name added to list: 4823
name added to list: 4824
name added to list: 4825
name added to list: 4826
name added to list: 4827
name added to list: 4828
name added to list: 4829
name added to list: 4830
name added to list: 4831
name added to list: 4832
name added to list: 4833
name added to list: 4834
name added to list: 4835
name added to list: 4836
name added to list: 4837
name added to list: 4838
name added to list: 4839
name added to list: 4840
name added to list: 4841
name added to list: 4842
name added to list: 4843
name added to list: 4844
name added to list: 4845
name added to list: 4846
name added to list: 4847
name added to list: 4848
name added to list: 4849
name added to list: 4850
name added to list: 4851
name added to list: 4852
name added to list: 4853
name added to list: 4854
name added to list: 4855
name added to list: 4856
name added to list: 4857
name added to list: 4858
name added to list: 4859
name added to list: 4860
name added to list: 4861
name added to list: 4862
name added to list: 4863
name added to list: 4864
name added to list: 4865
name added to list: 4866
name added to list: 4867
name added to list: 4868
name added to list: 4869
name added to list: 4870
name added to list: 4871
name added to list: 4872
name added to list: 4873
name added to list: 4874
name added to list: 4875
name added to list: 4876
name added to list: 4877
name added to list: 4878
name added to list: 4879
name added to list: 4880
name added to list: 4881
name added to list: 4882
name added to list: 4883
name added to list: 4884
name added to list: 4885
name added to list: 4886
name added to list: 4887
name added to list: 4888
name added to list: 4889
name added to list: 4890
name added to list: 4891
name added to list: 4892
name added to list: 4893
name added to list: 4894
name added to list: 4895
name added to list: 4896
name added to list: 4897
name added to list: 4898
name added to list: 4899
name added to list: 4900
name added to list: 4901
name added to list: 4902
name added to list: 4903
name added to list: 4904
name added to list: 4905
name added to list: 4906
name added to list: 4907
name added to list: 4908
name added to list: 4909
name added to list: 4910
name added to list: 4911
name added to list: 4912
name added to list: 4913
name added to list: 4914
name added to list: 4915
name added to list: 4916
name added to list: 4917
name added to list: 4918
name added to list: 4919
name added to list: 4920
name added to list: 4921
name added to list: 4922
name added to list: 4923
name added to list: 4924
name added to list: 4925
name added to list: 4926
name added to list: 4927
name added to list: 4928
name added to list: 4929
name added to list: 4930
name added to list: 4931
name added to list: 4932
name added to list: 4933
name added to list: 4934
name added to list: 4935
name added to list: 4936
name added to list: 4937
name added to list: 4938
name added to list: 4939
name added to list: 4940
name added to list: 4941
name added to list: 4942
name added to list: 4943
name added to list: 4944
name added to list: 4945
name added to list: 4946
name added to list: 4947
name added to list: 4948
name added to list: 4949
name added to list: 4950
name added to list: 4951
name added to list: 4952
name added to list: 4953
name added to list: 4954
name added to list: 4955
name added to list: 4956
name added to list: 4957
name added to list: 4958
name added to list: 4959
name added to list: 4960
name added to list: 4961
name added to list: 4962
name added to list: 4963
name added to list: 4964
name added to list: 4965
name added to list: 4966
name added to list: 4967
name added to list: 4968
name added to list: 4969
name added to list: 4970
name added to list: 4971
name added to list: 4972
name added to list: 4973
name added to list: 4974
name added to list: 4975
name added to list: 4976
name added to list: 4977
name added to list: 4978
name added to list: 4979
name added to list: 4980
name added to list: 4981
name added to list: 4982
name added to list: 4983
name added to list: 4984
name added to list: 4985
name added to list: 4986
name added to list: 4987
name added to list: 4988
name added to list: 4989
name added to list: 4990
name added to list: 4991
name added to list: 4992
name added to list: 4993
name added to list: 4994
name added to list: 4995
name added to list: 4996
name added to list: 4997
name added to list: 4998
name added to list: 4999
name added to list: 5000
name added to list: 5001
name added to list: 5002
name added to list: 5003
name added to list: 5004
name added to list: 5005
name added to list: 5006
name added to list: 5007
name added to list: 5008
name added to list: 5009
name added to list: 5010
name added to list: 5011
name added to list: 5012
name added to list: 5013
name added to list: 5014
name added to list: 5015
name added to list: 5016
name added to list: 5017
name added to list: 5018
name added to list: 5019
name added to list: 5020
name added to list: 5021
name added to list: 5022
name added to list: 5023
name added to list: 5024
name added to list: 5025
name added to list: 5026
name added to list: 5027
name added to list: 5028
name added to list: 5029
name added to list: 5030
name added to list: 5031
name added to list: 5032
name added to list: 5033
name added to list: 5034
name added to list: 5035
name added to list: 5036
name added to list: 5037
name added to list: 5038
name added to list: 5039
name added to list: 5040
name added to list: 5041
name added to list: 5042
name added to list: 5043
name added to list: 5044
name added to list: 5045
name added to list: 5046
name added to list: 5047
name added to list: 5048
name added to list: 5049
name added to list: 5050
name added to list: 5051
name added to list: 5052
name added to list: 5053
name added to list: 5054
name added to list: 5055
name added to list: 5056
name added to list: 5057
name added to list: 5058
name added to list: 5059
name added to list: 5060
name added to list: 5061
name added to list: 5062
name added to list: 5063
name added to list: 5064
name added to list: 5065
name added to list: 5066
name added to list: 5067
name added to list: 5068
name added to list: 5069
name added to list: 5070
name added to list: 5071
name added to list: 5072
name added to list: 5073
name added to list: 5074
name added to list: 5075
name added to list: 5076
name added to list: 5077
name added to list: 5078
name added to list: 5079
name added to list: 5080
name added to list: 5081
name added to list: 5082
name added to list: 5083
name added to list: 5084
name added to list: 5085
name added to list: 5086
name added to list: 5087
name added to list: 5088
name added to list: 5089
name added to list: 5090
name added to list: 5091
name added to list: 5092
name added to list: 5093
name added to list: 5094
name added to list: 5095
name added to list: 5096
name added to list: 5097
name added to list: 5098
name added to list: 5099
name added to list: 5100
name added to list: 5101
name added to list: 5102
name added to list: 5103
name added to list: 5104
name added to list: 5105
name added to list: 5106
name added to list: 5107
name added to list: 5108
name added to list: 5109
name added to list: 5110
name added to list: 5111
name added to list: 5112
name added to list: 5113
name added to list: 5114
name added to list: 5115
name added to list: 5116
name added to list: 5117
name added to list: 5118
name added to list: 5119
name added to list: 5120
name added to list: 5121
name added to list: 5122
name added to list: 5123
name added to list: 5124
name added to list: 5125
name added to list: 5126
name added to list: 5127
name added to list: 5128
name added to list: 5129
name added to list: 5130
name added to list: 5131
name added to list: 5132
name added to list: 5133
name added to list: 5134
name added to list: 5135
name added to list: 5136
name added to list: 5137
name added to list: 5138
name added to list: 5139
name added to list: 5140
name added to list: 5141
name added to list: 5142
name added to list: 5143
name added to list: 5144
name added to list: 5145
name added to list: 5146
name added to list: 5147
name added to list: 5148
name added to list: 5149
name added to list: 5150
name added to list: 5151
name added to list: 5152
name added to list: 5153
name added to list: 5154
name added to list: 5155
name added to list: 5156
name added to list: 5157
name added to list: 5158
name added to list: 5159
name added to list: 5160
name added to list: 5161
name added to list: 5162
name added to list: 5163
name added to list: 5164
name added to list: 5165
name added to list: 5166
name added to list: 5167
name added to list: 5168
name added to list: 5169
name added to list: 5170
name added to list: 5171
name added to list: 5172
name added to list: 5173
name added to list: 5174
name added to list: 5175
name added to list: 5176
name added to list: 5177
name added to list: 5178
name added to list: 5179
name added to list: 5180
name added to list: 5181
name added to list: 5182
name added to list: 5183
name added to list: 5184
name added to list: 5185
name added to list: 5186
name added to list: 5187
name added to list: 5188
name added to list: 5189
name added to list: 5190
name added to list: 5191
name added to list: 5192
name added to list: 5193
name added to list: 5194
name added to list: 5195
name added to list: 5196
name added to list: 5197
name added to list: 5198
name added to list: 5199
name added to list: 5200
name added to list: 5201
name added to list: 5202
name added to list: 5203
name added to list: 5204
name added to list: 5205
name added to list: 5206
name added to list: 5207
name added to list: 5208
name added to list: 5209
name added to list: 5210
name added to list: 5211
name added to list: 5212
name added to list: 5213
name added to list: 5214
name added to list: 5215
name added to list: 5216
name added to list: 5217
name added to list: 5218
name added to list: 5219
name added to list: 5220
name added to list: 5221
name added to list: 5222
name added to list: 5223
name added to list: 5224
name added to list: 5225
name added to list: 5226
name added to list: 5227
name added to list: 5228
name added to list: 5229
name added to list: 5230
name added to list: 5231
name added to list: 5232
name added to list: 5233
name added to list: 5234
name added to list: 5235
name added to list: 5236
name added to list: 5237
name added to list: 5238
name added to list: 5239
name added to list: 5240
name added to list: 5241
name added to list: 5242
name added to list: 5243
name added to list: 5244
name added to list: 5245
name added to list: 5246
name added to list: 5247
name added to list: 5248
name added to list: 5249
name added to list: 5250
name added to list: 5251
name added to list: 5252
name added to list: 5253
name added to list: 5254
name added to list: 5255
name added to list: 5256
name added to list: 5257
name added to list: 5258
name added to list: 5259
name added to list: 5260
name added to list: 5261
name added to list: 5262
name added to list: 5263
name added to list: 5264
name added to list: 5265
name added to list: 5266
name added to list: 5267
name added to list: 5268
name added to list: 5269
name added to list: 5270
name added to list: 5271
name added to list: 5272
name added to list: 5273
name added to list: 5274
name added to list: 5275
name added to list: 5276
name added to list: 5277
name added to list: 5278
name added to list: 5279
name added to list: 5280
name added to list: 5281
name added to list: 5282
name added to list: 5283
name added to list: 5284
name added to list: 5285
name added to list: 5286
name added to list: 5287
name added to list: 5288
name added to list: 5289
name added to list: 5290
name added to list: 5291
name added to list: 5292
name added to list: 5293
name added to list: 5294
name added to list: 5295
name added to list: 5296
name added to list: 5297
name added to list: 5298
name added to list: 5299
name added to list: 5300
name added to list: 5301
name added to list: 5302
name added to list: 5303
name added to list: 5304
name added to list: 5305
name added to list: 5306
name added to list: 5307
name added to list: 5308
name added to list: 5309
name added to list: 5310
name added to list: 5311
name added to list: 5312
name added to list: 5313
name added to list: 5314
name added to list: 5315
name added to list: 5316
name added to list: 5317
name added to list: 5318
name added to list: 5319
name added to list: 5320
name added to list: 5321
name added to list: 5322
name added to list: 5323
name added to list: 5324
name added to list: 5325
name added to list: 5326
name added to list: 5327
name added to list: 5328
name added to list: 5329
name added to list: 5330
name added to list: 5331
name added to list: 5332
name added to list: 5333
name added to list: 5334
name added to list: 5335
name added to list: 5336
name added to list: 5337
name added to list: 5338
name added to list: 5339
name added to list: 5340
name added to list: 5341
name added to list: 5342
name added to list: 5343
name added to list: 5344
name added to list: 5345
name added to list: 5346
name added to list: 5347
name added to list: 5348
name added to list: 5349
name added to list: 5350
name added to list: 5351
name added to list: 5352
name added to list: 5353
name added to list: 5354
name added to list: 5355
name added to list: 5356
name added to list: 5357
name added to list: 5358
name added to list: 5359
name added to list: 5360
name added to list: 5361
name added to list: 5362
name added to list: 5363
name added to list: 5364
name added to list: 5365
name added to list: 5366
name added to list: 5367
name added to list: 5368
name added to list: 5369
name added to list: 5370
name added to list: 5371
name added to list: 5372
name added to list: 5373
name added to list: 5374
name added to list: 5375
name added to list: 5376
name added to list: 5377
name added to list: 5378
name added to list: 5379
name added to list: 5380
name added to list: 5381
name added to list: 5382
name added to list: 5383
name added to list: 5384
name added to list: 5385
name added to list: 5386
name added to list: 5387
name added to list: 5388
name added to list: 5389
name added to list: 5390
name added to list: 5391
name added to list: 5392
name added to list: 5393
name added to list: 5394
name added to list: 5395
name added to list: 5396
name added to list: 5397
name added to list: 5398
name added to list: 5399
name added to list: 5400
name added to list: 5401
name added to list: 5402
name added to list: 5403
name added to list: 5404
name added to list: 5405
name added to list: 5406
name added to list: 5407
name added to list: 5408
name added to list: 5409
name added to list: 5410
name added to list: 5411
name added to list: 5412
name added to list: 5413
name added to list: 5414
name added to list: 5415
name added to list: 5416
name added to list: 5417
name added to list: 5418
name added to list: 5419
name added to list: 5420
name added to list: 5421
name added to list: 5422
name added to list: 5423
name added to list: 5424
name added to list: 5425
name added to list: 5426
name added to list: 5427
name added to list: 5428
name added to list: 5429
name added to list: 5430
name added to list: 5431
name added to list: 5432
name added to list: 5433
name added to list: 5434
name added to list: 5435
name added to list: 5436
name added to list: 5437
name added to list: 5438
name added to list: 5439
name added to list: 5440
name added to list: 5441
name added to list: 5442
name added to list: 5443
name added to list: 5444
name added to list: 5445
name added to list: 5446
name added to list: 5447
name added to list: 5448
name added to list: 5449
name added to list: 5450
name added to list: 5451
name added to list: 5452
name added to list: 5453
name added to list: 5454
name added to list: 5455
name added to list: 5456
name added to list: 5457
name added to list: 5458
name added to list: 5459
name added to list: 5460
name added to list: 5461
name added to list: 5462
name added to list: 5463
name added to list: 5464
name added to list: 5465
name added to list: 5466
name added to list: 5467
name added to list: 5468
name added to list: 5469
name added to list: 5470
name added to list: 5471
name added to list: 5472
name added to list: 5473
name added to list: 5474
name added to list: 5475
name added to list: 5476
name added to list: 5477
name added to list: 5478
name added to list: 5479
name added to list: 5480
name added to list: 5481
name added to list: 5482
name added to list: 5483
name added to list: 5484
name added to list: 5485
name added to list: 5486
name added to list: 5487
name added to list: 5488
name added to list: 5489
name added to list: 5490
name added to list: 5491
name added to list: 5492
name added to list: 5493
name added to list: 5494
name added to list: 5495
name added to list: 5496
name added to list: 5497
name added to list: 5498
name added to list: 5499
name added to list: 5500
name added to list: 5501
name added to list: 5502
name added to list: 5503
name added to list: 5504
name added to list: 5505
name added to list: 5506
name added to list: 5507
name added to list: 5508
name added to list: 5509
name added to list: 5510
name added to list: 5511
name added to list: 5512
name added to list: 5513
name added to list: 5514
name added to list: 5515
name added to list: 5516
name added to list: 5517
name added to list: 5518
name added to list: 5519
name added to list: 5520
name added to list: 5521
name added to list: 5522
name added to list: 5523
name added to list: 5524
name added to list: 5525
name added to list: 5526
name added to list: 5527
name added to list: 5528
name added to list: 5529
name added to list: 5530
name added to list: 5531
name added to list: 5532
name added to list: 5533
name added to list: 5534
name added to list: 5535
name added to list: 5536
name added to list: 5537
name added to list: 5538
name added to list: 5539
name added to list: 5540
name added to list: 5541
name added to list: 5542
name added to list: 5543
name added to list: 5544
name added to list: 5545
name added to list: 5546
name added to list: 5547
name added to list: 5548
name added to list: 5549
name added to list: 5550
name added to list: 5551
name added to list: 5552
name added to list: 5553
name added to list: 5554
name added to list: 5555
name added to list: 5556
name added to list: 5557
name added to list: 5558
name added to list: 5559
name added to list: 5560
name added to list: 5561
name added to list: 5562
name added to list: 5563
name added to list: 5564
name added to list: 5565
name added to list: 5566
name added to list: 5567
name added to list: 5568
name added to list: 5569
name added to list: 5570
name added to list: 5571
name added to list: 5572
name added to list: 5573
name added to list: 5574
name added to list: 5575
name added to list: 5576
name added to list: 5577
name added to list: 5578
name added to list: 5579
name added to list: 5580
name added to list: 5581
name added to list: 5582
name added to list: 5583
name added to list: 5584
name added to list: 5585
name added to list: 5586
name added to list: 5587
name added to list: 5588
name added to list: 5589
name added to list: 5590
name added to list: 5591
name added to list: 5592
name added to list: 5593
name added to list: 5594
name added to list: 5595
name added to list: 5596
name added to list: 5597
name added to list: 5598
name added to list: 5599
name added to list: 5600
name added to list: 5601
name added to list: 5602
name added to list: 5603
name added to list: 5604
name added to list: 5605
name added to list: 5606
name added to list: 5607
name added to list: 5608
name added to list: 5609
name added to list: 5610
name added to list: 5611
name added to list: 5612
name added to list: 5613
name added to list: 5614
name added to list: 5615
name added to list: 5616
name added to list: 5617
name added to list: 5618
name added to list: 5619
name added to list: 5620
name added to list: 5621
name added to list: 5622
name added to list: 5623
name added to list: 5624
name added to list: 5625
name added to list: 5626
name added to list: 5627
name added to list: 5628
name added to list: 5629
name added to list: 5630
name added to list: 5631
name added to list: 5632
name added to list: 5633
name added to list: 5634
name added to list: 5635
name added to list: 5636
name added to list: 5637
name added to list: 5638
name added to list: 5639
name added to list: 5640
name added to list: 5641
name added to list: 5642
name added to list: 5643
name added to list: 5644
name added to list: 5645
name added to list: 5646
name added to list: 5647
name added to list: 5648
name added to list: 5649
name added to list: 5650
name added to list: 5651
name added to list: 5652
name added to list: 5653
name added to list: 5654
name added to list: 5655
name added to list: 5656
name added to list: 5657
name added to list: 5658
name added to list: 5659
name added to list: 5660
name added to list: 5661
name added to list: 5662
name added to list: 5663
name added to list: 5664
name added to list: 5665
name added to list: 5666
name added to list: 5667
name added to list: 5668
name added to list: 5669
name added to list: 5670
name added to list: 5671
name added to list: 5672
name added to list: 5673
name added to list: 5674
name added to list: 5675
name added to list: 5676
name added to list: 5677
name added to list: 5678
name added to list: 5679
name added to list: 5680
name added to list: 5681
name added to list: 5682
name added to list: 5683
name added to list: 5684
name added to list: 5685
name added to list: 5686
name added to list: 5687
name added to list: 5688
name added to list: 5689
name added to list: 5690
name added to list: 5691
name added to list: 5692
name added to list: 5693
name added to list: 5694
name added to list: 5695
name added to list: 5696
name added to list: 5697
name added to list: 5698
name added to list: 5699
name added to list: 5700
name added to list: 5701
name added to list: 5702
name added to list: 5703
name added to list: 5704
name added to list: 5705
name added to list: 5706
name added to list: 5707
name added to list: 5708
name added to list: 5709
name added to list: 5710
name added to list: 5711
name added to list: 5712
name added to list: 5713
name added to list: 5714
name added to list: 5715
name added to list: 5716
name added to list: 5717
name added to list: 5718
name added to list: 5719
name added to list: 5720
name added to list: 5721
name added to list: 5722
name added to list: 5723
name added to list: 5724
name added to list: 5725
name added to list: 5726
name added to list: 5727
name added to list: 5728
name added to list: 5729
name added to list: 5730
name added to list: 5731
name added to list: 5732
name added to list: 5733
name added to list: 5734
name added to list: 5735
name added to list: 5736
name added to list: 5737
name added to list: 5738
name added to list: 5739
name added to list: 5740
name added to list: 5741
name added to list: 5742
name added to list: 5743
name added to list: 5744
name added to list: 5745
name added to list: 5746
name added to list: 5747
name added to list: 5748
name added to list: 5749
name added to list: 5750
name added to list: 5751
name added to list: 5752
name added to list: 5753
name added to list: 5754
name added to list: 5755
name added to list: 5756
name added to list: 5757
name added to list: 5758
name added to list: 5759
name added to list: 5760
name added to list: 5761
name added to list: 5762
name added to list: 5763
name added to list: 5764
name added to list: 5765
name added to list: 5766
name added to list: 5767
name added to list: 5768
name added to list: 5769
name added to list: 5770
name added to list: 5771
name added to list: 5772
name added to list: 5773
name added to list: 5774
name added to list: 5775
name added to list: 5776
name added to list: 5777
name added to list: 5778
name added to list: 5779
name added to list: 5780
name added to list: 5781
name added to list: 5782
name added to list: 5783
name added to list: 5784
name added to list: 5785
name added to list: 5786
name added to list: 5787
name added to list: 5788
name added to list: 5789
name added to list: 5790
name added to list: 5791
name added to list: 5792
name added to list: 5793
name added to list: 5794
name added to list: 5795
name added to list: 5796
name added to list: 5797
name added to list: 5798
name added to list: 5799
name added to list: 5800
name added to list: 5801
name added to list: 5802
name added to list: 5803
name added to list: 5804
name added to list: 5805
name added to list: 5806
name added to list: 5807
name added to list: 5808
name added to list: 5809
name added to list: 5810
name added to list: 5811
name added to list: 5812
name added to list: 5813
name added to list: 5814
name added to list: 5815
name added to list: 5816
name added to list: 5817
name added to list: 5818
name added to list: 5819
name added to list: 5820
name added to list: 5821
name added to list: 5822
name added to list: 5823
name added to list: 5824
name added to list: 5825
name added to list: 5826
name added to list: 5827
name added to list: 5828
name added to list: 5829
name added to list: 5830
name added to list: 5831
name added to list: 5832
name added to list: 5833
name added to list: 5834
name added to list: 5835
name added to list: 5836
name added to list: 5837
name added to list: 5838
name added to list: 5839
name added to list: 5840
name added to list: 5841
name added to list: 5842
name added to list: 5843
name added to list: 5844
name added to list: 5845
name added to list: 5846
name added to list: 5847
name added to list: 5848
name added to list: 5849
name added to list: 5850
name added to list: 5851
name added to list: 5852
name added to list: 5853
name added to list: 5854
name added to list: 5855
name added to list: 5856
name added to list: 5857
name added to list: 5858
name added to list: 5859
name added to list: 5860
name added to list: 5861
name added to list: 5862
name added to list: 5863
name added to list: 5864
name added to list: 5865
name added to list: 5866
name added to list: 5867
name added to list: 5868
name added to list: 5869
name added to list: 5870
name added to list: 5871
name added to list: 5872
name added to list: 5873
name added to list: 5874
name added to list: 5875
name added to list: 5876
name added to list: 5877
name added to list: 5878
name added to list: 5879
name added to list: 5880
name added to list: 5881
name added to list: 5882
name added to list: 5883
name added to list: 5884
name added to list: 5885
name added to list: 5886
name added to list: 5887
name added to list: 5888
name added to list: 5889
name added to list: 5890
name added to list: 5891
name added to list: 5892
name added to list: 5893
name added to list: 5894
name added to list: 5895
name added to list: 5896
name added to list: 5897
name added to list: 5898
name added to list: 5899
name added to list: 5900
name added to list: 5901
name added to list: 5902
name added to list: 5903
name added to list: 5904
name added to list: 5905
name added to list: 5906
name added to list: 5907
name added to list: 5908
name added to list: 5909
name added to list: 5910
name added to list: 5911
name added to list: 5912
name added to list: 5913
name added to list: 5914
name added to list: 5915
name added to list: 5916
name added to list: 5917
name added to list: 5918
name added to list: 5919
name added to list: 5920
name added to list: 5921
name added to list: 5922
name added to list: 5923
name added to list: 5924
name added to list: 5925
name added to list: 5926
name added to list: 5927
name added to list: 5928
name added to list: 5929
name added to list: 5930
name added to list: 5931
name added to list: 5932
name added to list: 5933
name added to list: 5934
name added to list: 5935
name added to list: 5936
name added to list: 5937
name added to list: 5938
name added to list: 5939
name added to list: 5940
name added to list: 5941
name added to list: 5942
name added to list: 5943
name added to list: 5944
name added to list: 5945
name added to list: 5946
name added to list: 5947
name added to list: 5948
name added to list: 5949
name added to list: 5950
name added to list: 5951
name added to list: 5952
name added to list: 5953
name added to list: 5954
name added to list: 5955
name added to list: 5956
name added to list: 5957
name added to list: 5958
name added to list: 5959
name added to list: 5960
name added to list: 5961
name added to list: 5962
name added to list: 5963
name added to list: 5964
name added to list: 5965
name added to list: 5966
name added to list: 5967
name added to list: 5968
name added to list: 5969
name added to list: 5970
name added to list: 5971
name added to list: 5972
name added to list: 5973
name added to list: 5974
name added to list: 5975
name added to list: 5976
name added to list: 5977
name added to list: 5978
name added to list: 5979
name added to list: 5980
name added to list: 5981
name added to list: 5982
name added to list: 5983
name added to list: 5984
name added to list: 5985
name added to list: 5986
name added to list: 5987
name added to list: 5988
name added to list: 5989
name added to list: 5990
name added to list: 5991
name added to list: 5992
name added to list: 5993
name added to list: 5994
name added to list: 5995
name added to list: 5996
name added to list: 5997
name added to list: 5998
name added to list: 5999
name added to list: 6000
name added to list: 6001
name added to list: 6002
name added to list: 6003
name added to list: 6004
name added to list: 6005
name added to list: 6006
name added to list: 6007
name added to list: 6008
name added to list: 6009
name added to list: 6010
name added to list: 6011
name added to list: 6012
name added to list: 6013
name added to list: 6014
name added to list: 6015
name added to list: 6016
name added to list: 6017
name added to list: 6018
name added to list: 6019
name added to list: 6020
name added to list: 6021
name added to list: 6022
name added to list: 6023
name added to list: 6024
name added to list: 6025
name added to list: 6026
name added to list: 6027
name added to list: 6028
name added to list: 6029
name added to list: 6030
name added to list: 6031
name added to list: 6032
name added to list: 6033
name added to list: 6034
name added to list: 6035
name added to list: 6036
name added to list: 6037
name added to list: 6038
name added to list: 6039
name added to list: 6040
name added to list: 6041
name added to list: 6042
name added to list: 6043
name added to list: 6044
name added to list: 6045
name added to list: 6046
name added to list: 6047
name added to list: 6048
name added to list: 6049
name added to list: 6050
name added to list: 6051
name added to list: 6052
name added to list: 6053
name added to list: 6054
name added to list: 6055
name added to list: 6056
name added to list: 6057
name added to list: 6058
name added to list: 6059
name added to list: 6060
name added to list: 6061
name added to list: 6062
name added to list: 6063
name added to list: 6064
name added to list: 6065
name added to list: 6066
name added to list: 6067
name added to list: 6068
name added to list: 6069
name added to list: 6070
name added to list: 6071
name added to list: 6072
name added to list: 6073
name added to list: 6074
name added to list: 6075
name added to list: 6076
name added to list: 6077
name added to list: 6078
name added to list: 6079
name added to list: 6080
name added to list: 6081
name added to list: 6082
name added to list: 6083
name added to list: 6084
name added to list: 6085
name added to list: 6086
name added to list: 6087
name added to list: 6088
name added to list: 6089
name added to list: 6090
name added to list: 6091
name added to list: 6092
name added to list: 6093
name added to list: 6094
name added to list: 6095
name added to list: 6096
name added to list: 6097
name added to list: 6098
name added to list: 6099
name added to list: 6100
name added to list: 6101
name added to list: 6102
name added to list: 6103
name added to list: 6104
name added to list: 6105
name added to list: 6106
name added to list: 6107
name added to list: 6108
name added to list: 6109
name added to list: 6110
name added to list: 6111
name added to list: 6112
name added to list: 6113
name added to list: 6114
name added to list: 6115
name added to list: 6116
name added to list: 6117
name added to list: 6118
name added to list: 6119
name added to list: 6120
name added to list: 6121
name added to list: 6122
name added to list: 6123
name added to list: 6124
name added to list: 6125
name added to list: 6126
name added to list: 6127
name added to list: 6128
name added to list: 6129
name added to list: 6130
name added to list: 6131
name added to list: 6132
name added to list: 6133
name added to list: 6134
name added to list: 6135
name added to list: 6136
name added to list: 6137
name added to list: 6138
name added to list: 6139
name added to list: 6140
name added to list: 6141
name added to list: 6142
name added to list: 6143
name added to list: 6144
name added to list: 6145
name added to list: 6146
name added to list: 6147
name added to list: 6148
name added to list: 6149
name added to list: 6150
name added to list: 6151
name added to list: 6152
name added to list: 6153
name added to list: 6154
name added to list: 6155
name added to list: 6156
name added to list: 6157
name added to list: 6158
name added to list: 6159
name added to list: 6160
name added to list: 6161
name added to list: 6162
name added to list: 6163
name added to list: 6164
name added to list: 6165
name added to list: 6166
name added to list: 6167
name added to list: 6168
name added to list: 6169
name added to list: 6170
name added to list: 6171
name added to list: 6172
name added to list: 6173
name added to list: 6174
name added to list: 6175
name added to list: 6176
name added to list: 6177
name added to list: 6178
name added to list: 6179
name added to list: 6180
name added to list: 6181
name added to list: 6182
name added to list: 6183
name added to list: 6184
name added to list: 6185
name added to list: 6186
name added to list: 6187
name added to list: 6188
name added to list: 6189
name added to list: 6190
name added to list: 6191
name added to list: 6192
name added to list: 6193
name added to list: 6194
name added to list: 6195
name added to list: 6196
name added to list: 6197
name added to list: 6198
name added to list: 6199
name added to list: 6200
name added to list: 6201
name added to list: 6202
name added to list: 6203
name added to list: 6204
name added to list: 6205
name added to list: 6206
name added to list: 6207
name added to list: 6208
name added to list: 6209
name added to list: 6210
name added to list: 6211
name added to list: 6212
name added to list: 6213
name added to list: 6214
name added to list: 6215
name added to list: 6216
name added to list: 6217
name added to list: 6218
name added to list: 6219
name added to list: 6220
name added to list: 6221
name added to list: 6222
name added to list: 6223
name added to list: 6224
name added to list: 6225
name added to list: 6226
name added to list: 6227
name added to list: 6228
name added to list: 6229
name added to list: 6230
name added to list: 6231
name added to list: 6232
name added to list: 6233
name added to list: 6234
name added to list: 6235
name added to list: 6236
name added to list: 6237
name added to list: 6238
name added to list: 6239
name added to list: 6240
name added to list: 6241
name added to list: 6242
name added to list: 6243
name added to list: 6244
name added to list: 6245
name added to list: 6246
name added to list: 6247
name added to list: 6248
name added to list: 6249
name added to list: 6250
name added to list: 6251
name added to list: 6252
name added to list: 6253
name added to list: 6254
name added to list: 6255
name added to list: 6256
name added to list: 6257
name added to list: 6258
name added to list: 6259
name added to list: 6260
name added to list: 6261
name added to list: 6262
name added to list: 6263
name added to list: 6264
name added to list: 6265
name added to list: 6266
name added to list: 6267
name added to list: 6268
name added to list: 6269
name added to list: 6270
name added to list: 6271
name added to list: 6272
name added to list: 6273
name added to list: 6274
name added to list: 6275
name added to list: 6276
name added to list: 6277
name added to list: 6278
name added to list: 6279
name added to list: 6280
name added to list: 6281
name added to list: 6282
name added to list: 6283
name added to list: 6284
name added to list: 6285
name added to list: 6286
name added to list: 6287
name added to list: 6288
name added to list: 6289
name added to list: 6290
name added to list: 6291
name added to list: 6292
name added to list: 6293
name added to list: 6294
name added to list: 6295
name added to list: 6296
name added to list: 6297
name added to list: 6298
name added to list: 6299
name added to list: 6300
name added to list: 6301
name added to list: 6302
name added to list: 6303
name added to list: 6304
name added to list: 6305
name added to list: 6306
name added to list: 6307
name added to list: 6308
name added to list: 6309
name added to list: 6310
name added to list: 6311
name added to list: 6312
name added to list: 6313
name added to list: 6314
name added to list: 6315
name added to list: 6316
name added to list: 6317
name added to list: 6318
name added to list: 6319
name added to list: 6320
name added to list: 6321
name added to list: 6322
name added to list: 6323
name added to list: 6324
name added to list: 6325
name added to list: 6326
name added to list: 6327
name added to list: 6328
name added to list: 6329
name added to list: 6330
name added to list: 6331
name added to list: 6332
name added to list: 6333
name added to list: 6334
name added to list: 6335
name added to list: 6336
name added to list: 6337
name added to list: 6338
name added to list: 6339
name added to list: 6340
name added to list: 6341
name added to list: 6342
name added to list: 6343
name added to list: 6344
name added to list: 6345
name added to list: 6346
name added to list: 6347
name added to list: 6348
name added to list: 6349
name added to list: 6350
name added to list: 6351
name added to list: 6352
name added to list: 6353
name added to list: 6354
name added to list: 6355
name added to list: 6356
name added to list: 6357
name added to list: 6358
name added to list: 6359
name added to list: 6360
name added to list: 6361
name added to list: 6362
name added to list: 6363
name added to list: 6364
name added to list: 6365
name added to list: 6366
name added to list: 6367
name added to list: 6368
name added to list: 6369
name added to list: 6370
name added to list: 6371
name added to list: 6372
name added to list: 6373
name added to list: 6374
name added to list: 6375
name added to list: 6376
name added to list: 6377
name added to list: 6378
name added to list: 6379
name added to list: 6380
name added to list: 6381
name added to list: 6382
name added to list: 6383
name added to list: 6384
name added to list: 6385
name added to list: 6386
name added to list: 6387
name added to list: 6388
name added to list: 6389
name added to list: 6390
name added to list: 6391
name added to list: 6392
name added to list: 6393
name added to list: 6394
name added to list: 6395
name added to list: 6396
name added to list: 6397
name added to list: 6398
name added to list: 6399
name added to list: 6400
name added to list: 6401
name added to list: 6402
name added to list: 6403
name added to list: 6404
name added to list: 6405
name added to list: 6406
name added to list: 6407
name added to list: 6408
name added to list: 6409
name added to list: 6410
name added to list: 6411
name added to list: 6412
name added to list: 6413
name added to list: 6414
name added to list: 6415
name added to list: 6416
name added to list: 6417
name added to list: 6418
name added to list: 6419
name added to list: 6420
name added to list: 6421
name added to list: 6422
name added to list: 6423
name added to list: 6424
name added to list: 6425
name added to list: 6426
name added to list: 6427
name added to list: 6428
name added to list: 6429
name added to list: 6430
name added to list: 6431
name added to list: 6432
name added to list: 6433
name added to list: 6434
name added to list: 6435
name added to list: 6436
name added to list: 6437
name added to list: 6438
name added to list: 6439
name added to list: 6440
name added to list: 6441
name added to list: 6442
name added to list: 6443
name added to list: 6444
name added to list: 6445
name added to list: 6446
name added to list: 6447
name added to list: 6448
name added to list: 6449
name added to list: 6450
name added to list: 6451
name added to list: 6452
name added to list: 6453
name added to list: 6454
name added to list: 6455
name added to list: 6456
name added to list: 6457
name added to list: 6458
name added to list: 6459
name added to list: 6460
name added to list: 6461
name added to list: 6462
name added to list: 6463
name added to list: 6464
name added to list: 6465
name added to list: 6466
name added to list: 6467
name added to list: 6468
name added to list: 6469
name added to list: 6470
name added to list: 6471
name added to list: 6472
name added to list: 6473
name added to list: 6474
name added to list: 6475
name added to list: 6476
name added to list: 6477
name added to list: 6478
name added to list: 6479
name added to list: 6480
name added to list: 6481
name added to list: 6482
name added to list: 6483
name added to list: 6484
name added to list: 6485
name added to list: 6486
name added to list: 6487
name added to list: 6488
name added to list: 6489
name added to list: 6490
name added to list: 6491
name added to list: 6492
name added to list: 6493
name added to list: 6494
name added to list: 6495
name added to list: 6496
name added to list: 6497
name added to list: 6498
name added to list: 6499
name added to list: 6500
name added to list: 6501
name added to list: 6502
name added to list: 6503
name added to list: 6504
name added to list: 6505
name added to list: 6506
name added to list: 6507
name added to list: 6508
name added to list: 6509
name added to list: 6510
name added to list: 6511
name added to list: 6512
name added to list: 6513
name added to list: 6514
name added to list: 6515
name added to list: 6516
name added to list: 6517
name added to list: 6518
name added to list: 6519
name added to list: 6520
name added to list: 6521
name added to list: 6522
name added to list: 6523
name added to list: 6524
name added to list: 6525
name added to list: 6526
name added to list: 6527
name added to list: 6528
name added to list: 6529
name added to list: 6530
name added to list: 6531
name added to list: 6532
name added to list: 6533
name added to list: 6534
name added to list: 6535
name added to list: 6536
name added to list: 6537
name added to list: 6538
name added to list: 6539
name added to list: 6540
name added to list: 6541
name added to list: 6542
name added to list: 6543
name added to list: 6544
name added to list: 6545
name added to list: 6546
name added to list: 6547
name added to list: 6548
name added to list: 6549
name added to list: 6550
name added to list: 6551
name added to list: 6552
name added to list: 6553
name added to list: 6554
name added to list: 6555
name added to list: 6556
name added to list: 6557
name added to list: 6558
name added to list: 6559
name added to list: 6560
name added to list: 6561
name added to list: 6562
name added to list: 6563
name added to list: 6564
name added to list: 6565
name added to list: 6566
name added to list: 6567
name added to list: 6568
name added to list: 6569
name added to list: 6570
name added to list: 6571
name added to list: 6572
name added to list: 6573
name added to list: 6574
name added to list: 6575
name added to list: 6576
name added to list: 6577
name added to list: 6578
name added to list: 6579
name added to list: 6580
name added to list: 6581
name added to list: 6582
name added to list: 6583
name added to list: 6584
name added to list: 6585
name added to list: 6586
name added to list: 6587
name added to list: 6588
name added to list: 6589
name added to list: 6590
name added to list: 6591
name added to list: 6592
name added to list: 6593
name added to list: 6594
name added to list: 6595
name added to list: 6596
name added to list: 6597
name added to list: 6598
name added to list: 6599
name added to list: 6600
name added to list: 6601
name added to list: 6602
name added to list: 6603
name added to list: 6604
name added to list: 6605
name added to list: 6606
name added to list: 6607
name added to list: 6608
name added to list: 6609
name added to list: 6610
name added to list: 6611
name added to list: 6612
name added to list: 6613
name added to list: 6614
name added to list: 6615
name added to list: 6616
name added to list: 6617
name added to list: 6618
name added to list: 6619
name added to list: 6620
name added to list: 6621
name added to list: 6622
name added to list: 6623
name added to list: 6624
name added to list: 6625
name added to list: 6626
name added to list: 6627
name added to list: 6628
name added to list: 6629
name added to list: 6630
name added to list: 6631
name added to list: 6632
name added to list: 6633
name added to list: 6634
name added to list: 6635
name added to list: 6636
name added to list: 6637
name added to list: 6638
name added to list: 6639
name added to list: 6640
name added to list: 6641
name added to list: 6642
name added to list: 6643
name added to list: 6644
name added to list: 6645
name added to list: 6646
name added to list: 6647
name added to list: 6648
name added to list: 6649
name added to list: 6650
name added to list: 6651
name added to list: 6652
name added to list: 6653
name added to list: 6654
name added to list: 6655
name added to list: 6656
name added to list: 6657
name added to list: 6658
name added to list: 6659
name added to list: 6660
name added to list: 6661
name added to list: 6662
name added to list: 6663
name added to list: 6664
name added to list: 6665
name added to list: 6666
name added to list: 6667
name added to list: 6668
name added to list: 6669
name added to list: 6670
name added to list: 6671
name added to list: 6672
name added to list: 6673
name added to list: 6674
name added to list: 6675
name added to list: 6676
name added to list: 6677
name added to list: 6678
name added to list: 6679
name added to list: 6680
name added to list: 6681
name added to list: 6682
name added to list: 6683
name added to list: 6684
name added to list: 6685
name added to list: 6686
name added to list: 6687
name added to list: 6688
name added to list: 6689
name added to list: 6690
name added to list: 6691
name added to list: 6692
name added to list: 6693
name added to list: 6694
name added to list: 6695
name added to list: 6696
name added to list: 6697
name added to list: 6698
name added to list: 6699
name added to list: 6700
name added to list: 6701
name added to list: 6702
name added to list: 6703
name added to list: 6704
name added to list: 6705
name added to list: 6706
name added to list: 6707
name added to list: 6708
name added to list: 6709
name added to list: 6710
name added to list: 6711
name added to list: 6712
name added to list: 6713
name added to list: 6714
name added to list: 6715
name added to list: 6716
name added to list: 6717
name added to list: 6718
name added to list: 6719
name added to list: 6720
name added to list: 6721
name added to list: 6722
name added to list: 6723
name added to list: 6724
name added to list: 6725
name added to list: 6726
name added to list: 6727
name added to list: 6728
name added to list: 6729
name added to list: 6730
name added to list: 6731
name added to list: 6732
name added to list: 6733
name added to list: 6734
name added to list: 6735
name added to list: 6736
name added to list: 6737
name added to list: 6738
name added to list: 6739
name added to list: 6740
name added to list: 6741
name added to list: 6742
name added to list: 6743
name added to list: 6744
name added to list: 6745
name added to list: 6746
name added to list: 6747
name added to list: 6748
name added to list: 6749
name added to list: 6750
name added to list: 6751
name added to list: 6752
name added to list: 6753
name added to list: 6754
name added to list: 6755
name added to list: 6756
name added to list: 6757
name added to list: 6758
name added to list: 6759
name added to list: 6760
name added to list: 6761
name added to list: 6762
name added to list: 6763
name added to list: 6764
name added to list: 6765
name added to list: 6766
name added to list: 6767
name added to list: 6768
name added to list: 6769
name added to list: 6770
name added to list: 6771
name added to list: 6772
name added to list: 6773
name added to list: 6774
name added to list: 6775
name added to list: 6776
name added to list: 6777
name added to list: 6778
name added to list: 6779
name added to list: 6780
name added to list: 6781
name added to list: 6782
name added to list: 6783
name added to list: 6784
name added to list: 6785
name added to list: 6786
name added to list: 6787
name added to list: 6788
name added to list: 6789
name added to list: 6790
name added to list: 6791
name added to list: 6792
name added to list: 6793
name added to list: 6794
name added to list: 6795
name added to list: 6796
name added to list: 6797
name added to list: 6798
name added to list: 6799
name added to list: 6800
name added to list: 6801
name added to list: 6802
name added to list: 6803
name added to list: 6804
name added to list: 6805
name added to list: 6806
name added to list: 6807
name added to list: 6808
name added to list: 6809
name added to list: 6810
name added to list: 6811
name added to list: 6812
name added to list: 6813
name added to list: 6814
name added to list: 6815
name added to list: 6816
name added to list: 6817
name added to list: 6818
name added to list: 6819
name added to list: 6820
name added to list: 6821
name added to list: 6822
name added to list: 6823
name added to list: 6824
name added to list: 6825
name added to list: 6826
name added to list: 6827
name added to list: 6828
name added to list: 6829
name added to list: 6830
name added to list: 6831
name added to list: 6832
name added to list: 6833
name added to list: 6834
name added to list: 6835
name added to list: 6836
name added to list: 6837
name added to list: 6838
name added to list: 6839
name added to list: 6840
name added to list: 6841
name added to list: 6842
name added to list: 6843
name added to list: 6844
name added to list: 6845
name added to list: 6846
name added to list: 6847
name added to list: 6848
name added to list: 6849
name added to list: 6850
name added to list: 6851
name added to list: 6852
name added to list: 6853
name added to list: 6854
name added to list: 6855
name added to list: 6856
name added to list: 6857
name added to list: 6858
name added to list: 6859
name added to list: 6860
name added to list: 6861
name added to list: 6862
name added to list: 6863
name added to list: 6864
name added to list: 6865
name added to list: 6866
name added to list: 6867
name added to list: 6868
name added to list: 6869
name added to list: 6870
name added to list: 6871
name added to list: 6872
name added to list: 6873
name added to list: 6874
name added to list: 6875
name added to list: 6876
name added to list: 6877
name added to list: 6878
name added to list: 6879
name added to list: 6880
name added to list: 6881
name added to list: 6882
name added to list: 6883
name added to list: 6884
name added to list: 6885
name added to list: 6886
name added to list: 6887
name added to list: 6888
name added to list: 6889
name added to list: 6890
name added to list: 6891
name added to list: 6892
name added to list: 6893
name added to list: 6894
name added to list: 6895
name added to list: 6896
name added to list: 6897
name added to list: 6898
name added to list: 6899
name added to list: 6900
name added to list: 6901
name added to list: 6902
name added to list: 6903
name added to list: 6904
name added to list: 6905
name added to list: 6906
name added to list: 6907
name added to list: 6908
name added to list: 6909
name added to list: 6910
name added to list: 6911
name added to list: 6912
name added to list: 6913
name added to list: 6914
name added to list: 6915
name added to list: 6916
name added to list: 6917
name added to list: 6918
name added to list: 6919
name added to list: 6920
name added to list: 6921
name added to list: 6922
name added to list: 6923
name added to list: 6924
name added to list: 6925
name added to list: 6926
name added to list: 6927
name added to list: 6928
name added to list: 6929
name added to list: 6930
name added to list: 6931
name added to list: 6932
name added to list: 6933
name added to list: 6934
name added to list: 6935
name added to list: 6936
name added to list: 6937
name added to list: 6938
name added to list: 6939
name added to list: 6940
name added to list: 6941
name added to list: 6942
name added to list: 6943
name added to list: 6944
name added to list: 6945
name added to list: 6946
name added to list: 6947
name added to list: 6948
name added to list: 6949
name added to list: 6950
name added to list: 6951
name added to list: 6952
name added to list: 6953
name added to list: 6954
name added to list: 6955
name added to list: 6956
name added to list: 6957
name added to list: 6958
name added to list: 6959
name added to list: 6960
name added to list: 6961
name added to list: 6962
name added to list: 6963
name added to list: 6964
name added to list: 6965
name added to list: 6966
name added to list: 6967
name added to list: 6968
name added to list: 6969
name added to list: 6970
name added to list: 6971
name added to list: 6972
name added to list: 6973
name added to list: 6974
name added to list: 6975
name added to list: 6976
name added to list: 6977
name added to list: 6978
name added to list: 6979
name added to list: 6980
name added to list: 6981
name added to list: 6982
name added to list: 6983
name added to list: 6984
name added to list: 6985
name added to list: 6986
name added to list: 6987
name added to list: 6988
name added to list: 6989
name added to list: 6990
name added to list: 6991
name added to list: 6992
name added to list: 6993
name added to list: 6994
name added to list: 6995
name added to list: 6996
name added to list: 6997
name added to list: 6998
name added to list: 6999
name added to list: 7000
name added to list: 7001
name added to list: 7002
name added to list: 7003
name added to list: 7004
name added to list: 7005
name added to list: 7006
name added to list: 7007
name added to list: 7008
name added to list: 7009
name added to list: 7010
name added to list: 7011
name added to list: 7012
name added to list: 7013
name added to list: 7014
name added to list: 7015
name added to list: 7016
name added to list: 7017
name added to list: 7018
name added to list: 7019
name added to list: 7020
name added to list: 7021
name added to list: 7022
name added to list: 7023
name added to list: 7024
name added to list: 7025
name added to list: 7026
name added to list: 7027
name added to list: 7028
name added to list: 7029
name added to list: 7030
name added to list: 7031
name added to list: 7032
name added to list: 7033
name added to list: 7034
name added to list: 7035
name added to list: 7036
name added to list: 7037
name added to list: 7038
name added to list: 7039
name added to list: 7040
name added to list: 7041
name added to list: 7042
name added to list: 7043
name added to list: 7044
name added to list: 7045
name added to list: 7046
name added to list: 7047
name added to list: 7048
name added to list: 7049
name added to list: 7050
name added to list: 7051
name added to list: 7052
name added to list: 7053
name added to list: 7054
name added to list: 7055
name added to list: 7056
name added to list: 7057
name added to list: 7058
name added to list: 7059
name added to list: 7060
name added to list: 7061
name added to list: 7062
name added to list: 7063
name added to list: 7064
name added to list: 7065
name added to list: 7066
name added to list: 7067
name added to list: 7068
name added to list: 7069
name added to list: 7070
name added to list: 7071
name added to list: 7072
name added to list: 7073
name added to list: 7074
name added to list: 7075
name added to list: 7076
name added to list: 7077
name added to list: 7078
name added to list: 7079
name added to list: 7080
name added to list: 7081
name added to list: 7082
name added to list: 7083
name added to list: 7084
name added to list: 7085
name added to list: 7086
name added to list: 7087
name added to list: 7088
name added to list: 7089
name added to list: 7090
name added to list: 7091
name added to list: 7092
name added to list: 7093
name added to list: 7094
name added to list: 7095
name added to list: 7096
name added to list: 7097
name added to list: 7098
name added to list: 7099
name added to list: 7100
name added to list: 7101
name added to list: 7102
name added to list: 7103
name added to list: 7104
name added to list: 7105
name added to list: 7106
name added to list: 7107
name added to list: 7108
name added to list: 7109
name added to list: 7110
name added to list: 7111
name added to list: 7112
name added to list: 7113
name added to list: 7114
name added to list: 7115
name added to list: 7116
name added to list: 7117
name added to list: 7118
name added to list: 7119
name added to list: 7120
name added to list: 7121
name added to list: 7122
name added to list: 7123
name added to list: 7124
name added to list: 7125
name added to list: 7126
name added to list: 7127
name added to list: 7128
name added to list: 7129
name added to list: 7130
name added to list: 7131
name added to list: 7132
name added to list: 7133
name added to list: 7134
name added to list: 7135
name added to list: 7136
name added to list: 7137
name added to list: 7138
name added to list: 7139
name added to list: 7140
name added to list: 7141
name added to list: 7142
name added to list: 7143
name added to list: 7144
name added to list: 7145
name added to list: 7146
name added to list: 7147
name added to list: 7148
name added to list: 7149
name added to list: 7150
name added to list: 7151
name added to list: 7152
name added to list: 7153
name added to list: 7154
name added to list: 7155
name added to list: 7156
name added to list: 7157
name added to list: 7158
name added to list: 7159
name added to list: 7160
name added to list: 7161
name added to list: 7162
name added to list: 7163
name added to list: 7164
name added to list: 7165
name added to list: 7166
name added to list: 7167
name added to list: 7168
name added to list: 7169
name added to list: 7170
name added to list: 7171
name added to list: 7172
name added to list: 7173
name added to list: 7174
name added to list: 7175
name added to list: 7176
name added to list: 7177
name added to list: 7178
name added to list: 7179
name added to list: 7180
name added to list: 7181
name added to list: 7182
name added to list: 7183
name added to list: 7184
name added to list: 7185
name added to list: 7186
name added to list: 7187
name added to list: 7188
name added to list: 7189
name added to list: 7190
name added to list: 7191
name added to list: 7192
name added to list: 7193
name added to list: 7194
name added to list: 7195
name added to list: 7196
name added to list: 7197
name added to list: 7198
name added to list: 7199
name added to list: 7200
name added to list: 7201
name added to list: 7202
name added to list: 7203
name added to list: 7204
name added to list: 7205
name added to list: 7206
name added to list: 7207
name added to list: 7208
name added to list: 7209
name added to list: 7210
name added to list: 7211
name added to list: 7212
name added to list: 7213
name added to list: 7214
name added to list: 7215
name added to list: 7216
name added to list: 7217
name added to list: 7218
name added to list: 7219
name added to list: 7220
name added to list: 7221
name added to list: 7222
name added to list: 7223
name added to list: 7224
name added to list: 7225
name added to list: 7226
name added to list: 7227
name added to list: 7228
name added to list: 7229
name added to list: 7230
name added to list: 7231
name added to list: 7232
name added to list: 7233
name added to list: 7234
name added to list: 7235
name added to list: 7236
name added to list: 7237
name added to list: 7238
name added to list: 7239
name added to list: 7240
name added to list: 7241
name added to list: 7242
name added to list: 7243
name added to list: 7244
name added to list: 7245
name added to list: 7246
name added to list: 7247
name added to list: 7248
name added to list: 7249
name added to list: 7250
name added to list: 7251
name added to list: 7252
name added to list: 7253
name added to list: 7254
name added to list: 7255
name added to list: 7256
name added to list: 7257
name added to list: 7258
name added to list: 7259
name added to list: 7260
name added to list: 7261
name added to list: 7262
name added to list: 7263
name added to list: 7264
name added to list: 7265
name added to list: 7266
name added to list: 7267
name added to list: 7268
name added to list: 7269
name added to list: 7270
name added to list: 7271
name added to list: 7272
name added to list: 7273
name added to list: 7274
name added to list: 7275
name added to list: 7276
name added to list: 7277
name added to list: 7278
name added to list: 7279
name added to list: 7280
name added to list: 7281
name added to list: 7282
name added to list: 7283
name added to list: 7284
name added to list: 7285
name added to list: 7286
name added to list: 7287
name added to list: 7288
name added to list: 7289
name added to list: 7290
name added to list: 7291
name added to list: 7292
name added to list: 7293
name added to list: 7294
name added to list: 7295
name added to list: 7296
name added to list: 7297
name added to list: 7298
name added to list: 7299
name added to list: 7300
name added to list: 7301
name added to list: 7302
name added to list: 7303
name added to list: 7304
name added to list: 7305
name added to list: 7306
name added to list: 7307
name added to list: 7308
name added to list: 7309
name added to list: 7310
name added to list: 7311
name added to list: 7312
name added to list: 7313
name added to list: 7314
name added to list: 7315
name added to list: 7316
name added to list: 7317
name added to list: 7318
name added to list: 7319
name added to list: 7320
name added to list: 7321
name added to list: 7322
name added to list: 7323
name added to list: 7324
name added to list: 7325
name added to list: 7326
name added to list: 7327
name added to list: 7328
name added to list: 7329
name added to list: 7330
name added to list: 7331
name added to list: 7332
name added to list: 7333
name added to list: 7334
name added to list: 7335
name added to list: 7336
name added to list: 7337
name added to list: 7338
name added to list: 7339
name added to list: 7340
name added to list: 7341
name added to list: 7342
name added to list: 7343
name added to list: 7344
name added to list: 7345
name added to list: 7346
name added to list: 7347
name added to list: 7348
name added to list: 7349
name added to list: 7350
name added to list: 7351
name added to list: 7352
name added to list: 7353
name added to list: 7354
name added to list: 7355
name added to list: 7356
name added to list: 7357
name added to list: 7358
name added to list: 7359
name added to list: 7360
name added to list: 7361
name added to list: 7362
name added to list: 7363
name added to list: 7364
name added to list: 7365
name added to list: 7366
name added to list: 7367
name added to list: 7368
name added to list: 7369
name added to list: 7370
name added to list: 7371
name added to list: 7372
name added to list: 7373
name added to list: 7374
name added to list: 7375
name added to list: 7376
name added to list: 7377
name added to list: 7378
name added to list: 7379
name added to list: 7380
name added to list: 7381
name added to list: 7382
name added to list: 7383
name added to list: 7384
name added to list: 7385
name added to list: 7386
name added to list: 7387
name added to list: 7388
name added to list: 7389
name added to list: 7390
name added to list: 7391
name added to list: 7392
name added to list: 7393
name added to list: 7394
name added to list: 7395
name added to list: 7396
name added to list: 7397
name added to list: 7398
name added to list: 7399
name added to list: 7400
name added to list: 7401
name added to list: 7402
name added to list: 7403
name added to list: 7404
name added to list: 7405
name added to list: 7406
name added to list: 7407
name added to list: 7408
name added to list: 7409
name added to list: 7410
name added to list: 7411
name added to list: 7412
name added to list: 7413
name added to list: 7414
name added to list: 7415
name added to list: 7416
name added to list: 7417
name added to list: 7418
name added to list: 7419
name added to list: 7420
name added to list: 7421
name added to list: 7422
name added to list: 7423
name added to list: 7424
name added to list: 7425
name added to list: 7426
name added to list: 7427
name added to list: 7428
name added to list: 7429
name added to list: 7430
name added to list: 7431
name added to list: 7432
name added to list: 7433
name added to list: 7434
name added to list: 7435
name added to list: 7436
name added to list: 7437
name added to list: 7438
name added to list: 7439
name added to list: 7440
name added to list: 7441
name added to list: 7442
name added to list: 7443
name added to list: 7444
name added to list: 7445
name added to list: 7446
name added to list: 7447
name added to list: 7448
name added to list: 7449
name added to list: 7450
name added to list: 7451
name added to list: 7452
name added to list: 7453
name added to list: 7454
name added to list: 7455
name added to list: 7456
name added to list: 7457
name added to list: 7458
name added to list: 7459
name added to list: 7460
name added to list: 7461
name added to list: 7462
name added to list: 7463
name added to list: 7464
name added to list: 7465
name added to list: 7466
name added to list: 7467
name added to list: 7468
name added to list: 7469
name added to list: 7470
name added to list: 7471
name added to list: 7472
name added to list: 7473
name added to list: 7474
name added to list: 7475
name added to list: 7476
name added to list: 7477
name added to list: 7478
name added to list: 7479
name added to list: 7480
name added to list: 7481
name added to list: 7482
name added to list: 7483
name added to list: 7484
name added to list: 7485
name added to list: 7486
name added to list: 7487
name added to list: 7488
name added to list: 7489
name added to list: 7490
name added to list: 7491
name added to list: 7492
name added to list: 7493
name added to list: 7494
name added to list: 7495
name added to list: 7496
name added to list: 7497
name added to list: 7498
name added to list: 7499
name added to list: 7500
name added to list: 7501
name added to list: 7502
name added to list: 7503
name added to list: 7504
name added to list: 7505
name added to list: 7506
name added to list: 7507
name added to list: 7508
name added to list: 7509
name added to list: 7510
name added to list: 7511
name added to list: 7512
name added to list: 7513
name added to list: 7514
name added to list: 7515
name added to list: 7516
name added to list: 7517
name added to list: 7518
name added to list: 7519
name added to list: 7520
name added to list: 7521
name added to list: 7522
name added to list: 7523
name added to list: 7524
name added to list: 7525
name added to list: 7526
name added to list: 7527
name added to list: 7528
name added to list: 7529
name added to list: 7530
name added to list: 7531
name added to list: 7532
name added to list: 7533
name added to list: 7534
name added to list: 7535
name added to list: 7536
name added to list: 7537
name added to list: 7538
name added to list: 7539
name added to list: 7540
name added to list: 7541
name added to list: 7542
name added to list: 7543
name added to list: 7544
name added to list: 7545
name added to list: 7546
name added to list: 7547
name added to list: 7548
name added to list: 7549
name added to list: 7550
name added to list: 7551
name added to list: 7552
name added to list: 7553
name added to list: 7554
name added to list: 7555
name added to list: 7556
name added to list: 7557
name added to list: 7558
name added to list: 7559
name added to list: 7560
name added to list: 7561
name added to list: 7562
name added to list: 7563
name added to list: 7564
name added to list: 7565
name added to list: 7566
name added to list: 7567
name added to list: 7568
name added to list: 7569
name added to list: 7570
name added to list: 7571
name added to list: 7572
name added to list: 7573
name added to list: 7574
name added to list: 7575
name added to list: 7576
name added to list: 7577
name added to list: 7578
name added to list: 7579
name added to list: 7580
name added to list: 7581
name added to list: 7582
name added to list: 7583
name added to list: 7584
name added to list: 7585
name added to list: 7586
name added to list: 7587
name added to list: 7588
name added to list: 7589
name added to list: 7590
name added to list: 7591
name added to list: 7592
name added to list: 7593
name added to list: 7594
name added to list: 7595
name added to list: 7596
name added to list: 7597
name added to list: 7598
name added to list: 7599
name added to list: 7600
name added to list: 7601
name added to list: 7602
name added to list: 7603
name added to list: 7604
name added to list: 7605
name added to list: 7606
name added to list: 7607
name added to list: 7608
name added to list: 7609
name added to list: 7610
name added to list: 7611
name added to list: 7612
name added to list: 7613
name added to list: 7614
name added to list: 7615
name added to list: 7616
name added to list: 7617
name added to list: 7618
name added to list: 7619
name added to list: 7620
name added to list: 7621
name added to list: 7622
name added to list: 7623
name added to list: 7624
name added to list: 7625
name added to list: 7626
name added to list: 7627
name added to list: 7628
name added to list: 7629
name added to list: 7630
name added to list: 7631
name added to list: 7632
name added to list: 7633
name added to list: 7634
name added to list: 7635
name added to list: 7636
name added to list: 7637
name added to list: 7638
name added to list: 7639
name added to list: 7640
name added to list: 7641
name added to list: 7642
name added to list: 7643
name added to list: 7644
name added to list: 7645
name added to list: 7646
name added to list: 7647
name added to list: 7648
name added to list: 7649
name added to list: 7650
name added to list: 7651
name added to list: 7652
name added to list: 7653
name added to list: 7654
name added to list: 7655
name added to list: 7656
name added to list: 7657
name added to list: 7658
name added to list: 7659
name added to list: 7660
name added to list: 7661
name added to list: 7662
name added to list: 7663
name added to list: 7664
name added to list: 7665
name added to list: 7666
name added to list: 7667
name added to list: 7668
name added to list: 7669
name added to list: 7670
name added to list: 7671
name added to list: 7672
name added to list: 7673
name added to list: 7674
name added to list: 7675
name added to list: 7676
name added to list: 7677
name added to list: 7678
name added to list: 7679
name added to list: 7680
name added to list: 7681
name added to list: 7682
name added to list: 7683
name added to list: 7684
name added to list: 7685
name added to list: 7686
name added to list: 7687
name added to list: 7688
name added to list: 7689
name added to list: 7690
name added to list: 7691
name added to list: 7692
name added to list: 7693
name added to list: 7694
name added to list: 7695
name added to list: 7696
name added to list: 7697
name added to list: 7698
name added to list: 7699
name added to list: 7700
name added to list: 7701
name added to list: 7702
name added to list: 7703
name added to list: 7704
name added to list: 7705
name added to list: 7706
name added to list: 7707
name added to list: 7708
name added to list: 7709
name added to list: 7710
name added to list: 7711
name added to list: 7712
name added to list: 7713
name added to list: 7714
name added to list: 7715
name added to list: 7716
name added to list: 7717
name added to list: 7718
name added to list: 7719
name added to list: 7720
name added to list: 7721
name added to list: 7722
name added to list: 7723
name added to list: 7724
name added to list: 7725
name added to list: 7726
name added to list: 7727
name added to list: 7728
name added to list: 7729
name added to list: 7730
name added to list: 7731
name added to list: 7732
name added to list: 7733
name added to list: 7734
name added to list: 7735
name added to list: 7736
name added to list: 7737
name added to list: 7738
name added to list: 7739
name added to list: 7740
name added to list: 7741
name added to list: 7742
name added to list: 7743
name added to list: 7744
name added to list: 7745
name added to list: 7746
name added to list: 7747
name added to list: 7748
name added to list: 7749
name added to list: 7750
name added to list: 7751
name added to list: 7752
name added to list: 7753
name added to list: 7754
name added to list: 7755
name added to list: 7756
name added to list: 7757
name added to list: 7758
name added to list: 7759
name added to list: 7760
name added to list: 7761
name added to list: 7762
name added to list: 7763
name added to list: 7764
name added to list: 7765
name added to list: 7766
name added to list: 7767
name added to list: 7768
name added to list: 7769
name added to list: 7770
name added to list: 7771
name added to list: 7772
name added to list: 7773
name added to list: 7774
name added to list: 7775
name added to list: 7776
name added to list: 7777
name added to list: 7778
name added to list: 7779
name added to list: 7780
name added to list: 7781
name added to list: 7782
name added to list: 7783
name added to list: 7784
name added to list: 7785
name added to list: 7786
name added to list: 7787
name added to list: 7788
name added to list: 7789
name added to list: 7790
name added to list: 7791
name added to list: 7792
name added to list: 7793
name added to list: 7794
name added to list: 7795
name added to list: 7796
name added to list: 7797
name added to list: 7798
name added to list: 7799
name added to list: 7800
name added to list: 7801
name added to list: 7802
name added to list: 7803
name added to list: 7804
name added to list: 7805
name added to list: 7806
name added to list: 7807
name added to list: 7808
name added to list: 7809
name added to list: 7810
name added to list: 7811
name added to list: 7812
name added to list: 7813
name added to list: 7814
name added to list: 7815
name added to list: 7816
name added to list: 7817
name added to list: 7818
name added to list: 7819
name added to list: 7820
name added to list: 7821
name added to list: 7822
name added to list: 7823
name added to list: 7824
name added to list: 7825
name added to list: 7826
name added to list: 7827
name added to list: 7828
name added to list: 7829
name added to list: 7830
name added to list: 7831
name added to list: 7832
name added to list: 7833
name added to list: 7834
name added to list: 7835
name added to list: 7836
name added to list: 7837
name added to list: 7838
name added to list: 7839
name added to list: 7840
name added to list: 7841
name added to list: 7842
name added to list: 7843
name added to list: 7844
name added to list: 7845
name added to list: 7846
name added to list: 7847
name added to list: 7848
name added to list: 7849
name added to list: 7850
name added to list: 7851
name added to list: 7852
name added to list: 7853
name added to list: 7854
name added to list: 7855
name added to list: 7856
name added to list: 7857
name added to list: 7858
name added to list: 7859
name added to list: 7860
name added to list: 7861
name added to list: 7862
name added to list: 7863
name added to list: 7864
name added to list: 7865
name added to list: 7866
name added to list: 7867
name added to list: 7868
name added to list: 7869
name added to list: 7870
name added to list: 7871
name added to list: 7872
name added to list: 7873
name added to list: 7874
name added to list: 7875
name added to list: 7876
name added to list: 7877
name added to list: 7878
name added to list: 7879
name added to list: 7880
name added to list: 7881
name added to list: 7882
name added to list: 7883
name added to list: 7884
name added to list: 7885
name added to list: 7886
name added to list: 7887
name added to list: 7888
name added to list: 7889
name added to list: 7890
name added to list: 7891
name added to list: 7892
name added to list: 7893
name added to list: 7894
name added to list: 7895
name added to list: 7896
name added to list: 7897
name added to list: 7898
name added to list: 7899
name added to list: 7900
name added to list: 7901
name added to list: 7902
name added to list: 7903
name added to list: 7904
name added to list: 7905
name added to list: 7906
name added to list: 7907
name added to list: 7908
name added to list: 7909
name added to list: 7910
name added to list: 7911
name added to list: 7912
name added to list: 7913
name added to list: 7914
name added to list: 7915
name added to list: 7916
name added to list: 7917
name added to list: 7918
name added to list: 7919
name added to list: 7920
name added to list: 7921
name added to list: 7922
name added to list: 7923
name added to list: 7924
name added to list: 7925
name added to list: 7926
name added to list: 7927
name added to list: 7928
name added to list: 7929
name added to list: 7930
name added to list: 7931
name added to list: 7932
name added to list: 7933
name added to list: 7934
name added to list: 7935
name added to list: 7936
name added to list: 7937
name added to list: 7938
name added to list: 7939
name added to list: 7940
name added to list: 7941
name added to list: 7942
name added to list: 7943
name added to list: 7944
name added to list: 7945
name added to list: 7946
name added to list: 7947
name added to list: 7948
name added to list: 7949
name added to list: 7950
name added to list: 7951
name added to list: 7952
name added to list: 7953
name added to list: 7954
name added to list: 7955
name added to list: 7956
name added to list: 7957
name added to list: 7958
name added to list: 7959
name added to list: 7960
name added to list: 7961
name added to list: 7962
name added to list: 7963
name added to list: 7964
name added to list: 7965
name added to list: 7966
name added to list: 7967
name added to list: 7968
name added to list: 7969
name added to list: 7970
name added to list: 7971
name added to list: 7972
name added to list: 7973
name added to list: 7974
name added to list: 7975
name added to list: 7976
name added to list: 7977
name added to list: 7978
name added to list: 7979
name added to list: 7980
name added to list: 7981
name added to list: 7982
name added to list: 7983
name added to list: 7984
name added to list: 7985
name added to list: 7986
name added to list: 7987
name added to list: 7988
name added to list: 7989
name added to list: 7990
name added to list: 7991
name added to list: 7992
name added to list: 7993
name added to list: 7994
name added to list: 7995
name added to list: 7996
name added to list: 7997
name added to list: 7998
name added to list: 7999
name added to list: 8000
name added to list: 8001
name added to list: 8002
name added to list: 8003
name added to list: 8004
name added to list: 8005
name added to list: 8006
name added to list: 8007
name added to list: 8008
name added to list: 8009
name added to list: 8010
name added to list: 8011
name added to list: 8012
name added to list: 8013
name added to list: 8014
name added to list: 8015
name added to list: 8016
name added to list: 8017
name added to list: 8018
name added to list: 8019
name added to list: 8020
name added to list: 8021
name added to list: 8022
name added to list: 8023
name added to list: 8024
name added to list: 8025
name added to list: 8026
name added to list: 8027
name added to list: 8028
name added to list: 8029
name added to list: 8030
name added to list: 8031
name added to list: 8032
name added to list: 8033
name added to list: 8034
name added to list: 8035
name added to list: 8036
name added to list: 8037
name added to list: 8038
name added to list: 8039
name added to list: 8040
name added to list: 8041
name added to list: 8042
name added to list: 8043
name added to list: 8044
name added to list: 8045
name added to list: 8046
name added to list: 8047
name added to list: 8048
name added to list: 8049
name added to list: 8050
name added to list: 8051
name added to list: 8052
name added to list: 8053
name added to list: 8054
name added to list: 8055
name added to list: 8056
name added to list: 8057
name added to list: 8058
name added to list: 8059
name added to list: 8060
name added to list: 8061
name added to list: 8062
name added to list: 8063
name added to list: 8064
name added to list: 8065
name added to list: 8066
name added to list: 8067
name added to list: 8068
name added to list: 8069
name added to list: 8070
name added to list: 8071
name added to list: 8072
name added to list: 8073
name added to list: 8074
name added to list: 8075
name added to list: 8076
name added to list: 8077
name added to list: 8078
name added to list: 8079
name added to list: 8080
name added to list: 8081
name added to list: 8082
name added to list: 8083
name added to list: 8084
name added to list: 8085
name added to list: 8086
name added to list: 8087
name added to list: 8088
name added to list: 8089
name added to list: 8090
name added to list: 8091
name added to list: 8092
name added to list: 8093
name added to list: 8094
name added to list: 8095
name added to list: 8096
name added to list: 8097
name added to list: 8098
name added to list: 8099
name added to list: 8100
name added to list: 8101
name added to list: 8102
name added to list: 8103
name added to list: 8104
name added to list: 8105
name added to list: 8106
name added to list: 8107
name added to list: 8108
name added to list: 8109
name added to list: 8110
name added to list: 8111
name added to list: 8112
name added to list: 8113
name added to list: 8114
name added to list: 8115
name added to list: 8116
name added to list: 8117
name added to list: 8118
name added to list: 8119
name added to list: 8120
name added to list: 8121
name added to list: 8122
name added to list: 8123
name added to list: 8124
name added to list: 8125
name added to list: 8126
name added to list: 8127
name added to list: 8128
name added to list: 8129
name added to list: 8130
name added to list: 8131
name added to list: 8132
name added to list: 8133
name added to list: 8134
name added to list: 8135
name added to list: 8136
name added to list: 8137
name added to list: 8138
name added to list: 8139
name added to list: 8140
name added to list: 8141
name added to list: 8142
name added to list: 8143
name added to list: 8144
name added to list: 8145
name added to list: 8146
name added to list: 8147
name added to list: 8148
name added to list: 8149
name added to list: 8150
name added to list: 8151
name added to list: 8152
name added to list: 8153
name added to list: 8154
name added to list: 8155
name added to list: 8156
name added to list: 8157
name added to list: 8158
name added to list: 8159
name added to list: 8160
name added to list: 8161
name added to list: 8162
name added to list: 8163
name added to list: 8164
name added to list: 8165
name added to list: 8166
name added to list: 8167
name added to list: 8168
name added to list: 8169
name added to list: 8170
name added to list: 8171
name added to list: 8172
name added to list: 8173
name added to list: 8174
name added to list: 8175
name added to list: 8176
name added to list: 8177
name added to list: 8178
name added to list: 8179
name added to list: 8180
name added to list: 8181
name added to list: 8182
name added to list: 8183
name added to list: 8184
name added to list: 8185
name added to list: 8186
name added to list: 8187
name added to list: 8188
name added to list: 8189
name added to list: 8190
name added to list: 8191
name added to list: 8192
name added to list: 8193
name added to list: 8194
name added to list: 8195
name added to list: 8196
name added to list: 8197
name added to list: 8198
name added to list: 8199
name added to list: 8200
name added to list: 8201
name added to list: 8202
name added to list: 8203
name added to list: 8204
name added to list: 8205
name added to list: 8206
name added to list: 8207
name added to list: 8208
name added to list: 8209
name added to list: 8210
name added to list: 8211
name added to list: 8212
name added to list: 8213
name added to list: 8214
name added to list: 8215
name added to list: 8216
name added to list: 8217
name added to list: 8218
name added to list: 8219
name added to list: 8220
name added to list: 8221
name added to list: 8222
name added to list: 8223
name added to list: 8224
name added to list: 8225
name added to list: 8226
name added to list: 8227
name added to list: 8228
name added to list: 8229
name added to list: 8230
name added to list: 8231
name added to list: 8232
name added to list: 8233
name added to list: 8234
name added to list: 8235
name added to list: 8236
name added to list: 8237
name added to list: 8238
name added to list: 8239
name added to list: 8240
name added to list: 8241
name added to list: 8242
name added to list: 8243
name added to list: 8244
name added to list: 8245
name added to list: 8246
name added to list: 8247
name added to list: 8248
name added to list: 8249
name added to list: 8250
name added to list: 8251
name added to list: 8252
name added to list: 8253
name added to list: 8254
name added to list: 8255
name added to list: 8256
name added to list: 8257
name added to list: 8258
name added to list: 8259
name added to list: 8260
name added to list: 8261
name added to list: 8262
name added to list: 8263
name added to list: 8264
name added to list: 8265
name added to list: 8266
name added to list: 8267
name added to list: 8268
name added to list: 8269
name added to list: 8270
name added to list: 8271
name added to list: 8272
name added to list: 8273
name added to list: 8274
name added to list: 8275
name added to list: 8276
name added to list: 8277
name added to list: 8278
name added to list: 8279
name added to list: 8280
name added to list: 8281
name added to list: 8282
name added to list: 8283
name added to list: 8284
name added to list: 8285
name added to list: 8286
name added to list: 8287
name added to list: 8288
name added to list: 8289
name added to list: 8290
name added to list: 8291
name added to list: 8292
name added to list: 8293
name added to list: 8294
name added to list: 8295
name added to list: 8296
name added to list: 8297
name added to list: 8298
name added to list: 8299
name added to list: 8300
name added to list: 8301
name added to list: 8302
name added to list: 8303
name added to list: 8304
name added to list: 8305
name added to list: 8306
name added to list: 8307
name added to list: 8308
name added to list: 8309
name added to list: 8310
name added to list: 8311
name added to list: 8312
name added to list: 8313
name added to list: 8314
name added to list: 8315
name added to list: 8316
name added to list: 8317
name added to list: 8318
name added to list: 8319
name added to list: 8320
name added to list: 8321
name added to list: 8322
name added to list: 8323
name added to list: 8324
name added to list: 8325
name added to list: 8326
name added to list: 8327
name added to list: 8328
name added to list: 8329
name added to list: 8330
name added to list: 8331
name added to list: 8332
name added to list: 8333
name added to list: 8334
name added to list: 8335
name added to list: 8336
name added to list: 8337
name added to list: 8338
name added to list: 8339
name added to list: 8340
name added to list: 8341
name added to list: 8342
name added to list: 8343
name added to list: 8344
name added to list: 8345
name added to list: 8346
name added to list: 8347
name added to list: 8348
name added to list: 8349
name added to list: 8350
name added to list: 8351
name added to list: 8352
name added to list: 8353
name added to list: 8354
name added to list: 8355
name added to list: 8356
name added to list: 8357
name added to list: 8358
name added to list: 8359
name added to list: 8360
name added to list: 8361
name added to list: 8362
name added to list: 8363
name added to list: 8364
name added to list: 8365
name added to list: 8366
name added to list: 8367
name added to list: 8368
name added to list: 8369
name added to list: 8370
name added to list: 8371
name added to list: 8372
name added to list: 8373
name added to list: 8374
name added to list: 8375
name added to list: 8376
name added to list: 8377
name added to list: 8378
name added to list: 8379
name added to list: 8380
name added to list: 8381
name added to list: 8382
name added to list: 8383
name added to list: 8384
name added to list: 8385
name added to list: 8386
name added to list: 8387
name added to list: 8388
name added to list: 8389
name added to list: 8390
name added to list: 8391
name added to list: 8392
name added to list: 8393
name added to list: 8394
name added to list: 8395
name added to list: 8396
name added to list: 8397
name added to list: 8398
name added to list: 8399
name added to list: 8400
name added to list: 8401
name added to list: 8402
name added to list: 8403
name added to list: 8404
name added to list: 8405
name added to list: 8406
name added to list: 8407
name added to list: 8408
name added to list: 8409
name added to list: 8410
name added to list: 8411
name added to list: 8412
name added to list: 8413
name added to list: 8414
name added to list: 8415
name added to list: 8416
name added to list: 8417
name added to list: 8418
name added to list: 8419
name added to list: 8420
name added to list: 8421
name added to list: 8422
name added to list: 8423
name added to list: 8424
name added to list: 8425
name added to list: 8426
name added to list: 8427
name added to list: 8428
name added to list: 8429
name added to list: 8430
name added to list: 8431
name added to list: 8432
name added to list: 8433
name added to list: 8434
name added to list: 8435
name added to list: 8436
name added to list: 8437
name added to list: 8438
name added to list: 8439
name added to list: 8440
name added to list: 8441
name added to list: 8442
name added to list: 8443
name added to list: 8444
name added to list: 8445
name added to list: 8446
name added to list: 8447
name added to list: 8448
name added to list: 8449
name added to list: 8450
name added to list: 8451
name added to list: 8452
name added to list: 8453
name added to list: 8454
name added to list: 8455
name added to list: 8456
name added to list: 8457
name added to list: 8458
name added to list: 8459
name added to list: 8460
name added to list: 8461
name added to list: 8462
name added to list: 8463
name added to list: 8464
name added to list: 8465
name added to list: 8466
name added to list: 8467
name added to list: 8468
name added to list: 8469
name added to list: 8470
name added to list: 8471
name added to list: 8472
name added to list: 8473
name added to list: 8474
name added to list: 8475
name added to list: 8476
name added to list: 8477
name added to list: 8478
name added to list: 8479
name added to list: 8480
name added to list: 8481
name added to list: 8482
name added to list: 8483
name added to list: 8484
name added to list: 8485
name added to list: 8486
name added to list: 8487
name added to list: 8488
name added to list: 8489
name added to list: 8490
name added to list: 8491
name added to list: 8492
name added to list: 8493
name added to list: 8494
name added to list: 8495
name added to list: 8496
name added to list: 8497
name added to list: 8498
name added to list: 8499
name added to list: 8500
name added to list: 8501
name added to list: 8502
name added to list: 8503
name added to list: 8504
name added to list: 8505
name added to list: 8506
name added to list: 8507
name added to list: 8508
name added to list: 8509
name added to list: 8510
name added to list: 8511
name added to list: 8512
name added to list: 8513
name added to list: 8514
name added to list: 8515
name added to list: 8516
name added to list: 8517
name added to list: 8518
name added to list: 8519
name added to list: 8520
name added to list: 8521
name added to list: 8522
name added to list: 8523
name added to list: 8524
name added to list: 8525
name added to list: 8526
name added to list: 8527
name added to list: 8528
name added to list: 8529
name added to list: 8530
name added to list: 8531
name added to list: 8532
name added to list: 8533
name added to list: 8534
name added to list: 8535
name added to list: 8536
name added to list: 8537
name added to list: 8538
name added to list: 8539
name added to list: 8540
name added to list: 8541
name added to list: 8542
name added to list: 8543
name added to list: 8544
name added to list: 8545
name added to list: 8546
name added to list: 8547
name added to list: 8548
name added to list: 8549
name added to list: 8550
name added to list: 8551
name added to list: 8552
name added to list: 8553
name added to list: 8554
name added to list: 8555
name added to list: 8556
name added to list: 8557
name added to list: 8558
name added to list: 8559
name added to list: 8560
name added to list: 8561
name added to list: 8562
name added to list: 8563
name added to list: 8564
name added to list: 8565
name added to list: 8566
name added to list: 8567
name added to list: 8568
name added to list: 8569
name added to list: 8570
name added to list: 8571
name added to list: 8572
name added to list: 8573
name added to list: 8574
name added to list: 8575
name added to list: 8576
name added to list: 8577
name added to list: 8578
name added to list: 8579
name added to list: 8580
name added to list: 8581
name added to list: 8582
name added to list: 8583
name added to list: 8584
name added to list: 8585
name added to list: 8586
name added to list: 8587
name added to list: 8588
name added to list: 8589
name added to list: 8590
name added to list: 8591
name added to list: 8592
name added to list: 8593
name added to list: 8594
name added to list: 8595
name added to list: 8596
name added to list: 8597
name added to list: 8598
name added to list: 8599
name added to list: 8600
name added to list: 8601
name added to list: 8602
name added to list: 8603
name added to list: 8604
name added to list: 8605
name added to list: 8606
name added to list: 8607
name added to list: 8608
name added to list: 8609
name added to list: 8610
name added to list: 8611
name added to list: 8612
name added to list: 8613
name added to list: 8614
name added to list: 8615
name added to list: 8616
name added to list: 8617
name added to list: 8618
name added to list: 8619
name added to list: 8620
name added to list: 8621
name added to list: 8622
name added to list: 8623
name added to list: 8624
name added to list: 8625
name added to list: 8626
name added to list: 8627
name added to list: 8628
name added to list: 8629
name added to list: 8630
name added to list: 8631
name added to list: 8632
name added to list: 8633
name added to list: 8634
name added to list: 8635
name added to list: 8636
name added to list: 8637
name added to list: 8638
name added to list: 8639
name added to list: 8640
name added to list: 8641
name added to list: 8642
name added to list: 8643
name added to list: 8644
name added to list: 8645
name added to list: 8646
name added to list: 8647
name added to list: 8648
name added to list: 8649
name added to list: 8650
name added to list: 8651
name added to list: 8652
name added to list: 8653
name added to list: 8654
name added to list: 8655
name added to list: 8656
name added to list: 8657
name added to list: 8658
name added to list: 8659
name added to list: 8660
name added to list: 8661
name added to list: 8662
name added to list: 8663
name added to list: 8664
name added to list: 8665
name added to list: 8666
name added to list: 8667
name added to list: 8668
name added to list: 8669
name added to list: 8670
name added to list: 8671
name added to list: 8672
name added to list: 8673
name added to list: 8674
name added to list: 8675
name added to list: 8676
name added to list: 8677
name added to list: 8678
name added to list: 8679
name added to list: 8680
name added to list: 8681
name added to list: 8682
name added to list: 8683
name added to list: 8684
name added to list: 8685
name added to list: 8686
name added to list: 8687
name added to list: 8688
name added to list: 8689
name added to list: 8690
name added to list: 8691
name added to list: 8692
name added to list: 8693
name added to list: 8694
name added to list: 8695
name added to list: 8696
name added to list: 8697
name added to list: 8698
name added to list: 8699
name added to list: 8700
name added to list: 8701
name added to list: 8702
name added to list: 8703
name added to list: 8704
name added to list: 8705
name added to list: 8706
name added to list: 8707
name added to list: 8708
name added to list: 8709
name added to list: 8710
name added to list: 8711
name added to list: 8712
name added to list: 8713
name added to list: 8714
name added to list: 8715
name added to list: 8716
name added to list: 8717
name added to list: 8718
name added to list: 8719
name added to list: 8720
name added to list: 8721
name added to list: 8722
name added to list: 8723
name added to list: 8724
name added to list: 8725
name added to list: 8726
name added to list: 8727
name added to list: 8728
name added to list: 8729
name added to list: 8730
name added to list: 8731
name added to list: 8732
name added to list: 8733
name added to list: 8734
name added to list: 8735
name added to list: 8736
name added to list: 8737
name added to list: 8738
name added to list: 8739
name added to list: 8740
name added to list: 8741
name added to list: 8742
name added to list: 8743
name added to list: 8744
name added to list: 8745
name added to list: 8746
name added to list: 8747
name added to list: 8748
name added to list: 8749
name added to list: 8750
name added to list: 8751
name added to list: 8752
name added to list: 8753
name added to list: 8754
name added to list: 8755
name added to list: 8756
name added to list: 8757
name added to list: 8758
name added to list: 8759
name added to list: 8760
name added to list: 8761
name added to list: 8762
name added to list: 8763
name added to list: 8764
name added to list: 8765
name added to list: 8766
name added to list: 8767
name added to list: 8768
name added to list: 8769
name added to list: 8770
name added to list: 8771
name added to list: 8772
name added to list: 8773
name added to list: 8774
name added to list: 8775
name added to list: 8776
name added to list: 8777
name added to list: 8778
name added to list: 8779
name added to list: 8780
name added to list: 8781
name added to list: 8782
name added to list: 8783
name added to list: 8784
name added to list: 8785
name added to list: 8786
name added to list: 8787
name added to list: 8788
name added to list: 8789
name added to list: 8790
name added to list: 8791
name added to list: 8792
name added to list: 8793
name added to list: 8794
name added to list: 8795
name added to list: 8796
name added to list: 8797
name added to list: 8798
name added to list: 8799
name added to list: 8800
name added to list: 8801
name added to list: 8802
name added to list: 8803
name added to list: 8804
name added to list: 8805
name added to list: 8806
name added to list: 8807
name added to list: 8808
name added to list: 8809
name added to list: 8810
name added to list: 8811
name added to list: 8812
name added to list: 8813
name added to list: 8814
name added to list: 8815
name added to list: 8816
name added to list: 8817
name added to list: 8818
name added to list: 8819
name added to list: 8820
name added to list: 8821
name added to list: 8822
name added to list: 8823
name added to list: 8824
name added to list: 8825
name added to list: 8826
name added to list: 8827
name added to list: 8828
name added to list: 8829
name added to list: 8830
name added to list: 8831
name added to list: 8832
name added to list: 8833
name added to list: 8834
name added to list: 8835
name added to list: 8836
name added to list: 8837
name added to list: 8838
name added to list: 8839
name added to list: 8840
name added to list: 8841
name added to list: 8842
name added to list: 8843
name added to list: 8844
name added to list: 8845
name added to list: 8846
name added to list: 8847
name added to list: 8848
name added to list: 8849
name added to list: 8850
name added to list: 8851
name added to list: 8852
name added to list: 8853
name added to list: 8854
name added to list: 8855
name added to list: 8856
name added to list: 8857
name added to list: 8858
name added to list: 8859
name added to list: 8860
name added to list: 8861
name added to list: 8862
name added to list: 8863
name added to list: 8864
name added to list: 8865
name added to list: 8866
name added to list: 8867
name added to list: 8868
name added to list: 8869
name added to list: 8870
name added to list: 8871
name added to list: 8872
name added to list: 8873
name added to list: 8874
name added to list: 8875
name added to list: 8876
name added to list: 8877
name added to list: 8878
name added to list: 8879
name added to list: 8880
name added to list: 8881
name added to list: 8882
name added to list: 8883
name added to list: 8884
name added to list: 8885
name added to list: 8886
name added to list: 8887
name added to list: 8888
name added to list: 8889
name added to list: 8890
name added to list: 8891
name added to list: 8892
name added to list: 8893
name added to list: 8894
name added to list: 8895
name added to list: 8896
name added to list: 8897
name added to list: 8898
name added to list: 8899
name added to list: 8900
name added to list: 8901
name added to list: 8902
name added to list: 8903
name added to list: 8904
name added to list: 8905
name added to list: 8906
name added to list: 8907
name added to list: 8908
name added to list: 8909
name added to list: 8910
name added to list: 8911
name added to list: 8912
name added to list: 8913
name added to list: 8914
name added to list: 8915
name added to list: 8916
name added to list: 8917
name added to list: 8918
name added to list: 8919
name added to list: 8920
name added to list: 8921
name added to list: 8922
name added to list: 8923
name added to list: 8924
name added to list: 8925
name added to list: 8926
name added to list: 8927
name added to list: 8928
name added to list: 8929
name added to list: 8930
name added to list: 8931
name added to list: 8932
name added to list: 8933
name added to list: 8934
name added to list: 8935
name added to list: 8936
name added to list: 8937
name added to list: 8938
name added to list: 8939
name added to list: 8940
name added to list: 8941
name added to list: 8942
name added to list: 8943
name added to list: 8944
name added to list: 8945
name added to list: 8946
name added to list: 8947
name added to list: 8948
name added to list: 8949
name added to list: 8950
name added to list: 8951
name added to list: 8952
name added to list: 8953
name added to list: 8954
name added to list: 8955
name added to list: 8956
name added to list: 8957
name added to list: 8958
name added to list: 8959
name added to list: 8960
name added to list: 8961
name added to list: 8962
name added to list: 8963
name added to list: 8964
name added to list: 8965
name added to list: 8966
name added to list: 8967
name added to list: 8968
name added to list: 8969
name added to list: 8970
name added to list: 8971
name added to list: 8972
name added to list: 8973
name added to list: 8974
name added to list: 8975
name added to list: 8976
name added to list: 8977
name added to list: 8978
name added to list: 8979
name added to list: 8980
name added to list: 8981
name added to list: 8982
name added to list: 8983
name added to list: 8984
name added to list: 8985
name added to list: 8986
name added to list: 8987
name added to list: 8988
name added to list: 8989
name added to list: 8990
name added to list: 8991
name added to list: 8992
name added to list: 8993
name added to list: 8994
name added to list: 8995
name added to list: 8996
name added to list: 8997
name added to list: 8998
name added to list: 8999
name added to list: 9000
name added to list: 9001
name added to list: 9002
name added to list: 9003
name added to list: 9004
name added to list: 9005
name added to list: 9006
name added to list: 9007
name added to list: 9008
name added to list: 9009
name added to list: 9010
name added to list: 9011
name added to list: 9012
name added to list: 9013
name added to list: 9014
name added to list: 9015
name added to list: 9016
name added to list: 9017
name added to list: 9018
name added to list: 9019
name added to list: 9020
name added to list: 9021
name added to list: 9022
name added to list: 9023
name added to list: 9024
name added to list: 9025
name added to list: 9026
name added to list: 9027
name added to list: 9028
name added to list: 9029
name added to list: 9030
name added to list: 9031
name added to list: 9032
name added to list: 9033
name added to list: 9034
name added to list: 9035
name added to list: 9036
name added to list: 9037
name added to list: 9038
name added to list: 9039
name added to list: 9040
name added to list: 9041
name added to list: 9042
name added to list: 9043
name added to list: 9044
name added to list: 9045
name added to list: 9046
name added to list: 9047
name added to list: 9048
name added to list: 9049
name added to list: 9050
name added to list: 9051
name added to list: 9052
name added to list: 9053
name added to list: 9054
name added to list: 9055
name added to list: 9056
name added to list: 9057
name added to list: 9058
name added to list: 9059
name added to list: 9060
name added to list: 9061
name added to list: 9062
name added to list: 9063
name added to list: 9064
name added to list: 9065
name added to list: 9066
name added to list: 9067
name added to list: 9068
name added to list: 9069
name added to list: 9070
name added to list: 9071
name added to list: 9072
name added to list: 9073
name added to list: 9074
name added to list: 9075
name added to list: 9076
name added to list: 9077
name added to list: 9078
name added to list: 9079
name added to list: 9080
name added to list: 9081
name added to list: 9082
name added to list: 9083
name added to list: 9084
name added to list: 9085
name added to list: 9086
name added to list: 9087
name added to list: 9088
name added to list: 9089
name added to list: 9090
name added to list: 9091
name added to list: 9092
name added to list: 9093
name added to list: 9094
name added to list: 9095
name added to list: 9096
name added to list: 9097
name added to list: 9098
name added to list: 9099
name added to list: 9100
name added to list: 9101
name added to list: 9102
name added to list: 9103
name added to list: 9104
name added to list: 9105
name added to list: 9106
name added to list: 9107
name added to list: 9108
name added to list: 9109
name added to list: 9110
name added to list: 9111
name added to list: 9112
name added to list: 9113
name added to list: 9114
name added to list: 9115
name added to list: 9116
name added to list: 9117
name added to list: 9118
name added to list: 9119
name added to list: 9120
name added to list: 9121
name added to list: 9122
name added to list: 9123
name added to list: 9124
name added to list: 9125
name added to list: 9126
name added to list: 9127
name added to list: 9128
name added to list: 9129
name added to list: 9130
name added to list: 9131
name added to list: 9132
name added to list: 9133
name added to list: 9134
name added to list: 9135
name added to list: 9136
name added to list: 9137
name added to list: 9138
name added to list: 9139
name added to list: 9140
name added to list: 9141
name added to list: 9142
name added to list: 9143
name added to list: 9144
name added to list: 9145
name added to list: 9146
name added to list: 9147
name added to list: 9148
name added to list: 9149
name added to list: 9150
name added to list: 9151
name added to list: 9152
name added to list: 9153
name added to list: 9154
name added to list: 9155
name added to list: 9156
name added to list: 9157
name added to list: 9158
name added to list: 9159
name added to list: 9160
name added to list: 9161
name added to list: 9162
name added to list: 9163
name added to list: 9164
name added to list: 9165
name added to list: 9166
name added to list: 9167
name added to list: 9168
name added to list: 9169
name added to list: 9170
name added to list: 9171
name added to list: 9172
name added to list: 9173
name added to list: 9174
name added to list: 9175
name added to list: 9176
name added to list: 9177
name added to list: 9178
name added to list: 9179
name added to list: 9180
name added to list: 9181
name added to list: 9182
name added to list: 9183
name added to list: 9184
name added to list: 9185
name added to list: 9186
name added to list: 9187
name added to list: 9188
name added to list: 9189
name added to list: 9190
name added to list: 9191
name added to list: 9192
name added to list: 9193
name added to list: 9194
name added to list: 9195
name added to list: 9196
name added to list: 9197
name added to list: 9198
name added to list: 9199
name added to list: 9200
name added to list: 9201
name added to list: 9202
name added to list: 9203
name added to list: 9204
name added to list: 9205
name added to list: 9206
name added to list: 9207
name added to list: 9208
name added to list: 9209
name added to list: 9210
name added to list: 9211
name added to list: 9212
name added to list: 9213
name added to list: 9214
name added to list: 9215
name added to list: 9216
name added to list: 9217
name added to list: 9218
name added to list: 9219
name added to list: 9220
name added to list: 9221
name added to list: 9222
name added to list: 9223
name added to list: 9224
name added to list: 9225
name added to list: 9226
name added to list: 9227
name added to list: 9228
name added to list: 9229
name added to list: 9230
name added to list: 9231
name added to list: 9232
name added to list: 9233
name added to list: 9234
name added to list: 9235
name added to list: 9236
name added to list: 9237
name added to list: 9238
name added to list: 9239
name added to list: 9240
name added to list: 9241
name added to list: 9242
name added to list: 9243
name added to list: 9244
name added to list: 9245
name added to list: 9246
name added to list: 9247
name added to list: 9248
name added to list: 9249
name added to list: 9250
name added to list: 9251
name added to list: 9252
name added to list: 9253
name added to list: 9254
name added to list: 9255
name added to list: 9256
name added to list: 9257
name added to list: 9258
name added to list: 9259
name added to list: 9260
name added to list: 9261
name added to list: 9262
name added to list: 9263
name added to list: 9264
name added to list: 9265
name added to list: 9266
name added to list: 9267
name added to list: 9268
name added to list: 9269
name added to list: 9270
name added to list: 9271
name added to list: 9272
name added to list: 9273
name added to list: 9274
name added to list: 9275
name added to list: 9276
name added to list: 9277
name added to list: 9278
name added to list: 9279
name added to list: 9280
name added to list: 9281
name added to list: 9282
name added to list: 9283
name added to list: 9284
name added to list: 9285
name added to list: 9286
name added to list: 9287
name added to list: 9288
name added to list: 9289
name added to list: 9290
name added to list: 9291
name added to list: 9292
name added to list: 9293
name added to list: 9294
name added to list: 9295
name added to list: 9296
name added to list: 9297
name added to list: 9298
name added to list: 9299
name added to list: 9300
name added to list: 9301
name added to list: 9302
name added to list: 9303
name added to list: 9304
name added to list: 9305
name added to list: 9306
name added to list: 9307
name added to list: 9308
name added to list: 9309
name added to list: 9310
name added to list: 9311
name added to list: 9312
name added to list: 9313
name added to list: 9314
name added to list: 9315
name added to list: 9316
name added to list: 9317
name added to list: 9318
name added to list: 9319
name added to list: 9320
name added to list: 9321
name added to list: 9322
name added to list: 9323
name added to list: 9324
name added to list: 9325
name added to list: 9326
name added to list: 9327
name added to list: 9328
name added to list: 9329
name added to list: 9330
name added to list: 9331
name added to list: 9332
name added to list: 9333
name added to list: 9334
name added to list: 9335
name added to list: 9336
name added to list: 9337
name added to list: 9338
name added to list: 9339
name added to list: 9340
name added to list: 9341
name added to list: 9342
name added to list: 9343
name added to list: 9344
name added to list: 9345
name added to list: 9346
name added to list: 9347
name added to list: 9348
name added to list: 9349
name added to list: 9350
name added to list: 9351
name added to list: 9352
name added to list: 9353
name added to list: 9354
name added to list: 9355
name added to list: 9356
name added to list: 9357
name added to list: 9358
name added to list: 9359
name added to list: 9360
name added to list: 9361
name added to list: 9362
name added to list: 9363
name added to list: 9364
name added to list: 9365
name added to list: 9366
name added to list: 9367
name added to list: 9368
name added to list: 9369
name added to list: 9370
name added to list: 9371
name added to list: 9372
name added to list: 9373
name added to list: 9374
name added to list: 9375
name added to list: 9376
name added to list: 9377
name added to list: 9378
name added to list: 9379
name added to list: 9380
name added to list: 9381
name added to list: 9382
name added to list: 9383
name added to list: 9384
name added to list: 9385
name added to list: 9386
name added to list: 9387
name added to list: 9388
name added to list: 9389
name added to list: 9390
name added to list: 9391
name added to list: 9392
name added to list: 9393
name added to list: 9394
name added to list: 9395
name added to list: 9396
name added to list: 9397
name added to list: 9398
name added to list: 9399
name added to list: 9400
name added to list: 9401
name added to list: 9402
name added to list: 9403
name added to list: 9404
name added to list: 9405
name added to list: 9406
name added to list: 9407
name added to list: 9408
name added to list: 9409
name added to list: 9410
name added to list: 9411
name added to list: 9412
name added to list: 9413
name added to list: 9414
name added to list: 9415
name added to list: 9416
name added to list: 9417
name added to list: 9418
name added to list: 9419
name added to list: 9420
name added to list: 9421
name added to list: 9422
name added to list: 9423
name added to list: 9424
name added to list: 9425
name added to list: 9426
name added to list: 9427
name added to list: 9428
name added to list: 9429
name added to list: 9430
name added to list: 9431
name added to list: 9432
name added to list: 9433
name added to list: 9434
name added to list: 9435
name added to list: 9436
name added to list: 9437
name added to list: 9438
name added to list: 9439
name added to list: 9440
name added to list: 9441
name added to list: 9442
name added to list: 9443
name added to list: 9444
name added to list: 9445
name added to list: 9446
name added to list: 9447
name added to list: 9448
name added to list: 9449
name added to list: 9450
name added to list: 9451
name added to list: 9452
name added to list: 9453
name added to list: 9454
name added to list: 9455
name added to list: 9456
name added to list: 9457
name added to list: 9458
name added to list: 9459
name added to list: 9460
name added to list: 9461
name added to list: 9462
name added to list: 9463
name added to list: 9464
name added to list: 9465
name added to list: 9466
name added to list: 9467
name added to list: 9468
name added to list: 9469
name added to list: 9470
name added to list: 9471
name added to list: 9472
name added to list: 9473
name added to list: 9474
name added to list: 9475
name added to list: 9476
name added to list: 9477
name added to list: 9478
name added to list: 9479
name added to list: 9480
name added to list: 9481
name added to list: 9482
name added to list: 9483
name added to list: 9484
name added to list: 9485
name added to list: 9486
name added to list: 9487
name added to list: 9488
name added to list: 9489
name added to list: 9490
name added to list: 9491
name added to list: 9492
name added to list: 9493
name added to list: 9494
name added to list: 9495
name added to list: 9496
name added to list: 9497
name added to list: 9498
name added to list: 9499
name added to list: 9500
name added to list: 9501
name added to list: 9502
name added to list: 9503
name added to list: 9504
name added to list: 9505
name added to list: 9506
name added to list: 9507
name added to list: 9508
name added to list: 9509
name added to list: 9510
name added to list: 9511
name added to list: 9512
name added to list: 9513
name added to list: 9514
name added to list: 9515
name added to list: 9516
name added to list: 9517
name added to list: 9518
name added to list: 9519
name added to list: 9520
name added to list: 9521
name added to list: 9522
name added to list: 9523
name added to list: 9524
name added to list: 9525
name added to list: 9526
name added to list: 9527
name added to list: 9528
name added to list: 9529
name added to list: 9530
name added to list: 9531
name added to list: 9532
name added to list: 9533
name added to list: 9534
name added to list: 9535
name added to list: 9536
name added to list: 9537
name added to list: 9538
name added to list: 9539
name added to list: 9540
name added to list: 9541
name added to list: 9542
name added to list: 9543
name added to list: 9544
name added to list: 9545
name added to list: 9546
name added to list: 9547
name added to list: 9548
name added to list: 9549
name added to list: 9550
name added to list: 9551
name added to list: 9552
name added to list: 9553
name added to list: 9554
name added to list: 9555
name added to list: 9556
name added to list: 9557
name added to list: 9558
name added to list: 9559
name added to list: 9560
name added to list: 9561
name added to list: 9562
name added to list: 9563
name added to list: 9564
name added to list: 9565
name added to list: 9566
name added to list: 9567
name added to list: 9568
name added to list: 9569
name added to list: 9570
name added to list: 9571
name added to list: 9572
name added to list: 9573
name added to list: 9574
name added to list: 9575
name added to list: 9576
name added to list: 9577
name added to list: 9578
name added to list: 9579
name added to list: 9580
name added to list: 9581
name added to list: 9582
name added to list: 9583
name added to list: 9584
name added to list: 9585
name added to list: 9586
name added to list: 9587
name added to list: 9588
name added to list: 9589
name added to list: 9590
name added to list: 9591
name added to list: 9592
name added to list: 9593
name added to list: 9594
name added to list: 9595
name added to list: 9596
name added to list: 9597
name added to list: 9598
name added to list: 9599
name added to list: 9600
name added to list: 9601
name added to list: 9602
name added to list: 9603
name added to list: 9604
name added to list: 9605
name added to list: 9606
name added to list: 9607
name added to list: 9608
name added to list: 9609
name added to list: 9610
name added to list: 9611
name added to list: 9612
name added to list: 9613
name added to list: 9614
name added to list: 9615
name added to list: 9616
name added to list: 9617
name added to list: 9618
name added to list: 9619
name added to list: 9620
name added to list: 9621
name added to list: 9622
name added to list: 9623
name added to list: 9624
name added to list: 9625
name added to list: 9626
name added to list: 9627
name added to list: 9628
name added to list: 9629
name added to list: 9630
name added to list: 9631
name added to list: 9632
name added to list: 9633
name added to list: 9634
name added to list: 9635
name added to list: 9636
name added to list: 9637
name added to list: 9638
name added to list: 9639
name added to list: 9640
name added to list: 9641
name added to list: 9642
name added to list: 9643
name added to list: 9644
name added to list: 9645
name added to list: 9646
name added to list: 9647
name added to list: 9648
name added to list: 9649
name added to list: 9650
name added to list: 9651
name added to list: 9652
name added to list: 9653
name added to list: 9654
name added to list: 9655
name added to list: 9656
name added to list: 9657
name added to list: 9658
name added to list: 9659
name added to list: 9660
name added to list: 9661
name added to list: 9662
name added to list: 9663
name added to list: 9664
name added to list: 9665
name added to list: 9666
name added to list: 9667
name added to list: 9668
name added to list: 9669
name added to list: 9670
name added to list: 9671
name added to list: 9672
name added to list: 9673
name added to list: 9674
name added to list: 9675
name added to list: 9676
name added to list: 9677
name added to list: 9678
name added to list: 9679
name added to list: 9680
name added to list: 9681
name added to list: 9682
name added to list: 9683
name added to list: 9684
name added to list: 9685
name added to list: 9686
name added to list: 9687
name added to list: 9688
name added to list: 9689
name added to list: 9690
name added to list: 9691
name added to list: 9692
name added to list: 9693
name added to list: 9694
name added to list: 9695
name added to list: 9696
name added to list: 9697
name added to list: 9698
name added to list: 9699
name added to list: 9700
name added to list: 9701
name added to list: 9702
name added to list: 9703
name added to list: 9704
name added to list: 9705
name added to list: 9706
name added to list: 9707
name added to list: 9708
name added to list: 9709
name added to list: 9710
name added to list: 9711
name added to list: 9712
name added to list: 9713
name added to list: 9714
name added to list: 9715
name added to list: 9716
name added to list: 9717
name added to list: 9718
name added to list: 9719
name added to list: 9720
name added to list: 9721
name added to list: 9722
name added to list: 9723
name added to list: 9724
name added to list: 9725
name added to list: 9726
name added to list: 9727
name added to list: 9728
name added to list: 9729
name added to list: 9730
name added to list: 9731
name added to list: 9732
name added to list: 9733
name added to list: 9734
name added to list: 9735
name added to list: 9736
name added to list: 9737
name added to list: 9738
name added to list: 9739
name added to list: 9740
name added to list: 9741
name added to list: 9742
name added to list: 9743
name added to list: 9744
name added to list: 9745
name added to list: 9746
name added to list: 9747
name added to list: 9748
name added to list: 9749
name added to list: 9750
name added to list: 9751
name added to list: 9752
name added to list: 9753
name added to list: 9754
name added to list: 9755
name added to list: 9756
name added to list: 9757
name added to list: 9758
name added to list: 9759
name added to list: 9760
name added to list: 9761
name added to list: 9762
name added to list: 9763
name added to list: 9764
name added to list: 9765
name added to list: 9766
name added to list: 9767
name added to list: 9768
name added to list: 9769
name added to list: 9770
name added to list: 9771
name added to list: 9772
name added to list: 9773
name added to list: 9774
name added to list: 9775
name added to list: 9776
name added to list: 9777
name added to list: 9778
name added to list: 9779
name added to list: 9780
name added to list: 9781
name added to list: 9782
name added to list: 9783
name added to list: 9784
name added to list: 9785
name added to list: 9786
name added to list: 9787
name added to list: 9788
name added to list: 9789
name added to list: 9790
name added to list: 9791
name added to list: 9792
name added to list: 9793
name added to list: 9794
name added to list: 9795
name added to list: 9796
name added to list: 9797
name added to list: 9798
name added to list: 9799
name added to list: 9800
name added to list: 9801
name added to list: 9802
name added to list: 9803
name added to list: 9804
name added to list: 9805
name added to list: 9806
name added to list: 9807
name added to list: 9808
name added to list: 9809
name added to list: 9810
name added to list: 9811
name added to list: 9812
name added to list: 9813
name added to list: 9814
name added to list: 9815
name added to list: 9816
name added to list: 9817
name added to list: 9818
name added to list: 9819
name added to list: 9820
name added to list: 9821
name added to list: 9822
name added to list: 9823
name added to list: 9824
name added to list: 9825
name added to list: 9826
name added to list: 9827
name added to list: 9828
name added to list: 9829
name added to list: 9830
name added to list: 9831
name added to list: 9832
name added to list: 9833
name added to list: 9834
name added to list: 9835
name added to list: 9836
name added to list: 9837
name added to list: 9838
name added to list: 9839
name added to list: 9840
name added to list: 9841
name added to list: 9842
name added to list: 9843
name added to list: 9844
name added to list: 9845
name added to list: 9846
name added to list: 9847
name added to list: 9848
name added to list: 9849
name added to list: 9850
name added to list: 9851
name added to list: 9852
name added to list: 9853
name added to list: 9854
name added to list: 9855
name added to list: 9856
name added to list: 9857
name added to list: 9858
name added to list: 9859
name added to list: 9860
name added to list: 9861
name added to list: 9862
name added to list: 9863
name added to list: 9864
name added to list: 9865
name added to list: 9866
name added to list: 9867
name added to list: 9868
name added to list: 9869
name added to list: 9870
name added to list: 9871
name added to list: 9872
name added to list: 9873
name added to list: 9874
name added to list: 9875
name added to list: 9876
name added to list: 9877
name added to list: 9878
name added to list: 9879
name added to list: 9880
name added to list: 9881
name added to list: 9882
name added to list: 9883
name added to list: 9884
name added to list: 9885
name added to list: 9886
name added to list: 9887
name added to list: 9888
name added to list: 9889
name added to list: 9890
name added to list: 9891
name added to list: 9892
name added to list: 9893
name added to list: 9894
name added to list: 9895
name added to list: 9896
name added to list: 9897
name added to list: 9898
name added to list: 9899
name added to list: 9900
name added to list: 9901
name added to list: 9902
name added to list: 9903
name added to list: 9904
name added to list: 9905
name added to list: 9906
name added to list: 9907
name added to list: 9908
name added to list: 9909
name added to list: 9910
name added to list: 9911
name added to list: 9912
name added to list: 9913
name added to list: 9914
name added to list: 9915
name added to list: 9916
name added to list: 9917
name added to list: 9918
name added to list: 9919
name added to list: 9920
name added to list: 9921
name added to list: 9922
name added to list: 9923
name added to list: 9924
name added to list: 9925
name added to list: 9926
name added to list: 9927
name added to list: 9928
name added to list: 9929
name added to list: 9930
name added to list: 9931
name added to list: 9932
name added to list: 9933
name added to list: 9934
name added to list: 9935
name added to list: 9936
name added to list: 9937
name added to list: 9938
name added to list: 9939
name added to list: 9940
name added to list: 9941
name added to list: 9942
name added to list: 9943
name added to list: 9944
name added to list: 9945
name added to list: 9946
name added to list: 9947
name added to list: 9948
name added to list: 9949
name added to list: 9950
name added to list: 9951
name added to list: 9952
name added to list: 9953
name added to list: 9954
name added to list: 9955
name added to list: 9956
name added to list: 9957
name added to list: 9958
name added to list: 9959
name added to list: 9960
name added to list: 9961
name added to list: 9962
name added to list: 9963
name added to list: 9964
name added to list: 9965
name added to list: 9966
name added to list: 9967
name added to list: 9968
name added to list: 9969
name added to list: 9970
name added to list: 9971
name added to list: 9972
name added to list: 9973
name added to list: 9974
name added to list: 9975
name added to list: 9976
name added to list: 9977
name added to list: 9978
name added to list: 9979
name added to list: 9980
name added to list: 9981
name added to list: 9982
name added to list: 9983
name added to list: 9984
name added to list: 9985
name added to list: 9986
name added to list: 9987
name added to list: 9988
name added to list: 9989
name added to list: 9990
name added to list: 9991
name added to list: 9992
name added to list: 9993
name added to list: 9994
name added to list: 9995
name added to list: 9996
name added to list: 9997
name added to list: 9998
name added to list: 9999
name added to list: 10000
name added to list: 10001
name added to list: 10002
name added to list: 10003
name added to list: 10004
name added to list: 10005
name added to list: 10006
name added to list: 10007
name added to list: 10008
name added to list: 10009
name added to list: 10010
name added to list: 10011
name added to list: 10012
name added to list: 10013
name added to list: 10014
name added to list: 10015
name added to list: 10016
name added to list: 10017
name added to list: 10018
name added to list: 10019
name added to list: 10020
name added to list: 10021
name added to list: 10022
name added to list: 10023
name added to list: 10024
name added to list: 10025
name added to list: 10026
name added to list: 10027
name added to list: 10028
name added to list: 10029
name added to list: 10030
name added to list: 10031
name added to list: 10032
name added to list: 10033
name added to list: 10034
name added to list: 10035
name added to list: 10036
name added to list: 10037
name added to list: 10038
name added to list: 10039
name added to list: 10040
name added to list: 10041
name added to list: 10042
name added to list: 10043
name added to list: 10044
name added to list: 10045
name added to list: 10046
name added to list: 10047
name added to list: 10048
name added to list: 10049
name added to list: 10050
name added to list: 10051
name added to list: 10052
name added to list: 10053
name added to list: 10054
name added to list: 10055
name added to list: 10056
name added to list: 10057
name added to list: 10058
name added to list: 10059
name added to list: 10060
name added to list: 10061
name added to list: 10062
name added to list: 10063
name added to list: 10064
name added to list: 10065
name added to list: 10066
name added to list: 10067
name added to list: 10068
name added to list: 10069
name added to list: 10070
name added to list: 10071
name added to list: 10072
name added to list: 10073
name added to list: 10074
name added to list: 10075
name added to list: 10076
name added to list: 10077
name added to list: 10078
name added to list: 10079
name added to list: 10080
name added to list: 10081
name added to list: 10082
name added to list: 10083
name added to list: 10084
name added to list: 10085
name added to list: 10086
name added to list: 10087
name added to list: 10088
name added to list: 10089
name added to list: 10090
name added to list: 10091
name added to list: 10092
name added to list: 10093
name added to list: 10094
name added to list: 10095
name added to list: 10096
name added to list: 10097
name added to list: 10098
name added to list: 10099
name added to list: 10100
name added to list: 10101
name added to list: 10102
name added to list: 10103
name added to list: 10104
name added to list: 10105
name added to list: 10106
name added to list: 10107
name added to list: 10108
name added to list: 10109
name added to list: 10110
name added to list: 10111
name added to list: 10112
name added to list: 10113
name added to list: 10114
name added to list: 10115
name added to list: 10116
name added to list: 10117
name added to list: 10118
name added to list: 10119
name added to list: 10120
name added to list: 10121
name added to list: 10122
name added to list: 10123
name added to list: 10124
name added to list: 10125
name added to list: 10126
name added to list: 10127
name added to list: 10128
name added to list: 10129
name added to list: 10130
name added to list: 10131
name added to list: 10132
name added to list: 10133
name added to list: 10134
name added to list: 10135
name added to list: 10136
name added to list: 10137
name added to list: 10138
name added to list: 10139
name added to list: 10140
name added to list: 10141
name added to list: 10142
name added to list: 10143
name added to list: 10144
name added to list: 10145
name added to list: 10146
name added to list: 10147
name added to list: 10148
name added to list: 10149
name added to list: 10150
name added to list: 10151
name added to list: 10152
name added to list: 10153
name added to list: 10154
name added to list: 10155
name added to list: 10156
name added to list: 10157
name added to list: 10158
name added to list: 10159
name added to list: 10160
name added to list: 10161
name added to list: 10162
name added to list: 10163
name added to list: 10164
name added to list: 10165
name added to list: 10166
name added to list: 10167
name added to list: 10168
name added to list: 10169
name added to list: 10170
name added to list: 10171
name added to list: 10172
name added to list: 10173
name added to list: 10174
name added to list: 10175
name added to list: 10176
name added to list: 10177
name added to list: 10178
name added to list: 10179
name added to list: 10180
name added to list: 10181
name added to list: 10182
name added to list: 10183
name added to list: 10184
name added to list: 10185
name added to list: 10186
name added to list: 10187
name added to list: 10188
name added to list: 10189
name added to list: 10190
name added to list: 10191
name added to list: 10192
name added to list: 10193
name added to list: 10194
name added to list: 10195
name added to list: 10196
name added to list: 10197
name added to list: 10198
name added to list: 10199
name added to list: 10200
name added to list: 10201
name added to list: 10202
name added to list: 10203
name added to list: 10204
name added to list: 10205
name added to list: 10206
name added to list: 10207
name added to list: 10208
name added to list: 10209
name added to list: 10210
name added to list: 10211
name added to list: 10212
name added to list: 10213
name added to list: 10214
name added to list: 10215
name added to list: 10216
name added to list: 10217
name added to list: 10218
name added to list: 10219
name added to list: 10220
name added to list: 10221
name added to list: 10222
name added to list: 10223
name added to list: 10224
name added to list: 10225
name added to list: 10226
name added to list: 10227
name added to list: 10228
name added to list: 10229
name added to list: 10230
name added to list: 10231
name added to list: 10232
name added to list: 10233
name added to list: 10234
name added to list: 10235
name added to list: 10236
name added to list: 10237
name added to list: 10238
name added to list: 10239
name added to list: 10240
name added to list: 10241
name added to list: 10242
name added to list: 10243
name added to list: 10244
name added to list: 10245
name added to list: 10246
name added to list: 10247
name added to list: 10248
name added to list: 10249
name added to list: 10250
name added to list: 10251
name added to list: 10252
name added to list: 10253
name added to list: 10254
name added to list: 10255
name added to list: 10256
name added to list: 10257
name added to list: 10258
name added to list: 10259
name added to list: 10260
name added to list: 10261
name added to list: 10262
name added to list: 10263
name added to list: 10264
name added to list: 10265
name added to list: 10266
name added to list: 10267
name added to list: 10268
name added to list: 10269
name added to list: 10270
name added to list: 10271
name added to list: 10272
name added to list: 10273
name added to list: 10274
name added to list: 10275
name added to list: 10276
name added to list: 10277
name added to list: 10278
name added to list: 10279
name added to list: 10280
name added to list: 10281
name added to list: 10282
name added to list: 10283
name added to list: 10284
name added to list: 10285
name added to list: 10286
name added to list: 10287
name added to list: 10288
name added to list: 10289
name added to list: 10290
name added to list: 10291
name added to list: 10292
name added to list: 10293
name added to list: 10294
name added to list: 10295
name added to list: 10296
name added to list: 10297
name added to list: 10298
name added to list: 10299
name added to list: 10300
name added to list: 10301
name added to list: 10302
name added to list: 10303
name added to list: 10304
name added to list: 10305
name added to list: 10306
name added to list: 10307
name added to list: 10308
name added to list: 10309
name added to list: 10310
name added to list: 10311
name added to list: 10312
name added to list: 10313
name added to list: 10314
name added to list: 10315
name added to list: 10316
name added to list: 10317
name added to list: 10318
name added to list: 10319
name added to list: 10320
name added to list: 10321
name added to list: 10322
name added to list: 10323
name added to list: 10324
name added to list: 10325
name added to list: 10326
name added to list: 10327
name added to list: 10328
name added to list: 10329
name added to list: 10330
name added to list: 10331
name added to list: 10332
name added to list: 10333
name added to list: 10334
name added to list: 10335
name added to list: 10336
name added to list: 10337
name added to list: 10338
name added to list: 10339
name added to list: 10340
name added to list: 10341
name added to list: 10342
name added to list: 10343
name added to list: 10344
name added to list: 10345
name added to list: 10346
name added to list: 10347
name added to list: 10348
name added to list: 10349
name added to list: 10350
name added to list: 10351
name added to list: 10352
name added to list: 10353
name added to list: 10354
name added to list: 10355
name added to list: 10356
name added to list: 10357
name added to list: 10358
name added to list: 10359
name added to list: 10360
name added to list: 10361
name added to list: 10362
name added to list: 10363
name added to list: 10364
name added to list: 10365
name added to list: 10366
name added to list: 10367
name added to list: 10368
name added to list: 10369
name added to list: 10370
name added to list: 10371
name added to list: 10372
name added to list: 10373
name added to list: 10374
name added to list: 10375
name added to list: 10376
name added to list: 10377
name added to list: 10378
name added to list: 10379
name added to list: 10380
name added to list: 10381
name added to list: 10382
name added to list: 10383
name added to list: 10384
name added to list: 10385
name added to list: 10386
name added to list: 10387
name added to list: 10388
name added to list: 10389
name added to list: 10390
name added to list: 10391
name added to list: 10392
name added to list: 10393
name added to list: 10394
name added to list: 10395
name added to list: 10396
name added to list: 10397
name added to list: 10398
name added to list: 10399
name added to list: 10400
name added to list: 10401
name added to list: 10402
name added to list: 10403
name added to list: 10404
name added to list: 10405
name added to list: 10406
name added to list: 10407
name added to list: 10408
name added to list: 10409
name added to list: 10410
name added to list: 10411
name added to list: 10412
name added to list: 10413
name added to list: 10414
name added to list: 10415
name added to list: 10416
name added to list: 10417
name added to list: 10418
name added to list: 10419
name added to list: 10420
name added to list: 10421
name added to list: 10422
name added to list: 10423
name added to list: 10424
name added to list: 10425
name added to list: 10426
name added to list: 10427
name added to list: 10428
name added to list: 10429
name added to list: 10430
name added to list: 10431
name added to list: 10432
name added to list: 10433
name added to list: 10434
name added to list: 10435
name added to list: 10436
name added to list: 10437
name added to list: 10438
name added to list: 10439
name added to list: 10440
name added to list: 10441
name added to list: 10442
name added to list: 10443
name added to list: 10444
name added to list: 10445
name added to list: 10446
name added to list: 10447
name added to list: 10448
name added to list: 10449
name added to list: 10450
name added to list: 10451
name added to list: 10452
name added to list: 10453
name added to list: 10454
name added to list: 10455
name added to list: 10456
name added to list: 10457
name added to list: 10458
name added to list: 10459
name added to list: 10460
name added to list: 10461
name added to list: 10462
name added to list: 10463
name added to list: 10464
name added to list: 10465
name added to list: 10466
name added to list: 10467
name added to list: 10468
name added to list: 10469
name added to list: 10470
name added to list: 10471
name added to list: 10472
name added to list: 10473
name added to list: 10474
name added to list: 10475
name added to list: 10476
name added to list: 10477
name added to list: 10478
name added to list: 10479
name added to list: 10480
name added to list: 10481
name added to list: 10482
name added to list: 10483
name added to list: 10484
name added to list: 10485
name added to list: 10486
name added to list: 10487
name added to list: 10488
name added to list: 10489
name added to list: 10490
name added to list: 10491
name added to list: 10492
name added to list: 10493
name added to list: 10494
name added to list: 10495
name added to list: 10496
name added to list: 10497
name added to list: 10498
name added to list: 10499
name added to list: 10500
name added to list: 10501
name added to list: 10502
name added to list: 10503
name added to list: 10504
name added to list: 10505
name added to list: 10506
name added to list: 10507
name added to list: 10508
name added to list: 10509
name added to list: 10510
name added to list: 10511
name added to list: 10512
name added to list: 10513
name added to list: 10514
name added to list: 10515
name added to list: 10516
name added to list: 10517
name added to list: 10518
name added to list: 10519
name added to list: 10520
name added to list: 10521
name added to list: 10522
name added to list: 10523
name added to list: 10524
name added to list: 10525
name added to list: 10526
name added to list: 10527
name added to list: 10528
name added to list: 10529
name added to list: 10530
name added to list: 10531
name added to list: 10532
name added to list: 10533
name added to list: 10534
name added to list: 10535
name added to list: 10536
name added to list: 10537
name added to list: 10538
name added to list: 10539
name added to list: 10540
name added to list: 10541
name added to list: 10542
name added to list: 10543
name added to list: 10544
name added to list: 10545
name added to list: 10546
name added to list: 10547
name added to list: 10548
name added to list: 10549
name added to list: 10550
name added to list: 10551
name added to list: 10552
name added to list: 10553
name added to list: 10554
name added to list: 10555
name added to list: 10556
name added to list: 10557
name added to list: 10558
name added to list: 10559
name added to list: 10560
name added to list: 10561
name added to list: 10562
name added to list: 10563
name added to list: 10564
name added to list: 10565
name added to list: 10566
name added to list: 10567
name added to list: 10568
name added to list: 10569
name added to list: 10570
name added to list: 10571
name added to list: 10572
name added to list: 10573
name added to list: 10574
name added to list: 10575
name added to list: 10576
name added to list: 10577
name added to list: 10578
name added to list: 10579
name added to list: 10580
name added to list: 10581
name added to list: 10582
name added to list: 10583
name added to list: 10584
name added to list: 10585
name added to list: 10586
name added to list: 10587
name added to list: 10588
name added to list: 10589
name added to list: 10590
name added to list: 10591
name added to list: 10592
name added to list: 10593
name added to list: 10594
name added to list: 10595
name added to list: 10596
name added to list: 10597
name added to list: 10598
name added to list: 10599
name added to list: 10600
name added to list: 10601
name added to list: 10602
name added to list: 10603
name added to list: 10604
name added to list: 10605
name added to list: 10606
name added to list: 10607
name added to list: 10608
name added to list: 10609
name added to list: 10610
name added to list: 10611
name added to list: 10612
name added to list: 10613
name added to list: 10614
name added to list: 10615
name added to list: 10616
name added to list: 10617
name added to list: 10618
name added to list: 10619
name added to list: 10620
name added to list: 10621
name added to list: 10622
name added to list: 10623
name added to list: 10624
name added to list: 10625
name added to list: 10626
name added to list: 10627
name added to list: 10628
name added to list: 10629
name added to list: 10630
name added to list: 10631
name added to list: 10632
name added to list: 10633
name added to list: 10634
name added to list: 10635
name added to list: 10636
name added to list: 10637
name added to list: 10638
name added to list: 10639
name added to list: 10640
name added to list: 10641
name added to list: 10642
name added to list: 10643
name added to list: 10644
name added to list: 10645
name added to list: 10646
name added to list: 10647
name added to list: 10648
name added to list: 10649
name added to list: 10650
name added to list: 10651
name added to list: 10652
name added to list: 10653
name added to list: 10654
name added to list: 10655
name added to list: 10656
name added to list: 10657
name added to list: 10658
name added to list: 10659
name added to list: 10660
name added to list: 10661
name added to list: 10662
name added to list: 10663
name added to list: 10664
name added to list: 10665
name added to list: 10666
name added to list: 10667
name added to list: 10668
name added to list: 10669
name added to list: 10670
name added to list: 10671
name added to list: 10672
name added to list: 10673
name added to list: 10674
name added to list: 10675
name added to list: 10676
name added to list: 10677
name added to list: 10678
name added to list: 10679
name added to list: 10680
name added to list: 10681
name added to list: 10682
name added to list: 10683
name added to list: 10684
name added to list: 10685
name added to list: 10686
name added to list: 10687
name added to list: 10688
name added to list: 10689
name added to list: 10690
name added to list: 10691
name added to list: 10692
name added to list: 10693
name added to list: 10694
name added to list: 10695
name added to list: 10696
name added to list: 10697
name added to list: 10698
name added to list: 10699
name added to list: 10700
name added to list: 10701
name added to list: 10702
name added to list: 10703
name added to list: 10704
name added to list: 10705
name added to list: 10706
name added to list: 10707
name added to list: 10708
name added to list: 10709
name added to list: 10710
name added to list: 10711
name added to list: 10712
name added to list: 10713
name added to list: 10714
name added to list: 10715
name added to list: 10716
name added to list: 10717
name added to list: 10718
name added to list: 10719
name added to list: 10720
name added to list: 10721
name added to list: 10722
name added to list: 10723
name added to list: 10724
name added to list: 10725
name added to list: 10726
name added to list: 10727
name added to list: 10728
name added to list: 10729
name added to list: 10730
name added to list: 10731
name added to list: 10732
name added to list: 10733
name added to list: 10734
name added to list: 10735
name added to list: 10736
name added to list: 10737
name added to list: 10738
name added to list: 10739
name added to list: 10740
name added to list: 10741
name added to list: 10742
name added to list: 10743
name added to list: 10744
name added to list: 10745
name added to list: 10746
name added to list: 10747
name added to list: 10748
name added to list: 10749
name added to list: 10750
name added to list: 10751
name added to list: 10752
name added to list: 10753
name added to list: 10754
name added to list: 10755
name added to list: 10756
name added to list: 10757
name added to list: 10758
name added to list: 10759
name added to list: 10760
name added to list: 10761
name added to list: 10762
name added to list: 10763
name added to list: 10764
name added to list: 10765
name added to list: 10766
name added to list: 10767
name added to list: 10768
name added to list: 10769
name added to list: 10770
name added to list: 10771
name added to list: 10772
name added to list: 10773
name added to list: 10774
name added to list: 10775
name added to list: 10776
name added to list: 10777
name added to list: 10778
name added to list: 10779
name added to list: 10780
name added to list: 10781
name added to list: 10782
name added to list: 10783
name added to list: 10784
name added to list: 10785
name added to list: 10786
name added to list: 10787
name added to list: 10788
name added to list: 10789
name added to list: 10790
name added to list: 10791
name added to list: 10792
name added to list: 10793
name added to list: 10794
name added to list: 10795
name added to list: 10796
name added to list: 10797
name added to list: 10798
name added to list: 10799
name added to list: 10800
name added to list: 10801
name added to list: 10802
name added to list: 10803
name added to list: 10804
name added to list: 10805
name added to list: 10806
name added to list: 10807
name added to list: 10808
name added to list: 10809
name added to list: 10810
name added to list: 10811
name added to list: 10812
name added to list: 10813
name added to list: 10814
name added to list: 10815
name added to list: 10816
name added to list: 10817
name added to list: 10818
name added to list: 10819
name added to list: 10820
name added to list: 10821
name added to list: 10822
name added to list: 10823
name added to list: 10824
name added to list: 10825
name added to list: 10826
name added to list: 10827
name added to list: 10828
name added to list: 10829
name added to list: 10830
name added to list: 10831
name added to list: 10832
name added to list: 10833
name added to list: 10834
name added to list: 10835
name added to list: 10836
name added to list: 10837
name added to list: 10838
name added to list: 10839
name added to list: 10840
name added to list: 10841
name added to list: 10842
name added to list: 10843
name added to list: 10844
name added to list: 10845
name added to list: 10846
name added to list: 10847
name added to list: 10848
name added to list: 10849
name added to list: 10850
name added to list: 10851
name added to list: 10852
name added to list: 10853
name added to list: 10854
name added to list: 10855
name added to list: 10856
name added to list: 10857
name added to list: 10858
name added to list: 10859
name added to list: 10860
name added to list: 10861
name added to list: 10862
name added to list: 10863
name added to list: 10864
name added to list: 10865
name added to list: 10866
name added to list: 10867
name added to list: 10868
name added to list: 10869
name added to list: 10870
name added to list: 10871
name added to list: 10872
name added to list: 10873
name added to list: 10874
name added to list: 10875
name added to list: 10876
name added to list: 10877
name added to list: 10878
name added to list: 10879
name added to list: 10880
name added to list: 10881
name added to list: 10882
name added to list: 10883
name added to list: 10884
name added to list: 10885
name added to list: 10886
name added to list: 10887
name added to list: 10888
name added to list: 10889
name added to list: 10890
name added to list: 10891
name added to list: 10892
name added to list: 10893
name added to list: 10894
name added to list: 10895
name added to list: 10896
name added to list: 10897
name added to list: 10898
name added to list: 10899
name added to list: 10900
name added to list: 10901
name added to list: 10902
name added to list: 10903
name added to list: 10904
name added to list: 10905
name added to list: 10906
name added to list: 10907
name added to list: 10908
name added to list: 10909
name added to list: 10910
name added to list: 10911
name added to list: 10912
name added to list: 10913
name added to list: 10914
name added to list: 10915
name added to list: 10916
name added to list: 10917
name added to list: 10918
name added to list: 10919
name added to list: 10920
name added to list: 10921
name added to list: 10922
name added to list: 10923
name added to list: 10924
name added to list: 10925
name added to list: 10926
name added to list: 10927
name added to list: 10928
name added to list: 10929
name added to list: 10930
name added to list: 10931
name added to list: 10932
name added to list: 10933
name added to list: 10934
name added to list: 10935
name added to list: 10936
name added to list: 10937
name added to list: 10938
name added to list: 10939
name added to list: 10940
name added to list: 10941
name added to list: 10942
name added to list: 10943
name added to list: 10944
name added to list: 10945
name added to list: 10946
name added to list: 10947
name added to list: 10948
name added to list: 10949
name added to list: 10950
name added to list: 10951
name added to list: 10952
name added to list: 10953
name added to list: 10954
name added to list: 10955
name added to list: 10956
name added to list: 10957
name added to list: 10958
name added to list: 10959
name added to list: 10960
name added to list: 10961
name added to list: 10962
name added to list: 10963
name added to list: 10964
name added to list: 10965
name added to list: 10966
name added to list: 10967
name added to list: 10968
name added to list: 10969
name added to list: 10970
name added to list: 10971
name added to list: 10972
name added to list: 10973
name added to list: 10974
name added to list: 10975
name added to list: 10976
name added to list: 10977
name added to list: 10978
name added to list: 10979
name added to list: 10980
name added to list: 10981
name added to list: 10982
name added to list: 10983
name added to list: 10984
name added to list: 10985
name added to list: 10986
name added to list: 10987
name added to list: 10988
name added to list: 10989
name added to list: 10990
name added to list: 10991
name added to list: 10992
name added to list: 10993
name added to list: 10994
name added to list: 10995
name added to list: 10996
name added to list: 10997
name added to list: 10998
name added to list: 10999
name added to list: 11000
name added to list: 11001
name added to list: 11002
name added to list: 11003
name added to list: 11004
name added to list: 11005
name added to list: 11006
name added to list: 11007
name added to list: 11008
name added to list: 11009
name added to list: 11010
name added to list: 11011
name added to list: 11012
name added to list: 11013
name added to list: 11014
name added to list: 11015
name added to list: 11016
name added to list: 11017
name added to list: 11018
name added to list: 11019
name added to list: 11020
name added to list: 11021
name added to list: 11022
name added to list: 11023
name added to list: 11024
name added to list: 11025
name added to list: 11026
name added to list: 11027
name added to list: 11028
name added to list: 11029
name added to list: 11030
name added to list: 11031
name added to list: 11032
name added to list: 11033
name added to list: 11034
name added to list: 11035
name added to list: 11036
name added to list: 11037
name added to list: 11038
name added to list: 11039
name added to list: 11040
name added to list: 11041
name added to list: 11042
name added to list: 11043
name added to list: 11044
name added to list: 11045
name added to list: 11046
name added to list: 11047
name added to list: 11048
name added to list: 11049
name added to list: 11050
name added to list: 11051
name added to list: 11052
name added to list: 11053
name added to list: 11054
name added to list: 11055
name added to list: 11056
name added to list: 11057
name added to list: 11058
name added to list: 11059
name added to list: 11060
name added to list: 11061
name added to list: 11062
name added to list: 11063
name added to list: 11064
name added to list: 11065
name added to list: 11066
name added to list: 11067
name added to list: 11068
name added to list: 11069
name added to list: 11070
name added to list: 11071
name added to list: 11072
name added to list: 11073
name added to list: 11074
name added to list: 11075
name added to list: 11076
name added to list: 11077
name added to list: 11078
name added to list: 11079
name added to list: 11080
name added to list: 11081
name added to list: 11082
name added to list: 11083
name added to list: 11084
name added to list: 11085
name added to list: 11086
name added to list: 11087
name added to list: 11088
name added to list: 11089
name added to list: 11090
name added to list: 11091
name added to list: 11092
name added to list: 11093
name added to list: 11094
name added to list: 11095
name added to list: 11096
name added to list: 11097
name added to list: 11098
name added to list: 11099
name added to list: 11100
name added to list: 11101
name added to list: 11102
name added to list: 11103
name added to list: 11104
name added to list: 11105
name added to list: 11106
name added to list: 11107
name added to list: 11108
name added to list: 11109
name added to list: 11110
name added to list: 11111
name added to list: 11112
name added to list: 11113
name added to list: 11114
name added to list: 11115
name added to list: 11116
name added to list: 11117
name added to list: 11118
name added to list: 11119
name added to list: 11120
name added to list: 11121
name added to list: 11122
name added to list: 11123
name added to list: 11124
name added to list: 11125
name added to list: 11126
name added to list: 11127
name added to list: 11128
name added to list: 11129
name added to list: 11130
name added to list: 11131
name added to list: 11132
name added to list: 11133
name added to list: 11134
name added to list: 11135
name added to list: 11136
name added to list: 11137
name added to list: 11138
name added to list: 11139
name added to list: 11140
name added to list: 11141
name added to list: 11142
name added to list: 11143
name added to list: 11144
name added to list: 11145
name added to list: 11146
name added to list: 11147
name added to list: 11148
name added to list: 11149
name added to list: 11150
name added to list: 11151
name added to list: 11152
name added to list: 11153
name added to list: 11154
name added to list: 11155
name added to list: 11156
name added to list: 11157
name added to list: 11158
name added to list: 11159
name added to list: 11160
name added to list: 11161
name added to list: 11162
name added to list: 11163
name added to list: 11164
name added to list: 11165
name added to list: 11166
name added to list: 11167
name added to list: 11168
name added to list: 11169
name added to list: 11170
name added to list: 11171
name added to list: 11172
name added to list: 11173
name added to list: 11174
name added to list: 11175
name added to list: 11176
name added to list: 11177
name added to list: 11178
name added to list: 11179
name added to list: 11180
name added to list: 11181
name added to list: 11182
name added to list: 11183
name added to list: 11184
name added to list: 11185
name added to list: 11186
name added to list: 11187
name added to list: 11188
name added to list: 11189
name added to list: 11190
name added to list: 11191
name added to list: 11192
name added to list: 11193
name added to list: 11194
name added to list: 11195
name added to list: 11196
name added to list: 11197
name added to list: 11198
name added to list: 11199
name added to list: 11200
name added to list: 11201
name added to list: 11202
name added to list: 11203
name added to list: 11204
name added to list: 11205
name added to list: 11206
name added to list: 11207
name added to list: 11208
name added to list: 11209
name added to list: 11210
name added to list: 11211
name added to list: 11212
name added to list: 11213
name added to list: 11214
name added to list: 11215
name added to list: 11216
name added to list: 11217
name added to list: 11218
name added to list: 11219
name added to list: 11220
name added to list: 11221
name added to list: 11222
name added to list: 11223
name added to list: 11224
name added to list: 11225
name added to list: 11226
name added to list: 11227
name added to list: 11228
name added to list: 11229
name added to list: 11230
name added to list: 11231
name added to list: 11232
name added to list: 11233
name added to list: 11234
name added to list: 11235
name added to list: 11236
name added to list: 11237
name added to list: 11238
name added to list: 11239
name added to list: 11240
name added to list: 11241
name added to list: 11242
name added to list: 11243
name added to list: 11244
name added to list: 11245
name added to list: 11246
name added to list: 11247
name added to list: 11248
name added to list: 11249
name added to list: 11250
name added to list: 11251
name added to list: 11252
name added to list: 11253
name added to list: 11254
name added to list: 11255
name added to list: 11256
name added to list: 11257
name added to list: 11258
name added to list: 11259
name added to list: 11260
name added to list: 11261
name added to list: 11262
name added to list: 11263
name added to list: 11264
name added to list: 11265
name added to list: 11266
name added to list: 11267
name added to list: 11268
name added to list: 11269
name added to list: 11270
name added to list: 11271
name added to list: 11272
name added to list: 11273
name added to list: 11274
name added to list: 11275
name added to list: 11276
name added to list: 11277
name added to list: 11278
name added to list: 11279
name added to list: 11280
name added to list: 11281
name added to list: 11282
name added to list: 11283
name added to list: 11284
name added to list: 11285
name added to list: 11286
name added to list: 11287
name added to list: 11288
name added to list: 11289
name added to list: 11290
name added to list: 11291
name added to list: 11292
name added to list: 11293
name added to list: 11294
name added to list: 11295
name added to list: 11296
name added to list: 11297
name added to list: 11298
name added to list: 11299
name added to list: 11300
name added to list: 11301
name added to list: 11302
name added to list: 11303
name added to list: 11304
name added to list: 11305
name added to list: 11306
name added to list: 11307
name added to list: 11308
name added to list: 11309
name added to list: 11310
name added to list: 11311
name added to list: 11312
name added to list: 11313
name added to list: 11314
name added to list: 11315
name added to list: 11316
name added to list: 11317
name added to list: 11318
name added to list: 11319
name added to list: 11320
name added to list: 11321
name added to list: 11322
name added to list: 11323
name added to list: 11324
name added to list: 11325
name added to list: 11326
name added to list: 11327
name added to list: 11328
name added to list: 11329
name added to list: 11330
name added to list: 11331
name added to list: 11332
name added to list: 11333
name added to list: 11334
name added to list: 11335
name added to list: 11336
name added to list: 11337
name added to list: 11338
name added to list: 11339
name added to list: 11340
name added to list: 11341
name added to list: 11342
name added to list: 11343
name added to list: 11344
name added to list: 11345
name added to list: 11346
name added to list: 11347
name added to list: 11348
name added to list: 11349
name added to list: 11350
name added to list: 11351
name added to list: 11352
name added to list: 11353
name added to list: 11354
name added to list: 11355
name added to list: 11356
name added to list: 11357
name added to list: 11358
name added to list: 11359
name added to list: 11360
name added to list: 11361
name added to list: 11362
name added to list: 11363
name added to list: 11364
name added to list: 11365
name added to list: 11366
name added to list: 11367
name added to list: 11368
name added to list: 11369
name added to list: 11370
name added to list: 11371
name added to list: 11372
name added to list: 11373
name added to list: 11374
name added to list: 11375
name added to list: 11376
name added to list: 11377
name added to list: 11378
name added to list: 11379
name added to list: 11380
name added to list: 11381
name added to list: 11382
name added to list: 11383
name added to list: 11384
name added to list: 11385
name added to list: 11386
name added to list: 11387
name added to list: 11388
name added to list: 11389
name added to list: 11390
name added to list: 11391
name added to list: 11392
name added to list: 11393
name added to list: 11394
name added to list: 11395
name added to list: 11396
name added to list: 11397
name added to list: 11398
name added to list: 11399
name added to list: 11400
name added to list: 11401
name added to list: 11402
name added to list: 11403
name added to list: 11404
name added to list: 11405
name added to list: 11406
name added to list: 11407
name added to list: 11408
name added to list: 11409
name added to list: 11410
name added to list: 11411
name added to list: 11412
name added to list: 11413
name added to list: 11414
name added to list: 11415
name added to list: 11416
name added to list: 11417
name added to list: 11418
name added to list: 11419
name added to list: 11420
name added to list: 11421
name added to list: 11422
name added to list: 11423
name added to list: 11424
name added to list: 11425
name added to list: 11426
name added to list: 11427
name added to list: 11428
name added to list: 11429
name added to list: 11430
name added to list: 11431
name added to list: 11432
name added to list: 11433
name added to list: 11434
name added to list: 11435
name added to list: 11436
name added to list: 11437
name added to list: 11438
name added to list: 11439
name added to list: 11440
name added to list: 11441
name added to list: 11442
name added to list: 11443
name added to list: 11444
name added to list: 11445
name added to list: 11446
name added to list: 11447
name added to list: 11448
name added to list: 11449
name added to list: 11450
name added to list: 11451
name added to list: 11452
name added to list: 11453
name added to list: 11454
name added to list: 11455
name added to list: 11456
name added to list: 11457
name added to list: 11458
name added to list: 11459
name added to list: 11460
name added to list: 11461
name added to list: 11462
name added to list: 11463
name added to list: 11464
name added to list: 11465
name added to list: 11466
name added to list: 11467
name added to list: 11468
name added to list: 11469
name added to list: 11470
name added to list: 11471
name added to list: 11472
name added to list: 11473
name added to list: 11474
name added to list: 11475
name added to list: 11476
name added to list: 11477
name added to list: 11478
name added to list: 11479
name added to list: 11480
name added to list: 11481
name added to list: 11482
name added to list: 11483
name added to list: 11484
name added to list: 11485
name added to list: 11486
name added to list: 11487
name added to list: 11488
name added to list: 11489
name added to list: 11490
name added to list: 11491
name added to list: 11492
name added to list: 11493
name added to list: 11494
name added to list: 11495
name added to list: 11496
name added to list: 11497
name added to list: 11498
name added to list: 11499
name added to list: 11500
name added to list: 11501
name added to list: 11502
name added to list: 11503
name added to list: 11504
name added to list: 11505
name added to list: 11506
name added to list: 11507
name added to list: 11508
name added to list: 11509
name added to list: 11510
name added to list: 11511
name added to list: 11512
name added to list: 11513
name added to list: 11514
name added to list: 11515
name added to list: 11516
name added to list: 11517
name added to list: 11518
name added to list: 11519
name added to list: 11520
name added to list: 11521
name added to list: 11522
name added to list: 11523
name added to list: 11524
name added to list: 11525
name added to list: 11526
name added to list: 11527
name added to list: 11528
name added to list: 11529
name added to list: 11530
name added to list: 11531
name added to list: 11532
name added to list: 11533
name added to list: 11534
name added to list: 11535
name added to list: 11536
name added to list: 11537
name added to list: 11538
name added to list: 11539
name added to list: 11540
name added to list: 11541
name added to list: 11542
name added to list: 11543
name added to list: 11544
name added to list: 11545
name added to list: 11546
name added to list: 11547
name added to list: 11548
name added to list: 11549
name added to list: 11550
name added to list: 11551
name added to list: 11552
name added to list: 11553
name added to list: 11554
name added to list: 11555
name added to list: 11556
name added to list: 11557
name added to list: 11558
name added to list: 11559
name added to list: 11560
name added to list: 11561
name added to list: 11562
name added to list: 11563
name added to list: 11564
name added to list: 11565
name added to list: 11566
name added to list: 11567
name added to list: 11568
name added to list: 11569
name added to list: 11570
name added to list: 11571
name added to list: 11572
name added to list: 11573
name added to list: 11574
name added to list: 11575
name added to list: 11576
name added to list: 11577
name added to list: 11578
name added to list: 11579
name added to list: 11580
name added to list: 11581
name added to list: 11582
name added to list: 11583
name added to list: 11584
name added to list: 11585
name added to list: 11586
name added to list: 11587
name added to list: 11588
name added to list: 11589
name added to list: 11590
name added to list: 11591
name added to list: 11592
name added to list: 11593
name added to list: 11594
name added to list: 11595
name added to list: 11596
name added to list: 11597
name added to list: 11598
name added to list: 11599
name added to list: 11600
name added to list: 11601
name added to list: 11602
name added to list: 11603
name added to list: 11604
name added to list: 11605
name added to list: 11606
name added to list: 11607
name added to list: 11608
name added to list: 11609
name added to list: 11610
name added to list: 11611
name added to list: 11612
name added to list: 11613
name added to list: 11614
name added to list: 11615
name added to list: 11616
name added to list: 11617
name added to list: 11618
name added to list: 11619
name added to list: 11620
name added to list: 11621
name added to list: 11622
name added to list: 11623
name added to list: 11624
name added to list: 11625
name added to list: 11626
name added to list: 11627
name added to list: 11628
name added to list: 11629
name added to list: 11630
name added to list: 11631
name added to list: 11632
name added to list: 11633
name added to list: 11634
name added to list: 11635
name added to list: 11636
name added to list: 11637
name added to list: 11638
name added to list: 11639
name added to list: 11640
name added to list: 11641
name added to list: 11642
name added to list: 11643
name added to list: 11644
name added to list: 11645
name added to list: 11646
name added to list: 11647
name added to list: 11648
name added to list: 11649
name added to list: 11650
name added to list: 11651
name added to list: 11652
name added to list: 11653
name added to list: 11654
name added to list: 11655
name added to list: 11656
name added to list: 11657
name added to list: 11658
name added to list: 11659
name added to list: 11660
name added to list: 11661
name added to list: 11662
name added to list: 11663
name added to list: 11664
name added to list: 11665
name added to list: 11666
name added to list: 11667
name added to list: 11668
name added to list: 11669
name added to list: 11670
name added to list: 11671
name added to list: 11672
name added to list: 11673
name added to list: 11674
name added to list: 11675
name added to list: 11676
name added to list: 11677
name added to list: 11678
name added to list: 11679
name added to list: 11680
name added to list: 11681
name added to list: 11682
name added to list: 11683
name added to list: 11684
name added to list: 11685
name added to list: 11686
name added to list: 11687
name added to list: 11688
name added to list: 11689
name added to list: 11690
name added to list: 11691
name added to list: 11692
name added to list: 11693
name added to list: 11694
name added to list: 11695
name added to list: 11696
name added to list: 11697
name added to list: 11698
name added to list: 11699
name added to list: 11700
name added to list: 11701
name added to list: 11702
name added to list: 11703
name added to list: 11704
name added to list: 11705
name added to list: 11706
name added to list: 11707
name added to list: 11708
name added to list: 11709
name added to list: 11710
name added to list: 11711
name added to list: 11712
name added to list: 11713
name added to list: 11714
name added to list: 11715
name added to list: 11716
name added to list: 11717
name added to list: 11718
name added to list: 11719
name added to list: 11720
name added to list: 11721
name added to list: 11722
name added to list: 11723
name added to list: 11724
name added to list: 11725
name added to list: 11726
name added to list: 11727
name added to list: 11728
name added to list: 11729
name added to list: 11730
name added to list: 11731
name added to list: 11732
name added to list: 11733
name added to list: 11734
name added to list: 11735
name added to list: 11736
name added to list: 11737
name added to list: 11738
name added to list: 11739
name added to list: 11740
name added to list: 11741
name added to list: 11742
name added to list: 11743
name added to list: 11744
name added to list: 11745
name added to list: 11746
name added to list: 11747
name added to list: 11748
name added to list: 11749
name added to list: 11750
name added to list: 11751
name added to list: 11752
name added to list: 11753
name added to list: 11754
name added to list: 11755
name added to list: 11756
name added to list: 11757
name added to list: 11758
name added to list: 11759
name added to list: 11760
name added to list: 11761
name added to list: 11762
name added to list: 11763
name added to list: 11764
name added to list: 11765
name added to list: 11766
name added to list: 11767
name added to list: 11768
name added to list: 11769
name added to list: 11770
name added to list: 11771
name added to list: 11772
name added to list: 11773
name added to list: 11774
name added to list: 11775
name added to list: 11776
name added to list: 11777
name added to list: 11778
name added to list: 11779
name added to list: 11780
name added to list: 11781
name added to list: 11782
name added to list: 11783
name added to list: 11784
name added to list: 11785
name added to list: 11786
name added to list: 11787
name added to list: 11788
name added to list: 11789
name added to list: 11790
name added to list: 11791
name added to list: 11792
name added to list: 11793
name added to list: 11794
name added to list: 11795
name added to list: 11796
name added to list: 11797
name added to list: 11798
name added to list: 11799
name added to list: 11800
name added to list: 11801
name added to list: 11802
name added to list: 11803
name added to list: 11804
name added to list: 11805
name added to list: 11806
name added to list: 11807
name added to list: 11808
name added to list: 11809
name added to list: 11810
name added to list: 11811
name added to list: 11812
name added to list: 11813
name added to list: 11814
name added to list: 11815
name added to list: 11816
name added to list: 11817
name added to list: 11818
name added to list: 11819
name added to list: 11820
name added to list: 11821
name added to list: 11822
name added to list: 11823
name added to list: 11824
name added to list: 11825
name added to list: 11826
name added to list: 11827
name added to list: 11828
name added to list: 11829
name added to list: 11830
name added to list: 11831
name added to list: 11832
name added to list: 11833
name added to list: 11834
name added to list: 11835
name added to list: 11836
name added to list: 11837
name added to list: 11838
name added to list: 11839
name added to list: 11840
name added to list: 11841
name added to list: 11842
name added to list: 11843
name added to list: 11844
name added to list: 11845
name added to list: 11846
name added to list: 11847
name added to list: 11848
name added to list: 11849
name added to list: 11850
name added to list: 11851
name added to list: 11852
name added to list: 11853
name added to list: 11854
name added to list: 11855
name added to list: 11856
name added to list: 11857
name added to list: 11858
name added to list: 11859
name added to list: 11860
name added to list: 11861
name added to list: 11862
name added to list: 11863
name added to list: 11864
name added to list: 11865
name added to list: 11866
name added to list: 11867
name added to list: 11868
name added to list: 11869
name added to list: 11870
name added to list: 11871
name added to list: 11872
name added to list: 11873
name added to list: 11874
name added to list: 11875
name added to list: 11876
name added to list: 11877
name added to list: 11878
name added to list: 11879
name added to list: 11880
name added to list: 11881
name added to list: 11882
name added to list: 11883
name added to list: 11884
name added to list: 11885
name added to list: 11886
name added to list: 11887
name added to list: 11888
name added to list: 11889
name added to list: 11890
name added to list: 11891
name added to list: 11892
name added to list: 11893
name added to list: 11894
name added to list: 11895
name added to list: 11896
name added to list: 11897
name added to list: 11898
name added to list: 11899
name added to list: 11900
name added to list: 11901
name added to list: 11902
name added to list: 11903
name added to list: 11904
name added to list: 11905
name added to list: 11906
name added to list: 11907
name added to list: 11908
name added to list: 11909
name added to list: 11910
name added to list: 11911
name added to list: 11912
name added to list: 11913
name added to list: 11914
name added to list: 11915
name added to list: 11916
name added to list: 11917
name added to list: 11918
name added to list: 11919
name added to list: 11920
name added to list: 11921
name added to list: 11922
name added to list: 11923
name added to list: 11924
name added to list: 11925
name added to list: 11926
name added to list: 11927
name added to list: 11928
name added to list: 11929
name added to list: 11930
name added to list: 11931
name added to list: 11932
name added to list: 11933
name added to list: 11934
name added to list: 11935
name added to list: 11936
name added to list: 11937
name added to list: 11938
name added to list: 11939
name added to list: 11940
name added to list: 11941
name added to list: 11942
name added to list: 11943
name added to list: 11944
name added to list: 11945
name added to list: 11946
name added to list: 11947
name added to list: 11948
name added to list: 11949
name added to list: 11950
name added to list: 11951
name added to list: 11952
name added to list: 11953
name added to list: 11954
name added to list: 11955
name added to list: 11956
name added to list: 11957
name added to list: 11958
name added to list: 11959
name added to list: 11960
name added to list: 11961
name added to list: 11962
name added to list: 11963
name added to list: 11964
name added to list: 11965
name added to list: 11966
name added to list: 11967
name added to list: 11968
name added to list: 11969
name added to list: 11970
name added to list: 11971
name added to list: 11972
name added to list: 11973
name added to list: 11974
name added to list: 11975
name added to list: 11976
name added to list: 11977
name added to list: 11978
name added to list: 11979
name added to list: 11980
name added to list: 11981
name added to list: 11982
name added to list: 11983
name added to list: 11984
name added to list: 11985
name added to list: 11986
name added to list: 11987
name added to list: 11988
name added to list: 11989
name added to list: 11990
name added to list: 11991
name added to list: 11992
name added to list: 11993
name added to list: 11994
name added to list: 11995
name added to list: 11996
name added to list: 11997
name added to list: 11998
name added to list: 11999
name added to list: 12000
name added to list: 12001
name added to list: 12002
name added to list: 12003
name added to list: 12004
name added to list: 12005
name added to list: 12006
name added to list: 12007
name added to list: 12008
name added to list: 12009
name added to list: 12010
name added to list: 12011
name added to list: 12012
name added to list: 12013
name added to list: 12014
name added to list: 12015
name added to list: 12016
name added to list: 12017
name added to list: 12018
name added to list: 12019
name added to list: 12020
name added to list: 12021
name added to list: 12022
name added to list: 12023
name added to list: 12024
name added to list: 12025
name added to list: 12026
name added to list: 12027
name added to list: 12028
name added to list: 12029
name added to list: 12030
name added to list: 12031
name added to list: 12032
name added to list: 12033
name added to list: 12034
name added to list: 12035
name added to list: 12036
name added to list: 12037
name added to list: 12038
name added to list: 12039
name added to list: 12040
name added to list: 12041
name added to list: 12042
name added to list: 12043
name added to list: 12044
name added to list: 12045
name added to list: 12046
name added to list: 12047
name added to list: 12048
name added to list: 12049
name added to list: 12050
name added to list: 12051
name added to list: 12052
name added to list: 12053
name added to list: 12054
name added to list: 12055
name added to list: 12056
name added to list: 12057
name added to list: 12058
name added to list: 12059
name added to list: 12060
name added to list: 12061
name added to list: 12062
name added to list: 12063
name added to list: 12064
name added to list: 12065
name added to list: 12066
name added to list: 12067
name added to list: 12068
name added to list: 12069
name added to list: 12070
name added to list: 12071
name added to list: 12072
name added to list: 12073
name added to list: 12074
name added to list: 12075
name added to list: 12076
name added to list: 12077
name added to list: 12078
name added to list: 12079
name added to list: 12080
name added to list: 12081
name added to list: 12082
name added to list: 12083
name added to list: 12084
name added to list: 12085
name added to list: 12086
name added to list: 12087
name added to list: 12088
name added to list: 12089
name added to list: 12090
name added to list: 12091
name added to list: 12092
name added to list: 12093
name added to list: 12094
name added to list: 12095
name added to list: 12096
name added to list: 12097
name added to list: 12098
name added to list: 12099
name added to list: 12100
name added to list: 12101
name added to list: 12102
name added to list: 12103
name added to list: 12104
name added to list: 12105
name added to list: 12106
name added to list: 12107
name added to list: 12108
name added to list: 12109
name added to list: 12110
name added to list: 12111
name added to list: 12112
name added to list: 12113
name added to list: 12114
name added to list: 12115
name added to list: 12116
name added to list: 12117
name added to list: 12118
name added to list: 12119
name added to list: 12120
name added to list: 12121
name added to list: 12122
name added to list: 12123
name added to list: 12124
name added to list: 12125
name added to list: 12126
name added to list: 12127
name added to list: 12128
name added to list: 12129
name added to list: 12130
name added to list: 12131
name added to list: 12132
name added to list: 12133
name added to list: 12134
name added to list: 12135
name added to list: 12136
name added to list: 12137
name added to list: 12138
name added to list: 12139
name added to list: 12140
name added to list: 12141
name added to list: 12142
name added to list: 12143
name added to list: 12144
name added to list: 12145
name added to list: 12146
name added to list: 12147
name added to list: 12148
name added to list: 12149
name added to list: 12150
name added to list: 12151
name added to list: 12152
name added to list: 12153
name added to list: 12154
name added to list: 12155
name added to list: 12156
name added to list: 12157
name added to list: 12158
name added to list: 12159
name added to list: 12160
name added to list: 12161
name added to list: 12162
name added to list: 12163
name added to list: 12164
name added to list: 12165
name added to list: 12166
name added to list: 12167
name added to list: 12168
name added to list: 12169
name added to list: 12170
name added to list: 12171
name added to list: 12172
name added to list: 12173
name added to list: 12174
name added to list: 12175
name added to list: 12176
name added to list: 12177
name added to list: 12178
name added to list: 12179
name added to list: 12180
name added to list: 12181
name added to list: 12182
name added to list: 12183
name added to list: 12184
name added to list: 12185
name added to list: 12186
name added to list: 12187
name added to list: 12188
name added to list: 12189
name added to list: 12190
name added to list: 12191
name added to list: 12192
name added to list: 12193
name added to list: 12194
name added to list: 12195
name added to list: 12196
name added to list: 12197
name added to list: 12198
name added to list: 12199
name added to list: 12200
name added to list: 12201
name added to list: 12202
name added to list: 12203
name added to list: 12204
name added to list: 12205
name added to list: 12206
name added to list: 12207
name added to list: 12208
name added to list: 12209
name added to list: 12210
name added to list: 12211
name added to list: 12212
name added to list: 12213
name added to list: 12214
name added to list: 12215
name added to list: 12216
name added to list: 12217
name added to list: 12218
name added to list: 12219
name added to list: 12220
name added to list: 12221
name added to list: 12222
name added to list: 12223
name added to list: 12224
name added to list: 12225
name added to list: 12226
name added to list: 12227
name added to list: 12228
name added to list: 12229
name added to list: 12230
name added to list: 12231
name added to list: 12232
name added to list: 12233
name added to list: 12234
name added to list: 12235
name added to list: 12236
name added to list: 12237
name added to list: 12238
name added to list: 12239
name added to list: 12240
name added to list: 12241
name added to list: 12242
name added to list: 12243
name added to list: 12244
name added to list: 12245
name added to list: 12246
name added to list: 12247
name added to list: 12248
name added to list: 12249
name added to list: 12250
name added to list: 12251
name added to list: 12252
name added to list: 12253
name added to list: 12254
name added to list: 12255
name added to list: 12256
name added to list: 12257
name added to list: 12258
name added to list: 12259
name added to list: 12260
name added to list: 12261
name added to list: 12262
name added to list: 12263
name added to list: 12264
name added to list: 12265
name added to list: 12266
name added to list: 12267
name added to list: 12268
name added to list: 12269
name added to list: 12270
name added to list: 12271
name added to list: 12272
name added to list: 12273
name added to list: 12274
name added to list: 12275
name added to list: 12276
name added to list: 12277
name added to list: 12278
name added to list: 12279
name added to list: 12280
name added to list: 12281
name added to list: 12282
name added to list: 12283
name added to list: 12284
name added to list: 12285
name added to list: 12286
name added to list: 12287
name added to list: 12288
name added to list: 12289
name added to list: 12290
name added to list: 12291
name added to list: 12292
name added to list: 12293
name added to list: 12294
name added to list: 12295
name added to list: 12296
name added to list: 12297
name added to list: 12298
name added to list: 12299
name added to list: 12300
name added to list: 12301
name added to list: 12302
name added to list: 12303
name added to list: 12304
name added to list: 12305
name added to list: 12306
name added to list: 12307
name added to list: 12308
name added to list: 12309
name added to list: 12310
name added to list: 12311
name added to list: 12312
name added to list: 12313
name added to list: 12314
name added to list: 12315
name added to list: 12316
name added to list: 12317
name added to list: 12318
name added to list: 12319
name added to list: 12320
name added to list: 12321
name added to list: 12322
name added to list: 12323
name added to list: 12324
name added to list: 12325
name added to list: 12326
name added to list: 12327
name added to list: 12328
name added to list: 12329
name added to list: 12330
name added to list: 12331
name added to list: 12332
name added to list: 12333
name added to list: 12334
name added to list: 12335
name added to list: 12336
name added to list: 12337
name added to list: 12338
name added to list: 12339
name added to list: 12340
name added to list: 12341
name added to list: 12342
name added to list: 12343
name added to list: 12344
name added to list: 12345
name added to list: 12346
name added to list: 12347
name added to list: 12348
name added to list: 12349
name added to list: 12350
name added to list: 12351
name added to list: 12352
name added to list: 12353
name added to list: 12354
name added to list: 12355
name added to list: 12356
name added to list: 12357
name added to list: 12358
name added to list: 12359
name added to list: 12360
name added to list: 12361
name added to list: 12362
name added to list: 12363
name added to list: 12364
name added to list: 12365
name added to list: 12366
name added to list: 12367
name added to list: 12368
name added to list: 12369
name added to list: 12370
name added to list: 12371
name added to list: 12372
name added to list: 12373
name added to list: 12374
name added to list: 12375
name added to list: 12376
name added to list: 12377
name added to list: 12378
name added to list: 12379
name added to list: 12380
name added to list: 12381
name added to list: 12382
name added to list: 12383
name added to list: 12384
name added to list: 12385
name added to list: 12386
name added to list: 12387
name added to list: 12388
name added to list: 12389
name added to list: 12390
name added to list: 12391
name added to list: 12392
name added to list: 12393
name added to list: 12394
name added to list: 12395
name added to list: 12396
name added to list: 12397
name added to list: 12398
name added to list: 12399
name added to list: 12400
name added to list: 12401
name added to list: 12402
name added to list: 12403
name added to list: 12404
name added to list: 12405
name added to list: 12406
name added to list: 12407
name added to list: 12408
name added to list: 12409
name added to list: 12410
name added to list: 12411
name added to list: 12412
name added to list: 12413
name added to list: 12414
name added to list: 12415
name added to list: 12416
name added to list: 12417
name added to list: 12418
name added to list: 12419
name added to list: 12420
name added to list: 12421
name added to list: 12422
name added to list: 12423
name added to list: 12424
name added to list: 12425
name added to list: 12426
name added to list: 12427
name added to list: 12428
name added to list: 12429
name added to list: 12430
name added to list: 12431
name added to list: 12432
name added to list: 12433
name added to list: 12434
name added to list: 12435
name added to list: 12436
name added to list: 12437
name added to list: 12438
name added to list: 12439
name added to list: 12440
name added to list: 12441
name added to list: 12442
name added to list: 12443
name added to list: 12444
name added to list: 12445
name added to list: 12446
name added to list: 12447
name added to list: 12448
name added to list: 12449
name added to list: 12450
name added to list: 12451
name added to list: 12452
name added to list: 12453
name added to list: 12454
name added to list: 12455
name added to list: 12456
name added to list: 12457
name added to list: 12458
name added to list: 12459
name added to list: 12460
name added to list: 12461
name added to list: 12462
name added to list: 12463
name added to list: 12464
name added to list: 12465
name added to list: 12466
name added to list: 12467
name added to list: 12468
name added to list: 12469
name added to list: 12470
name added to list: 12471
name added to list: 12472
name added to list: 12473
name added to list: 12474
name added to list: 12475
name added to list: 12476
name added to list: 12477
name added to list: 12478
name added to list: 12479
name added to list: 12480
name added to list: 12481
name added to list: 12482
name added to list: 12483
name added to list: 12484
name added to list: 12485
name added to list: 12486
name added to list: 12487
name added to list: 12488
name added to list: 12489
name added to list: 12490
name added to list: 12491
name added to list: 12492
name added to list: 12493
name added to list: 12494
name added to list: 12495
name added to list: 12496
name added to list: 12497
name added to list: 12498
name added to list: 12499
name added to list: 12500
name added to list: 12501
name added to list: 12502
name added to list: 12503
name added to list: 12504
name added to list: 12505
name added to list: 12506
name added to list: 12507
name added to list: 12508
name added to list: 12509
name added to list: 12510
name added to list: 12511
name added to list: 12512
name added to list: 12513
name added to list: 12514
name added to list: 12515
name added to list: 12516
name added to list: 12517
name added to list: 12518
name added to list: 12519
name added to list: 12520
name added to list: 12521
name added to list: 12522
name added to list: 12523
name added to list: 12524
name added to list: 12525
name added to list: 12526
name added to list: 12527
name added to list: 12528
name added to list: 12529
name added to list: 12530
name added to list: 12531
name added to list: 12532
name added to list: 12533
name added to list: 12534
name added to list: 12535
name added to list: 12536
name added to list: 12537
name added to list: 12538
name added to list: 12539
name added to list: 12540
name added to list: 12541
name added to list: 12542
name added to list: 12543
name added to list: 12544
name added to list: 12545
name added to list: 12546
name added to list: 12547
name added to list: 12548
name added to list: 12549
name added to list: 12550
name added to list: 12551
name added to list: 12552
name added to list: 12553
name added to list: 12554
name added to list: 12555
name added to list: 12556
name added to list: 12557
name added to list: 12558
name added to list: 12559
name added to list: 12560
name added to list: 12561
name added to list: 12562
name added to list: 12563
name added to list: 12564
name added to list: 12565
name added to list: 12566
name added to list: 12567
name added to list: 12568
name added to list: 12569
name added to list: 12570
name added to list: 12571
name added to list: 12572
name added to list: 12573
name added to list: 12574
name added to list: 12575
name added to list: 12576
name added to list: 12577
name added to list: 12578
name added to list: 12579
name added to list: 12580
name added to list: 12581
name added to list: 12582
name added to list: 12583
name added to list: 12584
name added to list: 12585
name added to list: 12586
name added to list: 12587
name added to list: 12588
name added to list: 12589
name added to list: 12590
name added to list: 12591
name added to list: 12592
name added to list: 12593
name added to list: 12594
name added to list: 12595
name added to list: 12596
name added to list: 12597
name added to list: 12598
name added to list: 12599
name added to list: 12600
name added to list: 12601
name added to list: 12602
name added to list: 12603
name added to list: 12604
name added to list: 12605
name added to list: 12606
name added to list: 12607
name added to list: 12608
name added to list: 12609
name added to list: 12610
name added to list: 12611
name added to list: 12612
name added to list: 12613
name added to list: 12614
name added to list: 12615
name added to list: 12616
name added to list: 12617
name added to list: 12618
name added to list: 12619
name added to list: 12620
name added to list: 12621
name added to list: 12622
name added to list: 12623
name added to list: 12624
name added to list: 12625
name added to list: 12626
name added to list: 12627
name added to list: 12628
name added to list: 12629
name added to list: 12630
name added to list: 12631
name added to list: 12632
name added to list: 12633
name added to list: 12634
name added to list: 12635
name added to list: 12636
name added to list: 12637
name added to list: 12638
name added to list: 12639
name added to list: 12640
name added to list: 12641
name added to list: 12642
name added to list: 12643
name added to list: 12644
name added to list: 12645
name added to list: 12646
name added to list: 12647
name added to list: 12648
name added to list: 12649
name added to list: 12650
name added to list: 12651
name added to list: 12652
name added to list: 12653
name added to list: 12654
name added to list: 12655
name added to list: 12656
name added to list: 12657
name added to list: 12658
name added to list: 12659
name added to list: 12660
name added to list: 12661
name added to list: 12662
name added to list: 12663
name added to list: 12664
name added to list: 12665
name added to list: 12666
name added to list: 12667
name added to list: 12668
name added to list: 12669
name added to list: 12670
name added to list: 12671
name added to list: 12672
name added to list: 12673
name added to list: 12674
name added to list: 12675
name added to list: 12676
name added to list: 12677
name added to list: 12678
name added to list: 12679
name added to list: 12680
name added to list: 12681
name added to list: 12682
name added to list: 12683
name added to list: 12684
name added to list: 12685
name added to list: 12686
name added to list: 12687
name added to list: 12688
name added to list: 12689
name added to list: 12690
name added to list: 12691
name added to list: 12692
name added to list: 12693
name added to list: 12694
name added to list: 12695
name added to list: 12696
name added to list: 12697
name added to list: 12698
name added to list: 12699
name added to list: 12700
name added to list: 12701
name added to list: 12702
name added to list: 12703
name added to list: 12704
name added to list: 12705
name added to list: 12706
name added to list: 12707
name added to list: 12708
name added to list: 12709
name added to list: 12710
name added to list: 12711
name added to list: 12712
name added to list: 12713
name added to list: 12714
name added to list: 12715
name added to list: 12716
name added to list: 12717
name added to list: 12718
name added to list: 12719
name added to list: 12720
name added to list: 12721
name added to list: 12722
name added to list: 12723
name added to list: 12724
name added to list: 12725
name added to list: 12726
name added to list: 12727
name added to list: 12728
name added to list: 12729
name added to list: 12730
name added to list: 12731
name added to list: 12732
name added to list: 12733
name added to list: 12734
name added to list: 12735
name added to list: 12736
name added to list: 12737
name added to list: 12738
name added to list: 12739
name added to list: 12740
name added to list: 12741
name added to list: 12742
name added to list: 12743
name added to list: 12744
name added to list: 12745
name added to list: 12746
name added to list: 12747
name added to list: 12748
name added to list: 12749
name added to list: 12750
name added to list: 12751
name added to list: 12752
name added to list: 12753
name added to list: 12754
name added to list: 12755
name added to list: 12756
name added to list: 12757
name added to list: 12758
name added to list: 12759
name added to list: 12760
name added to list: 12761
name added to list: 12762
name added to list: 12763
name added to list: 12764
name added to list: 12765
name added to list: 12766
name added to list: 12767
name added to list: 12768
name added to list: 12769
name added to list: 12770
name added to list: 12771
name added to list: 12772
name added to list: 12773
name added to list: 12774
name added to list: 12775
name added to list: 12776
name added to list: 12777
name added to list: 12778
name added to list: 12779
name added to list: 12780
name added to list: 12781
name added to list: 12782
name added to list: 12783
name added to list: 12784
name added to list: 12785
name added to list: 12786
name added to list: 12787
name added to list: 12788
name added to list: 12789
name added to list: 12790
name added to list: 12791
name added to list: 12792
name added to list: 12793
name added to list: 12794
name added to list: 12795
name added to list: 12796
name added to list: 12797
name added to list: 12798
name added to list: 12799
name added to list: 12800
name added to list: 12801
name added to list: 12802
name added to list: 12803
name added to list: 12804
name added to list: 12805
name added to list: 12806
name added to list: 12807
name added to list: 12808
name added to list: 12809
name added to list: 12810
name added to list: 12811
name added to list: 12812
name added to list: 12813
name added to list: 12814
name added to list: 12815
name added to list: 12816
name added to list: 12817
name added to list: 12818
name added to list: 12819
name added to list: 12820
name added to list: 12821
name added to list: 12822
name added to list: 12823
name added to list: 12824
name added to list: 12825
name added to list: 12826
name added to list: 12827
name added to list: 12828
name added to list: 12829
name added to list: 12830
name added to list: 12831
name added to list: 12832
name added to list: 12833
name added to list: 12834
name added to list: 12835
name added to list: 12836
name added to list: 12837
name added to list: 12838
name added to list: 12839
name added to list: 12840
name added to list: 12841
name added to list: 12842
name added to list: 12843
name added to list: 12844
name added to list: 12845
name added to list: 12846
name added to list: 12847
name added to list: 12848
name added to list: 12849
name added to list: 12850
name added to list: 12851
name added to list: 12852
name added to list: 12853
name added to list: 12854
name added to list: 12855
name added to list: 12856
name added to list: 12857
name added to list: 12858
name added to list: 12859
name added to list: 12860
name added to list: 12861
name added to list: 12862
name added to list: 12863
name added to list: 12864
name added to list: 12865
name added to list: 12866
name added to list: 12867
name added to list: 12868
name added to list: 12869
name added to list: 12870
name added to list: 12871
name added to list: 12872
name added to list: 12873
name added to list: 12874
name added to list: 12875
name added to list: 12876
name added to list: 12877
name added to list: 12878
name added to list: 12879
name added to list: 12880
name added to list: 12881
name added to list: 12882
name added to list: 12883
name added to list: 12884
name added to list: 12885
name added to list: 12886
name added to list: 12887
name added to list: 12888
name added to list: 12889
name added to list: 12890
name added to list: 12891
name added to list: 12892
name added to list: 12893
name added to list: 12894
name added to list: 12895
name added to list: 12896
name added to list: 12897
name added to list: 12898
name added to list: 12899
name added to list: 12900
name added to list: 12901
name added to list: 12902
name added to list: 12903
name added to list: 12904
name added to list: 12905
name added to list: 12906
name added to list: 12907
name added to list: 12908
name added to list: 12909
name added to list: 12910
name added to list: 12911
name added to list: 12912
name added to list: 12913
name added to list: 12914
name added to list: 12915
name added to list: 12916
name added to list: 12917
name added to list: 12918
name added to list: 12919
name added to list: 12920
name added to list: 12921
name added to list: 12922
name added to list: 12923
name added to list: 12924
name added to list: 12925
name added to list: 12926
name added to list: 12927
name added to list: 12928
name added to list: 12929
name added to list: 12930
name added to list: 12931
name added to list: 12932
name added to list: 12933
name added to list: 12934
name added to list: 12935
name added to list: 12936
name added to list: 12937
name added to list: 12938
name added to list: 12939
name added to list: 12940
name added to list: 12941
name added to list: 12942
name added to list: 12943
name added to list: 12944
name added to list: 12945
name added to list: 12946
name added to list: 12947
name added to list: 12948
name added to list: 12949
name added to list: 12950
name added to list: 12951
name added to list: 12952
name added to list: 12953
name added to list: 12954
name added to list: 12955
name added to list: 12956
name added to list: 12957
name added to list: 12958
name added to list: 12959
name added to list: 12960
name added to list: 12961
name added to list: 12962
name added to list: 12963
name added to list: 12964
name added to list: 12965
name added to list: 12966
name added to list: 12967
name added to list: 12968
name added to list: 12969
name added to list: 12970
name added to list: 12971
name added to list: 12972
name added to list: 12973
name added to list: 12974
name added to list: 12975
name added to list: 12976
name added to list: 12977
name added to list: 12978
name added to list: 12979
name added to list: 12980
name added to list: 12981
name added to list: 12982
name added to list: 12983
name added to list: 12984
name added to list: 12985
name added to list: 12986
name added to list: 12987
name added to list: 12988
name added to list: 12989
name added to list: 12990
name added to list: 12991
name added to list: 12992
name added to list: 12993
name added to list: 12994
name added to list: 12995
name added to list: 12996
name added to list: 12997
name added to list: 12998
name added to list: 12999
name added to list: 13000
name added to list: 13001
name added to list: 13002
name added to list: 13003
name added to list: 13004
name added to list: 13005
name added to list: 13006
name added to list: 13007
name added to list: 13008
name added to list: 13009
name added to list: 13010
name added to list: 13011
name added to list: 13012
name added to list: 13013
name added to list: 13014
name added to list: 13015
name added to list: 13016
name added to list: 13017
name added to list: 13018
name added to list: 13019
name added to list: 13020
name added to list: 13021
name added to list: 13022
name added to list: 13023
name added to list: 13024
name added to list: 13025
name added to list: 13026
name added to list: 13027
name added to list: 13028
name added to list: 13029
name added to list: 13030
name added to list: 13031
name added to list: 13032
name added to list: 13033
name added to list: 13034
name added to list: 13035
name added to list: 13036
name added to list: 13037
name added to list: 13038
name added to list: 13039
name added to list: 13040
name added to list: 13041
name added to list: 13042
name added to list: 13043
name added to list: 13044
name added to list: 13045
name added to list: 13046
name added to list: 13047
name added to list: 13048
name added to list: 13049
name added to list: 13050
name added to list: 13051
name added to list: 13052
name added to list: 13053
name added to list: 13054
name added to list: 13055
name added to list: 13056
name added to list: 13057
name added to list: 13058
name added to list: 13059
name added to list: 13060
name added to list: 13061
name added to list: 13062
name added to list: 13063
name added to list: 13064
name added to list: 13065
name added to list: 13066
name added to list: 13067
name added to list: 13068
name added to list: 13069
name added to list: 13070
name added to list: 13071
name added to list: 13072
name added to list: 13073
name added to list: 13074
name added to list: 13075
name added to list: 13076
name added to list: 13077
name added to list: 13078
name added to list: 13079
name added to list: 13080
name added to list: 13081
name added to list: 13082
name added to list: 13083
name added to list: 13084
name added to list: 13085
name added to list: 13086
name added to list: 13087
name added to list: 13088
name added to list: 13089
name added to list: 13090
name added to list: 13091
name added to list: 13092
name added to list: 13093
name added to list: 13094
name added to list: 13095
name added to list: 13096
name added to list: 13097
name added to list: 13098
name added to list: 13099
name added to list: 13100
name added to list: 13101
name added to list: 13102
name added to list: 13103
name added to list: 13104
name added to list: 13105
name added to list: 13106
name added to list: 13107
name added to list: 13108
name added to list: 13109
name added to list: 13110
name added to list: 13111
name added to list: 13112
name added to list: 13113
name added to list: 13114
name added to list: 13115
name added to list: 13116
name added to list: 13117
name added to list: 13118
name added to list: 13119
name added to list: 13120
name added to list: 13121
name added to list: 13122
name added to list: 13123
name added to list: 13124
name added to list: 13125
name added to list: 13126
name added to list: 13127
name added to list: 13128
name added to list: 13129
name added to list: 13130
name added to list: 13131
name added to list: 13132
name added to list: 13133
name added to list: 13134
name added to list: 13135
name added to list: 13136
name added to list: 13137
name added to list: 13138
name added to list: 13139
name added to list: 13140
name added to list: 13141
name added to list: 13142
name added to list: 13143
name added to list: 13144
name added to list: 13145
name added to list: 13146
name added to list: 13147
name added to list: 13148
name added to list: 13149
name added to list: 13150
name added to list: 13151
name added to list: 13152
name added to list: 13153
name added to list: 13154
name added to list: 13155
name added to list: 13156
name added to list: 13157
name added to list: 13158
name added to list: 13159
name added to list: 13160
name added to list: 13161
name added to list: 13162
name added to list: 13163
name added to list: 13164
name added to list: 13165
name added to list: 13166
name added to list: 13167
name added to list: 13168
name added to list: 13169
name added to list: 13170
name added to list: 13171
name added to list: 13172
name added to list: 13173
name added to list: 13174
name added to list: 13175
name added to list: 13176
name added to list: 13177
name added to list: 13178
name added to list: 13179
name added to list: 13180
name added to list: 13181
name added to list: 13182
name added to list: 13183
name added to list: 13184
name added to list: 13185
name added to list: 13186
name added to list: 13187
name added to list: 13188
name added to list: 13189
name added to list: 13190
name added to list: 13191
name added to list: 13192
name added to list: 13193
name added to list: 13194
name added to list: 13195
name added to list: 13196
name added to list: 13197
name added to list: 13198
name added to list: 13199
name added to list: 13200
name added to list: 13201
name added to list: 13202
name added to list: 13203
name added to list: 13204
name added to list: 13205
name added to list: 13206
name added to list: 13207
name added to list: 13208
name added to list: 13209
name added to list: 13210
name added to list: 13211
name added to list: 13212
name added to list: 13213
name added to list: 13214
name added to list: 13215
name added to list: 13216
name added to list: 13217
name added to list: 13218
name added to list: 13219
name added to list: 13220
name added to list: 13221
name added to list: 13222
name added to list: 13223
name added to list: 13224
name added to list: 13225
name added to list: 13226
name added to list: 13227
name added to list: 13228
name added to list: 13229
name added to list: 13230
name added to list: 13231
name added to list: 13232
name added to list: 13233
name added to list: 13234
name added to list: 13235
name added to list: 13236
name added to list: 13237
name added to list: 13238
name added to list: 13239
name added to list: 13240
name added to list: 13241
name added to list: 13242
name added to list: 13243
name added to list: 13244
name added to list: 13245
name added to list: 13246
name added to list: 13247
name added to list: 13248
name added to list: 13249
name added to list: 13250
name added to list: 13251
name added to list: 13252
name added to list: 13253
name added to list: 13254
name added to list: 13255
name added to list: 13256
name added to list: 13257
name added to list: 13258
name added to list: 13259
name added to list: 13260
name added to list: 13261
name added to list: 13262
name added to list: 13263
name added to list: 13264
name added to list: 13265
name added to list: 13266
name added to list: 13267
name added to list: 13268
name added to list: 13269
name added to list: 13270
name added to list: 13271
name added to list: 13272
name added to list: 13273
name added to list: 13274
name added to list: 13275
name added to list: 13276
name added to list: 13277
name added to list: 13278
name added to list: 13279
name added to list: 13280
name added to list: 13281
name added to list: 13282
name added to list: 13283
name added to list: 13284
name added to list: 13285
name added to list: 13286
name added to list: 13287
name added to list: 13288
name added to list: 13289
name added to list: 13290
name added to list: 13291
name added to list: 13292
name added to list: 13293
name added to list: 13294
name added to list: 13295
name added to list: 13296
name added to list: 13297
name added to list: 13298
name added to list: 13299
name added to list: 13300
name added to list: 13301
name added to list: 13302
name added to list: 13303
name added to list: 13304
name added to list: 13305
name added to list: 13306
name added to list: 13307
name added to list: 13308
name added to list: 13309
name added to list: 13310
name added to list: 13311
name added to list: 13312
name added to list: 13313
name added to list: 13314
name added to list: 13315
name added to list: 13316
name added to list: 13317
name added to list: 13318
name added to list: 13319
name added to list: 13320
name added to list: 13321
name added to list: 13322
name added to list: 13323
name added to list: 13324
name added to list: 13325
name added to list: 13326
name added to list: 13327
name added to list: 13328
name added to list: 13329
name added to list: 13330
name added to list: 13331
name added to list: 13332
name added to list: 13333
name added to list: 13334
name added to list: 13335
name added to list: 13336
name added to list: 13337
name added to list: 13338
name added to list: 13339
name added to list: 13340
name added to list: 13341
name added to list: 13342
name added to list: 13343
name added to list: 13344
name added to list: 13345
name added to list: 13346
name added to list: 13347
name added to list: 13348
name added to list: 13349
name added to list: 13350
name added to list: 13351
name added to list: 13352
name added to list: 13353
name added to list: 13354
name added to list: 13355
name added to list: 13356
name added to list: 13357
name added to list: 13358
name added to list: 13359
name added to list: 13360
name added to list: 13361
name added to list: 13362
name added to list: 13363
name added to list: 13364
name added to list: 13365
name added to list: 13366
name added to list: 13367
name added to list: 13368
name added to list: 13369
name added to list: 13370
name added to list: 13371
name added to list: 13372
name added to list: 13373
name added to list: 13374
name added to list: 13375
name added to list: 13376
name added to list: 13377
name added to list: 13378
name added to list: 13379
name added to list: 13380
name added to list: 13381
name added to list: 13382
name added to list: 13383
name added to list: 13384
name added to list: 13385
name added to list: 13386
name added to list: 13387
name added to list: 13388
name added to list: 13389
name added to list: 13390
name added to list: 13391
name added to list: 13392
name added to list: 13393
name added to list: 13394
name added to list: 13395
name added to list: 13396
name added to list: 13397
name added to list: 13398
name added to list: 13399
name added to list: 13400
name added to list: 13401
name added to list: 13402
name added to list: 13403
name added to list: 13404
name added to list: 13405
name added to list: 13406
name added to list: 13407
name added to list: 13408
name added to list: 13409
name added to list: 13410
name added to list: 13411
name added to list: 13412
name added to list: 13413
name added to list: 13414
name added to list: 13415
name added to list: 13416
name added to list: 13417
name added to list: 13418
name added to list: 13419
name added to list: 13420
name added to list: 13421
name added to list: 13422
name added to list: 13423
name added to list: 13424
name added to list: 13425
name added to list: 13426
name added to list: 13427
name added to list: 13428
name added to list: 13429
name added to list: 13430
name added to list: 13431
name added to list: 13432
name added to list: 13433
name added to list: 13434
name added to list: 13435
name added to list: 13436
name added to list: 13437
name added to list: 13438
name added to list: 13439
name added to list: 13440
name added to list: 13441
name added to list: 13442
name added to list: 13443
name added to list: 13444
name added to list: 13445
name added to list: 13446
name added to list: 13447
name added to list: 13448
name added to list: 13449
name added to list: 13450
name added to list: 13451
name added to list: 13452
name added to list: 13453
name added to list: 13454
name added to list: 13455
name added to list: 13456
name added to list: 13457
name added to list: 13458
name added to list: 13459
name added to list: 13460
name added to list: 13461
name added to list: 13462
name added to list: 13463
name added to list: 13464
name added to list: 13465
name added to list: 13466
name added to list: 13467
name added to list: 13468
name added to list: 13469
name added to list: 13470
name added to list: 13471
name added to list: 13472
name added to list: 13473
name added to list: 13474
name added to list: 13475
name added to list: 13476
name added to list: 13477
name added to list: 13478
name added to list: 13479
name added to list: 13480
name added to list: 13481
name added to list: 13482
name added to list: 13483
name added to list: 13484
name added to list: 13485
name added to list: 13486
name added to list: 13487
name added to list: 13488
name added to list: 13489
name added to list: 13490
name added to list: 13491
name added to list: 13492
name added to list: 13493
name added to list: 13494
name added to list: 13495
name added to list: 13496
name added to list: 13497
name added to list: 13498
name added to list: 13499
name added to list: 13500
name added to list: 13501
name added to list: 13502
name added to list: 13503
name added to list: 13504
name added to list: 13505
name added to list: 13506
name added to list: 13507
name added to list: 13508
name added to list: 13509
name added to list: 13510
name added to list: 13511
name added to list: 13512
name added to list: 13513
name added to list: 13514
name added to list: 13515
name added to list: 13516
name added to list: 13517
name added to list: 13518
name added to list: 13519
name added to list: 13520
name added to list: 13521
name added to list: 13522
name added to list: 13523
name added to list: 13524
name added to list: 13525
name added to list: 13526
name added to list: 13527
name added to list: 13528
name added to list: 13529
name added to list: 13530
name added to list: 13531
name added to list: 13532
name added to list: 13533
name added to list: 13534
name added to list: 13535
name added to list: 13536
name added to list: 13537
name added to list: 13538
name added to list: 13539
name added to list: 13540
name added to list: 13541
name added to list: 13542
name added to list: 13543
name added to list: 13544
name added to list: 13545
name added to list: 13546
name added to list: 13547
name added to list: 13548
name added to list: 13549
name added to list: 13550
name added to list: 13551
name added to list: 13552
name added to list: 13553
name added to list: 13554
name added to list: 13555
name added to list: 13556
name added to list: 13557
name added to list: 13558
name added to list: 13559
name added to list: 13560
name added to list: 13561
name added to list: 13562
name added to list: 13563
name added to list: 13564
name added to list: 13565
name added to list: 13566
name added to list: 13567
name added to list: 13568
name added to list: 13569
name added to list: 13570
name added to list: 13571
name added to list: 13572
name added to list: 13573
name added to list: 13574
name added to list: 13575
name added to list: 13576
name added to list: 13577
name added to list: 13578
name added to list: 13579
name added to list: 13580
name added to list: 13581
name added to list: 13582
name added to list: 13583
name added to list: 13584
name added to list: 13585
name added to list: 13586
name added to list: 13587
name added to list: 13588
name added to list: 13589
name added to list: 13590
name added to list: 13591
name added to list: 13592
name added to list: 13593
name added to list: 13594
name added to list: 13595
name added to list: 13596
name added to list: 13597
name added to list: 13598
name added to list: 13599
name added to list: 13600
name added to list: 13601
name added to list: 13602
name added to list: 13603
name added to list: 13604
name added to list: 13605
name added to list: 13606
name added to list: 13607
name added to list: 13608
name added to list: 13609
name added to list: 13610
name added to list: 13611
name added to list: 13612
name added to list: 13613
name added to list: 13614
name added to list: 13615
name added to list: 13616
name added to list: 13617
name added to list: 13618
name added to list: 13619
name added to list: 13620
name added to list: 13621
name added to list: 13622
name added to list: 13623
name added to list: 13624
name added to list: 13625
name added to list: 13626
name added to list: 13627
name added to list: 13628
name added to list: 13629
name added to list: 13630
name added to list: 13631
name added to list: 13632
name added to list: 13633
name added to list: 13634
name added to list: 13635
name added to list: 13636
name added to list: 13637
name added to list: 13638
name added to list: 13639
name added to list: 13640
name added to list: 13641
name added to list: 13642
name added to list: 13643
name added to list: 13644
name added to list: 13645
name added to list: 13646
name added to list: 13647
name added to list: 13648
name added to list: 13649
name added to list: 13650
name added to list: 13651
name added to list: 13652
name added to list: 13653
name added to list: 13654
name added to list: 13655
name added to list: 13656
name added to list: 13657
name added to list: 13658
name added to list: 13659
name added to list: 13660
name added to list: 13661
name added to list: 13662
name added to list: 13663
name added to list: 13664
name added to list: 13665
name added to list: 13666
name added to list: 13667
name added to list: 13668
name added to list: 13669
name added to list: 13670
name added to list: 13671
name added to list: 13672
name added to list: 13673
name added to list: 13674
name added to list: 13675
name added to list: 13676
name added to list: 13677
name added to list: 13678
name added to list: 13679
name added to list: 13680
name added to list: 13681
name added to list: 13682
name added to list: 13683
name added to list: 13684
name added to list: 13685
name added to list: 13686
name added to list: 13687
name added to list: 13688
name added to list: 13689
name added to list: 13690
name added to list: 13691
name added to list: 13692
name added to list: 13693
name added to list: 13694
name added to list: 13695
name added to list: 13696
name added to list: 13697
name added to list: 13698
name added to list: 13699
name added to list: 13700
name added to list: 13701
name added to list: 13702
name added to list: 13703
name added to list: 13704
name added to list: 13705
name added to list: 13706
name added to list: 13707
name added to list: 13708
name added to list: 13709
name added to list: 13710
name added to list: 13711
name added to list: 13712
name added to list: 13713
name added to list: 13714
name added to list: 13715
name added to list: 13716
name added to list: 13717
name added to list: 13718
name added to list: 13719
name added to list: 13720
name added to list: 13721
name added to list: 13722
name added to list: 13723
name added to list: 13724
name added to list: 13725
name added to list: 13726
name added to list: 13727
name added to list: 13728
name added to list: 13729
name added to list: 13730
name added to list: 13731
name added to list: 13732
name added to list: 13733
name added to list: 13734
name added to list: 13735
name added to list: 13736
name added to list: 13737
name added to list: 13738
name added to list: 13739
name added to list: 13740
name added to list: 13741
name added to list: 13742
name added to list: 13743
name added to list: 13744
name added to list: 13745
name added to list: 13746
name added to list: 13747
name added to list: 13748
name added to list: 13749
name added to list: 13750
name added to list: 13751
name added to list: 13752
name added to list: 13753
name added to list: 13754
name added to list: 13755
name added to list: 13756
name added to list: 13757
name added to list: 13758
name added to list: 13759
name added to list: 13760
name added to list: 13761
name added to list: 13762
name added to list: 13763
name added to list: 13764
name added to list: 13765
name added to list: 13766
name added to list: 13767
name added to list: 13768
name added to list: 13769
name added to list: 13770
name added to list: 13771
name added to list: 13772
name added to list: 13773
name added to list: 13774
name added to list: 13775
name added to list: 13776
name added to list: 13777
name added to list: 13778
name added to list: 13779
name added to list: 13780
name added to list: 13781
name added to list: 13782
name added to list: 13783
name added to list: 13784
name added to list: 13785
name added to list: 13786
name added to list: 13787
name added to list: 13788
name added to list: 13789
name added to list: 13790
name added to list: 13791
name added to list: 13792
name added to list: 13793
name added to list: 13794
name added to list: 13795
name added to list: 13796
name added to list: 13797
name added to list: 13798
name added to list: 13799
name added to list: 13800
name added to list: 13801
name added to list: 13802
name added to list: 13803
name added to list: 13804
name added to list: 13805
name added to list: 13806
name added to list: 13807
name added to list: 13808
name added to list: 13809
name added to list: 13810
name added to list: 13811
name added to list: 13812
name added to list: 13813
name added to list: 13814
name added to list: 13815
name added to list: 13816
name added to list: 13817
name added to list: 13818
name added to list: 13819
name added to list: 13820
name added to list: 13821
name added to list: 13822
name added to list: 13823
name added to list: 13824
name added to list: 13825
name added to list: 13826
name added to list: 13827
name added to list: 13828
name added to list: 13829
name added to list: 13830
name added to list: 13831
name added to list: 13832
name added to list: 13833
name added to list: 13834
name added to list: 13835
name added to list: 13836
name added to list: 13837
name added to list: 13838
name added to list: 13839
name added to list: 13840
name added to list: 13841
name added to list: 13842
name added to list: 13843
name added to list: 13844
name added to list: 13845
name added to list: 13846
name added to list: 13847
name added to list: 13848
name added to list: 13849
name added to list: 13850
name added to list: 13851
name added to list: 13852
name added to list: 13853
name added to list: 13854
name added to list: 13855
name added to list: 13856
name added to list: 13857
name added to list: 13858
name added to list: 13859
name added to list: 13860
name added to list: 13861
name added to list: 13862
name added to list: 13863
name added to list: 13864
name added to list: 13865
name added to list: 13866
name added to list: 13867
name added to list: 13868
name added to list: 13869
name added to list: 13870
name added to list: 13871
name added to list: 13872
name added to list: 13873
name added to list: 13874
name added to list: 13875
name added to list: 13876
name added to list: 13877
name added to list: 13878
name added to list: 13879
name added to list: 13880
name added to list: 13881
name added to list: 13882
name added to list: 13883
name added to list: 13884
name added to list: 13885
name added to list: 13886
name added to list: 13887
name added to list: 13888
name added to list: 13889
name added to list: 13890
name added to list: 13891
name added to list: 13892
name added to list: 13893
name added to list: 13894
name added to list: 13895
name added to list: 13896
name added to list: 13897
name added to list: 13898
name added to list: 13899
name added to list: 13900
name added to list: 13901
name added to list: 13902
name added to list: 13903
name added to list: 13904
name added to list: 13905
name added to list: 13906
name added to list: 13907
name added to list: 13908
name added to list: 13909
name added to list: 13910
name added to list: 13911
name added to list: 13912
name added to list: 13913
name added to list: 13914
name added to list: 13915
name added to list: 13916
name added to list: 13917
name added to list: 13918
name added to list: 13919
name added to list: 13920
name added to list: 13921
name added to list: 13922
name added to list: 13923
name added to list: 13924
name added to list: 13925
name added to list: 13926
name added to list: 13927
name added to list: 13928
name added to list: 13929
name added to list: 13930
name added to list: 13931
name added to list: 13932
name added to list: 13933
name added to list: 13934
name added to list: 13935
name added to list: 13936
name added to list: 13937
name added to list: 13938
name added to list: 13939
name added to list: 13940
name added to list: 13941
name added to list: 13942
name added to list: 13943
name added to list: 13944
name added to list: 13945
name added to list: 13946
name added to list: 13947
name added to list: 13948
name added to list: 13949
name added to list: 13950
name added to list: 13951
name added to list: 13952
name added to list: 13953
name added to list: 13954
name added to list: 13955
name added to list: 13956
name added to list: 13957
name added to list: 13958
name added to list: 13959
name added to list: 13960
name added to list: 13961
name added to list: 13962
name added to list: 13963
name added to list: 13964
name added to list: 13965
name added to list: 13966
name added to list: 13967
name added to list: 13968
name added to list: 13969
name added to list: 13970
name added to list: 13971
name added to list: 13972
name added to list: 13973
name added to list: 13974
name added to list: 13975
name added to list: 13976
name added to list: 13977
name added to list: 13978
name added to list: 13979
name added to list: 13980
name added to list: 13981
name added to list: 13982
name added to list: 13983
name added to list: 13984
name added to list: 13985
name added to list: 13986
name added to list: 13987
name added to list: 13988
name added to list: 13989
name added to list: 13990
name added to list: 13991
name added to list: 13992
name added to list: 13993
name added to list: 13994
name added to list: 13995
name added to list: 13996
name added to list: 13997
name added to list: 13998
name added to list: 13999
name added to list: 14000
name added to list: 14001
name added to list: 14002
name added to list: 14003
name added to list: 14004
name added to list: 14005
name added to list: 14006
name added to list: 14007
name added to list: 14008
name added to list: 14009
name added to list: 14010
name added to list: 14011
name added to list: 14012
name added to list: 14013
name added to list: 14014
name added to list: 14015
name added to list: 14016
name added to list: 14017
name added to list: 14018
name added to list: 14019
name added to list: 14020
name added to list: 14021
name added to list: 14022
name added to list: 14023
name added to list: 14024
name added to list: 14025
name added to list: 14026
name added to list: 14027
name added to list: 14028
name added to list: 14029
name added to list: 14030
name added to list: 14031
name added to list: 14032
name added to list: 14033
name added to list: 14034
name added to list: 14035
name added to list: 14036
name added to list: 14037
name added to list: 14038
name added to list: 14039
name added to list: 14040
name added to list: 14041
name added to list: 14042
name added to list: 14043
name added to list: 14044
name added to list: 14045
name added to list: 14046
name added to list: 14047
name added to list: 14048
name added to list: 14049
name added to list: 14050
name added to list: 14051
name added to list: 14052
name added to list: 14053
name added to list: 14054
name added to list: 14055
name added to list: 14056
name added to list: 14057
name added to list: 14058
name added to list: 14059
name added to list: 14060
name added to list: 14061
name added to list: 14062
name added to list: 14063
name added to list: 14064
name added to list: 14065
name added to list: 14066
name added to list: 14067
name added to list: 14068
name added to list: 14069
name added to list: 14070
name added to list: 14071
name added to list: 14072
name added to list: 14073
name added to list: 14074
name added to list: 14075
name added to list: 14076
name added to list: 14077
name added to list: 14078
name added to list: 14079
name added to list: 14080
name added to list: 14081
name added to list: 14082
name added to list: 14083
name added to list: 14084
name added to list: 14085
name added to list: 14086
name added to list: 14087
name added to list: 14088
name added to list: 14089
name added to list: 14090
name added to list: 14091
name added to list: 14092
name added to list: 14093
name added to list: 14094
name added to list: 14095
name added to list: 14096
name added to list: 14097
name added to list: 14098
name added to list: 14099
name added to list: 14100
name added to list: 14101
name added to list: 14102
name added to list: 14103
name added to list: 14104
name added to list: 14105
name added to list: 14106
name added to list: 14107
name added to list: 14108
name added to list: 14109
name added to list: 14110
name added to list: 14111
name added to list: 14112
name added to list: 14113
name added to list: 14114
name added to list: 14115
name added to list: 14116
name added to list: 14117
name added to list: 14118
name added to list: 14119
name added to list: 14120
name added to list: 14121
name added to list: 14122
name added to list: 14123
name added to list: 14124
name added to list: 14125
name added to list: 14126
name added to list: 14127
name added to list: 14128
name added to list: 14129
name added to list: 14130
name added to list: 14131
name added to list: 14132
name added to list: 14133
name added to list: 14134
name added to list: 14135
name added to list: 14136
name added to list: 14137
name added to list: 14138
name added to list: 14139
name added to list: 14140
name added to list: 14141
name added to list: 14142
name added to list: 14143
name added to list: 14144
name added to list: 14145
name added to list: 14146
name added to list: 14147
name added to list: 14148
name added to list: 14149
name added to list: 14150
name added to list: 14151
name added to list: 14152
name added to list: 14153
name added to list: 14154
name added to list: 14155
name added to list: 14156
name added to list: 14157
name added to list: 14158
name added to list: 14159
name added to list: 14160
name added to list: 14161
name added to list: 14162
name added to list: 14163
name added to list: 14164
name added to list: 14165
name added to list: 14166
name added to list: 14167
name added to list: 14168
name added to list: 14169
name added to list: 14170
name added to list: 14171
name added to list: 14172
name added to list: 14173
name added to list: 14174
name added to list: 14175
name added to list: 14176
name added to list: 14177
name added to list: 14178
name added to list: 14179
name added to list: 14180
name added to list: 14181
name added to list: 14182
name added to list: 14183
name added to list: 14184
name added to list: 14185
name added to list: 14186
name added to list: 14187
name added to list: 14188
name added to list: 14189
name added to list: 14190
name added to list: 14191
name added to list: 14192
name added to list: 14193
name added to list: 14194
name added to list: 14195
name added to list: 14196
name added to list: 14197
name added to list: 14198
name added to list: 14199
name added to list: 14200
name added to list: 14201
name added to list: 14202
name added to list: 14203
name added to list: 14204
name added to list: 14205
name added to list: 14206
name added to list: 14207
name added to list: 14208
name added to list: 14209
name added to list: 14210
name added to list: 14211
name added to list: 14212
name added to list: 14213
name added to list: 14214
name added to list: 14215
name added to list: 14216
name added to list: 14217
name added to list: 14218
name added to list: 14219
name added to list: 14220
name added to list: 14221
name added to list: 14222
name added to list: 14223
name added to list: 14224
name added to list: 14225
name added to list: 14226
name added to list: 14227
name added to list: 14228
name added to list: 14229
name added to list: 14230
name added to list: 14231
name added to list: 14232
name added to list: 14233
name added to list: 14234
name added to list: 14235
name added to list: 14236
name added to list: 14237
name added to list: 14238
name added to list: 14239
name added to list: 14240
name added to list: 14241
name added to list: 14242
name added to list: 14243
name added to list: 14244
name added to list: 14245
name added to list: 14246
name added to list: 14247
name added to list: 14248
name added to list: 14249
name added to list: 14250
name added to list: 14251
name added to list: 14252
name added to list: 14253
name added to list: 14254
name added to list: 14255
name added to list: 14256
name added to list: 14257
name added to list: 14258
name added to list: 14259
name added to list: 14260
name added to list: 14261
name added to list: 14262
name added to list: 14263
name added to list: 14264
name added to list: 14265
name added to list: 14266
name added to list: 14267
name added to list: 14268
name added to list: 14269
name added to list: 14270
name added to list: 14271
name added to list: 14272
name added to list: 14273
name added to list: 14274
name added to list: 14275
name added to list: 14276
name added to list: 14277
name added to list: 14278
name added to list: 14279
name added to list: 14280
name added to list: 14281
name added to list: 14282
name added to list: 14283
name added to list: 14284
name added to list: 14285
name added to list: 14286
name added to list: 14287
name added to list: 14288
name added to list: 14289
name added to list: 14290
name added to list: 14291
name added to list: 14292
name added to list: 14293
name added to list: 14294
name added to list: 14295
name added to list: 14296
name added to list: 14297
name added to list: 14298
name added to list: 14299
name added to list: 14300
name added to list: 14301
name added to list: 14302
name added to list: 14303
name added to list: 14304
name added to list: 14305
name added to list: 14306
name added to list: 14307
name added to list: 14308
name added to list: 14309
name added to list: 14310
name added to list: 14311
name added to list: 14312
name added to list: 14313
name added to list: 14314
name added to list: 14315
name added to list: 14316
name added to list: 14317
name added to list: 14318
name added to list: 14319
name added to list: 14320
name added to list: 14321
name added to list: 14322
name added to list: 14323
name added to list: 14324
name added to list: 14325
name added to list: 14326
name added to list: 14327
name added to list: 14328
name added to list: 14329
name added to list: 14330
name added to list: 14331
name added to list: 14332
name added to list: 14333
name added to list: 14334
name added to list: 14335
name added to list: 14336
name added to list: 14337
name added to list: 14338
name added to list: 14339
name added to list: 14340
name added to list: 14341
name added to list: 14342
name added to list: 14343
name added to list: 14344
name added to list: 14345
name added to list: 14346
name added to list: 14347
name added to list: 14348
name added to list: 14349
name added to list: 14350
name added to list: 14351
name added to list: 14352
name added to list: 14353
name added to list: 14354
name added to list: 14355
name added to list: 14356
name added to list: 14357
name added to list: 14358
name added to list: 14359
name added to list: 14360
name added to list: 14361
name added to list: 14362
name added to list: 14363
name added to list: 14364
name added to list: 14365
name added to list: 14366
name added to list: 14367
name added to list: 14368
name added to list: 14369
name added to list: 14370
name added to list: 14371
name added to list: 14372
name added to list: 14373
name added to list: 14374
name added to list: 14375
name added to list: 14376
name added to list: 14377
name added to list: 14378
name added to list: 14379
name added to list: 14380
name added to list: 14381
name added to list: 14382
name added to list: 14383
name added to list: 14384
name added to list: 14385
name added to list: 14386
name added to list: 14387
name added to list: 14388
name added to list: 14389
name added to list: 14390
name added to list: 14391
name added to list: 14392
name added to list: 14393
name added to list: 14394
name added to list: 14395
name added to list: 14396
name added to list: 14397
name added to list: 14398
name added to list: 14399
name added to list: 14400
name added to list: 14401
name added to list: 14402
name added to list: 14403
name added to list: 14404
name added to list: 14405
name added to list: 14406
name added to list: 14407
name added to list: 14408
name added to list: 14409
name added to list: 14410
name added to list: 14411
name added to list: 14412
name added to list: 14413
name added to list: 14414
name added to list: 14415
name added to list: 14416
name added to list: 14417
name added to list: 14418
name added to list: 14419
name added to list: 14420
name added to list: 14421
name added to list: 14422
name added to list: 14423
name added to list: 14424
name added to list: 14425
name added to list: 14426
name added to list: 14427
name added to list: 14428
name added to list: 14429
name added to list: 14430
name added to list: 14431
name added to list: 14432
name added to list: 14433
name added to list: 14434
name added to list: 14435
name added to list: 14436
name added to list: 14437
name added to list: 14438
name added to list: 14439
name added to list: 14440
name added to list: 14441
name added to list: 14442
name added to list: 14443
name added to list: 14444
name added to list: 14445
name added to list: 14446
name added to list: 14447
name added to list: 14448
name added to list: 14449
name added to list: 14450
name added to list: 14451
name added to list: 14452
name added to list: 14453
name added to list: 14454
name added to list: 14455
name added to list: 14456
name added to list: 14457
name added to list: 14458
name added to list: 14459
name added to list: 14460
name added to list: 14461
name added to list: 14462
name added to list: 14463
name added to list: 14464
name added to list: 14465
name added to list: 14466
name added to list: 14467
name added to list: 14468
name added to list: 14469
name added to list: 14470
name added to list: 14471
name added to list: 14472
name added to list: 14473
name added to list: 14474
name added to list: 14475
name added to list: 14476
name added to list: 14477
name added to list: 14478
name added to list: 14479
name added to list: 14480
name added to list: 14481
name added to list: 14482
name added to list: 14483
name added to list: 14484
name added to list: 14485
name added to list: 14486
name added to list: 14487
name added to list: 14488
name added to list: 14489
name added to list: 14490
name added to list: 14491
name added to list: 14492
name added to list: 14493
name added to list: 14494
name added to list: 14495
name added to list: 14496
name added to list: 14497
name added to list: 14498
name added to list: 14499
name added to list: 14500
name added to list: 14501
name added to list: 14502
name added to list: 14503
name added to list: 14504
name added to list: 14505
name added to list: 14506
name added to list: 14507
name added to list: 14508
name added to list: 14509
name added to list: 14510
name added to list: 14511
name added to list: 14512
name added to list: 14513
name added to list: 14514
name added to list: 14515
name added to list: 14516
name added to list: 14517
name added to list: 14518
name added to list: 14519
name added to list: 14520
name added to list: 14521
name added to list: 14522
name added to list: 14523
name added to list: 14524
name added to list: 14525
name added to list: 14526
name added to list: 14527
name added to list: 14528
name added to list: 14529
name added to list: 14530
name added to list: 14531
name added to list: 14532
name added to list: 14533
name added to list: 14534
name added to list: 14535
name added to list: 14536
name added to list: 14537
name added to list: 14538
name added to list: 14539
name added to list: 14540
name added to list: 14541
name added to list: 14542
name added to list: 14543
name added to list: 14544
name added to list: 14545
name added to list: 14546
name added to list: 14547
name added to list: 14548
name added to list: 14549
name added to list: 14550
name added to list: 14551
name added to list: 14552
name added to list: 14553
name added to list: 14554
name added to list: 14555
name added to list: 14556
name added to list: 14557
name added to list: 14558
name added to list: 14559
name added to list: 14560
name added to list: 14561
name added to list: 14562
name added to list: 14563
name added to list: 14564
name added to list: 14565
name added to list: 14566
name added to list: 14567
name added to list: 14568
name added to list: 14569
name added to list: 14570
name added to list: 14571
name added to list: 14572
name added to list: 14573
name added to list: 14574
name added to list: 14575
name added to list: 14576
name added to list: 14577
name added to list: 14578
name added to list: 14579
name added to list: 14580
name added to list: 14581
name added to list: 14582
name added to list: 14583
name added to list: 14584
name added to list: 14585
name added to list: 14586
name added to list: 14587
name added to list: 14588
name added to list: 14589
name added to list: 14590
name added to list: 14591
name added to list: 14592
name added to list: 14593
name added to list: 14594
name added to list: 14595
name added to list: 14596
name added to list: 14597
name added to list: 14598
name added to list: 14599
name added to list: 14600
name added to list: 14601
name added to list: 14602
name added to list: 14603
name added to list: 14604
name added to list: 14605
name added to list: 14606
name added to list: 14607
name added to list: 14608
name added to list: 14609
name added to list: 14610
name added to list: 14611
name added to list: 14612
name added to list: 14613
name added to list: 14614
name added to list: 14615
name added to list: 14616
name added to list: 14617
name added to list: 14618
name added to list: 14619
name added to list: 14620
name added to list: 14621
name added to list: 14622
name added to list: 14623
name added to list: 14624
name added to list: 14625
name added to list: 14626
name added to list: 14627
name added to list: 14628
name added to list: 14629
name added to list: 14630
name added to list: 14631
name added to list: 14632
name added to list: 14633
name added to list: 14634
name added to list: 14635
name added to list: 14636
name added to list: 14637
name added to list: 14638
name added to list: 14639
name added to list: 14640
name added to list: 14641
name added to list: 14642
name added to list: 14643
name added to list: 14644
name added to list: 14645
name added to list: 14646
name added to list: 14647
name added to list: 14648
name added to list: 14649
name added to list: 14650
name added to list: 14651
name added to list: 14652
name added to list: 14653
name added to list: 14654
name added to list: 14655
name added to list: 14656
name added to list: 14657
name added to list: 14658
name added to list: 14659
name added to list: 14660
name added to list: 14661
name added to list: 14662
name added to list: 14663
name added to list: 14664
name added to list: 14665
name added to list: 14666
name added to list: 14667
name added to list: 14668
name added to list: 14669
name added to list: 14670
name added to list: 14671
name added to list: 14672
name added to list: 14673
name added to list: 14674
name added to list: 14675
name added to list: 14676
name added to list: 14677
name added to list: 14678
name added to list: 14679
name added to list: 14680
name added to list: 14681
name added to list: 14682
name added to list: 14683
name added to list: 14684
name added to list: 14685
name added to list: 14686
name added to list: 14687
name added to list: 14688
name added to list: 14689
name added to list: 14690
name added to list: 14691
name added to list: 14692
name added to list: 14693
name added to list: 14694
name added to list: 14695
name added to list: 14696
name added to list: 14697
name added to list: 14698
name added to list: 14699
name added to list: 14700
name added to list: 14701
name added to list: 14702
name added to list: 14703
name added to list: 14704
name added to list: 14705
name added to list: 14706
name added to list: 14707
name added to list: 14708
name added to list: 14709
name added to list: 14710
name added to list: 14711
name added to list: 14712
name added to list: 14713
name added to list: 14714
name added to list: 14715
name added to list: 14716
name added to list: 14717
name added to list: 14718
name added to list: 14719
name added to list: 14720
name added to list: 14721
name added to list: 14722
name added to list: 14723
name added to list: 14724
name added to list: 14725
name added to list: 14726
name added to list: 14727
name added to list: 14728
name added to list: 14729
name added to list: 14730
name added to list: 14731
name added to list: 14732
name added to list: 14733
name added to list: 14734
name added to list: 14735
name added to list: 14736
name added to list: 14737
name added to list: 14738
name added to list: 14739
name added to list: 14740
name added to list: 14741
name added to list: 14742
name added to list: 14743
name added to list: 14744
name added to list: 14745
name added to list: 14746
name added to list: 14747
name added to list: 14748
name added to list: 14749
name added to list: 14750
name added to list: 14751
name added to list: 14752
name added to list: 14753
name added to list: 14754
name added to list: 14755
name added to list: 14756
name added to list: 14757
name added to list: 14758
name added to list: 14759
name added to list: 14760
name added to list: 14761
name added to list: 14762
name added to list: 14763
name added to list: 14764
name added to list: 14765
name added to list: 14766
name added to list: 14767
name added to list: 14768
name added to list: 14769
name added to list: 14770
name added to list: 14771
name added to list: 14772
name added to list: 14773
name added to list: 14774
name added to list: 14775
name added to list: 14776
name added to list: 14777
name added to list: 14778
name added to list: 14779
name added to list: 14780
name added to list: 14781
name added to list: 14782
name added to list: 14783
name added to list: 14784
name added to list: 14785
name added to list: 14786
name added to list: 14787
name added to list: 14788
name added to list: 14789
name added to list: 14790
name added to list: 14791
name added to list: 14792
name added to list: 14793
name added to list: 14794
name added to list: 14795
name added to list: 14796
name added to list: 14797
name added to list: 14798
name added to list: 14799
name added to list: 14800
name added to list: 14801
name added to list: 14802
name added to list: 14803
name added to list: 14804
name added to list: 14805
name added to list: 14806
name added to list: 14807
name added to list: 14808
name added to list: 14809
name added to list: 14810
name added to list: 14811
name added to list: 14812
name added to list: 14813
name added to list: 14814
name added to list: 14815
name added to list: 14816
name added to list: 14817
name added to list: 14818
name added to list: 14819
name added to list: 14820
name added to list: 14821
name added to list: 14822
name added to list: 14823
name added to list: 14824
name added to list: 14825
name added to list: 14826
name added to list: 14827
name added to list: 14828
name added to list: 14829
name added to list: 14830
name added to list: 14831
name added to list: 14832
name added to list: 14833
name added to list: 14834
name added to list: 14835
name added to list: 14836
name added to list: 14837
name added to list: 14838
name added to list: 14839
name added to list: 14840
name added to list: 14841
name added to list: 14842
name added to list: 14843
name added to list: 14844
name added to list: 14845
name added to list: 14846
name added to list: 14847
name added to list: 14848
name added to list: 14849
name added to list: 14850
name added to list: 14851
name added to list: 14852
name added to list: 14853
name added to list: 14854
name added to list: 14855
name added to list: 14856
name added to list: 14857
name added to list: 14858
name added to list: 14859
name added to list: 14860
name added to list: 14861
name added to list: 14862
name added to list: 14863
name added to list: 14864
name added to list: 14865
name added to list: 14866
name added to list: 14867
name added to list: 14868
name added to list: 14869
name added to list: 14870
name added to list: 14871
name added to list: 14872
name added to list: 14873
name added to list: 14874
name added to list: 14875
name added to list: 14876
name added to list: 14877
name added to list: 14878
name added to list: 14879
name added to list: 14880
name added to list: 14881
name added to list: 14882
name added to list: 14883
name added to list: 14884
name added to list: 14885
name added to list: 14886
name added to list: 14887
name added to list: 14888
name added to list: 14889
name added to list: 14890
name added to list: 14891
name added to list: 14892
name added to list: 14893
name added to list: 14894
name added to list: 14895
name added to list: 14896
name added to list: 14897
name added to list: 14898
name added to list: 14899
name added to list: 14900
name added to list: 14901
name added to list: 14902
name added to list: 14903
name added to list: 14904
name added to list: 14905
name added to list: 14906
name added to list: 14907
name added to list: 14908
name added to list: 14909
name added to list: 14910
name added to list: 14911
name added to list: 14912
name added to list: 14913
name added to list: 14914
name added to list: 14915
name added to list: 14916
name added to list: 14917
name added to list: 14918
name added to list: 14919
name added to list: 14920
name added to list: 14921
name added to list: 14922
name added to list: 14923
name added to list: 14924
name added to list: 14925
name added to list: 14926
name added to list: 14927
name added to list: 14928
name added to list: 14929
name added to list: 14930
name added to list: 14931
name added to list: 14932
name added to list: 14933
name added to list: 14934
name added to list: 14935
name added to list: 14936
name added to list: 14937
name added to list: 14938
name added to list: 14939
name added to list: 14940
name added to list: 14941
name added to list: 14942
name added to list: 14943
name added to list: 14944
name added to list: 14945
name added to list: 14946
name added to list: 14947
name added to list: 14948
name added to list: 14949
name added to list: 14950
name added to list: 14951
name added to list: 14952
name added to list: 14953
name added to list: 14954
name added to list: 14955
name added to list: 14956
name added to list: 14957
name added to list: 14958
name added to list: 14959
name added to list: 14960
name added to list: 14961
name added to list: 14962
name added to list: 14963
name added to list: 14964
name added to list: 14965
name added to list: 14966
name added to list: 14967
name added to list: 14968
name added to list: 14969
name added to list: 14970
name added to list: 14971
name added to list: 14972
name added to list: 14973
name added to list: 14974
name added to list: 14975
name added to list: 14976
name added to list: 14977
name added to list: 14978
name added to list: 14979
name added to list: 14980
name added to list: 14981
name added to list: 14982
name added to list: 14983
name added to list: 14984
name added to list: 14985
name added to list: 14986
name added to list: 14987
name added to list: 14988
name added to list: 14989
name added to list: 14990
name added to list: 14991
name added to list: 14992
name added to list: 14993
name added to list: 14994
name added to list: 14995
name added to list: 14996
name added to list: 14997
name added to list: 14998
name added to list: 14999
name added to list: 15000
name added to list: 15001
name added to list: 15002
name added to list: 15003
name added to list: 15004
name added to list: 15005
name added to list: 15006
name added to list: 15007
name added to list: 15008
name added to list: 15009
name added to list: 15010
name added to list: 15011
name added to list: 15012
name added to list: 15013
name added to list: 15014
name added to list: 15015
name added to list: 15016
name added to list: 15017
name added to list: 15018
name added to list: 15019
name added to list: 15020
name added to list: 15021
name added to list: 15022
name added to list: 15023
name added to list: 15024
name added to list: 15025
name added to list: 15026
name added to list: 15027
name added to list: 15028
name added to list: 15029
name added to list: 15030
name added to list: 15031
name added to list: 15032
name added to list: 15033
name added to list: 15034
name added to list: 15035
name added to list: 15036
name added to list: 15037
name added to list: 15038
name added to list: 15039
name added to list: 15040
name added to list: 15041
name added to list: 15042
name added to list: 15043
name added to list: 15044
name added to list: 15045
name added to list: 15046
name added to list: 15047
name added to list: 15048
name added to list: 15049
name added to list: 15050
name added to list: 15051
name added to list: 15052
name added to list: 15053
name added to list: 15054
name added to list: 15055
name added to list: 15056
name added to list: 15057
name added to list: 15058
name added to list: 15059
name added to list: 15060
name added to list: 15061
name added to list: 15062
name added to list: 15063
name added to list: 15064
name added to list: 15065
name added to list: 15066
name added to list: 15067
name added to list: 15068
name added to list: 15069
name added to list: 15070
name added to list: 15071
name added to list: 15072
name added to list: 15073
name added to list: 15074
name added to list: 15075
name added to list: 15076
name added to list: 15077
name added to list: 15078
name added to list: 15079
name added to list: 15080
name added to list: 15081
name added to list: 15082
name added to list: 15083
name added to list: 15084
name added to list: 15085
name added to list: 15086
name added to list: 15087
name added to list: 15088
name added to list: 15089
name added to list: 15090
name added to list: 15091
name added to list: 15092
name added to list: 15093
name added to list: 15094
name added to list: 15095
name added to list: 15096
name added to list: 15097
name added to list: 15098
name added to list: 15099
name added to list: 15100
name added to list: 15101
name added to list: 15102
name added to list: 15103
name added to list: 15104
name added to list: 15105
name added to list: 15106
name added to list: 15107
name added to list: 15108
name added to list: 15109
name added to list: 15110
name added to list: 15111
name added to list: 15112
name added to list: 15113
name added to list: 15114
name added to list: 15115
name added to list: 15116
name added to list: 15117
name added to list: 15118
name added to list: 15119
name added to list: 15120
name added to list: 15121
name added to list: 15122
name added to list: 15123
name added to list: 15124
name added to list: 15125
name added to list: 15126
name added to list: 15127
name added to list: 15128
name added to list: 15129
name added to list: 15130
name added to list: 15131
name added to list: 15132
name added to list: 15133
name added to list: 15134
name added to list: 15135
name added to list: 15136
name added to list: 15137
name added to list: 15138
name added to list: 15139
name added to list: 15140
name added to list: 15141
name added to list: 15142
name added to list: 15143
name added to list: 15144
name added to list: 15145
name added to list: 15146
name added to list: 15147
name added to list: 15148
name added to list: 15149
name added to list: 15150
name added to list: 15151
name added to list: 15152
name added to list: 15153
name added to list: 15154
name added to list: 15155
name added to list: 15156
name added to list: 15157
name added to list: 15158
name added to list: 15159
name added to list: 15160
name added to list: 15161
name added to list: 15162
name added to list: 15163
name added to list: 15164
name added to list: 15165
name added to list: 15166
name added to list: 15167
name added to list: 15168
name added to list: 15169
name added to list: 15170
name added to list: 15171
name added to list: 15172
name added to list: 15173
name added to list: 15174
name added to list: 15175
name added to list: 15176
name added to list: 15177
name added to list: 15178
name added to list: 15179
name added to list: 15180
name added to list: 15181
name added to list: 15182
name added to list: 15183
name added to list: 15184
name added to list: 15185
name added to list: 15186
name added to list: 15187
name added to list: 15188
name added to list: 15189
name added to list: 15190
name added to list: 15191
name added to list: 15192
name added to list: 15193
name added to list: 15194
name added to list: 15195
name added to list: 15196
name added to list: 15197
name added to list: 15198
name added to list: 15199
name added to list: 15200
name added to list: 15201
name added to list: 15202
name added to list: 15203
name added to list: 15204
name added to list: 15205
name added to list: 15206
name added to list: 15207
name added to list: 15208
name added to list: 15209
name added to list: 15210
name added to list: 15211
name added to list: 15212
name added to list: 15213
name added to list: 15214
name added to list: 15215
name added to list: 15216
name added to list: 15217
name added to list: 15218
name added to list: 15219
name added to list: 15220
name added to list: 15221
name added to list: 15222
name added to list: 15223
name added to list: 15224
name added to list: 15225
name added to list: 15226
name added to list: 15227
name added to list: 15228
name added to list: 15229
name added to list: 15230
name added to list: 15231
name added to list: 15232
name added to list: 15233
name added to list: 15234
name added to list: 15235
name added to list: 15236
name added to list: 15237
name added to list: 15238
name added to list: 15239
name added to list: 15240
name added to list: 15241
name added to list: 15242
name added to list: 15243
name added to list: 15244
name added to list: 15245
name added to list: 15246
name added to list: 15247
name added to list: 15248
name added to list: 15249
name added to list: 15250
name added to list: 15251
name added to list: 15252
name added to list: 15253
name added to list: 15254
name added to list: 15255
name added to list: 15256
name added to list: 15257
name added to list: 15258
name added to list: 15259
name added to list: 15260
name added to list: 15261
name added to list: 15262
name added to list: 15263
name added to list: 15264
name added to list: 15265
name added to list: 15266
name added to list: 15267
name added to list: 15268
name added to list: 15269
name added to list: 15270
name added to list: 15271
name added to list: 15272
name added to list: 15273
name added to list: 15274
name added to list: 15275
name added to list: 15276
name added to list: 15277
name added to list: 15278
name added to list: 15279
name added to list: 15280
name added to list: 15281
name added to list: 15282
name added to list: 15283
name added to list: 15284
name added to list: 15285
name added to list: 15286
name added to list: 15287
name added to list: 15288
name added to list: 15289
name added to list: 15290
name added to list: 15291
name added to list: 15292
name added to list: 15293
name added to list: 15294
name added to list: 15295
name added to list: 15296
name added to list: 15297
name added to list: 15298
name added to list: 15299
name added to list: 15300
name added to list: 15301
name added to list: 15302
name added to list: 15303
name added to list: 15304
name added to list: 15305
name added to list: 15306
name added to list: 15307
name added to list: 15308
name added to list: 15309
name added to list: 15310
name added to list: 15311
name added to list: 15312
name added to list: 15313
name added to list: 15314
name added to list: 15315
name added to list: 15316
name added to list: 15317
name added to list: 15318
name added to list: 15319
name added to list: 15320
name added to list: 15321
name added to list: 15322
name added to list: 15323
name added to list: 15324
name added to list: 15325
name added to list: 15326
name added to list: 15327
name added to list: 15328
name added to list: 15329
name added to list: 15330
name added to list: 15331
name added to list: 15332
name added to list: 15333
name added to list: 15334
name added to list: 15335
name added to list: 15336
name added to list: 15337
name added to list: 15338
name added to list: 15339
name added to list: 15340
name added to list: 15341
name added to list: 15342
name added to list: 15343
name added to list: 15344
name added to list: 15345
name added to list: 15346
name added to list: 15347
name added to list: 15348
name added to list: 15349
name added to list: 15350
name added to list: 15351
name added to list: 15352
name added to list: 15353
name added to list: 15354
name added to list: 15355
name added to list: 15356
name added to list: 15357
name added to list: 15358
name added to list: 15359
name added to list: 15360
name added to list: 15361
name added to list: 15362
name added to list: 15363
name added to list: 15364
name added to list: 15365
name added to list: 15366
name added to list: 15367
name added to list: 15368
name added to list: 15369
name added to list: 15370
name added to list: 15371
name added to list: 15372
name added to list: 15373
name added to list: 15374
name added to list: 15375
name added to list: 15376
name added to list: 15377
name added to list: 15378
name added to list: 15379
name added to list: 15380
name added to list: 15381
name added to list: 15382
name added to list: 15383
name added to list: 15384
name added to list: 15385
name added to list: 15386
name added to list: 15387
name added to list: 15388
name added to list: 15389
name added to list: 15390
name added to list: 15391
name added to list: 15392
name added to list: 15393
name added to list: 15394
name added to list: 15395
name added to list: 15396
name added to list: 15397
name added to list: 15398
name added to list: 15399
name added to list: 15400
name added to list: 15401
name added to list: 15402
name added to list: 15403
name added to list: 15404
name added to list: 15405
name added to list: 15406
name added to list: 15407
name added to list: 15408
name added to list: 15409
name added to list: 15410
name added to list: 15411
name added to list: 15412
name added to list: 15413
name added to list: 15414
name added to list: 15415
name added to list: 15416
name added to list: 15417
name added to list: 15418
name added to list: 15419
name added to list: 15420
name added to list: 15421
name added to list: 15422
name added to list: 15423
name added to list: 15424
name added to list: 15425
name added to list: 15426
name added to list: 15427
name added to list: 15428
name added to list: 15429
name added to list: 15430
name added to list: 15431
name added to list: 15432
name added to list: 15433
name added to list: 15434
name added to list: 15435
name added to list: 15436
name added to list: 15437
name added to list: 15438
name added to list: 15439
name added to list: 15440
name added to list: 15441
name added to list: 15442
name added to list: 15443
name added to list: 15444
name added to list: 15445
name added to list: 15446
name added to list: 15447
name added to list: 15448
name added to list: 15449
name added to list: 15450
name added to list: 15451
name added to list: 15452
name added to list: 15453
name added to list: 15454
name added to list: 15455
name added to list: 15456
name added to list: 15457
name added to list: 15458
name added to list: 15459
name added to list: 15460
name added to list: 15461
name added to list: 15462
name added to list: 15463
name added to list: 15464
name added to list: 15465
name added to list: 15466
name added to list: 15467
name added to list: 15468
name added to list: 15469
name added to list: 15470
name added to list: 15471
name added to list: 15472
name added to list: 15473
name added to list: 15474
name added to list: 15475
name added to list: 15476
name added to list: 15477
name added to list: 15478
name added to list: 15479
name added to list: 15480
name added to list: 15481
name added to list: 15482
name added to list: 15483
name added to list: 15484
name added to list: 15485
name added to list: 15486
name added to list: 15487
name added to list: 15488
name added to list: 15489
name added to list: 15490
name added to list: 15491
name added to list: 15492
name added to list: 15493
name added to list: 15494
name added to list: 15495
name added to list: 15496
name added to list: 15497
name added to list: 15498
name added to list: 15499
name added to list: 15500
name added to list: 15501
name added to list: 15502
name added to list: 15503
name added to list: 15504
name added to list: 15505
name added to list: 15506
name added to list: 15507
name added to list: 15508
name added to list: 15509
name added to list: 15510
name added to list: 15511
name added to list: 15512
name added to list: 15513
name added to list: 15514
name added to list: 15515
name added to list: 15516
name added to list: 15517
name added to list: 15518
name added to list: 15519
name added to list: 15520
name added to list: 15521
name added to list: 15522
name added to list: 15523
name added to list: 15524
name added to list: 15525
name added to list: 15526
name added to list: 15527
name added to list: 15528
name added to list: 15529
name added to list: 15530
name added to list: 15531
name added to list: 15532
name added to list: 15533
name added to list: 15534
name added to list: 15535
name added to list: 15536
name added to list: 15537
name added to list: 15538
name added to list: 15539
name added to list: 15540
name added to list: 15541
name added to list: 15542
name added to list: 15543
name added to list: 15544
name added to list: 15545
name added to list: 15546
name added to list: 15547
name added to list: 15548
name added to list: 15549
name added to list: 15550
name added to list: 15551
name added to list: 15552
name added to list: 15553
name added to list: 15554
name added to list: 15555
name added to list: 15556
name added to list: 15557
name added to list: 15558
name added to list: 15559
name added to list: 15560
name added to list: 15561
name added to list: 15562
name added to list: 15563
name added to list: 15564
name added to list: 15565
name added to list: 15566
name added to list: 15567
name added to list: 15568
name added to list: 15569
name added to list: 15570
name added to list: 15571
name added to list: 15572
name added to list: 15573
name added to list: 15574
name added to list: 15575
name added to list: 15576
name added to list: 15577
name added to list: 15578
name added to list: 15579
name added to list: 15580
name added to list: 15581
name added to list: 15582
name added to list: 15583
name added to list: 15584
name added to list: 15585
name added to list: 15586
name added to list: 15587
name added to list: 15588
name added to list: 15589
name added to list: 15590
name added to list: 15591
name added to list: 15592
name added to list: 15593
name added to list: 15594
name added to list: 15595
name added to list: 15596
name added to list: 15597
name added to list: 15598
name added to list: 15599
name added to list: 15600
name added to list: 15601
name added to list: 15602
name added to list: 15603
name added to list: 15604
name added to list: 15605
name added to list: 15606
name added to list: 15607
name added to list: 15608
name added to list: 15609
name added to list: 15610
name added to list: 15611
name added to list: 15612
name added to list: 15613
name added to list: 15614
name added to list: 15615
name added to list: 15616
name added to list: 15617
name added to list: 15618
name added to list: 15619
name added to list: 15620
name added to list: 15621
name added to list: 15622
name added to list: 15623
name added to list: 15624
name added to list: 15625
name added to list: 15626
name added to list: 15627
name added to list: 15628
name added to list: 15629
name added to list: 15630
name added to list: 15631
name added to list: 15632
name added to list: 15633
name added to list: 15634
name added to list: 15635
name added to list: 15636
name added to list: 15637
name added to list: 15638
name added to list: 15639
name added to list: 15640
name added to list: 15641
name added to list: 15642
name added to list: 15643
name added to list: 15644
name added to list: 15645
name added to list: 15646
name added to list: 15647
name added to list: 15648
name added to list: 15649
name added to list: 15650
name added to list: 15651
name added to list: 15652
name added to list: 15653
name added to list: 15654
name added to list: 15655
name added to list: 15656
name added to list: 15657
name added to list: 15658
name added to list: 15659
name added to list: 15660
name added to list: 15661
name added to list: 15662
name added to list: 15663
name added to list: 15664
name added to list: 15665
name added to list: 15666
name added to list: 15667
name added to list: 15668
name added to list: 15669
name added to list: 15670
name added to list: 15671
name added to list: 15672
name added to list: 15673
name added to list: 15674
name added to list: 15675
name added to list: 15676
name added to list: 15677
name added to list: 15678
name added to list: 15679
name added to list: 15680
name added to list: 15681
name added to list: 15682
name added to list: 15683
name added to list: 15684
name added to list: 15685
name added to list: 15686
name added to list: 15687
name added to list: 15688
name added to list: 15689
name added to list: 15690
name added to list: 15691
name added to list: 15692
name added to list: 15693
name added to list: 15694
name added to list: 15695
name added to list: 15696
name added to list: 15697
name added to list: 15698
name added to list: 15699
name added to list: 15700
name added to list: 15701
name added to list: 15702
name added to list: 15703
name added to list: 15704
name added to list: 15705
name added to list: 15706
name added to list: 15707
name added to list: 15708
name added to list: 15709
name added to list: 15710
name added to list: 15711
name added to list: 15712
name added to list: 15713
name added to list: 15714
name added to list: 15715
name added to list: 15716
name added to list: 15717
name added to list: 15718
name added to list: 15719
name added to list: 15720
name added to list: 15721
name added to list: 15722
name added to list: 15723
name added to list: 15724
name added to list: 15725
name added to list: 15726
name added to list: 15727
name added to list: 15728
name added to list: 15729
name added to list: 15730
name added to list: 15731
name added to list: 15732
name added to list: 15733
name added to list: 15734
name added to list: 15735
name added to list: 15736
name added to list: 15737
name added to list: 15738
name added to list: 15739
name added to list: 15740
name added to list: 15741
name added to list: 15742
name added to list: 15743
name added to list: 15744
name added to list: 15745
name added to list: 15746
name added to list: 15747
name added to list: 15748
name added to list: 15749
name added to list: 15750
name added to list: 15751
name added to list: 15752
name added to list: 15753
name added to list: 15754
name added to list: 15755
name added to list: 15756
name added to list: 15757
name added to list: 15758
name added to list: 15759
name added to list: 15760
name added to list: 15761
name added to list: 15762
name added to list: 15763
name added to list: 15764
name added to list: 15765
name added to list: 15766
name added to list: 15767
name added to list: 15768
name added to list: 15769
name added to list: 15770
name added to list: 15771
name added to list: 15772
name added to list: 15773
name added to list: 15774
name added to list: 15775
name added to list: 15776
name added to list: 15777
name added to list: 15778
name added to list: 15779
name added to list: 15780
name added to list: 15781
name added to list: 15782
name added to list: 15783
name added to list: 15784
name added to list: 15785
name added to list: 15786
name added to list: 15787
name added to list: 15788
name added to list: 15789
name added to list: 15790
name added to list: 15791
name added to list: 15792
name added to list: 15793
name added to list: 15794
name added to list: 15795
name added to list: 15796
name added to list: 15797
name added to list: 15798
name added to list: 15799
name added to list: 15800
name added to list: 15801
name added to list: 15802
name added to list: 15803
name added to list: 15804
name added to list: 15805
name added to list: 15806
name added to list: 15807
name added to list: 15808
name added to list: 15809
name added to list: 15810
name added to list: 15811
name added to list: 15812
name added to list: 15813
name added to list: 15814
name added to list: 15815
name added to list: 15816
name added to list: 15817
name added to list: 15818
name added to list: 15819
name added to list: 15820
name added to list: 15821
name added to list: 15822
name added to list: 15823
name added to list: 15824
name added to list: 15825
name added to list: 15826
name added to list: 15827
name added to list: 15828
name added to list: 15829
name added to list: 15830
name added to list: 15831
name added to list: 15832
name added to list: 15833
name added to list: 15834
name added to list: 15835
name added to list: 15836
name added to list: 15837
name added to list: 15838
name added to list: 15839
name added to list: 15840
name added to list: 15841
name added to list: 15842
name added to list: 15843
name added to list: 15844
name added to list: 15845
name added to list: 15846
name added to list: 15847
name added to list: 15848
name added to list: 15849
name added to list: 15850
name added to list: 15851
name added to list: 15852
name added to list: 15853
name added to list: 15854
name added to list: 15855
name added to list: 15856
name added to list: 15857
name added to list: 15858
name added to list: 15859
name added to list: 15860
name added to list: 15861
name added to list: 15862
name added to list: 15863
name added to list: 15864
name added to list: 15865
name added to list: 15866
name added to list: 15867
name added to list: 15868
name added to list: 15869
name added to list: 15870
name added to list: 15871
name added to list: 15872
name added to list: 15873
name added to list: 15874
name added to list: 15875
name added to list: 15876
name added to list: 15877
name added to list: 15878
name added to list: 15879
name added to list: 15880
name added to list: 15881
name added to list: 15882
name added to list: 15883
name added to list: 15884
name added to list: 15885
name added to list: 15886
name added to list: 15887
name added to list: 15888
name added to list: 15889
name added to list: 15890
name added to list: 15891
name added to list: 15892
name added to list: 15893
name added to list: 15894
name added to list: 15895
name added to list: 15896
name added to list: 15897
name added to list: 15898
name added to list: 15899
name added to list: 15900
name added to list: 15901
name added to list: 15902
name added to list: 15903
name added to list: 15904
name added to list: 15905
name added to list: 15906
name added to list: 15907
name added to list: 15908
name added to list: 15909
name added to list: 15910
name added to list: 15911
name added to list: 15912
name added to list: 15913
name added to list: 15914
name added to list: 15915
name added to list: 15916
name added to list: 15917
name added to list: 15918
name added to list: 15919
name added to list: 15920
name added to list: 15921
name added to list: 15922
name added to list: 15923
name added to list: 15924
name added to list: 15925
name added to list: 15926
name added to list: 15927
name added to list: 15928
name added to list: 15929
name added to list: 15930
name added to list: 15931
name added to list: 15932
name added to list: 15933
name added to list: 15934
name added to list: 15935
name added to list: 15936
name added to list: 15937
name added to list: 15938
name added to list: 15939
name added to list: 15940
name added to list: 15941
name added to list: 15942
name added to list: 15943
name added to list: 15944
name added to list: 15945
name added to list: 15946
name added to list: 15947
name added to list: 15948
name added to list: 15949
name added to list: 15950
name added to list: 15951
name added to list: 15952
name added to list: 15953
name added to list: 15954
name added to list: 15955
name added to list: 15956
name added to list: 15957
name added to list: 15958
name added to list: 15959
name added to list: 15960
name added to list: 15961
name added to list: 15962
name added to list: 15963
name added to list: 15964
name added to list: 15965
name added to list: 15966
name added to list: 15967
name added to list: 15968
name added to list: 15969
name added to list: 15970
name added to list: 15971
name added to list: 15972
name added to list: 15973
name added to list: 15974
name added to list: 15975
name added to list: 15976
name added to list: 15977
name added to list: 15978
name added to list: 15979
name added to list: 15980
name added to list: 15981
name added to list: 15982
name added to list: 15983
name added to list: 15984
name added to list: 15985
name added to list: 15986
name added to list: 15987
name added to list: 15988
name added to list: 15989
name added to list: 15990
name added to list: 15991
name added to list: 15992
name added to list: 15993
name added to list: 15994
name added to list: 15995
name added to list: 15996
name added to list: 15997
name added to list: 15998
name added to list: 15999
name added to list: 16000
name added to list: 16001
name added to list: 16002
name added to list: 16003
name added to list: 16004
name added to list: 16005
name added to list: 16006
name added to list: 16007
name added to list: 16008
name added to list: 16009
name added to list: 16010
name added to list: 16011
name added to list: 16012
name added to list: 16013
name added to list: 16014
name added to list: 16015
name added to list: 16016
name added to list: 16017
name added to list: 16018
name added to list: 16019
name added to list: 16020
name added to list: 16021
name added to list: 16022
name added to list: 16023
name added to list: 16024
name added to list: 16025
name added to list: 16026
name added to list: 16027
name added to list: 16028
name added to list: 16029
name added to list: 16030
name added to list: 16031
name added to list: 16032
name added to list: 16033
name added to list: 16034
name added to list: 16035
name added to list: 16036
name added to list: 16037
name added to list: 16038
name added to list: 16039
name added to list: 16040
name added to list: 16041
name added to list: 16042
name added to list: 16043
name added to list: 16044
name added to list: 16045
name added to list: 16046
name added to list: 16047
name added to list: 16048
name added to list: 16049
name added to list: 16050
name added to list: 16051
name added to list: 16052
name added to list: 16053
name added to list: 16054
name added to list: 16055
name added to list: 16056
name added to list: 16057
name added to list: 16058
name added to list: 16059
name added to list: 16060
name added to list: 16061
name added to list: 16062
name added to list: 16063
name added to list: 16064
name added to list: 16065
name added to list: 16066
name added to list: 16067
name added to list: 16068
name added to list: 16069
name added to list: 16070
name added to list: 16071
name added to list: 16072
name added to list: 16073
name added to list: 16074
name added to list: 16075
name added to list: 16076
name added to list: 16077
name added to list: 16078
name added to list: 16079
name added to list: 16080
name added to list: 16081
name added to list: 16082
name added to list: 16083
name added to list: 16084
name added to list: 16085
name added to list: 16086
name added to list: 16087
name added to list: 16088
name added to list: 16089
name added to list: 16090
name added to list: 16091
name added to list: 16092
name added to list: 16093
name added to list: 16094
name added to list: 16095
name added to list: 16096
name added to list: 16097
name added to list: 16098
name added to list: 16099
name added to list: 16100
name added to list: 16101
name added to list: 16102
name added to list: 16103
name added to list: 16104
name added to list: 16105
name added to list: 16106
name added to list: 16107
name added to list: 16108
name added to list: 16109
name added to list: 16110
name added to list: 16111
name added to list: 16112
name added to list: 16113
name added to list: 16114
name added to list: 16115
name added to list: 16116
name added to list: 16117
name added to list: 16118
name added to list: 16119
name added to list: 16120
name added to list: 16121
name added to list: 16122
name added to list: 16123
name added to list: 16124
name added to list: 16125
name added to list: 16126
name added to list: 16127
name added to list: 16128
name added to list: 16129
name added to list: 16130
name added to list: 16131
name added to list: 16132
name added to list: 16133
name added to list: 16134
name added to list: 16135
name added to list: 16136
name added to list: 16137
name added to list: 16138
name added to list: 16139
name added to list: 16140
name added to list: 16141
name added to list: 16142
name added to list: 16143
name added to list: 16144
name added to list: 16145
name added to list: 16146
name added to list: 16147
name added to list: 16148
name added to list: 16149
name added to list: 16150
name added to list: 16151
name added to list: 16152
name added to list: 16153
name added to list: 16154
name added to list: 16155
name added to list: 16156
name added to list: 16157
name added to list: 16158
name added to list: 16159
name added to list: 16160
name added to list: 16161
name added to list: 16162
name added to list: 16163
name added to list: 16164
name added to list: 16165
name added to list: 16166
name added to list: 16167
name added to list: 16168
name added to list: 16169
name added to list: 16170
name added to list: 16171
name added to list: 16172
name added to list: 16173
name added to list: 16174
name added to list: 16175
name added to list: 16176
name added to list: 16177
name added to list: 16178
name added to list: 16179
name added to list: 16180
name added to list: 16181
name added to list: 16182
name added to list: 16183
name added to list: 16184
name added to list: 16185
name added to list: 16186
name added to list: 16187
name added to list: 16188
name added to list: 16189
name added to list: 16190
name added to list: 16191
name added to list: 16192
name added to list: 16193
name added to list: 16194
name added to list: 16195
name added to list: 16196
name added to list: 16197
name added to list: 16198
name added to list: 16199
name added to list: 16200
name added to list: 16201
name added to list: 16202
name added to list: 16203
name added to list: 16204
name added to list: 16205
name added to list: 16206
name added to list: 16207
name added to list: 16208
name added to list: 16209
name added to list: 16210
name added to list: 16211
name added to list: 16212
name added to list: 16213
name added to list: 16214
name added to list: 16215
name added to list: 16216
name added to list: 16217
name added to list: 16218
name added to list: 16219
name added to list: 16220
name added to list: 16221
name added to list: 16222
name added to list: 16223
name added to list: 16224
name added to list: 16225
name added to list: 16226
name added to list: 16227
name added to list: 16228
name added to list: 16229
name added to list: 16230
name added to list: 16231
name added to list: 16232
name added to list: 16233
name added to list: 16234
name added to list: 16235
name added to list: 16236
name added to list: 16237
name added to list: 16238
name added to list: 16239
name added to list: 16240
name added to list: 16241
name added to list: 16242
name added to list: 16243
name added to list: 16244
name added to list: 16245
name added to list: 16246
name added to list: 16247
name added to list: 16248
name added to list: 16249
name added to list: 16250
name added to list: 16251
name added to list: 16252
name added to list: 16253
name added to list: 16254
name added to list: 16255
name added to list: 16256
name added to list: 16257
name added to list: 16258
name added to list: 16259
name added to list: 16260
name added to list: 16261
name added to list: 16262
name added to list: 16263
name added to list: 16264
name added to list: 16265
name added to list: 16266
name added to list: 16267
name added to list: 16268
name added to list: 16269
name added to list: 16270
name added to list: 16271
name added to list: 16272
name added to list: 16273
name added to list: 16274
name added to list: 16275
name added to list: 16276
name added to list: 16277
name added to list: 16278
name added to list: 16279
name added to list: 16280
name added to list: 16281
name added to list: 16282
name added to list: 16283
name added to list: 16284
name added to list: 16285
name added to list: 16286
name added to list: 16287
name added to list: 16288
name added to list: 16289
name added to list: 16290
name added to list: 16291
name added to list: 16292
name added to list: 16293
name added to list: 16294
name added to list: 16295
name added to list: 16296
name added to list: 16297
name added to list: 16298
name added to list: 16299
name added to list: 16300
name added to list: 16301
name added to list: 16302
name added to list: 16303
name added to list: 16304
name added to list: 16305
name added to list: 16306
name added to list: 16307
name added to list: 16308
name added to list: 16309
name added to list: 16310
name added to list: 16311
name added to list: 16312
name added to list: 16313
name added to list: 16314
name added to list: 16315
name added to list: 16316
name added to list: 16317
name added to list: 16318
name added to list: 16319
name added to list: 16320
name added to list: 16321
name added to list: 16322
name added to list: 16323
name added to list: 16324
name added to list: 16325
name added to list: 16326
name added to list: 16327
name added to list: 16328
name added to list: 16329
name added to list: 16330
name added to list: 16331
name added to list: 16332
name added to list: 16333
name added to list: 16334
name added to list: 16335
name added to list: 16336
name added to list: 16337
name added to list: 16338
name added to list: 16339
name added to list: 16340
name added to list: 16341
name added to list: 16342
name added to list: 16343
name added to list: 16344
name added to list: 16345
name added to list: 16346
name added to list: 16347
name added to list: 16348
name added to list: 16349
name added to list: 16350
name added to list: 16351
name added to list: 16352
name added to list: 16353
name added to list: 16354
name added to list: 16355
name added to list: 16356
name added to list: 16357
name added to list: 16358
name added to list: 16359
name added to list: 16360
name added to list: 16361
name added to list: 16362
name added to list: 16363
name added to list: 16364
name added to list: 16365
name added to list: 16366
name added to list: 16367
name added to list: 16368
name added to list: 16369
name added to list: 16370
name added to list: 16371
name added to list: 16372
name added to list: 16373
name added to list: 16374
name added to list: 16375
name added to list: 16376
name added to list: 16377
name added to list: 16378
name added to list: 16379
name added to list: 16380
name added to list: 16381
name added to list: 16382
name added to list: 16383
name added to list: 16384
name added to list: 16385
name added to list: 16386
name added to list: 16387
name added to list: 16388
name added to list: 16389
name added to list: 16390
name added to list: 16391
name added to list: 16392
name added to list: 16393
name added to list: 16394
name added to list: 16395
name added to list: 16396
name added to list: 16397
name added to list: 16398
name added to list: 16399
name added to list: 16400
name added to list: 16401
name added to list: 16402
name added to list: 16403
name added to list: 16404
name added to list: 16405
name added to list: 16406
name added to list: 16407
name added to list: 16408
name added to list: 16409
name added to list: 16410
name added to list: 16411
name added to list: 16412
name added to list: 16413
name added to list: 16414
name added to list: 16415
name added to list: 16416
name added to list: 16417
name added to list: 16418
name added to list: 16419
name added to list: 16420
name added to list: 16421
name added to list: 16422
name added to list: 16423
name added to list: 16424
name added to list: 16425
name added to list: 16426
name added to list: 16427
name added to list: 16428
name added to list: 16429
name added to list: 16430
name added to list: 16431
name added to list: 16432
name added to list: 16433
name added to list: 16434
name added to list: 16435
name added to list: 16436
name added to list: 16437
name added to list: 16438
name added to list: 16439
name added to list: 16440
name added to list: 16441
name added to list: 16442
name added to list: 16443
name added to list: 16444
name added to list: 16445
name added to list: 16446
name added to list: 16447
name added to list: 16448
name added to list: 16449
name added to list: 16450
name added to list: 16451
name added to list: 16452
name added to list: 16453
name added to list: 16454
name added to list: 16455
name added to list: 16456
name added to list: 16457
name added to list: 16458
name added to list: 16459
name added to list: 16460
name added to list: 16461
name added to list: 16462
name added to list: 16463
name added to list: 16464
name added to list: 16465
name added to list: 16466
name added to list: 16467
name added to list: 16468
name added to list: 16469
name added to list: 16470
name added to list: 16471
name added to list: 16472
name added to list: 16473
name added to list: 16474
name added to list: 16475
name added to list: 16476
name added to list: 16477
name added to list: 16478
name added to list: 16479
name added to list: 16480
name added to list: 16481
name added to list: 16482
name added to list: 16483
name added to list: 16484
name added to list: 16485
name added to list: 16486
name added to list: 16487
name added to list: 16488
name added to list: 16489
name added to list: 16490
name added to list: 16491
name added to list: 16492
name added to list: 16493
name added to list: 16494
name added to list: 16495
name added to list: 16496
name added to list: 16497
name added to list: 16498
name added to list: 16499
name added to list: 16500
name added to list: 16501
name added to list: 16502
name added to list: 16503
name added to list: 16504
name added to list: 16505
name added to list: 16506
name added to list: 16507
name added to list: 16508
name added to list: 16509
name added to list: 16510
name added to list: 16511
name added to list: 16512
name added to list: 16513
name added to list: 16514
name added to list: 16515
name added to list: 16516
name added to list: 16517
name added to list: 16518
name added to list: 16519
name added to list: 16520
name added to list: 16521
name added to list: 16522
name added to list: 16523
name added to list: 16524
name added to list: 16525
name added to list: 16526
name added to list: 16527
name added to list: 16528
name added to list: 16529
name added to list: 16530
name added to list: 16531
name added to list: 16532
name added to list: 16533
name added to list: 16534
name added to list: 16535
name added to list: 16536
name added to list: 16537
name added to list: 16538
name added to list: 16539
name added to list: 16540
name added to list: 16541
name added to list: 16542
name added to list: 16543
name added to list: 16544
name added to list: 16545
name added to list: 16546
name added to list: 16547
name added to list: 16548
name added to list: 16549
name added to list: 16550
name added to list: 16551
name added to list: 16552
name added to list: 16553
name added to list: 16554
name added to list: 16555
name added to list: 16556
name added to list: 16557
name added to list: 16558
name added to list: 16559
name added to list: 16560
name added to list: 16561
name added to list: 16562
name added to list: 16563
name added to list: 16564
name added to list: 16565
name added to list: 16566
name added to list: 16567
name added to list: 16568
name added to list: 16569
name added to list: 16570
name added to list: 16571
name added to list: 16572
name added to list: 16573
name added to list: 16574
name added to list: 16575
name added to list: 16576
name added to list: 16577
name added to list: 16578
name added to list: 16579
name added to list: 16580
name added to list: 16581
name added to list: 16582
name added to list: 16583
name added to list: 16584
name added to list: 16585
name added to list: 16586
name added to list: 16587
name added to list: 16588
name added to list: 16589
name added to list: 16590
name added to list: 16591
name added to list: 16592
name added to list: 16593
name added to list: 16594
name added to list: 16595
name added to list: 16596
name added to list: 16597
name added to list: 16598
name added to list: 16599
name added to list: 16600
name added to list: 16601
name added to list: 16602
name added to list: 16603
name added to list: 16604
name added to list: 16605
name added to list: 16606
name added to list: 16607
name added to list: 16608
name added to list: 16609
name added to list: 16610
name added to list: 16611
name added to list: 16612
name added to list: 16613
name added to list: 16614
name added to list: 16615
name added to list: 16616
name added to list: 16617
name added to list: 16618
name added to list: 16619
name added to list: 16620
name added to list: 16621
name added to list: 16622
name added to list: 16623
name added to list: 16624
name added to list: 16625
name added to list: 16626
name added to list: 16627
name added to list: 16628
name added to list: 16629
name added to list: 16630
name added to list: 16631
name added to list: 16632
name added to list: 16633
name added to list: 16634
name added to list: 16635
name added to list: 16636
name added to list: 16637
name added to list: 16638
name added to list: 16639
name added to list: 16640
name added to list: 16641
name added to list: 16642
name added to list: 16643
name added to list: 16644
name added to list: 16645
name added to list: 16646
name added to list: 16647
name added to list: 16648
name added to list: 16649
name added to list: 16650
name added to list: 16651
name added to list: 16652
name added to list: 16653
name added to list: 16654
name added to list: 16655
name added to list: 16656
name added to list: 16657
name added to list: 16658
name added to list: 16659
name added to list: 16660
name added to list: 16661
name added to list: 16662
name added to list: 16663
name added to list: 16664
name added to list: 16665
name added to list: 16666
name added to list: 16667
name added to list: 16668
name added to list: 16669
name added to list: 16670
name added to list: 16671
name added to list: 16672
name added to list: 16673
name added to list: 16674
name added to list: 16675
name added to list: 16676
name added to list: 16677
name added to list: 16678
name added to list: 16679
name added to list: 16680
name added to list: 16681
name added to list: 16682
name added to list: 16683
name added to list: 16684
name added to list: 16685
name added to list: 16686
name added to list: 16687
name added to list: 16688
name added to list: 16689
name added to list: 16690
name added to list: 16691
name added to list: 16692
name added to list: 16693
name added to list: 16694
name added to list: 16695
name added to list: 16696
name added to list: 16697
name added to list: 16698
name added to list: 16699
name added to list: 16700
name added to list: 16701
name added to list: 16702
name added to list: 16703
name added to list: 16704
name added to list: 16705
name added to list: 16706
name added to list: 16707
name added to list: 16708
name added to list: 16709
name added to list: 16710
name added to list: 16711
name added to list: 16712
name added to list: 16713
name added to list: 16714
name added to list: 16715
name added to list: 16716
name added to list: 16717
name added to list: 16718
name added to list: 16719
name added to list: 16720
name added to list: 16721
name added to list: 16722
name added to list: 16723
name added to list: 16724
name added to list: 16725
name added to list: 16726
name added to list: 16727
name added to list: 16728
name added to list: 16729
name added to list: 16730
name added to list: 16731
name added to list: 16732
name added to list: 16733
name added to list: 16734
name added to list: 16735
name added to list: 16736
name added to list: 16737
name added to list: 16738
name added to list: 16739
name added to list: 16740
name added to list: 16741
name added to list: 16742
name added to list: 16743
name added to list: 16744
name added to list: 16745
name added to list: 16746
name added to list: 16747
name added to list: 16748
name added to list: 16749
name added to list: 16750
name added to list: 16751
name added to list: 16752
name added to list: 16753
name added to list: 16754
name added to list: 16755
name added to list: 16756
name added to list: 16757
name added to list: 16758
name added to list: 16759
name added to list: 16760
name added to list: 16761
name added to list: 16762
name added to list: 16763
name added to list: 16764
name added to list: 16765
name added to list: 16766
name added to list: 16767
name added to list: 16768
name added to list: 16769
name added to list: 16770
name added to list: 16771
name added to list: 16772
name added to list: 16773
name added to list: 16774
name added to list: 16775
name added to list: 16776
name added to list: 16777
name added to list: 16778
name added to list: 16779
name added to list: 16780
name added to list: 16781
name added to list: 16782
name added to list: 16783
name added to list: 16784
name added to list: 16785
name added to list: 16786
name added to list: 16787
name added to list: 16788
name added to list: 16789
name added to list: 16790
name added to list: 16791
name added to list: 16792
name added to list: 16793
name added to list: 16794
name added to list: 16795
name added to list: 16796
name added to list: 16797
name added to list: 16798
name added to list: 16799
name added to list: 16800
name added to list: 16801
name added to list: 16802
name added to list: 16803
name added to list: 16804
name added to list: 16805
name added to list: 16806
name added to list: 16807
name added to list: 16808
name added to list: 16809
name added to list: 16810
name added to list: 16811
name added to list: 16812
name added to list: 16813
name added to list: 16814
name added to list: 16815
name added to list: 16816
name added to list: 16817
name added to list: 16818
name added to list: 16819
name added to list: 16820
name added to list: 16821
name added to list: 16822
name added to list: 16823
name added to list: 16824
name added to list: 16825
name added to list: 16826
name added to list: 16827
name added to list: 16828
name added to list: 16829
name added to list: 16830
name added to list: 16831
name added to list: 16832
name added to list: 16833
name added to list: 16834
name added to list: 16835
name added to list: 16836
name added to list: 16837
name added to list: 16838
name added to list: 16839
name added to list: 16840
name added to list: 16841
name added to list: 16842
name added to list: 16843
name added to list: 16844
name added to list: 16845
name added to list: 16846
name added to list: 16847
name added to list: 16848
name added to list: 16849
name added to list: 16850
name added to list: 16851
name added to list: 16852
name added to list: 16853
name added to list: 16854
name added to list: 16855
name added to list: 16856
name added to list: 16857
name added to list: 16858
name added to list: 16859
name added to list: 16860
name added to list: 16861
name added to list: 16862
name added to list: 16863
name added to list: 16864
name added to list: 16865
name added to list: 16866
name added to list: 16867
name added to list: 16868
name added to list: 16869
name added to list: 16870
name added to list: 16871
name added to list: 16872
name added to list: 16873
name added to list: 16874
name added to list: 16875
name added to list: 16876
name added to list: 16877
name added to list: 16878
name added to list: 16879
name added to list: 16880
name added to list: 16881
name added to list: 16882
name added to list: 16883
name added to list: 16884
name added to list: 16885
name added to list: 16886
name added to list: 16887
name added to list: 16888
name added to list: 16889
name added to list: 16890
name added to list: 16891
name added to list: 16892
name added to list: 16893
name added to list: 16894
name added to list: 16895
name added to list: 16896
name added to list: 16897
name added to list: 16898
name added to list: 16899
name added to list: 16900
name added to list: 16901
name added to list: 16902
name added to list: 16903
name added to list: 16904
name added to list: 16905
name added to list: 16906
name added to list: 16907
name added to list: 16908
name added to list: 16909
name added to list: 16910
name added to list: 16911
name added to list: 16912
name added to list: 16913
name added to list: 16914
name added to list: 16915
name added to list: 16916
name added to list: 16917
name added to list: 16918
name added to list: 16919
name added to list: 16920
name added to list: 16921
name added to list: 16922
name added to list: 16923
name added to list: 16924
name added to list: 16925
name added to list: 16926
name added to list: 16927
name added to list: 16928
name added to list: 16929
name added to list: 16930
name added to list: 16931
name added to list: 16932
name added to list: 16933
name added to list: 16934
name added to list: 16935
name added to list: 16936
name added to list: 16937
name added to list: 16938
name added to list: 16939
name added to list: 16940
name added to list: 16941
name added to list: 16942
name added to list: 16943
name added to list: 16944
name added to list: 16945
name added to list: 16946
name added to list: 16947
name added to list: 16948
name added to list: 16949
name added to list: 16950
name added to list: 16951
name added to list: 16952
name added to list: 16953
name added to list: 16954
name added to list: 16955
name added to list: 16956
name added to list: 16957
name added to list: 16958
name added to list: 16959
name added to list: 16960
name added to list: 16961
name added to list: 16962
name added to list: 16963
name added to list: 16964
name added to list: 16965
name added to list: 16966
name added to list: 16967
name added to list: 16968
name added to list: 16969
name added to list: 16970
name added to list: 16971
name added to list: 16972
name added to list: 16973
name added to list: 16974
name added to list: 16975
name added to list: 16976
name added to list: 16977
name added to list: 16978
name added to list: 16979
name added to list: 16980
name added to list: 16981
name added to list: 16982
name added to list: 16983
name added to list: 16984
name added to list: 16985
name added to list: 16986
name added to list: 16987
name added to list: 16988
name added to list: 16989
name added to list: 16990
name added to list: 16991
name added to list: 16992
name added to list: 16993
name added to list: 16994
name added to list: 16995
name added to list: 16996
name added to list: 16997
name added to list: 16998
name added to list: 16999
name added to list: 17000
name added to list: 17001
name added to list: 17002
name added to list: 17003
name added to list: 17004
name added to list: 17005
name added to list: 17006
name added to list: 17007
name added to list: 17008
name added to list: 17009
name added to list: 17010
name added to list: 17011
name added to list: 17012
name added to list: 17013
name added to list: 17014
name added to list: 17015
name added to list: 17016
name added to list: 17017
name added to list: 17018
name added to list: 17019
name added to list: 17020
name added to list: 17021
name added to list: 17022
name added to list: 17023
name added to list: 17024
name added to list: 17025
name added to list: 17026
name added to list: 17027
name added to list: 17028
name added to list: 17029
name added to list: 17030
name added to list: 17031
name added to list: 17032
name added to list: 17033
name added to list: 17034
name added to list: 17035
name added to list: 17036
name added to list: 17037
name added to list: 17038
name added to list: 17039
name added to list: 17040
name added to list: 17041
name added to list: 17042
name added to list: 17043
name added to list: 17044
name added to list: 17045
name added to list: 17046
name added to list: 17047
name added to list: 17048
name added to list: 17049
name added to list: 17050
name added to list: 17051
name added to list: 17052
name added to list: 17053
name added to list: 17054
name added to list: 17055
name added to list: 17056
name added to list: 17057
name added to list: 17058
name added to list: 17059
name added to list: 17060
name added to list: 17061
name added to list: 17062
name added to list: 17063
name added to list: 17064
name added to list: 17065
name added to list: 17066
name added to list: 17067
name added to list: 17068
name added to list: 17069
name added to list: 17070
name added to list: 17071
name added to list: 17072
name added to list: 17073
name added to list: 17074
name added to list: 17075
name added to list: 17076
name added to list: 17077
name added to list: 17078
name added to list: 17079
name added to list: 17080
name added to list: 17081
name added to list: 17082
name added to list: 17083
name added to list: 17084
name added to list: 17085
name added to list: 17086
name added to list: 17087
name added to list: 17088
name added to list: 17089
name added to list: 17090
name added to list: 17091
name added to list: 17092
name added to list: 17093
name added to list: 17094
name added to list: 17095
name added to list: 17096
name added to list: 17097
name added to list: 17098
name added to list: 17099
name added to list: 17100
name added to list: 17101
name added to list: 17102
name added to list: 17103
name added to list: 17104
name added to list: 17105
name added to list: 17106
name added to list: 17107
name added to list: 17108
name added to list: 17109
name added to list: 17110
name added to list: 17111
name added to list: 17112
name added to list: 17113
name added to list: 17114
name added to list: 17115
name added to list: 17116
name added to list: 17117
name added to list: 17118
name added to list: 17119
name added to list: 17120
name added to list: 17121
name added to list: 17122
name added to list: 17123
name added to list: 17124
name added to list: 17125
name added to list: 17126
name added to list: 17127
name added to list: 17128
name added to list: 17129
name added to list: 17130
name added to list: 17131
name added to list: 17132
name added to list: 17133
name added to list: 17134
name added to list: 17135
name added to list: 17136
name added to list: 17137
name added to list: 17138
name added to list: 17139
name added to list: 17140
name added to list: 17141
name added to list: 17142
name added to list: 17143
name added to list: 17144
name added to list: 17145
name added to list: 17146
name added to list: 17147
name added to list: 17148
name added to list: 17149
name added to list: 17150
name added to list: 17151
name added to list: 17152
name added to list: 17153
name added to list: 17154
name added to list: 17155
name added to list: 17156
name added to list: 17157
name added to list: 17158
name added to list: 17159
name added to list: 17160
name added to list: 17161
name added to list: 17162
name added to list: 17163
name added to list: 17164
name added to list: 17165
name added to list: 17166
name added to list: 17167
name added to list: 17168
name added to list: 17169
name added to list: 17170
name added to list: 17171
name added to list: 17172
name added to list: 17173
name added to list: 17174
name added to list: 17175
name added to list: 17176
name added to list: 17177
name added to list: 17178
name added to list: 17179
name added to list: 17180
name added to list: 17181
name added to list: 17182
name added to list: 17183
name added to list: 17184
name added to list: 17185
name added to list: 17186
name added to list: 17187
name added to list: 17188
name added to list: 17189
name added to list: 17190
name added to list: 17191
name added to list: 17192
name added to list: 17193
name added to list: 17194
name added to list: 17195
name added to list: 17196
name added to list: 17197
name added to list: 17198
name added to list: 17199
name added to list: 17200
name added to list: 17201
name added to list: 17202
name added to list: 17203
name added to list: 17204
name added to list: 17205
name added to list: 17206
name added to list: 17207
name added to list: 17208
name added to list: 17209
name added to list: 17210
name added to list: 17211
name added to list: 17212
name added to list: 17213
name added to list: 17214
name added to list: 17215
name added to list: 17216
name added to list: 17217
name added to list: 17218
name added to list: 17219
name added to list: 17220
name added to list: 17221
name added to list: 17222
name added to list: 17223
name added to list: 17224
name added to list: 17225
name added to list: 17226
name added to list: 17227
name added to list: 17228
name added to list: 17229
name added to list: 17230
name added to list: 17231
name added to list: 17232
name added to list: 17233
name added to list: 17234
name added to list: 17235
name added to list: 17236
name added to list: 17237
name added to list: 17238
name added to list: 17239
name added to list: 17240
name added to list: 17241
name added to list: 17242
name added to list: 17243
name added to list: 17244
name added to list: 17245
name added to list: 17246
name added to list: 17247
name added to list: 17248
name added to list: 17249
name added to list: 17250
name added to list: 17251
name added to list: 17252
name added to list: 17253
name added to list: 17254
name added to list: 17255
name added to list: 17256
name added to list: 17257
name added to list: 17258
name added to list: 17259
name added to list: 17260
name added to list: 17261
name added to list: 17262
name added to list: 17263
name added to list: 17264
name added to list: 17265
name added to list: 17266
name added to list: 17267
name added to list: 17268
name added to list: 17269
name added to list: 17270
name added to list: 17271
name added to list: 17272
name added to list: 17273
name added to list: 17274
name added to list: 17275
name added to list: 17276
name added to list: 17277
name added to list: 17278
name added to list: 17279
name added to list: 17280
name added to list: 17281
name added to list: 17282
name added to list: 17283
name added to list: 17284
name added to list: 17285
name added to list: 17286
name added to list: 17287
name added to list: 17288
name added to list: 17289
name added to list: 17290
name added to list: 17291
name added to list: 17292
name added to list: 17293
name added to list: 17294
name added to list: 17295
name added to list: 17296
name added to list: 17297
name added to list: 17298
name added to list: 17299
name added to list: 17300
name added to list: 17301
name added to list: 17302
name added to list: 17303
name added to list: 17304
name added to list: 17305
name added to list: 17306
name added to list: 17307
name added to list: 17308
name added to list: 17309
name added to list: 17310
name added to list: 17311
name added to list: 17312
name added to list: 17313
name added to list: 17314
name added to list: 17315
name added to list: 17316
name added to list: 17317
name added to list: 17318
name added to list: 17319
name added to list: 17320
name added to list: 17321
name added to list: 17322
name added to list: 17323
name added to list: 17324
name added to list: 17325
name added to list: 17326
name added to list: 17327
name added to list: 17328
name added to list: 17329
name added to list: 17330
name added to list: 17331
name added to list: 17332
name added to list: 17333
name added to list: 17334
name added to list: 17335
name added to list: 17336
name added to list: 17337
name added to list: 17338
name added to list: 17339
name added to list: 17340
name added to list: 17341
name added to list: 17342
name added to list: 17343
name added to list: 17344
name added to list: 17345
name added to list: 17346
name added to list: 17347
name added to list: 17348
name added to list: 17349
name added to list: 17350
name added to list: 17351
name added to list: 17352
name added to list: 17353
name added to list: 17354
name added to list: 17355
name added to list: 17356
name added to list: 17357
name added to list: 17358
name added to list: 17359
name added to list: 17360
name added to list: 17361
name added to list: 17362
name added to list: 17363
name added to list: 17364
name added to list: 17365
name added to list: 17366
name added to list: 17367
name added to list: 17368
name added to list: 17369
name added to list: 17370
name added to list: 17371
name added to list: 17372
name added to list: 17373
name added to list: 17374
name added to list: 17375
name added to list: 17376
name added to list: 17377
name added to list: 17378
name added to list: 17379
name added to list: 17380
name added to list: 17381
name added to list: 17382
name added to list: 17383
name added to list: 17384
name added to list: 17385
name added to list: 17386
name added to list: 17387
name added to list: 17388
name added to list: 17389
name added to list: 17390
name added to list: 17391
name added to list: 17392
name added to list: 17393
name added to list: 17394
name added to list: 17395
name added to list: 17396
name added to list: 17397
name added to list: 17398
name added to list: 17399
name added to list: 17400
name added to list: 17401
name added to list: 17402
name added to list: 17403
name added to list: 17404
name added to list: 17405
name added to list: 17406
name added to list: 17407
name added to list: 17408
name added to list: 17409
name added to list: 17410
name added to list: 17411
name added to list: 17412
name added to list: 17413
name added to list: 17414
name added to list: 17415
name added to list: 17416
name added to list: 17417
name added to list: 17418
name added to list: 17419
name added to list: 17420
name added to list: 17421
name added to list: 17422
name added to list: 17423
name added to list: 17424
name added to list: 17425
name added to list: 17426
name added to list: 17427
name added to list: 17428
name added to list: 17429
name added to list: 17430
name added to list: 17431
name added to list: 17432
name added to list: 17433
name added to list: 17434
name added to list: 17435
name added to list: 17436
name added to list: 17437
name added to list: 17438
name added to list: 17439
name added to list: 17440
name added to list: 17441
name added to list: 17442
name added to list: 17443
name added to list: 17444
name added to list: 17445
name added to list: 17446
name added to list: 17447
name added to list: 17448
name added to list: 17449
name added to list: 17450
name added to list: 17451
name added to list: 17452
name added to list: 17453
name added to list: 17454
name added to list: 17455
name added to list: 17456
name added to list: 17457
name added to list: 17458
name added to list: 17459
name added to list: 17460
name added to list: 17461
name added to list: 17462
name added to list: 17463
name added to list: 17464
name added to list: 17465
name added to list: 17466
name added to list: 17467
name added to list: 17468
name added to list: 17469
name added to list: 17470
name added to list: 17471
name added to list: 17472
name added to list: 17473
name added to list: 17474
name added to list: 17475
name added to list: 17476
name added to list: 17477
name added to list: 17478
name added to list: 17479
name added to list: 17480
name added to list: 17481
name added to list: 17482
name added to list: 17483
name added to list: 17484
name added to list: 17485
name added to list: 17486
name added to list: 17487
name added to list: 17488
name added to list: 17489
name added to list: 17490
name added to list: 17491
name added to list: 17492
name added to list: 17493
name added to list: 17494
name added to list: 17495
name added to list: 17496
name added to list: 17497
name added to list: 17498
name added to list: 17499
name added to list: 17500
name added to list: 17501
name added to list: 17502
name added to list: 17503
name added to list: 17504
name added to list: 17505
name added to list: 17506
name added to list: 17507
name added to list: 17508
name added to list: 17509
name added to list: 17510
name added to list: 17511
name added to list: 17512
name added to list: 17513
name added to list: 17514
name added to list: 17515
name added to list: 17516
name added to list: 17517
name added to list: 17518
name added to list: 17519
name added to list: 17520
name added to list: 17521
name added to list: 17522
name added to list: 17523
name added to list: 17524
name added to list: 17525
name added to list: 17526
name added to list: 17527
name added to list: 17528
name added to list: 17529
name added to list: 17530
name added to list: 17531
name added to list: 17532
name added to list: 17533
name added to list: 17534
name added to list: 17535
name added to list: 17536
name added to list: 17537
name added to list: 17538
name added to list: 17539
name added to list: 17540
name added to list: 17541
name added to list: 17542
name added to list: 17543
name added to list: 17544
name added to list: 17545
name added to list: 17546
name added to list: 17547
name added to list: 17548
name added to list: 17549
name added to list: 17550
name added to list: 17551
name added to list: 17552
name added to list: 17553
name added to list: 17554
name added to list: 17555
name added to list: 17556
name added to list: 17557
name added to list: 17558
name added to list: 17559
name added to list: 17560
name added to list: 17561
name added to list: 17562
name added to list: 17563
name added to list: 17564
name added to list: 17565
name added to list: 17566
name added to list: 17567
name added to list: 17568
name added to list: 17569
name added to list: 17570
name added to list: 17571
name added to list: 17572
name added to list: 17573
name added to list: 17574
name added to list: 17575
name added to list: 17576
name added to list: 17577
name added to list: 17578
name added to list: 17579
name added to list: 17580
name added to list: 17581
name added to list: 17582
name added to list: 17583
name added to list: 17584
name added to list: 17585
name added to list: 17586
name added to list: 17587
name added to list: 17588
name added to list: 17589
name added to list: 17590
name added to list: 17591
name added to list: 17592
name added to list: 17593
name added to list: 17594
name added to list: 17595
name added to list: 17596
name added to list: 17597
name added to list: 17598
name added to list: 17599
name added to list: 17600
name added to list: 17601
name added to list: 17602
name added to list: 17603
name added to list: 17604
name added to list: 17605
name added to list: 17606
name added to list: 17607
name added to list: 17608
name added to list: 17609
name added to list: 17610
name added to list: 17611
name added to list: 17612
name added to list: 17613
name added to list: 17614
name added to list: 17615
name added to list: 17616
name added to list: 17617
name added to list: 17618
name added to list: 17619
name added to list: 17620
name added to list: 17621
name added to list: 17622
name added to list: 17623
name added to list: 17624
name added to list: 17625
name added to list: 17626
name added to list: 17627
name added to list: 17628
name added to list: 17629
name added to list: 17630
name added to list: 17631
name added to list: 17632
name added to list: 17633
name added to list: 17634
name added to list: 17635
name added to list: 17636
name added to list: 17637
name added to list: 17638
name added to list: 17639
name added to list: 17640
name added to list: 17641
name added to list: 17642
name added to list: 17643
name added to list: 17644
name added to list: 17645
name added to list: 17646
name added to list: 17647
name added to list: 17648
name added to list: 17649
name added to list: 17650
name added to list: 17651
name added to list: 17652
name added to list: 17653
name added to list: 17654
name added to list: 17655
name added to list: 17656
name added to list: 17657
name added to list: 17658
name added to list: 17659
name added to list: 17660
name added to list: 17661
name added to list: 17662
name added to list: 17663
name added to list: 17664
name added to list: 17665
name added to list: 17666
name added to list: 17667
name added to list: 17668
name added to list: 17669
name added to list: 17670
name added to list: 17671
name added to list: 17672
name added to list: 17673
name added to list: 17674
name added to list: 17675
name added to list: 17676
name added to list: 17677
name added to list: 17678
name added to list: 17679
name added to list: 17680
name added to list: 17681
name added to list: 17682
name added to list: 17683
name added to list: 17684
name added to list: 17685
name added to list: 17686
name added to list: 17687
name added to list: 17688
name added to list: 17689
name added to list: 17690
name added to list: 17691
name added to list: 17692
name added to list: 17693
name added to list: 17694
name added to list: 17695
name added to list: 17696
name added to list: 17697
name added to list: 17698
name added to list: 17699
name added to list: 17700
name added to list: 17701
name added to list: 17702
name added to list: 17703
name added to list: 17704
name added to list: 17705
name added to list: 17706
name added to list: 17707
name added to list: 17708
name added to list: 17709
name added to list: 17710
name added to list: 17711
name added to list: 17712
name added to list: 17713
name added to list: 17714
name added to list: 17715
name added to list: 17716
name added to list: 17717
name added to list: 17718
name added to list: 17719
name added to list: 17720
name added to list: 17721
name added to list: 17722
name added to list: 17723
name added to list: 17724
name added to list: 17725
name added to list: 17726
name added to list: 17727
name added to list: 17728
name added to list: 17729
name added to list: 17730
name added to list: 17731
name added to list: 17732
name added to list: 17733
name added to list: 17734
name added to list: 17735
name added to list: 17736
name added to list: 17737
name added to list: 17738
name added to list: 17739
name added to list: 17740
name added to list: 17741
name added to list: 17742
name added to list: 17743
name added to list: 17744
name added to list: 17745
name added to list: 17746
name added to list: 17747
name added to list: 17748
name added to list: 17749
name added to list: 17750
name added to list: 17751
name added to list: 17752
name added to list: 17753
name added to list: 17754
name added to list: 17755
name added to list: 17756
name added to list: 17757
name added to list: 17758
name added to list: 17759
name added to list: 17760
name added to list: 17761
name added to list: 17762
name added to list: 17763
name added to list: 17764
name added to list: 17765
name added to list: 17766
name added to list: 17767
name added to list: 17768
name added to list: 17769
name added to list: 17770
name added to list: 17771
name added to list: 17772
name added to list: 17773
name added to list: 17774
name added to list: 17775
name added to list: 17776
name added to list: 17777
name added to list: 17778
name added to list: 17779
name added to list: 17780
name added to list: 17781
name added to list: 17782
name added to list: 17783
name added to list: 17784
name added to list: 17785
name added to list: 17786
name added to list: 17787
name added to list: 17788
name added to list: 17789
name added to list: 17790
name added to list: 17791
name added to list: 17792
name added to list: 17793
name added to list: 17794
name added to list: 17795
name added to list: 17796
name added to list: 17797
name added to list: 17798
name added to list: 17799
name added to list: 17800
name added to list: 17801
name added to list: 17802
name added to list: 17803
name added to list: 17804
name added to list: 17805
name added to list: 17806
name added to list: 17807
name added to list: 17808
name added to list: 17809
name added to list: 17810
name added to list: 17811
name added to list: 17812
name added to list: 17813
name added to list: 17814
name added to list: 17815
name added to list: 17816
name added to list: 17817
name added to list: 17818
name added to list: 17819
name added to list: 17820
name added to list: 17821
name added to list: 17822
name added to list: 17823
name added to list: 17824
name added to list: 17825
name added to list: 17826
name added to list: 17827
name added to list: 17828
name added to list: 17829
name added to list: 17830
name added to list: 17831
name added to list: 17832
name added to list: 17833
name added to list: 17834
name added to list: 17835
name added to list: 17836
name added to list: 17837
name added to list: 17838
name added to list: 17839
name added to list: 17840
name added to list: 17841
name added to list: 17842
name added to list: 17843
name added to list: 17844
name added to list: 17845
name added to list: 17846
name added to list: 17847
name added to list: 17848
name added to list: 17849
name added to list: 17850
name added to list: 17851
name added to list: 17852
name added to list: 17853
name added to list: 17854
name added to list: 17855
name added to list: 17856
name added to list: 17857
name added to list: 17858
name added to list: 17859
name added to list: 17860
name added to list: 17861
name added to list: 17862
name added to list: 17863
name added to list: 17864
name added to list: 17865
name added to list: 17866
name added to list: 17867
name added to list: 17868
name added to list: 17869
name added to list: 17870
name added to list: 17871
name added to list: 17872
name added to list: 17873
name added to list: 17874
name added to list: 17875
name added to list: 17876
name added to list: 17877
name added to list: 17878
name added to list: 17879
name added to list: 17880
name added to list: 17881
name added to list: 17882
name added to list: 17883
name added to list: 17884
name added to list: 17885
name added to list: 17886
name added to list: 17887
name added to list: 17888
name added to list: 17889
name added to list: 17890
name added to list: 17891
name added to list: 17892
name added to list: 17893
name added to list: 17894
name added to list: 17895
name added to list: 17896
name added to list: 17897
name added to list: 17898
name added to list: 17899
name added to list: 17900
name added to list: 17901
name added to list: 17902
name added to list: 17903
name added to list: 17904
name added to list: 17905
name added to list: 17906
name added to list: 17907
name added to list: 17908
name added to list: 17909
name added to list: 17910
name added to list: 17911
name added to list: 17912
name added to list: 17913
name added to list: 17914
name added to list: 17915
name added to list: 17916
name added to list: 17917
name added to list: 17918
name added to list: 17919
name added to list: 17920
name added to list: 17921
name added to list: 17922
name added to list: 17923
name added to list: 17924
name added to list: 17925
name added to list: 17926
name added to list: 17927
name added to list: 17928
name added to list: 17929
name added to list: 17930
name added to list: 17931
name added to list: 17932
name added to list: 17933
name added to list: 17934
name added to list: 17935
name added to list: 17936
name added to list: 17937
name added to list: 17938
name added to list: 17939
name added to list: 17940
name added to list: 17941
name added to list: 17942
name added to list: 17943
name added to list: 17944
name added to list: 17945
name added to list: 17946
name added to list: 17947
name added to list: 17948
name added to list: 17949
name added to list: 17950
name added to list: 17951
name added to list: 17952
name added to list: 17953
name added to list: 17954
name added to list: 17955
name added to list: 17956
name added to list: 17957
name added to list: 17958
name added to list: 17959
name added to list: 17960
name added to list: 17961
name added to list: 17962
name added to list: 17963
name added to list: 17964
name added to list: 17965
name added to list: 17966
name added to list: 17967
name added to list: 17968
name added to list: 17969
name added to list: 17970
name added to list: 17971
name added to list: 17972
name added to list: 17973
name added to list: 17974
name added to list: 17975
name added to list: 17976
name added to list: 17977
name added to list: 17978
name added to list: 17979
name added to list: 17980
name added to list: 17981
name added to list: 17982
name added to list: 17983
name added to list: 17984
name added to list: 17985
name added to list: 17986
name added to list: 17987
name added to list: 17988
name added to list: 17989
name added to list: 17990
name added to list: 17991
name added to list: 17992
name added to list: 17993
name added to list: 17994
name added to list: 17995
name added to list: 17996
name added to list: 17997
name added to list: 17998
name added to list: 17999
name added to list: 18000
name added to list: 18001
name added to list: 18002
name added to list: 18003
name added to list: 18004
name added to list: 18005
name added to list: 18006
name added to list: 18007
name added to list: 18008
name added to list: 18009
name added to list: 18010
name added to list: 18011
name added to list: 18012
name added to list: 18013
name added to list: 18014
name added to list: 18015
name added to list: 18016
name added to list: 18017
name added to list: 18018
name added to list: 18019
name added to list: 18020
name added to list: 18021
name added to list: 18022
name added to list: 18023
name added to list: 18024
name added to list: 18025
name added to list: 18026
name added to list: 18027
name added to list: 18028
name added to list: 18029
name added to list: 18030
name added to list: 18031
name added to list: 18032
name added to list: 18033
name added to list: 18034
name added to list: 18035
name added to list: 18036
name added to list: 18037
name added to list: 18038
name added to list: 18039
name added to list: 18040
name added to list: 18041
name added to list: 18042
name added to list: 18043
name added to list: 18044
name added to list: 18045
name added to list: 18046
name added to list: 18047
name added to list: 18048
name added to list: 18049
name added to list: 18050
name added to list: 18051
name added to list: 18052
name added to list: 18053
name added to list: 18054
name added to list: 18055
name added to list: 18056
name added to list: 18057
name added to list: 18058
name added to list: 18059
name added to list: 18060
name added to list: 18061
name added to list: 18062
name added to list: 18063
name added to list: 18064
name added to list: 18065
name added to list: 18066
name added to list: 18067
name added to list: 18068
name added to list: 18069
name added to list: 18070
name added to list: 18071
name added to list: 18072
name added to list: 18073
name added to list: 18074
name added to list: 18075
name added to list: 18076
name added to list: 18077
name added to list: 18078
name added to list: 18079
name added to list: 18080
name added to list: 18081
name added to list: 18082
name added to list: 18083
name added to list: 18084
name added to list: 18085
name added to list: 18086
name added to list: 18087
name added to list: 18088
name added to list: 18089
name added to list: 18090
name added to list: 18091
name added to list: 18092
name added to list: 18093
name added to list: 18094
name added to list: 18095
name added to list: 18096
name added to list: 18097
name added to list: 18098
name added to list: 18099
name added to list: 18100
name added to list: 18101
name added to list: 18102
name added to list: 18103
name added to list: 18104
name added to list: 18105
name added to list: 18106
name added to list: 18107
name added to list: 18108
name added to list: 18109
name added to list: 18110
name added to list: 18111
name added to list: 18112
name added to list: 18113
name added to list: 18114
name added to list: 18115
name added to list: 18116
name added to list: 18117
name added to list: 18118
name added to list: 18119
name added to list: 18120
name added to list: 18121
name added to list: 18122
name added to list: 18123
name added to list: 18124
name added to list: 18125
name added to list: 18126
name added to list: 18127
name added to list: 18128
name added to list: 18129
name added to list: 18130
name added to list: 18131
name added to list: 18132
name added to list: 18133
name added to list: 18134
name added to list: 18135
name added to list: 18136
name added to list: 18137
name added to list: 18138
name added to list: 18139
name added to list: 18140
name added to list: 18141
name added to list: 18142
name added to list: 18143
name added to list: 18144
name added to list: 18145
name added to list: 18146
name added to list: 18147
name added to list: 18148
name added to list: 18149
name added to list: 18150
name added to list: 18151
name added to list: 18152
name added to list: 18153
name added to list: 18154
name added to list: 18155
name added to list: 18156
name added to list: 18157
name added to list: 18158
name added to list: 18159
name added to list: 18160
name added to list: 18161
name added to list: 18162
name added to list: 18163
name added to list: 18164
name added to list: 18165
name added to list: 18166
name added to list: 18167
name added to list: 18168
name added to list: 18169
name added to list: 18170
name added to list: 18171
name added to list: 18172
name added to list: 18173
name added to list: 18174
name added to list: 18175
name added to list: 18176
name added to list: 18177
name added to list: 18178
name added to list: 18179
name added to list: 18180
name added to list: 18181
name added to list: 18182
name added to list: 18183
name added to list: 18184
name added to list: 18185
name added to list: 18186
name added to list: 18187
name added to list: 18188
name added to list: 18189
name added to list: 18190
name added to list: 18191
name added to list: 18192
name added to list: 18193
name added to list: 18194
name added to list: 18195
name added to list: 18196
name added to list: 18197
name added to list: 18198
name added to list: 18199
name added to list: 18200
name added to list: 18201
name added to list: 18202
name added to list: 18203
name added to list: 18204
name added to list: 18205
name added to list: 18206
name added to list: 18207
name added to list: 18208
name added to list: 18209
name added to list: 18210
name added to list: 18211
name added to list: 18212
name added to list: 18213
name added to list: 18214
name added to list: 18215
name added to list: 18216
name added to list: 18217
name added to list: 18218
name added to list: 18219
name added to list: 18220
name added to list: 18221
name added to list: 18222
name added to list: 18223
name added to list: 18224
name added to list: 18225
name added to list: 18226
name added to list: 18227
name added to list: 18228
name added to list: 18229
name added to list: 18230
name added to list: 18231
name added to list: 18232
name added to list: 18233
name added to list: 18234
name added to list: 18235
name added to list: 18236
name added to list: 18237
name added to list: 18238
name added to list: 18239
name added to list: 18240
name added to list: 18241
name added to list: 18242
name added to list: 18243
name added to list: 18244
name added to list: 18245
name added to list: 18246
name added to list: 18247
name added to list: 18248
name added to list: 18249
name added to list: 18250
name added to list: 18251
name added to list: 18252
name added to list: 18253
name added to list: 18254
name added to list: 18255
name added to list: 18256
name added to list: 18257
name added to list: 18258
name added to list: 18259
name added to list: 18260
name added to list: 18261
name added to list: 18262
name added to list: 18263
name added to list: 18264
name added to list: 18265
name added to list: 18266
name added to list: 18267
name added to list: 18268
name added to list: 18269
name added to list: 18270
name added to list: 18271
name added to list: 18272
name added to list: 18273
name added to list: 18274
name added to list: 18275
name added to list: 18276
name added to list: 18277
name added to list: 18278
name added to list: 18279
name added to list: 18280
name added to list: 18281
name added to list: 18282
name added to list: 18283
name added to list: 18284
name added to list: 18285
name added to list: 18286
name added to list: 18287
name added to list: 18288
name added to list: 18289
name added to list: 18290
name added to list: 18291
name added to list: 18292
name added to list: 18293
name added to list: 18294
name added to list: 18295
name added to list: 18296
name added to list: 18297
name added to list: 18298
name added to list: 18299
name added to list: 18300
name added to list: 18301
name added to list: 18302
name added to list: 18303
name added to list: 18304
name added to list: 18305
name added to list: 18306
name added to list: 18307
name added to list: 18308
name added to list: 18309
name added to list: 18310
name added to list: 18311
name added to list: 18312
name added to list: 18313
name added to list: 18314
name added to list: 18315
name added to list: 18316
name added to list: 18317
name added to list: 18318
name added to list: 18319
name added to list: 18320
name added to list: 18321
name added to list: 18322
name added to list: 18323
name added to list: 18324
name added to list: 18325
name added to list: 18326
name added to list: 18327
name added to list: 18328
name added to list: 18329
name added to list: 18330
name added to list: 18331
name added to list: 18332
name added to list: 18333
name added to list: 18334
name added to list: 18335
name added to list: 18336
name added to list: 18337
name added to list: 18338
name added to list: 18339
name added to list: 18340
name added to list: 18341
name added to list: 18342
name added to list: 18343
name added to list: 18344
name added to list: 18345
name added to list: 18346
name added to list: 18347
name added to list: 18348
name added to list: 18349
name added to list: 18350
name added to list: 18351
name added to list: 18352
name added to list: 18353
name added to list: 18354
name added to list: 18355
name added to list: 18356
name added to list: 18357
name added to list: 18358
name added to list: 18359
name added to list: 18360
name added to list: 18361
name added to list: 18362
name added to list: 18363
name added to list: 18364
name added to list: 18365
name added to list: 18366
name added to list: 18367
name added to list: 18368
name added to list: 18369
name added to list: 18370
name added to list: 18371
name added to list: 18372
name added to list: 18373
name added to list: 18374
name added to list: 18375
name added to list: 18376
name added to list: 18377
name added to list: 18378
name added to list: 18379
name added to list: 18380
name added to list: 18381
name added to list: 18382
name added to list: 18383
name added to list: 18384
name added to list: 18385
name added to list: 18386
name added to list: 18387
name added to list: 18388
name added to list: 18389
name added to list: 18390
name added to list: 18391
name added to list: 18392
name added to list: 18393
name added to list: 18394
name added to list: 18395
name added to list: 18396
name added to list: 18397
name added to list: 18398
name added to list: 18399
name added to list: 18400
name added to list: 18401
name added to list: 18402
name added to list: 18403
name added to list: 18404
name added to list: 18405
name added to list: 18406
name added to list: 18407
name added to list: 18408
name added to list: 18409
name added to list: 18410
name added to list: 18411
name added to list: 18412
name added to list: 18413
name added to list: 18414
name added to list: 18415
name added to list: 18416
name added to list: 18417
name added to list: 18418
name added to list: 18419
name added to list: 18420
name added to list: 18421
name added to list: 18422
name added to list: 18423
name added to list: 18424
name added to list: 18425
name added to list: 18426
name added to list: 18427
name added to list: 18428
name added to list: 18429
name added to list: 18430
name added to list: 18431
name added to list: 18432
name added to list: 18433
name added to list: 18434
name added to list: 18435
name added to list: 18436
name added to list: 18437
name added to list: 18438
name added to list: 18439
name added to list: 18440
name added to list: 18441
name added to list: 18442
name added to list: 18443
name added to list: 18444
name added to list: 18445
name added to list: 18446
name added to list: 18447
name added to list: 18448
name added to list: 18449
name added to list: 18450
name added to list: 18451
name added to list: 18452
name added to list: 18453
name added to list: 18454
name added to list: 18455
name added to list: 18456
name added to list: 18457
name added to list: 18458
name added to list: 18459
name added to list: 18460
name added to list: 18461
name added to list: 18462
name added to list: 18463
name added to list: 18464
name added to list: 18465
name added to list: 18466
name added to list: 18467
name added to list: 18468
name added to list: 18469
name added to list: 18470
name added to list: 18471
name added to list: 18472
name added to list: 18473
name added to list: 18474
name added to list: 18475
name added to list: 18476
name added to list: 18477
name added to list: 18478
name added to list: 18479
name added to list: 18480
name added to list: 18481
name added to list: 18482
name added to list: 18483
name added to list: 18484
name added to list: 18485
name added to list: 18486
name added to list: 18487
name added to list: 18488
name added to list: 18489
name added to list: 18490
name added to list: 18491
name added to list: 18492
name added to list: 18493
name added to list: 18494
name added to list: 18495
name added to list: 18496
name added to list: 18497
name added to list: 18498
name added to list: 18499
name added to list: 18500
name added to list: 18501
name added to list: 18502
name added to list: 18503
name added to list: 18504
name added to list: 18505
name added to list: 18506
name added to list: 18507
name added to list: 18508
name added to list: 18509
name added to list: 18510
name added to list: 18511
name added to list: 18512
name added to list: 18513
name added to list: 18514
name added to list: 18515
name added to list: 18516
name added to list: 18517
name added to list: 18518
name added to list: 18519
name added to list: 18520
name added to list: 18521
name added to list: 18522
name added to list: 18523
name added to list: 18524
name added to list: 18525
name added to list: 18526
name added to list: 18527
name added to list: 18528
name added to list: 18529
name added to list: 18530
name added to list: 18531
name added to list: 18532
name added to list: 18533
name added to list: 18534
name added to list: 18535
name added to list: 18536
name added to list: 18537
name added to list: 18538
name added to list: 18539
name added to list: 18540
name added to list: 18541
name added to list: 18542
name added to list: 18543
name added to list: 18544
name added to list: 18545
name added to list: 18546
name added to list: 18547
name added to list: 18548
name added to list: 18549
name added to list: 18550
name added to list: 18551
name added to list: 18552
name added to list: 18553
name added to list: 18554
name added to list: 18555
name added to list: 18556
name added to list: 18557
name added to list: 18558
name added to list: 18559
name added to list: 18560
name added to list: 18561
name added to list: 18562
name added to list: 18563
name added to list: 18564
name added to list: 18565
name added to list: 18566
name added to list: 18567
name added to list: 18568
name added to list: 18569
name added to list: 18570
name added to list: 18571
name added to list: 18572
name added to list: 18573
name added to list: 18574
name added to list: 18575
name added to list: 18576
name added to list: 18577
name added to list: 18578
name added to list: 18579
name added to list: 18580
name added to list: 18581
name added to list: 18582
name added to list: 18583
name added to list: 18584
name added to list: 18585
name added to list: 18586
name added to list: 18587
name added to list: 18588
name added to list: 18589
name added to list: 18590
name added to list: 18591
name added to list: 18592
name added to list: 18593
name added to list: 18594
name added to list: 18595
name added to list: 18596
name added to list: 18597
name added to list: 18598
name added to list: 18599
name added to list: 18600
name added to list: 18601
name added to list: 18602
name added to list: 18603
name added to list: 18604
name added to list: 18605
name added to list: 18606
name added to list: 18607
name added to list: 18608
name added to list: 18609
name added to list: 18610
name added to list: 18611
name added to list: 18612
name added to list: 18613
name added to list: 18614
name added to list: 18615
name added to list: 18616
name added to list: 18617
name added to list: 18618
name added to list: 18619
name added to list: 18620
name added to list: 18621
name added to list: 18622
name added to list: 18623
name added to list: 18624
name added to list: 18625
name added to list: 18626
name added to list: 18627
name added to list: 18628
name added to list: 18629
name added to list: 18630
name added to list: 18631
name added to list: 18632
name added to list: 18633
name added to list: 18634
name added to list: 18635
name added to list: 18636
name added to list: 18637
name added to list: 18638
name added to list: 18639
name added to list: 18640
name added to list: 18641
name added to list: 18642
name added to list: 18643
name added to list: 18644
name added to list: 18645
name added to list: 18646
name added to list: 18647
name added to list: 18648
name added to list: 18649
name added to list: 18650
name added to list: 18651
name added to list: 18652
name added to list: 18653
name added to list: 18654
name added to list: 18655
name added to list: 18656
name added to list: 18657
name added to list: 18658
name added to list: 18659
name added to list: 18660
name added to list: 18661
name added to list: 18662
name added to list: 18663
name added to list: 18664
name added to list: 18665
name added to list: 18666
name added to list: 18667
name added to list: 18668
name added to list: 18669
name added to list: 18670
name added to list: 18671
name added to list: 18672
name added to list: 18673
name added to list: 18674
name added to list: 18675
name added to list: 18676
name added to list: 18677
name added to list: 18678
name added to list: 18679
name added to list: 18680
name added to list: 18681
name added to list: 18682
name added to list: 18683
name added to list: 18684
name added to list: 18685
name added to list: 18686
name added to list: 18687
name added to list: 18688
name added to list: 18689
name added to list: 18690
name added to list: 18691
name added to list: 18692
name added to list: 18693
name added to list: 18694
name added to list: 18695
name added to list: 18696
name added to list: 18697
name added to list: 18698
name added to list: 18699
name added to list: 18700
name added to list: 18701
name added to list: 18702
name added to list: 18703
name added to list: 18704
name added to list: 18705
name added to list: 18706
name added to list: 18707
name added to list: 18708
name added to list: 18709
name added to list: 18710
name added to list: 18711
name added to list: 18712
name added to list: 18713
name added to list: 18714
name added to list: 18715
name added to list: 18716
name added to list: 18717
name added to list: 18718
name added to list: 18719
name added to list: 18720
name added to list: 18721
name added to list: 18722
name added to list: 18723
name added to list: 18724
name added to list: 18725
name added to list: 18726
name added to list: 18727
name added to list: 18728
name added to list: 18729
name added to list: 18730
name added to list: 18731
name added to list: 18732
name added to list: 18733
name added to list: 18734
name added to list: 18735
name added to list: 18736
name added to list: 18737
name added to list: 18738
name added to list: 18739
name added to list: 18740
name added to list: 18741
name added to list: 18742
name added to list: 18743
name added to list: 18744
name added to list: 18745
name added to list: 18746
name added to list: 18747
name added to list: 18748
name added to list: 18749
name added to list: 18750
name added to list: 18751
name added to list: 18752
name added to list: 18753
name added to list: 18754
name added to list: 18755
name added to list: 18756
name added to list: 18757
name added to list: 18758
name added to list: 18759
name added to list: 18760
name added to list: 18761
name added to list: 18762
name added to list: 18763
name added to list: 18764
name added to list: 18765
name added to list: 18766
name added to list: 18767
name added to list: 18768
name added to list: 18769
name added to list: 18770
name added to list: 18771
name added to list: 18772
name added to list: 18773
name added to list: 18774
name added to list: 18775
name added to list: 18776
name added to list: 18777
name added to list: 18778
name added to list: 18779
name added to list: 18780
name added to list: 18781
name added to list: 18782
name added to list: 18783
name added to list: 18784
name added to list: 18785
name added to list: 18786
name added to list: 18787
name added to list: 18788
name added to list: 18789
name added to list: 18790
name added to list: 18791
name added to list: 18792
name added to list: 18793
name added to list: 18794
name added to list: 18795
name added to list: 18796
name added to list: 18797
name added to list: 18798
name added to list: 18799
name added to list: 18800
name added to list: 18801
name added to list: 18802
name added to list: 18803
name added to list: 18804
name added to list: 18805
name added to list: 18806
name added to list: 18807
name added to list: 18808
name added to list: 18809
name added to list: 18810
name added to list: 18811
name added to list: 18812
name added to list: 18813
name added to list: 18814
name added to list: 18815
name added to list: 18816
name added to list: 18817
name added to list: 18818
name added to list: 18819
name added to list: 18820
name added to list: 18821
name added to list: 18822
name added to list: 18823
name added to list: 18824
name added to list: 18825
name added to list: 18826
name added to list: 18827
name added to list: 18828
name added to list: 18829
name added to list: 18830
name added to list: 18831
name added to list: 18832
name added to list: 18833
name added to list: 18834
name added to list: 18835
name added to list: 18836
name added to list: 18837
name added to list: 18838
name added to list: 18839
name added to list: 18840
name added to list: 18841
name added to list: 18842
name added to list: 18843
name added to list: 18844
name added to list: 18845
name added to list: 18846
name added to list: 18847
name added to list: 18848
name added to list: 18849
name added to list: 18850
name added to list: 18851
name added to list: 18852
name added to list: 18853
name added to list: 18854
name added to list: 18855
name added to list: 18856
name added to list: 18857
name added to list: 18858
name added to list: 18859
name added to list: 18860
name added to list: 18861
name added to list: 18862
name added to list: 18863
name added to list: 18864
name added to list: 18865
name added to list: 18866
name added to list: 18867
name added to list: 18868
name added to list: 18869
name added to list: 18870
name added to list: 18871
name added to list: 18872
name added to list: 18873
name added to list: 18874
name added to list: 18875
name added to list: 18876
name added to list: 18877
name added to list: 18878
name added to list: 18879
name added to list: 18880
name added to list: 18881
name added to list: 18882
name added to list: 18883
name added to list: 18884
name added to list: 18885
name added to list: 18886
name added to list: 18887
name added to list: 18888
name added to list: 18889
name added to list: 18890
name added to list: 18891
name added to list: 18892
name added to list: 18893
name added to list: 18894
name added to list: 18895
name added to list: 18896
name added to list: 18897
name added to list: 18898
name added to list: 18899
name added to list: 18900
name added to list: 18901
name added to list: 18902
name added to list: 18903
name added to list: 18904
name added to list: 18905
name added to list: 18906
name added to list: 18907
name added to list: 18908
name added to list: 18909
name added to list: 18910
name added to list: 18911
name added to list: 18912
name added to list: 18913
name added to list: 18914
name added to list: 18915
name added to list: 18916
name added to list: 18917
name added to list: 18918
name added to list: 18919
name added to list: 18920
name added to list: 18921
name added to list: 18922
name added to list: 18923
name added to list: 18924
name added to list: 18925
name added to list: 18926
name added to list: 18927
name added to list: 18928
name added to list: 18929
name added to list: 18930
name added to list: 18931
name added to list: 18932
name added to list: 18933
name added to list: 18934
name added to list: 18935
name added to list: 18936
name added to list: 18937
name added to list: 18938
name added to list: 18939
name added to list: 18940
name added to list: 18941
name added to list: 18942
name added to list: 18943
name added to list: 18944
name added to list: 18945
name added to list: 18946
name added to list: 18947
name added to list: 18948
name added to list: 18949
name added to list: 18950
name added to list: 18951
name added to list: 18952
name added to list: 18953
name added to list: 18954
name added to list: 18955
name added to list: 18956
name added to list: 18957
name added to list: 18958
name added to list: 18959
name added to list: 18960
name added to list: 18961
name added to list: 18962
name added to list: 18963
name added to list: 18964
name added to list: 18965
name added to list: 18966
name added to list: 18967
name added to list: 18968
name added to list: 18969
name added to list: 18970
name added to list: 18971
name added to list: 18972
name added to list: 18973
name added to list: 18974
name added to list: 18975
name added to list: 18976
name added to list: 18977
name added to list: 18978
name added to list: 18979
name added to list: 18980
name added to list: 18981
name added to list: 18982
name added to list: 18983
name added to list: 18984
name added to list: 18985
name added to list: 18986
name added to list: 18987
name added to list: 18988
name added to list: 18989
name added to list: 18990
name added to list: 18991
name added to list: 18992
name added to list: 18993
name added to list: 18994
name added to list: 18995
name added to list: 18996
name added to list: 18997
name added to list: 18998
name added to list: 18999
name added to list: 19000
name added to list: 19001
name added to list: 19002
name added to list: 19003
name added to list: 19004
name added to list: 19005
name added to list: 19006
name added to list: 19007
name added to list: 19008
name added to list: 19009
name added to list: 19010
name added to list: 19011
name added to list: 19012
name added to list: 19013
name added to list: 19014
name added to list: 19015
name added to list: 19016
name added to list: 19017
name added to list: 19018
name added to list: 19019
name added to list: 19020
name added to list: 19021
name added to list: 19022
name added to list: 19023
name added to list: 19024
name added to list: 19025
name added to list: 19026
name added to list: 19027
name added to list: 19028
name added to list: 19029
name added to list: 19030
name added to list: 19031
name added to list: 19032
name added to list: 19033
name added to list: 19034
name added to list: 19035
name added to list: 19036
name added to list: 19037
name added to list: 19038
name added to list: 19039
name added to list: 19040
name added to list: 19041
name added to list: 19042
name added to list: 19043
name added to list: 19044
name added to list: 19045
name added to list: 19046
name added to list: 19047
name added to list: 19048
name added to list: 19049
name added to list: 19050
name added to list: 19051
name added to list: 19052
name added to list: 19053
name added to list: 19054
name added to list: 19055
name added to list: 19056
name added to list: 19057
name added to list: 19058
name added to list: 19059
name added to list: 19060
name added to list: 19061
name added to list: 19062
name added to list: 19063
name added to list: 19064
name added to list: 19065
name added to list: 19066
name added to list: 19067
name added to list: 19068
name added to list: 19069
name added to list: 19070
name added to list: 19071
name added to list: 19072
name added to list: 19073
name added to list: 19074
name added to list: 19075
name added to list: 19076
name added to list: 19077
name added to list: 19078
name added to list: 19079
name added to list: 19080
name added to list: 19081
name added to list: 19082
name added to list: 19083
name added to list: 19084
name added to list: 19085
name added to list: 19086
name added to list: 19087
name added to list: 19088
name added to list: 19089
name added to list: 19090
name added to list: 19091
name added to list: 19092
name added to list: 19093
name added to list: 19094
name added to list: 19095
name added to list: 19096
name added to list: 19097
name added to list: 19098
name added to list: 19099
name added to list: 19100
name added to list: 19101
name added to list: 19102
name added to list: 19103
name added to list: 19104
name added to list: 19105
name added to list: 19106
name added to list: 19107
name added to list: 19108
name added to list: 19109
name added to list: 19110
name added to list: 19111
name added to list: 19112
name added to list: 19113
name added to list: 19114
name added to list: 19115
name added to list: 19116
name added to list: 19117
name added to list: 19118
name added to list: 19119
name added to list: 19120
name added to list: 19121
name added to list: 19122
name added to list: 19123
name added to list: 19124
name added to list: 19125
name added to list: 19126
name added to list: 19127
name added to list: 19128
name added to list: 19129
name added to list: 19130
name added to list: 19131
name added to list: 19132
name added to list: 19133
name added to list: 19134
name added to list: 19135
name added to list: 19136
name added to list: 19137
name added to list: 19138
name added to list: 19139
name added to list: 19140
name added to list: 19141
name added to list: 19142
name added to list: 19143
name added to list: 19144
name added to list: 19145
name added to list: 19146
name added to list: 19147
name added to list: 19148
name added to list: 19149
name added to list: 19150
name added to list: 19151
name added to list: 19152
name added to list: 19153
name added to list: 19154
name added to list: 19155
name added to list: 19156
name added to list: 19157
name added to list: 19158
name added to list: 19159
name added to list: 19160
name added to list: 19161
name added to list: 19162
name added to list: 19163
name added to list: 19164
name added to list: 19165
name added to list: 19166
name added to list: 19167
name added to list: 19168
name added to list: 19169
name added to list: 19170
name added to list: 19171
name added to list: 19172
name added to list: 19173
name added to list: 19174
name added to list: 19175
name added to list: 19176
name added to list: 19177
name added to list: 19178
name added to list: 19179
name added to list: 19180
name added to list: 19181
name added to list: 19182
name added to list: 19183
name added to list: 19184
name added to list: 19185
name added to list: 19186
name added to list: 19187
name added to list: 19188
name added to list: 19189
name added to list: 19190
name added to list: 19191
name added to list: 19192
name added to list: 19193
name added to list: 19194
name added to list: 19195
name added to list: 19196
name added to list: 19197
name added to list: 19198
name added to list: 19199
name added to list: 19200
name added to list: 19201
name added to list: 19202
name added to list: 19203
name added to list: 19204
name added to list: 19205
name added to list: 19206
name added to list: 19207
name added to list: 19208
name added to list: 19209
name added to list: 19210
name added to list: 19211
name added to list: 19212
name added to list: 19213
name added to list: 19214
name added to list: 19215
name added to list: 19216
name added to list: 19217
name added to list: 19218
name added to list: 19219
name added to list: 19220
name added to list: 19221
name added to list: 19222
name added to list: 19223
name added to list: 19224
name added to list: 19225
name added to list: 19226
name added to list: 19227
name added to list: 19228
name added to list: 19229
name added to list: 19230
name added to list: 19231
name added to list: 19232
name added to list: 19233
name added to list: 19234
name added to list: 19235
name added to list: 19236
name added to list: 19237
name added to list: 19238
name added to list: 19239
name added to list: 19240
name added to list: 19241
name added to list: 19242
name added to list: 19243
name added to list: 19244
name added to list: 19245
name added to list: 19246
name added to list: 19247
name added to list: 19248
name added to list: 19249
name added to list: 19250
name added to list: 19251
name added to list: 19252
name added to list: 19253
name added to list: 19254
name added to list: 19255
name added to list: 19256
name added to list: 19257
name added to list: 19258
name added to list: 19259
name added to list: 19260
name added to list: 19261
name added to list: 19262
name added to list: 19263
name added to list: 19264
name added to list: 19265
name added to list: 19266
name added to list: 19267
name added to list: 19268
name added to list: 19269
name added to list: 19270
name added to list: 19271
name added to list: 19272
name added to list: 19273
name added to list: 19274
name added to list: 19275
name added to list: 19276
name added to list: 19277
name added to list: 19278
name added to list: 19279
name added to list: 19280
name added to list: 19281
name added to list: 19282
name added to list: 19283
name added to list: 19284
name added to list: 19285
name added to list: 19286
name added to list: 19287
name added to list: 19288
name added to list: 19289
name added to list: 19290
name added to list: 19291
name added to list: 19292
name added to list: 19293
name added to list: 19294
name added to list: 19295
name added to list: 19296
name added to list: 19297
name added to list: 19298
name added to list: 19299
name added to list: 19300
name added to list: 19301
name added to list: 19302
name added to list: 19303
name added to list: 19304
name added to list: 19305
name added to list: 19306
name added to list: 19307
name added to list: 19308
name added to list: 19309
name added to list: 19310
name added to list: 19311
name added to list: 19312
name added to list: 19313
name added to list: 19314
name added to list: 19315
name added to list: 19316
name added to list: 19317
name added to list: 19318
name added to list: 19319
name added to list: 19320
name added to list: 19321
name added to list: 19322
name added to list: 19323
name added to list: 19324
name added to list: 19325
name added to list: 19326
name added to list: 19327
name added to list: 19328
name added to list: 19329
name added to list: 19330
name added to list: 19331
name added to list: 19332
name added to list: 19333
name added to list: 19334
name added to list: 19335
name added to list: 19336
name added to list: 19337
name added to list: 19338
name added to list: 19339
name added to list: 19340
name added to list: 19341
name added to list: 19342
name added to list: 19343
name added to list: 19344
name added to list: 19345
name added to list: 19346
name added to list: 19347
name added to list: 19348
name added to list: 19349
name added to list: 19350
name added to list: 19351
name added to list: 19352
name added to list: 19353
name added to list: 19354
name added to list: 19355
name added to list: 19356
name added to list: 19357
name added to list: 19358
name added to list: 19359
name added to list: 19360
name added to list: 19361
name added to list: 19362
name added to list: 19363
name added to list: 19364
name added to list: 19365
name added to list: 19366
name added to list: 19367
name added to list: 19368
name added to list: 19369
name added to list: 19370
name added to list: 19371
name added to list: 19372
name added to list: 19373
name added to list: 19374
name added to list: 19375
name added to list: 19376
name added to list: 19377
name added to list: 19378
name added to list: 19379
name added to list: 19380
name added to list: 19381
name added to list: 19382
name added to list: 19383
name added to list: 19384
name added to list: 19385
name added to list: 19386
name added to list: 19387
name added to list: 19388
name added to list: 19389
name added to list: 19390
name added to list: 19391
name added to list: 19392
name added to list: 19393
name added to list: 19394
name added to list: 19395
name added to list: 19396
name added to list: 19397
name added to list: 19398
name added to list: 19399
name added to list: 19400
name added to list: 19401
name added to list: 19402
name added to list: 19403
name added to list: 19404
name added to list: 19405
name added to list: 19406
name added to list: 19407
name added to list: 19408
name added to list: 19409
name added to list: 19410
name added to list: 19411
name added to list: 19412
name added to list: 19413
name added to list: 19414
name added to list: 19415
name added to list: 19416
name added to list: 19417
name added to list: 19418
name added to list: 19419
name added to list: 19420
name added to list: 19421
name added to list: 19422
name added to list: 19423
name added to list: 19424
name added to list: 19425
name added to list: 19426
name added to list: 19427
name added to list: 19428
name added to list: 19429
name added to list: 19430
name added to list: 19431
name added to list: 19432
name added to list: 19433
name added to list: 19434
name added to list: 19435
name added to list: 19436
name added to list: 19437
name added to list: 19438
name added to list: 19439
name added to list: 19440
name added to list: 19441
name added to list: 19442
name added to list: 19443
name added to list: 19444
name added to list: 19445
name added to list: 19446
name added to list: 19447
name added to list: 19448
name added to list: 19449
name added to list: 19450
name added to list: 19451
name added to list: 19452
name added to list: 19453
name added to list: 19454
name added to list: 19455
name added to list: 19456
name added to list: 19457
name added to list: 19458
name added to list: 19459
name added to list: 19460
name added to list: 19461
name added to list: 19462
name added to list: 19463
name added to list: 19464
name added to list: 19465
name added to list: 19466
name added to list: 19467
name added to list: 19468
name added to list: 19469
name added to list: 19470
name added to list: 19471
name added to list: 19472
name added to list: 19473
name added to list: 19474
name added to list: 19475
name added to list: 19476
name added to list: 19477
name added to list: 19478
name added to list: 19479
name added to list: 19480
name added to list: 19481
name added to list: 19482
name added to list: 19483
name added to list: 19484
name added to list: 19485
name added to list: 19486
name added to list: 19487
name added to list: 19488
name added to list: 19489
name added to list: 19490
name added to list: 19491
name added to list: 19492
name added to list: 19493
name added to list: 19494
name added to list: 19495
name added to list: 19496
name added to list: 19497
name added to list: 19498
name added to list: 19499
name added to list: 19500
name added to list: 19501
name added to list: 19502
name added to list: 19503
name added to list: 19504
name added to list: 19505
name added to list: 19506
name added to list: 19507
name added to list: 19508
name added to list: 19509
name added to list: 19510
name added to list: 19511
name added to list: 19512
name added to list: 19513
name added to list: 19514
name added to list: 19515
name added to list: 19516
name added to list: 19517
name added to list: 19518
name added to list: 19519
name added to list: 19520
name added to list: 19521
name added to list: 19522
name added to list: 19523
name added to list: 19524
name added to list: 19525
name added to list: 19526
name added to list: 19527
name added to list: 19528
name added to list: 19529
name added to list: 19530
name added to list: 19531
name added to list: 19532
name added to list: 19533
name added to list: 19534
name added to list: 19535
name added to list: 19536
name added to list: 19537
name added to list: 19538
name added to list: 19539
name added to list: 19540
name added to list: 19541
name added to list: 19542
name added to list: 19543
name added to list: 19544
name added to list: 19545
name added to list: 19546
name added to list: 19547
name added to list: 19548
name added to list: 19549
name added to list: 19550
name added to list: 19551
name added to list: 19552
name added to list: 19553
name added to list: 19554
name added to list: 19555
name added to list: 19556
name added to list: 19557
name added to list: 19558
name added to list: 19559
name added to list: 19560
name added to list: 19561
name added to list: 19562
name added to list: 19563
name added to list: 19564
name added to list: 19565
name added to list: 19566
name added to list: 19567
name added to list: 19568
name added to list: 19569
name added to list: 19570
name added to list: 19571
name added to list: 19572
name added to list: 19573
name added to list: 19574
name added to list: 19575
name added to list: 19576
name added to list: 19577
name added to list: 19578
name added to list: 19579
name added to list: 19580
name added to list: 19581
name added to list: 19582
name added to list: 19583
name added to list: 19584
name added to list: 19585
name added to list: 19586
name added to list: 19587
name added to list: 19588
name added to list: 19589
name added to list: 19590
name added to list: 19591
name added to list: 19592
name added to list: 19593
name added to list: 19594
name added to list: 19595
name added to list: 19596
name added to list: 19597
name added to list: 19598
name added to list: 19599
name added to list: 19600
name added to list: 19601
name added to list: 19602
name added to list: 19603
name added to list: 19604
name added to list: 19605
name added to list: 19606
name added to list: 19607
name added to list: 19608
name added to list: 19609
name added to list: 19610
name added to list: 19611
name added to list: 19612
name added to list: 19613
name added to list: 19614
name added to list: 19615
name added to list: 19616
name added to list: 19617
name added to list: 19618
name added to list: 19619
name added to list: 19620
name added to list: 19621
name added to list: 19622
name added to list: 19623
name added to list: 19624
name added to list: 19625
name added to list: 19626
name added to list: 19627
name added to list: 19628
name added to list: 19629
name added to list: 19630
name added to list: 19631
name added to list: 19632
name added to list: 19633
name added to list: 19634
name added to list: 19635
name added to list: 19636
name added to list: 19637
name added to list: 19638
name added to list: 19639
name added to list: 19640
name added to list: 19641
name added to list: 19642
name added to list: 19643
name added to list: 19644
name added to list: 19645
name added to list: 19646
name added to list: 19647
name added to list: 19648
name added to list: 19649
name added to list: 19650
name added to list: 19651
name added to list: 19652
name added to list: 19653
name added to list: 19654
name added to list: 19655
name added to list: 19656
name added to list: 19657
name added to list: 19658
name added to list: 19659
name added to list: 19660
name added to list: 19661
name added to list: 19662
name added to list: 19663
name added to list: 19664
name added to list: 19665
name added to list: 19666
name added to list: 19667
name added to list: 19668
name added to list: 19669
name added to list: 19670
name added to list: 19671
name added to list: 19672
name added to list: 19673
name added to list: 19674
name added to list: 19675
name added to list: 19676
name added to list: 19677
name added to list: 19678
name added to list: 19679
name added to list: 19680
name added to list: 19681
name added to list: 19682
name added to list: 19683
name added to list: 19684
name added to list: 19685
name added to list: 19686
name added to list: 19687
name added to list: 19688
name added to list: 19689
name added to list: 19690
name added to list: 19691
name added to list: 19692
name added to list: 19693
name added to list: 19694
name added to list: 19695
name added to list: 19696
name added to list: 19697
name added to list: 19698
name added to list: 19699
name added to list: 19700
name added to list: 19701
name added to list: 19702
name added to list: 19703
name added to list: 19704
name added to list: 19705
name added to list: 19706
name added to list: 19707
name added to list: 19708
name added to list: 19709
name added to list: 19710
name added to list: 19711
name added to list: 19712
name added to list: 19713
name added to list: 19714
name added to list: 19715
name added to list: 19716
name added to list: 19717
name added to list: 19718
name added to list: 19719
name added to list: 19720
name added to list: 19721
name added to list: 19722
name added to list: 19723
name added to list: 19724
name added to list: 19725
name added to list: 19726
name added to list: 19727
name added to list: 19728
name added to list: 19729
name added to list: 19730
name added to list: 19731
name added to list: 19732
name added to list: 19733
name added to list: 19734
name added to list: 19735
name added to list: 19736
name added to list: 19737
name added to list: 19738
name added to list: 19739
name added to list: 19740
name added to list: 19741
name added to list: 19742
name added to list: 19743
name added to list: 19744
name added to list: 19745
name added to list: 19746
name added to list: 19747
name added to list: 19748
name added to list: 19749
name added to list: 19750
name added to list: 19751
name added to list: 19752
name added to list: 19753
name added to list: 19754
name added to list: 19755
name added to list: 19756
name added to list: 19757
name added to list: 19758
name added to list: 19759
name added to list: 19760
name added to list: 19761
name added to list: 19762
name added to list: 19763
name added to list: 19764
name added to list: 19765
name added to list: 19766
name added to list: 19767
name added to list: 19768
name added to list: 19769
name added to list: 19770
name added to list: 19771
name added to list: 19772
name added to list: 19773
name added to list: 19774
name added to list: 19775
name added to list: 19776
name added to list: 19777
name added to list: 19778
name added to list: 19779
name added to list: 19780
name added to list: 19781
name added to list: 19782
name added to list: 19783
name added to list: 19784
name added to list: 19785
name added to list: 19786
name added to list: 19787
name added to list: 19788
name added to list: 19789
name added to list: 19790
name added to list: 19791
name added to list: 19792
name added to list: 19793
name added to list: 19794
name added to list: 19795
name added to list: 19796
name added to list: 19797
name added to list: 19798
name added to list: 19799
name added to list: 19800
name added to list: 19801
name added to list: 19802
name added to list: 19803
name added to list: 19804
name added to list: 19805
name added to list: 19806
name added to list: 19807
name added to list: 19808
name added to list: 19809
name added to list: 19810
name added to list: 19811
name added to list: 19812
name added to list: 19813
name added to list: 19814
name added to list: 19815
name added to list: 19816
name added to list: 19817
name added to list: 19818
name added to list: 19819
name added to list: 19820
name added to list: 19821
name added to list: 19822
name added to list: 19823
name added to list: 19824
name added to list: 19825
name added to list: 19826
name added to list: 19827
name added to list: 19828
name added to list: 19829
name added to list: 19830
name added to list: 19831
name added to list: 19832
name added to list: 19833
name added to list: 19834
name added to list: 19835
name added to list: 19836
name added to list: 19837
name added to list: 19838
name added to list: 19839
name added to list: 19840
name added to list: 19841
name added to list: 19842
name added to list: 19843
name added to list: 19844
name added to list: 19845
name added to list: 19846
name added to list: 19847
name added to list: 19848
name added to list: 19849
name added to list: 19850
name added to list: 19851
name added to list: 19852
name added to list: 19853
name added to list: 19854
name added to list: 19855
name added to list: 19856
name added to list: 19857
name added to list: 19858
name added to list: 19859
name added to list: 19860
name added to list: 19861
name added to list: 19862
name added to list: 19863
name added to list: 19864
name added to list: 19865
name added to list: 19866
name added to list: 19867
name added to list: 19868
name added to list: 19869
name added to list: 19870
name added to list: 19871
name added to list: 19872
name added to list: 19873
name added to list: 19874
name added to list: 19875
name added to list: 19876
name added to list: 19877
name added to list: 19878
name added to list: 19879
name added to list: 19880
name added to list: 19881
name added to list: 19882
name added to list: 19883
name added to list: 19884
name added to list: 19885
name added to list: 19886
name added to list: 19887
name added to list: 19888
name added to list: 19889
name added to list: 19890
name added to list: 19891
name added to list: 19892
name added to list: 19893
name added to list: 19894
name added to list: 19895
name added to list: 19896
name added to list: 19897
name added to list: 19898
name added to list: 19899
name added to list: 19900
name added to list: 19901
name added to list: 19902
name added to list: 19903
name added to list: 19904
name added to list: 19905
name added to list: 19906
name added to list: 19907
name added to list: 19908
name added to list: 19909
name added to list: 19910
name added to list: 19911
name added to list: 19912
name added to list: 19913
name added to list: 19914
name added to list: 19915
name added to list: 19916
name added to list: 19917
name added to list: 19918
name added to list: 19919
name added to list: 19920
name added to list: 19921
name added to list: 19922
name added to list: 19923
name added to list: 19924
name added to list: 19925
name added to list: 19926
name added to list: 19927
name added to list: 19928
name added to list: 19929
name added to list: 19930
name added to list: 19931
name added to list: 19932
name added to list: 19933
name added to list: 19934
name added to list: 19935
name added to list: 19936
name added to list: 19937
name added to list: 19938
name added to list: 19939
name added to list: 19940
name added to list: 19941
name added to list: 19942
name added to list: 19943
name added to list: 19944
name added to list: 19945
name added to list: 19946
name added to list: 19947
name added to list: 19948
name added to list: 19949
name added to list: 19950
name added to list: 19951
name added to list: 19952
name added to list: 19953
name added to list: 19954
name added to list: 19955
name added to list: 19956
name added to list: 19957
name added to list: 19958
name added to list: 19959
name added to list: 19960
name added to list: 19961
name added to list: 19962
name added to list: 19963
name added to list: 19964
name added to list: 19965
name added to list: 19966
name added to list: 19967
name added to list: 19968
name added to list: 19969
name added to list: 19970
name added to list: 19971
name added to list: 19972
name added to list: 19973
name added to list: 19974
name added to list: 19975
name added to list: 19976
name added to list: 19977
name added to list: 19978
name added to list: 19979
name added to list: 19980
name added to list: 19981
name added to list: 19982
name added to list: 19983
name added to list: 19984
name added to list: 19985
name added to list: 19986
name added to list: 19987
name added to list: 19988
name added to list: 19989
name added to list: 19990
name added to list: 19991
name added to list: 19992
name added to list: 19993
name added to list: 19994
name added to list: 19995
name added to list: 19996
name added to list: 19997
name added to list: 19998
name added to list: 19999
name added to list: 20000
name added to list: 20001
name added to list: 20002
name added to list: 20003
name added to list: 20004
name added to list: 20005
name added to list: 20006
name added to list: 20007
name added to list: 20008
name added to list: 20009
name added to list: 20010
name added to list: 20011
name added to list: 20012
name added to list: 20013
name added to list: 20014
name added to list: 20015
name added to list: 20016
name added to list: 20017
name added to list: 20018
name added to list: 20019
name added to list: 20020
name added to list: 20021
name added to list: 20022
name added to list: 20023
name added to list: 20024
name added to list: 20025
name added to list: 20026
name added to list: 20027
name added to list: 20028
name added to list: 20029
name added to list: 20030
name added to list: 20031
name added to list: 20032
name added to list: 20033
name added to list: 20034
name added to list: 20035
name added to list: 20036
name added to list: 20037
name added to list: 20038
name added to list: 20039
name added to list: 20040
name added to list: 20041
name added to list: 20042
name added to list: 20043
name added to list: 20044
name added to list: 20045
name added to list: 20046
name added to list: 20047
name added to list: 20048
name added to list: 20049
name added to list: 20050
name added to list: 20051
name added to list: 20052
name added to list: 20053
name added to list: 20054
name added to list: 20055
name added to list: 20056
name added to list: 20057
name added to list: 20058
name added to list: 20059
name added to list: 20060
name added to list: 20061
name added to list: 20062
name added to list: 20063
name added to list: 20064
name added to list: 20065
name added to list: 20066
name added to list: 20067
name added to list: 20068
name added to list: 20069
name added to list: 20070
name added to list: 20071
name added to list: 20072
name added to list: 20073
name added to list: 20074
name added to list: 20075
name added to list: 20076
name added to list: 20077
name added to list: 20078
name added to list: 20079
name added to list: 20080
name added to list: 20081
name added to list: 20082
name added to list: 20083
name added to list: 20084
name added to list: 20085
name added to list: 20086
name added to list: 20087
name added to list: 20088
name added to list: 20089
name added to list: 20090
name added to list: 20091
name added to list: 20092
name added to list: 20093
name added to list: 20094
name added to list: 20095
name added to list: 20096
name added to list: 20097
name added to list: 20098
name added to list: 20099
name added to list: 20100
name added to list: 20101
name added to list: 20102
name added to list: 20103
name added to list: 20104
name added to list: 20105
name added to list: 20106
name added to list: 20107
name added to list: 20108
name added to list: 20109
name added to list: 20110
name added to list: 20111
name added to list: 20112
name added to list: 20113
name added to list: 20114
name added to list: 20115
name added to list: 20116
name added to list: 20117
name added to list: 20118
name added to list: 20119
name added to list: 20120
name added to list: 20121
name added to list: 20122
name added to list: 20123
name added to list: 20124
name added to list: 20125
name added to list: 20126
name added to list: 20127
name added to list: 20128
name added to list: 20129
name added to list: 20130
name added to list: 20131
name added to list: 20132
name added to list: 20133
name added to list: 20134
name added to list: 20135
name added to list: 20136
name added to list: 20137
name added to list: 20138
name added to list: 20139
name added to list: 20140
name added to list: 20141
name added to list: 20142
name added to list: 20143
name added to list: 20144
name added to list: 20145
name added to list: 20146
name added to list: 20147
name added to list: 20148
name added to list: 20149
name added to list: 20150
name added to list: 20151
name added to list: 20152
name added to list: 20153
name added to list: 20154
name added to list: 20155
name added to list: 20156
name added to list: 20157
name added to list: 20158
name added to list: 20159
name added to list: 20160
name added to list: 20161
name added to list: 20162
name added to list: 20163
name added to list: 20164
name added to list: 20165
name added to list: 20166
name added to list: 20167
name added to list: 20168
name added to list: 20169
name added to list: 20170
name added to list: 20171
name added to list: 20172
name added to list: 20173
name added to list: 20174
name added to list: 20175
name added to list: 20176
name added to list: 20177
name added to list: 20178
name added to list: 20179
name added to list: 20180
name added to list: 20181
name added to list: 20182
name added to list: 20183
name added to list: 20184
name added to list: 20185
name added to list: 20186
name added to list: 20187
name added to list: 20188
name added to list: 20189
name added to list: 20190
name added to list: 20191
name added to list: 20192
name added to list: 20193
name added to list: 20194
name added to list: 20195
name added to list: 20196
name added to list: 20197
name added to list: 20198
name added to list: 20199
name added to list: 20200
name added to list: 20201
name added to list: 20202
name added to list: 20203
name added to list: 20204
name added to list: 20205
name added to list: 20206
name added to list: 20207
name added to list: 20208
name added to list: 20209
name added to list: 20210
name added to list: 20211
name added to list: 20212
name added to list: 20213
name added to list: 20214
name added to list: 20215
name added to list: 20216
name added to list: 20217
name added to list: 20218
name added to list: 20219
name added to list: 20220
name added to list: 20221
name added to list: 20222
name added to list: 20223
name added to list: 20224
name added to list: 20225
name added to list: 20226
name added to list: 20227
name added to list: 20228
name added to list: 20229
name added to list: 20230
name added to list: 20231
name added to list: 20232
name added to list: 20233
name added to list: 20234
name added to list: 20235
name added to list: 20236
name added to list: 20237
name added to list: 20238
name added to list: 20239
name added to list: 20240
name added to list: 20241
name added to list: 20242
name added to list: 20243
name added to list: 20244
name added to list: 20245
name added to list: 20246
name added to list: 20247
name added to list: 20248
name added to list: 20249
name added to list: 20250
name added to list: 20251
name added to list: 20252
name added to list: 20253
name added to list: 20254
name added to list: 20255
name added to list: 20256
name added to list: 20257
name added to list: 20258
name added to list: 20259
name added to list: 20260
name added to list: 20261
name added to list: 20262
name added to list: 20263
name added to list: 20264
name added to list: 20265
name added to list: 20266
name added to list: 20267
name added to list: 20268
name added to list: 20269
name added to list: 20270
name added to list: 20271
name added to list: 20272
name added to list: 20273
name added to list: 20274
name added to list: 20275
name added to list: 20276
name added to list: 20277
name added to list: 20278
name added to list: 20279
name added to list: 20280
name added to list: 20281
name added to list: 20282
name added to list: 20283
name added to list: 20284
name added to list: 20285
name added to list: 20286
name added to list: 20287
name added to list: 20288
name added to list: 20289
name added to list: 20290
name added to list: 20291
name added to list: 20292
name added to list: 20293
name added to list: 20294
name added to list: 20295
name added to list: 20296
name added to list: 20297
name added to list: 20298
name added to list: 20299
name added to list: 20300
name added to list: 20301
name added to list: 20302
name added to list: 20303
name added to list: 20304
name added to list: 20305
name added to list: 20306
name added to list: 20307
name added to list: 20308
name added to list: 20309
name added to list: 20310
name added to list: 20311
name added to list: 20312
name added to list: 20313
name added to list: 20314
name added to list: 20315
name added to list: 20316
name added to list: 20317
name added to list: 20318
name added to list: 20319
name added to list: 20320
name added to list: 20321
name added to list: 20322
name added to list: 20323
name added to list: 20324
name added to list: 20325
name added to list: 20326
name added to list: 20327
name added to list: 20328
name added to list: 20329
name added to list: 20330
name added to list: 20331
name added to list: 20332
name added to list: 20333
name added to list: 20334
name added to list: 20335
name added to list: 20336
name added to list: 20337
name added to list: 20338
name added to list: 20339
name added to list: 20340
name added to list: 20341
name added to list: 20342
name added to list: 20343
name added to list: 20344
name added to list: 20345
name added to list: 20346
name added to list: 20347
name added to list: 20348
name added to list: 20349
name added to list: 20350
name added to list: 20351
name added to list: 20352
name added to list: 20353
name added to list: 20354
name added to list: 20355
name added to list: 20356
name added to list: 20357
name added to list: 20358
name added to list: 20359
name added to list: 20360
name added to list: 20361
name added to list: 20362
name added to list: 20363
name added to list: 20364
name added to list: 20365
name added to list: 20366
name added to list: 20367
name added to list: 20368
name added to list: 20369
name added to list: 20370
name added to list: 20371
name added to list: 20372
name added to list: 20373
name added to list: 20374
name added to list: 20375
name added to list: 20376
name added to list: 20377
name added to list: 20378
name added to list: 20379
name added to list: 20380
name added to list: 20381
name added to list: 20382
name added to list: 20383
name added to list: 20384
name added to list: 20385
name added to list: 20386
name added to list: 20387
name added to list: 20388
name added to list: 20389
name added to list: 20390
name added to list: 20391
name added to list: 20392
name added to list: 20393
name added to list: 20394
name added to list: 20395
name added to list: 20396
name added to list: 20397
name added to list: 20398
name added to list: 20399
name added to list: 20400
name added to list: 20401
name added to list: 20402
name added to list: 20403
name added to list: 20404
name added to list: 20405
name added to list: 20406
name added to list: 20407
name added to list: 20408
name added to list: 20409
name added to list: 20410
name added to list: 20411
name added to list: 20412
name added to list: 20413
name added to list: 20414
name added to list: 20415
name added to list: 20416
name added to list: 20417
name added to list: 20418
name added to list: 20419
name added to list: 20420
name added to list: 20421
name added to list: 20422
name added to list: 20423
name added to list: 20424
name added to list: 20425
name added to list: 20426
name added to list: 20427
name added to list: 20428
name added to list: 20429
name added to list: 20430
name added to list: 20431
name added to list: 20432
name added to list: 20433
name added to list: 20434
name added to list: 20435
name added to list: 20436
name added to list: 20437
name added to list: 20438
name added to list: 20439
name added to list: 20440
name added to list: 20441
name added to list: 20442
name added to list: 20443
name added to list: 20444
name added to list: 20445
name added to list: 20446
name added to list: 20447
name added to list: 20448
name added to list: 20449
name added to list: 20450
name added to list: 20451
name added to list: 20452
name added to list: 20453
name added to list: 20454
name added to list: 20455
name added to list: 20456
name added to list: 20457
name added to list: 20458
name added to list: 20459
name added to list: 20460
name added to list: 20461
name added to list: 20462
name added to list: 20463
name added to list: 20464
name added to list: 20465
name added to list: 20466
name added to list: 20467
name added to list: 20468
name added to list: 20469
name added to list: 20470
name added to list: 20471
name added to list: 20472
name added to list: 20473
name added to list: 20474
name added to list: 20475
name added to list: 20476
name added to list: 20477
name added to list: 20478
name added to list: 20479
name added to list: 20480
name added to list: 20481
name added to list: 20482
name added to list: 20483
name added to list: 20484
name added to list: 20485
name added to list: 20486
name added to list: 20487
name added to list: 20488
name added to list: 20489
name added to list: 20490
name added to list: 20491
name added to list: 20492
name added to list: 20493
name added to list: 20494
name added to list: 20495
name added to list: 20496
name added to list: 20497
name added to list: 20498
name added to list: 20499
name added to list: 20500
name added to list: 20501
name added to list: 20502
name added to list: 20503
name added to list: 20504
name added to list: 20505
name added to list: 20506
name added to list: 20507
name added to list: 20508
name added to list: 20509
name added to list: 20510
name added to list: 20511
name added to list: 20512
name added to list: 20513
name added to list: 20514
name added to list: 20515
name added to list: 20516
name added to list: 20517
name added to list: 20518
name added to list: 20519
name added to list: 20520
name added to list: 20521
name added to list: 20522
name added to list: 20523
name added to list: 20524
name added to list: 20525
name added to list: 20526
name added to list: 20527
name added to list: 20528
name added to list: 20529
name added to list: 20530
name added to list: 20531
name added to list: 20532
name added to list: 20533
name added to list: 20534
name added to list: 20535
name added to list: 20536
name added to list: 20537
name added to list: 20538
name added to list: 20539
name added to list: 20540
name added to list: 20541
name added to list: 20542
name added to list: 20543
name added to list: 20544
name added to list: 20545
name added to list: 20546
name added to list: 20547
name added to list: 20548
name added to list: 20549
name added to list: 20550
name added to list: 20551
name added to list: 20552
name added to list: 20553
name added to list: 20554
name added to list: 20555
name added to list: 20556
name added to list: 20557
name added to list: 20558
name added to list: 20559
name added to list: 20560
name added to list: 20561
name added to list: 20562
name added to list: 20563
name added to list: 20564
name added to list: 20565
name added to list: 20566
name added to list: 20567
name added to list: 20568
name added to list: 20569
name added to list: 20570
name added to list: 20571
name added to list: 20572
name added to list: 20573
name added to list: 20574
name added to list: 20575
name added to list: 20576
name added to list: 20577
name added to list: 20578
name added to list: 20579
name added to list: 20580
name added to list: 20581
name added to list: 20582
name added to list: 20583
name added to list: 20584
name added to list: 20585
name added to list: 20586
name added to list: 20587
name added to list: 20588
name added to list: 20589
name added to list: 20590
name added to list: 20591
name added to list: 20592
name added to list: 20593
name added to list: 20594
name added to list: 20595
name added to list: 20596
name added to list: 20597
name added to list: 20598
name added to list: 20599
name added to list: 20600
name added to list: 20601
name added to list: 20602
name added to list: 20603
name added to list: 20604
name added to list: 20605
name added to list: 20606
name added to list: 20607
name added to list: 20608
name added to list: 20609
name added to list: 20610
name added to list: 20611
name added to list: 20612
name added to list: 20613
name added to list: 20614
name added to list: 20615
name added to list: 20616
name added to list: 20617
name added to list: 20618
name added to list: 20619
name added to list: 20620
name added to list: 20621
name added to list: 20622
name added to list: 20623
name added to list: 20624
name added to list: 20625
name added to list: 20626
name added to list: 20627
name added to list: 20628
name added to list: 20629
name added to list: 20630
name added to list: 20631
name added to list: 20632
name added to list: 20633
name added to list: 20634
name added to list: 20635
name added to list: 20636
name added to list: 20637
name added to list: 20638
name added to list: 20639
name added to list: 20640
name added to list: 20641
name added to list: 20642
name added to list: 20643
name added to list: 20644
name added to list: 20645
name added to list: 20646
name added to list: 20647
name added to list: 20648
name added to list: 20649
name added to list: 20650
name added to list: 20651
name added to list: 20652
name added to list: 20653
name added to list: 20654
name added to list: 20655
name added to list: 20656
name added to list: 20657
name added to list: 20658
name added to list: 20659
name added to list: 20660
name added to list: 20661
name added to list: 20662
name added to list: 20663
name added to list: 20664
name added to list: 20665
name added to list: 20666
name added to list: 20667
name added to list: 20668
name added to list: 20669
name added to list: 20670
name added to list: 20671
name added to list: 20672
name added to list: 20673
name added to list: 20674
name added to list: 20675
name added to list: 20676
name added to list: 20677
name added to list: 20678
name added to list: 20679
name added to list: 20680
name added to list: 20681
name added to list: 20682
name added to list: 20683
name added to list: 20684
name added to list: 20685
name added to list: 20686
name added to list: 20687
name added to list: 20688
name added to list: 20689
name added to list: 20690
name added to list: 20691
name added to list: 20692
name added to list: 20693
name added to list: 20694
name added to list: 20695
name added to list: 20696
name added to list: 20697
name added to list: 20698
name added to list: 20699
name added to list: 20700
name added to list: 20701
name added to list: 20702
name added to list: 20703
name added to list: 20704
name added to list: 20705
name added to list: 20706
name added to list: 20707
name added to list: 20708
name added to list: 20709
name added to list: 20710
name added to list: 20711
name added to list: 20712
name added to list: 20713
name added to list: 20714
name added to list: 20715
name added to list: 20716
name added to list: 20717
name added to list: 20718
name added to list: 20719
name added to list: 20720
name added to list: 20721
name added to list: 20722
name added to list: 20723
name added to list: 20724
name added to list: 20725
name added to list: 20726
name added to list: 20727
name added to list: 20728
name added to list: 20729
name added to list: 20730
name added to list: 20731
name added to list: 20732
name added to list: 20733
name added to list: 20734
name added to list: 20735
name added to list: 20736
name added to list: 20737
name added to list: 20738
name added to list: 20739
name added to list: 20740
name added to list: 20741
name added to list: 20742
name added to list: 20743
name added to list: 20744
name added to list: 20745
name added to list: 20746
name added to list: 20747
name added to list: 20748
name added to list: 20749
name added to list: 20750
name added to list: 20751
name added to list: 20752
name added to list: 20753
name added to list: 20754
name added to list: 20755
name added to list: 20756
name added to list: 20757
name added to list: 20758
name added to list: 20759
name added to list: 20760
name added to list: 20761
name added to list: 20762
name added to list: 20763
name added to list: 20764
name added to list: 20765
name added to list: 20766
name added to list: 20767
name added to list: 20768
name added to list: 20769
name added to list: 20770
name added to list: 20771
name added to list: 20772
name added to list: 20773
name added to list: 20774
name added to list: 20775
name added to list: 20776
name added to list: 20777
name added to list: 20778
name added to list: 20779
name added to list: 20780
name added to list: 20781
name added to list: 20782
name added to list: 20783
name added to list: 20784
name added to list: 20785
name added to list: 20786
name added to list: 20787
name added to list: 20788
name added to list: 20789
name added to list: 20790
name added to list: 20791
name added to list: 20792
name added to list: 20793
name added to list: 20794
name added to list: 20795
name added to list: 20796
name added to list: 20797
name added to list: 20798
name added to list: 20799
name added to list: 20800
name added to list: 20801
name added to list: 20802
name added to list: 20803
name added to list: 20804
name added to list: 20805
name added to list: 20806
name added to list: 20807
name added to list: 20808
name added to list: 20809
name added to list: 20810
name added to list: 20811
name added to list: 20812
name added to list: 20813
name added to list: 20814
name added to list: 20815
name added to list: 20816
name added to list: 20817
name added to list: 20818
name added to list: 20819
name added to list: 20820
name added to list: 20821
name added to list: 20822
name added to list: 20823
name added to list: 20824
name added to list: 20825
name added to list: 20826
name added to list: 20827
name added to list: 20828
name added to list: 20829
name added to list: 20830
name added to list: 20831
name added to list: 20832
name added to list: 20833
name added to list: 20834
name added to list: 20835
name added to list: 20836
name added to list: 20837
name added to list: 20838
name added to list: 20839
name added to list: 20840
name added to list: 20841
name added to list: 20842
name added to list: 20843
name added to list: 20844
name added to list: 20845
name added to list: 20846
name added to list: 20847
name added to list: 20848
name added to list: 20849
name added to list: 20850
name added to list: 20851
name added to list: 20852
name added to list: 20853
name added to list: 20854
name added to list: 20855
name added to list: 20856
name added to list: 20857
name added to list: 20858
name added to list: 20859
name added to list: 20860
name added to list: 20861
name added to list: 20862
name added to list: 20863
name added to list: 20864
name added to list: 20865
name added to list: 20866
name added to list: 20867
name added to list: 20868
name added to list: 20869
name added to list: 20870
name added to list: 20871
name added to list: 20872
name added to list: 20873
name added to list: 20874
name added to list: 20875
name added to list: 20876
name added to list: 20877
name added to list: 20878
name added to list: 20879
name added to list: 20880
name added to list: 20881
name added to list: 20882
name added to list: 20883
name added to list: 20884
name added to list: 20885
name added to list: 20886
name added to list: 20887
name added to list: 20888
name added to list: 20889
name added to list: 20890
name added to list: 20891
name added to list: 20892
name added to list: 20893
name added to list: 20894
name added to list: 20895
name added to list: 20896
name added to list: 20897
name added to list: 20898
name added to list: 20899
name added to list: 20900
name added to list: 20901
name added to list: 20902
name added to list: 20903
name added to list: 20904
name added to list: 20905
name added to list: 20906
name added to list: 20907
name added to list: 20908
name added to list: 20909
name added to list: 20910
name added to list: 20911
name added to list: 20912
name added to list: 20913
name added to list: 20914
name added to list: 20915
name added to list: 20916
name added to list: 20917
name added to list: 20918
name added to list: 20919
name added to list: 20920
name added to list: 20921
name added to list: 20922
name added to list: 20923
name added to list: 20924
name added to list: 20925
name added to list: 20926
name added to list: 20927
name added to list: 20928
name added to list: 20929
name added to list: 20930
name added to list: 20931
name added to list: 20932
name added to list: 20933
name added to list: 20934
name added to list: 20935
name added to list: 20936
name added to list: 20937
name added to list: 20938
name added to list: 20939
name added to list: 20940
name added to list: 20941
name added to list: 20942
name added to list: 20943
name added to list: 20944
name added to list: 20945
name added to list: 20946
name added to list: 20947
name added to list: 20948
name added to list: 20949
name added to list: 20950
name added to list: 20951
name added to list: 20952
name added to list: 20953
name added to list: 20954
name added to list: 20955
name added to list: 20956
name added to list: 20957
name added to list: 20958
name added to list: 20959
name added to list: 20960
name added to list: 20961
name added to list: 20962
name added to list: 20963
name added to list: 20964
name added to list: 20965
name added to list: 20966
name added to list: 20967
name added to list: 20968
name added to list: 20969
name added to list: 20970
name added to list: 20971
name added to list: 20972
name added to list: 20973
name added to list: 20974
name added to list: 20975
name added to list: 20976
name added to list: 20977
name added to list: 20978
name added to list: 20979
name added to list: 20980
name added to list: 20981
name added to list: 20982
name added to list: 20983
name added to list: 20984
name added to list: 20985
name added to list: 20986
name added to list: 20987
name added to list: 20988
name added to list: 20989
name added to list: 20990
name added to list: 20991
name added to list: 20992
name added to list: 20993
name added to list: 20994
name added to list: 20995
name added to list: 20996
name added to list: 20997
name added to list: 20998
name added to list: 20999
name added to list: 21000
name added to list: 21001
name added to list: 21002
name added to list: 21003
name added to list: 21004
name added to list: 21005
name added to list: 21006
name added to list: 21007
name added to list: 21008
name added to list: 21009
name added to list: 21010
name added to list: 21011
name added to list: 21012
name added to list: 21013
name added to list: 21014
name added to list: 21015
name added to list: 21016
name added to list: 21017
name added to list: 21018
name added to list: 21019
name added to list: 21020
name added to list: 21021
name added to list: 21022
name added to list: 21023
name added to list: 21024
name added to list: 21025
name added to list: 21026
name added to list: 21027
name added to list: 21028
name added to list: 21029
name added to list: 21030
name added to list: 21031
name added to list: 21032
name added to list: 21033
name added to list: 21034
name added to list: 21035
name added to list: 21036
name added to list: 21037
name added to list: 21038
name added to list: 21039
name added to list: 21040
name added to list: 21041
name added to list: 21042
name added to list: 21043
name added to list: 21044
name added to list: 21045
name added to list: 21046
name added to list: 21047
name added to list: 21048
name added to list: 21049
name added to list: 21050
name added to list: 21051
name added to list: 21052
name added to list: 21053
name added to list: 21054
name added to list: 21055
name added to list: 21056
name added to list: 21057
name added to list: 21058
name added to list: 21059
name added to list: 21060
name added to list: 21061
name added to list: 21062
name added to list: 21063
name added to list: 21064
name added to list: 21065
name added to list: 21066
name added to list: 21067
name added to list: 21068
name added to list: 21069
name added to list: 21070
name added to list: 21071
name added to list: 21072
name added to list: 21073
name added to list: 21074
name added to list: 21075
name added to list: 21076
name added to list: 21077
name added to list: 21078
name added to list: 21079
name added to list: 21080
name added to list: 21081
name added to list: 21082
name added to list: 21083
name added to list: 21084
name added to list: 21085
name added to list: 21086
name added to list: 21087
name added to list: 21088
name added to list: 21089
name added to list: 21090
name added to list: 21091
name added to list: 21092
name added to list: 21093
name added to list: 21094
name added to list: 21095
name added to list: 21096
name added to list: 21097
name added to list: 21098
name added to list: 21099
name added to list: 21100
name added to list: 21101
name added to list: 21102
name added to list: 21103
name added to list: 21104
name added to list: 21105
name added to list: 21106
name added to list: 21107
name added to list: 21108
name added to list: 21109
name added to list: 21110
name added to list: 21111
name added to list: 21112
name added to list: 21113
name added to list: 21114
name added to list: 21115
name added to list: 21116
name added to list: 21117
name added to list: 21118
name added to list: 21119
name added to list: 21120
name added to list: 21121
name added to list: 21122
name added to list: 21123
name added to list: 21124
name added to list: 21125
name added to list: 21126
name added to list: 21127
name added to list: 21128
name added to list: 21129
name added to list: 21130
name added to list: 21131
name added to list: 21132
name added to list: 21133
name added to list: 21134
name added to list: 21135
name added to list: 21136
name added to list: 21137
name added to list: 21138
name added to list: 21139
name added to list: 21140
name added to list: 21141
name added to list: 21142
name added to list: 21143
name added to list: 21144
name added to list: 21145
name added to list: 21146
name added to list: 21147
name added to list: 21148
name added to list: 21149
name added to list: 21150
name added to list: 21151
name added to list: 21152
name added to list: 21153
name added to list: 21154
name added to list: 21155
name added to list: 21156
name added to list: 21157
name added to list: 21158
name added to list: 21159
name added to list: 21160
name added to list: 21161
name added to list: 21162
name added to list: 21163
name added to list: 21164
name added to list: 21165
name added to list: 21166
name added to list: 21167
name added to list: 21168
name added to list: 21169
name added to list: 21170
name added to list: 21171
name added to list: 21172
name added to list: 21173
name added to list: 21174
name added to list: 21175
name added to list: 21176
name added to list: 21177
name added to list: 21178
name added to list: 21179
name added to list: 21180
name added to list: 21181
name added to list: 21182
name added to list: 21183
name added to list: 21184
name added to list: 21185
name added to list: 21186
name added to list: 21187
name added to list: 21188
name added to list: 21189
name added to list: 21190
name added to list: 21191
name added to list: 21192
name added to list: 21193
name added to list: 21194
name added to list: 21195
name added to list: 21196
name added to list: 21197
name added to list: 21198
name added to list: 21199
name added to list: 21200
name added to list: 21201
name added to list: 21202
name added to list: 21203
name added to list: 21204
name added to list: 21205
name added to list: 21206
name added to list: 21207
name added to list: 21208
name added to list: 21209
name added to list: 21210
name added to list: 21211
name added to list: 21212
name added to list: 21213
name added to list: 21214
name added to list: 21215
name added to list: 21216
name added to list: 21217
name added to list: 21218
name added to list: 21219
name added to list: 21220
name added to list: 21221
name added to list: 21222
name added to list: 21223
name added to list: 21224
name added to list: 21225
name added to list: 21226
name added to list: 21227
name added to list: 21228
name added to list: 21229
name added to list: 21230
name added to list: 21231
name added to list: 21232
name added to list: 21233
name added to list: 21234
name added to list: 21235
name added to list: 21236
name added to list: 21237
name added to list: 21238
name added to list: 21239
name added to list: 21240
name added to list: 21241
name added to list: 21242
name added to list: 21243
name added to list: 21244
name added to list: 21245
name added to list: 21246
name added to list: 21247
name added to list: 21248
name added to list: 21249
name added to list: 21250
name added to list: 21251
name added to list: 21252
name added to list: 21253
name added to list: 21254
name added to list: 21255
name added to list: 21256
name added to list: 21257
name added to list: 21258
name added to list: 21259
name added to list: 21260
name added to list: 21261
name added to list: 21262
name added to list: 21263
name added to list: 21264
name added to list: 21265
name added to list: 21266
name added to list: 21267
name added to list: 21268
name added to list: 21269
name added to list: 21270
name added to list: 21271
name added to list: 21272
name added to list: 21273
name added to list: 21274
name added to list: 21275
name added to list: 21276
name added to list: 21277
name added to list: 21278
name added to list: 21279
name added to list: 21280
name added to list: 21281
name added to list: 21282
name added to list: 21283
name added to list: 21284
name added to list: 21285
name added to list: 21286
name added to list: 21287
name added to list: 21288
name added to list: 21289
name added to list: 21290
name added to list: 21291
name added to list: 21292
name added to list: 21293
name added to list: 21294
name added to list: 21295
name added to list: 21296
name added to list: 21297
name added to list: 21298
name added to list: 21299
name added to list: 21300
name added to list: 21301
name added to list: 21302
name added to list: 21303
name added to list: 21304
name added to list: 21305
name added to list: 21306
name added to list: 21307
name added to list: 21308
name added to list: 21309
name added to list: 21310
name added to list: 21311
name added to list: 21312
name added to list: 21313
name added to list: 21314
name added to list: 21315
name added to list: 21316
name added to list: 21317
name added to list: 21318
name added to list: 21319
name added to list: 21320
name added to list: 21321
name added to list: 21322
name added to list: 21323
name added to list: 21324
name added to list: 21325
name added to list: 21326
name added to list: 21327
name added to list: 21328
name added to list: 21329
name added to list: 21330
name added to list: 21331
name added to list: 21332
name added to list: 21333
name added to list: 21334
name added to list: 21335
name added to list: 21336
name added to list: 21337
name added to list: 21338
name added to list: 21339
name added to list: 21340
name added to list: 21341
name added to list: 21342
name added to list: 21343
name added to list: 21344
name added to list: 21345
name added to list: 21346
name added to list: 21347
name added to list: 21348
name added to list: 21349
name added to list: 21350
name added to list: 21351
name added to list: 21352
name added to list: 21353
name added to list: 21354
name added to list: 21355
name added to list: 21356
name added to list: 21357
name added to list: 21358
name added to list: 21359
name added to list: 21360
name added to list: 21361
name added to list: 21362
name added to list: 21363
name added to list: 21364
name added to list: 21365
name added to list: 21366
name added to list: 21367
name added to list: 21368
name added to list: 21369
name added to list: 21370
name added to list: 21371
name added to list: 21372
name added to list: 21373
name added to list: 21374
name added to list: 21375
name added to list: 21376
name added to list: 21377
name added to list: 21378
name added to list: 21379
name added to list: 21380
name added to list: 21381
name added to list: 21382
name added to list: 21383
name added to list: 21384
name added to list: 21385
name added to list: 21386
name added to list: 21387
name added to list: 21388
name added to list: 21389
name added to list: 21390
name added to list: 21391
name added to list: 21392
name added to list: 21393
name added to list: 21394
name added to list: 21395
name added to list: 21396
name added to list: 21397
name added to list: 21398
name added to list: 21399
name added to list: 21400
name added to list: 21401
name added to list: 21402
name added to list: 21403
name added to list: 21404
name added to list: 21405
name added to list: 21406
name added to list: 21407
name added to list: 21408
name added to list: 21409
name added to list: 21410
name added to list: 21411
name added to list: 21412
name added to list: 21413
name added to list: 21414
name added to list: 21415
name added to list: 21416
name added to list: 21417
name added to list: 21418
name added to list: 21419
name added to list: 21420
name added to list: 21421
name added to list: 21422
name added to list: 21423
name added to list: 21424
name added to list: 21425
name added to list: 21426
name added to list: 21427
name added to list: 21428
name added to list: 21429
name added to list: 21430
name added to list: 21431
name added to list: 21432
name added to list: 21433
name added to list: 21434
name added to list: 21435
name added to list: 21436
name added to list: 21437
name added to list: 21438
name added to list: 21439
name added to list: 21440
name added to list: 21441
name added to list: 21442
name added to list: 21443
name added to list: 21444
name added to list: 21445
name added to list: 21446
name added to list: 21447
name added to list: 21448
name added to list: 21449
name added to list: 21450
name added to list: 21451
name added to list: 21452
name added to list: 21453
name added to list: 21454
name added to list: 21455
name added to list: 21456
name added to list: 21457
name added to list: 21458
name added to list: 21459
name added to list: 21460
name added to list: 21461
name added to list: 21462
name added to list: 21463
name added to list: 21464
name added to list: 21465
name added to list: 21466
name added to list: 21467
name added to list: 21468
name added to list: 21469
name added to list: 21470
name added to list: 21471
name added to list: 21472
name added to list: 21473
name added to list: 21474
name added to list: 21475
name added to list: 21476
name added to list: 21477
name added to list: 21478
name added to list: 21479
name added to list: 21480
name added to list: 21481
name added to list: 21482
name added to list: 21483
name added to list: 21484
name added to list: 21485
name added to list: 21486
name added to list: 21487
name added to list: 21488
name added to list: 21489
name added to list: 21490
name added to list: 21491
name added to list: 21492
name added to list: 21493
name added to list: 21494
name added to list: 21495
name added to list: 21496
name added to list: 21497
name added to list: 21498
name added to list: 21499
name added to list: 21500
name added to list: 21501
name added to list: 21502
name added to list: 21503
name added to list: 21504
name added to list: 21505
name added to list: 21506
name added to list: 21507
name added to list: 21508
name added to list: 21509
name added to list: 21510
name added to list: 21511
name added to list: 21512
name added to list: 21513
name added to list: 21514
name added to list: 21515
name added to list: 21516
name added to list: 21517
name added to list: 21518
name added to list: 21519
name added to list: 21520
name added to list: 21521
name added to list: 21522
name added to list: 21523
name added to list: 21524
name added to list: 21525
name added to list: 21526
name added to list: 21527
name added to list: 21528
name added to list: 21529
name added to list: 21530
name added to list: 21531
name added to list: 21532
name added to list: 21533
name added to list: 21534
name added to list: 21535
name added to list: 21536
name added to list: 21537
name added to list: 21538
name added to list: 21539
name added to list: 21540
name added to list: 21541
name added to list: 21542
name added to list: 21543
name added to list: 21544
name added to list: 21545
name added to list: 21546
name added to list: 21547
name added to list: 21548
name added to list: 21549
name added to list: 21550
name added to list: 21551
name added to list: 21552
name added to list: 21553
name added to list: 21554
name added to list: 21555
name added to list: 21556
name added to list: 21557
name added to list: 21558
name added to list: 21559
name added to list: 21560
name added to list: 21561
name added to list: 21562
name added to list: 21563
name added to list: 21564
name added to list: 21565
name added to list: 21566
name added to list: 21567
name added to list: 21568
name added to list: 21569
name added to list: 21570
name added to list: 21571
name added to list: 21572
name added to list: 21573
name added to list: 21574
name added to list: 21575
name added to list: 21576
name added to list: 21577
name added to list: 21578
name added to list: 21579
name added to list: 21580
name added to list: 21581
name added to list: 21582
name added to list: 21583
name added to list: 21584
name added to list: 21585
name added to list: 21586
name added to list: 21587
name added to list: 21588
name added to list: 21589
name added to list: 21590
name added to list: 21591
name added to list: 21592
name added to list: 21593
name added to list: 21594
name added to list: 21595
name added to list: 21596
name added to list: 21597
name added to list: 21598
name added to list: 21599
name added to list: 21600
name added to list: 21601
name added to list: 21602
name added to list: 21603
name added to list: 21604
name added to list: 21605
name added to list: 21606
name added to list: 21607
name added to list: 21608
name added to list: 21609
name added to list: 21610
name added to list: 21611
name added to list: 21612
name added to list: 21613
name added to list: 21614
name added to list: 21615
name added to list: 21616
name added to list: 21617
name added to list: 21618
name added to list: 21619
name added to list: 21620
name added to list: 21621
name added to list: 21622
name added to list: 21623
name added to list: 21624
name added to list: 21625
name added to list: 21626
name added to list: 21627
name added to list: 21628
name added to list: 21629
name added to list: 21630
name added to list: 21631
name added to list: 21632
name added to list: 21633
name added to list: 21634
name added to list: 21635
name added to list: 21636
name added to list: 21637
name added to list: 21638
name added to list: 21639
name added to list: 21640
name added to list: 21641
name added to list: 21642
name added to list: 21643
name added to list: 21644
name added to list: 21645
name added to list: 21646
name added to list: 21647
name added to list: 21648
name added to list: 21649
name added to list: 21650
name added to list: 21651
name added to list: 21652
name added to list: 21653
name added to list: 21654
name added to list: 21655
name added to list: 21656
name added to list: 21657
name added to list: 21658
name added to list: 21659
name added to list: 21660
name added to list: 21661
name added to list: 21662
name added to list: 21663
name added to list: 21664
name added to list: 21665
name added to list: 21666
name added to list: 21667
name added to list: 21668
name added to list: 21669
name added to list: 21670
name added to list: 21671
name added to list: 21672
name added to list: 21673
name added to list: 21674
name added to list: 21675
name added to list: 21676
name added to list: 21677
name added to list: 21678
name added to list: 21679
name added to list: 21680
name added to list: 21681
name added to list: 21682
name added to list: 21683
name added to list: 21684
name added to list: 21685
name added to list: 21686
name added to list: 21687
name added to list: 21688
name added to list: 21689
name added to list: 21690
name added to list: 21691
name added to list: 21692
name added to list: 21693
name added to list: 21694
name added to list: 21695
name added to list: 21696
name added to list: 21697
name added to list: 21698
name added to list: 21699
name added to list: 21700
name added to list: 21701
name added to list: 21702
name added to list: 21703
name added to list: 21704
name added to list: 21705
name added to list: 21706
name added to list: 21707
name added to list: 21708
name added to list: 21709
name added to list: 21710
name added to list: 21711
name added to list: 21712
name added to list: 21713
name added to list: 21714
name added to list: 21715
name added to list: 21716
name added to list: 21717
name added to list: 21718
name added to list: 21719
name added to list: 21720
name added to list: 21721
name added to list: 21722
name added to list: 21723
name added to list: 21724
name added to list: 21725
name added to list: 21726
name added to list: 21727
name added to list: 21728
name added to list: 21729
name added to list: 21730
name added to list: 21731
name added to list: 21732
name added to list: 21733
name added to list: 21734
name added to list: 21735
name added to list: 21736
name added to list: 21737
name added to list: 21738
name added to list: 21739
name added to list: 21740
name added to list: 21741
name added to list: 21742
name added to list: 21743
name added to list: 21744
name added to list: 21745
name added to list: 21746
name added to list: 21747
name added to list: 21748
name added to list: 21749
name added to list: 21750
name added to list: 21751
name added to list: 21752
name added to list: 21753
name added to list: 21754
name added to list: 21755
name added to list: 21756
name added to list: 21757
name added to list: 21758
name added to list: 21759
name added to list: 21760
name added to list: 21761
name added to list: 21762
name added to list: 21763
name added to list: 21764
name added to list: 21765
name added to list: 21766
name added to list: 21767
name added to list: 21768
name added to list: 21769
name added to list: 21770
name added to list: 21771
name added to list: 21772
name added to list: 21773
name added to list: 21774
name added to list: 21775
name added to list: 21776
name added to list: 21777
name added to list: 21778
name added to list: 21779
name added to list: 21780
name added to list: 21781
name added to list: 21782
name added to list: 21783
name added to list: 21784
name added to list: 21785
name added to list: 21786
name added to list: 21787
name added to list: 21788
name added to list: 21789
name added to list: 21790
name added to list: 21791
name added to list: 21792
name added to list: 21793
name added to list: 21794
name added to list: 21795
name added to list: 21796
name added to list: 21797
name added to list: 21798
name added to list: 21799
name added to list: 21800
name added to list: 21801
name added to list: 21802
name added to list: 21803
name added to list: 21804
name added to list: 21805
name added to list: 21806
name added to list: 21807
name added to list: 21808
name added to list: 21809
name added to list: 21810
name added to list: 21811
name added to list: 21812
name added to list: 21813
name added to list: 21814
name added to list: 21815
name added to list: 21816
name added to list: 21817
name added to list: 21818
name added to list: 21819
name added to list: 21820
name added to list: 21821
name added to list: 21822
name added to list: 21823
name added to list: 21824
name added to list: 21825
name added to list: 21826
name added to list: 21827
name added to list: 21828
name added to list: 21829
name added to list: 21830
name added to list: 21831
name added to list: 21832
name added to list: 21833
name added to list: 21834
name added to list: 21835
name added to list: 21836
name added to list: 21837
name added to list: 21838
name added to list: 21839
name added to list: 21840
name added to list: 21841
name added to list: 21842
name added to list: 21843
name added to list: 21844
name added to list: 21845
name added to list: 21846
name added to list: 21847
name added to list: 21848
name added to list: 21849
name added to list: 21850
name added to list: 21851
name added to list: 21852
name added to list: 21853
name added to list: 21854
name added to list: 21855
name added to list: 21856
name added to list: 21857
name added to list: 21858
name added to list: 21859
name added to list: 21860
name added to list: 21861
name added to list: 21862
name added to list: 21863
name added to list: 21864
name added to list: 21865
name added to list: 21866
name added to list: 21867
name added to list: 21868
name added to list: 21869
name added to list: 21870
name added to list: 21871
name added to list: 21872
name added to list: 21873
name added to list: 21874
name added to list: 21875
name added to list: 21876
name added to list: 21877
name added to list: 21878
name added to list: 21879
name added to list: 21880
name added to list: 21881
name added to list: 21882
name added to list: 21883
name added to list: 21884
name added to list: 21885
name added to list: 21886
name added to list: 21887
name added to list: 21888
name added to list: 21889
name added to list: 21890
name added to list: 21891
name added to list: 21892
name added to list: 21893
name added to list: 21894
name added to list: 21895
name added to list: 21896
name added to list: 21897
name added to list: 21898
name added to list: 21899
name added to list: 21900
name added to list: 21901
name added to list: 21902
name added to list: 21903
name added to list: 21904
name added to list: 21905
name added to list: 21906
name added to list: 21907
name added to list: 21908
name added to list: 21909
name added to list: 21910
name added to list: 21911
name added to list: 21912
name added to list: 21913
name added to list: 21914
name added to list: 21915
name added to list: 21916
name added to list: 21917
name added to list: 21918
name added to list: 21919
name added to list: 21920
name added to list: 21921
name added to list: 21922
name added to list: 21923
name added to list: 21924
name added to list: 21925
name added to list: 21926
name added to list: 21927
name added to list: 21928
name added to list: 21929
name added to list: 21930
name added to list: 21931
name added to list: 21932
name added to list: 21933
name added to list: 21934
name added to list: 21935
name added to list: 21936
name added to list: 21937
name added to list: 21938
name added to list: 21939
name added to list: 21940
name added to list: 21941
name added to list: 21942
name added to list: 21943
name added to list: 21944
name added to list: 21945
name added to list: 21946
name added to list: 21947
name added to list: 21948
name added to list: 21949
name added to list: 21950
name added to list: 21951
name added to list: 21952
name added to list: 21953
name added to list: 21954
name added to list: 21955
name added to list: 21956
name added to list: 21957
name added to list: 21958
name added to list: 21959
name added to list: 21960
name added to list: 21961
name added to list: 21962
name added to list: 21963
name added to list: 21964
name added to list: 21965
name added to list: 21966
name added to list: 21967
name added to list: 21968
name added to list: 21969
name added to list: 21970
name added to list: 21971
name added to list: 21972
name added to list: 21973
name added to list: 21974
name added to list: 21975
name added to list: 21976
name added to list: 21977
name added to list: 21978
name added to list: 21979
name added to list: 21980
name added to list: 21981
name added to list: 21982
name added to list: 21983
name added to list: 21984
name added to list: 21985
name added to list: 21986
name added to list: 21987
name added to list: 21988
name added to list: 21989
name added to list: 21990
name added to list: 21991
name added to list: 21992
name added to list: 21993
name added to list: 21994
name added to list: 21995
name added to list: 21996
name added to list: 21997
name added to list: 21998
name added to list: 21999
name added to list: 22000
name added to list: 22001
name added to list: 22002
name added to list: 22003
name added to list: 22004
name added to list: 22005
name added to list: 22006
name added to list: 22007
name added to list: 22008
name added to list: 22009
name added to list: 22010
name added to list: 22011
name added to list: 22012
name added to list: 22013
name added to list: 22014
name added to list: 22015
name added to list: 22016
name added to list: 22017
name added to list: 22018
name added to list: 22019
name added to list: 22020
name added to list: 22021
name added to list: 22022
name added to list: 22023
name added to list: 22024
name added to list: 22025
name added to list: 22026
name added to list: 22027
name added to list: 22028
name added to list: 22029
name added to list: 22030
name added to list: 22031
name added to list: 22032
name added to list: 22033
name added to list: 22034
name added to list: 22035
name added to list: 22036
name added to list: 22037
name added to list: 22038
name added to list: 22039
name added to list: 22040
name added to list: 22041
name added to list: 22042
name added to list: 22043
name added to list: 22044
name added to list: 22045
name added to list: 22046
name added to list: 22047
name added to list: 22048
name added to list: 22049
name added to list: 22050
name added to list: 22051
name added to list: 22052
name added to list: 22053
name added to list: 22054
name added to list: 22055
name added to list: 22056
name added to list: 22057
name added to list: 22058
name added to list: 22059
name added to list: 22060
name added to list: 22061
name added to list: 22062
name added to list: 22063
name added to list: 22064
name added to list: 22065
name added to list: 22066
name added to list: 22067
name added to list: 22068
name added to list: 22069
name added to list: 22070
name added to list: 22071
name added to list: 22072
name added to list: 22073
name added to list: 22074
name added to list: 22075
name added to list: 22076
name added to list: 22077
name added to list: 22078
name added to list: 22079
name added to list: 22080
name added to list: 22081
name added to list: 22082
name added to list: 22083
name added to list: 22084
name added to list: 22085
name added to list: 22086
name added to list: 22087
name added to list: 22088
name added to list: 22089
name added to list: 22090
name added to list: 22091
name added to list: 22092
name added to list: 22093
name added to list: 22094
name added to list: 22095
name added to list: 22096
name added to list: 22097
name added to list: 22098
name added to list: 22099
name added to list: 22100
name added to list: 22101
name added to list: 22102
name added to list: 22103
name added to list: 22104
name added to list: 22105
name added to list: 22106
name added to list: 22107
name added to list: 22108
name added to list: 22109
name added to list: 22110
name added to list: 22111
name added to list: 22112
name added to list: 22113
name added to list: 22114
name added to list: 22115
name added to list: 22116
name added to list: 22117
name added to list: 22118
name added to list: 22119
name added to list: 22120
name added to list: 22121
name added to list: 22122
name added to list: 22123
name added to list: 22124
name added to list: 22125
name added to list: 22126
name added to list: 22127
name added to list: 22128
name added to list: 22129
name added to list: 22130
name added to list: 22131
name added to list: 22132
name added to list: 22133
name added to list: 22134
name added to list: 22135
name added to list: 22136
name added to list: 22137
name added to list: 22138
name added to list: 22139
name added to list: 22140
name added to list: 22141
name added to list: 22142
name added to list: 22143
name added to list: 22144
name added to list: 22145
name added to list: 22146
name added to list: 22147
name added to list: 22148
name added to list: 22149
name added to list: 22150
name added to list: 22151
name added to list: 22152
name added to list: 22153
name added to list: 22154
name added to list: 22155
name added to list: 22156
name added to list: 22157
name added to list: 22158
name added to list: 22159
name added to list: 22160
name added to list: 22161
name added to list: 22162
name added to list: 22163
name added to list: 22164
name added to list: 22165
name added to list: 22166
name added to list: 22167
name added to list: 22168
name added to list: 22169
name added to list: 22170
name added to list: 22171
name added to list: 22172
name added to list: 22173
name added to list: 22174
name added to list: 22175
name added to list: 22176
name added to list: 22177
name added to list: 22178
name added to list: 22179
name added to list: 22180
name added to list: 22181
name added to list: 22182
name added to list: 22183
name added to list: 22184
name added to list: 22185
name added to list: 22186
name added to list: 22187
name added to list: 22188
name added to list: 22189
name added to list: 22190
name added to list: 22191
name added to list: 22192
name added to list: 22193
name added to list: 22194
name added to list: 22195
name added to list: 22196
name added to list: 22197
name added to list: 22198
name added to list: 22199
name added to list: 22200
name added to list: 22201
name added to list: 22202
name added to list: 22203
name added to list: 22204
name added to list: 22205
name added to list: 22206
name added to list: 22207
name added to list: 22208
name added to list: 22209
name added to list: 22210
name added to list: 22211
name added to list: 22212
name added to list: 22213
name added to list: 22214
name added to list: 22215
name added to list: 22216
name added to list: 22217
name added to list: 22218
name added to list: 22219
name added to list: 22220
name added to list: 22221
name added to list: 22222
name added to list: 22223
name added to list: 22224
name added to list: 22225
name added to list: 22226
name added to list: 22227
name added to list: 22228
name added to list: 22229
name added to list: 22230
name added to list: 22231
name added to list: 22232
name added to list: 22233
name added to list: 22234
name added to list: 22235
name added to list: 22236
name added to list: 22237
name added to list: 22238
name added to list: 22239
name added to list: 22240
name added to list: 22241
name added to list: 22242
name added to list: 22243
name added to list: 22244
name added to list: 22245
name added to list: 22246
name added to list: 22247
name added to list: 22248
name added to list: 22249
name added to list: 22250
name added to list: 22251
name added to list: 22252
name added to list: 22253
name added to list: 22254
name added to list: 22255
name added to list: 22256
name added to list: 22257
name added to list: 22258
name added to list: 22259
name added to list: 22260
name added to list: 22261
name added to list: 22262
name added to list: 22263
name added to list: 22264
name added to list: 22265
name added to list: 22266
name added to list: 22267
name added to list: 22268
name added to list: 22269
name added to list: 22270
name added to list: 22271
name added to list: 22272
name added to list: 22273
name added to list: 22274
name added to list: 22275
name added to list: 22276
name added to list: 22277
name added to list: 22278
name added to list: 22279
name added to list: 22280
name added to list: 22281
name added to list: 22282
name added to list: 22283
name added to list: 22284
name added to list: 22285
name added to list: 22286
name added to list: 22287
name added to list: 22288
name added to list: 22289
name added to list: 22290
name added to list: 22291
name added to list: 22292
name added to list: 22293
name added to list: 22294
name added to list: 22295
name added to list: 22296
name added to list: 22297
name added to list: 22298
name added to list: 22299
name added to list: 22300
name added to list: 22301
name added to list: 22302
name added to list: 22303
name added to list: 22304
name added to list: 22305
name added to list: 22306
name added to list: 22307
name added to list: 22308
name added to list: 22309
name added to list: 22310
name added to list: 22311
name added to list: 22312
name added to list: 22313
name added to list: 22314
name added to list: 22315
name added to list: 22316
name added to list: 22317
name added to list: 22318
name added to list: 22319
name added to list: 22320
name added to list: 22321
name added to list: 22322
name added to list: 22323
name added to list: 22324
name added to list: 22325
name added to list: 22326
name added to list: 22327
name added to list: 22328
name added to list: 22329
name added to list: 22330
name added to list: 22331
name added to list: 22332
name added to list: 22333
name added to list: 22334
name added to list: 22335
name added to list: 22336
name added to list: 22337
name added to list: 22338
name added to list: 22339
name added to list: 22340
name added to list: 22341
name added to list: 22342
name added to list: 22343
name added to list: 22344
name added to list: 22345
name added to list: 22346
name added to list: 22347
name added to list: 22348
name added to list: 22349
name added to list: 22350
name added to list: 22351
name added to list: 22352
name added to list: 22353
name added to list: 22354
name added to list: 22355
name added to list: 22356
name added to list: 22357
name added to list: 22358
name added to list: 22359
name added to list: 22360
name added to list: 22361
name added to list: 22362
name added to list: 22363
name added to list: 22364
name added to list: 22365
name added to list: 22366
name added to list: 22367
name added to list: 22368
name added to list: 22369
name added to list: 22370
name added to list: 22371
name added to list: 22372
name added to list: 22373
name added to list: 22374
name added to list: 22375
name added to list: 22376
name added to list: 22377
name added to list: 22378
name added to list: 22379
name added to list: 22380
name added to list: 22381
name added to list: 22382
name added to list: 22383
name added to list: 22384
name added to list: 22385
name added to list: 22386
name added to list: 22387
name added to list: 22388
name added to list: 22389
name added to list: 22390
name added to list: 22391
name added to list: 22392
name added to list: 22393
name added to list: 22394
name added to list: 22395
name added to list: 22396
name added to list: 22397
name added to list: 22398
name added to list: 22399
name added to list: 22400
name added to list: 22401
name added to list: 22402
name added to list: 22403
name added to list: 22404
name added to list: 22405
name added to list: 22406
name added to list: 22407
name added to list: 22408
name added to list: 22409
name added to list: 22410
name added to list: 22411
name added to list: 22412
name added to list: 22413
name added to list: 22414
name added to list: 22415
name added to list: 22416
name added to list: 22417
name added to list: 22418
name added to list: 22419
name added to list: 22420
name added to list: 22421
name added to list: 22422
name added to list: 22423
name added to list: 22424
name added to list: 22425
name added to list: 22426
name added to list: 22427
name added to list: 22428
name added to list: 22429
name added to list: 22430
name added to list: 22431
name added to list: 22432
name added to list: 22433
name added to list: 22434
name added to list: 22435
name added to list: 22436
name added to list: 22437
name added to list: 22438
name added to list: 22439
name added to list: 22440
name added to list: 22441
name added to list: 22442
name added to list: 22443
name added to list: 22444
name added to list: 22445
name added to list: 22446
name added to list: 22447
name added to list: 22448
name added to list: 22449
name added to list: 22450
name added to list: 22451
name added to list: 22452
name added to list: 22453
name added to list: 22454
name added to list: 22455
name added to list: 22456
name added to list: 22457
name added to list: 22458
name added to list: 22459
name added to list: 22460
name added to list: 22461
name added to list: 22462
name added to list: 22463
name added to list: 22464
name added to list: 22465
name added to list: 22466
name added to list: 22467
name added to list: 22468
name added to list: 22469
name added to list: 22470
name added to list: 22471
name added to list: 22472
name added to list: 22473
name added to list: 22474
name added to list: 22475
name added to list: 22476
name added to list: 22477
name added to list: 22478
name added to list: 22479
name added to list: 22480
name added to list: 22481
name added to list: 22482
name added to list: 22483
name added to list: 22484
name added to list: 22485
name added to list: 22486
name added to list: 22487
name added to list: 22488
name added to list: 22489
name added to list: 22490
name added to list: 22491
name added to list: 22492
name added to list: 22493
name added to list: 22494
name added to list: 22495
name added to list: 22496
name added to list: 22497
name added to list: 22498
name added to list: 22499
name added to list: 22500
name added to list: 22501
name added to list: 22502
name added to list: 22503
name added to list: 22504
name added to list: 22505
name added to list: 22506
name added to list: 22507
name added to list: 22508
name added to list: 22509
name added to list: 22510
name added to list: 22511
name added to list: 22512
name added to list: 22513
name added to list: 22514
name added to list: 22515
name added to list: 22516
name added to list: 22517
name added to list: 22518
name added to list: 22519
name added to list: 22520
name added to list: 22521
name added to list: 22522
name added to list: 22523
name added to list: 22524
name added to list: 22525
name added to list: 22526
name added to list: 22527
name added to list: 22528
name added to list: 22529
name added to list: 22530
name added to list: 22531
name added to list: 22532
name added to list: 22533
name added to list: 22534
name added to list: 22535
name added to list: 22536
name added to list: 22537
name added to list: 22538
name added to list: 22539
name added to list: 22540
name added to list: 22541
name added to list: 22542
name added to list: 22543
name added to list: 22544
name added to list: 22545
name added to list: 22546
name added to list: 22547
name added to list: 22548
name added to list: 22549
name added to list: 22550
name added to list: 22551
name added to list: 22552
name added to list: 22553
name added to list: 22554
name added to list: 22555
name added to list: 22556
name added to list: 22557
name added to list: 22558
name added to list: 22559
name added to list: 22560
name added to list: 22561
name added to list: 22562
name added to list: 22563
name added to list: 22564
name added to list: 22565
name added to list: 22566
name added to list: 22567
name added to list: 22568
name added to list: 22569
name added to list: 22570
name added to list: 22571
name added to list: 22572
name added to list: 22573
name added to list: 22574
name added to list: 22575
name added to list: 22576
name added to list: 22577
name added to list: 22578
name added to list: 22579
name added to list: 22580
name added to list: 22581
name added to list: 22582
name added to list: 22583
name added to list: 22584
name added to list: 22585
name added to list: 22586
name added to list: 22587
name added to list: 22588
name added to list: 22589
name added to list: 22590
name added to list: 22591
name added to list: 22592
name added to list: 22593
name added to list: 22594
name added to list: 22595
name added to list: 22596
name added to list: 22597
name added to list: 22598
name added to list: 22599
name added to list: 22600
name added to list: 22601
name added to list: 22602
name added to list: 22603
name added to list: 22604
name added to list: 22605
name added to list: 22606
name added to list: 22607
name added to list: 22608
name added to list: 22609
name added to list: 22610
name added to list: 22611
name added to list: 22612
name added to list: 22613
name added to list: 22614
name added to list: 22615
name added to list: 22616
name added to list: 22617
name added to list: 22618
name added to list: 22619
name added to list: 22620
name added to list: 22621
name added to list: 22622
name added to list: 22623
name added to list: 22624
name added to list: 22625
name added to list: 22626
name added to list: 22627
name added to list: 22628
name added to list: 22629
name added to list: 22630
name added to list: 22631
name added to list: 22632
name added to list: 22633
name added to list: 22634
name added to list: 22635
name added to list: 22636
name added to list: 22637
name added to list: 22638
name added to list: 22639
name added to list: 22640
name added to list: 22641
name added to list: 22642
name added to list: 22643
name added to list: 22644
name added to list: 22645
name added to list: 22646
name added to list: 22647
name added to list: 22648
name added to list: 22649
name added to list: 22650
name added to list: 22651
name added to list: 22652
name added to list: 22653
name added to list: 22654
name added to list: 22655
name added to list: 22656
name added to list: 22657
name added to list: 22658
name added to list: 22659
name added to list: 22660
name added to list: 22661
name added to list: 22662
name added to list: 22663
name added to list: 22664
name added to list: 22665
name added to list: 22666
name added to list: 22667
name added to list: 22668
name added to list: 22669
name added to list: 22670
name added to list: 22671
name added to list: 22672
name added to list: 22673
name added to list: 22674
name added to list: 22675
name added to list: 22676
name added to list: 22677
name added to list: 22678
name added to list: 22679
name added to list: 22680
name added to list: 22681
name added to list: 22682
name added to list: 22683
name added to list: 22684
name added to list: 22685
name added to list: 22686
name added to list: 22687
name added to list: 22688
name added to list: 22689
name added to list: 22690
name added to list: 22691
name added to list: 22692
name added to list: 22693
name added to list: 22694
name added to list: 22695
name added to list: 22696
name added to list: 22697
name added to list: 22698
name added to list: 22699
name added to list: 22700
name added to list: 22701
name added to list: 22702
name added to list: 22703
name added to list: 22704
name added to list: 22705
name added to list: 22706
name added to list: 22707
name added to list: 22708
name added to list: 22709
name added to list: 22710
name added to list: 22711
name added to list: 22712
name added to list: 22713
name added to list: 22714
name added to list: 22715
name added to list: 22716
name added to list: 22717
name added to list: 22718
name added to list: 22719
name added to list: 22720
name added to list: 22721
name added to list: 22722
name added to list: 22723
name added to list: 22724
name added to list: 22725
name added to list: 22726
name added to list: 22727
name added to list: 22728
name added to list: 22729
name added to list: 22730
name added to list: 22731
name added to list: 22732
name added to list: 22733
name added to list: 22734
name added to list: 22735
name added to list: 22736
name added to list: 22737
name added to list: 22738
name added to list: 22739
name added to list: 22740
name added to list: 22741
name added to list: 22742
name added to list: 22743
name added to list: 22744
name added to list: 22745
name added to list: 22746
name added to list: 22747
name added to list: 22748
name added to list: 22749
name added to list: 22750
name added to list: 22751
name added to list: 22752
name added to list: 22753
name added to list: 22754
name added to list: 22755
name added to list: 22756
name added to list: 22757
name added to list: 22758
name added to list: 22759
name added to list: 22760
name added to list: 22761
name added to list: 22762
name added to list: 22763
name added to list: 22764
name added to list: 22765
name added to list: 22766
name added to list: 22767
name added to list: 22768
name added to list: 22769
name added to list: 22770
name added to list: 22771
name added to list: 22772
name added to list: 22773
name added to list: 22774
name added to list: 22775
name added to list: 22776
name added to list: 22777
name added to list: 22778
name added to list: 22779
name added to list: 22780
name added to list: 22781
name added to list: 22782
name added to list: 22783
name added to list: 22784
name added to list: 22785
name added to list: 22786
name added to list: 22787
name added to list: 22788
name added to list: 22789
name added to list: 22790
name added to list: 22791
name added to list: 22792
name added to list: 22793
name added to list: 22794
name added to list: 22795
name added to list: 22796
name added to list: 22797
name added to list: 22798
name added to list: 22799
name added to list: 22800
name added to list: 22801
name added to list: 22802
name added to list: 22803
name added to list: 22804
name added to list: 22805
name added to list: 22806
name added to list: 22807
name added to list: 22808
name added to list: 22809
name added to list: 22810
name added to list: 22811
name added to list: 22812
name added to list: 22813
name added to list: 22814
name added to list: 22815
name added to list: 22816
name added to list: 22817
name added to list: 22818
name added to list: 22819
name added to list: 22820
name added to list: 22821
name added to list: 22822
name added to list: 22823
name added to list: 22824
name added to list: 22825
name added to list: 22826
name added to list: 22827
name added to list: 22828
name added to list: 22829
name added to list: 22830
name added to list: 22831
name added to list: 22832
name added to list: 22833
name added to list: 22834
name added to list: 22835
name added to list: 22836
name added to list: 22837
name added to list: 22838
name added to list: 22839
name added to list: 22840
name added to list: 22841
name added to list: 22842
name added to list: 22843
name added to list: 22844
name added to list: 22845
name added to list: 22846
name added to list: 22847
name added to list: 22848
name added to list: 22849
name added to list: 22850
name added to list: 22851
name added to list: 22852
name added to list: 22853
name added to list: 22854
name added to list: 22855
name added to list: 22856
name added to list: 22857
name added to list: 22858
name added to list: 22859
name added to list: 22860
name added to list: 22861
name added to list: 22862
name added to list: 22863
name added to list: 22864
name added to list: 22865
name added to list: 22866
name added to list: 22867
name added to list: 22868
name added to list: 22869
name added to list: 22870
name added to list: 22871
name added to list: 22872
name added to list: 22873
name added to list: 22874
name added to list: 22875
name added to list: 22876
name added to list: 22877
name added to list: 22878
name added to list: 22879
name added to list: 22880
name added to list: 22881
name added to list: 22882
name added to list: 22883
name added to list: 22884
name added to list: 22885
name added to list: 22886
name added to list: 22887
name added to list: 22888
name added to list: 22889
name added to list: 22890
name added to list: 22891
name added to list: 22892
name added to list: 22893
name added to list: 22894
name added to list: 22895
name added to list: 22896
name added to list: 22897
name added to list: 22898
name added to list: 22899
name added to list: 22900
name added to list: 22901
name added to list: 22902
name added to list: 22903
name added to list: 22904
name added to list: 22905
name added to list: 22906
name added to list: 22907
name added to list: 22908
name added to list: 22909
name added to list: 22910
name added to list: 22911
name added to list: 22912
name added to list: 22913
name added to list: 22914
name added to list: 22915
name added to list: 22916
name added to list: 22917
name added to list: 22918
name added to list: 22919
name added to list: 22920
name added to list: 22921
name added to list: 22922
name added to list: 22923
name added to list: 22924
name added to list: 22925
name added to list: 22926
name added to list: 22927
name added to list: 22928
name added to list: 22929
name added to list: 22930
name added to list: 22931
name added to list: 22932
name added to list: 22933
name added to list: 22934
name added to list: 22935
name added to list: 22936
name added to list: 22937
name added to list: 22938
name added to list: 22939
name added to list: 22940
name added to list: 22941
name added to list: 22942
name added to list: 22943
name added to list: 22944
name added to list: 22945
name added to list: 22946
name added to list: 22947
name added to list: 22948
name added to list: 22949
name added to list: 22950
name added to list: 22951
name added to list: 22952
name added to list: 22953
name added to list: 22954
name added to list: 22955
name added to list: 22956
name added to list: 22957
name added to list: 22958
name added to list: 22959
name added to list: 22960
name added to list: 22961
name added to list: 22962
name added to list: 22963
name added to list: 22964
name added to list: 22965
name added to list: 22966
name added to list: 22967
name added to list: 22968
name added to list: 22969
name added to list: 22970
name added to list: 22971
name added to list: 22972
name added to list: 22973
name added to list: 22974
name added to list: 22975
name added to list: 22976
name added to list: 22977
name added to list: 22978
name added to list: 22979
name added to list: 22980
name added to list: 22981
name added to list: 22982
name added to list: 22983
name added to list: 22984
name added to list: 22985
name added to list: 22986
name added to list: 22987
name added to list: 22988
name added to list: 22989
name added to list: 22990
name added to list: 22991
name added to list: 22992
name added to list: 22993
name added to list: 22994
name added to list: 22995
name added to list: 22996
name added to list: 22997
name added to list: 22998
name added to list: 22999
name added to list: 23000
name added to list: 23001
name added to list: 23002
name added to list: 23003
name added to list: 23004
name added to list: 23005
name added to list: 23006
name added to list: 23007
name added to list: 23008
name added to list: 23009
name added to list: 23010
name added to list: 23011
name added to list: 23012
name added to list: 23013
name added to list: 23014
name added to list: 23015
name added to list: 23016
name added to list: 23017
name added to list: 23018
name added to list: 23019
name added to list: 23020
name added to list: 23021
name added to list: 23022
name added to list: 23023
name added to list: 23024
name added to list: 23025
name added to list: 23026
name added to list: 23027
name added to list: 23028
name added to list: 23029
name added to list: 23030
name added to list: 23031
name added to list: 23032
name added to list: 23033
name added to list: 23034
name added to list: 23035
name added to list: 23036
name added to list: 23037
name added to list: 23038
name added to list: 23039
name added to list: 23040
name added to list: 23041
name added to list: 23042
name added to list: 23043
name added to list: 23044
name added to list: 23045
name added to list: 23046
name added to list: 23047
name added to list: 23048
name added to list: 23049
name added to list: 23050
name added to list: 23051
name added to list: 23052
name added to list: 23053
name added to list: 23054
name added to list: 23055
name added to list: 23056
name added to list: 23057
name added to list: 23058
name added to list: 23059
name added to list: 23060
name added to list: 23061
name added to list: 23062
name added to list: 23063
name added to list: 23064
name added to list: 23065
name added to list: 23066
name added to list: 23067
name added to list: 23068
name added to list: 23069
name added to list: 23070
name added to list: 23071
name added to list: 23072
name added to list: 23073
name added to list: 23074
name added to list: 23075
name added to list: 23076
name added to list: 23077
name added to list: 23078
name added to list: 23079
name added to list: 23080
name added to list: 23081
name added to list: 23082
name added to list: 23083
name added to list: 23084
name added to list: 23085
name added to list: 23086
name added to list: 23087
name added to list: 23088
name added to list: 23089
name added to list: 23090
name added to list: 23091
name added to list: 23092
name added to list: 23093
name added to list: 23094
name added to list: 23095
name added to list: 23096
name added to list: 23097
name added to list: 23098
name added to list: 23099
name added to list: 23100
name added to list: 23101
name added to list: 23102
name added to list: 23103
name added to list: 23104
name added to list: 23105
name added to list: 23106
name added to list: 23107
name added to list: 23108
name added to list: 23109
name added to list: 23110
name added to list: 23111
name added to list: 23112
name added to list: 23113
name added to list: 23114
name added to list: 23115
name added to list: 23116
name added to list: 23117
name added to list: 23118
name added to list: 23119
name added to list: 23120
name added to list: 23121
name added to list: 23122
name added to list: 23123
name added to list: 23124
name added to list: 23125
name added to list: 23126
name added to list: 23127
name added to list: 23128
name added to list: 23129
name added to list: 23130
name added to list: 23131
name added to list: 23132
name added to list: 23133
name added to list: 23134
name added to list: 23135
name added to list: 23136
name added to list: 23137
name added to list: 23138
name added to list: 23139
name added to list: 23140
name added to list: 23141
name added to list: 23142
name added to list: 23143
name added to list: 23144
name added to list: 23145
name added to list: 23146
name added to list: 23147
name added to list: 23148
name added to list: 23149
name added to list: 23150
name added to list: 23151
name added to list: 23152
name added to list: 23153
name added to list: 23154
name added to list: 23155
name added to list: 23156
name added to list: 23157
name added to list: 23158
name added to list: 23159
name added to list: 23160
name added to list: 23161
name added to list: 23162
name added to list: 23163
name added to list: 23164
name added to list: 23165
name added to list: 23166
name added to list: 23167
name added to list: 23168
name added to list: 23169
name added to list: 23170
name added to list: 23171
name added to list: 23172
name added to list: 23173
name added to list: 23174
name added to list: 23175
name added to list: 23176
name added to list: 23177
name added to list: 23178
name added to list: 23179
name added to list: 23180
name added to list: 23181
name added to list: 23182
name added to list: 23183
name added to list: 23184
name added to list: 23185
name added to list: 23186
name added to list: 23187
name added to list: 23188
name added to list: 23189
name added to list: 23190
name added to list: 23191
name added to list: 23192
name added to list: 23193
name added to list: 23194
name added to list: 23195
name added to list: 23196
name added to list: 23197
name added to list: 23198
name added to list: 23199
name added to list: 23200
name added to list: 23201
name added to list: 23202
name added to list: 23203
name added to list: 23204
name added to list: 23205
name added to list: 23206
name added to list: 23207
name added to list: 23208
name added to list: 23209
name added to list: 23210
name added to list: 23211
name added to list: 23212
name added to list: 23213
name added to list: 23214
name added to list: 23215
name added to list: 23216
name added to list: 23217
name added to list: 23218
name added to list: 23219
name added to list: 23220
name added to list: 23221
name added to list: 23222
name added to list: 23223
name added to list: 23224
name added to list: 23225
name added to list: 23226
name added to list: 23227
name added to list: 23228
name added to list: 23229
name added to list: 23230
name added to list: 23231
name added to list: 23232
name added to list: 23233
name added to list: 23234
name added to list: 23235
name added to list: 23236
name added to list: 23237
name added to list: 23238
name added to list: 23239
name added to list: 23240
name added to list: 23241
name added to list: 23242
name added to list: 23243
name added to list: 23244
name added to list: 23245
name added to list: 23246
name added to list: 23247
name added to list: 23248
name added to list: 23249
name added to list: 23250
name added to list: 23251
name added to list: 23252
name added to list: 23253
name added to list: 23254
name added to list: 23255
name added to list: 23256
name added to list: 23257
name added to list: 23258
name added to list: 23259
name added to list: 23260
name added to list: 23261
name added to list: 23262
name added to list: 23263
name added to list: 23264
name added to list: 23265
name added to list: 23266
name added to list: 23267
name added to list: 23268
name added to list: 23269
name added to list: 23270
name added to list: 23271
name added to list: 23272
name added to list: 23273
name added to list: 23274
name added to list: 23275
name added to list: 23276
name added to list: 23277
name added to list: 23278
name added to list: 23279
name added to list: 23280
name added to list: 23281
name added to list: 23282
name added to list: 23283
name added to list: 23284
name added to list: 23285
name added to list: 23286
name added to list: 23287
name added to list: 23288
name added to list: 23289
name added to list: 23290
name added to list: 23291
name added to list: 23292
name added to list: 23293
name added to list: 23294
name added to list: 23295
name added to list: 23296
name added to list: 23297
name added to list: 23298
name added to list: 23299
name added to list: 23300
name added to list: 23301
name added to list: 23302
name added to list: 23303
name added to list: 23304
name added to list: 23305
name added to list: 23306
name added to list: 23307
name added to list: 23308
name added to list: 23309
name added to list: 23310
name added to list: 23311
name added to list: 23312
name added to list: 23313
name added to list: 23314
name added to list: 23315
name added to list: 23316
name added to list: 23317
name added to list: 23318
name added to list: 23319
name added to list: 23320
name added to list: 23321
name added to list: 23322
name added to list: 23323
name added to list: 23324
name added to list: 23325
name added to list: 23326
name added to list: 23327
name added to list: 23328
name added to list: 23329
name added to list: 23330
name added to list: 23331
name added to list: 23332
name added to list: 23333
name added to list: 23334
name added to list: 23335
name added to list: 23336
name added to list: 23337
name added to list: 23338
name added to list: 23339
name added to list: 23340
name added to list: 23341
name added to list: 23342
name added to list: 23343
name added to list: 23344
name added to list: 23345
name added to list: 23346
name added to list: 23347
name added to list: 23348
name added to list: 23349
name added to list: 23350
name added to list: 23351
name added to list: 23352
name added to list: 23353
name added to list: 23354
name added to list: 23355
name added to list: 23356
name added to list: 23357
name added to list: 23358
name added to list: 23359
name added to list: 23360
name added to list: 23361
name added to list: 23362
name added to list: 23363
name added to list: 23364
name added to list: 23365
name added to list: 23366
name added to list: 23367
name added to list: 23368
name added to list: 23369
name added to list: 23370
name added to list: 23371
name added to list: 23372
name added to list: 23373
name added to list: 23374
name added to list: 23375
name added to list: 23376
name added to list: 23377
name added to list: 23378
name added to list: 23379
name added to list: 23380
name added to list: 23381
name added to list: 23382
name added to list: 23383
name added to list: 23384
name added to list: 23385
name added to list: 23386
name added to list: 23387
name added to list: 23388
name added to list: 23389
name added to list: 23390
name added to list: 23391
name added to list: 23392
name added to list: 23393
name added to list: 23394
name added to list: 23395
name added to list: 23396
name added to list: 23397
name added to list: 23398
name added to list: 23399
name added to list: 23400
name added to list: 23401
name added to list: 23402
name added to list: 23403
name added to list: 23404
name added to list: 23405
name added to list: 23406
name added to list: 23407
name added to list: 23408
name added to list: 23409
name added to list: 23410
name added to list: 23411
name added to list: 23412
name added to list: 23413
name added to list: 23414
name added to list: 23415
name added to list: 23416
name added to list: 23417
name added to list: 23418
name added to list: 23419
name added to list: 23420
name added to list: 23421
name added to list: 23422
name added to list: 23423
name added to list: 23424
name added to list: 23425
name added to list: 23426
name added to list: 23427
name added to list: 23428
name added to list: 23429
name added to list: 23430
name added to list: 23431
name added to list: 23432
name added to list: 23433
name added to list: 23434
name added to list: 23435
name added to list: 23436
name added to list: 23437
name added to list: 23438
name added to list: 23439
name added to list: 23440
name added to list: 23441
name added to list: 23442
name added to list: 23443
name added to list: 23444
name added to list: 23445
name added to list: 23446
name added to list: 23447
name added to list: 23448
name added to list: 23449
name added to list: 23450
name added to list: 23451
name added to list: 23452
name added to list: 23453
name added to list: 23454
name added to list: 23455
name added to list: 23456
name added to list: 23457
name added to list: 23458
name added to list: 23459
name added to list: 23460
name added to list: 23461
name added to list: 23462
name added to list: 23463
name added to list: 23464
name added to list: 23465
name added to list: 23466
name added to list: 23467
name added to list: 23468
name added to list: 23469
name added to list: 23470
name added to list: 23471
name added to list: 23472
name added to list: 23473
name added to list: 23474
name added to list: 23475
name added to list: 23476
name added to list: 23477
name added to list: 23478
name added to list: 23479
name added to list: 23480
name added to list: 23481
name added to list: 23482
name added to list: 23483
name added to list: 23484
name added to list: 23485
name added to list: 23486
name added to list: 23487
name added to list: 23488
name added to list: 23489
name added to list: 23490
name added to list: 23491
name added to list: 23492
name added to list: 23493
name added to list: 23494
name added to list: 23495
name added to list: 23496
name added to list: 23497
name added to list: 23498
name added to list: 23499
name added to list: 23500
name added to list: 23501
name added to list: 23502
name added to list: 23503
name added to list: 23504
name added to list: 23505
name added to list: 23506
name added to list: 23507
name added to list: 23508
name added to list: 23509
name added to list: 23510
name added to list: 23511
name added to list: 23512
name added to list: 23513
name added to list: 23514
name added to list: 23515
name added to list: 23516
name added to list: 23517
name added to list: 23518
name added to list: 23519
name added to list: 23520
name added to list: 23521
name added to list: 23522
name added to list: 23523
name added to list: 23524
name added to list: 23525
name added to list: 23526
name added to list: 23527
name added to list: 23528
name added to list: 23529
name added to list: 23530
name added to list: 23531
name added to list: 23532
name added to list: 23533
name added to list: 23534
name added to list: 23535
name added to list: 23536
name added to list: 23537
name added to list: 23538
name added to list: 23539
name added to list: 23540
name added to list: 23541
name added to list: 23542
name added to list: 23543
name added to list: 23544
name added to list: 23545
name added to list: 23546
name added to list: 23547
name added to list: 23548
name added to list: 23549
name added to list: 23550
name added to list: 23551
name added to list: 23552
name added to list: 23553
name added to list: 23554
name added to list: 23555
name added to list: 23556
name added to list: 23557
name added to list: 23558
name added to list: 23559
name added to list: 23560
name added to list: 23561
name added to list: 23562
name added to list: 23563
name added to list: 23564
name added to list: 23565
name added to list: 23566
name added to list: 23567
name added to list: 23568
name added to list: 23569
name added to list: 23570
name added to list: 23571
name added to list: 23572
name added to list: 23573
name added to list: 23574
name added to list: 23575
name added to list: 23576
name added to list: 23577
name added to list: 23578
name added to list: 23579
name added to list: 23580
name added to list: 23581
name added to list: 23582
name added to list: 23583
name added to list: 23584
name added to list: 23585
name added to list: 23586
name added to list: 23587
name added to list: 23588
name added to list: 23589
name added to list: 23590
name added to list: 23591
name added to list: 23592
name added to list: 23593
name added to list: 23594
name added to list: 23595
name added to list: 23596
name added to list: 23597
name added to list: 23598
name added to list: 23599
name added to list: 23600
name added to list: 23601
name added to list: 23602
name added to list: 23603
name added to list: 23604
name added to list: 23605
name added to list: 23606
name added to list: 23607
name added to list: 23608
name added to list: 23609
name added to list: 23610
name added to list: 23611
name added to list: 23612
name added to list: 23613
name added to list: 23614
name added to list: 23615
name added to list: 23616
name added to list: 23617
name added to list: 23618
name added to list: 23619
name added to list: 23620
name added to list: 23621
name added to list: 23622
name added to list: 23623
name added to list: 23624
name added to list: 23625
name added to list: 23626
name added to list: 23627
name added to list: 23628
name added to list: 23629
name added to list: 23630
name added to list: 23631
name added to list: 23632
name added to list: 23633
name added to list: 23634
name added to list: 23635
name added to list: 23636
name added to list: 23637
name added to list: 23638
name added to list: 23639
name added to list: 23640
name added to list: 23641
name added to list: 23642
name added to list: 23643
name added to list: 23644
name added to list: 23645
name added to list: 23646
name added to list: 23647
name added to list: 23648
name added to list: 23649
name added to list: 23650
name added to list: 23651
name added to list: 23652
name added to list: 23653
name added to list: 23654
name added to list: 23655
name added to list: 23656
name added to list: 23657
name added to list: 23658
name added to list: 23659
name added to list: 23660
name added to list: 23661
name added to list: 23662
name added to list: 23663
name added to list: 23664
name added to list: 23665
name added to list: 23666
name added to list: 23667
name added to list: 23668
name added to list: 23669
name added to list: 23670
name added to list: 23671
name added to list: 23672
name added to list: 23673
name added to list: 23674
name added to list: 23675
name added to list: 23676
name added to list: 23677
name added to list: 23678
name added to list: 23679
name added to list: 23680
name added to list: 23681
name added to list: 23682
name added to list: 23683
name added to list: 23684
name added to list: 23685
name added to list: 23686
name added to list: 23687
name added to list: 23688
name added to list: 23689
name added to list: 23690
name added to list: 23691
name added to list: 23692
name added to list: 23693
name added to list: 23694
name added to list: 23695
name added to list: 23696
name added to list: 23697
name added to list: 23698
name added to list: 23699
name added to list: 23700
name added to list: 23701
name added to list: 23702
name added to list: 23703
name added to list: 23704
name added to list: 23705
name added to list: 23706
name added to list: 23707
name added to list: 23708
name added to list: 23709
name added to list: 23710
name added to list: 23711
name added to list: 23712
name added to list: 23713
name added to list: 23714
name added to list: 23715
name added to list: 23716
name added to list: 23717
name added to list: 23718
name added to list: 23719
name added to list: 23720
name added to list: 23721
name added to list: 23722
name added to list: 23723
name added to list: 23724
name added to list: 23725
name added to list: 23726
name added to list: 23727
name added to list: 23728
name added to list: 23729
name added to list: 23730
name added to list: 23731
name added to list: 23732
name added to list: 23733
name added to list: 23734
name added to list: 23735
name added to list: 23736
name added to list: 23737
name added to list: 23738
name added to list: 23739
name added to list: 23740
name added to list: 23741
name added to list: 23742
name added to list: 23743
name added to list: 23744
name added to list: 23745
name added to list: 23746
name added to list: 23747
name added to list: 23748
name added to list: 23749
name added to list: 23750
name added to list: 23751
name added to list: 23752
name added to list: 23753
name added to list: 23754
name added to list: 23755
name added to list: 23756
name added to list: 23757
name added to list: 23758
name added to list: 23759
name added to list: 23760
name added to list: 23761
name added to list: 23762
name added to list: 23763
name added to list: 23764
name added to list: 23765
name added to list: 23766
name added to list: 23767
name added to list: 23768
name added to list: 23769
name added to list: 23770
name added to list: 23771
name added to list: 23772
name added to list: 23773
name added to list: 23774
name added to list: 23775
name added to list: 23776
name added to list: 23777
name added to list: 23778
name added to list: 23779
name added to list: 23780
name added to list: 23781
name added to list: 23782
name added to list: 23783
name added to list: 23784
name added to list: 23785
name added to list: 23786
name added to list: 23787
name added to list: 23788
name added to list: 23789
name added to list: 23790
name added to list: 23791
name added to list: 23792
name added to list: 23793
name added to list: 23794
name added to list: 23795
name added to list: 23796
name added to list: 23797
name added to list: 23798
name added to list: 23799
name added to list: 23800
name added to list: 23801
name added to list: 23802
name added to list: 23803
name added to list: 23804
name added to list: 23805
name added to list: 23806
name added to list: 23807
name added to list: 23808
name added to list: 23809
name added to list: 23810
name added to list: 23811
name added to list: 23812
name added to list: 23813
name added to list: 23814
name added to list: 23815
name added to list: 23816
name added to list: 23817
name added to list: 23818
name added to list: 23819
name added to list: 23820
name added to list: 23821
name added to list: 23822
name added to list: 23823
name added to list: 23824
name added to list: 23825
name added to list: 23826
name added to list: 23827
name added to list: 23828
name added to list: 23829
name added to list: 23830
name added to list: 23831
name added to list: 23832
name added to list: 23833
name added to list: 23834
name added to list: 23835
name added to list: 23836
name added to list: 23837
name added to list: 23838
name added to list: 23839
name added to list: 23840
name added to list: 23841
name added to list: 23842
name added to list: 23843
name added to list: 23844
name added to list: 23845
name added to list: 23846
name added to list: 23847
name added to list: 23848
name added to list: 23849
name added to list: 23850
name added to list: 23851
name added to list: 23852
name added to list: 23853
name added to list: 23854
name added to list: 23855
name added to list: 23856
name added to list: 23857
name added to list: 23858
name added to list: 23859
name added to list: 23860
name added to list: 23861
name added to list: 23862
name added to list: 23863
name added to list: 23864
name added to list: 23865
name added to list: 23866
name added to list: 23867
name added to list: 23868
name added to list: 23869
name added to list: 23870
name added to list: 23871
name added to list: 23872
name added to list: 23873
name added to list: 23874
name added to list: 23875
name added to list: 23876
name added to list: 23877
name added to list: 23878
name added to list: 23879
name added to list: 23880
name added to list: 23881
name added to list: 23882
name added to list: 23883
name added to list: 23884
name added to list: 23885
name added to list: 23886
name added to list: 23887
name added to list: 23888
name added to list: 23889
name added to list: 23890
name added to list: 23891
name added to list: 23892
name added to list: 23893
name added to list: 23894
name added to list: 23895
name added to list: 23896
name added to list: 23897
name added to list: 23898
name added to list: 23899
name added to list: 23900
name added to list: 23901
name added to list: 23902
name added to list: 23903
name added to list: 23904
name added to list: 23905
name added to list: 23906
name added to list: 23907
name added to list: 23908
name added to list: 23909
name added to list: 23910
name added to list: 23911
name added to list: 23912
name added to list: 23913
name added to list: 23914
name added to list: 23915
name added to list: 23916
name added to list: 23917
name added to list: 23918
name added to list: 23919
name added to list: 23920
name added to list: 23921
name added to list: 23922
name added to list: 23923
name added to list: 23924
name added to list: 23925
name added to list: 23926
name added to list: 23927
name added to list: 23928
name added to list: 23929
name added to list: 23930
name added to list: 23931
name added to list: 23932
name added to list: 23933
name added to list: 23934
name added to list: 23935
name added to list: 23936
name added to list: 23937
name added to list: 23938
name added to list: 23939
name added to list: 23940
name added to list: 23941
name added to list: 23942
name added to list: 23943
name added to list: 23944
name added to list: 23945
name added to list: 23946
name added to list: 23947
name added to list: 23948
name added to list: 23949
name added to list: 23950
name added to list: 23951
name added to list: 23952
name added to list: 23953
name added to list: 23954
name added to list: 23955
name added to list: 23956
name added to list: 23957
name added to list: 23958
name added to list: 23959
name added to list: 23960
name added to list: 23961
name added to list: 23962
name added to list: 23963
name added to list: 23964
name added to list: 23965
name added to list: 23966
name added to list: 23967
name added to list: 23968
name added to list: 23969
name added to list: 23970
name added to list: 23971
name added to list: 23972
name added to list: 23973
name added to list: 23974
name added to list: 23975
name added to list: 23976
name added to list: 23977
name added to list: 23978
name added to list: 23979
name added to list: 23980
name added to list: 23981
name added to list: 23982
name added to list: 23983
name added to list: 23984
name added to list: 23985
name added to list: 23986
name added to list: 23987
name added to list: 23988
name added to list: 23989
name added to list: 23990
name added to list: 23991
name added to list: 23992
name added to list: 23993
name added to list: 23994
name added to list: 23995
name added to list: 23996
name added to list: 23997
name added to list: 23998
name added to list: 23999
name added to list: 24000
name added to list: 24001
name added to list: 24002
name added to list: 24003
name added to list: 24004
name added to list: 24005
name added to list: 24006
name added to list: 24007
name added to list: 24008
name added to list: 24009
name added to list: 24010
name added to list: 24011
name added to list: 24012
name added to list: 24013
name added to list: 24014
name added to list: 24015
name added to list: 24016
name added to list: 24017
name added to list: 24018
name added to list: 24019
name added to list: 24020
name added to list: 24021
name added to list: 24022
name added to list: 24023
name added to list: 24024
name added to list: 24025
name added to list: 24026
name added to list: 24027
name added to list: 24028
name added to list: 24029
name added to list: 24030
name added to list: 24031
name added to list: 24032
name added to list: 24033
name added to list: 24034
name added to list: 24035
name added to list: 24036
name added to list: 24037
name added to list: 24038
name added to list: 24039
name added to list: 24040
name added to list: 24041
name added to list: 24042
name added to list: 24043
name added to list: 24044
name added to list: 24045
name added to list: 24046
name added to list: 24047
name added to list: 24048
name added to list: 24049
name added to list: 24050
name added to list: 24051
name added to list: 24052
name added to list: 24053
name added to list: 24054
name added to list: 24055
name added to list: 24056
name added to list: 24057
name added to list: 24058
name added to list: 24059
name added to list: 24060
name added to list: 24061
name added to list: 24062
name added to list: 24063
name added to list: 24064
name added to list: 24065
name added to list: 24066
name added to list: 24067
name added to list: 24068
name added to list: 24069
name added to list: 24070
name added to list: 24071
name added to list: 24072
name added to list: 24073
name added to list: 24074
name added to list: 24075
name added to list: 24076
name added to list: 24077
name added to list: 24078
name added to list: 24079
name added to list: 24080
name added to list: 24081
name added to list: 24082
name added to list: 24083
name added to list: 24084
name added to list: 24085
name added to list: 24086
name added to list: 24087
name added to list: 24088
name added to list: 24089
name added to list: 24090
name added to list: 24091
name added to list: 24092
name added to list: 24093
name added to list: 24094
name added to list: 24095
name added to list: 24096
name added to list: 24097
name added to list: 24098
name added to list: 24099
name added to list: 24100
name added to list: 24101
name added to list: 24102
name added to list: 24103
name added to list: 24104
name added to list: 24105
name added to list: 24106
name added to list: 24107
name added to list: 24108
name added to list: 24109
name added to list: 24110
name added to list: 24111
name added to list: 24112
name added to list: 24113
name added to list: 24114
name added to list: 24115
name added to list: 24116
name added to list: 24117
name added to list: 24118
name added to list: 24119
name added to list: 24120
name added to list: 24121
name added to list: 24122
name added to list: 24123
name added to list: 24124
name added to list: 24125
name added to list: 24126
name added to list: 24127
name added to list: 24128
name added to list: 24129
name added to list: 24130
name added to list: 24131
name added to list: 24132
name added to list: 24133
name added to list: 24134
name added to list: 24135
name added to list: 24136
name added to list: 24137
name added to list: 24138
name added to list: 24139
name added to list: 24140
name added to list: 24141
name added to list: 24142
name added to list: 24143
name added to list: 24144
name added to list: 24145
name added to list: 24146
name added to list: 24147
name added to list: 24148
name added to list: 24149
name added to list: 24150
name added to list: 24151
name added to list: 24152
name added to list: 24153
name added to list: 24154
name added to list: 24155
name added to list: 24156
name added to list: 24157
name added to list: 24158
name added to list: 24159
name added to list: 24160
name added to list: 24161
name added to list: 24162
name added to list: 24163
name added to list: 24164
name added to list: 24165
name added to list: 24166
name added to list: 24167
name added to list: 24168
name added to list: 24169
name added to list: 24170
name added to list: 24171
name added to list: 24172
name added to list: 24173
name added to list: 24174
name added to list: 24175
name added to list: 24176
name added to list: 24177
name added to list: 24178
name added to list: 24179
name added to list: 24180
name added to list: 24181
name added to list: 24182
name added to list: 24183
name added to list: 24184
name added to list: 24185
name added to list: 24186
name added to list: 24187
name added to list: 24188
name added to list: 24189
name added to list: 24190
name added to list: 24191
name added to list: 24192
name added to list: 24193
name added to list: 24194
name added to list: 24195
name added to list: 24196
name added to list: 24197
name added to list: 24198
name added to list: 24199
name added to list: 24200
name added to list: 24201
name added to list: 24202
name added to list: 24203
name added to list: 24204
name added to list: 24205
name added to list: 24206
name added to list: 24207
name added to list: 24208
name added to list: 24209
name added to list: 24210
name added to list: 24211
name added to list: 24212
name added to list: 24213
name added to list: 24214
name added to list: 24215
name added to list: 24216
name added to list: 24217
name added to list: 24218
name added to list: 24219
name added to list: 24220
name added to list: 24221
name added to list: 24222
name added to list: 24223
name added to list: 24224
name added to list: 24225
name added to list: 24226
name added to list: 24227
name added to list: 24228
name added to list: 24229
name added to list: 24230
name added to list: 24231
name added to list: 24232
name added to list: 24233
name added to list: 24234
name added to list: 24235
name added to list: 24236
name added to list: 24237
name added to list: 24238
name added to list: 24239
name added to list: 24240
name added to list: 24241
name added to list: 24242
name added to list: 24243
name added to list: 24244
name added to list: 24245
name added to list: 24246
name added to list: 24247
name added to list: 24248
name added to list: 24249
name added to list: 24250
name added to list: 24251
name added to list: 24252
name added to list: 24253
name added to list: 24254
name added to list: 24255
name added to list: 24256
name added to list: 24257
name added to list: 24258
name added to list: 24259
name added to list: 24260
name added to list: 24261
name added to list: 24262
name added to list: 24263
name added to list: 24264
name added to list: 24265
name added to list: 24266
name added to list: 24267
name added to list: 24268
name added to list: 24269
name added to list: 24270
name added to list: 24271
name added to list: 24272
name added to list: 24273
name added to list: 24274
name added to list: 24275
name added to list: 24276
name added to list: 24277
name added to list: 24278
name added to list: 24279
name added to list: 24280
name added to list: 24281
name added to list: 24282
name added to list: 24283
name added to list: 24284
name added to list: 24285
name added to list: 24286
name added to list: 24287
name added to list: 24288
name added to list: 24289
name added to list: 24290
name added to list: 24291
name added to list: 24292
name added to list: 24293
name added to list: 24294
name added to list: 24295
name added to list: 24296
name added to list: 24297
name added to list: 24298
name added to list: 24299
name added to list: 24300
name added to list: 24301
name added to list: 24302
name added to list: 24303
name added to list: 24304
name added to list: 24305
name added to list: 24306
name added to list: 24307
name added to list: 24308
name added to list: 24309
name added to list: 24310
name added to list: 24311
name added to list: 24312
name added to list: 24313
name added to list: 24314
name added to list: 24315
name added to list: 24316
name added to list: 24317
name added to list: 24318
name added to list: 24319
name added to list: 24320
name added to list: 24321
name added to list: 24322
name added to list: 24323
name added to list: 24324
name added to list: 24325
name added to list: 24326
name added to list: 24327
name added to list: 24328
name added to list: 24329
name added to list: 24330
name added to list: 24331
name added to list: 24332
name added to list: 24333
name added to list: 24334
name added to list: 24335
name added to list: 24336
name added to list: 24337
name added to list: 24338
name added to list: 24339
name added to list: 24340
name added to list: 24341
name added to list: 24342
name added to list: 24343
name added to list: 24344
name added to list: 24345
name added to list: 24346
name added to list: 24347
name added to list: 24348
name added to list: 24349
name added to list: 24350
name added to list: 24351
name added to list: 24352
name added to list: 24353
name added to list: 24354
name added to list: 24355
name added to list: 24356
name added to list: 24357
name added to list: 24358
name added to list: 24359
name added to list: 24360
name added to list: 24361
name added to list: 24362
name added to list: 24363
name added to list: 24364
name added to list: 24365
name added to list: 24366
name added to list: 24367
name added to list: 24368
name added to list: 24369
name added to list: 24370
name added to list: 24371
name added to list: 24372
name added to list: 24373
name added to list: 24374
name added to list: 24375
name added to list: 24376
name added to list: 24377
name added to list: 24378
name added to list: 24379
name added to list: 24380
name added to list: 24381
name added to list: 24382
name added to list: 24383
name added to list: 24384
name added to list: 24385
name added to list: 24386
name added to list: 24387
name added to list: 24388
name added to list: 24389
name added to list: 24390
name added to list: 24391
name added to list: 24392
name added to list: 24393
name added to list: 24394
name added to list: 24395
name added to list: 24396
name added to list: 24397
name added to list: 24398
name added to list: 24399
name added to list: 24400
name added to list: 24401
name added to list: 24402
name added to list: 24403
name added to list: 24404
name added to list: 24405
name added to list: 24406
name added to list: 24407
name added to list: 24408
name added to list: 24409
name added to list: 24410
name added to list: 24411
name added to list: 24412
name added to list: 24413
name added to list: 24414
name added to list: 24415
name added to list: 24416
name added to list: 24417
name added to list: 24418
name added to list: 24419
name added to list: 24420
name added to list: 24421
name added to list: 24422
name added to list: 24423
name added to list: 24424
name added to list: 24425
name added to list: 24426
name added to list: 24427
name added to list: 24428
name added to list: 24429
name added to list: 24430
name added to list: 24431
name added to list: 24432
name added to list: 24433
name added to list: 24434
name added to list: 24435
name added to list: 24436
name added to list: 24437
name added to list: 24438
name added to list: 24439
name added to list: 24440
name added to list: 24441
name added to list: 24442
name added to list: 24443
name added to list: 24444
name added to list: 24445
name added to list: 24446
name added to list: 24447
name added to list: 24448
name added to list: 24449
name added to list: 24450
name added to list: 24451
name added to list: 24452
name added to list: 24453
name added to list: 24454
name added to list: 24455
name added to list: 24456
name added to list: 24457
name added to list: 24458
name added to list: 24459
name added to list: 24460
name added to list: 24461
name added to list: 24462
name added to list: 24463
name added to list: 24464
name added to list: 24465
name added to list: 24466
name added to list: 24467
name added to list: 24468
name added to list: 24469
name added to list: 24470
name added to list: 24471
name added to list: 24472
name added to list: 24473
name added to list: 24474
name added to list: 24475
name added to list: 24476
name added to list: 24477
name added to list: 24478
name added to list: 24479
name added to list: 24480
name added to list: 24481
name added to list: 24482
name added to list: 24483
name added to list: 24484
name added to list: 24485
name added to list: 24486
name added to list: 24487
name added to list: 24488
name added to list: 24489
name added to list: 24490
name added to list: 24491
name added to list: 24492
name added to list: 24493
name added to list: 24494
name added to list: 24495
name added to list: 24496
name added to list: 24497
name added to list: 24498
name added to list: 24499
name added to list: 24500
name added to list: 24501
name added to list: 24502
name added to list: 24503
name added to list: 24504
name added to list: 24505
name added to list: 24506
name added to list: 24507
name added to list: 24508
name added to list: 24509
name added to list: 24510
name added to list: 24511
name added to list: 24512
name added to list: 24513
name added to list: 24514
name added to list: 24515
name added to list: 24516
name added to list: 24517
name added to list: 24518
name added to list: 24519
name added to list: 24520
name added to list: 24521
name added to list: 24522
name added to list: 24523
name added to list: 24524
name added to list: 24525
name added to list: 24526
name added to list: 24527
name added to list: 24528
name added to list: 24529
name added to list: 24530
name added to list: 24531
name added to list: 24532
name added to list: 24533
name added to list: 24534
name added to list: 24535
name added to list: 24536
name added to list: 24537
name added to list: 24538
name added to list: 24539
name added to list: 24540
name added to list: 24541
name added to list: 24542
name added to list: 24543
name added to list: 24544
name added to list: 24545
name added to list: 24546
name added to list: 24547
name added to list: 24548
name added to list: 24549
name added to list: 24550
name added to list: 24551
name added to list: 24552
name added to list: 24553
name added to list: 24554
name added to list: 24555
name added to list: 24556
name added to list: 24557
name added to list: 24558
name added to list: 24559
name added to list: 24560
name added to list: 24561
name added to list: 24562
name added to list: 24563
name added to list: 24564
name added to list: 24565
name added to list: 24566
name added to list: 24567
name added to list: 24568
name added to list: 24569
name added to list: 24570
name added to list: 24571
name added to list: 24572
name added to list: 24573
name added to list: 24574
name added to list: 24575
name added to list: 24576
name added to list: 24577
name added to list: 24578
name added to list: 24579
name added to list: 24580
name added to list: 24581
name added to list: 24582
name added to list: 24583
name added to list: 24584
name added to list: 24585
name added to list: 24586
name added to list: 24587
name added to list: 24588
name added to list: 24589
name added to list: 24590
name added to list: 24591
name added to list: 24592
name added to list: 24593
name added to list: 24594
name added to list: 24595
name added to list: 24596
name added to list: 24597
name added to list: 24598
name added to list: 24599
name added to list: 24600
name added to list: 24601
name added to list: 24602
name added to list: 24603
name added to list: 24604
name added to list: 24605
name added to list: 24606
name added to list: 24607
name added to list: 24608
name added to list: 24609
name added to list: 24610
name added to list: 24611
name added to list: 24612
name added to list: 24613
name added to list: 24614
name added to list: 24615
name added to list: 24616
name added to list: 24617
name added to list: 24618
name added to list: 24619
name added to list: 24620
name added to list: 24621
name added to list: 24622
name added to list: 24623
name added to list: 24624
name added to list: 24625
name added to list: 24626
name added to list: 24627
name added to list: 24628
name added to list: 24629
name added to list: 24630
name added to list: 24631
name added to list: 24632
name added to list: 24633
name added to list: 24634
name added to list: 24635
name added to list: 24636
name added to list: 24637
name added to list: 24638
name added to list: 24639
name added to list: 24640
name added to list: 24641
name added to list: 24642
name added to list: 24643
name added to list: 24644
name added to list: 24645
name added to list: 24646
name added to list: 24647
name added to list: 24648
name added to list: 24649
name added to list: 24650
name added to list: 24651
name added to list: 24652
name added to list: 24653
name added to list: 24654
name added to list: 24655
name added to list: 24656
name added to list: 24657
name added to list: 24658
name added to list: 24659
name added to list: 24660
name added to list: 24661
name added to list: 24662
name added to list: 24663
name added to list: 24664
name added to list: 24665
name added to list: 24666
name added to list: 24667
name added to list: 24668
name added to list: 24669
name added to list: 24670
name added to list: 24671
name added to list: 24672
name added to list: 24673
name added to list: 24674
name added to list: 24675
name added to list: 24676
name added to list: 24677
name added to list: 24678
name added to list: 24679
name added to list: 24680
name added to list: 24681
name added to list: 24682
name added to list: 24683
name added to list: 24684
name added to list: 24685
name added to list: 24686
name added to list: 24687
name added to list: 24688
name added to list: 24689
name added to list: 24690
name added to list: 24691
name added to list: 24692
name added to list: 24693
name added to list: 24694
name added to list: 24695
name added to list: 24696
name added to list: 24697
name added to list: 24698
name added to list: 24699
name added to list: 24700
name added to list: 24701
name added to list: 24702
name added to list: 24703
name added to list: 24704
name added to list: 24705
name added to list: 24706
name added to list: 24707
name added to list: 24708
name added to list: 24709
name added to list: 24710
name added to list: 24711
name added to list: 24712
name added to list: 24713
name added to list: 24714
name added to list: 24715
name added to list: 24716
name added to list: 24717
name added to list: 24718
name added to list: 24719
name added to list: 24720
name added to list: 24721
name added to list: 24722
name added to list: 24723
name added to list: 24724
name added to list: 24725
name added to list: 24726
name added to list: 24727
name added to list: 24728
name added to list: 24729
name added to list: 24730
name added to list: 24731
name added to list: 24732
name added to list: 24733
name added to list: 24734
name added to list: 24735
name added to list: 24736
name added to list: 24737
name added to list: 24738
name added to list: 24739
name added to list: 24740
name added to list: 24741
name added to list: 24742
name added to list: 24743
name added to list: 24744
name added to list: 24745
name added to list: 24746
name added to list: 24747
name added to list: 24748
name added to list: 24749
name added to list: 24750
name added to list: 24751
name added to list: 24752
name added to list: 24753
name added to list: 24754
name added to list: 24755
name added to list: 24756
name added to list: 24757
name added to list: 24758
name added to list: 24759
name added to list: 24760
name added to list: 24761
name added to list: 24762
name added to list: 24763
name added to list: 24764
name added to list: 24765
name added to list: 24766
name added to list: 24767
name added to list: 24768
name added to list: 24769
name added to list: 24770
name added to list: 24771
name added to list: 24772
name added to list: 24773
name added to list: 24774
name added to list: 24775
name added to list: 24776
name added to list: 24777
name added to list: 24778
name added to list: 24779
name added to list: 24780
name added to list: 24781
name added to list: 24782
name added to list: 24783
name added to list: 24784
name added to list: 24785
name added to list: 24786
name added to list: 24787
name added to list: 24788
name added to list: 24789
name added to list: 24790
name added to list: 24791
name added to list: 24792
name added to list: 24793
name added to list: 24794
name added to list: 24795
name added to list: 24796
name added to list: 24797
name added to list: 24798
name added to list: 24799
name added to list: 24800
name added to list: 24801
name added to list: 24802
name added to list: 24803
name added to list: 24804
name added to list: 24805
name added to list: 24806
name added to list: 24807
name added to list: 24808
name added to list: 24809
name added to list: 24810
name added to list: 24811
name added to list: 24812
name added to list: 24813
name added to list: 24814
name added to list: 24815
name added to list: 24816
name added to list: 24817
name added to list: 24818
name added to list: 24819
name added to list: 24820
name added to list: 24821
name added to list: 24822
name added to list: 24823
name added to list: 24824
name added to list: 24825
name added to list: 24826
name added to list: 24827
name added to list: 24828
name added to list: 24829
name added to list: 24830
name added to list: 24831
name added to list: 24832
name added to list: 24833
name added to list: 24834
name added to list: 24835
name added to list: 24836
name added to list: 24837
name added to list: 24838
name added to list: 24839
name added to list: 24840
name added to list: 24841
name added to list: 24842
name added to list: 24843
name added to list: 24844
name added to list: 24845
name added to list: 24846
name added to list: 24847
name added to list: 24848
name added to list: 24849
name added to list: 24850
name added to list: 24851
name added to list: 24852
name added to list: 24853
name added to list: 24854
name added to list: 24855
name added to list: 24856
name added to list: 24857
name added to list: 24858
name added to list: 24859
name added to list: 24860
name added to list: 24861
name added to list: 24862
name added to list: 24863
name added to list: 24864
name added to list: 24865
name added to list: 24866
name added to list: 24867
name added to list: 24868
name added to list: 24869
name added to list: 24870
name added to list: 24871
name added to list: 24872
name added to list: 24873
name added to list: 24874
name added to list: 24875
name added to list: 24876
name added to list: 24877
name added to list: 24878
name added to list: 24879
name added to list: 24880
name added to list: 24881
name added to list: 24882
name added to list: 24883
name added to list: 24884
name added to list: 24885
name added to list: 24886
name added to list: 24887
name added to list: 24888
name added to list: 24889
name added to list: 24890
name added to list: 24891
name added to list: 24892
name added to list: 24893
name added to list: 24894
name added to list: 24895
name added to list: 24896
name added to list: 24897
name added to list: 24898
name added to list: 24899
name added to list: 24900
name added to list: 24901
name added to list: 24902
name added to list: 24903
name added to list: 24904
name added to list: 24905
name added to list: 24906
name added to list: 24907
name added to list: 24908
name added to list: 24909
name added to list: 24910
name added to list: 24911
name added to list: 24912
name added to list: 24913
name added to list: 24914
name added to list: 24915
name added to list: 24916
name added to list: 24917
name added to list: 24918
name added to list: 24919
name added to list: 24920
name added to list: 24921
name added to list: 24922
name added to list: 24923
name added to list: 24924
name added to list: 24925
name added to list: 24926
name added to list: 24927
name added to list: 24928
name added to list: 24929
name added to list: 24930
name added to list: 24931
name added to list: 24932
name added to list: 24933
name added to list: 24934
name added to list: 24935
name added to list: 24936
name added to list: 24937
name added to list: 24938
name added to list: 24939
name added to list: 24940
name added to list: 24941
name added to list: 24942
name added to list: 24943
name added to list: 24944
name added to list: 24945
name added to list: 24946
name added to list: 24947
name added to list: 24948
name added to list: 24949
name added to list: 24950
name added to list: 24951
name added to list: 24952
name added to list: 24953
name added to list: 24954
name added to list: 24955
name added to list: 24956
name added to list: 24957
name added to list: 24958
name added to list: 24959
name added to list: 24960
name added to list: 24961
name added to list: 24962
name added to list: 24963
name added to list: 24964
name added to list: 24965
name added to list: 24966
name added to list: 24967
name added to list: 24968
name added to list: 24969
name added to list: 24970
name added to list: 24971
name added to list: 24972
name added to list: 24973
name added to list: 24974
name added to list: 24975
name added to list: 24976
name added to list: 24977
name added to list: 24978
name added to list: 24979
name added to list: 24980
name added to list: 24981
name added to list: 24982
name added to list: 24983
name added to list: 24984
name added to list: 24985
name added to list: 24986
name added to list: 24987
name added to list: 24988
name added to list: 24989
name added to list: 24990
name added to list: 24991
name added to list: 24992
name added to list: 24993
name added to list: 24994
name added to list: 24995
name added to list: 24996
name added to list: 24997
name added to list: 24998
name added to list: 24999
name added to list: 25000
name added to list: 25001
name added to list: 25002
name added to list: 25003
name added to list: 25004
name added to list: 25005
name added to list: 25006
name added to list: 25007
name added to list: 25008
name added to list: 25009
name added to list: 25010
name added to list: 25011
name added to list: 25012
name added to list: 25013
name added to list: 25014
name added to list: 25015
name added to list: 25016
name added to list: 25017
name added to list: 25018
name added to list: 25019
name added to list: 25020
name added to list: 25021
name added to list: 25022
name added to list: 25023
name added to list: 25024
name added to list: 25025
name added to list: 25026
name added to list: 25027
name added to list: 25028
name added to list: 25029
name added to list: 25030
name added to list: 25031
name added to list: 25032
name added to list: 25033
name added to list: 25034
name added to list: 25035
name added to list: 25036
name added to list: 25037
name added to list: 25038
name added to list: 25039
name added to list: 25040
name added to list: 25041
name added to list: 25042
name added to list: 25043
name added to list: 25044
name added to list: 25045
name added to list: 25046
name added to list: 25047
name added to list: 25048
name added to list: 25049
name added to list: 25050
name added to list: 25051
name added to list: 25052
name added to list: 25053
name added to list: 25054
name added to list: 25055
name added to list: 25056
name added to list: 25057
name added to list: 25058
name added to list: 25059
name added to list: 25060
name added to list: 25061
name added to list: 25062
name added to list: 25063
name added to list: 25064
name added to list: 25065
name added to list: 25066
name added to list: 25067
name added to list: 25068
name added to list: 25069
name added to list: 25070
name added to list: 25071
name added to list: 25072
name added to list: 25073
name added to list: 25074
name added to list: 25075
name added to list: 25076
name added to list: 25077
name added to list: 25078
name added to list: 25079
name added to list: 25080
name added to list: 25081
name added to list: 25082
name added to list: 25083
name added to list: 25084
name added to list: 25085
name added to list: 25086
name added to list: 25087
name added to list: 25088
name added to list: 25089
name added to list: 25090
name added to list: 25091
name added to list: 25092
name added to list: 25093
name added to list: 25094
name added to list: 25095
name added to list: 25096
name added to list: 25097
name added to list: 25098
name added to list: 25099
name added to list: 25100
name added to list: 25101
name added to list: 25102
name added to list: 25103
name added to list: 25104
name added to list: 25105
name added to list: 25106
name added to list: 25107
name added to list: 25108
name added to list: 25109
name added to list: 25110
name added to list: 25111
name added to list: 25112
name added to list: 25113
name added to list: 25114
name added to list: 25115
name added to list: 25116
name added to list: 25117
name added to list: 25118
name added to list: 25119
name added to list: 25120
name added to list: 25121
name added to list: 25122
name added to list: 25123
name added to list: 25124
name added to list: 25125
name added to list: 25126
name added to list: 25127
name added to list: 25128
name added to list: 25129
name added to list: 25130
name added to list: 25131
name added to list: 25132
name added to list: 25133
name added to list: 25134
name added to list: 25135
name added to list: 25136
name added to list: 25137
name added to list: 25138
name added to list: 25139
name added to list: 25140
name added to list: 25141
name added to list: 25142
name added to list: 25143
name added to list: 25144
name added to list: 25145
name added to list: 25146
name added to list: 25147
name added to list: 25148
name added to list: 25149
name added to list: 25150
name added to list: 25151
name added to list: 25152
name added to list: 25153
name added to list: 25154
name added to list: 25155
name added to list: 25156
name added to list: 25157
name added to list: 25158
name added to list: 25159
name added to list: 25160
name added to list: 25161
name added to list: 25162
name added to list: 25163
name added to list: 25164
name added to list: 25165
name added to list: 25166
name added to list: 25167
name added to list: 25168
name added to list: 25169
name added to list: 25170
name added to list: 25171
name added to list: 25172
name added to list: 25173
name added to list: 25174
name added to list: 25175
name added to list: 25176
name added to list: 25177
name added to list: 25178
name added to list: 25179
name added to list: 25180
name added to list: 25181
name added to list: 25182
name added to list: 25183
name added to list: 25184
name added to list: 25185
name added to list: 25186
name added to list: 25187
name added to list: 25188
name added to list: 25189
name added to list: 25190
name added to list: 25191
name added to list: 25192
name added to list: 25193
name added to list: 25194
name added to list: 25195
name added to list: 25196
name added to list: 25197
name added to list: 25198
name added to list: 25199
name added to list: 25200
name added to list: 25201
name added to list: 25202
name added to list: 25203
name added to list: 25204
name added to list: 25205
name added to list: 25206
name added to list: 25207
name added to list: 25208
name added to list: 25209
name added to list: 25210
name added to list: 25211
name added to list: 25212
name added to list: 25213
name added to list: 25214
name added to list: 25215
name added to list: 25216
name added to list: 25217
name added to list: 25218
name added to list: 25219
name added to list: 25220
name added to list: 25221
name added to list: 25222
name added to list: 25223
name added to list: 25224
name added to list: 25225
name added to list: 25226
name added to list: 25227
name added to list: 25228
name added to list: 25229
name added to list: 25230
name added to list: 25231
name added to list: 25232
name added to list: 25233
name added to list: 25234
name added to list: 25235
name added to list: 25236
name added to list: 25237
name added to list: 25238
name added to list: 25239
name added to list: 25240
name added to list: 25241
name added to list: 25242
name added to list: 25243
name added to list: 25244
name added to list: 25245
name added to list: 25246
name added to list: 25247
name added to list: 25248
name added to list: 25249
name added to list: 25250
name added to list: 25251
name added to list: 25252
name added to list: 25253
name added to list: 25254
name added to list: 25255
name added to list: 25256
name added to list: 25257
name added to list: 25258
name added to list: 25259
name added to list: 25260
name added to list: 25261
name added to list: 25262
name added to list: 25263
name added to list: 25264
name added to list: 25265
name added to list: 25266
name added to list: 25267
name added to list: 25268
name added to list: 25269
name added to list: 25270
name added to list: 25271
name added to list: 25272
name added to list: 25273
name added to list: 25274
name added to list: 25275
name added to list: 25276
name added to list: 25277
name added to list: 25278
name added to list: 25279
name added to list: 25280
name added to list: 25281
name added to list: 25282
name added to list: 25283
name added to list: 25284
name added to list: 25285
name added to list: 25286
name added to list: 25287
name added to list: 25288
name added to list: 25289
name added to list: 25290
name added to list: 25291
name added to list: 25292
name added to list: 25293
name added to list: 25294
name added to list: 25295
name added to list: 25296
name added to list: 25297
name added to list: 25298
name added to list: 25299
name added to list: 25300
name added to list: 25301
name added to list: 25302
name added to list: 25303
name added to list: 25304
name added to list: 25305
name added to list: 25306
name added to list: 25307
name added to list: 25308
name added to list: 25309
name added to list: 25310
name added to list: 25311
name added to list: 25312
name added to list: 25313
name added to list: 25314
name added to list: 25315
name added to list: 25316
name added to list: 25317
name added to list: 25318
name added to list: 25319
name added to list: 25320
name added to list: 25321
name added to list: 25322
name added to list: 25323
name added to list: 25324
name added to list: 25325
name added to list: 25326
name added to list: 25327
name added to list: 25328
name added to list: 25329
name added to list: 25330
name added to list: 25331
name added to list: 25332
name added to list: 25333
name added to list: 25334
name added to list: 25335
name added to list: 25336
name added to list: 25337
name added to list: 25338
name added to list: 25339
name added to list: 25340
name added to list: 25341
name added to list: 25342
name added to list: 25343
name added to list: 25344
name added to list: 25345
name added to list: 25346
name added to list: 25347
name added to list: 25348
name added to list: 25349
name added to list: 25350
name added to list: 25351
name added to list: 25352
name added to list: 25353
name added to list: 25354
name added to list: 25355
name added to list: 25356
name added to list: 25357
name added to list: 25358
name added to list: 25359
name added to list: 25360
name added to list: 25361
name added to list: 25362
name added to list: 25363
name added to list: 25364
name added to list: 25365
name added to list: 25366
name added to list: 25367
name added to list: 25368
name added to list: 25369
name added to list: 25370
name added to list: 25371
name added to list: 25372
name added to list: 25373
name added to list: 25374
name added to list: 25375
name added to list: 25376
name added to list: 25377
name added to list: 25378
name added to list: 25379
name added to list: 25380
name added to list: 25381
name added to list: 25382
name added to list: 25383
name added to list: 25384
name added to list: 25385
name added to list: 25386
name added to list: 25387
name added to list: 25388
name added to list: 25389
name added to list: 25390
name added to list: 25391
name added to list: 25392
name added to list: 25393
name added to list: 25394
name added to list: 25395
name added to list: 25396
name added to list: 25397
name added to list: 25398
name added to list: 25399
name added to list: 25400
name added to list: 25401
name added to list: 25402
name added to list: 25403
name added to list: 25404
name added to list: 25405
name added to list: 25406
name added to list: 25407
name added to list: 25408
name added to list: 25409
name added to list: 25410
name added to list: 25411
name added to list: 25412
name added to list: 25413
name added to list: 25414
name added to list: 25415
name added to list: 25416
name added to list: 25417
name added to list: 25418
name added to list: 25419
name added to list: 25420
name added to list: 25421
name added to list: 25422
name added to list: 25423
name added to list: 25424
name added to list: 25425
name added to list: 25426
name added to list: 25427
name added to list: 25428
name added to list: 25429
name added to list: 25430
name added to list: 25431
name added to list: 25432
name added to list: 25433
name added to list: 25434
name added to list: 25435
name added to list: 25436
name added to list: 25437
name added to list: 25438
name added to list: 25439
name added to list: 25440
name added to list: 25441
name added to list: 25442
name added to list: 25443
name added to list: 25444
name added to list: 25445
name added to list: 25446
name added to list: 25447
name added to list: 25448
name added to list: 25449
name added to list: 25450
name added to list: 25451
name added to list: 25452
name added to list: 25453
name added to list: 25454
name added to list: 25455
name added to list: 25456
name added to list: 25457
name added to list: 25458
name added to list: 25459
name added to list: 25460
name added to list: 25461
name added to list: 25462
name added to list: 25463
name added to list: 25464
name added to list: 25465
name added to list: 25466
name added to list: 25467
name added to list: 25468
name added to list: 25469
name added to list: 25470
name added to list: 25471
name added to list: 25472
name added to list: 25473
name added to list: 25474
name added to list: 25475
name added to list: 25476
name added to list: 25477
name added to list: 25478
name added to list: 25479
name added to list: 25480
name added to list: 25481
name added to list: 25482
name added to list: 25483
name added to list: 25484
name added to list: 25485
name added to list: 25486
name added to list: 25487
name added to list: 25488
name added to list: 25489
name added to list: 25490
name added to list: 25491
name added to list: 25492
name added to list: 25493
name added to list: 25494
name added to list: 25495
name added to list: 25496
name added to list: 25497
name added to list: 25498
name added to list: 25499
name added to list: 25500
name added to list: 25501
name added to list: 25502
name added to list: 25503
name added to list: 25504
name added to list: 25505
name added to list: 25506
name added to list: 25507
name added to list: 25508
name added to list: 25509
name added to list: 25510
name added to list: 25511
name added to list: 25512
name added to list: 25513
name added to list: 25514
name added to list: 25515
name added to list: 25516
name added to list: 25517
name added to list: 25518
name added to list: 25519
name added to list: 25520
name added to list: 25521
name added to list: 25522
name added to list: 25523
name added to list: 25524
name added to list: 25525
name added to list: 25526
name added to list: 25527
name added to list: 25528
name added to list: 25529
name added to list: 25530
name added to list: 25531
name added to list: 25532
name added to list: 25533
name added to list: 25534
name added to list: 25535
name added to list: 25536
name added to list: 25537
name added to list: 25538
name added to list: 25539
name added to list: 25540
name added to list: 25541
name added to list: 25542
name added to list: 25543
name added to list: 25544
name added to list: 25545
name added to list: 25546
name added to list: 25547
name added to list: 25548
name added to list: 25549
name added to list: 25550
name added to list: 25551
name added to list: 25552
name added to list: 25553
name added to list: 25554
name added to list: 25555
name added to list: 25556
name added to list: 25557
name added to list: 25558
name added to list: 25559
name added to list: 25560
name added to list: 25561
name added to list: 25562
name added to list: 25563
name added to list: 25564
name added to list: 25565
name added to list: 25566
name added to list: 25567
name added to list: 25568
name added to list: 25569
name added to list: 25570
name added to list: 25571
name added to list: 25572
name added to list: 25573
name added to list: 25574
name added to list: 25575
name added to list: 25576
name added to list: 25577
name added to list: 25578
name added to list: 25579
name added to list: 25580
name added to list: 25581
name added to list: 25582
name added to list: 25583
name added to list: 25584
name added to list: 25585
name added to list: 25586
name added to list: 25587
name added to list: 25588
name added to list: 25589
name added to list: 25590
name added to list: 25591
name added to list: 25592
name added to list: 25593
name added to list: 25594
name added to list: 25595
name added to list: 25596
name added to list: 25597
name added to list: 25598
name added to list: 25599
name added to list: 25600
name added to list: 25601
name added to list: 25602
name added to list: 25603
name added to list: 25604
name added to list: 25605
name added to list: 25606
name added to list: 25607
name added to list: 25608
name added to list: 25609
name added to list: 25610
name added to list: 25611
name added to list: 25612
name added to list: 25613
name added to list: 25614
name added to list: 25615
name added to list: 25616
name added to list: 25617
name added to list: 25618
name added to list: 25619
name added to list: 25620
name added to list: 25621
name added to list: 25622
name added to list: 25623
name added to list: 25624
name added to list: 25625
name added to list: 25626
name added to list: 25627
name added to list: 25628
name added to list: 25629
name added to list: 25630
name added to list: 25631
name added to list: 25632
name added to list: 25633
name added to list: 25634
name added to list: 25635
name added to list: 25636
name added to list: 25637
name added to list: 25638
name added to list: 25639
name added to list: 25640
name added to list: 25641
name added to list: 25642
name added to list: 25643
name added to list: 25644
name added to list: 25645
name added to list: 25646
name added to list: 25647
name added to list: 25648
name added to list: 25649
name added to list: 25650
name added to list: 25651
name added to list: 25652
name added to list: 25653
name added to list: 25654
name added to list: 25655
name added to list: 25656
name added to list: 25657
name added to list: 25658
name added to list: 25659
name added to list: 25660
name added to list: 25661
name added to list: 25662
name added to list: 25663
name added to list: 25664
name added to list: 25665
name added to list: 25666
name added to list: 25667
name added to list: 25668
name added to list: 25669
name added to list: 25670
name added to list: 25671
name added to list: 25672
name added to list: 25673
name added to list: 25674
name added to list: 25675
name added to list: 25676
name added to list: 25677
name added to list: 25678
name added to list: 25679
name added to list: 25680
name added to list: 25681
name added to list: 25682
name added to list: 25683
name added to list: 25684
name added to list: 25685
name added to list: 25686
name added to list: 25687
name added to list: 25688
name added to list: 25689
name added to list: 25690
name added to list: 25691
name added to list: 25692
name added to list: 25693
name added to list: 25694
name added to list: 25695
name added to list: 25696
name added to list: 25697
name added to list: 25698
name added to list: 25699
name added to list: 25700
name added to list: 25701
name added to list: 25702
name added to list: 25703
name added to list: 25704
name added to list: 25705
name added to list: 25706
name added to list: 25707
name added to list: 25708
name added to list: 25709
name added to list: 25710
name added to list: 25711
name added to list: 25712
name added to list: 25713
name added to list: 25714
name added to list: 25715
name added to list: 25716
name added to list: 25717
name added to list: 25718
name added to list: 25719
name added to list: 25720
name added to list: 25721
name added to list: 25722
name added to list: 25723
name added to list: 25724
name added to list: 25725
name added to list: 25726
name added to list: 25727
name added to list: 25728
name added to list: 25729
name added to list: 25730
name added to list: 25731
name added to list: 25732
name added to list: 25733
name added to list: 25734
name added to list: 25735
name added to list: 25736
name added to list: 25737
name added to list: 25738
name added to list: 25739
name added to list: 25740
name added to list: 25741
name added to list: 25742
name added to list: 25743
name added to list: 25744
name added to list: 25745
name added to list: 25746
name added to list: 25747
name added to list: 25748
name added to list: 25749
name added to list: 25750
name added to list: 25751
name added to list: 25752
name added to list: 25753
name added to list: 25754
name added to list: 25755
name added to list: 25756
name added to list: 25757
name added to list: 25758
name added to list: 25759
name added to list: 25760
name added to list: 25761
name added to list: 25762
name added to list: 25763
name added to list: 25764
name added to list: 25765
name added to list: 25766
name added to list: 25767
name added to list: 25768
name added to list: 25769
name added to list: 25770
name added to list: 25771
name added to list: 25772
name added to list: 25773
name added to list: 25774
name added to list: 25775
name added to list: 25776
name added to list: 25777
name added to list: 25778
name added to list: 25779
name added to list: 25780
name added to list: 25781
name added to list: 25782
name added to list: 25783
name added to list: 25784
name added to list: 25785
name added to list: 25786
name added to list: 25787
name added to list: 25788
name added to list: 25789
name added to list: 25790
name added to list: 25791
name added to list: 25792
name added to list: 25793
name added to list: 25794
name added to list: 25795
name added to list: 25796
name added to list: 25797
name added to list: 25798
name added to list: 25799
name added to list: 25800
name added to list: 25801
name added to list: 25802
name added to list: 25803
name added to list: 25804
name added to list: 25805
name added to list: 25806
name added to list: 25807
name added to list: 25808
name added to list: 25809
name added to list: 25810
name added to list: 25811
name added to list: 25812
name added to list: 25813
name added to list: 25814
name added to list: 25815
name added to list: 25816
name added to list: 25817
name added to list: 25818
name added to list: 25819
name added to list: 25820
name added to list: 25821
name added to list: 25822
name added to list: 25823
name added to list: 25824
name added to list: 25825
name added to list: 25826
name added to list: 25827
name added to list: 25828
name added to list: 25829
name added to list: 25830
name added to list: 25831
name added to list: 25832
name added to list: 25833
name added to list: 25834
name added to list: 25835
name added to list: 25836
name added to list: 25837
name added to list: 25838
name added to list: 25839
name added to list: 25840
name added to list: 25841
name added to list: 25842
name added to list: 25843
name added to list: 25844
name added to list: 25845
name added to list: 25846
name added to list: 25847
name added to list: 25848
name added to list: 25849
name added to list: 25850
name added to list: 25851
name added to list: 25852
name added to list: 25853
name added to list: 25854
name added to list: 25855
name added to list: 25856
name added to list: 25857
name added to list: 25858
name added to list: 25859
name added to list: 25860
name added to list: 25861
name added to list: 25862
name added to list: 25863
name added to list: 25864
name added to list: 25865
name added to list: 25866
name added to list: 25867
name added to list: 25868
name added to list: 25869
name added to list: 25870
name added to list: 25871
name added to list: 25872
name added to list: 25873
name added to list: 25874
name added to list: 25875
name added to list: 25876
name added to list: 25877
name added to list: 25878
name added to list: 25879
name added to list: 25880
name added to list: 25881
name added to list: 25882
name added to list: 25883
name added to list: 25884
name added to list: 25885
name added to list: 25886
name added to list: 25887
name added to list: 25888
name added to list: 25889
name added to list: 25890
name added to list: 25891
name added to list: 25892
name added to list: 25893
name added to list: 25894
name added to list: 25895
name added to list: 25896
name added to list: 25897
name added to list: 25898
name added to list: 25899
name added to list: 25900
name added to list: 25901
name added to list: 25902
name added to list: 25903
name added to list: 25904
name added to list: 25905
name added to list: 25906
name added to list: 25907
name added to list: 25908
name added to list: 25909
name added to list: 25910
name added to list: 25911
name added to list: 25912
name added to list: 25913
name added to list: 25914
name added to list: 25915
name added to list: 25916
name added to list: 25917
name added to list: 25918
name added to list: 25919
name added to list: 25920
name added to list: 25921
name added to list: 25922
name added to list: 25923
name added to list: 25924
name added to list: 25925
name added to list: 25926
name added to list: 25927
name added to list: 25928
name added to list: 25929
name added to list: 25930
name added to list: 25931
name added to list: 25932
name added to list: 25933
name added to list: 25934
name added to list: 25935
name added to list: 25936
name added to list: 25937
name added to list: 25938
name added to list: 25939
name added to list: 25940
name added to list: 25941
name added to list: 25942
name added to list: 25943
name added to list: 25944
name added to list: 25945
name added to list: 25946
name added to list: 25947
name added to list: 25948
name added to list: 25949
name added to list: 25950
name added to list: 25951
name added to list: 25952
name added to list: 25953
name added to list: 25954
name added to list: 25955
name added to list: 25956
name added to list: 25957
name added to list: 25958
name added to list: 25959
name added to list: 25960
name added to list: 25961
name added to list: 25962
name added to list: 25963
name added to list: 25964
name added to list: 25965
name added to list: 25966
name added to list: 25967
name added to list: 25968
name added to list: 25969
name added to list: 25970
name added to list: 25971
name added to list: 25972
name added to list: 25973
name added to list: 25974
name added to list: 25975
name added to list: 25976
name added to list: 25977
name added to list: 25978
name added to list: 25979
name added to list: 25980
name added to list: 25981
name added to list: 25982
name added to list: 25983
name added to list: 25984
name added to list: 25985
name added to list: 25986
name added to list: 25987
name added to list: 25988
name added to list: 25989
name added to list: 25990
name added to list: 25991
name added to list: 25992
name added to list: 25993
name added to list: 25994
name added to list: 25995
name added to list: 25996
name added to list: 25997
name added to list: 25998
name added to list: 25999
name added to list: 26000
name added to list: 26001
name added to list: 26002
name added to list: 26003
name added to list: 26004
name added to list: 26005
name added to list: 26006
name added to list: 26007
name added to list: 26008
name added to list: 26009
name added to list: 26010
name added to list: 26011
name added to list: 26012
name added to list: 26013
name added to list: 26014
name added to list: 26015
name added to list: 26016
name added to list: 26017
name added to list: 26018
name added to list: 26019
name added to list: 26020
name added to list: 26021
name added to list: 26022
name added to list: 26023
name added to list: 26024
name added to list: 26025
name added to list: 26026
name added to list: 26027
name added to list: 26028
name added to list: 26029
name added to list: 26030
name added to list: 26031
name added to list: 26032
name added to list: 26033
name added to list: 26034
name added to list: 26035
name added to list: 26036
name added to list: 26037
name added to list: 26038
name added to list: 26039
name added to list: 26040
name added to list: 26041
name added to list: 26042
name added to list: 26043
name added to list: 26044
name added to list: 26045
name added to list: 26046
name added to list: 26047
name added to list: 26048
name added to list: 26049
name added to list: 26050
name added to list: 26051
name added to list: 26052
name added to list: 26053
name added to list: 26054
name added to list: 26055
name added to list: 26056
name added to list: 26057
name added to list: 26058
name added to list: 26059
name added to list: 26060
name added to list: 26061
name added to list: 26062
name added to list: 26063
name added to list: 26064
name added to list: 26065
name added to list: 26066
name added to list: 26067
name added to list: 26068
name added to list: 26069
name added to list: 26070
name added to list: 26071
name added to list: 26072
name added to list: 26073
name added to list: 26074
name added to list: 26075
name added to list: 26076
name added to list: 26077
name added to list: 26078
name added to list: 26079
name added to list: 26080
name added to list: 26081
name added to list: 26082
name added to list: 26083
name added to list: 26084
name added to list: 26085
name added to list: 26086
name added to list: 26087
name added to list: 26088
name added to list: 26089
name added to list: 26090
name added to list: 26091
name added to list: 26092
name added to list: 26093
name added to list: 26094
name added to list: 26095
name added to list: 26096
name added to list: 26097
name added to list: 26098
name added to list: 26099
name added to list: 26100
name added to list: 26101
name added to list: 26102
name added to list: 26103
name added to list: 26104
name added to list: 26105
name added to list: 26106
name added to list: 26107
name added to list: 26108
name added to list: 26109
name added to list: 26110
name added to list: 26111
name added to list: 26112
name added to list: 26113
name added to list: 26114
name added to list: 26115
name added to list: 26116
name added to list: 26117
name added to list: 26118
name added to list: 26119
name added to list: 26120
name added to list: 26121
name added to list: 26122
name added to list: 26123
name added to list: 26124
name added to list: 26125
name added to list: 26126
name added to list: 26127
name added to list: 26128
name added to list: 26129
name added to list: 26130
name added to list: 26131
name added to list: 26132
name added to list: 26133
name added to list: 26134
name added to list: 26135
name added to list: 26136
name added to list: 26137
name added to list: 26138
name added to list: 26139
name added to list: 26140
name added to list: 26141
name added to list: 26142
name added to list: 26143
name added to list: 26144
name added to list: 26145
name added to list: 26146
name added to list: 26147
name added to list: 26148
name added to list: 26149
name added to list: 26150
name added to list: 26151
name added to list: 26152
name added to list: 26153
name added to list: 26154
name added to list: 26155
name added to list: 26156
name added to list: 26157
name added to list: 26158
name added to list: 26159
name added to list: 26160
name added to list: 26161
name added to list: 26162
name added to list: 26163
name added to list: 26164
name added to list: 26165
name added to list: 26166
name added to list: 26167
name added to list: 26168
name added to list: 26169
name added to list: 26170
name added to list: 26171
name added to list: 26172
name added to list: 26173
name added to list: 26174
name added to list: 26175
name added to list: 26176
name added to list: 26177
name added to list: 26178
name added to list: 26179
name added to list: 26180
name added to list: 26181
name added to list: 26182
name added to list: 26183
name added to list: 26184
name added to list: 26185
name added to list: 26186
name added to list: 26187
name added to list: 26188
name added to list: 26189
name added to list: 26190
name added to list: 26191
name added to list: 26192
name added to list: 26193
name added to list: 26194
name added to list: 26195
name added to list: 26196
name added to list: 26197
name added to list: 26198
name added to list: 26199
name added to list: 26200
name added to list: 26201
name added to list: 26202
name added to list: 26203
name added to list: 26204
name added to list: 26205
name added to list: 26206
name added to list: 26207
name added to list: 26208
name added to list: 26209
name added to list: 26210
name added to list: 26211
name added to list: 26212
name added to list: 26213
name added to list: 26214
name added to list: 26215
name added to list: 26216
name added to list: 26217
name added to list: 26218
name added to list: 26219
name added to list: 26220
name added to list: 26221
name added to list: 26222
name added to list: 26223
name added to list: 26224
name added to list: 26225
name added to list: 26226
name added to list: 26227
name added to list: 26228
name added to list: 26229
name added to list: 26230
name added to list: 26231
name added to list: 26232
name added to list: 26233
name added to list: 26234
name added to list: 26235
name added to list: 26236
name added to list: 26237
name added to list: 26238
name added to list: 26239
name added to list: 26240
name added to list: 26241
name added to list: 26242
name added to list: 26243
name added to list: 26244
name added to list: 26245
name added to list: 26246
name added to list: 26247
name added to list: 26248
name added to list: 26249
name added to list: 26250
name added to list: 26251
name added to list: 26252
name added to list: 26253
name added to list: 26254
name added to list: 26255
name added to list: 26256
name added to list: 26257
name added to list: 26258
name added to list: 26259
name added to list: 26260
name added to list: 26261
name added to list: 26262
name added to list: 26263
name added to list: 26264
name added to list: 26265
name added to list: 26266
name added to list: 26267
name added to list: 26268
name added to list: 26269
name added to list: 26270
name added to list: 26271
name added to list: 26272
name added to list: 26273
name added to list: 26274
name added to list: 26275
name added to list: 26276
name added to list: 26277
name added to list: 26278
name added to list: 26279
name added to list: 26280
name added to list: 26281
name added to list: 26282
name added to list: 26283
name added to list: 26284
name added to list: 26285
name added to list: 26286
name added to list: 26287
name added to list: 26288
name added to list: 26289
name added to list: 26290
name added to list: 26291
name added to list: 26292
name added to list: 26293
name added to list: 26294
name added to list: 26295
name added to list: 26296
name added to list: 26297
name added to list: 26298
name added to list: 26299
name added to list: 26300
name added to list: 26301
name added to list: 26302
name added to list: 26303
name added to list: 26304
name added to list: 26305
name added to list: 26306
name added to list: 26307
name added to list: 26308
name added to list: 26309
name added to list: 26310
name added to list: 26311
name added to list: 26312
name added to list: 26313
name added to list: 26314
name added to list: 26315
name added to list: 26316
name added to list: 26317
name added to list: 26318
name added to list: 26319
name added to list: 26320
name added to list: 26321
name added to list: 26322
name added to list: 26323
name added to list: 26324
name added to list: 26325
name added to list: 26326
name added to list: 26327
name added to list: 26328
name added to list: 26329
name added to list: 26330
name added to list: 26331
name added to list: 26332
name added to list: 26333
name added to list: 26334
name added to list: 26335
name added to list: 26336
name added to list: 26337
name added to list: 26338
name added to list: 26339
name added to list: 26340
name added to list: 26341
name added to list: 26342
name added to list: 26343
name added to list: 26344
name added to list: 26345
name added to list: 26346
name added to list: 26347
name added to list: 26348
name added to list: 26349
name added to list: 26350
name added to list: 26351
name added to list: 26352
name added to list: 26353
name added to list: 26354
name added to list: 26355
name added to list: 26356
name added to list: 26357
name added to list: 26358
name added to list: 26359
name added to list: 26360
name added to list: 26361
name added to list: 26362
name added to list: 26363
name added to list: 26364
name added to list: 26365
name added to list: 26366
name added to list: 26367
name added to list: 26368
name added to list: 26369
name added to list: 26370
name added to list: 26371
name added to list: 26372
name added to list: 26373
name added to list: 26374
name added to list: 26375
name added to list: 26376
name added to list: 26377
name added to list: 26378
name added to list: 26379
name added to list: 26380
name added to list: 26381
name added to list: 26382
name added to list: 26383
name added to list: 26384
name added to list: 26385
name added to list: 26386
name added to list: 26387
name added to list: 26388
name added to list: 26389
name added to list: 26390
name added to list: 26391
name added to list: 26392
name added to list: 26393
name added to list: 26394
name added to list: 26395
name added to list: 26396
name added to list: 26397
name added to list: 26398
name added to list: 26399
name added to list: 26400
name added to list: 26401
name added to list: 26402
name added to list: 26403
name added to list: 26404
name added to list: 26405
name added to list: 26406
name added to list: 26407
name added to list: 26408
name added to list: 26409
name added to list: 26410
name added to list: 26411
name added to list: 26412
name added to list: 26413
name added to list: 26414
name added to list: 26415
name added to list: 26416
name added to list: 26417
name added to list: 26418
name added to list: 26419
name added to list: 26420
name added to list: 26421
name added to list: 26422
name added to list: 26423
name added to list: 26424
name added to list: 26425
name added to list: 26426
name added to list: 26427
name added to list: 26428
name added to list: 26429
name added to list: 26430
name added to list: 26431
name added to list: 26432
name added to list: 26433
name added to list: 26434
name added to list: 26435
name added to list: 26436
name added to list: 26437
name added to list: 26438
name added to list: 26439
name added to list: 26440
name added to list: 26441
name added to list: 26442
name added to list: 26443
name added to list: 26444
name added to list: 26445
name added to list: 26446
name added to list: 26447
name added to list: 26448
name added to list: 26449
name added to list: 26450
name added to list: 26451
name added to list: 26452
name added to list: 26453
name added to list: 26454
name added to list: 26455
name added to list: 26456
name added to list: 26457
name added to list: 26458
name added to list: 26459
name added to list: 26460
name added to list: 26461
name added to list: 26462
name added to list: 26463
name added to list: 26464
name added to list: 26465
name added to list: 26466
name added to list: 26467
name added to list: 26468
name added to list: 26469
name added to list: 26470
name added to list: 26471
name added to list: 26472
name added to list: 26473
name added to list: 26474
name added to list: 26475
name added to list: 26476
name added to list: 26477
name added to list: 26478
name added to list: 26479
name added to list: 26480
name added to list: 26481
name added to list: 26482
name added to list: 26483
name added to list: 26484
name added to list: 26485
name added to list: 26486
name added to list: 26487
name added to list: 26488
name added to list: 26489
name added to list: 26490
name added to list: 26491
name added to list: 26492
name added to list: 26493
name added to list: 26494
name added to list: 26495
name added to list: 26496
name added to list: 26497
name added to list: 26498
name added to list: 26499
name added to list: 26500
name added to list: 26501
name added to list: 26502
name added to list: 26503
name added to list: 26504
name added to list: 26505
name added to list: 26506
name added to list: 26507
name added to list: 26508
name added to list: 26509
name added to list: 26510
name added to list: 26511
name added to list: 26512
name added to list: 26513
name added to list: 26514
name added to list: 26515
name added to list: 26516
name added to list: 26517
name added to list: 26518
name added to list: 26519
name added to list: 26520
name added to list: 26521
name added to list: 26522
name added to list: 26523
name added to list: 26524
name added to list: 26525
name added to list: 26526
name added to list: 26527
name added to list: 26528
name added to list: 26529
name added to list: 26530
name added to list: 26531
name added to list: 26532
name added to list: 26533
name added to list: 26534
name added to list: 26535
name added to list: 26536
name added to list: 26537
name added to list: 26538
name added to list: 26539
name added to list: 26540
name added to list: 26541
name added to list: 26542
name added to list: 26543
name added to list: 26544
name added to list: 26545
name added to list: 26546
name added to list: 26547
name added to list: 26548
name added to list: 26549
name added to list: 26550
name added to list: 26551
name added to list: 26552
name added to list: 26553
name added to list: 26554
name added to list: 26555
name added to list: 26556
name added to list: 26557
name added to list: 26558
name added to list: 26559
name added to list: 26560
name added to list: 26561
name added to list: 26562
name added to list: 26563
name added to list: 26564
name added to list: 26565
name added to list: 26566
name added to list: 26567
name added to list: 26568
name added to list: 26569
name added to list: 26570
name added to list: 26571
name added to list: 26572
name added to list: 26573
name added to list: 26574
name added to list: 26575
name added to list: 26576
name added to list: 26577
name added to list: 26578
name added to list: 26579
name added to list: 26580
name added to list: 26581
name added to list: 26582
name added to list: 26583
name added to list: 26584
name added to list: 26585
name added to list: 26586
name added to list: 26587
name added to list: 26588
name added to list: 26589
name added to list: 26590
name added to list: 26591
name added to list: 26592
name added to list: 26593
name added to list: 26594
name added to list: 26595
name added to list: 26596
name added to list: 26597
name added to list: 26598
name added to list: 26599
name added to list: 26600
name added to list: 26601
name added to list: 26602
name added to list: 26603
name added to list: 26604
name added to list: 26605
name added to list: 26606
name added to list: 26607
name added to list: 26608
name added to list: 26609
name added to list: 26610
name added to list: 26611
name added to list: 26612
name added to list: 26613
name added to list: 26614
name added to list: 26615
name added to list: 26616
name added to list: 26617
name added to list: 26618
name added to list: 26619
name added to list: 26620
name added to list: 26621
name added to list: 26622
name added to list: 26623
name added to list: 26624
name added to list: 26625
name added to list: 26626
name added to list: 26627
name added to list: 26628
name added to list: 26629
name added to list: 26630
name added to list: 26631
name added to list: 26632
name added to list: 26633
name added to list: 26634
name added to list: 26635
name added to list: 26636
name added to list: 26637
name added to list: 26638
name added to list: 26639
name added to list: 26640
name added to list: 26641
name added to list: 26642
name added to list: 26643
name added to list: 26644
name added to list: 26645
name added to list: 26646
name added to list: 26647
name added to list: 26648
name added to list: 26649
name added to list: 26650
name added to list: 26651
name added to list: 26652
name added to list: 26653
name added to list: 26654
name added to list: 26655
name added to list: 26656
name added to list: 26657
name added to list: 26658
name added to list: 26659
name added to list: 26660
name added to list: 26661
name added to list: 26662
name added to list: 26663
name added to list: 26664
name added to list: 26665
name added to list: 26666
name added to list: 26667
name added to list: 26668
name added to list: 26669
name added to list: 26670
name added to list: 26671
name added to list: 26672
name added to list: 26673
name added to list: 26674
name added to list: 26675
name added to list: 26676
name added to list: 26677
name added to list: 26678
name added to list: 26679
name added to list: 26680
name added to list: 26681
name added to list: 26682
name added to list: 26683
name added to list: 26684
name added to list: 26685
name added to list: 26686
name added to list: 26687
name added to list: 26688
name added to list: 26689
name added to list: 26690
name added to list: 26691
name added to list: 26692
name added to list: 26693
name added to list: 26694
name added to list: 26695
name added to list: 26696
name added to list: 26697
name added to list: 26698
name added to list: 26699
name added to list: 26700
name added to list: 26701
name added to list: 26702
name added to list: 26703
name added to list: 26704
name added to list: 26705
name added to list: 26706
name added to list: 26707
name added to list: 26708
name added to list: 26709
name added to list: 26710
name added to list: 26711
name added to list: 26712
name added to list: 26713
name added to list: 26714
name added to list: 26715
name added to list: 26716
name added to list: 26717
name added to list: 26718
name added to list: 26719
name added to list: 26720
name added to list: 26721
name added to list: 26722
name added to list: 26723
name added to list: 26724
name added to list: 26725
name added to list: 26726
name added to list: 26727
name added to list: 26728
name added to list: 26729
name added to list: 26730
name added to list: 26731
name added to list: 26732
name added to list: 26733
name added to list: 26734
name added to list: 26735
name added to list: 26736
name added to list: 26737
name added to list: 26738
name added to list: 26739
name added to list: 26740
name added to list: 26741
name added to list: 26742
name added to list: 26743
name added to list: 26744
name added to list: 26745
name added to list: 26746
name added to list: 26747
name added to list: 26748
name added to list: 26749
name added to list: 26750
name added to list: 26751
name added to list: 26752
name added to list: 26753
name added to list: 26754
name added to list: 26755
name added to list: 26756
name added to list: 26757
name added to list: 26758
name added to list: 26759
name added to list: 26760
name added to list: 26761
name added to list: 26762
name added to list: 26763
name added to list: 26764
name added to list: 26765
name added to list: 26766
name added to list: 26767
name added to list: 26768
name added to list: 26769
name added to list: 26770
name added to list: 26771
name added to list: 26772
name added to list: 26773
name added to list: 26774
name added to list: 26775
name added to list: 26776
name added to list: 26777
name added to list: 26778
name added to list: 26779
name added to list: 26780
name added to list: 26781
name added to list: 26782
name added to list: 26783
name added to list: 26784
name added to list: 26785
name added to list: 26786
name added to list: 26787
name added to list: 26788
name added to list: 26789
name added to list: 26790
name added to list: 26791
name added to list: 26792
name added to list: 26793
name added to list: 26794
name added to list: 26795
name added to list: 26796
name added to list: 26797
name added to list: 26798
name added to list: 26799
name added to list: 26800
name added to list: 26801
name added to list: 26802
name added to list: 26803
name added to list: 26804
name added to list: 26805
name added to list: 26806
name added to list: 26807
name added to list: 26808
name added to list: 26809
name added to list: 26810
name added to list: 26811
name added to list: 26812
name added to list: 26813
name added to list: 26814
name added to list: 26815
name added to list: 26816
name added to list: 26817
name added to list: 26818
name added to list: 26819
name added to list: 26820
name added to list: 26821
name added to list: 26822
name added to list: 26823
name added to list: 26824
name added to list: 26825
name added to list: 26826
name added to list: 26827
name added to list: 26828
name added to list: 26829
name added to list: 26830
name added to list: 26831
name added to list: 26832
name added to list: 26833
name added to list: 26834
name added to list: 26835
name added to list: 26836
name added to list: 26837
name added to list: 26838
name added to list: 26839
name added to list: 26840
name added to list: 26841
name added to list: 26842
name added to list: 26843
name added to list: 26844
name added to list: 26845
name added to list: 26846
name added to list: 26847
name added to list: 26848
name added to list: 26849
name added to list: 26850
name added to list: 26851
name added to list: 26852
name added to list: 26853
name added to list: 26854
name added to list: 26855
name added to list: 26856
name added to list: 26857
name added to list: 26858
name added to list: 26859
name added to list: 26860
name added to list: 26861
name added to list: 26862
name added to list: 26863
name added to list: 26864
name added to list: 26865
name added to list: 26866
name added to list: 26867
name added to list: 26868
name added to list: 26869
name added to list: 26870
name added to list: 26871
name added to list: 26872
name added to list: 26873
name added to list: 26874
name added to list: 26875
name added to list: 26876
name added to list: 26877
name added to list: 26878
name added to list: 26879
name added to list: 26880
name added to list: 26881
name added to list: 26882
name added to list: 26883
name added to list: 26884
name added to list: 26885
name added to list: 26886
name added to list: 26887
name added to list: 26888
name added to list: 26889
name added to list: 26890
name added to list: 26891
name added to list: 26892
name added to list: 26893
name added to list: 26894
name added to list: 26895
name added to list: 26896
name added to list: 26897
name added to list: 26898
name added to list: 26899
name added to list: 26900
name added to list: 26901
name added to list: 26902
name added to list: 26903
name added to list: 26904
name added to list: 26905
name added to list: 26906
name added to list: 26907
name added to list: 26908
name added to list: 26909
name added to list: 26910
name added to list: 26911
name added to list: 26912
name added to list: 26913
name added to list: 26914
name added to list: 26915
name added to list: 26916
name added to list: 26917
name added to list: 26918
name added to list: 26919
name added to list: 26920
name added to list: 26921
name added to list: 26922
name added to list: 26923
name added to list: 26924
name added to list: 26925
name added to list: 26926
name added to list: 26927
name added to list: 26928
name added to list: 26929
name added to list: 26930
name added to list: 26931
name added to list: 26932
name added to list: 26933
name added to list: 26934
name added to list: 26935
name added to list: 26936
name added to list: 26937
name added to list: 26938
name added to list: 26939
name added to list: 26940
name added to list: 26941
name added to list: 26942
name added to list: 26943
name added to list: 26944
name added to list: 26945
name added to list: 26946
name added to list: 26947
name added to list: 26948
name added to list: 26949
name added to list: 26950
name added to list: 26951
name added to list: 26952
name added to list: 26953
name added to list: 26954
name added to list: 26955
name added to list: 26956
name added to list: 26957
name added to list: 26958
name added to list: 26959
name added to list: 26960
name added to list: 26961
name added to list: 26962
name added to list: 26963
name added to list: 26964
name added to list: 26965
name added to list: 26966
name added to list: 26967
name added to list: 26968
name added to list: 26969
name added to list: 26970
name added to list: 26971
name added to list: 26972
name added to list: 26973
name added to list: 26974
name added to list: 26975
name added to list: 26976
name added to list: 26977
name added to list: 26978
name added to list: 26979
name added to list: 26980
name added to list: 26981
name added to list: 26982
name added to list: 26983
name added to list: 26984
name added to list: 26985
name added to list: 26986
name added to list: 26987
name added to list: 26988
name added to list: 26989
name added to list: 26990
name added to list: 26991
name added to list: 26992
name added to list: 26993
name added to list: 26994
name added to list: 26995
name added to list: 26996
name added to list: 26997
name added to list: 26998
name added to list: 26999
name added to list: 27000
name added to list: 27001
name added to list: 27002
name added to list: 27003
name added to list: 27004
name added to list: 27005
name added to list: 27006
name added to list: 27007
name added to list: 27008
name added to list: 27009
name added to list: 27010
name added to list: 27011
name added to list: 27012
name added to list: 27013
name added to list: 27014
name added to list: 27015
name added to list: 27016
name added to list: 27017
name added to list: 27018
name added to list: 27019
name added to list: 27020
name added to list: 27021
name added to list: 27022
name added to list: 27023
name added to list: 27024
name added to list: 27025
name added to list: 27026
name added to list: 27027
name added to list: 27028
name added to list: 27029
name added to list: 27030
name added to list: 27031
name added to list: 27032
name added to list: 27033
name added to list: 27034
name added to list: 27035
name added to list: 27036
name added to list: 27037
name added to list: 27038
name added to list: 27039
name added to list: 27040
name added to list: 27041
name added to list: 27042
name added to list: 27043
name added to list: 27044
name added to list: 27045
name added to list: 27046
name added to list: 27047
name added to list: 27048
name added to list: 27049
name added to list: 27050
name added to list: 27051
name added to list: 27052
name added to list: 27053
name added to list: 27054
name added to list: 27055
name added to list: 27056
name added to list: 27057
name added to list: 27058
name added to list: 27059
name added to list: 27060
name added to list: 27061
name added to list: 27062
name added to list: 27063
name added to list: 27064
name added to list: 27065
name added to list: 27066
name added to list: 27067
name added to list: 27068
name added to list: 27069
name added to list: 27070
name added to list: 27071
name added to list: 27072
name added to list: 27073
name added to list: 27074
name added to list: 27075
name added to list: 27076
name added to list: 27077
name added to list: 27078
name added to list: 27079
name added to list: 27080
name added to list: 27081
name added to list: 27082
name added to list: 27083
name added to list: 27084
name added to list: 27085
name added to list: 27086
name added to list: 27087
name added to list: 27088
name added to list: 27089
name added to list: 27090
name added to list: 27091
name added to list: 27092
name added to list: 27093
name added to list: 27094
name added to list: 27095
name added to list: 27096
name added to list: 27097
name added to list: 27098
name added to list: 27099
name added to list: 27100
name added to list: 27101
name added to list: 27102
name added to list: 27103
name added to list: 27104
name added to list: 27105
name added to list: 27106
name added to list: 27107
name added to list: 27108
name added to list: 27109
name added to list: 27110
name added to list: 27111
name added to list: 27112
name added to list: 27113
name added to list: 27114
name added to list: 27115
name added to list: 27116
name added to list: 27117
name added to list: 27118
name added to list: 27119
name added to list: 27120
name added to list: 27121
name added to list: 27122
name added to list: 27123
name added to list: 27124
name added to list: 27125
name added to list: 27126
name added to list: 27127
name added to list: 27128
name added to list: 27129
name added to list: 27130
name added to list: 27131
name added to list: 27132
name added to list: 27133
name added to list: 27134
name added to list: 27135
name added to list: 27136
name added to list: 27137
name added to list: 27138
name added to list: 27139
name added to list: 27140
name added to list: 27141
name added to list: 27142
name added to list: 27143
name added to list: 27144
name added to list: 27145
name added to list: 27146
name added to list: 27147
name added to list: 27148
name added to list: 27149
name added to list: 27150
name added to list: 27151
name added to list: 27152
name added to list: 27153
name added to list: 27154
name added to list: 27155
name added to list: 27156
name added to list: 27157
name added to list: 27158
name added to list: 27159
name added to list: 27160
name added to list: 27161
name added to list: 27162
name added to list: 27163
name added to list: 27164
name added to list: 27165
name added to list: 27166
name added to list: 27167
name added to list: 27168
name added to list: 27169
name added to list: 27170
name added to list: 27171
name added to list: 27172
name added to list: 27173
name added to list: 27174
name added to list: 27175
name added to list: 27176
name added to list: 27177
name added to list: 27178
name added to list: 27179
name added to list: 27180
name added to list: 27181
name added to list: 27182
name added to list: 27183
name added to list: 27184
name added to list: 27185
name added to list: 27186
name added to list: 27187
name added to list: 27188
name added to list: 27189
name added to list: 27190
name added to list: 27191
name added to list: 27192
name added to list: 27193
name added to list: 27194
name added to list: 27195
name added to list: 27196
name added to list: 27197
name added to list: 27198
name added to list: 27199
name added to list: 27200
name added to list: 27201
name added to list: 27202
name added to list: 27203
name added to list: 27204
name added to list: 27205
name added to list: 27206
name added to list: 27207
name added to list: 27208
name added to list: 27209
name added to list: 27210
name added to list: 27211
name added to list: 27212
name added to list: 27213
name added to list: 27214
name added to list: 27215
name added to list: 27216
name added to list: 27217
name added to list: 27218
name added to list: 27219
name added to list: 27220
name added to list: 27221
name added to list: 27222
name added to list: 27223
name added to list: 27224
name added to list: 27225
name added to list: 27226
name added to list: 27227
name added to list: 27228
name added to list: 27229
name added to list: 27230
name added to list: 27231
name added to list: 27232
name added to list: 27233
name added to list: 27234
name added to list: 27235
name added to list: 27236
name added to list: 27237
name added to list: 27238
name added to list: 27239
name added to list: 27240
name added to list: 27241
name added to list: 27242
name added to list: 27243
name added to list: 27244
name added to list: 27245
name added to list: 27246
name added to list: 27247
name added to list: 27248
name added to list: 27249
name added to list: 27250
name added to list: 27251
name added to list: 27252
name added to list: 27253
name added to list: 27254
name added to list: 27255
name added to list: 27256
name added to list: 27257
name added to list: 27258
name added to list: 27259
name added to list: 27260
name added to list: 27261
name added to list: 27262
name added to list: 27263
name added to list: 27264
name added to list: 27265
name added to list: 27266
name added to list: 27267
name added to list: 27268
name added to list: 27269
name added to list: 27270
name added to list: 27271
name added to list: 27272
name added to list: 27273
name added to list: 27274
name added to list: 27275
name added to list: 27276
name added to list: 27277
name added to list: 27278
name added to list: 27279
name added to list: 27280
name added to list: 27281
name added to list: 27282
name added to list: 27283
name added to list: 27284
name added to list: 27285
name added to list: 27286
name added to list: 27287
name added to list: 27288
name added to list: 27289
name added to list: 27290
name added to list: 27291
name added to list: 27292
name added to list: 27293
name added to list: 27294
name added to list: 27295
name added to list: 27296
name added to list: 27297
name added to list: 27298
name added to list: 27299
name added to list: 27300
name added to list: 27301
name added to list: 27302
name added to list: 27303
name added to list: 27304
name added to list: 27305
name added to list: 27306
name added to list: 27307
name added to list: 27308
name added to list: 27309
name added to list: 27310
name added to list: 27311
name added to list: 27312
name added to list: 27313
name added to list: 27314
name added to list: 27315
name added to list: 27316
name added to list: 27317
name added to list: 27318
name added to list: 27319
name added to list: 27320
name added to list: 27321
name added to list: 27322
name added to list: 27323
name added to list: 27324
name added to list: 27325
name added to list: 27326
name added to list: 27327
name added to list: 27328
name added to list: 27329
name added to list: 27330
name added to list: 27331
name added to list: 27332
name added to list: 27333
name added to list: 27334
name added to list: 27335
name added to list: 27336
name added to list: 27337
name added to list: 27338
name added to list: 27339
name added to list: 27340
name added to list: 27341
name added to list: 27342
name added to list: 27343
name added to list: 27344
name added to list: 27345
name added to list: 27346
name added to list: 27347
name added to list: 27348
name added to list: 27349
name added to list: 27350
name added to list: 27351
name added to list: 27352
name added to list: 27353
name added to list: 27354
name added to list: 27355
name added to list: 27356
name added to list: 27357
name added to list: 27358
name added to list: 27359
name added to list: 27360
name added to list: 27361
name added to list: 27362
name added to list: 27363
name added to list: 27364
name added to list: 27365
name added to list: 27366
name added to list: 27367
name added to list: 27368
name added to list: 27369
name added to list: 27370
name added to list: 27371
name added to list: 27372
name added to list: 27373
name added to list: 27374
name added to list: 27375
name added to list: 27376
name added to list: 27377
name added to list: 27378
name added to list: 27379
name added to list: 27380
name added to list: 27381
name added to list: 27382
name added to list: 27383
name added to list: 27384
name added to list: 27385
name added to list: 27386
name added to list: 27387
name added to list: 27388
name added to list: 27389
name added to list: 27390
name added to list: 27391
name added to list: 27392
name added to list: 27393
name added to list: 27394
name added to list: 27395
name added to list: 27396
name added to list: 27397
name added to list: 27398
name added to list: 27399
name added to list: 27400
name added to list: 27401
name added to list: 27402
name added to list: 27403
name added to list: 27404
name added to list: 27405
name added to list: 27406
name added to list: 27407
name added to list: 27408
name added to list: 27409
name added to list: 27410
name added to list: 27411
name added to list: 27412
name added to list: 27413
name added to list: 27414
name added to list: 27415
name added to list: 27416
name added to list: 27417
name added to list: 27418
name added to list: 27419
name added to list: 27420
name added to list: 27421
name added to list: 27422
name added to list: 27423
name added to list: 27424
name added to list: 27425
name added to list: 27426
name added to list: 27427
name added to list: 27428
name added to list: 27429
name added to list: 27430
name added to list: 27431
name added to list: 27432
name added to list: 27433
name added to list: 27434
name added to list: 27435
name added to list: 27436
name added to list: 27437
name added to list: 27438
name added to list: 27439
name added to list: 27440
name added to list: 27441
name added to list: 27442
name added to list: 27443
name added to list: 27444
name added to list: 27445
name added to list: 27446
name added to list: 27447
name added to list: 27448
name added to list: 27449
name added to list: 27450
name added to list: 27451
name added to list: 27452
name added to list: 27453
name added to list: 27454
name added to list: 27455
name added to list: 27456
name added to list: 27457
name added to list: 27458
name added to list: 27459
name added to list: 27460
name added to list: 27461
name added to list: 27462
name added to list: 27463
name added to list: 27464
name added to list: 27465
name added to list: 27466
name added to list: 27467
name added to list: 27468
name added to list: 27469
name added to list: 27470
name added to list: 27471
name added to list: 27472
name added to list: 27473
name added to list: 27474
name added to list: 27475
name added to list: 27476
name added to list: 27477
name added to list: 27478
name added to list: 27479
name added to list: 27480
name added to list: 27481
name added to list: 27482
name added to list: 27483
name added to list: 27484
name added to list: 27485
name added to list: 27486
name added to list: 27487
name added to list: 27488
name added to list: 27489
name added to list: 27490
name added to list: 27491
name added to list: 27492
name added to list: 27493
name added to list: 27494
name added to list: 27495
name added to list: 27496
name added to list: 27497
name added to list: 27498
name added to list: 27499
name added to list: 27500
name added to list: 27501
name added to list: 27502
name added to list: 27503
name added to list: 27504
name added to list: 27505
name added to list: 27506
name added to list: 27507
name added to list: 27508
name added to list: 27509
name added to list: 27510
name added to list: 27511
name added to list: 27512
name added to list: 27513
name added to list: 27514
name added to list: 27515
name added to list: 27516
name added to list: 27517
name added to list: 27518
name added to list: 27519
name added to list: 27520
name added to list: 27521
name added to list: 27522
name added to list: 27523
name added to list: 27524
name added to list: 27525
name added to list: 27526
name added to list: 27527
name added to list: 27528
name added to list: 27529
name added to list: 27530
name added to list: 27531
name added to list: 27532
name added to list: 27533
name added to list: 27534
name added to list: 27535
name added to list: 27536
name added to list: 27537
name added to list: 27538
name added to list: 27539
name added to list: 27540
name added to list: 27541
name added to list: 27542
name added to list: 27543
name added to list: 27544
name added to list: 27545
name added to list: 27546
name added to list: 27547
name added to list: 27548
name added to list: 27549
name added to list: 27550
name added to list: 27551
name added to list: 27552
name added to list: 27553
name added to list: 27554
name added to list: 27555
name added to list: 27556
name added to list: 27557
name added to list: 27558
name added to list: 27559
name added to list: 27560
name added to list: 27561
name added to list: 27562
name added to list: 27563
name added to list: 27564
name added to list: 27565
name added to list: 27566
name added to list: 27567
name added to list: 27568
name added to list: 27569
name added to list: 27570
name added to list: 27571
name added to list: 27572
name added to list: 27573
name added to list: 27574
name added to list: 27575
name added to list: 27576
name added to list: 27577
name added to list: 27578
name added to list: 27579
name added to list: 27580
name added to list: 27581
name added to list: 27582
name added to list: 27583
name added to list: 27584
name added to list: 27585
name added to list: 27586
name added to list: 27587
name added to list: 27588
name added to list: 27589
name added to list: 27590
name added to list: 27591
name added to list: 27592
name added to list: 27593
name added to list: 27594
name added to list: 27595
name added to list: 27596
name added to list: 27597
name added to list: 27598
name added to list: 27599
name added to list: 27600
name added to list: 27601
name added to list: 27602
name added to list: 27603
name added to list: 27604
name added to list: 27605
name added to list: 27606
name added to list: 27607
name added to list: 27608
name added to list: 27609
name added to list: 27610
name added to list: 27611
name added to list: 27612
name added to list: 27613
name added to list: 27614
name added to list: 27615
name added to list: 27616
name added to list: 27617
name added to list: 27618
name added to list: 27619
name added to list: 27620
name added to list: 27621
name added to list: 27622
name added to list: 27623
name added to list: 27624
name added to list: 27625
name added to list: 27626
name added to list: 27627
name added to list: 27628
name added to list: 27629
name added to list: 27630
name added to list: 27631
name added to list: 27632
name added to list: 27633
name added to list: 27634
name added to list: 27635
name added to list: 27636
name added to list: 27637
name added to list: 27638
name added to list: 27639
name added to list: 27640
name added to list: 27641
name added to list: 27642
name added to list: 27643
name added to list: 27644
name added to list: 27645
name added to list: 27646
name added to list: 27647
name added to list: 27648
name added to list: 27649
name added to list: 27650
name added to list: 27651
name added to list: 27652
name added to list: 27653
name added to list: 27654
name added to list: 27655
name added to list: 27656
name added to list: 27657
name added to list: 27658
name added to list: 27659
name added to list: 27660
name added to list: 27661
name added to list: 27662
name added to list: 27663
name added to list: 27664
name added to list: 27665
name added to list: 27666
name added to list: 27667
name added to list: 27668
name added to list: 27669
name added to list: 27670
name added to list: 27671
name added to list: 27672
name added to list: 27673
name added to list: 27674
name added to list: 27675
name added to list: 27676
name added to list: 27677
name added to list: 27678
name added to list: 27679
name added to list: 27680
name added to list: 27681
name added to list: 27682
name added to list: 27683
name added to list: 27684
name added to list: 27685
name added to list: 27686
name added to list: 27687
name added to list: 27688
name added to list: 27689
name added to list: 27690
name added to list: 27691
name added to list: 27692
name added to list: 27693
name added to list: 27694
name added to list: 27695
name added to list: 27696
name added to list: 27697
name added to list: 27698
name added to list: 27699
name added to list: 27700
name added to list: 27701
name added to list: 27702
name added to list: 27703
name added to list: 27704
name added to list: 27705
name added to list: 27706
name added to list: 27707
name added to list: 27708
name added to list: 27709
name added to list: 27710
name added to list: 27711
name added to list: 27712
name added to list: 27713
name added to list: 27714
name added to list: 27715
name added to list: 27716
name added to list: 27717
name added to list: 27718
name added to list: 27719
name added to list: 27720
name added to list: 27721
name added to list: 27722
name added to list: 27723
name added to list: 27724
name added to list: 27725
name added to list: 27726
name added to list: 27727
name added to list: 27728
name added to list: 27729
name added to list: 27730
name added to list: 27731
name added to list: 27732
name added to list: 27733
name added to list: 27734
name added to list: 27735
name added to list: 27736
name added to list: 27737
name added to list: 27738
name added to list: 27739
name added to list: 27740
name added to list: 27741
name added to list: 27742
name added to list: 27743
name added to list: 27744
name added to list: 27745
name added to list: 27746
name added to list: 27747
name added to list: 27748
name added to list: 27749
name added to list: 27750
name added to list: 27751
name added to list: 27752
name added to list: 27753
name added to list: 27754
name added to list: 27755
name added to list: 27756
name added to list: 27757
name added to list: 27758
name added to list: 27759
name added to list: 27760
name added to list: 27761
name added to list: 27762
name added to list: 27763
name added to list: 27764
name added to list: 27765
name added to list: 27766
name added to list: 27767
name added to list: 27768
name added to list: 27769
name added to list: 27770
name added to list: 27771
name added to list: 27772
name added to list: 27773
name added to list: 27774
name added to list: 27775
name added to list: 27776
name added to list: 27777
name added to list: 27778
name added to list: 27779
name added to list: 27780
name added to list: 27781
name added to list: 27782
name added to list: 27783
name added to list: 27784
name added to list: 27785
name added to list: 27786
name added to list: 27787
name added to list: 27788
name added to list: 27789
name added to list: 27790
name added to list: 27791
name added to list: 27792
name added to list: 27793
name added to list: 27794
name added to list: 27795
name added to list: 27796
name added to list: 27797
name added to list: 27798
name added to list: 27799
name added to list: 27800
name added to list: 27801
name added to list: 27802
name added to list: 27803
name added to list: 27804
name added to list: 27805
name added to list: 27806
name added to list: 27807
name added to list: 27808
name added to list: 27809
name added to list: 27810
name added to list: 27811
name added to list: 27812
name added to list: 27813
name added to list: 27814
name added to list: 27815
name added to list: 27816
name added to list: 27817
name added to list: 27818
name added to list: 27819
name added to list: 27820
name added to list: 27821
name added to list: 27822
name added to list: 27823
name added to list: 27824
name added to list: 27825
name added to list: 27826
name added to list: 27827
name added to list: 27828
name added to list: 27829
name added to list: 27830
name added to list: 27831
name added to list: 27832
name added to list: 27833
name added to list: 27834
name added to list: 27835
name added to list: 27836
name added to list: 27837
name added to list: 27838
name added to list: 27839
name added to list: 27840
name added to list: 27841
name added to list: 27842
name added to list: 27843
name added to list: 27844
name added to list: 27845
name added to list: 27846
name added to list: 27847
name added to list: 27848
name added to list: 27849
name added to list: 27850
name added to list: 27851
name added to list: 27852
name added to list: 27853
name added to list: 27854
name added to list: 27855
name added to list: 27856
name added to list: 27857
name added to list: 27858
name added to list: 27859
name added to list: 27860
name added to list: 27861
name added to list: 27862
name added to list: 27863
name added to list: 27864
name added to list: 27865
name added to list: 27866
name added to list: 27867
name added to list: 27868
name added to list: 27869
name added to list: 27870
name added to list: 27871
name added to list: 27872
name added to list: 27873
name added to list: 27874
name added to list: 27875
name added to list: 27876
name added to list: 27877
name added to list: 27878
name added to list: 27879
name added to list: 27880
name added to list: 27881
name added to list: 27882
name added to list: 27883
name added to list: 27884
name added to list: 27885
name added to list: 27886
name added to list: 27887
name added to list: 27888
name added to list: 27889
name added to list: 27890
name added to list: 27891
name added to list: 27892
name added to list: 27893
name added to list: 27894
name added to list: 27895
name added to list: 27896
name added to list: 27897
name added to list: 27898
name added to list: 27899
name added to list: 27900
name added to list: 27901
name added to list: 27902
name added to list: 27903
name added to list: 27904
name added to list: 27905
name added to list: 27906
name added to list: 27907
name added to list: 27908
name added to list: 27909
name added to list: 27910
name added to list: 27911
name added to list: 27912
name added to list: 27913
name added to list: 27914
name added to list: 27915
name added to list: 27916
name added to list: 27917
name added to list: 27918
name added to list: 27919
name added to list: 27920
name added to list: 27921
name added to list: 27922
name added to list: 27923
name added to list: 27924
name added to list: 27925
name added to list: 27926
name added to list: 27927
name added to list: 27928
name added to list: 27929
name added to list: 27930
name added to list: 27931
name added to list: 27932
name added to list: 27933
name added to list: 27934
name added to list: 27935
name added to list: 27936
name added to list: 27937
name added to list: 27938
name added to list: 27939
name added to list: 27940
name added to list: 27941
name added to list: 27942
name added to list: 27943
name added to list: 27944
name added to list: 27945
name added to list: 27946
name added to list: 27947
name added to list: 27948
name added to list: 27949
name added to list: 27950
name added to list: 27951
name added to list: 27952
name added to list: 27953
name added to list: 27954
name added to list: 27955
name added to list: 27956
name added to list: 27957
name added to list: 27958
name added to list: 27959
name added to list: 27960
name added to list: 27961
name added to list: 27962
name added to list: 27963
name added to list: 27964
name added to list: 27965
name added to list: 27966
name added to list: 27967
name added to list: 27968
name added to list: 27969
name added to list: 27970
name added to list: 27971
name added to list: 27972
name added to list: 27973
name added to list: 27974
name added to list: 27975
name added to list: 27976
name added to list: 27977
name added to list: 27978
name added to list: 27979
name added to list: 27980
name added to list: 27981
name added to list: 27982
name added to list: 27983
name added to list: 27984
name added to list: 27985
name added to list: 27986
name added to list: 27987
name added to list: 27988
name added to list: 27989
name added to list: 27990
name added to list: 27991
name added to list: 27992
name added to list: 27993
name added to list: 27994
name added to list: 27995
name added to list: 27996
name added to list: 27997
name added to list: 27998
name added to list: 27999
name added to list: 28000
name added to list: 28001
name added to list: 28002
name added to list: 28003
name added to list: 28004
name added to list: 28005
name added to list: 28006
name added to list: 28007
name added to list: 28008
name added to list: 28009
name added to list: 28010
name added to list: 28011
name added to list: 28012
name added to list: 28013
name added to list: 28014
name added to list: 28015
name added to list: 28016
name added to list: 28017
name added to list: 28018
name added to list: 28019
name added to list: 28020
name added to list: 28021
name added to list: 28022
name added to list: 28023
name added to list: 28024
name added to list: 28025
name added to list: 28026
name added to list: 28027
name added to list: 28028
name added to list: 28029
name added to list: 28030
name added to list: 28031
name added to list: 28032
name added to list: 28033
name added to list: 28034
name added to list: 28035
name added to list: 28036
name added to list: 28037
name added to list: 28038
name added to list: 28039
name added to list: 28040
name added to list: 28041
name added to list: 28042
name added to list: 28043
name added to list: 28044
name added to list: 28045
name added to list: 28046
name added to list: 28047
name added to list: 28048
name added to list: 28049
name added to list: 28050
name added to list: 28051
name added to list: 28052
name added to list: 28053
name added to list: 28054
name added to list: 28055
name added to list: 28056
name added to list: 28057
name added to list: 28058
name added to list: 28059
name added to list: 28060
name added to list: 28061
name added to list: 28062
name added to list: 28063
name added to list: 28064
name added to list: 28065
name added to list: 28066
name added to list: 28067
name added to list: 28068
name added to list: 28069
name added to list: 28070
name added to list: 28071
name added to list: 28072
name added to list: 28073
name added to list: 28074
name added to list: 28075
name added to list: 28076
name added to list: 28077
name added to list: 28078
name added to list: 28079
name added to list: 28080
name added to list: 28081
name added to list: 28082
name added to list: 28083
name added to list: 28084
name added to list: 28085
name added to list: 28086
name added to list: 28087
name added to list: 28088
name added to list: 28089
name added to list: 28090
name added to list: 28091
name added to list: 28092
name added to list: 28093
name added to list: 28094
name added to list: 28095
name added to list: 28096
name added to list: 28097
name added to list: 28098
name added to list: 28099
name added to list: 28100
name added to list: 28101
name added to list: 28102
name added to list: 28103
name added to list: 28104
name added to list: 28105
name added to list: 28106
name added to list: 28107
name added to list: 28108
name added to list: 28109
name added to list: 28110
name added to list: 28111
name added to list: 28112
name added to list: 28113
name added to list: 28114
name added to list: 28115
name added to list: 28116
name added to list: 28117
name added to list: 28118
name added to list: 28119
name added to list: 28120
name added to list: 28121
name added to list: 28122
name added to list: 28123
name added to list: 28124
name added to list: 28125
name added to list: 28126
name added to list: 28127
name added to list: 28128
name added to list: 28129
name added to list: 28130
name added to list: 28131
name added to list: 28132
name added to list: 28133
name added to list: 28134
name added to list: 28135
name added to list: 28136
name added to list: 28137
name added to list: 28138
name added to list: 28139
name added to list: 28140
name added to list: 28141
name added to list: 28142
name added to list: 28143
name added to list: 28144
name added to list: 28145
name added to list: 28146
name added to list: 28147
name added to list: 28148
name added to list: 28149
name added to list: 28150
name added to list: 28151
name added to list: 28152
name added to list: 28153
name added to list: 28154
name added to list: 28155
name added to list: 28156
name added to list: 28157
name added to list: 28158
name added to list: 28159
name added to list: 28160
name added to list: 28161
name added to list: 28162
name added to list: 28163
name added to list: 28164
name added to list: 28165
name added to list: 28166
name added to list: 28167
name added to list: 28168
name added to list: 28169
name added to list: 28170
name added to list: 28171
name added to list: 28172
name added to list: 28173
name added to list: 28174
name added to list: 28175
name added to list: 28176
name added to list: 28177
name added to list: 28178
name added to list: 28179
name added to list: 28180
name added to list: 28181
name added to list: 28182
name added to list: 28183
name added to list: 28184
name added to list: 28185
name added to list: 28186
name added to list: 28187
name added to list: 28188
name added to list: 28189
name added to list: 28190
name added to list: 28191
name added to list: 28192
name added to list: 28193
name added to list: 28194
name added to list: 28195
name added to list: 28196
name added to list: 28197
name added to list: 28198
name added to list: 28199
name added to list: 28200
name added to list: 28201
name added to list: 28202
name added to list: 28203
name added to list: 28204
name added to list: 28205
name added to list: 28206
name added to list: 28207
name added to list: 28208
name added to list: 28209
name added to list: 28210
name added to list: 28211
name added to list: 28212
name added to list: 28213
name added to list: 28214
name added to list: 28215
name added to list: 28216
name added to list: 28217
name added to list: 28218
name added to list: 28219
name added to list: 28220
name added to list: 28221
name added to list: 28222
name added to list: 28223
name added to list: 28224
name added to list: 28225
name added to list: 28226
name added to list: 28227
name added to list: 28228
name added to list: 28229
name added to list: 28230
name added to list: 28231
name added to list: 28232
name added to list: 28233
name added to list: 28234
name added to list: 28235
name added to list: 28236
name added to list: 28237
name added to list: 28238
name added to list: 28239
name added to list: 28240
name added to list: 28241
name added to list: 28242
name added to list: 28243
name added to list: 28244
name added to list: 28245
name added to list: 28246
name added to list: 28247
name added to list: 28248
name added to list: 28249
name added to list: 28250
name added to list: 28251
name added to list: 28252
name added to list: 28253
name added to list: 28254
name added to list: 28255
name added to list: 28256
name added to list: 28257
name added to list: 28258
name added to list: 28259
name added to list: 28260
name added to list: 28261
name added to list: 28262
name added to list: 28263
name added to list: 28264
name added to list: 28265
name added to list: 28266
name added to list: 28267
name added to list: 28268
name added to list: 28269
name added to list: 28270
name added to list: 28271
name added to list: 28272
name added to list: 28273
name added to list: 28274
name added to list: 28275
name added to list: 28276
name added to list: 28277
name added to list: 28278
name added to list: 28279
name added to list: 28280
name added to list: 28281
name added to list: 28282
name added to list: 28283
name added to list: 28284
name added to list: 28285
name added to list: 28286
name added to list: 28287
name added to list: 28288
name added to list: 28289
name added to list: 28290
name added to list: 28291
name added to list: 28292
name added to list: 28293
name added to list: 28294
name added to list: 28295
name added to list: 28296
name added to list: 28297
name added to list: 28298
name added to list: 28299
name added to list: 28300
name added to list: 28301
name added to list: 28302
name added to list: 28303
name added to list: 28304
name added to list: 28305
name added to list: 28306
name added to list: 28307
name added to list: 28308
name added to list: 28309
name added to list: 28310
name added to list: 28311
name added to list: 28312
name added to list: 28313
name added to list: 28314
name added to list: 28315
name added to list: 28316
name added to list: 28317
name added to list: 28318
name added to list: 28319
name added to list: 28320
name added to list: 28321
name added to list: 28322
name added to list: 28323
name added to list: 28324
name added to list: 28325
name added to list: 28326
name added to list: 28327
name added to list: 28328
name added to list: 28329
name added to list: 28330
name added to list: 28331
name added to list: 28332
name added to list: 28333
name added to list: 28334
name added to list: 28335
name added to list: 28336
name added to list: 28337
name added to list: 28338
name added to list: 28339
name added to list: 28340
name added to list: 28341
name added to list: 28342
name added to list: 28343
name added to list: 28344
name added to list: 28345
name added to list: 28346
name added to list: 28347
name added to list: 28348
name added to list: 28349
name added to list: 28350
name added to list: 28351
name added to list: 28352
name added to list: 28353
name added to list: 28354
name added to list: 28355
name added to list: 28356
name added to list: 28357
name added to list: 28358
name added to list: 28359
name added to list: 28360
name added to list: 28361
name added to list: 28362
name added to list: 28363
name added to list: 28364
name added to list: 28365
name added to list: 28366
name added to list: 28367
name added to list: 28368
name added to list: 28369
name added to list: 28370
name added to list: 28371
name added to list: 28372
name added to list: 28373
name added to list: 28374
name added to list: 28375
name added to list: 28376
name added to list: 28377
name added to list: 28378
name added to list: 28379
name added to list: 28380
name added to list: 28381
name added to list: 28382
name added to list: 28383
name added to list: 28384
name added to list: 28385
name added to list: 28386
name added to list: 28387
name added to list: 28388
name added to list: 28389
name added to list: 28390
name added to list: 28391
name added to list: 28392
name added to list: 28393
name added to list: 28394
name added to list: 28395
name added to list: 28396
name added to list: 28397
name added to list: 28398
name added to list: 28399
name added to list: 28400
name added to list: 28401
name added to list: 28402
name added to list: 28403
name added to list: 28404
name added to list: 28405
name added to list: 28406
name added to list: 28407
name added to list: 28408
name added to list: 28409
name added to list: 28410
name added to list: 28411
name added to list: 28412
name added to list: 28413
name added to list: 28414
name added to list: 28415
name added to list: 28416
name added to list: 28417
name added to list: 28418
name added to list: 28419
name added to list: 28420
name added to list: 28421
name added to list: 28422
name added to list: 28423
name added to list: 28424
name added to list: 28425
name added to list: 28426
name added to list: 28427
name added to list: 28428
name added to list: 28429
name added to list: 28430
name added to list: 28431
name added to list: 28432
name added to list: 28433
name added to list: 28434
name added to list: 28435
name added to list: 28436
name added to list: 28437
name added to list: 28438
name added to list: 28439
name added to list: 28440
name added to list: 28441
name added to list: 28442
name added to list: 28443
name added to list: 28444
name added to list: 28445
name added to list: 28446
name added to list: 28447
name added to list: 28448
name added to list: 28449
name added to list: 28450
name added to list: 28451
name added to list: 28452
name added to list: 28453
name added to list: 28454
name added to list: 28455
name added to list: 28456
name added to list: 28457
name added to list: 28458
name added to list: 28459
name added to list: 28460
name added to list: 28461
name added to list: 28462
name added to list: 28463
name added to list: 28464
name added to list: 28465
name added to list: 28466
name added to list: 28467
name added to list: 28468
name added to list: 28469
name added to list: 28470
name added to list: 28471
name added to list: 28472
name added to list: 28473
name added to list: 28474
name added to list: 28475
name added to list: 28476
name added to list: 28477
name added to list: 28478
name added to list: 28479
name added to list: 28480
name added to list: 28481
name added to list: 28482
name added to list: 28483
name added to list: 28484
name added to list: 28485
name added to list: 28486
name added to list: 28487
name added to list: 28488
name added to list: 28489
name added to list: 28490
name added to list: 28491
name added to list: 28492
name added to list: 28493
name added to list: 28494
name added to list: 28495
name added to list: 28496
name added to list: 28497
name added to list: 28498
name added to list: 28499
name added to list: 28500
name added to list: 28501
name added to list: 28502
name added to list: 28503
name added to list: 28504
name added to list: 28505
name added to list: 28506
name added to list: 28507
name added to list: 28508
name added to list: 28509
name added to list: 28510
name added to list: 28511
name added to list: 28512
name added to list: 28513
name added to list: 28514
name added to list: 28515
name added to list: 28516
name added to list: 28517
name added to list: 28518
name added to list: 28519
name added to list: 28520
name added to list: 28521
name added to list: 28522
name added to list: 28523
name added to list: 28524
name added to list: 28525
name added to list: 28526
name added to list: 28527
name added to list: 28528
name added to list: 28529
name added to list: 28530
name added to list: 28531
name added to list: 28532
name added to list: 28533
name added to list: 28534
name added to list: 28535
name added to list: 28536
name added to list: 28537
name added to list: 28538
name added to list: 28539
name added to list: 28540
name added to list: 28541
name added to list: 28542
name added to list: 28543
name added to list: 28544
name added to list: 28545
name added to list: 28546
name added to list: 28547
name added to list: 28548
name added to list: 28549
name added to list: 28550
name added to list: 28551
name added to list: 28552
name added to list: 28553
name added to list: 28554
name added to list: 28555
name added to list: 28556
name added to list: 28557
name added to list: 28558
name added to list: 28559
name added to list: 28560
name added to list: 28561
name added to list: 28562
name added to list: 28563
name added to list: 28564
name added to list: 28565
name added to list: 28566
name added to list: 28567
name added to list: 28568
name added to list: 28569
name added to list: 28570
name added to list: 28571
name added to list: 28572
name added to list: 28573
name added to list: 28574
name added to list: 28575
name added to list: 28576
name added to list: 28577
name added to list: 28578
name added to list: 28579
name added to list: 28580
name added to list: 28581
name added to list: 28582
name added to list: 28583
name added to list: 28584
name added to list: 28585
name added to list: 28586
name added to list: 28587
name added to list: 28588
name added to list: 28589
name added to list: 28590
name added to list: 28591
name added to list: 28592
name added to list: 28593
name added to list: 28594
name added to list: 28595
name added to list: 28596
name added to list: 28597
name added to list: 28598
name added to list: 28599
name added to list: 28600
name added to list: 28601
name added to list: 28602
name added to list: 28603
name added to list: 28604
name added to list: 28605
name added to list: 28606
name added to list: 28607
name added to list: 28608
name added to list: 28609
name added to list: 28610
name added to list: 28611
name added to list: 28612
name added to list: 28613
name added to list: 28614
name added to list: 28615
name added to list: 28616
name added to list: 28617
name added to list: 28618
name added to list: 28619
name added to list: 28620
name added to list: 28621
name added to list: 28622
name added to list: 28623
name added to list: 28624
name added to list: 28625
name added to list: 28626
name added to list: 28627
name added to list: 28628
name added to list: 28629
name added to list: 28630
name added to list: 28631
name added to list: 28632
name added to list: 28633
name added to list: 28634
name added to list: 28635
name added to list: 28636
name added to list: 28637
name added to list: 28638
name added to list: 28639
name added to list: 28640
name added to list: 28641
name added to list: 28642
name added to list: 28643
name added to list: 28644
name added to list: 28645
name added to list: 28646
name added to list: 28647
name added to list: 28648
name added to list: 28649
name added to list: 28650
name added to list: 28651
name added to list: 28652
name added to list: 28653
name added to list: 28654
name added to list: 28655
name added to list: 28656
name added to list: 28657
name added to list: 28658
name added to list: 28659
name added to list: 28660
name added to list: 28661
name added to list: 28662
name added to list: 28663
name added to list: 28664
name added to list: 28665
name added to list: 28666
name added to list: 28667
name added to list: 28668
name added to list: 28669
name added to list: 28670
name added to list: 28671
name added to list: 28672
name added to list: 28673
name added to list: 28674
name added to list: 28675
name added to list: 28676
name added to list: 28677
name added to list: 28678
name added to list: 28679
name added to list: 28680
name added to list: 28681
name added to list: 28682
name added to list: 28683
name added to list: 28684
name added to list: 28685
name added to list: 28686
name added to list: 28687
name added to list: 28688
name added to list: 28689
name added to list: 28690
name added to list: 28691
name added to list: 28692
name added to list: 28693
name added to list: 28694
name added to list: 28695
name added to list: 28696
name added to list: 28697
name added to list: 28698
name added to list: 28699
name added to list: 28700
name added to list: 28701
name added to list: 28702
name added to list: 28703
name added to list: 28704
name added to list: 28705
name added to list: 28706
name added to list: 28707
name added to list: 28708
name added to list: 28709
name added to list: 28710
name added to list: 28711
name added to list: 28712
name added to list: 28713
name added to list: 28714
name added to list: 28715
name added to list: 28716
name added to list: 28717
name added to list: 28718
name added to list: 28719
name added to list: 28720
name added to list: 28721
name added to list: 28722
name added to list: 28723
name added to list: 28724
name added to list: 28725
name added to list: 28726
name added to list: 28727
name added to list: 28728
name added to list: 28729
name added to list: 28730
name added to list: 28731
name added to list: 28732
name added to list: 28733
name added to list: 28734
name added to list: 28735
name added to list: 28736
name added to list: 28737
name added to list: 28738
name added to list: 28739
name added to list: 28740
name added to list: 28741
name added to list: 28742
name added to list: 28743
name added to list: 28744
name added to list: 28745
name added to list: 28746
name added to list: 28747
name added to list: 28748
name added to list: 28749
name added to list: 28750
name added to list: 28751
name added to list: 28752
name added to list: 28753
name added to list: 28754
name added to list: 28755
name added to list: 28756
name added to list: 28757
name added to list: 28758
name added to list: 28759
name added to list: 28760
name added to list: 28761
name added to list: 28762
name added to list: 28763
name added to list: 28764
name added to list: 28765
name added to list: 28766
name added to list: 28767
name added to list: 28768
name added to list: 28769
name added to list: 28770
name added to list: 28771
name added to list: 28772
name added to list: 28773
name added to list: 28774
name added to list: 28775
name added to list: 28776
name added to list: 28777
name added to list: 28778
name added to list: 28779
name added to list: 28780
name added to list: 28781
name added to list: 28782
name added to list: 28783
name added to list: 28784
name added to list: 28785
name added to list: 28786
name added to list: 28787
name added to list: 28788
name added to list: 28789
name added to list: 28790
name added to list: 28791
name added to list: 28792
name added to list: 28793
name added to list: 28794
name added to list: 28795
name added to list: 28796
name added to list: 28797
name added to list: 28798
name added to list: 28799
name added to list: 28800
name added to list: 28801
name added to list: 28802
name added to list: 28803
name added to list: 28804
name added to list: 28805
name added to list: 28806
name added to list: 28807
name added to list: 28808
name added to list: 28809
name added to list: 28810
name added to list: 28811
name added to list: 28812
name added to list: 28813
name added to list: 28814
name added to list: 28815
name added to list: 28816
name added to list: 28817
name added to list: 28818
name added to list: 28819
name added to list: 28820
name added to list: 28821
name added to list: 28822
name added to list: 28823
name added to list: 28824
name added to list: 28825
name added to list: 28826
name added to list: 28827
name added to list: 28828
name added to list: 28829
name added to list: 28830
name added to list: 28831
name added to list: 28832
name added to list: 28833
name added to list: 28834
name added to list: 28835
name added to list: 28836
name added to list: 28837
name added to list: 28838
name added to list: 28839
name added to list: 28840
name added to list: 28841
name added to list: 28842
name added to list: 28843
name added to list: 28844
name added to list: 28845
name added to list: 28846
name added to list: 28847
name added to list: 28848
name added to list: 28849
name added to list: 28850
name added to list: 28851
name added to list: 28852
name added to list: 28853
name added to list: 28854
name added to list: 28855
name added to list: 28856
name added to list: 28857
name added to list: 28858
name added to list: 28859
name added to list: 28860
name added to list: 28861
name added to list: 28862
name added to list: 28863
name added to list: 28864
name added to list: 28865
name added to list: 28866
name added to list: 28867
name added to list: 28868
name added to list: 28869
name added to list: 28870
name added to list: 28871
name added to list: 28872
name added to list: 28873
name added to list: 28874
name added to list: 28875
name added to list: 28876
name added to list: 28877
name added to list: 28878
name added to list: 28879
name added to list: 28880
name added to list: 28881
name added to list: 28882
name added to list: 28883
name added to list: 28884
name added to list: 28885
name added to list: 28886
name added to list: 28887
name added to list: 28888
name added to list: 28889
name added to list: 28890
name added to list: 28891
name added to list: 28892
name added to list: 28893
name added to list: 28894
name added to list: 28895
name added to list: 28896
name added to list: 28897
name added to list: 28898
name added to list: 28899
name added to list: 28900
name added to list: 28901
name added to list: 28902
name added to list: 28903
name added to list: 28904
name added to list: 28905
name added to list: 28906
name added to list: 28907
name added to list: 28908
name added to list: 28909
name added to list: 28910
name added to list: 28911
name added to list: 28912
name added to list: 28913
name added to list: 28914
name added to list: 28915
name added to list: 28916
name added to list: 28917
name added to list: 28918
name added to list: 28919
name added to list: 28920
name added to list: 28921
name added to list: 28922
name added to list: 28923
name added to list: 28924
name added to list: 28925
name added to list: 28926
name added to list: 28927
name added to list: 28928
name added to list: 28929
name added to list: 28930
name added to list: 28931
name added to list: 28932
name added to list: 28933
name added to list: 28934
name added to list: 28935
name added to list: 28936
name added to list: 28937
name added to list: 28938
name added to list: 28939
name added to list: 28940
name added to list: 28941
name added to list: 28942
name added to list: 28943
name added to list: 28944
name added to list: 28945
name added to list: 28946
name added to list: 28947
name added to list: 28948
name added to list: 28949
name added to list: 28950
name added to list: 28951
name added to list: 28952
name added to list: 28953
name added to list: 28954
name added to list: 28955
name added to list: 28956
name added to list: 28957
name added to list: 28958
name added to list: 28959
name added to list: 28960
name added to list: 28961
name added to list: 28962
name added to list: 28963
name added to list: 28964
name added to list: 28965
name added to list: 28966
name added to list: 28967
name added to list: 28968
name added to list: 28969
name added to list: 28970
name added to list: 28971
name added to list: 28972
name added to list: 28973
name added to list: 28974
name added to list: 28975
name added to list: 28976
name added to list: 28977
name added to list: 28978
name added to list: 28979
name added to list: 28980
name added to list: 28981
name added to list: 28982
name added to list: 28983
name added to list: 28984
name added to list: 28985
name added to list: 28986
name added to list: 28987
name added to list: 28988
name added to list: 28989
name added to list: 28990
name added to list: 28991
name added to list: 28992
name added to list: 28993
name added to list: 28994
name added to list: 28995
name added to list: 28996
name added to list: 28997
name added to list: 28998
name added to list: 28999
name added to list: 29000
name added to list: 29001
name added to list: 29002
name added to list: 29003
name added to list: 29004
name added to list: 29005
name added to list: 29006
name added to list: 29007
name added to list: 29008
name added to list: 29009
name added to list: 29010
name added to list: 29011
name added to list: 29012
name added to list: 29013
name added to list: 29014
name added to list: 29015
name added to list: 29016
name added to list: 29017
name added to list: 29018
name added to list: 29019
name added to list: 29020
name added to list: 29021
name added to list: 29022
name added to list: 29023
name added to list: 29024
name added to list: 29025
name added to list: 29026
name added to list: 29027
name added to list: 29028
name added to list: 29029
name added to list: 29030
name added to list: 29031
name added to list: 29032
name added to list: 29033
name added to list: 29034
name added to list: 29035
name added to list: 29036
name added to list: 29037
name added to list: 29038
name added to list: 29039
name added to list: 29040
name added to list: 29041
name added to list: 29042
name added to list: 29043
name added to list: 29044
name added to list: 29045
name added to list: 29046
name added to list: 29047
name added to list: 29048
name added to list: 29049
name added to list: 29050
name added to list: 29051
name added to list: 29052
name added to list: 29053
name added to list: 29054
name added to list: 29055
name added to list: 29056
name added to list: 29057
name added to list: 29058
name added to list: 29059
name added to list: 29060
name added to list: 29061
name added to list: 29062
name added to list: 29063
name added to list: 29064
name added to list: 29065
name added to list: 29066
name added to list: 29067
name added to list: 29068
name added to list: 29069
name added to list: 29070
name added to list: 29071
name added to list: 29072
name added to list: 29073
name added to list: 29074
name added to list: 29075
name added to list: 29076
name added to list: 29077
name added to list: 29078
name added to list: 29079
name added to list: 29080
name added to list: 29081
name added to list: 29082
name added to list: 29083
name added to list: 29084
name added to list: 29085
name added to list: 29086
name added to list: 29087
name added to list: 29088
name added to list: 29089
name added to list: 29090
name added to list: 29091
name added to list: 29092
name added to list: 29093
name added to list: 29094
name added to list: 29095
name added to list: 29096
name added to list: 29097
name added to list: 29098
name added to list: 29099
name added to list: 29100
name added to list: 29101
name added to list: 29102
name added to list: 29103
name added to list: 29104
name added to list: 29105
name added to list: 29106
name added to list: 29107
name added to list: 29108
name added to list: 29109
name added to list: 29110
name added to list: 29111
name added to list: 29112
name added to list: 29113
name added to list: 29114
name added to list: 29115
name added to list: 29116
name added to list: 29117
name added to list: 29118
name added to list: 29119
name added to list: 29120
name added to list: 29121
name added to list: 29122
name added to list: 29123
name added to list: 29124
name added to list: 29125
name added to list: 29126
name added to list: 29127
name added to list: 29128
name added to list: 29129
name added to list: 29130
name added to list: 29131
name added to list: 29132
name added to list: 29133
name added to list: 29134
name added to list: 29135
name added to list: 29136
name added to list: 29137
name added to list: 29138
name added to list: 29139
name added to list: 29140
name added to list: 29141
name added to list: 29142
name added to list: 29143
name added to list: 29144
name added to list: 29145
name added to list: 29146
name added to list: 29147
name added to list: 29148
name added to list: 29149
name added to list: 29150
name added to list: 29151
name added to list: 29152
name added to list: 29153
name added to list: 29154
name added to list: 29155
name added to list: 29156
name added to list: 29157
name added to list: 29158
name added to list: 29159
name added to list: 29160
name added to list: 29161
name added to list: 29162
name added to list: 29163
name added to list: 29164
name added to list: 29165
name added to list: 29166
name added to list: 29167
name added to list: 29168
name added to list: 29169
name added to list: 29170
name added to list: 29171
name added to list: 29172
name added to list: 29173
name added to list: 29174
name added to list: 29175
name added to list: 29176
name added to list: 29177
name added to list: 29178
name added to list: 29179
name added to list: 29180
name added to list: 29181
name added to list: 29182
name added to list: 29183
name added to list: 29184
name added to list: 29185
name added to list: 29186
name added to list: 29187
name added to list: 29188
name added to list: 29189
name added to list: 29190
name added to list: 29191
name added to list: 29192
name added to list: 29193
name added to list: 29194
name added to list: 29195
name added to list: 29196
name added to list: 29197
name added to list: 29198
name added to list: 29199
name added to list: 29200
name added to list: 29201
name added to list: 29202
name added to list: 29203
name added to list: 29204
name added to list: 29205
name added to list: 29206
name added to list: 29207
name added to list: 29208
name added to list: 29209
name added to list: 29210
name added to list: 29211
name added to list: 29212
name added to list: 29213
name added to list: 29214
name added to list: 29215
name added to list: 29216
name added to list: 29217
name added to list: 29218
name added to list: 29219
name added to list: 29220
name added to list: 29221
name added to list: 29222
name added to list: 29223
name added to list: 29224
name added to list: 29225
name added to list: 29226
name added to list: 29227
name added to list: 29228
name added to list: 29229
name added to list: 29230
name added to list: 29231
name added to list: 29232
name added to list: 29233
name added to list: 29234
name added to list: 29235
name added to list: 29236
name added to list: 29237
name added to list: 29238
name added to list: 29239
name added to list: 29240
name added to list: 29241
name added to list: 29242
name added to list: 29243
name added to list: 29244
name added to list: 29245
name added to list: 29246
name added to list: 29247
name added to list: 29248
name added to list: 29249
name added to list: 29250
name added to list: 29251
name added to list: 29252
name added to list: 29253
name added to list: 29254
name added to list: 29255
name added to list: 29256
name added to list: 29257
name added to list: 29258
name added to list: 29259
name added to list: 29260
name added to list: 29261
name added to list: 29262
name added to list: 29263
name added to list: 29264
name added to list: 29265
name added to list: 29266
name added to list: 29267
name added to list: 29268
name added to list: 29269
name added to list: 29270
name added to list: 29271
name added to list: 29272
name added to list: 29273
name added to list: 29274
name added to list: 29275
name added to list: 29276
name added to list: 29277
name added to list: 29278
name added to list: 29279
name added to list: 29280
name added to list: 29281
name added to list: 29282
name added to list: 29283
name added to list: 29284
name added to list: 29285
name added to list: 29286
name added to list: 29287
name added to list: 29288
name added to list: 29289
name added to list: 29290
name added to list: 29291
name added to list: 29292
name added to list: 29293
name added to list: 29294
name added to list: 29295
name added to list: 29296
name added to list: 29297
name added to list: 29298
name added to list: 29299
name added to list: 29300
name added to list: 29301
name added to list: 29302
name added to list: 29303
name added to list: 29304
name added to list: 29305
name added to list: 29306
name added to list: 29307
name added to list: 29308
name added to list: 29309
name added to list: 29310
name added to list: 29311
name added to list: 29312
name added to list: 29313
name added to list: 29314
name added to list: 29315
name added to list: 29316
name added to list: 29317
name added to list: 29318
name added to list: 29319
name added to list: 29320
name added to list: 29321
name added to list: 29322
name added to list: 29323
name added to list: 29324
name added to list: 29325
name added to list: 29326
name added to list: 29327
name added to list: 29328
name added to list: 29329
name added to list: 29330
name added to list: 29331
name added to list: 29332
name added to list: 29333
name added to list: 29334
name added to list: 29335
name added to list: 29336
name added to list: 29337
name added to list: 29338
name added to list: 29339
name added to list: 29340
name added to list: 29341
name added to list: 29342
name added to list: 29343
name added to list: 29344
name added to list: 29345
name added to list: 29346
name added to list: 29347
name added to list: 29348
name added to list: 29349
name added to list: 29350
name added to list: 29351
name added to list: 29352
name added to list: 29353
name added to list: 29354
name added to list: 29355
name added to list: 29356
name added to list: 29357
name added to list: 29358
name added to list: 29359
name added to list: 29360
name added to list: 29361
name added to list: 29362
name added to list: 29363
name added to list: 29364
name added to list: 29365
name added to list: 29366
name added to list: 29367
name added to list: 29368
name added to list: 29369
name added to list: 29370
name added to list: 29371
name added to list: 29372
name added to list: 29373
name added to list: 29374
name added to list: 29375
name added to list: 29376
name added to list: 29377
name added to list: 29378
name added to list: 29379
name added to list: 29380
name added to list: 29381
name added to list: 29382
name added to list: 29383
name added to list: 29384
name added to list: 29385
name added to list: 29386
name added to list: 29387
name added to list: 29388
name added to list: 29389
name added to list: 29390
name added to list: 29391
name added to list: 29392
name added to list: 29393
name added to list: 29394
name added to list: 29395
name added to list: 29396
name added to list: 29397
name added to list: 29398
name added to list: 29399
name added to list: 29400
name added to list: 29401
name added to list: 29402
name added to list: 29403
name added to list: 29404
name added to list: 29405
name added to list: 29406
name added to list: 29407
name added to list: 29408
name added to list: 29409
name added to list: 29410
name added to list: 29411
name added to list: 29412
name added to list: 29413
name added to list: 29414
name added to list: 29415
name added to list: 29416
name added to list: 29417
name added to list: 29418
name added to list: 29419
name added to list: 29420
name added to list: 29421
name added to list: 29422
name added to list: 29423
name added to list: 29424
name added to list: 29425
name added to list: 29426
name added to list: 29427
name added to list: 29428
name added to list: 29429
name added to list: 29430
name added to list: 29431
name added to list: 29432
name added to list: 29433
name added to list: 29434
name added to list: 29435
name added to list: 29436
name added to list: 29437
name added to list: 29438
name added to list: 29439
name added to list: 29440
name added to list: 29441
name added to list: 29442
name added to list: 29443
name added to list: 29444
name added to list: 29445
name added to list: 29446
name added to list: 29447
name added to list: 29448
name added to list: 29449
name added to list: 29450
name added to list: 29451
name added to list: 29452
name added to list: 29453
name added to list: 29454
name added to list: 29455
name added to list: 29456
name added to list: 29457
name added to list: 29458
name added to list: 29459
name added to list: 29460
name added to list: 29461
name added to list: 29462
name added to list: 29463
name added to list: 29464
name added to list: 29465
name added to list: 29466
name added to list: 29467
name added to list: 29468
name added to list: 29469
name added to list: 29470
name added to list: 29471
name added to list: 29472
name added to list: 29473
name added to list: 29474
name added to list: 29475
name added to list: 29476
name added to list: 29477
name added to list: 29478
name added to list: 29479
name added to list: 29480
name added to list: 29481
name added to list: 29482
name added to list: 29483
name added to list: 29484
name added to list: 29485
name added to list: 29486
name added to list: 29487
name added to list: 29488
name added to list: 29489
name added to list: 29490
name added to list: 29491
name added to list: 29492
name added to list: 29493
name added to list: 29494
name added to list: 29495
name added to list: 29496
name added to list: 29497
name added to list: 29498
name added to list: 29499
name added to list: 29500
name added to list: 29501
name added to list: 29502
name added to list: 29503
name added to list: 29504
name added to list: 29505
name added to list: 29506
name added to list: 29507
name added to list: 29508
name added to list: 29509
name added to list: 29510
name added to list: 29511
name added to list: 29512
name added to list: 29513
name added to list: 29514
name added to list: 29515
name added to list: 29516
name added to list: 29517
name added to list: 29518
name added to list: 29519
name added to list: 29520
name added to list: 29521
name added to list: 29522
name added to list: 29523
name added to list: 29524
name added to list: 29525
name added to list: 29526
name added to list: 29527
name added to list: 29528
name added to list: 29529
name added to list: 29530
name added to list: 29531
name added to list: 29532
name added to list: 29533
name added to list: 29534
name added to list: 29535
name added to list: 29536
name added to list: 29537
name added to list: 29538
name added to list: 29539
name added to list: 29540
name added to list: 29541
name added to list: 29542
name added to list: 29543
name added to list: 29544
name added to list: 29545
name added to list: 29546
name added to list: 29547
name added to list: 29548
name added to list: 29549
name added to list: 29550
name added to list: 29551
name added to list: 29552
name added to list: 29553
name added to list: 29554
name added to list: 29555
name added to list: 29556
name added to list: 29557
name added to list: 29558
name added to list: 29559
name added to list: 29560
name added to list: 29561
name added to list: 29562
name added to list: 29563
name added to list: 29564
name added to list: 29565
name added to list: 29566
name added to list: 29567
name added to list: 29568
name added to list: 29569
name added to list: 29570
name added to list: 29571
name added to list: 29572
name added to list: 29573
name added to list: 29574
name added to list: 29575
name added to list: 29576
name added to list: 29577
name added to list: 29578
name added to list: 29579
name added to list: 29580
name added to list: 29581
name added to list: 29582
name added to list: 29583
name added to list: 29584
name added to list: 29585
name added to list: 29586
name added to list: 29587
name added to list: 29588
name added to list: 29589
name added to list: 29590
name added to list: 29591
name added to list: 29592
name added to list: 29593
name added to list: 29594
name added to list: 29595
name added to list: 29596
name added to list: 29597
name added to list: 29598
name added to list: 29599
name added to list: 29600
name added to list: 29601
name added to list: 29602
name added to list: 29603
name added to list: 29604
name added to list: 29605
name added to list: 29606
name added to list: 29607
name added to list: 29608
name added to list: 29609
name added to list: 29610
name added to list: 29611
name added to list: 29612
name added to list: 29613
name added to list: 29614
name added to list: 29615
name added to list: 29616
name added to list: 29617
name added to list: 29618
name added to list: 29619
name added to list: 29620
name added to list: 29621
name added to list: 29622
name added to list: 29623
name added to list: 29624
name added to list: 29625
name added to list: 29626
name added to list: 29627
name added to list: 29628
name added to list: 29629
name added to list: 29630
name added to list: 29631
name added to list: 29632
name added to list: 29633
name added to list: 29634
name added to list: 29635
name added to list: 29636
name added to list: 29637
name added to list: 29638
name added to list: 29639
name added to list: 29640
name added to list: 29641
name added to list: 29642
name added to list: 29643
name added to list: 29644
name added to list: 29645
name added to list: 29646
name added to list: 29647
name added to list: 29648
name added to list: 29649
name added to list: 29650
name added to list: 29651
name added to list: 29652
name added to list: 29653
name added to list: 29654
name added to list: 29655
name added to list: 29656
name added to list: 29657
name added to list: 29658
name added to list: 29659
name added to list: 29660
name added to list: 29661
name added to list: 29662
name added to list: 29663
name added to list: 29664
name added to list: 29665
name added to list: 29666
name added to list: 29667
name added to list: 29668
name added to list: 29669
name added to list: 29670
name added to list: 29671
name added to list: 29672
name added to list: 29673
name added to list: 29674
name added to list: 29675
name added to list: 29676
name added to list: 29677
name added to list: 29678
name added to list: 29679
name added to list: 29680
name added to list: 29681
name added to list: 29682
name added to list: 29683
name added to list: 29684
name added to list: 29685
name added to list: 29686
name added to list: 29687
name added to list: 29688
name added to list: 29689
name added to list: 29690
name added to list: 29691
name added to list: 29692
name added to list: 29693
name added to list: 29694
name added to list: 29695
name added to list: 29696
name added to list: 29697
name added to list: 29698
name added to list: 29699
name added to list: 29700
name added to list: 29701
name added to list: 29702
name added to list: 29703
name added to list: 29704
name added to list: 29705
name added to list: 29706
name added to list: 29707
name added to list: 29708
name added to list: 29709
name added to list: 29710
name added to list: 29711
name added to list: 29712
name added to list: 29713
name added to list: 29714
name added to list: 29715
name added to list: 29716
name added to list: 29717
name added to list: 29718
name added to list: 29719
name added to list: 29720
name added to list: 29721
name added to list: 29722
name added to list: 29723
name added to list: 29724
name added to list: 29725
name added to list: 29726
name added to list: 29727
name added to list: 29728
name added to list: 29729
name added to list: 29730
name added to list: 29731
name added to list: 29732
name added to list: 29733
name added to list: 29734
name added to list: 29735
name added to list: 29736
name added to list: 29737
name added to list: 29738
name added to list: 29739
name added to list: 29740
name added to list: 29741
name added to list: 29742
name added to list: 29743
name added to list: 29744
name added to list: 29745
name added to list: 29746
name added to list: 29747
name added to list: 29748
name added to list: 29749
name added to list: 29750
name added to list: 29751
name added to list: 29752
name added to list: 29753
name added to list: 29754
name added to list: 29755
name added to list: 29756
name added to list: 29757
name added to list: 29758
name added to list: 29759
name added to list: 29760
name added to list: 29761
name added to list: 29762
name added to list: 29763
name added to list: 29764
name added to list: 29765
name added to list: 29766
name added to list: 29767
name added to list: 29768
name added to list: 29769
name added to list: 29770
name added to list: 29771
name added to list: 29772
name added to list: 29773
name added to list: 29774
name added to list: 29775
name added to list: 29776
name added to list: 29777
name added to list: 29778
name added to list: 29779
name added to list: 29780
name added to list: 29781
name added to list: 29782
name added to list: 29783
name added to list: 29784
name added to list: 29785
name added to list: 29786
name added to list: 29787
name added to list: 29788
name added to list: 29789
name added to list: 29790
name added to list: 29791
name added to list: 29792
name added to list: 29793
name added to list: 29794
name added to list: 29795
name added to list: 29796
name added to list: 29797
name added to list: 29798
name added to list: 29799
name added to list: 29800
name added to list: 29801
name added to list: 29802
name added to list: 29803
name added to list: 29804
name added to list: 29805
name added to list: 29806
name added to list: 29807
name added to list: 29808
name added to list: 29809
name added to list: 29810
name added to list: 29811
name added to list: 29812
name added to list: 29813
name added to list: 29814
name added to list: 29815
name added to list: 29816
name added to list: 29817
name added to list: 29818
name added to list: 29819
name added to list: 29820
name added to list: 29821
name added to list: 29822
name added to list: 29823
name added to list: 29824
name added to list: 29825
name added to list: 29826
name added to list: 29827
name added to list: 29828
name added to list: 29829
name added to list: 29830
name added to list: 29831
name added to list: 29832
name added to list: 29833
name added to list: 29834
name added to list: 29835
name added to list: 29836
name added to list: 29837
name added to list: 29838
name added to list: 29839
name added to list: 29840
name added to list: 29841
name added to list: 29842
name added to list: 29843
name added to list: 29844
name added to list: 29845
name added to list: 29846
name added to list: 29847
name added to list: 29848
name added to list: 29849
name added to list: 29850
name added to list: 29851
name added to list: 29852
name added to list: 29853
name added to list: 29854
name added to list: 29855
name added to list: 29856
name added to list: 29857
name added to list: 29858
name added to list: 29859
name added to list: 29860
name added to list: 29861
name added to list: 29862
name added to list: 29863
name added to list: 29864
name added to list: 29865
name added to list: 29866
name added to list: 29867
name added to list: 29868
name added to list: 29869
name added to list: 29870
name added to list: 29871
name added to list: 29872
name added to list: 29873
name added to list: 29874
name added to list: 29875
name added to list: 29876
name added to list: 29877
name added to list: 29878
name added to list: 29879
name added to list: 29880
name added to list: 29881
name added to list: 29882
name added to list: 29883
name added to list: 29884
name added to list: 29885
name added to list: 29886
name added to list: 29887
name added to list: 29888
name added to list: 29889
name added to list: 29890
name added to list: 29891
name added to list: 29892
name added to list: 29893
name added to list: 29894
name added to list: 29895
name added to list: 29896
name added to list: 29897
name added to list: 29898
name added to list: 29899
name added to list: 29900
name added to list: 29901
name added to list: 29902
name added to list: 29903
name added to list: 29904
name added to list: 29905
name added to list: 29906
name added to list: 29907
name added to list: 29908
name added to list: 29909
name added to list: 29910
name added to list: 29911
name added to list: 29912
name added to list: 29913
name added to list: 29914
name added to list: 29915
name added to list: 29916
name added to list: 29917
name added to list: 29918
name added to list: 29919
name added to list: 29920
name added to list: 29921
name added to list: 29922
name added to list: 29923
name added to list: 29924
name added to list: 29925
name added to list: 29926
name added to list: 29927
name added to list: 29928
name added to list: 29929
name added to list: 29930
name added to list: 29931
name added to list: 29932
name added to list: 29933
name added to list: 29934
name added to list: 29935
name added to list: 29936
name added to list: 29937
name added to list: 29938
name added to list: 29939
name added to list: 29940
name added to list: 29941
name added to list: 29942
name added to list: 29943
name added to list: 29944
name added to list: 29945
name added to list: 29946
name added to list: 29947
name added to list: 29948
name added to list: 29949
name added to list: 29950
name added to list: 29951
name added to list: 29952
name added to list: 29953
name added to list: 29954
name added to list: 29955
name added to list: 29956
name added to list: 29957
name added to list: 29958
name added to list: 29959
name added to list: 29960
name added to list: 29961
name added to list: 29962
name added to list: 29963
name added to list: 29964
name added to list: 29965
name added to list: 29966
name added to list: 29967
name added to list: 29968
name added to list: 29969
name added to list: 29970
name added to list: 29971
name added to list: 29972
name added to list: 29973
name added to list: 29974
name added to list: 29975
name added to list: 29976
name added to list: 29977
name added to list: 29978
name added to list: 29979
name added to list: 29980
name added to list: 29981
name added to list: 29982
name added to list: 29983
name added to list: 29984
name added to list: 29985
name added to list: 29986
name added to list: 29987
name added to list: 29988
name added to list: 29989
name added to list: 29990
name added to list: 29991
name added to list: 29992
name added to list: 29993
name added to list: 29994
name added to list: 29995
name added to list: 29996
name added to list: 29997
name added to list: 29998
name added to list: 29999
name added to list: 30000
name added to list: 30001
name added to list: 30002
name added to list: 30003
name added to list: 30004
name added to list: 30005
name added to list: 30006
name added to list: 30007
name added to list: 30008
name added to list: 30009
name added to list: 30010
name added to list: 30011
name added to list: 30012
name added to list: 30013
name added to list: 30014
name added to list: 30015
name added to list: 30016
name added to list: 30017
name added to list: 30018
name added to list: 30019
name added to list: 30020
name added to list: 30021
name added to list: 30022
name added to list: 30023
name added to list: 30024
name added to list: 30025
name added to list: 30026
name added to list: 30027
name added to list: 30028
name added to list: 30029
name added to list: 30030
name added to list: 30031
name added to list: 30032
name added to list: 30033
name added to list: 30034
name added to list: 30035
name added to list: 30036
name added to list: 30037
name added to list: 30038
name added to list: 30039
name added to list: 30040
name added to list: 30041
name added to list: 30042
name added to list: 30043
name added to list: 30044
name added to list: 30045
name added to list: 30046
name added to list: 30047
name added to list: 30048
name added to list: 30049
name added to list: 30050
name added to list: 30051
name added to list: 30052
name added to list: 30053
name added to list: 30054
name added to list: 30055
name added to list: 30056
name added to list: 30057
name added to list: 30058
name added to list: 30059
name added to list: 30060
name added to list: 30061
name added to list: 30062
name added to list: 30063
name added to list: 30064
name added to list: 30065
name added to list: 30066
name added to list: 30067
name added to list: 30068
name added to list: 30069
name added to list: 30070
name added to list: 30071
name added to list: 30072
name added to list: 30073
name added to list: 30074
name added to list: 30075
name added to list: 30076
name added to list: 30077
name added to list: 30078
name added to list: 30079
name added to list: 30080
name added to list: 30081
name added to list: 30082
name added to list: 30083
name added to list: 30084
name added to list: 30085
name added to list: 30086
name added to list: 30087
name added to list: 30088
name added to list: 30089
name added to list: 30090
name added to list: 30091
name added to list: 30092
name added to list: 30093
name added to list: 30094
name added to list: 30095
name added to list: 30096
name added to list: 30097
name added to list: 30098
name added to list: 30099
name added to list: 30100
name added to list: 30101
name added to list: 30102
name added to list: 30103
name added to list: 30104
name added to list: 30105
name added to list: 30106
name added to list: 30107
name added to list: 30108
name added to list: 30109
name added to list: 30110
name added to list: 30111
name added to list: 30112
name added to list: 30113
name added to list: 30114
name added to list: 30115
name added to list: 30116
name added to list: 30117
name added to list: 30118
name added to list: 30119
name added to list: 30120
name added to list: 30121
name added to list: 30122
name added to list: 30123
name added to list: 30124
name added to list: 30125
name added to list: 30126
name added to list: 30127
name added to list: 30128
name added to list: 30129
name added to list: 30130
name added to list: 30131
name added to list: 30132
name added to list: 30133
name added to list: 30134
name added to list: 30135
name added to list: 30136
name added to list: 30137
name added to list: 30138
name added to list: 30139
name added to list: 30140
name added to list: 30141
name added to list: 30142
name added to list: 30143
name added to list: 30144
name added to list: 30145
name added to list: 30146
name added to list: 30147
name added to list: 30148
name added to list: 30149
name added to list: 30150
name added to list: 30151
name added to list: 30152
name added to list: 30153
name added to list: 30154
name added to list: 30155
name added to list: 30156
name added to list: 30157
name added to list: 30158
name added to list: 30159
name added to list: 30160
name added to list: 30161
name added to list: 30162
name added to list: 30163
name added to list: 30164
name added to list: 30165
name added to list: 30166
name added to list: 30167
name added to list: 30168
name added to list: 30169
name added to list: 30170
name added to list: 30171
name added to list: 30172
name added to list: 30173
name added to list: 30174
name added to list: 30175
name added to list: 30176
name added to list: 30177
name added to list: 30178
name added to list: 30179
name added to list: 30180
name added to list: 30181
name added to list: 30182
name added to list: 30183
name added to list: 30184
name added to list: 30185
name added to list: 30186
name added to list: 30187
name added to list: 30188
name added to list: 30189
name added to list: 30190
name added to list: 30191
name added to list: 30192
name added to list: 30193
name added to list: 30194
name added to list: 30195
name added to list: 30196
name added to list: 30197
name added to list: 30198
name added to list: 30199
name added to list: 30200
name added to list: 30201
name added to list: 30202
name added to list: 30203
name added to list: 30204
name added to list: 30205
name added to list: 30206
name added to list: 30207
name added to list: 30208
name added to list: 30209
name added to list: 30210
name added to list: 30211
name added to list: 30212
name added to list: 30213
name added to list: 30214
name added to list: 30215
name added to list: 30216
name added to list: 30217
name added to list: 30218
name added to list: 30219
name added to list: 30220
name added to list: 30221
name added to list: 30222
name added to list: 30223
name added to list: 30224
name added to list: 30225
name added to list: 30226
name added to list: 30227
name added to list: 30228
name added to list: 30229
name added to list: 30230
name added to list: 30231
name added to list: 30232
name added to list: 30233
name added to list: 30234
name added to list: 30235
name added to list: 30236
name added to list: 30237
name added to list: 30238
name added to list: 30239
name added to list: 30240
name added to list: 30241
name added to list: 30242
name added to list: 30243
name added to list: 30244
name added to list: 30245
name added to list: 30246
name added to list: 30247
name added to list: 30248
name added to list: 30249
name added to list: 30250
name added to list: 30251
name added to list: 30252
name added to list: 30253
name added to list: 30254
name added to list: 30255
name added to list: 30256
name added to list: 30257
name added to list: 30258
name added to list: 30259
name added to list: 30260
name added to list: 30261
name added to list: 30262
name added to list: 30263
name added to list: 30264
name added to list: 30265
name added to list: 30266
name added to list: 30267
name added to list: 30268
name added to list: 30269
name added to list: 30270
name added to list: 30271
name added to list: 30272
name added to list: 30273
name added to list: 30274
name added to list: 30275
name added to list: 30276
name added to list: 30277
name added to list: 30278
name added to list: 30279
name added to list: 30280
name added to list: 30281
name added to list: 30282
name added to list: 30283
name added to list: 30284
name added to list: 30285
name added to list: 30286
name added to list: 30287
name added to list: 30288
name added to list: 30289
name added to list: 30290
name added to list: 30291
name added to list: 30292
name added to list: 30293
name added to list: 30294
name added to list: 30295
name added to list: 30296
name added to list: 30297
name added to list: 30298
name added to list: 30299
name added to list: 30300
name added to list: 30301
name added to list: 30302
name added to list: 30303
name added to list: 30304
name added to list: 30305
name added to list: 30306
name added to list: 30307
name added to list: 30308
name added to list: 30309
name added to list: 30310
name added to list: 30311
name added to list: 30312
name added to list: 30313
name added to list: 30314
name added to list: 30315
name added to list: 30316
name added to list: 30317
name added to list: 30318
name added to list: 30319
name added to list: 30320
name added to list: 30321
name added to list: 30322
name added to list: 30323
name added to list: 30324
name added to list: 30325
name added to list: 30326
name added to list: 30327
name added to list: 30328
name added to list: 30329
name added to list: 30330
name added to list: 30331
name added to list: 30332
name added to list: 30333
name added to list: 30334
name added to list: 30335
name added to list: 30336
name added to list: 30337
name added to list: 30338
name added to list: 30339
name added to list: 30340
name added to list: 30341
name added to list: 30342
name added to list: 30343
name added to list: 30344
name added to list: 30345
name added to list: 30346
name added to list: 30347
name added to list: 30348
name added to list: 30349
name added to list: 30350
name added to list: 30351
name added to list: 30352
name added to list: 30353
name added to list: 30354
name added to list: 30355
name added to list: 30356
name added to list: 30357
name added to list: 30358
name added to list: 30359
name added to list: 30360
name added to list: 30361
name added to list: 30362
name added to list: 30363
name added to list: 30364
name added to list: 30365
name added to list: 30366
name added to list: 30367
name added to list: 30368
name added to list: 30369
name added to list: 30370
name added to list: 30371
name added to list: 30372
name added to list: 30373
name added to list: 30374
name added to list: 30375
name added to list: 30376
name added to list: 30377
name added to list: 30378
name added to list: 30379
name added to list: 30380
name added to list: 30381
name added to list: 30382
name added to list: 30383
name added to list: 30384
name added to list: 30385
name added to list: 30386
name added to list: 30387
name added to list: 30388
name added to list: 30389
name added to list: 30390
name added to list: 30391
name added to list: 30392
name added to list: 30393
name added to list: 30394
name added to list: 30395
name added to list: 30396
name added to list: 30397
name added to list: 30398
name added to list: 30399
name added to list: 30400
name added to list: 30401
name added to list: 30402
name added to list: 30403
name added to list: 30404
name added to list: 30405
name added to list: 30406
name added to list: 30407
name added to list: 30408
name added to list: 30409
name added to list: 30410
name added to list: 30411
name added to list: 30412
name added to list: 30413
name added to list: 30414
name added to list: 30415
name added to list: 30416
name added to list: 30417
name added to list: 30418
name added to list: 30419
name added to list: 30420
name added to list: 30421
name added to list: 30422
name added to list: 30423
name added to list: 30424
name added to list: 30425
name added to list: 30426
name added to list: 30427
name added to list: 30428
name added to list: 30429
name added to list: 30430
name added to list: 30431
name added to list: 30432
name added to list: 30433
name added to list: 30434
name added to list: 30435
name added to list: 30436
name added to list: 30437
name added to list: 30438
name added to list: 30439
name added to list: 30440
name added to list: 30441
name added to list: 30442
name added to list: 30443
name added to list: 30444
name added to list: 30445
name added to list: 30446
name added to list: 30447
name added to list: 30448
name added to list: 30449
name added to list: 30450
name added to list: 30451
name added to list: 30452
name added to list: 30453
name added to list: 30454
name added to list: 30455
name added to list: 30456
name added to list: 30457
name added to list: 30458
name added to list: 30459
name added to list: 30460
name added to list: 30461
name added to list: 30462
name added to list: 30463
name added to list: 30464
name added to list: 30465
name added to list: 30466
name added to list: 30467
name added to list: 30468
name added to list: 30469
name added to list: 30470
name added to list: 30471
name added to list: 30472
name added to list: 30473
name added to list: 30474
name added to list: 30475
name added to list: 30476
name added to list: 30477
name added to list: 30478
name added to list: 30479
name added to list: 30480
name added to list: 30481
name added to list: 30482
name added to list: 30483
name added to list: 30484
name added to list: 30485
name added to list: 30486
name added to list: 30487
name added to list: 30488
name added to list: 30489
name added to list: 30490
name added to list: 30491
name added to list: 30492
name added to list: 30493
name added to list: 30494
name added to list: 30495
name added to list: 30496
name added to list: 30497
name added to list: 30498
name added to list: 30499
name added to list: 30500
name added to list: 30501
name added to list: 30502
name added to list: 30503
name added to list: 30504
name added to list: 30505
name added to list: 30506
name added to list: 30507
name added to list: 30508
name added to list: 30509
name added to list: 30510
name added to list: 30511
name added to list: 30512
name added to list: 30513
name added to list: 30514
name added to list: 30515
name added to list: 30516
name added to list: 30517
name added to list: 30518
name added to list: 30519
name added to list: 30520
name added to list: 30521
name added to list: 30522
name added to list: 30523
name added to list: 30524
name added to list: 30525
name added to list: 30526
name added to list: 30527
name added to list: 30528
name added to list: 30529
name added to list: 30530
name added to list: 30531
name added to list: 30532
name added to list: 30533
name added to list: 30534
name added to list: 30535
name added to list: 30536
name added to list: 30537
name added to list: 30538
name added to list: 30539
name added to list: 30540
name added to list: 30541
name added to list: 30542
name added to list: 30543
name added to list: 30544
name added to list: 30545
name added to list: 30546
name added to list: 30547
name added to list: 30548
name added to list: 30549
name added to list: 30550
name added to list: 30551
name added to list: 30552
name added to list: 30553
name added to list: 30554
name added to list: 30555
name added to list: 30556
name added to list: 30557
name added to list: 30558
name added to list: 30559
name added to list: 30560
name added to list: 30561
name added to list: 30562
name added to list: 30563
name added to list: 30564
name added to list: 30565
name added to list: 30566
name added to list: 30567
name added to list: 30568
name added to list: 30569
name added to list: 30570
name added to list: 30571
name added to list: 30572
name added to list: 30573
name added to list: 30574
name added to list: 30575
name added to list: 30576
name added to list: 30577
name added to list: 30578
name added to list: 30579
name added to list: 30580
name added to list: 30581
name added to list: 30582
name added to list: 30583
name added to list: 30584
name added to list: 30585
name added to list: 30586
name added to list: 30587
name added to list: 30588
name added to list: 30589
name added to list: 30590
name added to list: 30591
name added to list: 30592
name added to list: 30593
name added to list: 30594
name added to list: 30595
name added to list: 30596
name added to list: 30597
name added to list: 30598
name added to list: 30599
name added to list: 30600
name added to list: 30601
name added to list: 30602
name added to list: 30603
name added to list: 30604
name added to list: 30605
name added to list: 30606
name added to list: 30607
name added to list: 30608
name added to list: 30609
name added to list: 30610
name added to list: 30611
name added to list: 30612
name added to list: 30613
name added to list: 30614
name added to list: 30615
name added to list: 30616
name added to list: 30617
name added to list: 30618
name added to list: 30619
name added to list: 30620
name added to list: 30621
name added to list: 30622
name added to list: 30623
name added to list: 30624
name added to list: 30625
name added to list: 30626
name added to list: 30627
name added to list: 30628
name added to list: 30629
name added to list: 30630
name added to list: 30631
name added to list: 30632
name added to list: 30633
name added to list: 30634
name added to list: 30635
name added to list: 30636
name added to list: 30637
name added to list: 30638
name added to list: 30639
name added to list: 30640
name added to list: 30641
name added to list: 30642
name added to list: 30643
name added to list: 30644
name added to list: 30645
name added to list: 30646
name added to list: 30647
name added to list: 30648
name added to list: 30649
name added to list: 30650
name added to list: 30651
name added to list: 30652
name added to list: 30653
name added to list: 30654
name added to list: 30655
name added to list: 30656
name added to list: 30657
name added to list: 30658
name added to list: 30659
name added to list: 30660
name added to list: 30661
name added to list: 30662
name added to list: 30663
name added to list: 30664
name added to list: 30665
name added to list: 30666
name added to list: 30667
name added to list: 30668
name added to list: 30669
name added to list: 30670
name added to list: 30671
name added to list: 30672
name added to list: 30673
name added to list: 30674
name added to list: 30675
name added to list: 30676
name added to list: 30677
name added to list: 30678
name added to list: 30679
name added to list: 30680
name added to list: 30681
name added to list: 30682
name added to list: 30683
name added to list: 30684
name added to list: 30685
name added to list: 30686
name added to list: 30687
name added to list: 30688
name added to list: 30689
name added to list: 30690
name added to list: 30691
name added to list: 30692
name added to list: 30693
name added to list: 30694
name added to list: 30695
name added to list: 30696
name added to list: 30697
name added to list: 30698
name added to list: 30699
name added to list: 30700
name added to list: 30701
name added to list: 30702
name added to list: 30703
name added to list: 30704
name added to list: 30705
name added to list: 30706
name added to list: 30707
name added to list: 30708
name added to list: 30709
name added to list: 30710
name added to list: 30711
name added to list: 30712
name added to list: 30713
name added to list: 30714
name added to list: 30715
name added to list: 30716
name added to list: 30717
name added to list: 30718
name added to list: 30719
name added to list: 30720
name added to list: 30721
name added to list: 30722
name added to list: 30723
name added to list: 30724
name added to list: 30725
name added to list: 30726
name added to list: 30727
name added to list: 30728
name added to list: 30729
name added to list: 30730
name added to list: 30731
name added to list: 30732
name added to list: 30733
name added to list: 30734
name added to list: 30735
name added to list: 30736
name added to list: 30737
name added to list: 30738
name added to list: 30739
name added to list: 30740
name added to list: 30741
name added to list: 30742
name added to list: 30743
name added to list: 30744
name added to list: 30745
name added to list: 30746
name added to list: 30747
name added to list: 30748
name added to list: 30749
name added to list: 30750
name added to list: 30751
name added to list: 30752
name added to list: 30753
name added to list: 30754
name added to list: 30755
name added to list: 30756
name added to list: 30757
name added to list: 30758
name added to list: 30759
name added to list: 30760
name added to list: 30761
name added to list: 30762
name added to list: 30763
name added to list: 30764
name added to list: 30765
name added to list: 30766
name added to list: 30767
name added to list: 30768
name added to list: 30769
name added to list: 30770
name added to list: 30771
name added to list: 30772
name added to list: 30773
name added to list: 30774
name added to list: 30775
name added to list: 30776
name added to list: 30777
name added to list: 30778
name added to list: 30779
name added to list: 30780
name added to list: 30781
name added to list: 30782
name added to list: 30783
name added to list: 30784
name added to list: 30785
name added to list: 30786
name added to list: 30787
name added to list: 30788
name added to list: 30789
name added to list: 30790
name added to list: 30791
name added to list: 30792
name added to list: 30793
name added to list: 30794
name added to list: 30795
name added to list: 30796
name added to list: 30797
name added to list: 30798
name added to list: 30799
name added to list: 30800
name added to list: 30801
name added to list: 30802
name added to list: 30803
name added to list: 30804
name added to list: 30805
name added to list: 30806
name added to list: 30807
name added to list: 30808
name added to list: 30809
name added to list: 30810
name added to list: 30811
name added to list: 30812
name added to list: 30813
name added to list: 30814
name added to list: 30815
name added to list: 30816
name added to list: 30817
name added to list: 30818
name added to list: 30819
name added to list: 30820
name added to list: 30821
name added to list: 30822
name added to list: 30823
name added to list: 30824
name added to list: 30825
name added to list: 30826
name added to list: 30827
name added to list: 30828
name added to list: 30829
name added to list: 30830
name added to list: 30831
name added to list: 30832
name added to list: 30833
name added to list: 30834
name added to list: 30835
name added to list: 30836
name added to list: 30837
name added to list: 30838
name added to list: 30839
name added to list: 30840
name added to list: 30841
name added to list: 30842
name added to list: 30843
name added to list: 30844
name added to list: 30845
name added to list: 30846
name added to list: 30847
name added to list: 30848
name added to list: 30849
name added to list: 30850
name added to list: 30851
name added to list: 30852
name added to list: 30853
name added to list: 30854
name added to list: 30855
name added to list: 30856
name added to list: 30857
name added to list: 30858
name added to list: 30859
name added to list: 30860
name added to list: 30861
name added to list: 30862
name added to list: 30863
name added to list: 30864
name added to list: 30865
name added to list: 30866
name added to list: 30867
name added to list: 30868
name added to list: 30869
name added to list: 30870
name added to list: 30871
name added to list: 30872
name added to list: 30873
name added to list: 30874
name added to list: 30875
name added to list: 30876
name added to list: 30877
name added to list: 30878
name added to list: 30879
name added to list: 30880
name added to list: 30881
name added to list: 30882
name added to list: 30883
name added to list: 30884
name added to list: 30885
name added to list: 30886
name added to list: 30887
name added to list: 30888
name added to list: 30889
name added to list: 30890
name added to list: 30891
name added to list: 30892
name added to list: 30893
name added to list: 30894
name added to list: 30895
name added to list: 30896
name added to list: 30897
name added to list: 30898
name added to list: 30899
name added to list: 30900
name added to list: 30901
name added to list: 30902
name added to list: 30903
name added to list: 30904
name added to list: 30905
name added to list: 30906
name added to list: 30907
name added to list: 30908
name added to list: 30909
name added to list: 30910
name added to list: 30911
name added to list: 30912
name added to list: 30913
name added to list: 30914
name added to list: 30915
name added to list: 30916
name added to list: 30917
name added to list: 30918
name added to list: 30919
name added to list: 30920
name added to list: 30921
name added to list: 30922
name added to list: 30923
name added to list: 30924
name added to list: 30925
name added to list: 30926
name added to list: 30927
name added to list: 30928
name added to list: 30929
name added to list: 30930
name added to list: 30931
name added to list: 30932
name added to list: 30933
name added to list: 30934
name added to list: 30935
name added to list: 30936
name added to list: 30937
name added to list: 30938
name added to list: 30939
name added to list: 30940
name added to list: 30941
name added to list: 30942
name added to list: 30943
name added to list: 30944
name added to list: 30945
name added to list: 30946
name added to list: 30947
name added to list: 30948
name added to list: 30949
name added to list: 30950
name added to list: 30951
name added to list: 30952
name added to list: 30953
name added to list: 30954
name added to list: 30955
name added to list: 30956
name added to list: 30957
name added to list: 30958
name added to list: 30959
name added to list: 30960
name added to list: 30961
name added to list: 30962
name added to list: 30963
name added to list: 30964
name added to list: 30965
name added to list: 30966
name added to list: 30967
name added to list: 30968
name added to list: 30969
name added to list: 30970
name added to list: 30971
name added to list: 30972
name added to list: 30973
name added to list: 30974
name added to list: 30975
name added to list: 30976
name added to list: 30977
name added to list: 30978
name added to list: 30979
name added to list: 30980
name added to list: 30981
name added to list: 30982
name added to list: 30983
name added to list: 30984
name added to list: 30985
name added to list: 30986
name added to list: 30987
name added to list: 30988
name added to list: 30989
name added to list: 30990
name added to list: 30991
name added to list: 30992
name added to list: 30993
name added to list: 30994
name added to list: 30995
name added to list: 30996
name added to list: 30997
name added to list: 30998
name added to list: 30999
name added to list: 31000
name added to list: 31001
name added to list: 31002
name added to list: 31003
name added to list: 31004
name added to list: 31005
name added to list: 31006
name added to list: 31007
name added to list: 31008
name added to list: 31009
name added to list: 31010
name added to list: 31011
name added to list: 31012
name added to list: 31013
name added to list: 31014
name added to list: 31015
name added to list: 31016
name added to list: 31017
name added to list: 31018
name added to list: 31019
name added to list: 31020
name added to list: 31021
name added to list: 31022
name added to list: 31023
name added to list: 31024
name added to list: 31025
name added to list: 31026
name added to list: 31027
name added to list: 31028
name added to list: 31029
name added to list: 31030
name added to list: 31031
name added to list: 31032
name added to list: 31033
name added to list: 31034
name added to list: 31035
name added to list: 31036
name added to list: 31037
name added to list: 31038
name added to list: 31039
name added to list: 31040
name added to list: 31041
name added to list: 31042
name added to list: 31043
name added to list: 31044
name added to list: 31045
name added to list: 31046
name added to list: 31047
name added to list: 31048
name added to list: 31049
name added to list: 31050
name added to list: 31051
name added to list: 31052
name added to list: 31053
name added to list: 31054
name added to list: 31055
name added to list: 31056
name added to list: 31057
name added to list: 31058
name added to list: 31059
name added to list: 31060
name added to list: 31061
name added to list: 31062
name added to list: 31063
name added to list: 31064
name added to list: 31065
name added to list: 31066
name added to list: 31067
name added to list: 31068
name added to list: 31069
name added to list: 31070
name added to list: 31071
name added to list: 31072
name added to list: 31073
name added to list: 31074
name added to list: 31075
name added to list: 31076
name added to list: 31077
name added to list: 31078
name added to list: 31079
name added to list: 31080
name added to list: 31081
name added to list: 31082
name added to list: 31083
name added to list: 31084
name added to list: 31085
name added to list: 31086
name added to list: 31087
name added to list: 31088
name added to list: 31089
name added to list: 31090
name added to list: 31091
name added to list: 31092
name added to list: 31093
name added to list: 31094
name added to list: 31095
name added to list: 31096
name added to list: 31097
name added to list: 31098
name added to list: 31099
name added to list: 31100
name added to list: 31101
name added to list: 31102
name added to list: 31103
name added to list: 31104
name added to list: 31105
name added to list: 31106
name added to list: 31107
name added to list: 31108
name added to list: 31109
name added to list: 31110
name added to list: 31111
name added to list: 31112
name added to list: 31113
name added to list: 31114
name added to list: 31115
name added to list: 31116
name added to list: 31117
name added to list: 31118
name added to list: 31119
name added to list: 31120
name added to list: 31121
name added to list: 31122
name added to list: 31123
name added to list: 31124
name added to list: 31125
name added to list: 31126
name added to list: 31127
name added to list: 31128
name added to list: 31129
name added to list: 31130
name added to list: 31131
name added to list: 31132
name added to list: 31133
name added to list: 31134
name added to list: 31135
name added to list: 31136
name added to list: 31137
name added to list: 31138
name added to list: 31139
name added to list: 31140
name added to list: 31141
name added to list: 31142
name added to list: 31143
name added to list: 31144
name added to list: 31145
name added to list: 31146
name added to list: 31147
name added to list: 31148
name added to list: 31149
name added to list: 31150
name added to list: 31151
name added to list: 31152
name added to list: 31153
name added to list: 31154
name added to list: 31155
name added to list: 31156
name added to list: 31157
name added to list: 31158
name added to list: 31159
name added to list: 31160
name added to list: 31161
name added to list: 31162
name added to list: 31163
name added to list: 31164
name added to list: 31165
name added to list: 31166
name added to list: 31167
name added to list: 31168
name added to list: 31169
name added to list: 31170
name added to list: 31171
name added to list: 31172
name added to list: 31173
name added to list: 31174
name added to list: 31175
name added to list: 31176
name added to list: 31177
name added to list: 31178
name added to list: 31179
name added to list: 31180
name added to list: 31181
name added to list: 31182
name added to list: 31183
name added to list: 31184
name added to list: 31185
name added to list: 31186
name added to list: 31187
name added to list: 31188
name added to list: 31189
name added to list: 31190
name added to list: 31191
name added to list: 31192
name added to list: 31193
name added to list: 31194
name added to list: 31195
name added to list: 31196
name added to list: 31197
name added to list: 31198
name added to list: 31199
name added to list: 31200
name added to list: 31201
name added to list: 31202
name added to list: 31203
name added to list: 31204
name added to list: 31205
name added to list: 31206
name added to list: 31207
name added to list: 31208
name added to list: 31209
name added to list: 31210
name added to list: 31211
name added to list: 31212
name added to list: 31213
name added to list: 31214
name added to list: 31215
name added to list: 31216
name added to list: 31217
name added to list: 31218
name added to list: 31219
name added to list: 31220
name added to list: 31221
name added to list: 31222
name added to list: 31223
name added to list: 31224
name added to list: 31225
name added to list: 31226
name added to list: 31227
name added to list: 31228
name added to list: 31229
name added to list: 31230
name added to list: 31231
name added to list: 31232
name added to list: 31233
name added to list: 31234
name added to list: 31235
name added to list: 31236
name added to list: 31237
name added to list: 31238
name added to list: 31239
name added to list: 31240
name added to list: 31241
name added to list: 31242
name added to list: 31243
name added to list: 31244
name added to list: 31245
name added to list: 31246
name added to list: 31247
name added to list: 31248
name added to list: 31249
name added to list: 31250
name added to list: 31251
name added to list: 31252
name added to list: 31253
name added to list: 31254
name added to list: 31255
name added to list: 31256
name added to list: 31257
name added to list: 31258
name added to list: 31259
name added to list: 31260
name added to list: 31261
name added to list: 31262
name added to list: 31263
name added to list: 31264
name added to list: 31265
name added to list: 31266
name added to list: 31267
name added to list: 31268
name added to list: 31269
name added to list: 31270
name added to list: 31271
name added to list: 31272
name added to list: 31273
name added to list: 31274
name added to list: 31275
name added to list: 31276
name added to list: 31277
name added to list: 31278
name added to list: 31279
name added to list: 31280
name added to list: 31281
name added to list: 31282
name added to list: 31283
name added to list: 31284
name added to list: 31285
name added to list: 31286
name added to list: 31287
name added to list: 31288
name added to list: 31289
name added to list: 31290
name added to list: 31291
name added to list: 31292
name added to list: 31293
name added to list: 31294
name added to list: 31295
name added to list: 31296
name added to list: 31297
name added to list: 31298
name added to list: 31299
name added to list: 31300
name added to list: 31301
name added to list: 31302
name added to list: 31303
name added to list: 31304
name added to list: 31305
name added to list: 31306
name added to list: 31307
name added to list: 31308
name added to list: 31309
name added to list: 31310
name added to list: 31311
name added to list: 31312
name added to list: 31313
name added to list: 31314
name added to list: 31315
name added to list: 31316
name added to list: 31317
name added to list: 31318
name added to list: 31319
name added to list: 31320
name added to list: 31321
name added to list: 31322
name added to list: 31323
name added to list: 31324
name added to list: 31325
name added to list: 31326
name added to list: 31327
name added to list: 31328
name added to list: 31329
name added to list: 31330
name added to list: 31331
name added to list: 31332
name added to list: 31333
name added to list: 31334
name added to list: 31335
name added to list: 31336
name added to list: 31337
name added to list: 31338
name added to list: 31339
name added to list: 31340
name added to list: 31341
name added to list: 31342
name added to list: 31343
name added to list: 31344
name added to list: 31345
name added to list: 31346
name added to list: 31347
name added to list: 31348
name added to list: 31349
name added to list: 31350
name added to list: 31351
name added to list: 31352
name added to list: 31353
name added to list: 31354
name added to list: 31355
name added to list: 31356
name added to list: 31357
name added to list: 31358
name added to list: 31359
name added to list: 31360
name added to list: 31361
name added to list: 31362
name added to list: 31363
name added to list: 31364
name added to list: 31365
name added to list: 31366
name added to list: 31367
name added to list: 31368
name added to list: 31369
name added to list: 31370
name added to list: 31371
name added to list: 31372
name added to list: 31373
name added to list: 31374
name added to list: 31375
name added to list: 31376
name added to list: 31377
name added to list: 31378
name added to list: 31379
name added to list: 31380
name added to list: 31381
name added to list: 31382
name added to list: 31383
name added to list: 31384
name added to list: 31385
name added to list: 31386
name added to list: 31387
name added to list: 31388
name added to list: 31389
name added to list: 31390
name added to list: 31391
name added to list: 31392
name added to list: 31393
name added to list: 31394
name added to list: 31395
name added to list: 31396
name added to list: 31397
name added to list: 31398
name added to list: 31399
name added to list: 31400
name added to list: 31401
name added to list: 31402
name added to list: 31403
name added to list: 31404
name added to list: 31405
name added to list: 31406
name added to list: 31407
name added to list: 31408
name added to list: 31409
name added to list: 31410
name added to list: 31411
name added to list: 31412
name added to list: 31413
name added to list: 31414
name added to list: 31415
name added to list: 31416
name added to list: 31417
name added to list: 31418
name added to list: 31419
name added to list: 31420
name added to list: 31421
name added to list: 31422
name added to list: 31423
name added to list: 31424
name added to list: 31425
name added to list: 31426
name added to list: 31427
name added to list: 31428
name added to list: 31429
name added to list: 31430
name added to list: 31431
name added to list: 31432
name added to list: 31433
name added to list: 31434
name added to list: 31435
name added to list: 31436
name added to list: 31437
name added to list: 31438
name added to list: 31439
name added to list: 31440
name added to list: 31441
name added to list: 31442
name added to list: 31443
name added to list: 31444
name added to list: 31445
name added to list: 31446
name added to list: 31447
name added to list: 31448
name added to list: 31449
name added to list: 31450
name added to list: 31451
name added to list: 31452
name added to list: 31453
name added to list: 31454
name added to list: 31455
name added to list: 31456
name added to list: 31457
name added to list: 31458
name added to list: 31459
name added to list: 31460
name added to list: 31461
name added to list: 31462
name added to list: 31463
name added to list: 31464
name added to list: 31465
name added to list: 31466
name added to list: 31467
name added to list: 31468
name added to list: 31469
name added to list: 31470
name added to list: 31471
name added to list: 31472
name added to list: 31473
name added to list: 31474
name added to list: 31475
name added to list: 31476
name added to list: 31477
name added to list: 31478
name added to list: 31479
name added to list: 31480
name added to list: 31481
name added to list: 31482
name added to list: 31483
name added to list: 31484
name added to list: 31485
name added to list: 31486
name added to list: 31487
name added to list: 31488
name added to list: 31489
name added to list: 31490
name added to list: 31491
name added to list: 31492
name added to list: 31493
name added to list: 31494
name added to list: 31495
name added to list: 31496
name added to list: 31497
name added to list: 31498
name added to list: 31499
name added to list: 31500
name added to list: 31501
name added to list: 31502
name added to list: 31503
name added to list: 31504
name added to list: 31505
name added to list: 31506
name added to list: 31507
name added to list: 31508
name added to list: 31509
name added to list: 31510
name added to list: 31511
name added to list: 31512
name added to list: 31513
name added to list: 31514
name added to list: 31515
name added to list: 31516
name added to list: 31517
name added to list: 31518
name added to list: 31519
name added to list: 31520
name added to list: 31521
name added to list: 31522
name added to list: 31523
name added to list: 31524
name added to list: 31525
name added to list: 31526
name added to list: 31527
name added to list: 31528
name added to list: 31529
name added to list: 31530
name added to list: 31531
name added to list: 31532
name added to list: 31533
name added to list: 31534
name added to list: 31535
name added to list: 31536
name added to list: 31537
name added to list: 31538
name added to list: 31539
name added to list: 31540
name added to list: 31541
name added to list: 31542
name added to list: 31543
name added to list: 31544
name added to list: 31545
name added to list: 31546
name added to list: 31547
name added to list: 31548
name added to list: 31549
name added to list: 31550
name added to list: 31551
name added to list: 31552
name added to list: 31553
name added to list: 31554
name added to list: 31555
name added to list: 31556
name added to list: 31557
name added to list: 31558
name added to list: 31559
name added to list: 31560
name added to list: 31561
name added to list: 31562
name added to list: 31563
name added to list: 31564
name added to list: 31565
name added to list: 31566
name added to list: 31567
name added to list: 31568
name added to list: 31569
name added to list: 31570
name added to list: 31571
name added to list: 31572
name added to list: 31573
name added to list: 31574
name added to list: 31575
name added to list: 31576
name added to list: 31577
name added to list: 31578
name added to list: 31579
name added to list: 31580
name added to list: 31581
name added to list: 31582
name added to list: 31583
name added to list: 31584
name added to list: 31585
name added to list: 31586
name added to list: 31587
name added to list: 31588
name added to list: 31589
name added to list: 31590
name added to list: 31591
name added to list: 31592
name added to list: 31593
name added to list: 31594
name added to list: 31595
name added to list: 31596
name added to list: 31597
name added to list: 31598
name added to list: 31599
name added to list: 31600
name added to list: 31601
name added to list: 31602
name added to list: 31603
name added to list: 31604
name added to list: 31605
name added to list: 31606
name added to list: 31607
name added to list: 31608
name added to list: 31609
name added to list: 31610
name added to list: 31611
name added to list: 31612
name added to list: 31613
name added to list: 31614
name added to list: 31615
name added to list: 31616
name added to list: 31617
name added to list: 31618
name added to list: 31619
name added to list: 31620
name added to list: 31621
name added to list: 31622
name added to list: 31623
name added to list: 31624
name added to list: 31625
name added to list: 31626
name added to list: 31627
name added to list: 31628
name added to list: 31629
name added to list: 31630
name added to list: 31631
name added to list: 31632
name added to list: 31633
name added to list: 31634
name added to list: 31635
name added to list: 31636
name added to list: 31637
name added to list: 31638
name added to list: 31639
name added to list: 31640
name added to list: 31641
name added to list: 31642
name added to list: 31643
name added to list: 31644
name added to list: 31645
name added to list: 31646
name added to list: 31647
name added to list: 31648
name added to list: 31649
name added to list: 31650
name added to list: 31651
name added to list: 31652
name added to list: 31653
name added to list: 31654
name added to list: 31655
name added to list: 31656
name added to list: 31657
name added to list: 31658
name added to list: 31659
name added to list: 31660
name added to list: 31661
name added to list: 31662
name added to list: 31663
name added to list: 31664
name added to list: 31665
name added to list: 31666
name added to list: 31667
name added to list: 31668
name added to list: 31669
name added to list: 31670
name added to list: 31671
name added to list: 31672
name added to list: 31673
name added to list: 31674
name added to list: 31675
name added to list: 31676
name added to list: 31677
name added to list: 31678
name added to list: 31679
name added to list: 31680
name added to list: 31681
name added to list: 31682
name added to list: 31683
name added to list: 31684
name added to list: 31685
name added to list: 31686
name added to list: 31687
name added to list: 31688
name added to list: 31689
name added to list: 31690
name added to list: 31691
name added to list: 31692
name added to list: 31693
name added to list: 31694
name added to list: 31695
name added to list: 31696
name added to list: 31697
name added to list: 31698
name added to list: 31699
name added to list: 31700
name added to list: 31701
name added to list: 31702
name added to list: 31703
name added to list: 31704
name added to list: 31705
name added to list: 31706
name added to list: 31707
name added to list: 31708
name added to list: 31709
name added to list: 31710
name added to list: 31711
name added to list: 31712
name added to list: 31713
name added to list: 31714
name added to list: 31715
name added to list: 31716
name added to list: 31717
name added to list: 31718
name added to list: 31719
name added to list: 31720
name added to list: 31721
name added to list: 31722
name added to list: 31723
name added to list: 31724
name added to list: 31725
name added to list: 31726
name added to list: 31727
name added to list: 31728
name added to list: 31729
name added to list: 31730
name added to list: 31731
name added to list: 31732
name added to list: 31733
name added to list: 31734
name added to list: 31735
name added to list: 31736
name added to list: 31737
name added to list: 31738
name added to list: 31739
name added to list: 31740
name added to list: 31741
name added to list: 31742
name added to list: 31743
name added to list: 31744
name added to list: 31745
name added to list: 31746
name added to list: 31747
name added to list: 31748
name added to list: 31749
name added to list: 31750
name added to list: 31751
name added to list: 31752
name added to list: 31753
name added to list: 31754
name added to list: 31755
name added to list: 31756
name added to list: 31757
name added to list: 31758
name added to list: 31759
name added to list: 31760
name added to list: 31761
name added to list: 31762
name added to list: 31763
name added to list: 31764
name added to list: 31765
name added to list: 31766
name added to list: 31767
name added to list: 31768
name added to list: 31769
name added to list: 31770
name added to list: 31771
name added to list: 31772
name added to list: 31773
name added to list: 31774
name added to list: 31775
name added to list: 31776
name added to list: 31777
name added to list: 31778
name added to list: 31779
name added to list: 31780
name added to list: 31781
name added to list: 31782
name added to list: 31783
name added to list: 31784
name added to list: 31785
name added to list: 31786
name added to list: 31787
name added to list: 31788
name added to list: 31789
name added to list: 31790
name added to list: 31791
name added to list: 31792
name added to list: 31793
name added to list: 31794
name added to list: 31795
name added to list: 31796
name added to list: 31797
name added to list: 31798
name added to list: 31799
name added to list: 31800
name added to list: 31801
name added to list: 31802
name added to list: 31803
name added to list: 31804
name added to list: 31805
name added to list: 31806
name added to list: 31807
name added to list: 31808
name added to list: 31809
name added to list: 31810
name added to list: 31811
name added to list: 31812
name added to list: 31813
name added to list: 31814
name added to list: 31815
name added to list: 31816
name added to list: 31817
name added to list: 31818
name added to list: 31819
name added to list: 31820
name added to list: 31821
name added to list: 31822
name added to list: 31823
name added to list: 31824
name added to list: 31825
name added to list: 31826
name added to list: 31827
name added to list: 31828
name added to list: 31829
name added to list: 31830
name added to list: 31831
name added to list: 31832
name added to list: 31833
name added to list: 31834
name added to list: 31835
name added to list: 31836
name added to list: 31837
name added to list: 31838
name added to list: 31839
name added to list: 31840
name added to list: 31841
name added to list: 31842
name added to list: 31843
name added to list: 31844
name added to list: 31845
name added to list: 31846
name added to list: 31847
name added to list: 31848
name added to list: 31849
name added to list: 31850
name added to list: 31851
name added to list: 31852
name added to list: 31853
name added to list: 31854
name added to list: 31855
name added to list: 31856
name added to list: 31857
name added to list: 31858
name added to list: 31859
name added to list: 31860
name added to list: 31861
name added to list: 31862
name added to list: 31863
name added to list: 31864
name added to list: 31865
name added to list: 31866
name added to list: 31867
name added to list: 31868
name added to list: 31869
name added to list: 31870
name added to list: 31871
name added to list: 31872
name added to list: 31873
name added to list: 31874
name added to list: 31875
name added to list: 31876
name added to list: 31877
name added to list: 31878
name added to list: 31879
name added to list: 31880
name added to list: 31881
name added to list: 31882
name added to list: 31883
name added to list: 31884
name added to list: 31885
name added to list: 31886
name added to list: 31887
name added to list: 31888
name added to list: 31889
name added to list: 31890
name added to list: 31891
name added to list: 31892
name added to list: 31893
name added to list: 31894
name added to list: 31895
name added to list: 31896
name added to list: 31897
name added to list: 31898
name added to list: 31899
name added to list: 31900
name added to list: 31901
name added to list: 31902
name added to list: 31903
name added to list: 31904
name added to list: 31905
name added to list: 31906
name added to list: 31907
name added to list: 31908
name added to list: 31909
name added to list: 31910
name added to list: 31911
name added to list: 31912
name added to list: 31913
name added to list: 31914
name added to list: 31915
name added to list: 31916
name added to list: 31917
name added to list: 31918
name added to list: 31919
name added to list: 31920
name added to list: 31921
name added to list: 31922
name added to list: 31923
name added to list: 31924
name added to list: 31925
name added to list: 31926
name added to list: 31927
name added to list: 31928
name added to list: 31929
name added to list: 31930
name added to list: 31931
name added to list: 31932
name added to list: 31933
name added to list: 31934
name added to list: 31935
name added to list: 31936
name added to list: 31937
name added to list: 31938
name added to list: 31939
name added to list: 31940
name added to list: 31941
name added to list: 31942
name added to list: 31943
name added to list: 31944
name added to list: 31945
name added to list: 31946
name added to list: 31947
name added to list: 31948
name added to list: 31949
name added to list: 31950
name added to list: 31951
name added to list: 31952
name added to list: 31953
name added to list: 31954
name added to list: 31955
name added to list: 31956
name added to list: 31957
name added to list: 31958
name added to list: 31959
name added to list: 31960
name added to list: 31961
name added to list: 31962
name added to list: 31963
name added to list: 31964
name added to list: 31965
name added to list: 31966
name added to list: 31967
name added to list: 31968
name added to list: 31969
name added to list: 31970
name added to list: 31971
name added to list: 31972
name added to list: 31973
name added to list: 31974
name added to list: 31975
name added to list: 31976
name added to list: 31977
name added to list: 31978
name added to list: 31979
name added to list: 31980
name added to list: 31981
name added to list: 31982
name added to list: 31983
name added to list: 31984
name added to list: 31985
name added to list: 31986
name added to list: 31987
name added to list: 31988
name added to list: 31989
name added to list: 31990
name added to list: 31991
name added to list: 31992
name added to list: 31993
name added to list: 31994
name added to list: 31995
name added to list: 31996
name added to list: 31997
name added to list: 31998
name added to list: 31999
name added to list: 32000
name added to list: 32001
name added to list: 32002
name added to list: 32003
name added to list: 32004
name added to list: 32005
name added to list: 32006
name added to list: 32007
name added to list: 32008
name added to list: 32009
name added to list: 32010
name added to list: 32011
name added to list: 32012
name added to list: 32013
name added to list: 32014
name added to list: 32015
name added to list: 32016
name added to list: 32017
name added to list: 32018
name added to list: 32019
name added to list: 32020
name added to list: 32021
name added to list: 32022
name added to list: 32023
name added to list: 32024
name added to list: 32025
name added to list: 32026
name added to list: 32027
name added to list: 32028
name added to list: 32029
name added to list: 32030
name added to list: 32031
name added to list: 32032
name added to list: 32033
name added to list: 32034
name added to list: 32035
name added to list: 32036
name added to list: 32037
name added to list: 32038
name added to list: 32039
name added to list: 32040
name added to list: 32041
name added to list: 32042
name added to list: 32043
name added to list: 32044
name added to list: 32045
name added to list: 32046
name added to list: 32047
name added to list: 32048
name added to list: 32049
name added to list: 32050
name added to list: 32051
name added to list: 32052
name added to list: 32053
name added to list: 32054
name added to list: 32055
name added to list: 32056
name added to list: 32057
name added to list: 32058
name added to list: 32059
name added to list: 32060
name added to list: 32061
name added to list: 32062
name added to list: 32063
name added to list: 32064
name added to list: 32065
name added to list: 32066
name added to list: 32067
name added to list: 32068
name added to list: 32069
name added to list: 32070
name added to list: 32071
name added to list: 32072
name added to list: 32073
name added to list: 32074
name added to list: 32075
name added to list: 32076
name added to list: 32077
name added to list: 32078
name added to list: 32079
name added to list: 32080
name added to list: 32081
name added to list: 32082
name added to list: 32083
name added to list: 32084
name added to list: 32085
name added to list: 32086
name added to list: 32087
name added to list: 32088
name added to list: 32089
name added to list: 32090
name added to list: 32091
name added to list: 32092
name added to list: 32093
name added to list: 32094
name added to list: 32095
name added to list: 32096
name added to list: 32097
name added to list: 32098
name added to list: 32099
name added to list: 32100
name added to list: 32101
name added to list: 32102
name added to list: 32103
name added to list: 32104
name added to list: 32105
name added to list: 32106
name added to list: 32107
name added to list: 32108
name added to list: 32109
name added to list: 32110
name added to list: 32111
name added to list: 32112
name added to list: 32113
name added to list: 32114
name added to list: 32115
name added to list: 32116
name added to list: 32117
name added to list: 32118
name added to list: 32119
name added to list: 32120
name added to list: 32121
name added to list: 32122
name added to list: 32123
name added to list: 32124
name added to list: 32125
name added to list: 32126
name added to list: 32127
name added to list: 32128
name added to list: 32129
name added to list: 32130
name added to list: 32131
name added to list: 32132
name added to list: 32133
name added to list: 32134
name added to list: 32135
name added to list: 32136
name added to list: 32137
name added to list: 32138
name added to list: 32139
name added to list: 32140
name added to list: 32141
name added to list: 32142
name added to list: 32143
name added to list: 32144
name added to list: 32145
name added to list: 32146
name added to list: 32147
name added to list: 32148
name added to list: 32149
name added to list: 32150
name added to list: 32151
name added to list: 32152
name added to list: 32153
name added to list: 32154
name added to list: 32155
name added to list: 32156
name added to list: 32157
name added to list: 32158
name added to list: 32159
name added to list: 32160
name added to list: 32161
name added to list: 32162
name added to list: 32163
name added to list: 32164
name added to list: 32165
name added to list: 32166
name added to list: 32167
name added to list: 32168
name added to list: 32169
name added to list: 32170
name added to list: 32171
name added to list: 32172
name added to list: 32173
name added to list: 32174
name added to list: 32175
name added to list: 32176
name added to list: 32177
name added to list: 32178
name added to list: 32179
name added to list: 32180
name added to list: 32181
name added to list: 32182
name added to list: 32183
name added to list: 32184
name added to list: 32185
name added to list: 32186
name added to list: 32187
name added to list: 32188
name added to list: 32189
name added to list: 32190
name added to list: 32191
name added to list: 32192
name added to list: 32193
name added to list: 32194
name added to list: 32195
name added to list: 32196
name added to list: 32197
name added to list: 32198
name added to list: 32199
name added to list: 32200
name added to list: 32201
name added to list: 32202
name added to list: 32203
name added to list: 32204
name added to list: 32205
name added to list: 32206
name added to list: 32207
name added to list: 32208
name added to list: 32209
name added to list: 32210
name added to list: 32211
name added to list: 32212
name added to list: 32213
name added to list: 32214
name added to list: 32215
name added to list: 32216
name added to list: 32217
name added to list: 32218
name added to list: 32219
name added to list: 32220
name added to list: 32221
name added to list: 32222
name added to list: 32223
name added to list: 32224
name added to list: 32225
name added to list: 32226
name added to list: 32227
name added to list: 32228
name added to list: 32229
name added to list: 32230
name added to list: 32231
name added to list: 32232
name added to list: 32233
name added to list: 32234
name added to list: 32235
name added to list: 32236
name added to list: 32237
name added to list: 32238
name added to list: 32239
name added to list: 32240
name added to list: 32241
name added to list: 32242
name added to list: 32243
name added to list: 32244
name added to list: 32245
name added to list: 32246
name added to list: 32247
name added to list: 32248
name added to list: 32249
name added to list: 32250
name added to list: 32251
name added to list: 32252
name added to list: 32253
name added to list: 32254
name added to list: 32255
name added to list: 32256
name added to list: 32257
name added to list: 32258
name added to list: 32259
name added to list: 32260
name added to list: 32261
name added to list: 32262
name added to list: 32263
name added to list: 32264
name added to list: 32265
name added to list: 32266
name added to list: 32267
name added to list: 32268
name added to list: 32269
name added to list: 32270
name added to list: 32271
name added to list: 32272
name added to list: 32273
name added to list: 32274
name added to list: 32275
name added to list: 32276
name added to list: 32277
name added to list: 32278
name added to list: 32279
name added to list: 32280
name added to list: 32281
name added to list: 32282
name added to list: 32283
name added to list: 32284
name added to list: 32285
name added to list: 32286
name added to list: 32287
name added to list: 32288
name added to list: 32289
name added to list: 32290
name added to list: 32291
name added to list: 32292
name added to list: 32293
name added to list: 32294
name added to list: 32295
name added to list: 32296
name added to list: 32297
name added to list: 32298
name added to list: 32299
name added to list: 32300
name added to list: 32301
name added to list: 32302
name added to list: 32303
name added to list: 32304
name added to list: 32305
name added to list: 32306
name added to list: 32307
name added to list: 32308
name added to list: 32309
name added to list: 32310
name added to list: 32311
name added to list: 32312
name added to list: 32313
name added to list: 32314
name added to list: 32315
name added to list: 32316
name added to list: 32317
name added to list: 32318
name added to list: 32319
name added to list: 32320
name added to list: 32321
name added to list: 32322
name added to list: 32323
name added to list: 32324
name added to list: 32325
name added to list: 32326
name added to list: 32327
name added to list: 32328
name added to list: 32329
name added to list: 32330
name added to list: 32331
name added to list: 32332
name added to list: 32333
name added to list: 32334
name added to list: 32335
name added to list: 32336
name added to list: 32337
name added to list: 32338
name added to list: 32339
name added to list: 32340
name added to list: 32341
name added to list: 32342
name added to list: 32343
name added to list: 32344
name added to list: 32345
name added to list: 32346
name added to list: 32347
name added to list: 32348
name added to list: 32349
name added to list: 32350
name added to list: 32351
name added to list: 32352
name added to list: 32353
name added to list: 32354
name added to list: 32355
name added to list: 32356
name added to list: 32357
name added to list: 32358
name added to list: 32359
name added to list: 32360
name added to list: 32361
name added to list: 32362
name added to list: 32363
name added to list: 32364
name added to list: 32365
name added to list: 32366
name added to list: 32367
name added to list: 32368
name added to list: 32369
name added to list: 32370
name added to list: 32371
name added to list: 32372
name added to list: 32373
name added to list: 32374
name added to list: 32375
name added to list: 32376
name added to list: 32377
name added to list: 32378
name added to list: 32379
name added to list: 32380
name added to list: 32381
name added to list: 32382
name added to list: 32383
name added to list: 32384
name added to list: 32385
name added to list: 32386
name added to list: 32387
name added to list: 32388
name added to list: 32389
name added to list: 32390
name added to list: 32391
name added to list: 32392
name added to list: 32393
name added to list: 32394
name added to list: 32395
name added to list: 32396
name added to list: 32397
name added to list: 32398
name added to list: 32399
name added to list: 32400
name added to list: 32401
name added to list: 32402
name added to list: 32403
name added to list: 32404
name added to list: 32405
name added to list: 32406
name added to list: 32407
name added to list: 32408
name added to list: 32409
name added to list: 32410
name added to list: 32411
name added to list: 32412
name added to list: 32413
name added to list: 32414
name added to list: 32415
name added to list: 32416
name added to list: 32417
name added to list: 32418
name added to list: 32419
name added to list: 32420
name added to list: 32421
name added to list: 32422
name added to list: 32423
name added to list: 32424
name added to list: 32425
name added to list: 32426
name added to list: 32427
name added to list: 32428
name added to list: 32429
name added to list: 32430
name added to list: 32431
name added to list: 32432
name added to list: 32433
name added to list: 32434
name added to list: 32435
name added to list: 32436
name added to list: 32437
name added to list: 32438
name added to list: 32439
name added to list: 32440
name added to list: 32441
name added to list: 32442
name added to list: 32443
name added to list: 32444
name added to list: 32445
name added to list: 32446
name added to list: 32447
name added to list: 32448
name added to list: 32449
name added to list: 32450
name added to list: 32451
name added to list: 32452
name added to list: 32453
name added to list: 32454
name added to list: 32455
name added to list: 32456
name added to list: 32457
name added to list: 32458
name added to list: 32459
name added to list: 32460
name added to list: 32461
name added to list: 32462
name added to list: 32463
name added to list: 32464
name added to list: 32465
name added to list: 32466
name added to list: 32467
name added to list: 32468
name added to list: 32469
name added to list: 32470
name added to list: 32471
name added to list: 32472
name added to list: 32473
name added to list: 32474
name added to list: 32475
name added to list: 32476
name added to list: 32477
name added to list: 32478
name added to list: 32479
name added to list: 32480
name added to list: 32481
name added to list: 32482
name added to list: 32483
name added to list: 32484
name added to list: 32485
name added to list: 32486
name added to list: 32487
name added to list: 32488
name added to list: 32489
name added to list: 32490
name added to list: 32491
name added to list: 32492
name added to list: 32493
name added to list: 32494
name added to list: 32495
name added to list: 32496
name added to list: 32497
name added to list: 32498
name added to list: 32499
name added to list: 32500
name added to list: 32501
name added to list: 32502
name added to list: 32503
name added to list: 32504
name added to list: 32505
name added to list: 32506
name added to list: 32507
name added to list: 32508
name added to list: 32509
name added to list: 32510
name added to list: 32511
name added to list: 32512
name added to list: 32513
name added to list: 32514
name added to list: 32515
name added to list: 32516
name added to list: 32517
name added to list: 32518
name added to list: 32519
name added to list: 32520
name added to list: 32521
name added to list: 32522
name added to list: 32523
name added to list: 32524
name added to list: 32525
name added to list: 32526
name added to list: 32527
name added to list: 32528
name added to list: 32529
name added to list: 32530
name added to list: 32531
name added to list: 32532
name added to list: 32533
name added to list: 32534
name added to list: 32535
name added to list: 32536
name added to list: 32537
name added to list: 32538
name added to list: 32539
name added to list: 32540
name added to list: 32541
name added to list: 32542
name added to list: 32543
name added to list: 32544
name added to list: 32545
name added to list: 32546
name added to list: 32547
name added to list: 32548
name added to list: 32549
name added to list: 32550
name added to list: 32551
name added to list: 32552
name added to list: 32553
name added to list: 32554
name added to list: 32555
name added to list: 32556
name added to list: 32557
name added to list: 32558
name added to list: 32559
name added to list: 32560
name added to list: 32561
name added to list: 32562
name added to list: 32563
name added to list: 32564
name added to list: 32565
name added to list: 32566
name added to list: 32567
name added to list: 32568
name added to list: 32569
name added to list: 32570
name added to list: 32571
name added to list: 32572
name added to list: 32573
name added to list: 32574
name added to list: 32575
name added to list: 32576
name added to list: 32577
name added to list: 32578
name added to list: 32579
name added to list: 32580
name added to list: 32581
name added to list: 32582
name added to list: 32583
name added to list: 32584
name added to list: 32585
name added to list: 32586
name added to list: 32587
name added to list: 32588
name added to list: 32589
name added to list: 32590
name added to list: 32591
name added to list: 32592
name added to list: 32593
name added to list: 32594
name added to list: 32595
name added to list: 32596
name added to list: 32597
name added to list: 32598
name added to list: 32599
name added to list: 32600
name added to list: 32601
name added to list: 32602
name added to list: 32603
name added to list: 32604
name added to list: 32605
name added to list: 32606
name added to list: 32607
name added to list: 32608
name added to list: 32609
name added to list: 32610
name added to list: 32611
name added to list: 32612
name added to list: 32613
name added to list: 32614
name added to list: 32615
name added to list: 32616
name added to list: 32617
name added to list: 32618
name added to list: 32619
name added to list: 32620
name added to list: 32621
name added to list: 32622
name added to list: 32623
name added to list: 32624
name added to list: 32625
name added to list: 32626
name added to list: 32627
name added to list: 32628
name added to list: 32629
name added to list: 32630
name added to list: 32631
name added to list: 32632
name added to list: 32633
name added to list: 32634
name added to list: 32635
name added to list: 32636
name added to list: 32637
name added to list: 32638
name added to list: 32639
name added to list: 32640
name added to list: 32641
name added to list: 32642
name added to list: 32643
name added to list: 32644
name added to list: 32645
name added to list: 32646
name added to list: 32647
name added to list: 32648
name added to list: 32649
name added to list: 32650
name added to list: 32651
name added to list: 32652
name added to list: 32653
name added to list: 32654
name added to list: 32655
name added to list: 32656
name added to list: 32657
name added to list: 32658
name added to list: 32659
name added to list: 32660
name added to list: 32661
name added to list: 32662
name added to list: 32663
name added to list: 32664
name added to list: 32665
name added to list: 32666
name added to list: 32667
name added to list: 32668
name added to list: 32669
name added to list: 32670
name added to list: 32671
name added to list: 32672
name added to list: 32673
name added to list: 32674
name added to list: 32675
name added to list: 32676
name added to list: 32677
name added to list: 32678
name added to list: 32679
name added to list: 32680
name added to list: 32681
name added to list: 32682
name added to list: 32683
name added to list: 32684
name added to list: 32685
name added to list: 32686
name added to list: 32687
name added to list: 32688
name added to list: 32689
name added to list: 32690
name added to list: 32691
name added to list: 32692
name added to list: 32693
name added to list: 32694
name added to list: 32695
name added to list: 32696
name added to list: 32697
name added to list: 32698
name added to list: 32699
name added to list: 32700
name added to list: 32701
name added to list: 32702
name added to list: 32703
name added to list: 32704
name added to list: 32705
name added to list: 32706
name added to list: 32707
name added to list: 32708
name added to list: 32709
name added to list: 32710
name added to list: 32711
name added to list: 32712
name added to list: 32713
name added to list: 32714
name added to list: 32715
name added to list: 32716
name added to list: 32717
name added to list: 32718
name added to list: 32719
name added to list: 32720
name added to list: 32721
name added to list: 32722
name added to list: 32723
name added to list: 32724
name added to list: 32725
name added to list: 32726
name added to list: 32727
name added to list: 32728
name added to list: 32729
name added to list: 32730
name added to list: 32731
name added to list: 32732
name added to list: 32733
name added to list: 32734
name added to list: 32735
name added to list: 32736
name added to list: 32737
name added to list: 32738
name added to list: 32739
name added to list: 32740
name added to list: 32741
name added to list: 32742
name added to list: 32743
name added to list: 32744
name added to list: 32745
name added to list: 32746
name added to list: 32747
name added to list: 32748
name added to list: 32749
name added to list: 32750
name added to list: 32751
name added to list: 32752
name added to list: 32753
name added to list: 32754
name added to list: 32755
name added to list: 32756
name added to list: 32757
name added to list: 32758
name added to list: 32759
name added to list: 32760
name added to list: 32761
name added to list: 32762
name added to list: 32763
name added to list: 32764
name added to list: 32765
name added to list: 32766
name added to list: 32767
name added to list: 32768
name added to list: 32769
name added to list: 32770
name added to list: 32771
name added to list: 32772
name added to list: 32773
name added to list: 32774
name added to list: 32775
name added to list: 32776
name added to list: 32777
name added to list: 32778
name added to list: 32779
name added to list: 32780
name added to list: 32781
name added to list: 32782
name added to list: 32783
name added to list: 32784
name added to list: 32785
name added to list: 32786
name added to list: 32787
name added to list: 32788
name added to list: 32789
name added to list: 32790
name added to list: 32791
name added to list: 32792
name added to list: 32793
name added to list: 32794
name added to list: 32795
name added to list: 32796
name added to list: 32797
name added to list: 32798
name added to list: 32799
name added to list: 32800
name added to list: 32801
name added to list: 32802
name added to list: 32803
name added to list: 32804
name added to list: 32805
name added to list: 32806
name added to list: 32807
name added to list: 32808
name added to list: 32809
name added to list: 32810
name added to list: 32811
name added to list: 32812
name added to list: 32813
name added to list: 32814
name added to list: 32815
name added to list: 32816
name added to list: 32817
name added to list: 32818
name added to list: 32819
name added to list: 32820
name added to list: 32821
name added to list: 32822
name added to list: 32823
name added to list: 32824
name added to list: 32825
name added to list: 32826
name added to list: 32827
name added to list: 32828
name added to list: 32829
name added to list: 32830
name added to list: 32831
name added to list: 32832
name added to list: 32833
name added to list: 32834
name added to list: 32835
name added to list: 32836
name added to list: 32837
name added to list: 32838
name added to list: 32839
name added to list: 32840
name added to list: 32841
name added to list: 32842
name added to list: 32843
name added to list: 32844
name added to list: 32845
name added to list: 32846
name added to list: 32847
name added to list: 32848
name added to list: 32849
name added to list: 32850
name added to list: 32851
name added to list: 32852
name added to list: 32853
name added to list: 32854
name added to list: 32855
name added to list: 32856
name added to list: 32857
name added to list: 32858
name added to list: 32859
name added to list: 32860
name added to list: 32861
name added to list: 32862
name added to list: 32863
name added to list: 32864
name added to list: 32865
name added to list: 32866
name added to list: 32867
name added to list: 32868
name added to list: 32869
name added to list: 32870
name added to list: 32871
name added to list: 32872
name added to list: 32873
name added to list: 32874
name added to list: 32875
name added to list: 32876
name added to list: 32877
name added to list: 32878
name added to list: 32879
name added to list: 32880
name added to list: 32881
name added to list: 32882
name added to list: 32883
name added to list: 32884
name added to list: 32885
name added to list: 32886
name added to list: 32887
name added to list: 32888
name added to list: 32889
name added to list: 32890
name added to list: 32891
name added to list: 32892
name added to list: 32893
name added to list: 32894
name added to list: 32895
name added to list: 32896
name added to list: 32897
name added to list: 32898
name added to list: 32899
name added to list: 32900
name added to list: 32901
name added to list: 32902
name added to list: 32903
name added to list: 32904
name added to list: 32905
name added to list: 32906
name added to list: 32907
name added to list: 32908
name added to list: 32909
name added to list: 32910
name added to list: 32911
name added to list: 32912
name added to list: 32913
name added to list: 32914
name added to list: 32915
name added to list: 32916
name added to list: 32917
name added to list: 32918
name added to list: 32919
name added to list: 32920
name added to list: 32921
name added to list: 32922
name added to list: 32923
name added to list: 32924
name added to list: 32925
name added to list: 32926
name added to list: 32927
name added to list: 32928
name added to list: 32929
name added to list: 32930
name added to list: 32931
name added to list: 32932
name added to list: 32933
name added to list: 32934
name added to list: 32935
name added to list: 32936
name added to list: 32937
name added to list: 32938
name added to list: 32939
name added to list: 32940
name added to list: 32941
name added to list: 32942
name added to list: 32943
name added to list: 32944
name added to list: 32945
name added to list: 32946
name added to list: 32947
name added to list: 32948
name added to list: 32949
name added to list: 32950
name added to list: 32951
name added to list: 32952
name added to list: 32953
name added to list: 32954
name added to list: 32955
name added to list: 32956
name added to list: 32957
name added to list: 32958
name added to list: 32959
name added to list: 32960
name added to list: 32961
name added to list: 32962
name added to list: 32963
name added to list: 32964
name added to list: 32965
name added to list: 32966
name added to list: 32967
name added to list: 32968
name added to list: 32969
name added to list: 32970
name added to list: 32971
name added to list: 32972
name added to list: 32973
name added to list: 32974
name added to list: 32975
name added to list: 32976
name added to list: 32977
name added to list: 32978
name added to list: 32979
name added to list: 32980
name added to list: 32981
name added to list: 32982
name added to list: 32983
name added to list: 32984
name added to list: 32985
name added to list: 32986
name added to list: 32987
name added to list: 32988
name added to list: 32989
name added to list: 32990
name added to list: 32991
name added to list: 32992
name added to list: 32993
name added to list: 32994
name added to list: 32995
name added to list: 32996
name added to list: 32997
name added to list: 32998
name added to list: 32999
name added to list: 33000
name added to list: 33001
name added to list: 33002
name added to list: 33003
name added to list: 33004
name added to list: 33005
name added to list: 33006
name added to list: 33007
name added to list: 33008
name added to list: 33009
name added to list: 33010
name added to list: 33011
name added to list: 33012
name added to list: 33013
name added to list: 33014
name added to list: 33015
name added to list: 33016
name added to list: 33017
name added to list: 33018
name added to list: 33019
name added to list: 33020
name added to list: 33021
name added to list: 33022
name added to list: 33023
name added to list: 33024
name added to list: 33025
name added to list: 33026
name added to list: 33027
name added to list: 33028
name added to list: 33029
name added to list: 33030
name added to list: 33031
name added to list: 33032
name added to list: 33033
name added to list: 33034
name added to list: 33035
name added to list: 33036
name added to list: 33037
name added to list: 33038
name added to list: 33039
name added to list: 33040
name added to list: 33041
name added to list: 33042
name added to list: 33043
name added to list: 33044
name added to list: 33045
name added to list: 33046
name added to list: 33047
name added to list: 33048
name added to list: 33049
name added to list: 33050
name added to list: 33051
name added to list: 33052
name added to list: 33053
name added to list: 33054
name added to list: 33055
name added to list: 33056
name added to list: 33057
name added to list: 33058
name added to list: 33059
name added to list: 33060
name added to list: 33061
name added to list: 33062
name added to list: 33063
name added to list: 33064
name added to list: 33065
name added to list: 33066
name added to list: 33067
name added to list: 33068
name added to list: 33069
name added to list: 33070
name added to list: 33071
name added to list: 33072
name added to list: 33073
name added to list: 33074
name added to list: 33075
name added to list: 33076
name added to list: 33077
name added to list: 33078
name added to list: 33079
name added to list: 33080
name added to list: 33081
name added to list: 33082
name added to list: 33083
name added to list: 33084
name added to list: 33085
name added to list: 33086
name added to list: 33087
name added to list: 33088
name added to list: 33089
name added to list: 33090
name added to list: 33091
name added to list: 33092
name added to list: 33093
name added to list: 33094
name added to list: 33095
name added to list: 33096
name added to list: 33097
name added to list: 33098
name added to list: 33099
name added to list: 33100
name added to list: 33101
name added to list: 33102
name added to list: 33103
name added to list: 33104
name added to list: 33105
name added to list: 33106
name added to list: 33107
name added to list: 33108
name added to list: 33109
name added to list: 33110
name added to list: 33111
name added to list: 33112
name added to list: 33113
name added to list: 33114
name added to list: 33115
name added to list: 33116
name added to list: 33117
name added to list: 33118
name added to list: 33119
name added to list: 33120
name added to list: 33121
name added to list: 33122
name added to list: 33123
name added to list: 33124
name added to list: 33125
name added to list: 33126
name added to list: 33127
name added to list: 33128
name added to list: 33129
name added to list: 33130
name added to list: 33131
name added to list: 33132
name added to list: 33133
name added to list: 33134
name added to list: 33135
name added to list: 33136
name added to list: 33137
name added to list: 33138
name added to list: 33139
name added to list: 33140
name added to list: 33141
name added to list: 33142
name added to list: 33143
name added to list: 33144
name added to list: 33145
name added to list: 33146
name added to list: 33147
name added to list: 33148
name added to list: 33149
name added to list: 33150
name added to list: 33151
name added to list: 33152
name added to list: 33153
name added to list: 33154
name added to list: 33155
name added to list: 33156
name added to list: 33157
name added to list: 33158
name added to list: 33159
name added to list: 33160
name added to list: 33161
name added to list: 33162
name added to list: 33163
name added to list: 33164
name added to list: 33165
name added to list: 33166
name added to list: 33167
name added to list: 33168
name added to list: 33169
name added to list: 33170
name added to list: 33171
name added to list: 33172
name added to list: 33173
name added to list: 33174
name added to list: 33175
name added to list: 33176
name added to list: 33177
name added to list: 33178
name added to list: 33179
name added to list: 33180
name added to list: 33181
name added to list: 33182
name added to list: 33183
name added to list: 33184
name added to list: 33185
name added to list: 33186
name added to list: 33187
name added to list: 33188
name added to list: 33189
name added to list: 33190
name added to list: 33191
name added to list: 33192
name added to list: 33193
name added to list: 33194
name added to list: 33195
name added to list: 33196
name added to list: 33197
name added to list: 33198
name added to list: 33199
name added to list: 33200
name added to list: 33201
name added to list: 33202
name added to list: 33203
name added to list: 33204
name added to list: 33205
name added to list: 33206
name added to list: 33207
name added to list: 33208
name added to list: 33209
name added to list: 33210
name added to list: 33211
name added to list: 33212
name added to list: 33213
name added to list: 33214
name added to list: 33215
name added to list: 33216
name added to list: 33217
name added to list: 33218
name added to list: 33219
name added to list: 33220
name added to list: 33221
name added to list: 33222
name added to list: 33223
name added to list: 33224
name added to list: 33225
name added to list: 33226
name added to list: 33227
name added to list: 33228
name added to list: 33229
name added to list: 33230
name added to list: 33231
name added to list: 33232
name added to list: 33233
name added to list: 33234
name added to list: 33235
name added to list: 33236
name added to list: 33237
name added to list: 33238
name added to list: 33239
name added to list: 33240
name added to list: 33241
name added to list: 33242
name added to list: 33243
name added to list: 33244
name added to list: 33245
name added to list: 33246
name added to list: 33247
name added to list: 33248
name added to list: 33249
name added to list: 33250
name added to list: 33251
name added to list: 33252
name added to list: 33253
name added to list: 33254
name added to list: 33255
name added to list: 33256
name added to list: 33257
name added to list: 33258
name added to list: 33259
name added to list: 33260
name added to list: 33261
name added to list: 33262
name added to list: 33263
name added to list: 33264
name added to list: 33265
name added to list: 33266
name added to list: 33267
name added to list: 33268
name added to list: 33269
name added to list: 33270
name added to list: 33271
name added to list: 33272
name added to list: 33273
name added to list: 33274
name added to list: 33275
name added to list: 33276
name added to list: 33277
name added to list: 33278
name added to list: 33279
name added to list: 33280
name added to list: 33281
name added to list: 33282
name added to list: 33283
name added to list: 33284
name added to list: 33285
name added to list: 33286
name added to list: 33287
name added to list: 33288
name added to list: 33289
name added to list: 33290
name added to list: 33291
name added to list: 33292
name added to list: 33293
name added to list: 33294
name added to list: 33295
name added to list: 33296
name added to list: 33297
name added to list: 33298
name added to list: 33299
name added to list: 33300
name added to list: 33301
name added to list: 33302
name added to list: 33303
name added to list: 33304
name added to list: 33305
name added to list: 33306
name added to list: 33307
name added to list: 33308
name added to list: 33309
name added to list: 33310
name added to list: 33311
name added to list: 33312
name added to list: 33313
name added to list: 33314
name added to list: 33315
name added to list: 33316
name added to list: 33317
name added to list: 33318
name added to list: 33319
name added to list: 33320
name added to list: 33321
name added to list: 33322
name added to list: 33323
name added to list: 33324
name added to list: 33325
name added to list: 33326
name added to list: 33327
name added to list: 33328
name added to list: 33329
name added to list: 33330
name added to list: 33331
name added to list: 33332
name added to list: 33333
name added to list: 33334
name added to list: 33335
name added to list: 33336
name added to list: 33337
name added to list: 33338
name added to list: 33339
name added to list: 33340
name added to list: 33341
name added to list: 33342
name added to list: 33343
name added to list: 33344
name added to list: 33345
name added to list: 33346
name added to list: 33347
name added to list: 33348
name added to list: 33349
name added to list: 33350
name added to list: 33351
name added to list: 33352
name added to list: 33353
name added to list: 33354
name added to list: 33355
name added to list: 33356
name added to list: 33357
name added to list: 33358
name added to list: 33359
name added to list: 33360
name added to list: 33361
name added to list: 33362
name added to list: 33363
name added to list: 33364
name added to list: 33365
name added to list: 33366
name added to list: 33367
name added to list: 33368
name added to list: 33369
name added to list: 33370
name added to list: 33371
name added to list: 33372
name added to list: 33373
name added to list: 33374
name added to list: 33375
name added to list: 33376
name added to list: 33377
name added to list: 33378
name added to list: 33379
name added to list: 33380
name added to list: 33381
name added to list: 33382
name added to list: 33383
name added to list: 33384
name added to list: 33385
name added to list: 33386
name added to list: 33387
name added to list: 33388
name added to list: 33389
name added to list: 33390
name added to list: 33391
name added to list: 33392
name added to list: 33393
name added to list: 33394
name added to list: 33395
name added to list: 33396
name added to list: 33397
name added to list: 33398
name added to list: 33399
name added to list: 33400
name added to list: 33401
name added to list: 33402
name added to list: 33403
name added to list: 33404
name added to list: 33405
name added to list: 33406
name added to list: 33407
name added to list: 33408
name added to list: 33409
name added to list: 33410
name added to list: 33411
name added to list: 33412
name added to list: 33413
name added to list: 33414
name added to list: 33415
name added to list: 33416
name added to list: 33417
name added to list: 33418
name added to list: 33419
name added to list: 33420
name added to list: 33421
name added to list: 33422
name added to list: 33423
name added to list: 33424
name added to list: 33425
name added to list: 33426
name added to list: 33427
name added to list: 33428
name added to list: 33429
name added to list: 33430
name added to list: 33431
name added to list: 33432
name added to list: 33433
name added to list: 33434
name added to list: 33435
name added to list: 33436
name added to list: 33437
name added to list: 33438
name added to list: 33439
name added to list: 33440
name added to list: 33441
name added to list: 33442
name added to list: 33443
name added to list: 33444
name added to list: 33445
name added to list: 33446
name added to list: 33447
name added to list: 33448
name added to list: 33449
name added to list: 33450
name added to list: 33451
name added to list: 33452
name added to list: 33453
name added to list: 33454
name added to list: 33455
name added to list: 33456
name added to list: 33457
name added to list: 33458
name added to list: 33459
name added to list: 33460
name added to list: 33461
name added to list: 33462
name added to list: 33463
name added to list: 33464
name added to list: 33465
name added to list: 33466
name added to list: 33467
name added to list: 33468
name added to list: 33469
name added to list: 33470
name added to list: 33471
name added to list: 33472
name added to list: 33473
name added to list: 33474
name added to list: 33475
name added to list: 33476
name added to list: 33477
name added to list: 33478
name added to list: 33479
name added to list: 33480
name added to list: 33481
name added to list: 33482
name added to list: 33483
name added to list: 33484
name added to list: 33485
name added to list: 33486
name added to list: 33487
name added to list: 33488
name added to list: 33489
name added to list: 33490
name added to list: 33491
name added to list: 33492
name added to list: 33493
name added to list: 33494
name added to list: 33495
name added to list: 33496
name added to list: 33497
name added to list: 33498
name added to list: 33499
name added to list: 33500
name added to list: 33501
name added to list: 33502
name added to list: 33503
name added to list: 33504
name added to list: 33505
name added to list: 33506
name added to list: 33507
name added to list: 33508
name added to list: 33509
name added to list: 33510
name added to list: 33511
name added to list: 33512
name added to list: 33513
name added to list: 33514
name added to list: 33515
name added to list: 33516
name added to list: 33517
name added to list: 33518
name added to list: 33519
name added to list: 33520
name added to list: 33521
name added to list: 33522
name added to list: 33523
name added to list: 33524
name added to list: 33525
name added to list: 33526
name added to list: 33527
name added to list: 33528
name added to list: 33529
name added to list: 33530
name added to list: 33531
name added to list: 33532
name added to list: 33533
name added to list: 33534
name added to list: 33535
name added to list: 33536
name added to list: 33537
name added to list: 33538
name added to list: 33539
name added to list: 33540
name added to list: 33541
name added to list: 33542
name added to list: 33543
name added to list: 33544
name added to list: 33545
name added to list: 33546
name added to list: 33547
name added to list: 33548
name added to list: 33549
name added to list: 33550
name added to list: 33551
name added to list: 33552
name added to list: 33553
name added to list: 33554
name added to list: 33555
name added to list: 33556
name added to list: 33557
name added to list: 33558
name added to list: 33559
name added to list: 33560
name added to list: 33561
name added to list: 33562
name added to list: 33563
name added to list: 33564
name added to list: 33565
name added to list: 33566
name added to list: 33567
name added to list: 33568
name added to list: 33569
name added to list: 33570
name added to list: 33571
name added to list: 33572
name added to list: 33573
name added to list: 33574
name added to list: 33575
name added to list: 33576
name added to list: 33577
name added to list: 33578
name added to list: 33579
name added to list: 33580
name added to list: 33581
name added to list: 33582
name added to list: 33583
name added to list: 33584
name added to list: 33585
name added to list: 33586
name added to list: 33587
name added to list: 33588
name added to list: 33589
name added to list: 33590
name added to list: 33591
name added to list: 33592
name added to list: 33593
name added to list: 33594
name added to list: 33595
name added to list: 33596
name added to list: 33597
name added to list: 33598
name added to list: 33599
name added to list: 33600
name added to list: 33601
name added to list: 33602
name added to list: 33603
name added to list: 33604
name added to list: 33605
name added to list: 33606
name added to list: 33607
name added to list: 33608
name added to list: 33609
name added to list: 33610
name added to list: 33611
name added to list: 33612
name added to list: 33613
name added to list: 33614
name added to list: 33615
name added to list: 33616
name added to list: 33617
name added to list: 33618
name added to list: 33619
name added to list: 33620
name added to list: 33621
name added to list: 33622
name added to list: 33623
name added to list: 33624
name added to list: 33625
name added to list: 33626
name added to list: 33627
name added to list: 33628
name added to list: 33629
name added to list: 33630
name added to list: 33631
name added to list: 33632
name added to list: 33633
name added to list: 33634
name added to list: 33635
name added to list: 33636
name added to list: 33637
name added to list: 33638
name added to list: 33639
name added to list: 33640
name added to list: 33641
name added to list: 33642
name added to list: 33643
name added to list: 33644
name added to list: 33645
name added to list: 33646
name added to list: 33647
name added to list: 33648
name added to list: 33649
name added to list: 33650
name added to list: 33651
name added to list: 33652
name added to list: 33653
name added to list: 33654
name added to list: 33655
name added to list: 33656
name added to list: 33657
name added to list: 33658
name added to list: 33659
name added to list: 33660
name added to list: 33661
name added to list: 33662
name added to list: 33663
name added to list: 33664
name added to list: 33665
name added to list: 33666
name added to list: 33667
name added to list: 33668
name added to list: 33669
name added to list: 33670
name added to list: 33671
name added to list: 33672
name added to list: 33673
name added to list: 33674
name added to list: 33675
name added to list: 33676
name added to list: 33677
name added to list: 33678
name added to list: 33679
name added to list: 33680
name added to list: 33681
name added to list: 33682
name added to list: 33683
name added to list: 33684
name added to list: 33685
name added to list: 33686
name added to list: 33687
name added to list: 33688
name added to list: 33689
name added to list: 33690
name added to list: 33691
name added to list: 33692
name added to list: 33693
name added to list: 33694
name added to list: 33695
name added to list: 33696
name added to list: 33697
name added to list: 33698
name added to list: 33699
name added to list: 33700
name added to list: 33701
name added to list: 33702
name added to list: 33703
name added to list: 33704
name added to list: 33705
name added to list: 33706
name added to list: 33707
name added to list: 33708
name added to list: 33709
name added to list: 33710
name added to list: 33711
name added to list: 33712
name added to list: 33713
name added to list: 33714
name added to list: 33715
name added to list: 33716
name added to list: 33717
name added to list: 33718
name added to list: 33719
name added to list: 33720
name added to list: 33721
name added to list: 33722
name added to list: 33723
name added to list: 33724
name added to list: 33725
name added to list: 33726
name added to list: 33727
name added to list: 33728
name added to list: 33729
name added to list: 33730
name added to list: 33731
name added to list: 33732
name added to list: 33733
name added to list: 33734
name added to list: 33735
name added to list: 33736
name added to list: 33737
name added to list: 33738
name added to list: 33739
name added to list: 33740
name added to list: 33741
name added to list: 33742
name added to list: 33743
name added to list: 33744
name added to list: 33745
name added to list: 33746
name added to list: 33747
name added to list: 33748
name added to list: 33749
name added to list: 33750
name added to list: 33751
name added to list: 33752
name added to list: 33753
name added to list: 33754
name added to list: 33755
name added to list: 33756
name added to list: 33757
name added to list: 33758
name added to list: 33759
name added to list: 33760
name added to list: 33761
name added to list: 33762
name added to list: 33763
name added to list: 33764
name added to list: 33765
name added to list: 33766
name added to list: 33767
name added to list: 33768
name added to list: 33769
name added to list: 33770
name added to list: 33771
name added to list: 33772
name added to list: 33773
name added to list: 33774
name added to list: 33775
name added to list: 33776
name added to list: 33777
name added to list: 33778
name added to list: 33779
name added to list: 33780
name added to list: 33781
name added to list: 33782
name added to list: 33783
name added to list: 33784
name added to list: 33785
name added to list: 33786
name added to list: 33787
name added to list: 33788
name added to list: 33789
name added to list: 33790
name added to list: 33791
name added to list: 33792
name added to list: 33793
name added to list: 33794
name added to list: 33795
name added to list: 33796
name added to list: 33797
name added to list: 33798
name added to list: 33799
name added to list: 33800
name added to list: 33801
name added to list: 33802
name added to list: 33803
name added to list: 33804
name added to list: 33805
name added to list: 33806
name added to list: 33807
name added to list: 33808
name added to list: 33809
name added to list: 33810
name added to list: 33811
name added to list: 33812
name added to list: 33813
name added to list: 33814
name added to list: 33815
name added to list: 33816
name added to list: 33817
name added to list: 33818
name added to list: 33819
name added to list: 33820
name added to list: 33821
name added to list: 33822
name added to list: 33823
name added to list: 33824
name added to list: 33825
name added to list: 33826
name added to list: 33827
name added to list: 33828
name added to list: 33829
name added to list: 33830
name added to list: 33831
name added to list: 33832
name added to list: 33833
name added to list: 33834
name added to list: 33835
name added to list: 33836
name added to list: 33837
name added to list: 33838
name added to list: 33839
name added to list: 33840
name added to list: 33841
name added to list: 33842
name added to list: 33843
name added to list: 33844
name added to list: 33845
name added to list: 33846
name added to list: 33847
name added to list: 33848
name added to list: 33849
name added to list: 33850
name added to list: 33851
name added to list: 33852
name added to list: 33853
name added to list: 33854
name added to list: 33855
name added to list: 33856
name added to list: 33857
name added to list: 33858
name added to list: 33859
name added to list: 33860
name added to list: 33861
name added to list: 33862
name added to list: 33863
name added to list: 33864
name added to list: 33865
name added to list: 33866
name added to list: 33867
name added to list: 33868
name added to list: 33869
name added to list: 33870
name added to list: 33871
name added to list: 33872
name added to list: 33873
name added to list: 33874
name added to list: 33875
name added to list: 33876
name added to list: 33877
name added to list: 33878
name added to list: 33879
name added to list: 33880
name added to list: 33881
name added to list: 33882
name added to list: 33883
name added to list: 33884
name added to list: 33885
name added to list: 33886
name added to list: 33887
name added to list: 33888
name added to list: 33889
name added to list: 33890
name added to list: 33891
name added to list: 33892
name added to list: 33893
name added to list: 33894
name added to list: 33895
name added to list: 33896
name added to list: 33897
name added to list: 33898
name added to list: 33899
name added to list: 33900
name added to list: 33901
name added to list: 33902
name added to list: 33903
name added to list: 33904
name added to list: 33905
name added to list: 33906
name added to list: 33907
name added to list: 33908
name added to list: 33909
name added to list: 33910
name added to list: 33911
name added to list: 33912
name added to list: 33913
name added to list: 33914
name added to list: 33915
name added to list: 33916
name added to list: 33917
name added to list: 33918
name added to list: 33919
name added to list: 33920
name added to list: 33921
name added to list: 33922
name added to list: 33923
name added to list: 33924
name added to list: 33925
name added to list: 33926
name added to list: 33927
name added to list: 33928
name added to list: 33929
name added to list: 33930
name added to list: 33931
name added to list: 33932
name added to list: 33933
name added to list: 33934
name added to list: 33935
name added to list: 33936
name added to list: 33937
name added to list: 33938
name added to list: 33939
name added to list: 33940
name added to list: 33941
name added to list: 33942
name added to list: 33943
name added to list: 33944
name added to list: 33945
name added to list: 33946
name added to list: 33947
name added to list: 33948
name added to list: 33949
name added to list: 33950
name added to list: 33951
name added to list: 33952
name added to list: 33953
name added to list: 33954
name added to list: 33955
name added to list: 33956
name added to list: 33957
name added to list: 33958
name added to list: 33959
name added to list: 33960
name added to list: 33961
name added to list: 33962
name added to list: 33963
name added to list: 33964
name added to list: 33965
name added to list: 33966
name added to list: 33967
name added to list: 33968
name added to list: 33969
name added to list: 33970
name added to list: 33971
name added to list: 33972
name added to list: 33973
name added to list: 33974
name added to list: 33975
name added to list: 33976
name added to list: 33977
name added to list: 33978
name added to list: 33979
name added to list: 33980
name added to list: 33981
name added to list: 33982
name added to list: 33983
name added to list: 33984
name added to list: 33985
name added to list: 33986
name added to list: 33987
name added to list: 33988
name added to list: 33989
name added to list: 33990
name added to list: 33991
name added to list: 33992
name added to list: 33993
name added to list: 33994
name added to list: 33995
name added to list: 33996
name added to list: 33997
name added to list: 33998
name added to list: 33999
name added to list: 34000
name added to list: 34001
name added to list: 34002
name added to list: 34003
name added to list: 34004
name added to list: 34005
name added to list: 34006
name added to list: 34007
name added to list: 34008
name added to list: 34009
name added to list: 34010
name added to list: 34011
name added to list: 34012
name added to list: 34013
name added to list: 34014
name added to list: 34015
name added to list: 34016
name added to list: 34017
name added to list: 34018
name added to list: 34019
name added to list: 34020
name added to list: 34021
name added to list: 34022
name added to list: 34023
name added to list: 34024
name added to list: 34025
name added to list: 34026
name added to list: 34027
name added to list: 34028
name added to list: 34029
name added to list: 34030
name added to list: 34031
name added to list: 34032
name added to list: 34033
name added to list: 34034
name added to list: 34035
name added to list: 34036
name added to list: 34037
name added to list: 34038
name added to list: 34039
name added to list: 34040
name added to list: 34041
name added to list: 34042
name added to list: 34043
name added to list: 34044
name added to list: 34045
name added to list: 34046
name added to list: 34047
name added to list: 34048
name added to list: 34049
name added to list: 34050
name added to list: 34051
name added to list: 34052
name added to list: 34053
name added to list: 34054
name added to list: 34055
name added to list: 34056
name added to list: 34057
name added to list: 34058
name added to list: 34059
name added to list: 34060
name added to list: 34061
name added to list: 34062
name added to list: 34063
name added to list: 34064
name added to list: 34065
name added to list: 34066
name added to list: 34067
name added to list: 34068
name added to list: 34069
name added to list: 34070
name added to list: 34071
name added to list: 34072
name added to list: 34073
name added to list: 34074
name added to list: 34075
name added to list: 34076
name added to list: 34077
name added to list: 34078
name added to list: 34079
name added to list: 34080
name added to list: 34081
name added to list: 34082
name added to list: 34083
name added to list: 34084
name added to list: 34085
name added to list: 34086
name added to list: 34087
name added to list: 34088
name added to list: 34089
name added to list: 34090
name added to list: 34091
name added to list: 34092
name added to list: 34093
name added to list: 34094
name added to list: 34095
name added to list: 34096
name added to list: 34097
name added to list: 34098
name added to list: 34099
name added to list: 34100
name added to list: 34101
name added to list: 34102
name added to list: 34103
name added to list: 34104
name added to list: 34105
name added to list: 34106
name added to list: 34107
name added to list: 34108
name added to list: 34109
name added to list: 34110
name added to list: 34111
name added to list: 34112
name added to list: 34113
name added to list: 34114
name added to list: 34115
name added to list: 34116
name added to list: 34117
name added to list: 34118
name added to list: 34119
name added to list: 34120
name added to list: 34121
name added to list: 34122
name added to list: 34123
name added to list: 34124
name added to list: 34125
name added to list: 34126
name added to list: 34127
name added to list: 34128
name added to list: 34129
name added to list: 34130
name added to list: 34131
name added to list: 34132
name added to list: 34133
name added to list: 34134
name added to list: 34135
name added to list: 34136
name added to list: 34137
name added to list: 34138
name added to list: 34139
name added to list: 34140
name added to list: 34141
name added to list: 34142
name added to list: 34143
name added to list: 34144
name added to list: 34145
name added to list: 34146
name added to list: 34147
name added to list: 34148
name added to list: 34149
name added to list: 34150
name added to list: 34151
name added to list: 34152
name added to list: 34153
name added to list: 34154
name added to list: 34155
name added to list: 34156
name added to list: 34157
name added to list: 34158
name added to list: 34159
name added to list: 34160
name added to list: 34161
name added to list: 34162
name added to list: 34163
name added to list: 34164
name added to list: 34165
name added to list: 34166
name added to list: 34167
name added to list: 34168
name added to list: 34169
name added to list: 34170
name added to list: 34171
name added to list: 34172
name added to list: 34173
name added to list: 34174
name added to list: 34175
name added to list: 34176
name added to list: 34177
name added to list: 34178
name added to list: 34179
name added to list: 34180
name added to list: 34181
name added to list: 34182
name added to list: 34183
name added to list: 34184
name added to list: 34185
name added to list: 34186
name added to list: 34187
name added to list: 34188
name added to list: 34189
name added to list: 34190
name added to list: 34191
name added to list: 34192
name added to list: 34193
name added to list: 34194
name added to list: 34195
name added to list: 34196
name added to list: 34197
name added to list: 34198
name added to list: 34199
name added to list: 34200
name added to list: 34201
name added to list: 34202
name added to list: 34203
name added to list: 34204
name added to list: 34205
name added to list: 34206
name added to list: 34207
name added to list: 34208
name added to list: 34209
name added to list: 34210
name added to list: 34211
name added to list: 34212
name added to list: 34213
name added to list: 34214
name added to list: 34215
name added to list: 34216
name added to list: 34217
name added to list: 34218
name added to list: 34219
name added to list: 34220
name added to list: 34221
name added to list: 34222
name added to list: 34223
name added to list: 34224
name added to list: 34225
name added to list: 34226
name added to list: 34227
name added to list: 34228
name added to list: 34229
name added to list: 34230
name added to list: 34231
name added to list: 34232
name added to list: 34233
name added to list: 34234
name added to list: 34235
name added to list: 34236
name added to list: 34237
name added to list: 34238
name added to list: 34239
name added to list: 34240
name added to list: 34241
name added to list: 34242
name added to list: 34243
name added to list: 34244
name added to list: 34245
name added to list: 34246
name added to list: 34247
name added to list: 34248
name added to list: 34249
name added to list: 34250
name added to list: 34251
name added to list: 34252
name added to list: 34253
name added to list: 34254
name added to list: 34255
name added to list: 34256
name added to list: 34257
name added to list: 34258
name added to list: 34259
name added to list: 34260
name added to list: 34261
name added to list: 34262
name added to list: 34263
name added to list: 34264
name added to list: 34265
name added to list: 34266
name added to list: 34267
name added to list: 34268
name added to list: 34269
name added to list: 34270
name added to list: 34271
name added to list: 34272
name added to list: 34273
name added to list: 34274
name added to list: 34275
name added to list: 34276
name added to list: 34277
name added to list: 34278
name added to list: 34279
name added to list: 34280
name added to list: 34281
name added to list: 34282
name added to list: 34283
name added to list: 34284
name added to list: 34285
name added to list: 34286
name added to list: 34287
name added to list: 34288
name added to list: 34289
name added to list: 34290
name added to list: 34291
name added to list: 34292
name added to list: 34293
name added to list: 34294
name added to list: 34295
name added to list: 34296
name added to list: 34297
name added to list: 34298
name added to list: 34299
name added to list: 34300
name added to list: 34301
name added to list: 34302
name added to list: 34303
name added to list: 34304
name added to list: 34305
name added to list: 34306
name added to list: 34307
name added to list: 34308
name added to list: 34309
name added to list: 34310
name added to list: 34311
name added to list: 34312
name added to list: 34313
name added to list: 34314
name added to list: 34315
name added to list: 34316
name added to list: 34317
name added to list: 34318
name added to list: 34319
name added to list: 34320
name added to list: 34321
name added to list: 34322
name added to list: 34323
name added to list: 34324
name added to list: 34325
name added to list: 34326
name added to list: 34327
name added to list: 34328
name added to list: 34329
name added to list: 34330
name added to list: 34331
name added to list: 34332
name added to list: 34333
name added to list: 34334
name added to list: 34335
name added to list: 34336
name added to list: 34337
name added to list: 34338
name added to list: 34339
name added to list: 34340
name added to list: 34341
name added to list: 34342
name added to list: 34343
name added to list: 34344
name added to list: 34345
name added to list: 34346
name added to list: 34347
name added to list: 34348
name added to list: 34349
name added to list: 34350
name added to list: 34351
name added to list: 34352
name added to list: 34353
name added to list: 34354
name added to list: 34355
name added to list: 34356
name added to list: 34357
name added to list: 34358
name added to list: 34359
name added to list: 34360
name added to list: 34361
name added to list: 34362
name added to list: 34363
name added to list: 34364
name added to list: 34365
name added to list: 34366
name added to list: 34367
name added to list: 34368
name added to list: 34369
name added to list: 34370
name added to list: 34371
name added to list: 34372
name added to list: 34373
name added to list: 34374
name added to list: 34375
name added to list: 34376
name added to list: 34377
name added to list: 34378
name added to list: 34379
name added to list: 34380
name added to list: 34381
name added to list: 34382
name added to list: 34383
name added to list: 34384
name added to list: 34385
name added to list: 34386
name added to list: 34387
name added to list: 34388
name added to list: 34389
name added to list: 34390
name added to list: 34391
name added to list: 34392
name added to list: 34393
name added to list: 34394
name added to list: 34395
name added to list: 34396
name added to list: 34397
name added to list: 34398
name added to list: 34399
name added to list: 34400
name added to list: 34401
name added to list: 34402
name added to list: 34403
name added to list: 34404
name added to list: 34405
name added to list: 34406
name added to list: 34407
name added to list: 34408
name added to list: 34409
name added to list: 34410
name added to list: 34411
name added to list: 34412
name added to list: 34413
name added to list: 34414
name added to list: 34415
name added to list: 34416
name added to list: 34417
name added to list: 34418
name added to list: 34419
name added to list: 34420
name added to list: 34421
name added to list: 34422
name added to list: 34423
name added to list: 34424
name added to list: 34425
name added to list: 34426
name added to list: 34427
name added to list: 34428
name added to list: 34429
name added to list: 34430
name added to list: 34431
name added to list: 34432
name added to list: 34433
name added to list: 34434
name added to list: 34435
name added to list: 34436
name added to list: 34437
name added to list: 34438
name added to list: 34439
name added to list: 34440
name added to list: 34441
name added to list: 34442
name added to list: 34443
name added to list: 34444
name added to list: 34445
name added to list: 34446
name added to list: 34447
name added to list: 34448
name added to list: 34449
name added to list: 34450
name added to list: 34451
name added to list: 34452
name added to list: 34453
name added to list: 34454
name added to list: 34455
name added to list: 34456
name added to list: 34457
name added to list: 34458
name added to list: 34459
name added to list: 34460
name added to list: 34461
name added to list: 34462
name added to list: 34463
name added to list: 34464
name added to list: 34465
name added to list: 34466
name added to list: 34467
name added to list: 34468
name added to list: 34469
name added to list: 34470
name added to list: 34471
name added to list: 34472
name added to list: 34473
name added to list: 34474
name added to list: 34475
name added to list: 34476
name added to list: 34477
name added to list: 34478
name added to list: 34479
name added to list: 34480
name added to list: 34481
name added to list: 34482
name added to list: 34483
name added to list: 34484
name added to list: 34485
name added to list: 34486
name added to list: 34487
name added to list: 34488
name added to list: 34489
name added to list: 34490
name added to list: 34491
name added to list: 34492
name added to list: 34493
name added to list: 34494
name added to list: 34495
name added to list: 34496
name added to list: 34497
name added to list: 34498
name added to list: 34499
name added to list: 34500
name added to list: 34501
name added to list: 34502
name added to list: 34503
name added to list: 34504
name added to list: 34505
name added to list: 34506
name added to list: 34507
name added to list: 34508
name added to list: 34509
name added to list: 34510
name added to list: 34511
name added to list: 34512
name added to list: 34513
name added to list: 34514
name added to list: 34515
name added to list: 34516
name added to list: 34517
name added to list: 34518
name added to list: 34519
name added to list: 34520
name added to list: 34521
name added to list: 34522
name added to list: 34523
name added to list: 34524
name added to list: 34525
name added to list: 34526
name added to list: 34527
name added to list: 34528
name added to list: 34529
name added to list: 34530
name added to list: 34531
name added to list: 34532
name added to list: 34533
name added to list: 34534
name added to list: 34535
name added to list: 34536
name added to list: 34537
name added to list: 34538
name added to list: 34539
name added to list: 34540
name added to list: 34541
name added to list: 34542
name added to list: 34543
name added to list: 34544
name added to list: 34545
name added to list: 34546
name added to list: 34547
name added to list: 34548
name added to list: 34549
name added to list: 34550
name added to list: 34551
name added to list: 34552
name added to list: 34553
name added to list: 34554
name added to list: 34555
name added to list: 34556
name added to list: 34557
name added to list: 34558
name added to list: 34559
name added to list: 34560
name added to list: 34561
name added to list: 34562
name added to list: 34563
name added to list: 34564
name added to list: 34565
name added to list: 34566
name added to list: 34567
name added to list: 34568
name added to list: 34569
name added to list: 34570
name added to list: 34571
name added to list: 34572
name added to list: 34573
name added to list: 34574
name added to list: 34575
name added to list: 34576
name added to list: 34577
name added to list: 34578
name added to list: 34579
name added to list: 34580
name added to list: 34581
name added to list: 34582
name added to list: 34583
name added to list: 34584
name added to list: 34585
name added to list: 34586
name added to list: 34587
name added to list: 34588
name added to list: 34589
name added to list: 34590
name added to list: 34591
name added to list: 34592
name added to list: 34593
name added to list: 34594
name added to list: 34595
name added to list: 34596
name added to list: 34597
name added to list: 34598
name added to list: 34599
name added to list: 34600
name added to list: 34601
name added to list: 34602
name added to list: 34603
name added to list: 34604
name added to list: 34605
name added to list: 34606
name added to list: 34607
name added to list: 34608
name added to list: 34609
name added to list: 34610
name added to list: 34611
name added to list: 34612
name added to list: 34613
name added to list: 34614
name added to list: 34615
name added to list: 34616
name added to list: 34617
name added to list: 34618
name added to list: 34619
name added to list: 34620
name added to list: 34621
name added to list: 34622
name added to list: 34623
name added to list: 34624
name added to list: 34625
name added to list: 34626
name added to list: 34627
name added to list: 34628
name added to list: 34629
name added to list: 34630
name added to list: 34631
name added to list: 34632
name added to list: 34633
name added to list: 34634
name added to list: 34635
name added to list: 34636
name added to list: 34637
name added to list: 34638
name added to list: 34639
name added to list: 34640
name added to list: 34641
name added to list: 34642
name added to list: 34643
name added to list: 34644
name added to list: 34645
name added to list: 34646
name added to list: 34647
name added to list: 34648
name added to list: 34649
name added to list: 34650
name added to list: 34651
name added to list: 34652
name added to list: 34653
name added to list: 34654
name added to list: 34655
name added to list: 34656
name added to list: 34657
name added to list: 34658
name added to list: 34659
name added to list: 34660
name added to list: 34661
name added to list: 34662
name added to list: 34663
name added to list: 34664
name added to list: 34665
name added to list: 34666
name added to list: 34667
name added to list: 34668
name added to list: 34669
name added to list: 34670
name added to list: 34671
name added to list: 34672
name added to list: 34673
name added to list: 34674
name added to list: 34675
name added to list: 34676
name added to list: 34677
name added to list: 34678
name added to list: 34679
name added to list: 34680
name added to list: 34681
name added to list: 34682
name added to list: 34683
name added to list: 34684
name added to list: 34685
name added to list: 34686
name added to list: 34687
name added to list: 34688
name added to list: 34689
name added to list: 34690
name added to list: 34691
name added to list: 34692
name added to list: 34693
name added to list: 34694
name added to list: 34695
name added to list: 34696
name added to list: 34697
name added to list: 34698
name added to list: 34699
name added to list: 34700
name added to list: 34701
name added to list: 34702
name added to list: 34703
name added to list: 34704
name added to list: 34705
name added to list: 34706
name added to list: 34707
name added to list: 34708
name added to list: 34709
name added to list: 34710
name added to list: 34711
name added to list: 34712
name added to list: 34713
name added to list: 34714
name added to list: 34715
name added to list: 34716
name added to list: 34717
name added to list: 34718
name added to list: 34719
name added to list: 34720
name added to list: 34721
name added to list: 34722
name added to list: 34723
name added to list: 34724
name added to list: 34725
name added to list: 34726
name added to list: 34727
name added to list: 34728
name added to list: 34729
name added to list: 34730
name added to list: 34731
name added to list: 34732
name added to list: 34733
name added to list: 34734
name added to list: 34735
name added to list: 34736
name added to list: 34737
name added to list: 34738
name added to list: 34739
name added to list: 34740
name added to list: 34741
name added to list: 34742
name added to list: 34743
name added to list: 34744
name added to list: 34745
name added to list: 34746
name added to list: 34747
name added to list: 34748
name added to list: 34749
name added to list: 34750
name added to list: 34751
name added to list: 34752
name added to list: 34753
name added to list: 34754
name added to list: 34755
name added to list: 34756
name added to list: 34757
name added to list: 34758
name added to list: 34759
name added to list: 34760
name added to list: 34761
name added to list: 34762
name added to list: 34763
name added to list: 34764
name added to list: 34765
name added to list: 34766
name added to list: 34767
name added to list: 34768
name added to list: 34769
name added to list: 34770
name added to list: 34771
name added to list: 34772
name added to list: 34773
name added to list: 34774
name added to list: 34775
name added to list: 34776
name added to list: 34777
name added to list: 34778
name added to list: 34779
name added to list: 34780
name added to list: 34781
name added to list: 34782
name added to list: 34783
name added to list: 34784
name added to list: 34785
name added to list: 34786
name added to list: 34787
name added to list: 34788
name added to list: 34789
name added to list: 34790
name added to list: 34791
name added to list: 34792
name added to list: 34793
name added to list: 34794
name added to list: 34795
name added to list: 34796
name added to list: 34797
name added to list: 34798
name added to list: 34799
name added to list: 34800
name added to list: 34801
name added to list: 34802
name added to list: 34803
name added to list: 34804
name added to list: 34805
name added to list: 34806
name added to list: 34807
name added to list: 34808
name added to list: 34809
name added to list: 34810
name added to list: 34811
name added to list: 34812
name added to list: 34813
name added to list: 34814
name added to list: 34815
name added to list: 34816
name added to list: 34817
name added to list: 34818
name added to list: 34819
name added to list: 34820
name added to list: 34821
name added to list: 34822
name added to list: 34823
name added to list: 34824
name added to list: 34825
name added to list: 34826
name added to list: 34827
name added to list: 34828
name added to list: 34829
name added to list: 34830
name added to list: 34831
name added to list: 34832
name added to list: 34833
name added to list: 34834
name added to list: 34835
name added to list: 34836
name added to list: 34837
name added to list: 34838
name added to list: 34839
name added to list: 34840
name added to list: 34841
name added to list: 34842
name added to list: 34843
name added to list: 34844
name added to list: 34845
name added to list: 34846
name added to list: 34847
name added to list: 34848
name added to list: 34849
name added to list: 34850
name added to list: 34851
name added to list: 34852
name added to list: 34853
name added to list: 34854
name added to list: 34855
name added to list: 34856
name added to list: 34857
name added to list: 34858
name added to list: 34859
name added to list: 34860
name added to list: 34861
name added to list: 34862
name added to list: 34863
name added to list: 34864
name added to list: 34865
name added to list: 34866
name added to list: 34867
name added to list: 34868
name added to list: 34869
name added to list: 34870
name added to list: 34871
name added to list: 34872
name added to list: 34873
name added to list: 34874
name added to list: 34875
name added to list: 34876
name added to list: 34877
name added to list: 34878
name added to list: 34879
name added to list: 34880
name added to list: 34881
name added to list: 34882
name added to list: 34883
name added to list: 34884
name added to list: 34885
name added to list: 34886
name added to list: 34887
name added to list: 34888
name added to list: 34889
name added to list: 34890
name added to list: 34891
name added to list: 34892
name added to list: 34893
name added to list: 34894
name added to list: 34895
name added to list: 34896
name added to list: 34897
name added to list: 34898
name added to list: 34899
name added to list: 34900
name added to list: 34901
name added to list: 34902
name added to list: 34903
name added to list: 34904
name added to list: 34905
name added to list: 34906
name added to list: 34907
name added to list: 34908
name added to list: 34909
name added to list: 34910
name added to list: 34911
name added to list: 34912
name added to list: 34913
name added to list: 34914
name added to list: 34915
name added to list: 34916
name added to list: 34917
name added to list: 34918
name added to list: 34919
name added to list: 34920
name added to list: 34921
name added to list: 34922
name added to list: 34923
name added to list: 34924
name added to list: 34925
name added to list: 34926
name added to list: 34927
name added to list: 34928
name added to list: 34929
name added to list: 34930
name added to list: 34931
name added to list: 34932
name added to list: 34933
name added to list: 34934
name added to list: 34935
name added to list: 34936
name added to list: 34937
name added to list: 34938
name added to list: 34939
name added to list: 34940
name added to list: 34941
name added to list: 34942
name added to list: 34943
name added to list: 34944
name added to list: 34945
name added to list: 34946
name added to list: 34947
name added to list: 34948
name added to list: 34949
name added to list: 34950
name added to list: 34951
name added to list: 34952
name added to list: 34953
name added to list: 34954
name added to list: 34955
name added to list: 34956
name added to list: 34957
name added to list: 34958
name added to list: 34959
name added to list: 34960
name added to list: 34961
name added to list: 34962
name added to list: 34963
name added to list: 34964
name added to list: 34965
name added to list: 34966
name added to list: 34967
name added to list: 34968
name added to list: 34969
name added to list: 34970
name added to list: 34971
name added to list: 34972
name added to list: 34973
name added to list: 34974
name added to list: 34975
name added to list: 34976
name added to list: 34977
name added to list: 34978
name added to list: 34979
name added to list: 34980
name added to list: 34981
name added to list: 34982
name added to list: 34983
name added to list: 34984
name added to list: 34985
name added to list: 34986
name added to list: 34987
name added to list: 34988
name added to list: 34989
name added to list: 34990
name added to list: 34991
name added to list: 34992
name added to list: 34993
name added to list: 34994
name added to list: 34995
name added to list: 34996
name added to list: 34997
name added to list: 34998
name added to list: 34999
name added to list: 35000
name added to list: 35001
name added to list: 35002
name added to list: 35003
name added to list: 35004
name added to list: 35005
name added to list: 35006
name added to list: 35007
name added to list: 35008
name added to list: 35009
name added to list: 35010
name added to list: 35011
name added to list: 35012
name added to list: 35013
name added to list: 35014
name added to list: 35015
name added to list: 35016
name added to list: 35017
name added to list: 35018
name added to list: 35019
name added to list: 35020
name added to list: 35021
name added to list: 35022
name added to list: 35023
name added to list: 35024
name added to list: 35025
name added to list: 35026
name added to list: 35027
name added to list: 35028
name added to list: 35029
name added to list: 35030
name added to list: 35031
name added to list: 35032
name added to list: 35033
name added to list: 35034
name added to list: 35035
name added to list: 35036
name added to list: 35037
name added to list: 35038
name added to list: 35039
name added to list: 35040
name added to list: 35041
name added to list: 35042
name added to list: 35043
name added to list: 35044
name added to list: 35045
name added to list: 35046
name added to list: 35047
name added to list: 35048
name added to list: 35049
name added to list: 35050
name added to list: 35051
name added to list: 35052
name added to list: 35053
name added to list: 35054
name added to list: 35055
name added to list: 35056
name added to list: 35057
name added to list: 35058
name added to list: 35059
name added to list: 35060
name added to list: 35061
name added to list: 35062
name added to list: 35063
name added to list: 35064
name added to list: 35065
name added to list: 35066
name added to list: 35067
name added to list: 35068
name added to list: 35069
name added to list: 35070
name added to list: 35071
name added to list: 35072
name added to list: 35073
name added to list: 35074
name added to list: 35075
name added to list: 35076
name added to list: 35077
name added to list: 35078
name added to list: 35079
name added to list: 35080
name added to list: 35081
name added to list: 35082
name added to list: 35083
name added to list: 35084
name added to list: 35085
name added to list: 35086
name added to list: 35087
name added to list: 35088
name added to list: 35089
name added to list: 35090
name added to list: 35091
name added to list: 35092
name added to list: 35093
name added to list: 35094
name added to list: 35095
name added to list: 35096
name added to list: 35097
name added to list: 35098
name added to list: 35099
name added to list: 35100
name added to list: 35101
name added to list: 35102
name added to list: 35103
name added to list: 35104
name added to list: 35105
name added to list: 35106
name added to list: 35107
name added to list: 35108
name added to list: 35109
name added to list: 35110
name added to list: 35111
name added to list: 35112
name added to list: 35113
name added to list: 35114
name added to list: 35115
name added to list: 35116
name added to list: 35117
name added to list: 35118
name added to list: 35119
name added to list: 35120
name added to list: 35121
name added to list: 35122
name added to list: 35123
name added to list: 35124
name added to list: 35125
name added to list: 35126
name added to list: 35127
name added to list: 35128
name added to list: 35129
name added to list: 35130
name added to list: 35131
name added to list: 35132
name added to list: 35133
name added to list: 35134
name added to list: 35135
name added to list: 35136
name added to list: 35137
name added to list: 35138
name added to list: 35139
name added to list: 35140
name added to list: 35141
name added to list: 35142
name added to list: 35143
name added to list: 35144
name added to list: 35145
name added to list: 35146
name added to list: 35147
name added to list: 35148
name added to list: 35149
name added to list: 35150
name added to list: 35151
name added to list: 35152
name added to list: 35153
name added to list: 35154
name added to list: 35155
name added to list: 35156
name added to list: 35157
name added to list: 35158
name added to list: 35159
name added to list: 35160
name added to list: 35161
name added to list: 35162
name added to list: 35163
name added to list: 35164
name added to list: 35165
name added to list: 35166
name added to list: 35167
name added to list: 35168
name added to list: 35169
name added to list: 35170
name added to list: 35171
name added to list: 35172
name added to list: 35173
name added to list: 35174
name added to list: 35175
name added to list: 35176
name added to list: 35177
name added to list: 35178
name added to list: 35179
name added to list: 35180
name added to list: 35181
name added to list: 35182
name added to list: 35183
name added to list: 35184
name added to list: 35185
name added to list: 35186
name added to list: 35187
name added to list: 35188
name added to list: 35189
name added to list: 35190
name added to list: 35191
name added to list: 35192
name added to list: 35193
name added to list: 35194
name added to list: 35195
name added to list: 35196
name added to list: 35197
name added to list: 35198
name added to list: 35199
name added to list: 35200
name added to list: 35201
name added to list: 35202
name added to list: 35203
name added to list: 35204
name added to list: 35205
name added to list: 35206
name added to list: 35207
name added to list: 35208
name added to list: 35209
name added to list: 35210
name added to list: 35211
name added to list: 35212
name added to list: 35213
name added to list: 35214
name added to list: 35215
name added to list: 35216
name added to list: 35217
name added to list: 35218
name added to list: 35219
name added to list: 35220
name added to list: 35221
name added to list: 35222
name added to list: 35223
name added to list: 35224
name added to list: 35225
name added to list: 35226
name added to list: 35227
name added to list: 35228
name added to list: 35229
name added to list: 35230
name added to list: 35231
name added to list: 35232
name added to list: 35233
name added to list: 35234
name added to list: 35235
name added to list: 35236
name added to list: 35237
name added to list: 35238
name added to list: 35239
name added to list: 35240
name added to list: 35241
name added to list: 35242
name added to list: 35243
name added to list: 35244
name added to list: 35245
name added to list: 35246
name added to list: 35247
name added to list: 35248
name added to list: 35249
name added to list: 35250
name added to list: 35251
name added to list: 35252
name added to list: 35253
name added to list: 35254
name added to list: 35255
name added to list: 35256
name added to list: 35257
name added to list: 35258
name added to list: 35259
name added to list: 35260
name added to list: 35261
name added to list: 35262
name added to list: 35263
name added to list: 35264
name added to list: 35265
name added to list: 35266
name added to list: 35267
name added to list: 35268
name added to list: 35269
name added to list: 35270
name added to list: 35271
name added to list: 35272
name added to list: 35273
name added to list: 35274
name added to list: 35275
name added to list: 35276
name added to list: 35277
name added to list: 35278
name added to list: 35279
name added to list: 35280
name added to list: 35281
name added to list: 35282
name added to list: 35283
name added to list: 35284
name added to list: 35285
name added to list: 35286
name added to list: 35287
name added to list: 35288
name added to list: 35289
name added to list: 35290
name added to list: 35291
name added to list: 35292
name added to list: 35293
name added to list: 35294
name added to list: 35295
name added to list: 35296
name added to list: 35297
name added to list: 35298
name added to list: 35299
name added to list: 35300
name added to list: 35301
name added to list: 35302
name added to list: 35303
name added to list: 35304
name added to list: 35305
name added to list: 35306
name added to list: 35307
name added to list: 35308
name added to list: 35309
name added to list: 35310
name added to list: 35311
name added to list: 35312
name added to list: 35313
name added to list: 35314
name added to list: 35315
name added to list: 35316
name added to list: 35317
name added to list: 35318
name added to list: 35319
name added to list: 35320
name added to list: 35321
name added to list: 35322
name added to list: 35323
name added to list: 35324
name added to list: 35325
name added to list: 35326
name added to list: 35327
name added to list: 35328
name added to list: 35329
name added to list: 35330
name added to list: 35331
name added to list: 35332
name added to list: 35333
name added to list: 35334
name added to list: 35335
name added to list: 35336
name added to list: 35337
name added to list: 35338
name added to list: 35339
name added to list: 35340
name added to list: 35341
name added to list: 35342
name added to list: 35343
name added to list: 35344
name added to list: 35345
name added to list: 35346
name added to list: 35347
name added to list: 35348
name added to list: 35349
name added to list: 35350
name added to list: 35351
name added to list: 35352
name added to list: 35353
name added to list: 35354
name added to list: 35355
name added to list: 35356
name added to list: 35357
name added to list: 35358
name added to list: 35359
name added to list: 35360
name added to list: 35361
name added to list: 35362
name added to list: 35363
name added to list: 35364
name added to list: 35365
name added to list: 35366
name added to list: 35367
name added to list: 35368
name added to list: 35369
name added to list: 35370
name added to list: 35371
name added to list: 35372
name added to list: 35373
name added to list: 35374
name added to list: 35375
name added to list: 35376
name added to list: 35377
name added to list: 35378
name added to list: 35379
name added to list: 35380
name added to list: 35381
name added to list: 35382
name added to list: 35383
name added to list: 35384
name added to list: 35385
name added to list: 35386
name added to list: 35387
name added to list: 35388
name added to list: 35389
name added to list: 35390
name added to list: 35391
name added to list: 35392
name added to list: 35393
name added to list: 35394
name added to list: 35395
name added to list: 35396
name added to list: 35397
name added to list: 35398
name added to list: 35399
name added to list: 35400
name added to list: 35401
name added to list: 35402
name added to list: 35403
name added to list: 35404
name added to list: 35405
name added to list: 35406
name added to list: 35407
name added to list: 35408
name added to list: 35409
name added to list: 35410
name added to list: 35411
name added to list: 35412
name added to list: 35413
name added to list: 35414
name added to list: 35415
name added to list: 35416
name added to list: 35417
name added to list: 35418
name added to list: 35419
name added to list: 35420
name added to list: 35421
name added to list: 35422
name added to list: 35423
name added to list: 35424
name added to list: 35425
name added to list: 35426
name added to list: 35427
name added to list: 35428
name added to list: 35429
name added to list: 35430
name added to list: 35431
name added to list: 35432
name added to list: 35433
name added to list: 35434
name added to list: 35435
name added to list: 35436
name added to list: 35437
name added to list: 35438
name added to list: 35439
name added to list: 35440
name added to list: 35441
name added to list: 35442
name added to list: 35443
name added to list: 35444
name added to list: 35445
name added to list: 35446
name added to list: 35447
name added to list: 35448
name added to list: 35449
name added to list: 35450
name added to list: 35451
name added to list: 35452
name added to list: 35453
name added to list: 35454
name added to list: 35455
name added to list: 35456
name added to list: 35457
name added to list: 35458
name added to list: 35459
name added to list: 35460
name added to list: 35461
name added to list: 35462
name added to list: 35463
name added to list: 35464
name added to list: 35465
name added to list: 35466
name added to list: 35467
name added to list: 35468
name added to list: 35469
name added to list: 35470
name added to list: 35471
name added to list: 35472
name added to list: 35473
name added to list: 35474
name added to list: 35475
name added to list: 35476
name added to list: 35477
name added to list: 35478
name added to list: 35479
name added to list: 35480
name added to list: 35481
name added to list: 35482
name added to list: 35483
name added to list: 35484
name added to list: 35485
name added to list: 35486
name added to list: 35487
name added to list: 35488
name added to list: 35489
name added to list: 35490
name added to list: 35491
name added to list: 35492
name added to list: 35493
name added to list: 35494
name added to list: 35495
name added to list: 35496
name added to list: 35497
name added to list: 35498
name added to list: 35499
name added to list: 35500
name added to list: 35501
name added to list: 35502
name added to list: 35503
name added to list: 35504
name added to list: 35505
name added to list: 35506
name added to list: 35507
name added to list: 35508
name added to list: 35509
name added to list: 35510
name added to list: 35511
name added to list: 35512
name added to list: 35513
name added to list: 35514
name added to list: 35515
name added to list: 35516
name added to list: 35517
name added to list: 35518
name added to list: 35519
name added to list: 35520
name added to list: 35521
name added to list: 35522
name added to list: 35523
name added to list: 35524
name added to list: 35525
name added to list: 35526
name added to list: 35527
name added to list: 35528
name added to list: 35529
name added to list: 35530
name added to list: 35531
name added to list: 35532
name added to list: 35533
name added to list: 35534
name added to list: 35535
name added to list: 35536
name added to list: 35537
name added to list: 35538
name added to list: 35539
name added to list: 35540
name added to list: 35541
name added to list: 35542
name added to list: 35543
name added to list: 35544
name added to list: 35545
name added to list: 35546
name added to list: 35547
name added to list: 35548
name added to list: 35549
name added to list: 35550
name added to list: 35551
name added to list: 35552
name added to list: 35553
name added to list: 35554
name added to list: 35555
name added to list: 35556
name added to list: 35557
name added to list: 35558
name added to list: 35559
name added to list: 35560
name added to list: 35561
name added to list: 35562
name added to list: 35563
name added to list: 35564
name added to list: 35565
name added to list: 35566
name added to list: 35567
name added to list: 35568
name added to list: 35569
name added to list: 35570
name added to list: 35571
name added to list: 35572
name added to list: 35573
name added to list: 35574
name added to list: 35575
name added to list: 35576
name added to list: 35577
name added to list: 35578
name added to list: 35579
name added to list: 35580
name added to list: 35581
name added to list: 35582
name added to list: 35583
name added to list: 35584
name added to list: 35585
name added to list: 35586
name added to list: 35587
name added to list: 35588
name added to list: 35589
name added to list: 35590
name added to list: 35591
name added to list: 35592
name added to list: 35593
name added to list: 35594
name added to list: 35595
name added to list: 35596
name added to list: 35597
name added to list: 35598
name added to list: 35599
name added to list: 35600
name added to list: 35601
name added to list: 35602
name added to list: 35603
name added to list: 35604
name added to list: 35605
name added to list: 35606
name added to list: 35607
name added to list: 35608
name added to list: 35609
name added to list: 35610
name added to list: 35611
name added to list: 35612
name added to list: 35613
name added to list: 35614
name added to list: 35615
name added to list: 35616
name added to list: 35617
name added to list: 35618
name added to list: 35619
name added to list: 35620
name added to list: 35621
name added to list: 35622
name added to list: 35623
name added to list: 35624
name added to list: 35625
name added to list: 35626
name added to list: 35627
name added to list: 35628
name added to list: 35629
name added to list: 35630
name added to list: 35631
name added to list: 35632
name added to list: 35633
name added to list: 35634
name added to list: 35635
name added to list: 35636
name added to list: 35637
name added to list: 35638
name added to list: 35639
name added to list: 35640
name added to list: 35641
name added to list: 35642
name added to list: 35643
name added to list: 35644
name added to list: 35645
name added to list: 35646
name added to list: 35647
name added to list: 35648
name added to list: 35649
name added to list: 35650
name added to list: 35651
name added to list: 35652
name added to list: 35653
name added to list: 35654
name added to list: 35655
name added to list: 35656
name added to list: 35657
name added to list: 35658
name added to list: 35659
name added to list: 35660
name added to list: 35661
name added to list: 35662
name added to list: 35663
name added to list: 35664
name added to list: 35665
name added to list: 35666
name added to list: 35667
name added to list: 35668
name added to list: 35669
name added to list: 35670
name added to list: 35671
name added to list: 35672
name added to list: 35673
name added to list: 35674
name added to list: 35675
name added to list: 35676
name added to list: 35677
name added to list: 35678
name added to list: 35679
name added to list: 35680
name added to list: 35681
name added to list: 35682
name added to list: 35683
name added to list: 35684
name added to list: 35685
name added to list: 35686
name added to list: 35687
name added to list: 35688
name added to list: 35689
name added to list: 35690
name added to list: 35691
name added to list: 35692
name added to list: 35693
name added to list: 35694
name added to list: 35695
name added to list: 35696
name added to list: 35697
name added to list: 35698
name added to list: 35699
name added to list: 35700
name added to list: 35701
name added to list: 35702
name added to list: 35703
name added to list: 35704
name added to list: 35705
name added to list: 35706
name added to list: 35707
name added to list: 35708
name added to list: 35709
name added to list: 35710
name added to list: 35711
name added to list: 35712
name added to list: 35713
name added to list: 35714
name added to list: 35715
name added to list: 35716
name added to list: 35717
name added to list: 35718
name added to list: 35719
name added to list: 35720
name added to list: 35721
name added to list: 35722
name added to list: 35723
name added to list: 35724
name added to list: 35725
name added to list: 35726
name added to list: 35727
name added to list: 35728
name added to list: 35729
name added to list: 35730
name added to list: 35731
name added to list: 35732
name added to list: 35733
name added to list: 35734
name added to list: 35735
name added to list: 35736
name added to list: 35737
name added to list: 35738
name added to list: 35739
name added to list: 35740
name added to list: 35741
name added to list: 35742
name added to list: 35743
name added to list: 35744
name added to list: 35745
name added to list: 35746
name added to list: 35747
name added to list: 35748
name added to list: 35749
name added to list: 35750
name added to list: 35751
name added to list: 35752
name added to list: 35753
name added to list: 35754
name added to list: 35755
name added to list: 35756
name added to list: 35757
name added to list: 35758
name added to list: 35759
name added to list: 35760
name added to list: 35761
name added to list: 35762
name added to list: 35763
name added to list: 35764
name added to list: 35765
name added to list: 35766
name added to list: 35767
name added to list: 35768
name added to list: 35769
name added to list: 35770
name added to list: 35771
name added to list: 35772
name added to list: 35773
name added to list: 35774
name added to list: 35775
name added to list: 35776
name added to list: 35777
name added to list: 35778
name added to list: 35779
name added to list: 35780
name added to list: 35781
name added to list: 35782
name added to list: 35783
name added to list: 35784
name added to list: 35785
name added to list: 35786
name added to list: 35787
name added to list: 35788
name added to list: 35789
name added to list: 35790
name added to list: 35791
name added to list: 35792
name added to list: 35793
name added to list: 35794
name added to list: 35795
name added to list: 35796
name added to list: 35797
name added to list: 35798
name added to list: 35799
name added to list: 35800
name added to list: 35801
name added to list: 35802
name added to list: 35803
name added to list: 35804
name added to list: 35805
name added to list: 35806
name added to list: 35807
name added to list: 35808
name added to list: 35809
name added to list: 35810
name added to list: 35811
name added to list: 35812
name added to list: 35813
name added to list: 35814
name added to list: 35815
name added to list: 35816
name added to list: 35817
name added to list: 35818
name added to list: 35819
name added to list: 35820
name added to list: 35821
name added to list: 35822
name added to list: 35823
name added to list: 35824
name added to list: 35825
name added to list: 35826
name added to list: 35827
name added to list: 35828
name added to list: 35829
name added to list: 35830
name added to list: 35831
name added to list: 35832
name added to list: 35833
name added to list: 35834
name added to list: 35835
name added to list: 35836
name added to list: 35837
name added to list: 35838
name added to list: 35839
name added to list: 35840
name added to list: 35841
name added to list: 35842
name added to list: 35843
name added to list: 35844
name added to list: 35845
name added to list: 35846
name added to list: 35847
name added to list: 35848
name added to list: 35849
name added to list: 35850
name added to list: 35851
name added to list: 35852
name added to list: 35853
name added to list: 35854
name added to list: 35855
name added to list: 35856
name added to list: 35857
name added to list: 35858
name added to list: 35859
name added to list: 35860
name added to list: 35861
name added to list: 35862
name added to list: 35863
name added to list: 35864
name added to list: 35865
name added to list: 35866
name added to list: 35867
name added to list: 35868
name added to list: 35869
name added to list: 35870
name added to list: 35871
name added to list: 35872
name added to list: 35873
name added to list: 35874
name added to list: 35875
name added to list: 35876
name added to list: 35877
name added to list: 35878
name added to list: 35879
name added to list: 35880
name added to list: 35881
name added to list: 35882
name added to list: 35883
name added to list: 35884
name added to list: 35885
name added to list: 35886
name added to list: 35887
name added to list: 35888
name added to list: 35889
name added to list: 35890
name added to list: 35891
name added to list: 35892
name added to list: 35893
name added to list: 35894
name added to list: 35895
name added to list: 35896
name added to list: 35897
name added to list: 35898
name added to list: 35899
name added to list: 35900
name added to list: 35901
name added to list: 35902
name added to list: 35903
name added to list: 35904
name added to list: 35905
name added to list: 35906
name added to list: 35907
name added to list: 35908
name added to list: 35909
name added to list: 35910
name added to list: 35911
name added to list: 35912
name added to list: 35913
name added to list: 35914
name added to list: 35915
name added to list: 35916
name added to list: 35917
name added to list: 35918
name added to list: 35919
name added to list: 35920
name added to list: 35921
name added to list: 35922
name added to list: 35923
name added to list: 35924
name added to list: 35925
name added to list: 35926
name added to list: 35927
name added to list: 35928
name added to list: 35929
name added to list: 35930
name added to list: 35931
name added to list: 35932
name added to list: 35933
name added to list: 35934
name added to list: 35935
name added to list: 35936
name added to list: 35937
name added to list: 35938
name added to list: 35939
name added to list: 35940
name added to list: 35941
name added to list: 35942
name added to list: 35943
name added to list: 35944
name added to list: 35945
name added to list: 35946
name added to list: 35947
name added to list: 35948
name added to list: 35949
name added to list: 35950
name added to list: 35951
name added to list: 35952
name added to list: 35953
name added to list: 35954
name added to list: 35955
name added to list: 35956
name added to list: 35957
name added to list: 35958
name added to list: 35959
name added to list: 35960
name added to list: 35961
name added to list: 35962
name added to list: 35963
name added to list: 35964
name added to list: 35965
name added to list: 35966
name added to list: 35967
name added to list: 35968
name added to list: 35969
name added to list: 35970
name added to list: 35971
name added to list: 35972
name added to list: 35973
name added to list: 35974
name added to list: 35975
name added to list: 35976
name added to list: 35977
name added to list: 35978
name added to list: 35979
name added to list: 35980
name added to list: 35981
name added to list: 35982
name added to list: 35983
name added to list: 35984
name added to list: 35985
name added to list: 35986
name added to list: 35987
name added to list: 35988
name added to list: 35989
name added to list: 35990
name added to list: 35991
name added to list: 35992
name added to list: 35993
name added to list: 35994
name added to list: 35995
name added to list: 35996
name added to list: 35997
name added to list: 35998
name added to list: 35999
name added to list: 36000
name added to list: 36001
name added to list: 36002
name added to list: 36003
name added to list: 36004
name added to list: 36005
name added to list: 36006
name added to list: 36007
name added to list: 36008
name added to list: 36009
name added to list: 36010
name added to list: 36011
name added to list: 36012
name added to list: 36013
name added to list: 36014
name added to list: 36015
name added to list: 36016
name added to list: 36017
name added to list: 36018
name added to list: 36019
name added to list: 36020
name added to list: 36021
name added to list: 36022
name added to list: 36023
name added to list: 36024
name added to list: 36025
name added to list: 36026
name added to list: 36027
name added to list: 36028
name added to list: 36029
name added to list: 36030
name added to list: 36031
name added to list: 36032
name added to list: 36033
name added to list: 36034
name added to list: 36035
name added to list: 36036
name added to list: 36037
name added to list: 36038
name added to list: 36039
name added to list: 36040
name added to list: 36041
name added to list: 36042
name added to list: 36043
name added to list: 36044
name added to list: 36045
name added to list: 36046
name added to list: 36047
name added to list: 36048
name added to list: 36049
name added to list: 36050
name added to list: 36051
name added to list: 36052
name added to list: 36053
name added to list: 36054
name added to list: 36055
name added to list: 36056
name added to list: 36057
name added to list: 36058
name added to list: 36059
name added to list: 36060
name added to list: 36061
name added to list: 36062
name added to list: 36063
name added to list: 36064
name added to list: 36065
name added to list: 36066
name added to list: 36067
name added to list: 36068
name added to list: 36069
name added to list: 36070
name added to list: 36071
name added to list: 36072
name added to list: 36073
name added to list: 36074
name added to list: 36075
name added to list: 36076
name added to list: 36077
name added to list: 36078
name added to list: 36079
name added to list: 36080
name added to list: 36081
name added to list: 36082
name added to list: 36083
name added to list: 36084
name added to list: 36085
name added to list: 36086
name added to list: 36087
name added to list: 36088
name added to list: 36089
name added to list: 36090
name added to list: 36091
name added to list: 36092
name added to list: 36093
name added to list: 36094
name added to list: 36095
name added to list: 36096
name added to list: 36097
name added to list: 36098
name added to list: 36099
name added to list: 36100
name added to list: 36101
name added to list: 36102
name added to list: 36103
name added to list: 36104
name added to list: 36105
name added to list: 36106
name added to list: 36107
name added to list: 36108
name added to list: 36109
name added to list: 36110
name added to list: 36111
name added to list: 36112
name added to list: 36113
name added to list: 36114
name added to list: 36115
name added to list: 36116
name added to list: 36117
name added to list: 36118
name added to list: 36119
name added to list: 36120
name added to list: 36121
name added to list: 36122
name added to list: 36123
name added to list: 36124
name added to list: 36125
name added to list: 36126
name added to list: 36127
name added to list: 36128
name added to list: 36129
name added to list: 36130
name added to list: 36131
name added to list: 36132
name added to list: 36133
name added to list: 36134
name added to list: 36135
name added to list: 36136
name added to list: 36137
name added to list: 36138
name added to list: 36139
name added to list: 36140
name added to list: 36141
name added to list: 36142
name added to list: 36143
name added to list: 36144
name added to list: 36145
name added to list: 36146
name added to list: 36147
name added to list: 36148
name added to list: 36149
name added to list: 36150
name added to list: 36151
name added to list: 36152
name added to list: 36153
name added to list: 36154
name added to list: 36155
name added to list: 36156
name added to list: 36157
name added to list: 36158
name added to list: 36159
name added to list: 36160
name added to list: 36161
name added to list: 36162
name added to list: 36163
name added to list: 36164
name added to list: 36165
name added to list: 36166
name added to list: 36167
name added to list: 36168
name added to list: 36169
name added to list: 36170
name added to list: 36171
name added to list: 36172
name added to list: 36173
name added to list: 36174
name added to list: 36175
name added to list: 36176
name added to list: 36177
name added to list: 36178
name added to list: 36179
name added to list: 36180
name added to list: 36181
name added to list: 36182
name added to list: 36183
name added to list: 36184
name added to list: 36185
name added to list: 36186
name added to list: 36187
name added to list: 36188
name added to list: 36189
name added to list: 36190
name added to list: 36191
name added to list: 36192
name added to list: 36193
name added to list: 36194
name added to list: 36195
name added to list: 36196
name added to list: 36197
name added to list: 36198
name added to list: 36199
name added to list: 36200
name added to list: 36201
name added to list: 36202
name added to list: 36203
name added to list: 36204
name added to list: 36205
name added to list: 36206
name added to list: 36207
name added to list: 36208
name added to list: 36209
name added to list: 36210
name added to list: 36211
name added to list: 36212
name added to list: 36213
name added to list: 36214
name added to list: 36215
name added to list: 36216
name added to list: 36217
name added to list: 36218
name added to list: 36219
name added to list: 36220
name added to list: 36221
name added to list: 36222
name added to list: 36223
name added to list: 36224
name added to list: 36225
name added to list: 36226
name added to list: 36227
name added to list: 36228
name added to list: 36229
name added to list: 36230
name added to list: 36231
name added to list: 36232
name added to list: 36233
name added to list: 36234
name added to list: 36235
name added to list: 36236
name added to list: 36237
name added to list: 36238
name added to list: 36239
name added to list: 36240
name added to list: 36241
name added to list: 36242
name added to list: 36243
name added to list: 36244
name added to list: 36245
name added to list: 36246
name added to list: 36247
name added to list: 36248
name added to list: 36249
name added to list: 36250
name added to list: 36251
name added to list: 36252
name added to list: 36253
name added to list: 36254
name added to list: 36255
name added to list: 36256
name added to list: 36257
name added to list: 36258
name added to list: 36259
name added to list: 36260
name added to list: 36261
name added to list: 36262
name added to list: 36263
name added to list: 36264
name added to list: 36265
name added to list: 36266
name added to list: 36267
name added to list: 36268
name added to list: 36269
name added to list: 36270
name added to list: 36271
name added to list: 36272
name added to list: 36273
name added to list: 36274
name added to list: 36275
name added to list: 36276
name added to list: 36277
name added to list: 36278
name added to list: 36279
name added to list: 36280
name added to list: 36281
name added to list: 36282
name added to list: 36283
name added to list: 36284
name added to list: 36285
name added to list: 36286
name added to list: 36287
name added to list: 36288
name added to list: 36289
name added to list: 36290
name added to list: 36291
name added to list: 36292
name added to list: 36293
name added to list: 36294
name added to list: 36295
name added to list: 36296
name added to list: 36297
name added to list: 36298
name added to list: 36299
name added to list: 36300
name added to list: 36301
name added to list: 36302
name added to list: 36303
name added to list: 36304
name added to list: 36305
name added to list: 36306
name added to list: 36307
name added to list: 36308
name added to list: 36309
name added to list: 36310
name added to list: 36311
name added to list: 36312
name added to list: 36313
name added to list: 36314
name added to list: 36315
name added to list: 36316
name added to list: 36317
name added to list: 36318
name added to list: 36319
name added to list: 36320
name added to list: 36321
name added to list: 36322
name added to list: 36323
name added to list: 36324
name added to list: 36325
name added to list: 36326
name added to list: 36327
name added to list: 36328
name added to list: 36329
name added to list: 36330
name added to list: 36331
name added to list: 36332
name added to list: 36333
name added to list: 36334
name added to list: 36335
name added to list: 36336
name added to list: 36337
name added to list: 36338
name added to list: 36339
name added to list: 36340
name added to list: 36341
name added to list: 36342
name added to list: 36343
name added to list: 36344
name added to list: 36345
name added to list: 36346
name added to list: 36347
name added to list: 36348
name added to list: 36349
name added to list: 36350
name added to list: 36351
name added to list: 36352
name added to list: 36353
name added to list: 36354
name added to list: 36355
name added to list: 36356
name added to list: 36357
name added to list: 36358
name added to list: 36359
name added to list: 36360
name added to list: 36361
name added to list: 36362
name added to list: 36363
name added to list: 36364
name added to list: 36365
name added to list: 36366
name added to list: 36367
name added to list: 36368
name added to list: 36369
name added to list: 36370
name added to list: 36371
name added to list: 36372
name added to list: 36373
name added to list: 36374
name added to list: 36375
name added to list: 36376
name added to list: 36377
name added to list: 36378
name added to list: 36379
name added to list: 36380
name added to list: 36381
name added to list: 36382
name added to list: 36383
name added to list: 36384
name added to list: 36385
name added to list: 36386
name added to list: 36387
name added to list: 36388
name added to list: 36389
name added to list: 36390
name added to list: 36391
name added to list: 36392
name added to list: 36393
name added to list: 36394
name added to list: 36395
name added to list: 36396
name added to list: 36397
name added to list: 36398
name added to list: 36399
name added to list: 36400
name added to list: 36401
name added to list: 36402
name added to list: 36403
name added to list: 36404
name added to list: 36405
name added to list: 36406
name added to list: 36407
name added to list: 36408
name added to list: 36409
name added to list: 36410
name added to list: 36411
name added to list: 36412
name added to list: 36413
name added to list: 36414
name added to list: 36415
name added to list: 36416
name added to list: 36417
name added to list: 36418
name added to list: 36419
name added to list: 36420
name added to list: 36421
name added to list: 36422
name added to list: 36423
name added to list: 36424
name added to list: 36425
name added to list: 36426
name added to list: 36427
name added to list: 36428
name added to list: 36429
name added to list: 36430
name added to list: 36431
name added to list: 36432
name added to list: 36433
name added to list: 36434
name added to list: 36435
name added to list: 36436
name added to list: 36437
name added to list: 36438
name added to list: 36439
name added to list: 36440
name added to list: 36441
name added to list: 36442
name added to list: 36443
name added to list: 36444
name added to list: 36445
name added to list: 36446
name added to list: 36447
name added to list: 36448
name added to list: 36449
name added to list: 36450
name added to list: 36451
name added to list: 36452
name added to list: 36453
name added to list: 36454
name added to list: 36455
name added to list: 36456
name added to list: 36457
name added to list: 36458
name added to list: 36459
name added to list: 36460
name added to list: 36461
name added to list: 36462
name added to list: 36463
name added to list: 36464
name added to list: 36465
name added to list: 36466
name added to list: 36467
name added to list: 36468
name added to list: 36469
name added to list: 36470
name added to list: 36471
name added to list: 36472
name added to list: 36473
name added to list: 36474
name added to list: 36475
name added to list: 36476
name added to list: 36477
name added to list: 36478
name added to list: 36479
name added to list: 36480
name added to list: 36481
name added to list: 36482
name added to list: 36483
name added to list: 36484
name added to list: 36485
name added to list: 36486
name added to list: 36487
name added to list: 36488
name added to list: 36489
name added to list: 36490
name added to list: 36491
name added to list: 36492
name added to list: 36493
name added to list: 36494
name added to list: 36495
name added to list: 36496
name added to list: 36497
name added to list: 36498
name added to list: 36499
name added to list: 36500
name added to list: 36501
name added to list: 36502
name added to list: 36503
name added to list: 36504
name added to list: 36505
name added to list: 36506
name added to list: 36507
name added to list: 36508
name added to list: 36509
name added to list: 36510
name added to list: 36511
name added to list: 36512
name added to list: 36513
name added to list: 36514
name added to list: 36515
name added to list: 36516
name added to list: 36517
name added to list: 36518
name added to list: 36519
name added to list: 36520
name added to list: 36521
name added to list: 36522
name added to list: 36523
name added to list: 36524
name added to list: 36525
name added to list: 36526
name added to list: 36527
name added to list: 36528
name added to list: 36529
name added to list: 36530
name added to list: 36531
name added to list: 36532
name added to list: 36533
name added to list: 36534
name added to list: 36535
name added to list: 36536
name added to list: 36537
name added to list: 36538
name added to list: 36539
name added to list: 36540
name added to list: 36541
name added to list: 36542
name added to list: 36543
name added to list: 36544
name added to list: 36545
name added to list: 36546
name added to list: 36547
name added to list: 36548
name added to list: 36549
name added to list: 36550
name added to list: 36551
name added to list: 36552
name added to list: 36553
name added to list: 36554
name added to list: 36555
name added to list: 36556
name added to list: 36557
name added to list: 36558
name added to list: 36559
name added to list: 36560
name added to list: 36561
name added to list: 36562
name added to list: 36563
name added to list: 36564
name added to list: 36565
name added to list: 36566
name added to list: 36567
name added to list: 36568
name added to list: 36569
name added to list: 36570
name added to list: 36571
name added to list: 36572
name added to list: 36573
name added to list: 36574
name added to list: 36575
name added to list: 36576
name added to list: 36577
name added to list: 36578
name added to list: 36579
name added to list: 36580
name added to list: 36581
name added to list: 36582
name added to list: 36583
name added to list: 36584
name added to list: 36585
name added to list: 36586
name added to list: 36587
name added to list: 36588
name added to list: 36589
name added to list: 36590
name added to list: 36591
name added to list: 36592
name added to list: 36593
name added to list: 36594
name added to list: 36595
name added to list: 36596
name added to list: 36597
name added to list: 36598
name added to list: 36599
name added to list: 36600
name added to list: 36601
name added to list: 36602
name added to list: 36603
name added to list: 36604
name added to list: 36605
name added to list: 36606
name added to list: 36607
name added to list: 36608
name added to list: 36609
name added to list: 36610
name added to list: 36611
name added to list: 36612
name added to list: 36613
name added to list: 36614
name added to list: 36615
name added to list: 36616
name added to list: 36617
name added to list: 36618
name added to list: 36619
name added to list: 36620
name added to list: 36621
name added to list: 36622
name added to list: 36623
name added to list: 36624
name added to list: 36625
name added to list: 36626
name added to list: 36627
name added to list: 36628
name added to list: 36629
name added to list: 36630
name added to list: 36631
name added to list: 36632
name added to list: 36633
name added to list: 36634
name added to list: 36635
name added to list: 36636
name added to list: 36637
name added to list: 36638
name added to list: 36639
name added to list: 36640
name added to list: 36641
name added to list: 36642
name added to list: 36643
name added to list: 36644
name added to list: 36645
name added to list: 36646
name added to list: 36647
name added to list: 36648
name added to list: 36649
name added to list: 36650
name added to list: 36651
name added to list: 36652
name added to list: 36653
name added to list: 36654
name added to list: 36655
name added to list: 36656
name added to list: 36657
name added to list: 36658
name added to list: 36659
name added to list: 36660
name added to list: 36661
name added to list: 36662
name added to list: 36663
name added to list: 36664
name added to list: 36665
name added to list: 36666
name added to list: 36667
name added to list: 36668
name added to list: 36669
name added to list: 36670
name added to list: 36671
name added to list: 36672
name added to list: 36673
name added to list: 36674
name added to list: 36675
name added to list: 36676
name added to list: 36677
name added to list: 36678
name added to list: 36679
name added to list: 36680
name added to list: 36681
name added to list: 36682
name added to list: 36683
name added to list: 36684
name added to list: 36685
name added to list: 36686
name added to list: 36687
name added to list: 36688
name added to list: 36689
name added to list: 36690
name added to list: 36691
name added to list: 36692
name added to list: 36693
name added to list: 36694
name added to list: 36695
name added to list: 36696
name added to list: 36697
name added to list: 36698
name added to list: 36699
name added to list: 36700
name added to list: 36701
name added to list: 36702
name added to list: 36703
name added to list: 36704
name added to list: 36705
name added to list: 36706
name added to list: 36707
name added to list: 36708
name added to list: 36709
name added to list: 36710
name added to list: 36711
name added to list: 36712
name added to list: 36713
name added to list: 36714
name added to list: 36715
name added to list: 36716
name added to list: 36717
name added to list: 36718
name added to list: 36719
name added to list: 36720
name added to list: 36721
name added to list: 36722
name added to list: 36723
name added to list: 36724
name added to list: 36725
name added to list: 36726
name added to list: 36727
name added to list: 36728
name added to list: 36729
name added to list: 36730
name added to list: 36731
name added to list: 36732
name added to list: 36733
name added to list: 36734
name added to list: 36735
name added to list: 36736
name added to list: 36737
name added to list: 36738
name added to list: 36739
name added to list: 36740
name added to list: 36741
name added to list: 36742
name added to list: 36743
name added to list: 36744
name added to list: 36745
name added to list: 36746
name added to list: 36747
name added to list: 36748
name added to list: 36749
name added to list: 36750
name added to list: 36751
name added to list: 36752
name added to list: 36753
name added to list: 36754
name added to list: 36755
name added to list: 36756
name added to list: 36757
name added to list: 36758
name added to list: 36759
name added to list: 36760
name added to list: 36761
name added to list: 36762
name added to list: 36763
name added to list: 36764
name added to list: 36765
name added to list: 36766
name added to list: 36767
name added to list: 36768
name added to list: 36769
name added to list: 36770
name added to list: 36771
name added to list: 36772
name added to list: 36773
name added to list: 36774
name added to list: 36775
name added to list: 36776
name added to list: 36777
name added to list: 36778
name added to list: 36779
name added to list: 36780
name added to list: 36781
name added to list: 36782
name added to list: 36783
name added to list: 36784
name added to list: 36785
name added to list: 36786
name added to list: 36787
name added to list: 36788
name added to list: 36789
name added to list: 36790
name added to list: 36791
name added to list: 36792
name added to list: 36793
name added to list: 36794
name added to list: 36795
name added to list: 36796
name added to list: 36797
name added to list: 36798
name added to list: 36799
name added to list: 36800
name added to list: 36801
name added to list: 36802
name added to list: 36803
name added to list: 36804
name added to list: 36805
name added to list: 36806
name added to list: 36807
name added to list: 36808
name added to list: 36809
name added to list: 36810
name added to list: 36811
name added to list: 36812
name added to list: 36813
name added to list: 36814
name added to list: 36815
name added to list: 36816
name added to list: 36817
name added to list: 36818
name added to list: 36819
name added to list: 36820
name added to list: 36821
name added to list: 36822
name added to list: 36823
name added to list: 36824
name added to list: 36825
name added to list: 36826
name added to list: 36827
name added to list: 36828
name added to list: 36829
name added to list: 36830
name added to list: 36831
name added to list: 36832
name added to list: 36833
name added to list: 36834
name added to list: 36835
name added to list: 36836
name added to list: 36837
name added to list: 36838
name added to list: 36839
name added to list: 36840
name added to list: 36841
name added to list: 36842
name added to list: 36843
name added to list: 36844
name added to list: 36845
name added to list: 36846
name added to list: 36847
name added to list: 36848
name added to list: 36849
name added to list: 36850
name added to list: 36851
name added to list: 36852
name added to list: 36853
name added to list: 36854
name added to list: 36855
name added to list: 36856
name added to list: 36857
name added to list: 36858
name added to list: 36859
name added to list: 36860
name added to list: 36861
name added to list: 36862
name added to list: 36863
name added to list: 36864
name added to list: 36865
name added to list: 36866
name added to list: 36867
name added to list: 36868
name added to list: 36869
name added to list: 36870
name added to list: 36871
name added to list: 36872
name added to list: 36873
name added to list: 36874
name added to list: 36875
name added to list: 36876
name added to list: 36877
name added to list: 36878
name added to list: 36879
name added to list: 36880
name added to list: 36881
name added to list: 36882
name added to list: 36883
name added to list: 36884
name added to list: 36885
name added to list: 36886
name added to list: 36887
name added to list: 36888
name added to list: 36889
name added to list: 36890
name added to list: 36891
name added to list: 36892
name added to list: 36893
name added to list: 36894
name added to list: 36895
name added to list: 36896
name added to list: 36897
name added to list: 36898
name added to list: 36899
name added to list: 36900
name added to list: 36901
name added to list: 36902
name added to list: 36903
name added to list: 36904
name added to list: 36905
name added to list: 36906
name added to list: 36907
name added to list: 36908
name added to list: 36909
name added to list: 36910
name added to list: 36911
name added to list: 36912
name added to list: 36913
name added to list: 36914
name added to list: 36915
name added to list: 36916
name added to list: 36917
name added to list: 36918
name added to list: 36919
name added to list: 36920
name added to list: 36921
name added to list: 36922
name added to list: 36923
name added to list: 36924
name added to list: 36925
name added to list: 36926
name added to list: 36927
name added to list: 36928
name added to list: 36929
name added to list: 36930
name added to list: 36931
name added to list: 36932
name added to list: 36933
name added to list: 36934
name added to list: 36935
name added to list: 36936
name added to list: 36937
name added to list: 36938
name added to list: 36939
name added to list: 36940
name added to list: 36941
name added to list: 36942
name added to list: 36943
name added to list: 36944
name added to list: 36945
name added to list: 36946
name added to list: 36947
name added to list: 36948
name added to list: 36949
name added to list: 36950
name added to list: 36951
name added to list: 36952
name added to list: 36953
name added to list: 36954
name added to list: 36955
name added to list: 36956
name added to list: 36957
name added to list: 36958
name added to list: 36959
name added to list: 36960
name added to list: 36961
name added to list: 36962
name added to list: 36963
name added to list: 36964
name added to list: 36965
name added to list: 36966
name added to list: 36967
name added to list: 36968
name added to list: 36969
name added to list: 36970
name added to list: 36971
name added to list: 36972
name added to list: 36973
name added to list: 36974
name added to list: 36975
name added to list: 36976
name added to list: 36977
name added to list: 36978
name added to list: 36979
name added to list: 36980
name added to list: 36981
name added to list: 36982
name added to list: 36983
name added to list: 36984
name added to list: 36985
name added to list: 36986
name added to list: 36987
name added to list: 36988
name added to list: 36989
name added to list: 36990
name added to list: 36991
name added to list: 36992
name added to list: 36993
name added to list: 36994
name added to list: 36995
name added to list: 36996
name added to list: 36997
name added to list: 36998
name added to list: 36999
name added to list: 37000
name added to list: 37001
name added to list: 37002
name added to list: 37003
name added to list: 37004
name added to list: 37005
name added to list: 37006
name added to list: 37007
name added to list: 37008
name added to list: 37009
name added to list: 37010
name added to list: 37011
name added to list: 37012
name added to list: 37013
name added to list: 37014
name added to list: 37015
name added to list: 37016
name added to list: 37017
name added to list: 37018
name added to list: 37019
name added to list: 37020
name added to list: 37021
name added to list: 37022
name added to list: 37023
name added to list: 37024
name added to list: 37025
name added to list: 37026
name added to list: 37027
name added to list: 37028
name added to list: 37029
name added to list: 37030
name added to list: 37031
name added to list: 37032
name added to list: 37033
name added to list: 37034
name added to list: 37035
name added to list: 37036
name added to list: 37037
name added to list: 37038
name added to list: 37039
name added to list: 37040
name added to list: 37041
name added to list: 37042
name added to list: 37043
name added to list: 37044
name added to list: 37045
name added to list: 37046
name added to list: 37047
name added to list: 37048
name added to list: 37049
name added to list: 37050
name added to list: 37051
name added to list: 37052
name added to list: 37053
name added to list: 37054
name added to list: 37055
name added to list: 37056
name added to list: 37057
name added to list: 37058
name added to list: 37059
name added to list: 37060
name added to list: 37061
name added to list: 37062
name added to list: 37063
name added to list: 37064
name added to list: 37065
name added to list: 37066
name added to list: 37067
name added to list: 37068
name added to list: 37069
name added to list: 37070
name added to list: 37071
name added to list: 37072
name added to list: 37073
name added to list: 37074
name added to list: 37075
name added to list: 37076
name added to list: 37077
name added to list: 37078
name added to list: 37079
name added to list: 37080
name added to list: 37081
name added to list: 37082
name added to list: 37083
name added to list: 37084
name added to list: 37085
name added to list: 37086
name added to list: 37087
name added to list: 37088
name added to list: 37089
name added to list: 37090
name added to list: 37091
name added to list: 37092
name added to list: 37093
name added to list: 37094
name added to list: 37095
name added to list: 37096
name added to list: 37097
name added to list: 37098
name added to list: 37099
name added to list: 37100
name added to list: 37101
name added to list: 37102
name added to list: 37103
name added to list: 37104
name added to list: 37105
name added to list: 37106
name added to list: 37107
name added to list: 37108
name added to list: 37109
name added to list: 37110
name added to list: 37111
name added to list: 37112
name added to list: 37113
name added to list: 37114
name added to list: 37115
name added to list: 37116
name added to list: 37117
name added to list: 37118
name added to list: 37119
name added to list: 37120
name added to list: 37121
name added to list: 37122
name added to list: 37123
name added to list: 37124
name added to list: 37125
name added to list: 37126
name added to list: 37127
name added to list: 37128
name added to list: 37129
name added to list: 37130
name added to list: 37131
name added to list: 37132
name added to list: 37133
name added to list: 37134
name added to list: 37135
name added to list: 37136
name added to list: 37137
name added to list: 37138
name added to list: 37139
name added to list: 37140
name added to list: 37141
name added to list: 37142
name added to list: 37143
name added to list: 37144
name added to list: 37145
name added to list: 37146
name added to list: 37147
name added to list: 37148
name added to list: 37149
name added to list: 37150
name added to list: 37151
name added to list: 37152
name added to list: 37153
name added to list: 37154
name added to list: 37155
name added to list: 37156
name added to list: 37157
name added to list: 37158
name added to list: 37159
name added to list: 37160
name added to list: 37161
name added to list: 37162
name added to list: 37163
name added to list: 37164
name added to list: 37165
name added to list: 37166
name added to list: 37167
name added to list: 37168
name added to list: 37169
name added to list: 37170
name added to list: 37171
name added to list: 37172
name added to list: 37173
name added to list: 37174
name added to list: 37175
name added to list: 37176
name added to list: 37177
name added to list: 37178
name added to list: 37179
name added to list: 37180
name added to list: 37181
name added to list: 37182
name added to list: 37183
name added to list: 37184
name added to list: 37185
name added to list: 37186
name added to list: 37187
name added to list: 37188
name added to list: 37189
name added to list: 37190
name added to list: 37191
name added to list: 37192
name added to list: 37193
name added to list: 37194
name added to list: 37195
name added to list: 37196
name added to list: 37197
name added to list: 37198
name added to list: 37199
name added to list: 37200
name added to list: 37201
name added to list: 37202
name added to list: 37203
name added to list: 37204
name added to list: 37205
name added to list: 37206
name added to list: 37207
name added to list: 37208
name added to list: 37209
name added to list: 37210
name added to list: 37211
name added to list: 37212
name added to list: 37213
name added to list: 37214
name added to list: 37215
name added to list: 37216
name added to list: 37217
name added to list: 37218
name added to list: 37219
name added to list: 37220
name added to list: 37221
name added to list: 37222
name added to list: 37223
name added to list: 37224
name added to list: 37225
name added to list: 37226
name added to list: 37227
name added to list: 37228
name added to list: 37229
name added to list: 37230
name added to list: 37231
name added to list: 37232
name added to list: 37233
name added to list: 37234
name added to list: 37235
name added to list: 37236
name added to list: 37237
name added to list: 37238
name added to list: 37239
name added to list: 37240
name added to list: 37241
name added to list: 37242
name added to list: 37243
name added to list: 37244
name added to list: 37245
name added to list: 37246
name added to list: 37247
name added to list: 37248
name added to list: 37249
name added to list: 37250
name added to list: 37251
name added to list: 37252
name added to list: 37253
name added to list: 37254
name added to list: 37255
name added to list: 37256
name added to list: 37257
name added to list: 37258
name added to list: 37259
name added to list: 37260
name added to list: 37261
name added to list: 37262
name added to list: 37263
name added to list: 37264
name added to list: 37265
name added to list: 37266
name added to list: 37267
name added to list: 37268
name added to list: 37269
name added to list: 37270
name added to list: 37271
name added to list: 37272
name added to list: 37273
name added to list: 37274
name added to list: 37275
name added to list: 37276
name added to list: 37277
name added to list: 37278
name added to list: 37279
name added to list: 37280
name added to list: 37281
name added to list: 37282
name added to list: 37283
name added to list: 37284
name added to list: 37285
name added to list: 37286
name added to list: 37287
name added to list: 37288
name added to list: 37289
name added to list: 37290
name added to list: 37291
name added to list: 37292
name added to list: 37293
name added to list: 37294
name added to list: 37295
name added to list: 37296
name added to list: 37297
name added to list: 37298
name added to list: 37299
name added to list: 37300
name added to list: 37301
name added to list: 37302
name added to list: 37303
name added to list: 37304
name added to list: 37305
name added to list: 37306
name added to list: 37307
name added to list: 37308
name added to list: 37309
name added to list: 37310
name added to list: 37311
name added to list: 37312
name added to list: 37313
name added to list: 37314
name added to list: 37315
name added to list: 37316
name added to list: 37317
name added to list: 37318
name added to list: 37319
name added to list: 37320
name added to list: 37321
name added to list: 37322
name added to list: 37323
name added to list: 37324
name added to list: 37325
name added to list: 37326
name added to list: 37327
name added to list: 37328
name added to list: 37329
name added to list: 37330
name added to list: 37331
name added to list: 37332
name added to list: 37333
name added to list: 37334
name added to list: 37335
name added to list: 37336
name added to list: 37337
name added to list: 37338
name added to list: 37339
name added to list: 37340
name added to list: 37341
name added to list: 37342
name added to list: 37343
name added to list: 37344
name added to list: 37345
name added to list: 37346
name added to list: 37347
name added to list: 37348
name added to list: 37349
name added to list: 37350
name added to list: 37351
name added to list: 37352
name added to list: 37353
name added to list: 37354
name added to list: 37355
name added to list: 37356
name added to list: 37357
name added to list: 37358
name added to list: 37359
name added to list: 37360
name added to list: 37361
name added to list: 37362
name added to list: 37363
name added to list: 37364
name added to list: 37365
name added to list: 37366
name added to list: 37367
name added to list: 37368
name added to list: 37369
name added to list: 37370
name added to list: 37371
name added to list: 37372
name added to list: 37373
name added to list: 37374
name added to list: 37375
name added to list: 37376
name added to list: 37377
name added to list: 37378
name added to list: 37379
name added to list: 37380
name added to list: 37381
name added to list: 37382
name added to list: 37383
name added to list: 37384
name added to list: 37385
name added to list: 37386
name added to list: 37387
name added to list: 37388
name added to list: 37389
name added to list: 37390
name added to list: 37391
name added to list: 37392
name added to list: 37393
name added to list: 37394
name added to list: 37395
name added to list: 37396
name added to list: 37397
name added to list: 37398
name added to list: 37399
name added to list: 37400
name added to list: 37401
name added to list: 37402
name added to list: 37403
name added to list: 37404
name added to list: 37405
name added to list: 37406
name added to list: 37407
name added to list: 37408
name added to list: 37409
name added to list: 37410
name added to list: 37411
name added to list: 37412
name added to list: 37413
name added to list: 37414
name added to list: 37415
name added to list: 37416
name added to list: 37417
name added to list: 37418
name added to list: 37419
name added to list: 37420
name added to list: 37421
name added to list: 37422
name added to list: 37423
name added to list: 37424
name added to list: 37425
name added to list: 37426
name added to list: 37427
name added to list: 37428
name added to list: 37429
name added to list: 37430
name added to list: 37431
name added to list: 37432
name added to list: 37433
name added to list: 37434
name added to list: 37435
name added to list: 37436
name added to list: 37437
name added to list: 37438
name added to list: 37439
name added to list: 37440
name added to list: 37441
name added to list: 37442
name added to list: 37443
name added to list: 37444
name added to list: 37445
name added to list: 37446
name added to list: 37447
name added to list: 37448
name added to list: 37449
name added to list: 37450
name added to list: 37451
name added to list: 37452
name added to list: 37453
name added to list: 37454
name added to list: 37455
name added to list: 37456
name added to list: 37457
name added to list: 37458
name added to list: 37459
name added to list: 37460
name added to list: 37461
name added to list: 37462
name added to list: 37463
name added to list: 37464
name added to list: 37465
name added to list: 37466
name added to list: 37467
name added to list: 37468
name added to list: 37469
name added to list: 37470
name added to list: 37471
name added to list: 37472
name added to list: 37473
name added to list: 37474
name added to list: 37475
name added to list: 37476
name added to list: 37477
name added to list: 37478
name added to list: 37479
name added to list: 37480
name added to list: 37481
name added to list: 37482
name added to list: 37483
name added to list: 37484
name added to list: 37485
name added to list: 37486
name added to list: 37487
name added to list: 37488
name added to list: 37489
name added to list: 37490
name added to list: 37491
name added to list: 37492
name added to list: 37493
name added to list: 37494
name added to list: 37495
name added to list: 37496
name added to list: 37497
name added to list: 37498
name added to list: 37499
name added to list: 37500
name added to list: 37501
name added to list: 37502
name added to list: 37503
name added to list: 37504
name added to list: 37505
name added to list: 37506
name added to list: 37507
name added to list: 37508
name added to list: 37509
name added to list: 37510
name added to list: 37511
name added to list: 37512
name added to list: 37513
name added to list: 37514
name added to list: 37515
name added to list: 37516
name added to list: 37517
name added to list: 37518
name added to list: 37519
name added to list: 37520
name added to list: 37521
name added to list: 37522
name added to list: 37523
name added to list: 37524
name added to list: 37525
name added to list: 37526
name added to list: 37527
name added to list: 37528
name added to list: 37529
name added to list: 37530
name added to list: 37531
name added to list: 37532
name added to list: 37533
name added to list: 37534
name added to list: 37535
name added to list: 37536
name added to list: 37537
name added to list: 37538
name added to list: 37539
name added to list: 37540
name added to list: 37541
name added to list: 37542
name added to list: 37543
name added to list: 37544
name added to list: 37545
name added to list: 37546
name added to list: 37547
name added to list: 37548
name added to list: 37549
name added to list: 37550
name added to list: 37551
name added to list: 37552
name added to list: 37553
name added to list: 37554
name added to list: 37555
name added to list: 37556
name added to list: 37557
name added to list: 37558
name added to list: 37559
name added to list: 37560
name added to list: 37561
name added to list: 37562
name added to list: 37563
name added to list: 37564
name added to list: 37565
name added to list: 37566
name added to list: 37567
name added to list: 37568
name added to list: 37569
name added to list: 37570
name added to list: 37571
name added to list: 37572
name added to list: 37573
name added to list: 37574
name added to list: 37575
name added to list: 37576
name added to list: 37577
name added to list: 37578
name added to list: 37579
name added to list: 37580
name added to list: 37581
name added to list: 37582
name added to list: 37583
name added to list: 37584
name added to list: 37585
name added to list: 37586
name added to list: 37587
name added to list: 37588
name added to list: 37589
name added to list: 37590
name added to list: 37591
name added to list: 37592
name added to list: 37593
name added to list: 37594
name added to list: 37595
name added to list: 37596
name added to list: 37597
name added to list: 37598
name added to list: 37599
name added to list: 37600
name added to list: 37601
name added to list: 37602
name added to list: 37603
name added to list: 37604
name added to list: 37605
name added to list: 37606
name added to list: 37607
name added to list: 37608
name added to list: 37609
name added to list: 37610
name added to list: 37611
name added to list: 37612
name added to list: 37613
name added to list: 37614
name added to list: 37615
name added to list: 37616
name added to list: 37617
name added to list: 37618
name added to list: 37619
name added to list: 37620
name added to list: 37621
name added to list: 37622
name added to list: 37623
name added to list: 37624
name added to list: 37625
name added to list: 37626
name added to list: 37627
name added to list: 37628
name added to list: 37629
name added to list: 37630
name added to list: 37631
name added to list: 37632
name added to list: 37633
name added to list: 37634
name added to list: 37635
name added to list: 37636
name added to list: 37637
name added to list: 37638
name added to list: 37639
name added to list: 37640
name added to list: 37641
name added to list: 37642
name added to list: 37643
name added to list: 37644
name added to list: 37645
name added to list: 37646
name added to list: 37647
name added to list: 37648
name added to list: 37649
name added to list: 37650
name added to list: 37651
name added to list: 37652
name added to list: 37653
name added to list: 37654
name added to list: 37655
name added to list: 37656
name added to list: 37657
name added to list: 37658
name added to list: 37659
name added to list: 37660
name added to list: 37661
name added to list: 37662
name added to list: 37663
name added to list: 37664
name added to list: 37665
name added to list: 37666
name added to list: 37667
name added to list: 37668
name added to list: 37669
name added to list: 37670
name added to list: 37671
name added to list: 37672
name added to list: 37673
name added to list: 37674
name added to list: 37675
name added to list: 37676
name added to list: 37677
name added to list: 37678
name added to list: 37679
name added to list: 37680
name added to list: 37681
name added to list: 37682
name added to list: 37683
name added to list: 37684
name added to list: 37685
name added to list: 37686
name added to list: 37687
name added to list: 37688
name added to list: 37689
name added to list: 37690
name added to list: 37691
name added to list: 37692
name added to list: 37693
name added to list: 37694
name added to list: 37695
name added to list: 37696
name added to list: 37697
name added to list: 37698
name added to list: 37699
name added to list: 37700
name added to list: 37701
name added to list: 37702
name added to list: 37703
name added to list: 37704
name added to list: 37705
name added to list: 37706
name added to list: 37707
name added to list: 37708
name added to list: 37709
name added to list: 37710
name added to list: 37711
name added to list: 37712
name added to list: 37713
name added to list: 37714
name added to list: 37715
name added to list: 37716
name added to list: 37717
name added to list: 37718
name added to list: 37719
name added to list: 37720
name added to list: 37721
name added to list: 37722
name added to list: 37723
name added to list: 37724
name added to list: 37725
name added to list: 37726
name added to list: 37727
name added to list: 37728
name added to list: 37729
name added to list: 37730
name added to list: 37731
name added to list: 37732
name added to list: 37733
name added to list: 37734
name added to list: 37735
name added to list: 37736
name added to list: 37737
name added to list: 37738
name added to list: 37739
name added to list: 37740
name added to list: 37741
name added to list: 37742
name added to list: 37743
name added to list: 37744
name added to list: 37745
name added to list: 37746
name added to list: 37747
name added to list: 37748
name added to list: 37749
name added to list: 37750
name added to list: 37751
name added to list: 37752
name added to list: 37753
name added to list: 37754
name added to list: 37755
name added to list: 37756
name added to list: 37757
name added to list: 37758
name added to list: 37759
name added to list: 37760
name added to list: 37761
name added to list: 37762
name added to list: 37763
name added to list: 37764
name added to list: 37765
name added to list: 37766
name added to list: 37767
name added to list: 37768
name added to list: 37769
name added to list: 37770
name added to list: 37771
name added to list: 37772
name added to list: 37773
name added to list: 37774
name added to list: 37775
name added to list: 37776
name added to list: 37777
name added to list: 37778
name added to list: 37779
name added to list: 37780
name added to list: 37781
name added to list: 37782
name added to list: 37783
name added to list: 37784
name added to list: 37785
name added to list: 37786
name added to list: 37787
name added to list: 37788
name added to list: 37789
name added to list: 37790
name added to list: 37791
name added to list: 37792
name added to list: 37793
name added to list: 37794
name added to list: 37795
name added to list: 37796
name added to list: 37797
name added to list: 37798
name added to list: 37799
name added to list: 37800
name added to list: 37801
name added to list: 37802
name added to list: 37803
name added to list: 37804
name added to list: 37805
name added to list: 37806
name added to list: 37807
name added to list: 37808
name added to list: 37809
name added to list: 37810
name added to list: 37811
name added to list: 37812
name added to list: 37813
name added to list: 37814
name added to list: 37815
name added to list: 37816
name added to list: 37817
name added to list: 37818
name added to list: 37819
name added to list: 37820
name added to list: 37821
name added to list: 37822
name added to list: 37823
name added to list: 37824
name added to list: 37825
name added to list: 37826
name added to list: 37827
name added to list: 37828
name added to list: 37829
name added to list: 37830
name added to list: 37831
name added to list: 37832
name added to list: 37833
name added to list: 37834
name added to list: 37835
name added to list: 37836
name added to list: 37837
name added to list: 37838
name added to list: 37839
name added to list: 37840
name added to list: 37841
name added to list: 37842
name added to list: 37843
name added to list: 37844
name added to list: 37845
name added to list: 37846
name added to list: 37847
name added to list: 37848
name added to list: 37849
name added to list: 37850
name added to list: 37851
name added to list: 37852
name added to list: 37853
name added to list: 37854
name added to list: 37855
name added to list: 37856
name added to list: 37857
name added to list: 37858
name added to list: 37859
name added to list: 37860
name added to list: 37861
name added to list: 37862
name added to list: 37863
name added to list: 37864
name added to list: 37865
name added to list: 37866
name added to list: 37867
name added to list: 37868
name added to list: 37869
name added to list: 37870
name added to list: 37871
name added to list: 37872
name added to list: 37873
name added to list: 37874
name added to list: 37875
name added to list: 37876
name added to list: 37877
name added to list: 37878
name added to list: 37879
name added to list: 37880
name added to list: 37881
name added to list: 37882
name added to list: 37883
name added to list: 37884
name added to list: 37885
name added to list: 37886
name added to list: 37887
name added to list: 37888
name added to list: 37889
name added to list: 37890
name added to list: 37891
name added to list: 37892
name added to list: 37893
name added to list: 37894
name added to list: 37895
name added to list: 37896
name added to list: 37897
name added to list: 37898
name added to list: 37899
name added to list: 37900
name added to list: 37901
name added to list: 37902
name added to list: 37903
name added to list: 37904
name added to list: 37905
name added to list: 37906
name added to list: 37907
name added to list: 37908
name added to list: 37909
name added to list: 37910
name added to list: 37911
name added to list: 37912
name added to list: 37913
name added to list: 37914
name added to list: 37915
name added to list: 37916
name added to list: 37917
name added to list: 37918
name added to list: 37919
name added to list: 37920
name added to list: 37921
name added to list: 37922
name added to list: 37923
name added to list: 37924
name added to list: 37925
name added to list: 37926
name added to list: 37927
name added to list: 37928
name added to list: 37929
name added to list: 37930
name added to list: 37931
name added to list: 37932
name added to list: 37933
name added to list: 37934
name added to list: 37935
name added to list: 37936
name added to list: 37937
name added to list: 37938
name added to list: 37939
name added to list: 37940
name added to list: 37941
name added to list: 37942
name added to list: 37943
name added to list: 37944
name added to list: 37945
name added to list: 37946
name added to list: 37947
name added to list: 37948
name added to list: 37949
name added to list: 37950
name added to list: 37951
name added to list: 37952
name added to list: 37953
name added to list: 37954
name added to list: 37955
name added to list: 37956
name added to list: 37957
name added to list: 37958
name added to list: 37959
name added to list: 37960
name added to list: 37961
name added to list: 37962
name added to list: 37963
name added to list: 37964
name added to list: 37965
name added to list: 37966
name added to list: 37967
name added to list: 37968
name added to list: 37969
name added to list: 37970
name added to list: 37971
name added to list: 37972
name added to list: 37973
name added to list: 37974
name added to list: 37975
name added to list: 37976
name added to list: 37977
name added to list: 37978
name added to list: 37979
name added to list: 37980
name added to list: 37981
name added to list: 37982
name added to list: 37983
name added to list: 37984
name added to list: 37985
name added to list: 37986
name added to list: 37987
name added to list: 37988
name added to list: 37989
name added to list: 37990
name added to list: 37991
name added to list: 37992
name added to list: 37993
name added to list: 37994
name added to list: 37995
name added to list: 37996
name added to list: 37997
name added to list: 37998
name added to list: 37999
name added to list: 38000
name added to list: 38001
name added to list: 38002
name added to list: 38003
name added to list: 38004
name added to list: 38005
name added to list: 38006
name added to list: 38007
name added to list: 38008
name added to list: 38009
name added to list: 38010
name added to list: 38011
name added to list: 38012
name added to list: 38013
name added to list: 38014
name added to list: 38015
name added to list: 38016
name added to list: 38017
name added to list: 38018
name added to list: 38019
name added to list: 38020
name added to list: 38021
name added to list: 38022
name added to list: 38023
name added to list: 38024
name added to list: 38025
name added to list: 38026
name added to list: 38027
name added to list: 38028
name added to list: 38029
name added to list: 38030
name added to list: 38031
name added to list: 38032
name added to list: 38033
name added to list: 38034
name added to list: 38035
name added to list: 38036
name added to list: 38037
name added to list: 38038
name added to list: 38039
name added to list: 38040
name added to list: 38041
name added to list: 38042
name added to list: 38043
name added to list: 38044
name added to list: 38045
name added to list: 38046
name added to list: 38047
name added to list: 38048
name added to list: 38049
name added to list: 38050
name added to list: 38051
name added to list: 38052
name added to list: 38053
name added to list: 38054
name added to list: 38055
name added to list: 38056
name added to list: 38057
name added to list: 38058
name added to list: 38059
name added to list: 38060
name added to list: 38061
name added to list: 38062
name added to list: 38063
name added to list: 38064
name added to list: 38065
name added to list: 38066
name added to list: 38067
name added to list: 38068
name added to list: 38069
name added to list: 38070
name added to list: 38071
name added to list: 38072
name added to list: 38073
name added to list: 38074
name added to list: 38075
name added to list: 38076
name added to list: 38077
name added to list: 38078
name added to list: 38079
name added to list: 38080
name added to list: 38081
name added to list: 38082
name added to list: 38083
name added to list: 38084
name added to list: 38085
name added to list: 38086
name added to list: 38087
name added to list: 38088
name added to list: 38089
name added to list: 38090
name added to list: 38091
name added to list: 38092
name added to list: 38093
name added to list: 38094
name added to list: 38095
name added to list: 38096
name added to list: 38097
name added to list: 38098
name added to list: 38099
name added to list: 38100
name added to list: 38101
name added to list: 38102
name added to list: 38103
name added to list: 38104
name added to list: 38105
name added to list: 38106
name added to list: 38107
name added to list: 38108
name added to list: 38109
name added to list: 38110
name added to list: 38111
name added to list: 38112
name added to list: 38113
name added to list: 38114
name added to list: 38115
name added to list: 38116
name added to list: 38117
name added to list: 38118
name added to list: 38119
name added to list: 38120
name added to list: 38121
name added to list: 38122
name added to list: 38123
name added to list: 38124
name added to list: 38125
name added to list: 38126
name added to list: 38127
name added to list: 38128
name added to list: 38129
name added to list: 38130
name added to list: 38131
name added to list: 38132
name added to list: 38133
name added to list: 38134
name added to list: 38135
name added to list: 38136
name added to list: 38137
name added to list: 38138
name added to list: 38139
name added to list: 38140
name added to list: 38141
name added to list: 38142
name added to list: 38143
name added to list: 38144
name added to list: 38145
name added to list: 38146
name added to list: 38147
name added to list: 38148
name added to list: 38149
name added to list: 38150
name added to list: 38151
name added to list: 38152
name added to list: 38153
name added to list: 38154
name added to list: 38155
name added to list: 38156
name added to list: 38157
name added to list: 38158
name added to list: 38159
name added to list: 38160
name added to list: 38161
name added to list: 38162
name added to list: 38163
name added to list: 38164
name added to list: 38165
name added to list: 38166
name added to list: 38167
name added to list: 38168
name added to list: 38169
name added to list: 38170
name added to list: 38171
name added to list: 38172
name added to list: 38173
name added to list: 38174
name added to list: 38175
name added to list: 38176
name added to list: 38177
name added to list: 38178
name added to list: 38179
name added to list: 38180
name added to list: 38181
name added to list: 38182
name added to list: 38183
name added to list: 38184
name added to list: 38185
name added to list: 38186
name added to list: 38187
name added to list: 38188
name added to list: 38189
name added to list: 38190
name added to list: 38191
name added to list: 38192
name added to list: 38193
name added to list: 38194
name added to list: 38195
name added to list: 38196
name added to list: 38197
name added to list: 38198
name added to list: 38199
name added to list: 38200
name added to list: 38201
name added to list: 38202
name added to list: 38203
name added to list: 38204
name added to list: 38205
name added to list: 38206
name added to list: 38207
name added to list: 38208
name added to list: 38209
name added to list: 38210
name added to list: 38211
name added to list: 38212
name added to list: 38213
name added to list: 38214
name added to list: 38215
name added to list: 38216
name added to list: 38217
name added to list: 38218
name added to list: 38219
name added to list: 38220
name added to list: 38221
name added to list: 38222
name added to list: 38223
name added to list: 38224
name added to list: 38225
name added to list: 38226
name added to list: 38227
name added to list: 38228
name added to list: 38229
name added to list: 38230
name added to list: 38231
name added to list: 38232
name added to list: 38233
name added to list: 38234
name added to list: 38235
name added to list: 38236
name added to list: 38237
name added to list: 38238
name added to list: 38239
name added to list: 38240
name added to list: 38241
name added to list: 38242
name added to list: 38243
name added to list: 38244
name added to list: 38245
name added to list: 38246
name added to list: 38247
name added to list: 38248
name added to list: 38249
name added to list: 38250
name added to list: 38251
name added to list: 38252
name added to list: 38253
name added to list: 38254
name added to list: 38255
name added to list: 38256
name added to list: 38257
name added to list: 38258
name added to list: 38259
name added to list: 38260
name added to list: 38261
name added to list: 38262
name added to list: 38263
name added to list: 38264
name added to list: 38265
name added to list: 38266
name added to list: 38267
name added to list: 38268
name added to list: 38269
name added to list: 38270
name added to list: 38271
name added to list: 38272
name added to list: 38273
name added to list: 38274
name added to list: 38275
name added to list: 38276
name added to list: 38277
name added to list: 38278
name added to list: 38279
name added to list: 38280
name added to list: 38281
name added to list: 38282
name added to list: 38283
name added to list: 38284
name added to list: 38285
name added to list: 38286
name added to list: 38287
name added to list: 38288
name added to list: 38289
name added to list: 38290
name added to list: 38291
name added to list: 38292
name added to list: 38293
name added to list: 38294
name added to list: 38295
name added to list: 38296
name added to list: 38297
name added to list: 38298
name added to list: 38299
name added to list: 38300
name added to list: 38301
name added to list: 38302
name added to list: 38303
name added to list: 38304
name added to list: 38305
name added to list: 38306
name added to list: 38307
name added to list: 38308
name added to list: 38309
name added to list: 38310
name added to list: 38311
name added to list: 38312
name added to list: 38313
name added to list: 38314
name added to list: 38315
name added to list: 38316
name added to list: 38317
name added to list: 38318
name added to list: 38319
name added to list: 38320
name added to list: 38321
name added to list: 38322
name added to list: 38323
name added to list: 38324
name added to list: 38325
name added to list: 38326
name added to list: 38327
name added to list: 38328
name added to list: 38329
name added to list: 38330
name added to list: 38331
name added to list: 38332
name added to list: 38333
name added to list: 38334
name added to list: 38335
name added to list: 38336
name added to list: 38337
name added to list: 38338
name added to list: 38339
name added to list: 38340
name added to list: 38341
name added to list: 38342
name added to list: 38343
name added to list: 38344
name added to list: 38345
name added to list: 38346
name added to list: 38347
name added to list: 38348
name added to list: 38349
name added to list: 38350
name added to list: 38351
name added to list: 38352
name added to list: 38353
name added to list: 38354
name added to list: 38355
name added to list: 38356
name added to list: 38357
name added to list: 38358
name added to list: 38359
name added to list: 38360
name added to list: 38361
name added to list: 38362
name added to list: 38363
name added to list: 38364
name added to list: 38365
name added to list: 38366
name added to list: 38367
name added to list: 38368
name added to list: 38369
name added to list: 38370
name added to list: 38371
name added to list: 38372
name added to list: 38373
name added to list: 38374
name added to list: 38375
name added to list: 38376
name added to list: 38377
name added to list: 38378
name added to list: 38379
name added to list: 38380
name added to list: 38381
name added to list: 38382
name added to list: 38383
name added to list: 38384
name added to list: 38385
name added to list: 38386
name added to list: 38387
name added to list: 38388
name added to list: 38389
name added to list: 38390
name added to list: 38391
name added to list: 38392
name added to list: 38393
name added to list: 38394
name added to list: 38395
name added to list: 38396
name added to list: 38397
name added to list: 38398
name added to list: 38399
name added to list: 38400
name added to list: 38401
name added to list: 38402
name added to list: 38403
name added to list: 38404
name added to list: 38405
name added to list: 38406
name added to list: 38407
name added to list: 38408
name added to list: 38409
name added to list: 38410
name added to list: 38411
name added to list: 38412
name added to list: 38413
name added to list: 38414
name added to list: 38415
name added to list: 38416
name added to list: 38417
name added to list: 38418
name added to list: 38419
name added to list: 38420
name added to list: 38421
name added to list: 38422
name added to list: 38423
name added to list: 38424
name added to list: 38425
name added to list: 38426
name added to list: 38427
name added to list: 38428
name added to list: 38429
name added to list: 38430
name added to list: 38431
name added to list: 38432
name added to list: 38433
name added to list: 38434
name added to list: 38435
name added to list: 38436
name added to list: 38437
name added to list: 38438
name added to list: 38439
name added to list: 38440
name added to list: 38441
name added to list: 38442
name added to list: 38443
name added to list: 38444
name added to list: 38445
name added to list: 38446
name added to list: 38447
name added to list: 38448
name added to list: 38449
name added to list: 38450
name added to list: 38451
name added to list: 38452
name added to list: 38453
name added to list: 38454
name added to list: 38455
name added to list: 38456
name added to list: 38457
name added to list: 38458
name added to list: 38459
name added to list: 38460
name added to list: 38461
name added to list: 38462
name added to list: 38463
name added to list: 38464
name added to list: 38465
name added to list: 38466
name added to list: 38467
name added to list: 38468
name added to list: 38469
name added to list: 38470
name added to list: 38471
name added to list: 38472
name added to list: 38473
name added to list: 38474
name added to list: 38475
name added to list: 38476
name added to list: 38477
name added to list: 38478
name added to list: 38479
name added to list: 38480
name added to list: 38481
name added to list: 38482
name added to list: 38483
name added to list: 38484
name added to list: 38485
name added to list: 38486
name added to list: 38487
name added to list: 38488
name added to list: 38489
name added to list: 38490
name added to list: 38491
name added to list: 38492
name added to list: 38493
name added to list: 38494
name added to list: 38495
name added to list: 38496
name added to list: 38497
name added to list: 38498
name added to list: 38499
name added to list: 38500
name added to list: 38501
name added to list: 38502
name added to list: 38503
name added to list: 38504
name added to list: 38505
name added to list: 38506
name added to list: 38507
name added to list: 38508
name added to list: 38509
name added to list: 38510
name added to list: 38511
name added to list: 38512
name added to list: 38513
name added to list: 38514
name added to list: 38515
name added to list: 38516
name added to list: 38517
name added to list: 38518
name added to list: 38519
name added to list: 38520
name added to list: 38521
name added to list: 38522
name added to list: 38523
name added to list: 38524
name added to list: 38525
name added to list: 38526
name added to list: 38527
name added to list: 38528
name added to list: 38529
name added to list: 38530
name added to list: 38531
name added to list: 38532
name added to list: 38533
name added to list: 38534
name added to list: 38535
name added to list: 38536
name added to list: 38537
name added to list: 38538
name added to list: 38539
name added to list: 38540
name added to list: 38541
name added to list: 38542
name added to list: 38543
name added to list: 38544
name added to list: 38545
name added to list: 38546
name added to list: 38547
name added to list: 38548
name added to list: 38549
name added to list: 38550
name added to list: 38551
name added to list: 38552
name added to list: 38553
name added to list: 38554
name added to list: 38555
name added to list: 38556
name added to list: 38557
name added to list: 38558
name added to list: 38559
name added to list: 38560
name added to list: 38561
name added to list: 38562
name added to list: 38563
name added to list: 38564
name added to list: 38565
name added to list: 38566
name added to list: 38567
name added to list: 38568
name added to list: 38569
name added to list: 38570
name added to list: 38571
name added to list: 38572
name added to list: 38573
name added to list: 38574
name added to list: 38575
name added to list: 38576
name added to list: 38577
name added to list: 38578
name added to list: 38579
name added to list: 38580
name added to list: 38581
name added to list: 38582
name added to list: 38583
name added to list: 38584
name added to list: 38585
name added to list: 38586
name added to list: 38587
name added to list: 38588
name added to list: 38589
name added to list: 38590
name added to list: 38591
name added to list: 38592
name added to list: 38593
name added to list: 38594
name added to list: 38595
name added to list: 38596
name added to list: 38597
name added to list: 38598
name added to list: 38599
name added to list: 38600
name added to list: 38601
name added to list: 38602
name added to list: 38603
name added to list: 38604
name added to list: 38605
name added to list: 38606
name added to list: 38607
name added to list: 38608
name added to list: 38609
name added to list: 38610
name added to list: 38611
name added to list: 38612
name added to list: 38613
name added to list: 38614
name added to list: 38615
name added to list: 38616
name added to list: 38617
name added to list: 38618
name added to list: 38619
name added to list: 38620
name added to list: 38621
name added to list: 38622
name added to list: 38623
name added to list: 38624
name added to list: 38625
name added to list: 38626
name added to list: 38627
name added to list: 38628
name added to list: 38629
name added to list: 38630
name added to list: 38631
name added to list: 38632
name added to list: 38633
name added to list: 38634
name added to list: 38635
name added to list: 38636
name added to list: 38637
name added to list: 38638
name added to list: 38639
name added to list: 38640
name added to list: 38641
name added to list: 38642
name added to list: 38643
name added to list: 38644
name added to list: 38645
name added to list: 38646
name added to list: 38647
name added to list: 38648
name added to list: 38649
name added to list: 38650
name added to list: 38651
name added to list: 38652
name added to list: 38653
name added to list: 38654
name added to list: 38655
name added to list: 38656
name added to list: 38657
name added to list: 38658
name added to list: 38659
name added to list: 38660
name added to list: 38661
name added to list: 38662
name added to list: 38663
name added to list: 38664
name added to list: 38665
name added to list: 38666
name added to list: 38667
name added to list: 38668
name added to list: 38669
name added to list: 38670
name added to list: 38671
name added to list: 38672
name added to list: 38673
name added to list: 38674
name added to list: 38675
name added to list: 38676
name added to list: 38677
name added to list: 38678
name added to list: 38679
name added to list: 38680
name added to list: 38681
name added to list: 38682
name added to list: 38683
name added to list: 38684
name added to list: 38685
name added to list: 38686
name added to list: 38687
name added to list: 38688
name added to list: 38689
name added to list: 38690
name added to list: 38691
name added to list: 38692
name added to list: 38693
name added to list: 38694
name added to list: 38695
name added to list: 38696
name added to list: 38697
name added to list: 38698
name added to list: 38699
name added to list: 38700
name added to list: 38701
name added to list: 38702
name added to list: 38703
name added to list: 38704
name added to list: 38705
name added to list: 38706
name added to list: 38707
name added to list: 38708
name added to list: 38709
name added to list: 38710
name added to list: 38711
name added to list: 38712
name added to list: 38713
name added to list: 38714
name added to list: 38715
name added to list: 38716
name added to list: 38717
name added to list: 38718
name added to list: 38719
name added to list: 38720
name added to list: 38721
name added to list: 38722
name added to list: 38723
name added to list: 38724
name added to list: 38725
name added to list: 38726
name added to list: 38727
name added to list: 38728
name added to list: 38729
name added to list: 38730
name added to list: 38731
name added to list: 38732
name added to list: 38733
name added to list: 38734
name added to list: 38735
name added to list: 38736
name added to list: 38737
name added to list: 38738
name added to list: 38739
name added to list: 38740
name added to list: 38741
name added to list: 38742
name added to list: 38743
name added to list: 38744
name added to list: 38745
name added to list: 38746
name added to list: 38747
name added to list: 38748
name added to list: 38749
name added to list: 38750
name added to list: 38751
name added to list: 38752
name added to list: 38753
name added to list: 38754
name added to list: 38755
name added to list: 38756
name added to list: 38757
name added to list: 38758
name added to list: 38759
name added to list: 38760
name added to list: 38761
name added to list: 38762
name added to list: 38763
name added to list: 38764
name added to list: 38765
name added to list: 38766
name added to list: 38767
name added to list: 38768
name added to list: 38769
name added to list: 38770
name added to list: 38771
name added to list: 38772
name added to list: 38773
name added to list: 38774
name added to list: 38775
name added to list: 38776
name added to list: 38777
name added to list: 38778
name added to list: 38779
name added to list: 38780
name added to list: 38781
name added to list: 38782
name added to list: 38783
name added to list: 38784
name added to list: 38785
name added to list: 38786
name added to list: 38787
name added to list: 38788
name added to list: 38789
name added to list: 38790
name added to list: 38791
name added to list: 38792
name added to list: 38793
name added to list: 38794
name added to list: 38795
name added to list: 38796
name added to list: 38797
name added to list: 38798
name added to list: 38799
name added to list: 38800
name added to list: 38801
name added to list: 38802
name added to list: 38803
name added to list: 38804
name added to list: 38805
name added to list: 38806
name added to list: 38807
name added to list: 38808
name added to list: 38809
name added to list: 38810
name added to list: 38811
name added to list: 38812
name added to list: 38813
name added to list: 38814
name added to list: 38815
name added to list: 38816
name added to list: 38817
name added to list: 38818
name added to list: 38819
name added to list: 38820
name added to list: 38821
name added to list: 38822
name added to list: 38823
name added to list: 38824
name added to list: 38825
name added to list: 38826
name added to list: 38827
name added to list: 38828
name added to list: 38829
name added to list: 38830
name added to list: 38831
name added to list: 38832
name added to list: 38833
name added to list: 38834
name added to list: 38835
name added to list: 38836
name added to list: 38837
name added to list: 38838
name added to list: 38839
name added to list: 38840
name added to list: 38841
name added to list: 38842
name added to list: 38843
name added to list: 38844
name added to list: 38845
name added to list: 38846
name added to list: 38847
name added to list: 38848
name added to list: 38849
name added to list: 38850
name added to list: 38851
name added to list: 38852
name added to list: 38853
name added to list: 38854
name added to list: 38855
name added to list: 38856
name added to list: 38857
name added to list: 38858
name added to list: 38859
name added to list: 38860
name added to list: 38861
name added to list: 38862
name added to list: 38863
name added to list: 38864
name added to list: 38865
name added to list: 38866
name added to list: 38867
name added to list: 38868
name added to list: 38869
name added to list: 38870
name added to list: 38871
name added to list: 38872
name added to list: 38873
name added to list: 38874
name added to list: 38875
name added to list: 38876
name added to list: 38877
name added to list: 38878
name added to list: 38879
name added to list: 38880
name added to list: 38881
name added to list: 38882
name added to list: 38883
name added to list: 38884
name added to list: 38885
name added to list: 38886
name added to list: 38887
name added to list: 38888
name added to list: 38889
name added to list: 38890
name added to list: 38891
name added to list: 38892
name added to list: 38893
name added to list: 38894
name added to list: 38895
name added to list: 38896
name added to list: 38897
name added to list: 38898
name added to list: 38899
name added to list: 38900
name added to list: 38901
name added to list: 38902
name added to list: 38903
name added to list: 38904
name added to list: 38905
name added to list: 38906
name added to list: 38907
name added to list: 38908
name added to list: 38909
name added to list: 38910
name added to list: 38911
name added to list: 38912
name added to list: 38913
name added to list: 38914
name added to list: 38915
name added to list: 38916
name added to list: 38917
name added to list: 38918
name added to list: 38919
name added to list: 38920
name added to list: 38921
name added to list: 38922
name added to list: 38923
name added to list: 38924
name added to list: 38925
name added to list: 38926
name added to list: 38927
name added to list: 38928
name added to list: 38929
name added to list: 38930
name added to list: 38931
name added to list: 38932
name added to list: 38933
name added to list: 38934
name added to list: 38935
name added to list: 38936
name added to list: 38937
name added to list: 38938
name added to list: 38939
name added to list: 38940
name added to list: 38941
name added to list: 38942
name added to list: 38943
name added to list: 38944
name added to list: 38945
name added to list: 38946
name added to list: 38947
name added to list: 38948
name added to list: 38949
name added to list: 38950
name added to list: 38951
name added to list: 38952
name added to list: 38953
name added to list: 38954
name added to list: 38955
name added to list: 38956
name added to list: 38957
name added to list: 38958
name added to list: 38959
name added to list: 38960
name added to list: 38961
name added to list: 38962
name added to list: 38963
name added to list: 38964
name added to list: 38965
name added to list: 38966
name added to list: 38967
name added to list: 38968
name added to list: 38969
name added to list: 38970
name added to list: 38971
name added to list: 38972
name added to list: 38973
name added to list: 38974
name added to list: 38975
name added to list: 38976
name added to list: 38977
name added to list: 38978
name added to list: 38979
name added to list: 38980
name added to list: 38981
name added to list: 38982
name added to list: 38983
name added to list: 38984
name added to list: 38985
name added to list: 38986
name added to list: 38987
name added to list: 38988
name added to list: 38989
name added to list: 38990
name added to list: 38991
name added to list: 38992
name added to list: 38993
name added to list: 38994
name added to list: 38995
name added to list: 38996
name added to list: 38997
name added to list: 38998
name added to list: 38999
name added to list: 39000
name added to list: 39001
name added to list: 39002
name added to list: 39003
name added to list: 39004
name added to list: 39005
name added to list: 39006
name added to list: 39007
name added to list: 39008
name added to list: 39009
name added to list: 39010
name added to list: 39011
name added to list: 39012
name added to list: 39013
name added to list: 39014
name added to list: 39015
name added to list: 39016
name added to list: 39017
name added to list: 39018
name added to list: 39019
name added to list: 39020
name added to list: 39021
name added to list: 39022
name added to list: 39023
name added to list: 39024
name added to list: 39025
name added to list: 39026
name added to list: 39027
name added to list: 39028
name added to list: 39029
name added to list: 39030
name added to list: 39031
name added to list: 39032
name added to list: 39033
name added to list: 39034
name added to list: 39035
name added to list: 39036
name added to list: 39037
name added to list: 39038
name added to list: 39039
name added to list: 39040
name added to list: 39041
name added to list: 39042
name added to list: 39043
name added to list: 39044
name added to list: 39045
name added to list: 39046
name added to list: 39047
name added to list: 39048
name added to list: 39049
name added to list: 39050
name added to list: 39051
name added to list: 39052
name added to list: 39053
name added to list: 39054
name added to list: 39055
name added to list: 39056
name added to list: 39057
name added to list: 39058
name added to list: 39059
name added to list: 39060
name added to list: 39061
name added to list: 39062
name added to list: 39063
name added to list: 39064
name added to list: 39065
name added to list: 39066
name added to list: 39067
name added to list: 39068
name added to list: 39069
name added to list: 39070
name added to list: 39071
name added to list: 39072
name added to list: 39073
name added to list: 39074
name added to list: 39075
name added to list: 39076
name added to list: 39077
name added to list: 39078
name added to list: 39079
name added to list: 39080
name added to list: 39081
name added to list: 39082
name added to list: 39083
name added to list: 39084
name added to list: 39085
name added to list: 39086
name added to list: 39087
name added to list: 39088
name added to list: 39089
name added to list: 39090
name added to list: 39091
name added to list: 39092
name added to list: 39093
name added to list: 39094
name added to list: 39095
name added to list: 39096
name added to list: 39097
name added to list: 39098
name added to list: 39099
name added to list: 39100
name added to list: 39101
name added to list: 39102
name added to list: 39103
name added to list: 39104
name added to list: 39105
name added to list: 39106
name added to list: 39107
name added to list: 39108
name added to list: 39109
name added to list: 39110
name added to list: 39111
name added to list: 39112
name added to list: 39113
name added to list: 39114
name added to list: 39115
name added to list: 39116
name added to list: 39117
name added to list: 39118
name added to list: 39119
name added to list: 39120
name added to list: 39121
name added to list: 39122
name added to list: 39123
name added to list: 39124
name added to list: 39125
name added to list: 39126
name added to list: 39127
name added to list: 39128
name added to list: 39129
name added to list: 39130
name added to list: 39131
name added to list: 39132
name added to list: 39133
name added to list: 39134
name added to list: 39135
name added to list: 39136
name added to list: 39137
name added to list: 39138
name added to list: 39139
name added to list: 39140
name added to list: 39141
name added to list: 39142
name added to list: 39143
name added to list: 39144
name added to list: 39145
name added to list: 39146
name added to list: 39147
name added to list: 39148
name added to list: 39149
name added to list: 39150
name added to list: 39151
name added to list: 39152
name added to list: 39153
name added to list: 39154
name added to list: 39155
name added to list: 39156
name added to list: 39157
name added to list: 39158
name added to list: 39159
name added to list: 39160
name added to list: 39161
name added to list: 39162
name added to list: 39163
name added to list: 39164
name added to list: 39165
name added to list: 39166
name added to list: 39167
name added to list: 39168
name added to list: 39169
name added to list: 39170
name added to list: 39171
name added to list: 39172
name added to list: 39173
name added to list: 39174
name added to list: 39175
name added to list: 39176
name added to list: 39177
name added to list: 39178
name added to list: 39179
name added to list: 39180
name added to list: 39181
name added to list: 39182
name added to list: 39183
name added to list: 39184
name added to list: 39185
name added to list: 39186
name added to list: 39187
name added to list: 39188
name added to list: 39189
name added to list: 39190
name added to list: 39191
name added to list: 39192
name added to list: 39193
name added to list: 39194
name added to list: 39195
name added to list: 39196
name added to list: 39197
name added to list: 39198
name added to list: 39199
name added to list: 39200
name added to list: 39201
name added to list: 39202
name added to list: 39203
name added to list: 39204
name added to list: 39205
name added to list: 39206
name added to list: 39207
name added to list: 39208
name added to list: 39209
name added to list: 39210
name added to list: 39211
name added to list: 39212
name added to list: 39213
name added to list: 39214
name added to list: 39215
name added to list: 39216
name added to list: 39217
name added to list: 39218
name added to list: 39219
name added to list: 39220
name added to list: 39221
name added to list: 39222
name added to list: 39223
name added to list: 39224
name added to list: 39225
name added to list: 39226
name added to list: 39227
name added to list: 39228
name added to list: 39229
name added to list: 39230
name added to list: 39231
name added to list: 39232
name added to list: 39233
name added to list: 39234
name added to list: 39235
name added to list: 39236
name added to list: 39237
name added to list: 39238
name added to list: 39239
name added to list: 39240
name added to list: 39241
name added to list: 39242
name added to list: 39243
name added to list: 39244
name added to list: 39245
name added to list: 39246
name added to list: 39247
name added to list: 39248
name added to list: 39249
name added to list: 39250
name added to list: 39251
name added to list: 39252
name added to list: 39253
name added to list: 39254
name added to list: 39255
name added to list: 39256
name added to list: 39257
name added to list: 39258
name added to list: 39259
name added to list: 39260
name added to list: 39261
name added to list: 39262
name added to list: 39263
name added to list: 39264
name added to list: 39265
name added to list: 39266
name added to list: 39267
name added to list: 39268
name added to list: 39269
name added to list: 39270
name added to list: 39271
name added to list: 39272
name added to list: 39273
name added to list: 39274
name added to list: 39275
name added to list: 39276
name added to list: 39277
name added to list: 39278
name added to list: 39279
name added to list: 39280
name added to list: 39281
name added to list: 39282
name added to list: 39283
name added to list: 39284
name added to list: 39285
name added to list: 39286
name added to list: 39287
name added to list: 39288
name added to list: 39289
name added to list: 39290
name added to list: 39291
name added to list: 39292
name added to list: 39293
name added to list: 39294
name added to list: 39295
name added to list: 39296
name added to list: 39297
name added to list: 39298
name added to list: 39299
name added to list: 39300
name added to list: 39301
name added to list: 39302
name added to list: 39303
name added to list: 39304
name added to list: 39305
name added to list: 39306
name added to list: 39307
name added to list: 39308
name added to list: 39309
name added to list: 39310
name added to list: 39311
name added to list: 39312
name added to list: 39313
name added to list: 39314
name added to list: 39315
name added to list: 39316
name added to list: 39317
name added to list: 39318
name added to list: 39319
name added to list: 39320
name added to list: 39321
name added to list: 39322
name added to list: 39323
name added to list: 39324
name added to list: 39325
name added to list: 39326
name added to list: 39327
name added to list: 39328
name added to list: 39329
name added to list: 39330
name added to list: 39331
name added to list: 39332
name added to list: 39333
name added to list: 39334
name added to list: 39335
name added to list: 39336
name added to list: 39337
name added to list: 39338
name added to list: 39339
name added to list: 39340
name added to list: 39341
name added to list: 39342
name added to list: 39343
name added to list: 39344
name added to list: 39345
name added to list: 39346
name added to list: 39347
name added to list: 39348
name added to list: 39349
name added to list: 39350
name added to list: 39351
name added to list: 39352
name added to list: 39353
name added to list: 39354
name added to list: 39355
name added to list: 39356
name added to list: 39357
name added to list: 39358
name added to list: 39359
name added to list: 39360
name added to list: 39361
name added to list: 39362
name added to list: 39363
name added to list: 39364
name added to list: 39365
name added to list: 39366
name added to list: 39367
name added to list: 39368
name added to list: 39369
name added to list: 39370
name added to list: 39371
name added to list: 39372
name added to list: 39373
name added to list: 39374
name added to list: 39375
name added to list: 39376
name added to list: 39377
name added to list: 39378
name added to list: 39379
name added to list: 39380
name added to list: 39381
name added to list: 39382
name added to list: 39383
name added to list: 39384
name added to list: 39385
name added to list: 39386
name added to list: 39387
name added to list: 39388
name added to list: 39389
name added to list: 39390
name added to list: 39391
name added to list: 39392
name added to list: 39393
name added to list: 39394
name added to list: 39395
name added to list: 39396
name added to list: 39397
name added to list: 39398
name added to list: 39399
name added to list: 39400
name added to list: 39401
name added to list: 39402
name added to list: 39403
name added to list: 39404
name added to list: 39405
name added to list: 39406
name added to list: 39407
name added to list: 39408
name added to list: 39409
name added to list: 39410
name added to list: 39411
name added to list: 39412
name added to list: 39413
name added to list: 39414
name added to list: 39415
name added to list: 39416
name added to list: 39417
name added to list: 39418
name added to list: 39419
name added to list: 39420
name added to list: 39421
name added to list: 39422
name added to list: 39423
name added to list: 39424
name added to list: 39425
name added to list: 39426
name added to list: 39427
name added to list: 39428
name added to list: 39429
name added to list: 39430
name added to list: 39431
name added to list: 39432
name added to list: 39433
name added to list: 39434
name added to list: 39435
name added to list: 39436
name added to list: 39437
name added to list: 39438
name added to list: 39439
name added to list: 39440
name added to list: 39441
name added to list: 39442
name added to list: 39443
name added to list: 39444
name added to list: 39445
name added to list: 39446
name added to list: 39447
name added to list: 39448
name added to list: 39449
name added to list: 39450
name added to list: 39451
name added to list: 39452
name added to list: 39453
name added to list: 39454
name added to list: 39455
name added to list: 39456
name added to list: 39457
name added to list: 39458
name added to list: 39459
name added to list: 39460
name added to list: 39461
name added to list: 39462
name added to list: 39463
name added to list: 39464
name added to list: 39465
name added to list: 39466
name added to list: 39467
name added to list: 39468
name added to list: 39469
name added to list: 39470
name added to list: 39471
name added to list: 39472
name added to list: 39473
name added to list: 39474
name added to list: 39475
name added to list: 39476
name added to list: 39477
name added to list: 39478
name added to list: 39479
name added to list: 39480
name added to list: 39481
name added to list: 39482
name added to list: 39483
name added to list: 39484
name added to list: 39485
name added to list: 39486
name added to list: 39487
name added to list: 39488
name added to list: 39489
name added to list: 39490
name added to list: 39491
name added to list: 39492
name added to list: 39493
name added to list: 39494
name added to list: 39495
name added to list: 39496
name added to list: 39497
name added to list: 39498
name added to list: 39499
name added to list: 39500
name added to list: 39501
name added to list: 39502
name added to list: 39503
name added to list: 39504
name added to list: 39505
name added to list: 39506
name added to list: 39507
name added to list: 39508
name added to list: 39509
name added to list: 39510
name added to list: 39511
name added to list: 39512
name added to list: 39513
name added to list: 39514
name added to list: 39515
name added to list: 39516
name added to list: 39517
name added to list: 39518
name added to list: 39519
name added to list: 39520
name added to list: 39521
name added to list: 39522
name added to list: 39523
name added to list: 39524
name added to list: 39525
name added to list: 39526
name added to list: 39527
name added to list: 39528
name added to list: 39529
name added to list: 39530
name added to list: 39531
name added to list: 39532
name added to list: 39533
name added to list: 39534
name added to list: 39535
name added to list: 39536
name added to list: 39537
name added to list: 39538
name added to list: 39539
name added to list: 39540
name added to list: 39541
name added to list: 39542
name added to list: 39543
name added to list: 39544
name added to list: 39545
name added to list: 39546
name added to list: 39547
name added to list: 39548
name added to list: 39549
name added to list: 39550
name added to list: 39551
name added to list: 39552
name added to list: 39553
name added to list: 39554
name added to list: 39555
name added to list: 39556
name added to list: 39557
name added to list: 39558
name added to list: 39559
name added to list: 39560
name added to list: 39561
name added to list: 39562
name added to list: 39563
name added to list: 39564
name added to list: 39565
name added to list: 39566
name added to list: 39567
name added to list: 39568
name added to list: 39569
name added to list: 39570
name added to list: 39571
name added to list: 39572
name added to list: 39573
name added to list: 39574
name added to list: 39575
name added to list: 39576
name added to list: 39577
name added to list: 39578
name added to list: 39579
name added to list: 39580
name added to list: 39581
name added to list: 39582
name added to list: 39583
name added to list: 39584
name added to list: 39585
name added to list: 39586
name added to list: 39587
name added to list: 39588
name added to list: 39589
name added to list: 39590
name added to list: 39591
name added to list: 39592
name added to list: 39593
name added to list: 39594
name added to list: 39595
name added to list: 39596
name added to list: 39597
name added to list: 39598
name added to list: 39599
name added to list: 39600
name added to list: 39601
name added to list: 39602
name added to list: 39603
name added to list: 39604
name added to list: 39605
name added to list: 39606
name added to list: 39607
name added to list: 39608
name added to list: 39609
name added to list: 39610
name added to list: 39611
name added to list: 39612
name added to list: 39613
name added to list: 39614
name added to list: 39615
name added to list: 39616
name added to list: 39617
name added to list: 39618
name added to list: 39619
name added to list: 39620
name added to list: 39621
name added to list: 39622
name added to list: 39623
name added to list: 39624
name added to list: 39625
name added to list: 39626
name added to list: 39627
name added to list: 39628
name added to list: 39629
name added to list: 39630
name added to list: 39631
name added to list: 39632
name added to list: 39633
name added to list: 39634
name added to list: 39635
name added to list: 39636
name added to list: 39637
name added to list: 39638
name added to list: 39639
name added to list: 39640
name added to list: 39641
name added to list: 39642
name added to list: 39643
name added to list: 39644
name added to list: 39645
name added to list: 39646
name added to list: 39647
name added to list: 39648
name added to list: 39649
name added to list: 39650
name added to list: 39651
name added to list: 39652
name added to list: 39653
name added to list: 39654
name added to list: 39655
name added to list: 39656
name added to list: 39657
name added to list: 39658
name added to list: 39659
name added to list: 39660
name added to list: 39661
name added to list: 39662
name added to list: 39663
name added to list: 39664
name added to list: 39665
name added to list: 39666
name added to list: 39667
name added to list: 39668
name added to list: 39669
name added to list: 39670
name added to list: 39671
name added to list: 39672
name added to list: 39673
name added to list: 39674
name added to list: 39675
name added to list: 39676
name added to list: 39677
name added to list: 39678
name added to list: 39679
name added to list: 39680
name added to list: 39681
name added to list: 39682
name added to list: 39683
name added to list: 39684
name added to list: 39685
name added to list: 39686
name added to list: 39687
name added to list: 39688
name added to list: 39689
name added to list: 39690
name added to list: 39691
name added to list: 39692
name added to list: 39693
name added to list: 39694
name added to list: 39695
name added to list: 39696
name added to list: 39697
name added to list: 39698
name added to list: 39699
name added to list: 39700
name added to list: 39701
name added to list: 39702
name added to list: 39703
name added to list: 39704
name added to list: 39705
name added to list: 39706
name added to list: 39707
name added to list: 39708
name added to list: 39709
name added to list: 39710
name added to list: 39711
name added to list: 39712
name added to list: 39713
name added to list: 39714
name added to list: 39715
name added to list: 39716
name added to list: 39717
name added to list: 39718
name added to list: 39719
name added to list: 39720
name added to list: 39721
name added to list: 39722
name added to list: 39723
name added to list: 39724
name added to list: 39725
name added to list: 39726
name added to list: 39727
name added to list: 39728
name added to list: 39729
name added to list: 39730
name added to list: 39731
name added to list: 39732
name added to list: 39733
name added to list: 39734
name added to list: 39735
name added to list: 39736
name added to list: 39737
name added to list: 39738
name added to list: 39739
name added to list: 39740
name added to list: 39741
name added to list: 39742
name added to list: 39743
name added to list: 39744
name added to list: 39745
name added to list: 39746
name added to list: 39747
name added to list: 39748
name added to list: 39749
name added to list: 39750
name added to list: 39751
name added to list: 39752
name added to list: 39753
name added to list: 39754
name added to list: 39755
name added to list: 39756
name added to list: 39757
name added to list: 39758
name added to list: 39759
name added to list: 39760
name added to list: 39761
name added to list: 39762
name added to list: 39763
name added to list: 39764
name added to list: 39765
name added to list: 39766
name added to list: 39767
name added to list: 39768
name added to list: 39769
name added to list: 39770
name added to list: 39771
name added to list: 39772
name added to list: 39773
name added to list: 39774
name added to list: 39775
name added to list: 39776
name added to list: 39777
name added to list: 39778
name added to list: 39779
name added to list: 39780
name added to list: 39781
name added to list: 39782
name added to list: 39783
name added to list: 39784
name added to list: 39785
name added to list: 39786
name added to list: 39787
name added to list: 39788
name added to list: 39789
name added to list: 39790
name added to list: 39791
name added to list: 39792
name added to list: 39793
name added to list: 39794
name added to list: 39795
name added to list: 39796
name added to list: 39797
name added to list: 39798
name added to list: 39799
name added to list: 39800
name added to list: 39801
name added to list: 39802
name added to list: 39803
name added to list: 39804
name added to list: 39805
name added to list: 39806
name added to list: 39807
name added to list: 39808
name added to list: 39809
name added to list: 39810
name added to list: 39811
name added to list: 39812
name added to list: 39813
name added to list: 39814
name added to list: 39815
name added to list: 39816
name added to list: 39817
name added to list: 39818
name added to list: 39819
name added to list: 39820
name added to list: 39821
name added to list: 39822
name added to list: 39823
name added to list: 39824
name added to list: 39825
name added to list: 39826
name added to list: 39827
name added to list: 39828
name added to list: 39829
name added to list: 39830
name added to list: 39831
name added to list: 39832
name added to list: 39833
name added to list: 39834
name added to list: 39835
name added to list: 39836
name added to list: 39837
name added to list: 39838
name added to list: 39839
name added to list: 39840
name added to list: 39841
name added to list: 39842
name added to list: 39843
name added to list: 39844
name added to list: 39845
name added to list: 39846
name added to list: 39847
name added to list: 39848
name added to list: 39849
name added to list: 39850
name added to list: 39851
name added to list: 39852
name added to list: 39853
name added to list: 39854
name added to list: 39855
name added to list: 39856
name added to list: 39857
name added to list: 39858
name added to list: 39859
name added to list: 39860
name added to list: 39861
name added to list: 39862
name added to list: 39863
name added to list: 39864
name added to list: 39865
name added to list: 39866
name added to list: 39867
name added to list: 39868
name added to list: 39869
name added to list: 39870
name added to list: 39871
name added to list: 39872
name added to list: 39873
name added to list: 39874
name added to list: 39875
name added to list: 39876
name added to list: 39877
name added to list: 39878
name added to list: 39879
name added to list: 39880
name added to list: 39881
name added to list: 39882
name added to list: 39883
name added to list: 39884
name added to list: 39885
name added to list: 39886
name added to list: 39887
name added to list: 39888
name added to list: 39889
name added to list: 39890
name added to list: 39891
name added to list: 39892
name added to list: 39893
name added to list: 39894
name added to list: 39895
name added to list: 39896
name added to list: 39897
name added to list: 39898
name added to list: 39899
name added to list: 39900
name added to list: 39901
name added to list: 39902
name added to list: 39903
name added to list: 39904
name added to list: 39905
name added to list: 39906
name added to list: 39907
name added to list: 39908
name added to list: 39909
name added to list: 39910
name added to list: 39911
name added to list: 39912
name added to list: 39913
name added to list: 39914
name added to list: 39915
name added to list: 39916
name added to list: 39917
name added to list: 39918
name added to list: 39919
name added to list: 39920
name added to list: 39921
name added to list: 39922
name added to list: 39923
name added to list: 39924
name added to list: 39925
name added to list: 39926
name added to list: 39927
name added to list: 39928
name added to list: 39929
name added to list: 39930
name added to list: 39931
name added to list: 39932
name added to list: 39933
name added to list: 39934
name added to list: 39935
name added to list: 39936
name added to list: 39937
name added to list: 39938
name added to list: 39939
name added to list: 39940
name added to list: 39941
name added to list: 39942
name added to list: 39943
name added to list: 39944
name added to list: 39945
name added to list: 39946
name added to list: 39947
name added to list: 39948
name added to list: 39949
name added to list: 39950
name added to list: 39951
name added to list: 39952
name added to list: 39953
name added to list: 39954
name added to list: 39955
name added to list: 39956
name added to list: 39957
name added to list: 39958
name added to list: 39959
name added to list: 39960
name added to list: 39961
name added to list: 39962
name added to list: 39963
name added to list: 39964
name added to list: 39965
name added to list: 39966
name added to list: 39967
name added to list: 39968
name added to list: 39969
name added to list: 39970
name added to list: 39971
name added to list: 39972
name added to list: 39973
name added to list: 39974
name added to list: 39975
name added to list: 39976
name added to list: 39977
name added to list: 39978
name added to list: 39979
name added to list: 39980
name added to list: 39981
name added to list: 39982
name added to list: 39983
name added to list: 39984
name added to list: 39985
name added to list: 39986
name added to list: 39987
name added to list: 39988
name added to list: 39989
name added to list: 39990
name added to list: 39991
name added to list: 39992
name added to list: 39993
name added to list: 39994
name added to list: 39995
name added to list: 39996
name added to list: 39997
name added to list: 39998
name added to list: 39999
name added to list: 40000
name added to list: 40001
name added to list: 40002
name added to list: 40003
name added to list: 40004
name added to list: 40005
name added to list: 40006
name added to list: 40007
name added to list: 40008
name added to list: 40009
name added to list: 40010
name added to list: 40011
name added to list: 40012
name added to list: 40013
name added to list: 40014
name added to list: 40015
name added to list: 40016
name added to list: 40017
name added to list: 40018
name added to list: 40019
name added to list: 40020
name added to list: 40021
name added to list: 40022
name added to list: 40023
name added to list: 40024
name added to list: 40025
name added to list: 40026
name added to list: 40027
name added to list: 40028
name added to list: 40029
name added to list: 40030
name added to list: 40031
name added to list: 40032
name added to list: 40033
name added to list: 40034
name added to list: 40035
name added to list: 40036
name added to list: 40037
name added to list: 40038
name added to list: 40039
name added to list: 40040
name added to list: 40041
name added to list: 40042
name added to list: 40043
name added to list: 40044
name added to list: 40045
name added to list: 40046
name added to list: 40047
name added to list: 40048
name added to list: 40049
name added to list: 40050
name added to list: 40051
name added to list: 40052
name added to list: 40053
name added to list: 40054
name added to list: 40055
name added to list: 40056
name added to list: 40057
name added to list: 40058
name added to list: 40059
name added to list: 40060
name added to list: 40061
name added to list: 40062
name added to list: 40063
name added to list: 40064
name added to list: 40065
name added to list: 40066
name added to list: 40067
name added to list: 40068
name added to list: 40069
name added to list: 40070
name added to list: 40071
name added to list: 40072
name added to list: 40073
name added to list: 40074
name added to list: 40075
name added to list: 40076
name added to list: 40077
name added to list: 40078
name added to list: 40079
name added to list: 40080
name added to list: 40081
name added to list: 40082
name added to list: 40083
name added to list: 40084
name added to list: 40085
name added to list: 40086
name added to list: 40087
name added to list: 40088
name added to list: 40089
name added to list: 40090
name added to list: 40091
name added to list: 40092
name added to list: 40093
name added to list: 40094
name added to list: 40095
name added to list: 40096
name added to list: 40097
name added to list: 40098
name added to list: 40099
name added to list: 40100
name added to list: 40101
name added to list: 40102
name added to list: 40103
name added to list: 40104
name added to list: 40105
name added to list: 40106
name added to list: 40107
name added to list: 40108
name added to list: 40109
name added to list: 40110
name added to list: 40111
name added to list: 40112
name added to list: 40113
name added to list: 40114
name added to list: 40115
name added to list: 40116
name added to list: 40117
name added to list: 40118
name added to list: 40119
name added to list: 40120
name added to list: 40121
name added to list: 40122
name added to list: 40123
name added to list: 40124
name added to list: 40125
name added to list: 40126
name added to list: 40127
name added to list: 40128
name added to list: 40129
name added to list: 40130
name added to list: 40131
name added to list: 40132
name added to list: 40133
name added to list: 40134
name added to list: 40135
name added to list: 40136
name added to list: 40137
name added to list: 40138
name added to list: 40139
name added to list: 40140
name added to list: 40141
name added to list: 40142
name added to list: 40143
name added to list: 40144
name added to list: 40145
name added to list: 40146
name added to list: 40147
name added to list: 40148
name added to list: 40149
name added to list: 40150
name added to list: 40151
name added to list: 40152
name added to list: 40153
name added to list: 40154
name added to list: 40155
name added to list: 40156
name added to list: 40157
name added to list: 40158
name added to list: 40159
name added to list: 40160
name added to list: 40161
name added to list: 40162
name added to list: 40163
name added to list: 40164
name added to list: 40165
name added to list: 40166
name added to list: 40167
name added to list: 40168
name added to list: 40169
name added to list: 40170
name added to list: 40171
name added to list: 40172
name added to list: 40173
name added to list: 40174
name added to list: 40175
name added to list: 40176
name added to list: 40177
name added to list: 40178
name added to list: 40179
name added to list: 40180
name added to list: 40181
name added to list: 40182
name added to list: 40183
name added to list: 40184
name added to list: 40185
name added to list: 40186
name added to list: 40187
name added to list: 40188
name added to list: 40189
name added to list: 40190
name added to list: 40191
name added to list: 40192
name added to list: 40193
name added to list: 40194
name added to list: 40195
name added to list: 40196
name added to list: 40197
name added to list: 40198
name added to list: 40199
name added to list: 40200
name added to list: 40201
name added to list: 40202
name added to list: 40203
name added to list: 40204
name added to list: 40205
name added to list: 40206
name added to list: 40207
name added to list: 40208
name added to list: 40209
name added to list: 40210
name added to list: 40211
name added to list: 40212
name added to list: 40213
name added to list: 40214
name added to list: 40215
name added to list: 40216
name added to list: 40217
name added to list: 40218
name added to list: 40219
name added to list: 40220
name added to list: 40221
name added to list: 40222
name added to list: 40223
name added to list: 40224
name added to list: 40225
name added to list: 40226
name added to list: 40227
name added to list: 40228
name added to list: 40229
name added to list: 40230
name added to list: 40231
name added to list: 40232
name added to list: 40233
name added to list: 40234
name added to list: 40235
name added to list: 40236
name added to list: 40237
name added to list: 40238
name added to list: 40239
name added to list: 40240
name added to list: 40241
name added to list: 40242
name added to list: 40243
name added to list: 40244
name added to list: 40245
name added to list: 40246
name added to list: 40247
name added to list: 40248
name added to list: 40249
name added to list: 40250
name added to list: 40251
name added to list: 40252
name added to list: 40253
name added to list: 40254
name added to list: 40255
name added to list: 40256
name added to list: 40257
name added to list: 40258
name added to list: 40259
name added to list: 40260
name added to list: 40261
name added to list: 40262
name added to list: 40263
name added to list: 40264
name added to list: 40265
name added to list: 40266
name added to list: 40267
name added to list: 40268
name added to list: 40269
name added to list: 40270
name added to list: 40271
name added to list: 40272
name added to list: 40273
name added to list: 40274
name added to list: 40275
name added to list: 40276
name added to list: 40277
name added to list: 40278
name added to list: 40279
name added to list: 40280
name added to list: 40281
name added to list: 40282
name added to list: 40283
name added to list: 40284
name added to list: 40285
name added to list: 40286
name added to list: 40287
name added to list: 40288
name added to list: 40289
name added to list: 40290
name added to list: 40291
name added to list: 40292
name added to list: 40293
name added to list: 40294
name added to list: 40295
name added to list: 40296
name added to list: 40297
name added to list: 40298
name added to list: 40299
name added to list: 40300
name added to list: 40301
name added to list: 40302
name added to list: 40303
name added to list: 40304
name added to list: 40305
name added to list: 40306
name added to list: 40307
name added to list: 40308
name added to list: 40309
name added to list: 40310
name added to list: 40311
name added to list: 40312
name added to list: 40313
name added to list: 40314
name added to list: 40315
name added to list: 40316
name added to list: 40317
name added to list: 40318
name added to list: 40319
name added to list: 40320
name added to list: 40321
name added to list: 40322
name added to list: 40323
name added to list: 40324
name added to list: 40325
name added to list: 40326
name added to list: 40327
name added to list: 40328
name added to list: 40329
name added to list: 40330
name added to list: 40331
name added to list: 40332
name added to list: 40333
name added to list: 40334
name added to list: 40335
name added to list: 40336
name added to list: 40337
name added to list: 40338
name added to list: 40339
name added to list: 40340
name added to list: 40341
name added to list: 40342
name added to list: 40343
name added to list: 40344
name added to list: 40345
name added to list: 40346
name added to list: 40347
name added to list: 40348
name added to list: 40349
name added to list: 40350
name added to list: 40351
name added to list: 40352
name added to list: 40353
name added to list: 40354
name added to list: 40355
name added to list: 40356
name added to list: 40357
name added to list: 40358
name added to list: 40359
name added to list: 40360
name added to list: 40361
name added to list: 40362
name added to list: 40363
name added to list: 40364
name added to list: 40365
name added to list: 40366
name added to list: 40367
name added to list: 40368
name added to list: 40369
name added to list: 40370
name added to list: 40371
name added to list: 40372
name added to list: 40373
name added to list: 40374
name added to list: 40375
name added to list: 40376
name added to list: 40377
name added to list: 40378
name added to list: 40379
name added to list: 40380
name added to list: 40381
name added to list: 40382
name added to list: 40383
name added to list: 40384
name added to list: 40385
name added to list: 40386
name added to list: 40387
name added to list: 40388
name added to list: 40389
name added to list: 40390
name added to list: 40391
name added to list: 40392
name added to list: 40393
name added to list: 40394
name added to list: 40395
name added to list: 40396
name added to list: 40397
name added to list: 40398
name added to list: 40399
name added to list: 40400
name added to list: 40401
name added to list: 40402
name added to list: 40403
name added to list: 40404
name added to list: 40405
name added to list: 40406
name added to list: 40407
name added to list: 40408
name added to list: 40409
name added to list: 40410
name added to list: 40411
name added to list: 40412
name added to list: 40413
name added to list: 40414
name added to list: 40415
name added to list: 40416
name added to list: 40417
name added to list: 40418
name added to list: 40419
name added to list: 40420
name added to list: 40421
name added to list: 40422
name added to list: 40423
name added to list: 40424
name added to list: 40425
name added to list: 40426
name added to list: 40427
name added to list: 40428
name added to list: 40429
name added to list: 40430
name added to list: 40431
name added to list: 40432
name added to list: 40433
name added to list: 40434
name added to list: 40435
name added to list: 40436
name added to list: 40437
name added to list: 40438
name added to list: 40439
name added to list: 40440
name added to list: 40441
name added to list: 40442
name added to list: 40443
name added to list: 40444
name added to list: 40445
name added to list: 40446
name added to list: 40447
name added to list: 40448
name added to list: 40449
name added to list: 40450
name added to list: 40451
name added to list: 40452
name added to list: 40453
name added to list: 40454
name added to list: 40455
name added to list: 40456
name added to list: 40457
name added to list: 40458
name added to list: 40459
name added to list: 40460
name added to list: 40461
name added to list: 40462
name added to list: 40463
name added to list: 40464
name added to list: 40465
name added to list: 40466
name added to list: 40467
name added to list: 40468
name added to list: 40469
name added to list: 40470
name added to list: 40471
name added to list: 40472
name added to list: 40473
name added to list: 40474
name added to list: 40475
name added to list: 40476
name added to list: 40477
name added to list: 40478
name added to list: 40479
name added to list: 40480
name added to list: 40481
name added to list: 40482
name added to list: 40483
name added to list: 40484
name added to list: 40485
name added to list: 40486
name added to list: 40487
name added to list: 40488
name added to list: 40489
name added to list: 40490
name added to list: 40491
name added to list: 40492
name added to list: 40493
name added to list: 40494
name added to list: 40495
name added to list: 40496
name added to list: 40497
name added to list: 40498
name added to list: 40499
name added to list: 40500
name added to list: 40501
name added to list: 40502
name added to list: 40503
name added to list: 40504
name added to list: 40505
name added to list: 40506
name added to list: 40507
name added to list: 40508
name added to list: 40509
name added to list: 40510
name added to list: 40511
name added to list: 40512
name added to list: 40513
name added to list: 40514
name added to list: 40515
name added to list: 40516
name added to list: 40517
name added to list: 40518
name added to list: 40519
name added to list: 40520
name added to list: 40521
name added to list: 40522
name added to list: 40523
name added to list: 40524
name added to list: 40525
name added to list: 40526
name added to list: 40527
name added to list: 40528
name added to list: 40529
name added to list: 40530
name added to list: 40531
name added to list: 40532
name added to list: 40533
name added to list: 40534
name added to list: 40535
name added to list: 40536
name added to list: 40537
name added to list: 40538
name added to list: 40539
name added to list: 40540
name added to list: 40541
name added to list: 40542
name added to list: 40543
name added to list: 40544
name added to list: 40545
name added to list: 40546
name added to list: 40547
name added to list: 40548
name added to list: 40549
name added to list: 40550
name added to list: 40551
name added to list: 40552
name added to list: 40553
name added to list: 40554
name added to list: 40555
name added to list: 40556
name added to list: 40557
name added to list: 40558
name added to list: 40559
name added to list: 40560
name added to list: 40561
name added to list: 40562
name added to list: 40563
name added to list: 40564
name added to list: 40565
name added to list: 40566
name added to list: 40567
name added to list: 40568
name added to list: 40569
name added to list: 40570
name added to list: 40571
name added to list: 40572
name added to list: 40573
name added to list: 40574
name added to list: 40575
name added to list: 40576
name added to list: 40577
name added to list: 40578
name added to list: 40579
name added to list: 40580
name added to list: 40581
name added to list: 40582
name added to list: 40583
name added to list: 40584
name added to list: 40585
name added to list: 40586
name added to list: 40587
name added to list: 40588
name added to list: 40589
name added to list: 40590
name added to list: 40591
name added to list: 40592
name added to list: 40593
name added to list: 40594
name added to list: 40595
name added to list: 40596
name added to list: 40597
name added to list: 40598
name added to list: 40599
name added to list: 40600
name added to list: 40601
name added to list: 40602
name added to list: 40603
name added to list: 40604
name added to list: 40605
name added to list: 40606
name added to list: 40607
name added to list: 40608
name added to list: 40609
name added to list: 40610
name added to list: 40611
name added to list: 40612
name added to list: 40613
name added to list: 40614
name added to list: 40615
name added to list: 40616
name added to list: 40617
name added to list: 40618
name added to list: 40619
name added to list: 40620
name added to list: 40621
name added to list: 40622
name added to list: 40623
name added to list: 40624
name added to list: 40625
name added to list: 40626
name added to list: 40627
name added to list: 40628
name added to list: 40629
name added to list: 40630
name added to list: 40631
name added to list: 40632
name added to list: 40633
name added to list: 40634
name added to list: 40635
name added to list: 40636
name added to list: 40637
name added to list: 40638
name added to list: 40639
name added to list: 40640
name added to list: 40641
name added to list: 40642
name added to list: 40643
name added to list: 40644
name added to list: 40645
name added to list: 40646
name added to list: 40647
name added to list: 40648
name added to list: 40649
name added to list: 40650
name added to list: 40651
name added to list: 40652
name added to list: 40653
name added to list: 40654
name added to list: 40655
name added to list: 40656
name added to list: 40657
name added to list: 40658
name added to list: 40659
name added to list: 40660
name added to list: 40661
name added to list: 40662
name added to list: 40663
name added to list: 40664
name added to list: 40665
name added to list: 40666
name added to list: 40667
name added to list: 40668
name added to list: 40669
name added to list: 40670
name added to list: 40671
name added to list: 40672
name added to list: 40673
name added to list: 40674
name added to list: 40675
name added to list: 40676
name added to list: 40677
name added to list: 40678
name added to list: 40679
name added to list: 40680
name added to list: 40681
name added to list: 40682
name added to list: 40683
name added to list: 40684
name added to list: 40685
name added to list: 40686
name added to list: 40687
name added to list: 40688
name added to list: 40689
name added to list: 40690
name added to list: 40691
name added to list: 40692
name added to list: 40693
name added to list: 40694
name added to list: 40695
name added to list: 40696
name added to list: 40697
name added to list: 40698
name added to list: 40699
name added to list: 40700
name added to list: 40701
name added to list: 40702
name added to list: 40703
name added to list: 40704
name added to list: 40705
name added to list: 40706
name added to list: 40707
name added to list: 40708
name added to list: 40709
name added to list: 40710
name added to list: 40711
name added to list: 40712
name added to list: 40713
name added to list: 40714
name added to list: 40715
name added to list: 40716
name added to list: 40717
name added to list: 40718
name added to list: 40719
name added to list: 40720
name added to list: 40721
name added to list: 40722
name added to list: 40723
name added to list: 40724
name added to list: 40725
name added to list: 40726
name added to list: 40727
name added to list: 40728
name added to list: 40729
name added to list: 40730
name added to list: 40731
name added to list: 40732
name added to list: 40733
name added to list: 40734
name added to list: 40735
name added to list: 40736
name added to list: 40737
name added to list: 40738
name added to list: 40739
name added to list: 40740
name added to list: 40741
name added to list: 40742
name added to list: 40743
name added to list: 40744
name added to list: 40745
name added to list: 40746
name added to list: 40747
name added to list: 40748
name added to list: 40749
name added to list: 40750
name added to list: 40751
name added to list: 40752
name added to list: 40753
name added to list: 40754
name added to list: 40755
name added to list: 40756
name added to list: 40757
name added to list: 40758
name added to list: 40759
name added to list: 40760
name added to list: 40761
name added to list: 40762
name added to list: 40763
name added to list: 40764
name added to list: 40765
name added to list: 40766
name added to list: 40767
name added to list: 40768
name added to list: 40769
name added to list: 40770
name added to list: 40771
name added to list: 40772
name added to list: 40773
name added to list: 40774
name added to list: 40775
name added to list: 40776
name added to list: 40777
name added to list: 40778
name added to list: 40779
name added to list: 40780
name added to list: 40781
name added to list: 40782
name added to list: 40783
name added to list: 40784
name added to list: 40785
name added to list: 40786
name added to list: 40787
name added to list: 40788
name added to list: 40789
name added to list: 40790
name added to list: 40791
name added to list: 40792
name added to list: 40793
name added to list: 40794
name added to list: 40795
name added to list: 40796
name added to list: 40797
name added to list: 40798
name added to list: 40799
name added to list: 40800
name added to list: 40801
name added to list: 40802
name added to list: 40803
name added to list: 40804
name added to list: 40805
name added to list: 40806
name added to list: 40807
name added to list: 40808
name added to list: 40809
name added to list: 40810
name added to list: 40811
name added to list: 40812
name added to list: 40813
name added to list: 40814
name added to list: 40815
name added to list: 40816
name added to list: 40817
name added to list: 40818
name added to list: 40819
name added to list: 40820
name added to list: 40821
name added to list: 40822
name added to list: 40823
name added to list: 40824
name added to list: 40825
name added to list: 40826
name added to list: 40827
name added to list: 40828
name added to list: 40829
name added to list: 40830
name added to list: 40831
name added to list: 40832
name added to list: 40833
name added to list: 40834
name added to list: 40835
name added to list: 40836
name added to list: 40837
name added to list: 40838
name added to list: 40839
name added to list: 40840
name added to list: 40841
name added to list: 40842
name added to list: 40843
name added to list: 40844
name added to list: 40845
name added to list: 40846
name added to list: 40847
name added to list: 40848
name added to list: 40849
name added to list: 40850
name added to list: 40851
name added to list: 40852
name added to list: 40853
name added to list: 40854
name added to list: 40855
name added to list: 40856
name added to list: 40857
name added to list: 40858
name added to list: 40859
name added to list: 40860
name added to list: 40861
name added to list: 40862
name added to list: 40863
name added to list: 40864
name added to list: 40865
name added to list: 40866
name added to list: 40867
name added to list: 40868
name added to list: 40869
name added to list: 40870
name added to list: 40871
name added to list: 40872
name added to list: 40873
name added to list: 40874
name added to list: 40875
name added to list: 40876
name added to list: 40877
name added to list: 40878
name added to list: 40879
name added to list: 40880
name added to list: 40881
name added to list: 40882
name added to list: 40883
name added to list: 40884
name added to list: 40885
name added to list: 40886
name added to list: 40887
name added to list: 40888
name added to list: 40889
name added to list: 40890
name added to list: 40891
name added to list: 40892
name added to list: 40893
name added to list: 40894
name added to list: 40895
name added to list: 40896
name added to list: 40897
name added to list: 40898
name added to list: 40899
name added to list: 40900
name added to list: 40901
name added to list: 40902
name added to list: 40903
name added to list: 40904
name added to list: 40905
name added to list: 40906
name added to list: 40907
name added to list: 40908
name added to list: 40909
name added to list: 40910
name added to list: 40911
name added to list: 40912
name added to list: 40913
name added to list: 40914
name added to list: 40915
name added to list: 40916
name added to list: 40917
name added to list: 40918
name added to list: 40919
name added to list: 40920
name added to list: 40921
name added to list: 40922
name added to list: 40923
name added to list: 40924
name added to list: 40925
name added to list: 40926
name added to list: 40927
name added to list: 40928
name added to list: 40929
name added to list: 40930
name added to list: 40931
name added to list: 40932
name added to list: 40933
name added to list: 40934
name added to list: 40935
name added to list: 40936
name added to list: 40937
name added to list: 40938
name added to list: 40939
name added to list: 40940
name added to list: 40941
name added to list: 40942
name added to list: 40943
name added to list: 40944
name added to list: 40945
name added to list: 40946
name added to list: 40947
name added to list: 40948
name added to list: 40949
name added to list: 40950
name added to list: 40951
name added to list: 40952
name added to list: 40953
name added to list: 40954
name added to list: 40955
name added to list: 40956
name added to list: 40957
name added to list: 40958
name added to list: 40959
name added to list: 40960
name added to list: 40961
name added to list: 40962
name added to list: 40963
name added to list: 40964
name added to list: 40965
name added to list: 40966
name added to list: 40967
name added to list: 40968
name added to list: 40969
name added to list: 40970
name added to list: 40971
name added to list: 40972
name added to list: 40973
name added to list: 40974
name added to list: 40975
name added to list: 40976
name added to list: 40977
name added to list: 40978
name added to list: 40979
name added to list: 40980
name added to list: 40981
name added to list: 40982
name added to list: 40983
name added to list: 40984
name added to list: 40985
name added to list: 40986
name added to list: 40987
name added to list: 40988
name added to list: 40989
name added to list: 40990
name added to list: 40991
name added to list: 40992
name added to list: 40993
name added to list: 40994
name added to list: 40995
name added to list: 40996
name added to list: 40997
name added to list: 40998
name added to list: 40999
name added to list: 41000
name added to list: 41001
name added to list: 41002
name added to list: 41003
name added to list: 41004
name added to list: 41005
name added to list: 41006
name added to list: 41007
name added to list: 41008
name added to list: 41009
name added to list: 41010
name added to list: 41011
name added to list: 41012
name added to list: 41013
name added to list: 41014
name added to list: 41015
name added to list: 41016
name added to list: 41017
name added to list: 41018
name added to list: 41019
name added to list: 41020
name added to list: 41021
name added to list: 41022
name added to list: 41023
name added to list: 41024
name added to list: 41025
name added to list: 41026
name added to list: 41027
name added to list: 41028
name added to list: 41029
name added to list: 41030
name added to list: 41031
name added to list: 41032
name added to list: 41033
name added to list: 41034
name added to list: 41035
name added to list: 41036
name added to list: 41037
name added to list: 41038
name added to list: 41039
name added to list: 41040
name added to list: 41041
name added to list: 41042
name added to list: 41043
name added to list: 41044
name added to list: 41045
name added to list: 41046
name added to list: 41047
name added to list: 41048
name added to list: 41049
name added to list: 41050
name added to list: 41051
name added to list: 41052
name added to list: 41053
name added to list: 41054
name added to list: 41055
name added to list: 41056
name added to list: 41057
name added to list: 41058
name added to list: 41059
name added to list: 41060
name added to list: 41061
name added to list: 41062
name added to list: 41063
name added to list: 41064
name added to list: 41065
name added to list: 41066
name added to list: 41067
name added to list: 41068
name added to list: 41069
name added to list: 41070
name added to list: 41071
name added to list: 41072
name added to list: 41073
name added to list: 41074
name added to list: 41075
name added to list: 41076
name added to list: 41077
name added to list: 41078
name added to list: 41079
name added to list: 41080
name added to list: 41081
name added to list: 41082
name added to list: 41083
name added to list: 41084
name added to list: 41085
name added to list: 41086
name added to list: 41087
name added to list: 41088
name added to list: 41089
name added to list: 41090
name added to list: 41091
name added to list: 41092
name added to list: 41093
name added to list: 41094
name added to list: 41095
name added to list: 41096
name added to list: 41097
name added to list: 41098
name added to list: 41099
name added to list: 41100
name added to list: 41101
name added to list: 41102
name added to list: 41103
name added to list: 41104
name added to list: 41105
name added to list: 41106
name added to list: 41107
name added to list: 41108
name added to list: 41109
name added to list: 41110
name added to list: 41111
name added to list: 41112
name added to list: 41113
name added to list: 41114
name added to list: 41115
name added to list: 41116
name added to list: 41117
name added to list: 41118
name added to list: 41119
name added to list: 41120
name added to list: 41121
name added to list: 41122
name added to list: 41123
name added to list: 41124
name added to list: 41125
name added to list: 41126
name added to list: 41127
name added to list: 41128
name added to list: 41129
name added to list: 41130
name added to list: 41131
name added to list: 41132
name added to list: 41133
name added to list: 41134
name added to list: 41135
name added to list: 41136
name added to list: 41137
name added to list: 41138
name added to list: 41139
name added to list: 41140
name added to list: 41141
name added to list: 41142
name added to list: 41143
name added to list: 41144
name added to list: 41145
name added to list: 41146
name added to list: 41147
name added to list: 41148
name added to list: 41149
name added to list: 41150
name added to list: 41151
name added to list: 41152
name added to list: 41153
name added to list: 41154
name added to list: 41155
name added to list: 41156
name added to list: 41157
name added to list: 41158
name added to list: 41159
name added to list: 41160
name added to list: 41161
name added to list: 41162
name added to list: 41163
name added to list: 41164
name added to list: 41165
name added to list: 41166
name added to list: 41167
name added to list: 41168
name added to list: 41169
name added to list: 41170
name added to list: 41171
name added to list: 41172
name added to list: 41173
name added to list: 41174
name added to list: 41175
name added to list: 41176
name added to list: 41177
name added to list: 41178
name added to list: 41179
name added to list: 41180
name added to list: 41181
name added to list: 41182
name added to list: 41183
name added to list: 41184
name added to list: 41185
name added to list: 41186
name added to list: 41187
name added to list: 41188
name added to list: 41189
name added to list: 41190
name added to list: 41191
name added to list: 41192
name added to list: 41193
name added to list: 41194
name added to list: 41195
name added to list: 41196
name added to list: 41197
name added to list: 41198
name added to list: 41199
name added to list: 41200
name added to list: 41201
name added to list: 41202
name added to list: 41203
name added to list: 41204
name added to list: 41205
name added to list: 41206
name added to list: 41207
name added to list: 41208
name added to list: 41209
name added to list: 41210
name added to list: 41211
name added to list: 41212
name added to list: 41213
name added to list: 41214
name added to list: 41215
name added to list: 41216
name added to list: 41217
name added to list: 41218
name added to list: 41219
name added to list: 41220
name added to list: 41221
name added to list: 41222
name added to list: 41223
name added to list: 41224
name added to list: 41225
name added to list: 41226
name added to list: 41227
name added to list: 41228
name added to list: 41229
name added to list: 41230
name added to list: 41231
name added to list: 41232
name added to list: 41233
name added to list: 41234
name added to list: 41235
name added to list: 41236
name added to list: 41237
name added to list: 41238
name added to list: 41239
name added to list: 41240
name added to list: 41241
name added to list: 41242
name added to list: 41243
name added to list: 41244
name added to list: 41245
name added to list: 41246
name added to list: 41247
name added to list: 41248
name added to list: 41249
name added to list: 41250
name added to list: 41251
name added to list: 41252
name added to list: 41253
name added to list: 41254
name added to list: 41255
name added to list: 41256
name added to list: 41257
name added to list: 41258
name added to list: 41259
name added to list: 41260
name added to list: 41261
name added to list: 41262
name added to list: 41263
name added to list: 41264
name added to list: 41265
name added to list: 41266
name added to list: 41267
name added to list: 41268
name added to list: 41269
name added to list: 41270
name added to list: 41271
name added to list: 41272
name added to list: 41273
name added to list: 41274
name added to list: 41275
name added to list: 41276
name added to list: 41277
name added to list: 41278
name added to list: 41279
name added to list: 41280
name added to list: 41281
name added to list: 41282
name added to list: 41283
name added to list: 41284
name added to list: 41285
name added to list: 41286
name added to list: 41287
name added to list: 41288
name added to list: 41289
name added to list: 41290
name added to list: 41291
name added to list: 41292
name added to list: 41293
name added to list: 41294
name added to list: 41295
name added to list: 41296
name added to list: 41297
name added to list: 41298
name added to list: 41299
name added to list: 41300
name added to list: 41301
name added to list: 41302
name added to list: 41303
name added to list: 41304
name added to list: 41305
name added to list: 41306
name added to list: 41307
name added to list: 41308
name added to list: 41309
name added to list: 41310
name added to list: 41311
name added to list: 41312
name added to list: 41313
name added to list: 41314
name added to list: 41315
name added to list: 41316
name added to list: 41317
name added to list: 41318
name added to list: 41319
name added to list: 41320
name added to list: 41321
name added to list: 41322
name added to list: 41323
name added to list: 41324
name added to list: 41325
name added to list: 41326
name added to list: 41327
name added to list: 41328
name added to list: 41329
name added to list: 41330
name added to list: 41331
name added to list: 41332
name added to list: 41333
name added to list: 41334
name added to list: 41335
name added to list: 41336
name added to list: 41337
name added to list: 41338
name added to list: 41339
name added to list: 41340
name added to list: 41341
name added to list: 41342
name added to list: 41343
name added to list: 41344
name added to list: 41345
name added to list: 41346
name added to list: 41347
name added to list: 41348
name added to list: 41349
name added to list: 41350
name added to list: 41351
name added to list: 41352
name added to list: 41353
name added to list: 41354
name added to list: 41355
name added to list: 41356
name added to list: 41357
name added to list: 41358
name added to list: 41359
name added to list: 41360
name added to list: 41361
name added to list: 41362
name added to list: 41363
name added to list: 41364
name added to list: 41365
name added to list: 41366
name added to list: 41367
name added to list: 41368
name added to list: 41369
name added to list: 41370
name added to list: 41371
name added to list: 41372
name added to list: 41373
name added to list: 41374
name added to list: 41375
name added to list: 41376
name added to list: 41377
name added to list: 41378
name added to list: 41379
name added to list: 41380
name added to list: 41381
name added to list: 41382
name added to list: 41383
name added to list: 41384
name added to list: 41385
name added to list: 41386
name added to list: 41387
name added to list: 41388
name added to list: 41389
name added to list: 41390
name added to list: 41391
name added to list: 41392
name added to list: 41393
name added to list: 41394
name added to list: 41395
name added to list: 41396
name added to list: 41397
name added to list: 41398
name added to list: 41399
name added to list: 41400
name added to list: 41401
name added to list: 41402
name added to list: 41403
name added to list: 41404
name added to list: 41405
name added to list: 41406
name added to list: 41407
name added to list: 41408
name added to list: 41409
name added to list: 41410
name added to list: 41411
name added to list: 41412
name added to list: 41413
name added to list: 41414
name added to list: 41415
name added to list: 41416
name added to list: 41417
name added to list: 41418
name added to list: 41419
name added to list: 41420
name added to list: 41421
name added to list: 41422
name added to list: 41423
name added to list: 41424
name added to list: 41425
name added to list: 41426
name added to list: 41427
name added to list: 41428
name added to list: 41429
name added to list: 41430
name added to list: 41431
name added to list: 41432
name added to list: 41433
name added to list: 41434
name added to list: 41435
name added to list: 41436
name added to list: 41437
name added to list: 41438
name added to list: 41439
name added to list: 41440
name added to list: 41441
name added to list: 41442
name added to list: 41443
name added to list: 41444
name added to list: 41445
name added to list: 41446
name added to list: 41447
name added to list: 41448
name added to list: 41449
name added to list: 41450
name added to list: 41451
name added to list: 41452
name added to list: 41453
name added to list: 41454
name added to list: 41455
name added to list: 41456
name added to list: 41457
name added to list: 41458
name added to list: 41459
name added to list: 41460
name added to list: 41461
name added to list: 41462
name added to list: 41463
name added to list: 41464
name added to list: 41465
name added to list: 41466
name added to list: 41467
name added to list: 41468
name added to list: 41469
name added to list: 41470
name added to list: 41471
name added to list: 41472
name added to list: 41473
name added to list: 41474
name added to list: 41475
name added to list: 41476
name added to list: 41477
name added to list: 41478
name added to list: 41479
name added to list: 41480
name added to list: 41481
name added to list: 41482
name added to list: 41483
name added to list: 41484
name added to list: 41485
name added to list: 41486
name added to list: 41487
name added to list: 41488
name added to list: 41489
name added to list: 41490
name added to list: 41491
name added to list: 41492
name added to list: 41493
name added to list: 41494
name added to list: 41495
name added to list: 41496
name added to list: 41497
name added to list: 41498
name added to list: 41499
name added to list: 41500
name added to list: 41501
name added to list: 41502
name added to list: 41503
name added to list: 41504
name added to list: 41505
name added to list: 41506
name added to list: 41507
name added to list: 41508
name added to list: 41509
name added to list: 41510
name added to list: 41511
name added to list: 41512
name added to list: 41513
name added to list: 41514
name added to list: 41515
name added to list: 41516
name added to list: 41517
name added to list: 41518
name added to list: 41519
name added to list: 41520
name added to list: 41521
name added to list: 41522
name added to list: 41523
name added to list: 41524
name added to list: 41525
name added to list: 41526
name added to list: 41527
name added to list: 41528
name added to list: 41529
name added to list: 41530
name added to list: 41531
name added to list: 41532
name added to list: 41533
name added to list: 41534
name added to list: 41535
name added to list: 41536
name added to list: 41537
name added to list: 41538
name added to list: 41539
name added to list: 41540
name added to list: 41541
name added to list: 41542
name added to list: 41543
name added to list: 41544
name added to list: 41545
name added to list: 41546
name added to list: 41547
name added to list: 41548
name added to list: 41549
name added to list: 41550
name added to list: 41551
name added to list: 41552
name added to list: 41553
name added to list: 41554
name added to list: 41555
name added to list: 41556
name added to list: 41557
name added to list: 41558
name added to list: 41559
name added to list: 41560
name added to list: 41561
name added to list: 41562
name added to list: 41563
name added to list: 41564
name added to list: 41565
name added to list: 41566
name added to list: 41567
name added to list: 41568
name added to list: 41569
name added to list: 41570
name added to list: 41571
name added to list: 41572
name added to list: 41573
name added to list: 41574
name added to list: 41575
name added to list: 41576
name added to list: 41577
name added to list: 41578
name added to list: 41579
name added to list: 41580
name added to list: 41581
name added to list: 41582
name added to list: 41583
name added to list: 41584
name added to list: 41585
name added to list: 41586
name added to list: 41587
name added to list: 41588
name added to list: 41589
name added to list: 41590
name added to list: 41591
name added to list: 41592
name added to list: 41593
name added to list: 41594
name added to list: 41595
name added to list: 41596
name added to list: 41597
name added to list: 41598
name added to list: 41599
name added to list: 41600
name added to list: 41601
name added to list: 41602
name added to list: 41603
name added to list: 41604
name added to list: 41605
name added to list: 41606
name added to list: 41607
name added to list: 41608
name added to list: 41609
name added to list: 41610
name added to list: 41611
name added to list: 41612
name added to list: 41613
name added to list: 41614
name added to list: 41615
name added to list: 41616
name added to list: 41617
name added to list: 41618
name added to list: 41619
name added to list: 41620
name added to list: 41621
name added to list: 41622
name added to list: 41623
name added to list: 41624
name added to list: 41625
name added to list: 41626
name added to list: 41627
name added to list: 41628
name added to list: 41629
name added to list: 41630
name added to list: 41631
name added to list: 41632
name added to list: 41633
name added to list: 41634
name added to list: 41635
name added to list: 41636
name added to list: 41637
name added to list: 41638
name added to list: 41639
name added to list: 41640
name added to list: 41641
name added to list: 41642
name added to list: 41643
name added to list: 41644
name added to list: 41645
name added to list: 41646
name added to list: 41647
name added to list: 41648
name added to list: 41649
name added to list: 41650
name added to list: 41651
name added to list: 41652
name added to list: 41653
name added to list: 41654
name added to list: 41655
name added to list: 41656
name added to list: 41657
name added to list: 41658
name added to list: 41659
name added to list: 41660
name added to list: 41661
name added to list: 41662
name added to list: 41663
name added to list: 41664
name added to list: 41665
name added to list: 41666
name added to list: 41667
name added to list: 41668
name added to list: 41669
name added to list: 41670
name added to list: 41671
name added to list: 41672
name added to list: 41673
name added to list: 41674
name added to list: 41675
name added to list: 41676
name added to list: 41677
name added to list: 41678
name added to list: 41679
name added to list: 41680
name added to list: 41681
name added to list: 41682
name added to list: 41683
name added to list: 41684
name added to list: 41685
name added to list: 41686
name added to list: 41687
name added to list: 41688
name added to list: 41689
name added to list: 41690
name added to list: 41691
name added to list: 41692
name added to list: 41693
name added to list: 41694
name added to list: 41695
name added to list: 41696
name added to list: 41697
name added to list: 41698
name added to list: 41699
name added to list: 41700
name added to list: 41701
name added to list: 41702
name added to list: 41703
name added to list: 41704
name added to list: 41705
name added to list: 41706
name added to list: 41707
name added to list: 41708
name added to list: 41709
name added to list: 41710
name added to list: 41711
name added to list: 41712
name added to list: 41713
name added to list: 41714
name added to list: 41715
name added to list: 41716
name added to list: 41717
name added to list: 41718
name added to list: 41719
name added to list: 41720
name added to list: 41721
name added to list: 41722
name added to list: 41723
name added to list: 41724
name added to list: 41725
name added to list: 41726
name added to list: 41727
name added to list: 41728
name added to list: 41729
name added to list: 41730
name added to list: 41731
name added to list: 41732
name added to list: 41733
name added to list: 41734
name added to list: 41735
name added to list: 41736
name added to list: 41737
name added to list: 41738
name added to list: 41739
name added to list: 41740
name added to list: 41741
name added to list: 41742
name added to list: 41743
name added to list: 41744
name added to list: 41745
name added to list: 41746
name added to list: 41747
name added to list: 41748
name added to list: 41749
name added to list: 41750
name added to list: 41751
name added to list: 41752
name added to list: 41753
name added to list: 41754
name added to list: 41755
name added to list: 41756
name added to list: 41757
name added to list: 41758
name added to list: 41759
name added to list: 41760
name added to list: 41761
name added to list: 41762
name added to list: 41763
name added to list: 41764
name added to list: 41765
name added to list: 41766
name added to list: 41767
name added to list: 41768
name added to list: 41769
name added to list: 41770
name added to list: 41771
name added to list: 41772
name added to list: 41773
name added to list: 41774
name added to list: 41775
name added to list: 41776
name added to list: 41777
name added to list: 41778
name added to list: 41779
name added to list: 41780
name added to list: 41781
name added to list: 41782
name added to list: 41783
name added to list: 41784
name added to list: 41785
name added to list: 41786
name added to list: 41787
name added to list: 41788
name added to list: 41789
name added to list: 41790
name added to list: 41791
name added to list: 41792
name added to list: 41793
name added to list: 41794
name added to list: 41795
name added to list: 41796
name added to list: 41797
name added to list: 41798
name added to list: 41799
name added to list: 41800
name added to list: 41801
name added to list: 41802
name added to list: 41803
name added to list: 41804
name added to list: 41805
name added to list: 41806
name added to list: 41807
name added to list: 41808
name added to list: 41809
name added to list: 41810
name added to list: 41811
name added to list: 41812
name added to list: 41813
name added to list: 41814
name added to list: 41815
name added to list: 41816
name added to list: 41817
name added to list: 41818
name added to list: 41819
name added to list: 41820
name added to list: 41821
name added to list: 41822
name added to list: 41823
name added to list: 41824
name added to list: 41825
name added to list: 41826
name added to list: 41827
name added to list: 41828
name added to list: 41829
name added to list: 41830
name added to list: 41831
name added to list: 41832
name added to list: 41833
name added to list: 41834
name added to list: 41835
name added to list: 41836
name added to list: 41837
name added to list: 41838
name added to list: 41839
name added to list: 41840
name added to list: 41841
name added to list: 41842
name added to list: 41843
name added to list: 41844
name added to list: 41845
name added to list: 41846
name added to list: 41847
name added to list: 41848
name added to list: 41849
name added to list: 41850
name added to list: 41851
name added to list: 41852
name added to list: 41853
name added to list: 41854
name added to list: 41855
name added to list: 41856
name added to list: 41857
name added to list: 41858
name added to list: 41859
name added to list: 41860
name added to list: 41861
name added to list: 41862
name added to list: 41863
name added to list: 41864
name added to list: 41865
name added to list: 41866
name added to list: 41867
name added to list: 41868
name added to list: 41869
name added to list: 41870
name added to list: 41871
name added to list: 41872
name added to list: 41873
name added to list: 41874
name added to list: 41875
name added to list: 41876
name added to list: 41877
name added to list: 41878
name added to list: 41879
name added to list: 41880
name added to list: 41881
name added to list: 41882
name added to list: 41883
name added to list: 41884
name added to list: 41885
name added to list: 41886
name added to list: 41887
name added to list: 41888
name added to list: 41889
name added to list: 41890
name added to list: 41891
name added to list: 41892
name added to list: 41893
name added to list: 41894
name added to list: 41895
name added to list: 41896
name added to list: 41897
name added to list: 41898
name added to list: 41899
name added to list: 41900
name added to list: 41901
name added to list: 41902
name added to list: 41903
name added to list: 41904
name added to list: 41905
name added to list: 41906
name added to list: 41907
name added to list: 41908
name added to list: 41909
name added to list: 41910
name added to list: 41911
name added to list: 41912
name added to list: 41913
name added to list: 41914
name added to list: 41915
name added to list: 41916
name added to list: 41917
name added to list: 41918
name added to list: 41919
name added to list: 41920
name added to list: 41921
name added to list: 41922
name added to list: 41923
name added to list: 41924
name added to list: 41925
name added to list: 41926
name added to list: 41927
name added to list: 41928
name added to list: 41929
name added to list: 41930
name added to list: 41931
name added to list: 41932
name added to list: 41933
name added to list: 41934
name added to list: 41935
name added to list: 41936
name added to list: 41937
name added to list: 41938
name added to list: 41939
name added to list: 41940
name added to list: 41941
name added to list: 41942
name added to list: 41943
name added to list: 41944
name added to list: 41945
name added to list: 41946
name added to list: 41947
name added to list: 41948
name added to list: 41949
name added to list: 41950
name added to list: 41951
name added to list: 41952
name added to list: 41953
name added to list: 41954
name added to list: 41955
name added to list: 41956
name added to list: 41957
name added to list: 41958
name added to list: 41959
name added to list: 41960
name added to list: 41961
name added to list: 41962
name added to list: 41963
name added to list: 41964
name added to list: 41965
name added to list: 41966
name added to list: 41967
name added to list: 41968
name added to list: 41969
name added to list: 41970
name added to list: 41971
name added to list: 41972
name added to list: 41973
name added to list: 41974
name added to list: 41975
name added to list: 41976
name added to list: 41977
name added to list: 41978
name added to list: 41979
name added to list: 41980
name added to list: 41981
name added to list: 41982
name added to list: 41983
name added to list: 41984
name added to list: 41985
name added to list: 41986
name added to list: 41987
name added to list: 41988
name added to list: 41989
name added to list: 41990
name added to list: 41991
name added to list: 41992
name added to list: 41993
name added to list: 41994
name added to list: 41995
name added to list: 41996
name added to list: 41997
name added to list: 41998
name added to list: 41999
name added to list: 42000
name added to list: 42001
name added to list: 42002
name added to list: 42003
name added to list: 42004
name added to list: 42005
name added to list: 42006
name added to list: 42007
name added to list: 42008
name added to list: 42009
name added to list: 42010
name added to list: 42011
name added to list: 42012
name added to list: 42013
name added to list: 42014
name added to list: 42015
name added to list: 42016
name added to list: 42017
name added to list: 42018
name added to list: 42019
name added to list: 42020
name added to list: 42021
name added to list: 42022
name added to list: 42023
name added to list: 42024
name added to list: 42025
name added to list: 42026
name added to list: 42027
name added to list: 42028
name added to list: 42029
name added to list: 42030
name added to list: 42031
name added to list: 42032
name added to list: 42033
name added to list: 42034
name added to list: 42035
name added to list: 42036
name added to list: 42037
name added to list: 42038
name added to list: 42039
name added to list: 42040
name added to list: 42041
name added to list: 42042
name added to list: 42043
name added to list: 42044
name added to list: 42045
name added to list: 42046
name added to list: 42047
name added to list: 42048
name added to list: 42049
name added to list: 42050
name added to list: 42051
name added to list: 42052
name added to list: 42053
name added to list: 42054
name added to list: 42055
name added to list: 42056
name added to list: 42057
name added to list: 42058
name added to list: 42059
name added to list: 42060
name added to list: 42061
name added to list: 42062
name added to list: 42063
name added to list: 42064
name added to list: 42065
name added to list: 42066
name added to list: 42067
name added to list: 42068
name added to list: 42069
name added to list: 42070
name added to list: 42071
name added to list: 42072
name added to list: 42073
name added to list: 42074
name added to list: 42075
name added to list: 42076
name added to list: 42077
name added to list: 42078
name added to list: 42079
name added to list: 42080
name added to list: 42081
name added to list: 42082
name added to list: 42083
name added to list: 42084
name added to list: 42085
name added to list: 42086
name added to list: 42087
name added to list: 42088
name added to list: 42089
name added to list: 42090
name added to list: 42091
name added to list: 42092
name added to list: 42093
name added to list: 42094
name added to list: 42095
name added to list: 42096
name added to list: 42097
name added to list: 42098
name added to list: 42099
name added to list: 42100
name added to list: 42101
name added to list: 42102
name added to list: 42103
name added to list: 42104
name added to list: 42105
name added to list: 42106
name added to list: 42107
name added to list: 42108
name added to list: 42109
name added to list: 42110
name added to list: 42111
name added to list: 42112
name added to list: 42113
name added to list: 42114
name added to list: 42115
name added to list: 42116
name added to list: 42117
name added to list: 42118
name added to list: 42119
name added to list: 42120
name added to list: 42121
name added to list: 42122
name added to list: 42123
name added to list: 42124
name added to list: 42125
name added to list: 42126
name added to list: 42127
name added to list: 42128
name added to list: 42129
name added to list: 42130
name added to list: 42131
name added to list: 42132
name added to list: 42133
name added to list: 42134
name added to list: 42135
name added to list: 42136
name added to list: 42137
name added to list: 42138
name added to list: 42139
name added to list: 42140
name added to list: 42141
name added to list: 42142
name added to list: 42143
name added to list: 42144
name added to list: 42145
name added to list: 42146
name added to list: 42147
name added to list: 42148
name added to list: 42149
name added to list: 42150
name added to list: 42151
name added to list: 42152
name added to list: 42153
name added to list: 42154
name added to list: 42155
name added to list: 42156
name added to list: 42157
name added to list: 42158
name added to list: 42159
name added to list: 42160
name added to list: 42161
name added to list: 42162
name added to list: 42163
name added to list: 42164
name added to list: 42165
name added to list: 42166
name added to list: 42167
name added to list: 42168
name added to list: 42169
name added to list: 42170
name added to list: 42171
name added to list: 42172
name added to list: 42173
name added to list: 42174
name added to list: 42175
name added to list: 42176
name added to list: 42177
name added to list: 42178
name added to list: 42179
name added to list: 42180
name added to list: 42181
name added to list: 42182
name added to list: 42183
name added to list: 42184
name added to list: 42185
name added to list: 42186
name added to list: 42187
name added to list: 42188
name added to list: 42189
name added to list: 42190
name added to list: 42191
name added to list: 42192
name added to list: 42193
name added to list: 42194
name added to list: 42195
name added to list: 42196
name added to list: 42197
name added to list: 42198
name added to list: 42199
name added to list: 42200
name added to list: 42201
name added to list: 42202
name added to list: 42203
name added to list: 42204
name added to list: 42205
name added to list: 42206
name added to list: 42207
name added to list: 42208
name added to list: 42209
name added to list: 42210
name added to list: 42211
name added to list: 42212
name added to list: 42213
name added to list: 42214
name added to list: 42215
name added to list: 42216
name added to list: 42217
name added to list: 42218
name added to list: 42219
name added to list: 42220
name added to list: 42221
name added to list: 42222
name added to list: 42223
name added to list: 42224
name added to list: 42225
name added to list: 42226
name added to list: 42227
name added to list: 42228
name added to list: 42229
name added to list: 42230
name added to list: 42231
name added to list: 42232
name added to list: 42233
name added to list: 42234
name added to list: 42235
name added to list: 42236
name added to list: 42237
name added to list: 42238
name added to list: 42239
name added to list: 42240
name added to list: 42241
name added to list: 42242
name added to list: 42243
name added to list: 42244
name added to list: 42245
name added to list: 42246
name added to list: 42247
name added to list: 42248
name added to list: 42249
name added to list: 42250
name added to list: 42251
name added to list: 42252
name added to list: 42253
name added to list: 42254
name added to list: 42255
name added to list: 42256
name added to list: 42257
name added to list: 42258
name added to list: 42259
name added to list: 42260
name added to list: 42261
name added to list: 42262
name added to list: 42263
name added to list: 42264
name added to list: 42265
name added to list: 42266
name added to list: 42267
name added to list: 42268
name added to list: 42269
name added to list: 42270
name added to list: 42271
name added to list: 42272
name added to list: 42273
name added to list: 42274
name added to list: 42275
name added to list: 42276
name added to list: 42277
name added to list: 42278
name added to list: 42279
name added to list: 42280
name added to list: 42281
name added to list: 42282
name added to list: 42283
name added to list: 42284
name added to list: 42285
name added to list: 42286
name added to list: 42287
name added to list: 42288
name added to list: 42289
name added to list: 42290
name added to list: 42291
name added to list: 42292
name added to list: 42293
name added to list: 42294
name added to list: 42295
name added to list: 42296
name added to list: 42297
name added to list: 42298
name added to list: 42299
name added to list: 42300
name added to list: 42301
name added to list: 42302
name added to list: 42303
name added to list: 42304
name added to list: 42305
name added to list: 42306
name added to list: 42307
name added to list: 42308
name added to list: 42309
name added to list: 42310
name added to list: 42311
name added to list: 42312
name added to list: 42313
name added to list: 42314
name added to list: 42315
name added to list: 42316
name added to list: 42317
name added to list: 42318
name added to list: 42319
name added to list: 42320
name added to list: 42321
name added to list: 42322
name added to list: 42323
name added to list: 42324
name added to list: 42325
name added to list: 42326
name added to list: 42327
name added to list: 42328
name added to list: 42329
name added to list: 42330
name added to list: 42331
name added to list: 42332
name added to list: 42333
name added to list: 42334
name added to list: 42335
name added to list: 42336
name added to list: 42337
name added to list: 42338
name added to list: 42339
name added to list: 42340
name added to list: 42341
name added to list: 42342
name added to list: 42343
name added to list: 42344
name added to list: 42345
name added to list: 42346
name added to list: 42347
name added to list: 42348
name added to list: 42349
name added to list: 42350
name added to list: 42351
name added to list: 42352
name added to list: 42353
name added to list: 42354
name added to list: 42355
name added to list: 42356
name added to list: 42357
name added to list: 42358
name added to list: 42359
name added to list: 42360
name added to list: 42361
name added to list: 42362
name added to list: 42363
name added to list: 42364
name added to list: 42365
name added to list: 42366
name added to list: 42367
name added to list: 42368
name added to list: 42369
name added to list: 42370
name added to list: 42371
name added to list: 42372
name added to list: 42373
name added to list: 42374
name added to list: 42375
name added to list: 42376
name added to list: 42377
name added to list: 42378
name added to list: 42379
name added to list: 42380
name added to list: 42381
name added to list: 42382
name added to list: 42383
name added to list: 42384
name added to list: 42385
name added to list: 42386
name added to list: 42387
name added to list: 42388
name added to list: 42389
name added to list: 42390
name added to list: 42391
name added to list: 42392
name added to list: 42393
name added to list: 42394
name added to list: 42395
name added to list: 42396
name added to list: 42397
name added to list: 42398
name added to list: 42399
name added to list: 42400
name added to list: 42401
name added to list: 42402
name added to list: 42403
name added to list: 42404
name added to list: 42405
name added to list: 42406
name added to list: 42407
name added to list: 42408
name added to list: 42409
name added to list: 42410
name added to list: 42411
name added to list: 42412
name added to list: 42413
name added to list: 42414
name added to list: 42415
name added to list: 42416
name added to list: 42417
name added to list: 42418
name added to list: 42419
name added to list: 42420
name added to list: 42421
name added to list: 42422
name added to list: 42423
name added to list: 42424
name added to list: 42425
name added to list: 42426
name added to list: 42427
name added to list: 42428
name added to list: 42429
name added to list: 42430
name added to list: 42431
name added to list: 42432
name added to list: 42433
name added to list: 42434
name added to list: 42435
name added to list: 42436
name added to list: 42437
name added to list: 42438
name added to list: 42439
name added to list: 42440
name added to list: 42441
name added to list: 42442
name added to list: 42443
name added to list: 42444
name added to list: 42445
name added to list: 42446
name added to list: 42447
name added to list: 42448
name added to list: 42449
name added to list: 42450
name added to list: 42451
name added to list: 42452
name added to list: 42453
name added to list: 42454
name added to list: 42455
name added to list: 42456
name added to list: 42457
name added to list: 42458
name added to list: 42459
name added to list: 42460
name added to list: 42461
name added to list: 42462
name added to list: 42463
name added to list: 42464
name added to list: 42465
name added to list: 42466
name added to list: 42467
name added to list: 42468
name added to list: 42469
name added to list: 42470
name added to list: 42471
name added to list: 42472
name added to list: 42473
name added to list: 42474
name added to list: 42475
name added to list: 42476
name added to list: 42477
name added to list: 42478
name added to list: 42479
name added to list: 42480
name added to list: 42481
name added to list: 42482
name added to list: 42483
name added to list: 42484
name added to list: 42485
name added to list: 42486
name added to list: 42487
name added to list: 42488
name added to list: 42489
name added to list: 42490
name added to list: 42491
name added to list: 42492
name added to list: 42493
name added to list: 42494
name added to list: 42495
name added to list: 42496
name added to list: 42497
name added to list: 42498
name added to list: 42499
name added to list: 42500
name added to list: 42501
name added to list: 42502
name added to list: 42503
name added to list: 42504
name added to list: 42505
name added to list: 42506
name added to list: 42507
name added to list: 42508
name added to list: 42509
name added to list: 42510
name added to list: 42511
name added to list: 42512
name added to list: 42513
name added to list: 42514
name added to list: 42515
name added to list: 42516
name added to list: 42517
name added to list: 42518
name added to list: 42519
name added to list: 42520
name added to list: 42521
name added to list: 42522
name added to list: 42523
name added to list: 42524
name added to list: 42525
name added to list: 42526
name added to list: 42527
name added to list: 42528
name added to list: 42529
name added to list: 42530
name added to list: 42531
name added to list: 42532
name added to list: 42533
name added to list: 42534
name added to list: 42535
name added to list: 42536
name added to list: 42537
name added to list: 42538
name added to list: 42539
name added to list: 42540
name added to list: 42541
name added to list: 42542
name added to list: 42543
name added to list: 42544
name added to list: 42545
name added to list: 42546
name added to list: 42547
name added to list: 42548
name added to list: 42549
name added to list: 42550
name added to list: 42551
name added to list: 42552
name added to list: 42553
name added to list: 42554
name added to list: 42555
name added to list: 42556
name added to list: 42557
name added to list: 42558
name added to list: 42559
name added to list: 42560
name added to list: 42561
name added to list: 42562
name added to list: 42563
name added to list: 42564
name added to list: 42565
name added to list: 42566
name added to list: 42567
name added to list: 42568
name added to list: 42569
name added to list: 42570
name added to list: 42571
name added to list: 42572
name added to list: 42573
name added to list: 42574
name added to list: 42575
name added to list: 42576
name added to list: 42577
name added to list: 42578
name added to list: 42579
name added to list: 42580
name added to list: 42581
name added to list: 42582
name added to list: 42583
name added to list: 42584
name added to list: 42585
name added to list: 42586
name added to list: 42587
name added to list: 42588
name added to list: 42589
name added to list: 42590
name added to list: 42591
name added to list: 42592
name added to list: 42593
name added to list: 42594
name added to list: 42595
name added to list: 42596
name added to list: 42597
name added to list: 42598
name added to list: 42599
name added to list: 42600
name added to list: 42601
name added to list: 42602
name added to list: 42603
name added to list: 42604
name added to list: 42605
name added to list: 42606
name added to list: 42607
name added to list: 42608
name added to list: 42609
name added to list: 42610
name added to list: 42611
name added to list: 42612
name added to list: 42613
name added to list: 42614
name added to list: 42615
name added to list: 42616
name added to list: 42617
name added to list: 42618
name added to list: 42619
name added to list: 42620
name added to list: 42621
name added to list: 42622
name added to list: 42623
name added to list: 42624
name added to list: 42625
name added to list: 42626
name added to list: 42627
name added to list: 42628
name added to list: 42629
name added to list: 42630
name added to list: 42631
name added to list: 42632
name added to list: 42633
name added to list: 42634
name added to list: 42635
name added to list: 42636
name added to list: 42637
name added to list: 42638
name added to list: 42639
name added to list: 42640
name added to list: 42641
name added to list: 42642
name added to list: 42643
name added to list: 42644
name added to list: 42645
name added to list: 42646
name added to list: 42647
name added to list: 42648
name added to list: 42649
name added to list: 42650
name added to list: 42651
name added to list: 42652
name added to list: 42653
name added to list: 42654
name added to list: 42655
name added to list: 42656
name added to list: 42657
name added to list: 42658
name added to list: 42659
name added to list: 42660
name added to list: 42661
name added to list: 42662
name added to list: 42663
name added to list: 42664
name added to list: 42665
name added to list: 42666
name added to list: 42667
name added to list: 42668
name added to list: 42669
name added to list: 42670
name added to list: 42671
name added to list: 42672
name added to list: 42673
name added to list: 42674
name added to list: 42675
name added to list: 42676
name added to list: 42677
name added to list: 42678
name added to list: 42679
name added to list: 42680
name added to list: 42681
name added to list: 42682
name added to list: 42683
name added to list: 42684
name added to list: 42685
name added to list: 42686
name added to list: 42687
name added to list: 42688
name added to list: 42689
name added to list: 42690
name added to list: 42691
name added to list: 42692
name added to list: 42693
name added to list: 42694
name added to list: 42695
name added to list: 42696
name added to list: 42697
name added to list: 42698
name added to list: 42699
name added to list: 42700
name added to list: 42701
name added to list: 42702
name added to list: 42703
name added to list: 42704
name added to list: 42705
name added to list: 42706
name added to list: 42707
name added to list: 42708
name added to list: 42709
name added to list: 42710
name added to list: 42711
name added to list: 42712
name added to list: 42713
name added to list: 42714
name added to list: 42715
name added to list: 42716
name added to list: 42717
name added to list: 42718
name added to list: 42719
name added to list: 42720
name added to list: 42721
name added to list: 42722
name added to list: 42723
name added to list: 42724
name added to list: 42725
name added to list: 42726
name added to list: 42727
name added to list: 42728
name added to list: 42729
name added to list: 42730
name added to list: 42731
name added to list: 42732
name added to list: 42733
name added to list: 42734
name added to list: 42735
name added to list: 42736
name added to list: 42737
name added to list: 42738
name added to list: 42739
name added to list: 42740
name added to list: 42741
name added to list: 42742
name added to list: 42743
name added to list: 42744
name added to list: 42745
name added to list: 42746
name added to list: 42747
name added to list: 42748
name added to list: 42749
name added to list: 42750
name added to list: 42751
name added to list: 42752
name added to list: 42753
name added to list: 42754
name added to list: 42755
name added to list: 42756
name added to list: 42757
name added to list: 42758
name added to list: 42759
name added to list: 42760
name added to list: 42761
name added to list: 42762
name added to list: 42763
name added to list: 42764
name added to list: 42765
name added to list: 42766
name added to list: 42767
name added to list: 42768
name added to list: 42769
name added to list: 42770
name added to list: 42771
name added to list: 42772
name added to list: 42773
name added to list: 42774
name added to list: 42775
name added to list: 42776
name added to list: 42777
name added to list: 42778
name added to list: 42779
name added to list: 42780
name added to list: 42781
name added to list: 42782
name added to list: 42783
name added to list: 42784
name added to list: 42785
name added to list: 42786
name added to list: 42787
name added to list: 42788
name added to list: 42789
name added to list: 42790
name added to list: 42791
name added to list: 42792
name added to list: 42793
name added to list: 42794
name added to list: 42795
name added to list: 42796
name added to list: 42797
name added to list: 42798
name added to list: 42799
name added to list: 42800
name added to list: 42801
name added to list: 42802
name added to list: 42803
name added to list: 42804
name added to list: 42805
name added to list: 42806
name added to list: 42807
name added to list: 42808
name added to list: 42809
name added to list: 42810
name added to list: 42811
name added to list: 42812
name added to list: 42813
name added to list: 42814
name added to list: 42815
name added to list: 42816
name added to list: 42817
name added to list: 42818
name added to list: 42819
name added to list: 42820
name added to list: 42821
name added to list: 42822
name added to list: 42823
name added to list: 42824
name added to list: 42825
name added to list: 42826
name added to list: 42827
name added to list: 42828
name added to list: 42829
name added to list: 42830
name added to list: 42831
name added to list: 42832
name added to list: 42833
name added to list: 42834
name added to list: 42835
name added to list: 42836
name added to list: 42837
name added to list: 42838
name added to list: 42839
name added to list: 42840
name added to list: 42841
name added to list: 42842
name added to list: 42843
name added to list: 42844
name added to list: 42845
name added to list: 42846
name added to list: 42847
name added to list: 42848
name added to list: 42849
name added to list: 42850
name added to list: 42851
name added to list: 42852
name added to list: 42853
name added to list: 42854
name added to list: 42855
name added to list: 42856
name added to list: 42857
name added to list: 42858
name added to list: 42859
name added to list: 42860
name added to list: 42861
name added to list: 42862
name added to list: 42863
name added to list: 42864
name added to list: 42865
name added to list: 42866
name added to list: 42867
name added to list: 42868
name added to list: 42869
name added to list: 42870
name added to list: 42871
name added to list: 42872
name added to list: 42873
name added to list: 42874
name added to list: 42875
name added to list: 42876
name added to list: 42877
name added to list: 42878
name added to list: 42879
name added to list: 42880
name added to list: 42881
name added to list: 42882
name added to list: 42883
name added to list: 42884
name added to list: 42885
name added to list: 42886
name added to list: 42887
name added to list: 42888
name added to list: 42889
name added to list: 42890
name added to list: 42891
name added to list: 42892
name added to list: 42893
name added to list: 42894
name added to list: 42895
name added to list: 42896
name added to list: 42897
name added to list: 42898
name added to list: 42899
name added to list: 42900
name added to list: 42901
name added to list: 42902
name added to list: 42903
name added to list: 42904
name added to list: 42905
name added to list: 42906
name added to list: 42907
name added to list: 42908
name added to list: 42909
name added to list: 42910
name added to list: 42911
name added to list: 42912
name added to list: 42913
name added to list: 42914
name added to list: 42915
name added to list: 42916
name added to list: 42917
name added to list: 42918
name added to list: 42919
name added to list: 42920
name added to list: 42921
name added to list: 42922
name added to list: 42923
name added to list: 42924
name added to list: 42925
name added to list: 42926
name added to list: 42927
name added to list: 42928
name added to list: 42929
name added to list: 42930
name added to list: 42931
name added to list: 42932
name added to list: 42933
name added to list: 42934
name added to list: 42935
name added to list: 42936
name added to list: 42937
name added to list: 42938
name added to list: 42939
name added to list: 42940
name added to list: 42941
name added to list: 42942
name added to list: 42943
name added to list: 42944
name added to list: 42945
name added to list: 42946
name added to list: 42947
name added to list: 42948
name added to list: 42949
name added to list: 42950
name added to list: 42951
name added to list: 42952
name added to list: 42953
name added to list: 42954
name added to list: 42955
name added to list: 42956
name added to list: 42957
name added to list: 42958
name added to list: 42959
name added to list: 42960
name added to list: 42961
name added to list: 42962
name added to list: 42963
name added to list: 42964
name added to list: 42965
name added to list: 42966
name added to list: 42967
name added to list: 42968
name added to list: 42969
name added to list: 42970
name added to list: 42971
name added to list: 42972
name added to list: 42973
name added to list: 42974
name added to list: 42975
name added to list: 42976
name added to list: 42977
name added to list: 42978
name added to list: 42979
name added to list: 42980
name added to list: 42981
name added to list: 42982
name added to list: 42983
name added to list: 42984
name added to list: 42985
name added to list: 42986
name added to list: 42987
name added to list: 42988
name added to list: 42989
name added to list: 42990
name added to list: 42991
name added to list: 42992
name added to list: 42993
name added to list: 42994
name added to list: 42995
name added to list: 42996
name added to list: 42997
name added to list: 42998
name added to list: 42999
name added to list: 43000
name added to list: 43001
name added to list: 43002
name added to list: 43003
name added to list: 43004
name added to list: 43005
name added to list: 43006
name added to list: 43007
name added to list: 43008
name added to list: 43009
name added to list: 43010
name added to list: 43011
name added to list: 43012
name added to list: 43013
name added to list: 43014
name added to list: 43015
name added to list: 43016
name added to list: 43017
name added to list: 43018
name added to list: 43019
name added to list: 43020
name added to list: 43021
name added to list: 43022
name added to list: 43023
name added to list: 43024
name added to list: 43025
name added to list: 43026
name added to list: 43027
name added to list: 43028
name added to list: 43029
name added to list: 43030
name added to list: 43031
name added to list: 43032
name added to list: 43033
name added to list: 43034
name added to list: 43035
name added to list: 43036
name added to list: 43037
name added to list: 43038
name added to list: 43039
name added to list: 43040
name added to list: 43041
name added to list: 43042
name added to list: 43043
name added to list: 43044
name added to list: 43045
name added to list: 43046
name added to list: 43047
name added to list: 43048
name added to list: 43049
name added to list: 43050
name added to list: 43051
name added to list: 43052
name added to list: 43053
name added to list: 43054
name added to list: 43055
name added to list: 43056
name added to list: 43057
name added to list: 43058
name added to list: 43059
name added to list: 43060
name added to list: 43061
name added to list: 43062
name added to list: 43063
name added to list: 43064
name added to list: 43065
name added to list: 43066
name added to list: 43067
name added to list: 43068
name added to list: 43069
name added to list: 43070
name added to list: 43071
name added to list: 43072
name added to list: 43073
name added to list: 43074
name added to list: 43075
name added to list: 43076
name added to list: 43077
name added to list: 43078
name added to list: 43079
name added to list: 43080
name added to list: 43081
name added to list: 43082
name added to list: 43083
name added to list: 43084
name added to list: 43085
name added to list: 43086
name added to list: 43087
name added to list: 43088
name added to list: 43089
name added to list: 43090
name added to list: 43091
name added to list: 43092
name added to list: 43093
name added to list: 43094
name added to list: 43095
name added to list: 43096
name added to list: 43097
name added to list: 43098
name added to list: 43099
name added to list: 43100
name added to list: 43101
name added to list: 43102
name added to list: 43103
name added to list: 43104
name added to list: 43105
name added to list: 43106
name added to list: 43107
name added to list: 43108
name added to list: 43109
name added to list: 43110
name added to list: 43111
name added to list: 43112
name added to list: 43113
name added to list: 43114
name added to list: 43115
name added to list: 43116
name added to list: 43117
name added to list: 43118
name added to list: 43119
name added to list: 43120
name added to list: 43121
name added to list: 43122
name added to list: 43123
name added to list: 43124
name added to list: 43125
name added to list: 43126
name added to list: 43127
name added to list: 43128
name added to list: 43129
name added to list: 43130
name added to list: 43131
name added to list: 43132
name added to list: 43133
name added to list: 43134
name added to list: 43135
name added to list: 43136
name added to list: 43137
name added to list: 43138
name added to list: 43139
name added to list: 43140
name added to list: 43141
name added to list: 43142
name added to list: 43143
name added to list: 43144
name added to list: 43145
name added to list: 43146
name added to list: 43147
name added to list: 43148
name added to list: 43149
name added to list: 43150
name added to list: 43151
name added to list: 43152
name added to list: 43153
name added to list: 43154
name added to list: 43155
name added to list: 43156
name added to list: 43157
name added to list: 43158
name added to list: 43159
name added to list: 43160
name added to list: 43161
name added to list: 43162
name added to list: 43163
name added to list: 43164
name added to list: 43165
name added to list: 43166
name added to list: 43167
name added to list: 43168
name added to list: 43169
name added to list: 43170
name added to list: 43171
name added to list: 43172
name added to list: 43173
name added to list: 43174
name added to list: 43175
name added to list: 43176
name added to list: 43177
name added to list: 43178
name added to list: 43179
name added to list: 43180
name added to list: 43181
name added to list: 43182
name added to list: 43183
name added to list: 43184
name added to list: 43185
name added to list: 43186
name added to list: 43187
name added to list: 43188
name added to list: 43189
name added to list: 43190
name added to list: 43191
name added to list: 43192
name added to list: 43193
name added to list: 43194
name added to list: 43195
name added to list: 43196
name added to list: 43197
name added to list: 43198
name added to list: 43199
name added to list: 43200
name added to list: 43201
name added to list: 43202
name added to list: 43203
name added to list: 43204
name added to list: 43205
name added to list: 43206
name added to list: 43207
name added to list: 43208
name added to list: 43209
name added to list: 43210
name added to list: 43211
name added to list: 43212
name added to list: 43213
name added to list: 43214
name added to list: 43215
name added to list: 43216
name added to list: 43217
name added to list: 43218
name added to list: 43219
name added to list: 43220
name added to list: 43221
name added to list: 43222
name added to list: 43223
name added to list: 43224
name added to list: 43225
name added to list: 43226
name added to list: 43227
name added to list: 43228
name added to list: 43229
name added to list: 43230
name added to list: 43231
name added to list: 43232
name added to list: 43233
name added to list: 43234
name added to list: 43235
name added to list: 43236
name added to list: 43237
name added to list: 43238
name added to list: 43239
name added to list: 43240
name added to list: 43241
name added to list: 43242
name added to list: 43243
name added to list: 43244
name added to list: 43245
name added to list: 43246
name added to list: 43247
name added to list: 43248
name added to list: 43249
name added to list: 43250
name added to list: 43251
name added to list: 43252
name added to list: 43253
name added to list: 43254
name added to list: 43255
name added to list: 43256
name added to list: 43257
name added to list: 43258
name added to list: 43259
name added to list: 43260
name added to list: 43261
name added to list: 43262
name added to list: 43263
name added to list: 43264
name added to list: 43265
name added to list: 43266
name added to list: 43267
name added to list: 43268
name added to list: 43269
name added to list: 43270
name added to list: 43271
name added to list: 43272
name added to list: 43273
name added to list: 43274
name added to list: 43275
name added to list: 43276
name added to list: 43277
name added to list: 43278
name added to list: 43279
name added to list: 43280
name added to list: 43281
name added to list: 43282
name added to list: 43283
name added to list: 43284
name added to list: 43285
name added to list: 43286
name added to list: 43287
name added to list: 43288
name added to list: 43289
name added to list: 43290
name added to list: 43291
name added to list: 43292
name added to list: 43293
name added to list: 43294
name added to list: 43295
name added to list: 43296
name added to list: 43297
name added to list: 43298
name added to list: 43299
name added to list: 43300
name added to list: 43301
name added to list: 43302
name added to list: 43303
name added to list: 43304
name added to list: 43305
name added to list: 43306
name added to list: 43307
name added to list: 43308
name added to list: 43309
name added to list: 43310
name added to list: 43311
name added to list: 43312
name added to list: 43313
name added to list: 43314
name added to list: 43315
name added to list: 43316
name added to list: 43317
name added to list: 43318
name added to list: 43319
name added to list: 43320
name added to list: 43321
name added to list: 43322
name added to list: 43323
name added to list: 43324
name added to list: 43325
name added to list: 43326
name added to list: 43327
name added to list: 43328
name added to list: 43329
name added to list: 43330
name added to list: 43331
name added to list: 43332
name added to list: 43333
name added to list: 43334
name added to list: 43335
name added to list: 43336
name added to list: 43337
name added to list: 43338
name added to list: 43339
name added to list: 43340
name added to list: 43341
name added to list: 43342
name added to list: 43343
name added to list: 43344
name added to list: 43345
name added to list: 43346
name added to list: 43347
name added to list: 43348
name added to list: 43349
name added to list: 43350
name added to list: 43351
name added to list: 43352
name added to list: 43353
name added to list: 43354
name added to list: 43355
name added to list: 43356
name added to list: 43357
name added to list: 43358
name added to list: 43359
name added to list: 43360
name added to list: 43361
name added to list: 43362
name added to list: 43363
name added to list: 43364
name added to list: 43365
name added to list: 43366
name added to list: 43367
name added to list: 43368
name added to list: 43369
name added to list: 43370
name added to list: 43371
name added to list: 43372
name added to list: 43373
name added to list: 43374
name added to list: 43375
name added to list: 43376
name added to list: 43377
name added to list: 43378
name added to list: 43379
name added to list: 43380
name added to list: 43381
name added to list: 43382
name added to list: 43383
name added to list: 43384
name added to list: 43385
name added to list: 43386
name added to list: 43387
name added to list: 43388
name added to list: 43389
name added to list: 43390
name added to list: 43391
name added to list: 43392
name added to list: 43393
name added to list: 43394
name added to list: 43395
name added to list: 43396
name added to list: 43397
name added to list: 43398
name added to list: 43399
name added to list: 43400
name added to list: 43401
name added to list: 43402
name added to list: 43403
name added to list: 43404
name added to list: 43405
name added to list: 43406
name added to list: 43407
name added to list: 43408
name added to list: 43409
name added to list: 43410
name added to list: 43411
name added to list: 43412
name added to list: 43413
name added to list: 43414
name added to list: 43415
name added to list: 43416
name added to list: 43417
name added to list: 43418
name added to list: 43419
name added to list: 43420
name added to list: 43421
name added to list: 43422
name added to list: 43423
name added to list: 43424
name added to list: 43425
name added to list: 43426
name added to list: 43427
name added to list: 43428
name added to list: 43429
name added to list: 43430
name added to list: 43431
name added to list: 43432
name added to list: 43433
name added to list: 43434
name added to list: 43435
name added to list: 43436
name added to list: 43437
name added to list: 43438
name added to list: 43439
name added to list: 43440
name added to list: 43441
name added to list: 43442
name added to list: 43443
name added to list: 43444
name added to list: 43445
name added to list: 43446
name added to list: 43447
name added to list: 43448
name added to list: 43449
name added to list: 43450
name added to list: 43451
name added to list: 43452
name added to list: 43453
name added to list: 43454
name added to list: 43455
name added to list: 43456
name added to list: 43457
name added to list: 43458
name added to list: 43459
name added to list: 43460
name added to list: 43461
name added to list: 43462
name added to list: 43463
name added to list: 43464
name added to list: 43465
name added to list: 43466
name added to list: 43467
name added to list: 43468
name added to list: 43469
name added to list: 43470
name added to list: 43471
name added to list: 43472
name added to list: 43473
name added to list: 43474
name added to list: 43475
name added to list: 43476
name added to list: 43477
name added to list: 43478
name added to list: 43479
name added to list: 43480
name added to list: 43481
name added to list: 43482
name added to list: 43483
name added to list: 43484
name added to list: 43485
name added to list: 43486
name added to list: 43487
name added to list: 43488
name added to list: 43489
name added to list: 43490
name added to list: 43491
name added to list: 43492
name added to list: 43493
name added to list: 43494
name added to list: 43495
name added to list: 43496
name added to list: 43497
name added to list: 43498
name added to list: 43499
name added to list: 43500
name added to list: 43501
name added to list: 43502
name added to list: 43503
name added to list: 43504
name added to list: 43505
name added to list: 43506
name added to list: 43507
name added to list: 43508
name added to list: 43509
name added to list: 43510
name added to list: 43511
name added to list: 43512
name added to list: 43513
name added to list: 43514
name added to list: 43515
name added to list: 43516
name added to list: 43517
name added to list: 43518
name added to list: 43519
name added to list: 43520
name added to list: 43521
name added to list: 43522
name added to list: 43523
name added to list: 43524
name added to list: 43525
name added to list: 43526
name added to list: 43527
name added to list: 43528
name added to list: 43529
name added to list: 43530
name added to list: 43531
name added to list: 43532
name added to list: 43533
name added to list: 43534
name added to list: 43535
name added to list: 43536
name added to list: 43537
name added to list: 43538
name added to list: 43539
name added to list: 43540
name added to list: 43541
name added to list: 43542
name added to list: 43543
name added to list: 43544
name added to list: 43545
name added to list: 43546
name added to list: 43547
name added to list: 43548
name added to list: 43549
name added to list: 43550
name added to list: 43551
name added to list: 43552
name added to list: 43553
name added to list: 43554
name added to list: 43555
name added to list: 43556
name added to list: 43557
name added to list: 43558
name added to list: 43559
name added to list: 43560
name added to list: 43561
name added to list: 43562
name added to list: 43563
name added to list: 43564
name added to list: 43565
name added to list: 43566
name added to list: 43567
name added to list: 43568
name added to list: 43569
name added to list: 43570
name added to list: 43571
name added to list: 43572
name added to list: 43573
name added to list: 43574
name added to list: 43575
name added to list: 43576
name added to list: 43577
name added to list: 43578
name added to list: 43579
name added to list: 43580
name added to list: 43581
name added to list: 43582
name added to list: 43583
name added to list: 43584
name added to list: 43585
name added to list: 43586
name added to list: 43587
name added to list: 43588
name added to list: 43589
name added to list: 43590
name added to list: 43591
name added to list: 43592
name added to list: 43593
name added to list: 43594
name added to list: 43595
name added to list: 43596
name added to list: 43597
name added to list: 43598
name added to list: 43599
name added to list: 43600
name added to list: 43601
name added to list: 43602
name added to list: 43603
name added to list: 43604
name added to list: 43605
name added to list: 43606
name added to list: 43607
name added to list: 43608
name added to list: 43609
name added to list: 43610
name added to list: 43611
name added to list: 43612
name added to list: 43613
name added to list: 43614
name added to list: 43615
name added to list: 43616
name added to list: 43617
name added to list: 43618
name added to list: 43619
name added to list: 43620
name added to list: 43621
name added to list: 43622
name added to list: 43623
name added to list: 43624
name added to list: 43625
name added to list: 43626
name added to list: 43627
name added to list: 43628
name added to list: 43629
name added to list: 43630
name added to list: 43631
name added to list: 43632
name added to list: 43633
name added to list: 43634
name added to list: 43635
name added to list: 43636
name added to list: 43637
name added to list: 43638
name added to list: 43639
name added to list: 43640
name added to list: 43641
name added to list: 43642
name added to list: 43643
name added to list: 43644
name added to list: 43645
name added to list: 43646
name added to list: 43647
name added to list: 43648
name added to list: 43649
name added to list: 43650
name added to list: 43651
name added to list: 43652
name added to list: 43653
name added to list: 43654
name added to list: 43655
name added to list: 43656
name added to list: 43657
name added to list: 43658
name added to list: 43659
name added to list: 43660
name added to list: 43661
name added to list: 43662
name added to list: 43663
name added to list: 43664
name added to list: 43665
name added to list: 43666
name added to list: 43667
name added to list: 43668
name added to list: 43669
name added to list: 43670
name added to list: 43671
name added to list: 43672
name added to list: 43673
name added to list: 43674
name added to list: 43675
name added to list: 43676
name added to list: 43677
name added to list: 43678
name added to list: 43679
name added to list: 43680
name added to list: 43681
name added to list: 43682
name added to list: 43683
name added to list: 43684
name added to list: 43685
name added to list: 43686
name added to list: 43687
name added to list: 43688
name added to list: 43689
name added to list: 43690
name added to list: 43691
name added to list: 43692
name added to list: 43693
name added to list: 43694
name added to list: 43695
name added to list: 43696
name added to list: 43697
name added to list: 43698
name added to list: 43699
name added to list: 43700
name added to list: 43701
name added to list: 43702
name added to list: 43703
name added to list: 43704
name added to list: 43705
name added to list: 43706
name added to list: 43707
name added to list: 43708
name added to list: 43709
name added to list: 43710
name added to list: 43711
name added to list: 43712
name added to list: 43713
name added to list: 43714
name added to list: 43715
name added to list: 43716
name added to list: 43717
name added to list: 43718
name added to list: 43719
name added to list: 43720
name added to list: 43721
name added to list: 43722
name added to list: 43723
name added to list: 43724
name added to list: 43725
name added to list: 43726
name added to list: 43727
name added to list: 43728
name added to list: 43729
name added to list: 43730
name added to list: 43731
name added to list: 43732
name added to list: 43733
name added to list: 43734
name added to list: 43735
name added to list: 43736
name added to list: 43737
name added to list: 43738
name added to list: 43739
name added to list: 43740
name added to list: 43741
name added to list: 43742
name added to list: 43743
name added to list: 43744
name added to list: 43745
name added to list: 43746
name added to list: 43747
name added to list: 43748
name added to list: 43749
name added to list: 43750
name added to list: 43751
name added to list: 43752
name added to list: 43753
name added to list: 43754
name added to list: 43755
name added to list: 43756
name added to list: 43757
name added to list: 43758
name added to list: 43759
name added to list: 43760
name added to list: 43761
name added to list: 43762
name added to list: 43763
name added to list: 43764
name added to list: 43765
name added to list: 43766
name added to list: 43767
name added to list: 43768
name added to list: 43769
name added to list: 43770
name added to list: 43771
name added to list: 43772
name added to list: 43773
name added to list: 43774
name added to list: 43775
name added to list: 43776
name added to list: 43777
name added to list: 43778
name added to list: 43779
name added to list: 43780
name added to list: 43781
name added to list: 43782
name added to list: 43783
name added to list: 43784
name added to list: 43785
name added to list: 43786
name added to list: 43787
name added to list: 43788
name added to list: 43789
name added to list: 43790
name added to list: 43791
name added to list: 43792
name added to list: 43793
name added to list: 43794
name added to list: 43795
name added to list: 43796
name added to list: 43797
name added to list: 43798
name added to list: 43799
name added to list: 43800
name added to list: 43801
name added to list: 43802
name added to list: 43803
name added to list: 43804
name added to list: 43805
name added to list: 43806
name added to list: 43807
name added to list: 43808
name added to list: 43809
name added to list: 43810
name added to list: 43811
name added to list: 43812
name added to list: 43813
name added to list: 43814
name added to list: 43815
name added to list: 43816
name added to list: 43817
name added to list: 43818
name added to list: 43819
name added to list: 43820
name added to list: 43821
name added to list: 43822
name added to list: 43823
name added to list: 43824
name added to list: 43825
name added to list: 43826
name added to list: 43827
name added to list: 43828
name added to list: 43829
name added to list: 43830
name added to list: 43831
name added to list: 43832
name added to list: 43833
name added to list: 43834
name added to list: 43835
name added to list: 43836
name added to list: 43837
name added to list: 43838
name added to list: 43839
name added to list: 43840
name added to list: 43841
name added to list: 43842
name added to list: 43843
name added to list: 43844
name added to list: 43845
name added to list: 43846
name added to list: 43847
name added to list: 43848
name added to list: 43849
name added to list: 43850
name added to list: 43851
name added to list: 43852
name added to list: 43853
name added to list: 43854
name added to list: 43855
name added to list: 43856
name added to list: 43857
name added to list: 43858
name added to list: 43859
name added to list: 43860
name added to list: 43861
name added to list: 43862
name added to list: 43863
name added to list: 43864
name added to list: 43865
name added to list: 43866
name added to list: 43867
name added to list: 43868
name added to list: 43869
name added to list: 43870
name added to list: 43871
name added to list: 43872
name added to list: 43873
name added to list: 43874
name added to list: 43875
name added to list: 43876
name added to list: 43877
name added to list: 43878
name added to list: 43879
name added to list: 43880
name added to list: 43881
name added to list: 43882
name added to list: 43883
name added to list: 43884
name added to list: 43885
name added to list: 43886
name added to list: 43887
name added to list: 43888
name added to list: 43889
name added to list: 43890
name added to list: 43891
name added to list: 43892
name added to list: 43893
name added to list: 43894
name added to list: 43895
name added to list: 43896
name added to list: 43897
name added to list: 43898
name added to list: 43899
name added to list: 43900
name added to list: 43901
name added to list: 43902
name added to list: 43903
name added to list: 43904
name added to list: 43905
name added to list: 43906
name added to list: 43907
name added to list: 43908
name added to list: 43909
name added to list: 43910
name added to list: 43911
name added to list: 43912
name added to list: 43913
name added to list: 43914
name added to list: 43915
name added to list: 43916
name added to list: 43917
name added to list: 43918
name added to list: 43919
name added to list: 43920
name added to list: 43921
name added to list: 43922
name added to list: 43923
name added to list: 43924
name added to list: 43925
name added to list: 43926
name added to list: 43927
name added to list: 43928
name added to list: 43929
name added to list: 43930
name added to list: 43931
name added to list: 43932
name added to list: 43933
name added to list: 43934
name added to list: 43935
name added to list: 43936
name added to list: 43937
name added to list: 43938
name added to list: 43939
name added to list: 43940
name added to list: 43941
name added to list: 43942
name added to list: 43943
name added to list: 43944
name added to list: 43945
name added to list: 43946
name added to list: 43947
name added to list: 43948
name added to list: 43949
name added to list: 43950
name added to list: 43951
name added to list: 43952
name added to list: 43953
name added to list: 43954
name added to list: 43955
name added to list: 43956
name added to list: 43957
name added to list: 43958
name added to list: 43959
name added to list: 43960
name added to list: 43961
name added to list: 43962
name added to list: 43963
name added to list: 43964
name added to list: 43965
name added to list: 43966
name added to list: 43967
name added to list: 43968
name added to list: 43969
name added to list: 43970
name added to list: 43971
name added to list: 43972
name added to list: 43973
name added to list: 43974
name added to list: 43975
name added to list: 43976
name added to list: 43977
name added to list: 43978
name added to list: 43979
name added to list: 43980
name added to list: 43981
name added to list: 43982
name added to list: 43983
name added to list: 43984
name added to list: 43985
name added to list: 43986
name added to list: 43987
name added to list: 43988
name added to list: 43989
name added to list: 43990
name added to list: 43991
name added to list: 43992
name added to list: 43993
name added to list: 43994
name added to list: 43995
name added to list: 43996
name added to list: 43997
name added to list: 43998
name added to list: 43999
name added to list: 44000
name added to list: 44001
name added to list: 44002
name added to list: 44003
name added to list: 44004
name added to list: 44005
name added to list: 44006
name added to list: 44007
name added to list: 44008
name added to list: 44009
name added to list: 44010
name added to list: 44011
name added to list: 44012
name added to list: 44013
name added to list: 44014
name added to list: 44015
name added to list: 44016
name added to list: 44017
name added to list: 44018
name added to list: 44019
name added to list: 44020
name added to list: 44021
name added to list: 44022
name added to list: 44023
name added to list: 44024
name added to list: 44025
name added to list: 44026
name added to list: 44027
name added to list: 44028
name added to list: 44029
name added to list: 44030
name added to list: 44031
name added to list: 44032
name added to list: 44033
name added to list: 44034
name added to list: 44035
name added to list: 44036
name added to list: 44037
name added to list: 44038
name added to list: 44039
name added to list: 44040
name added to list: 44041
name added to list: 44042
name added to list: 44043
name added to list: 44044
name added to list: 44045
name added to list: 44046
name added to list: 44047
name added to list: 44048
name added to list: 44049
name added to list: 44050
name added to list: 44051
name added to list: 44052
name added to list: 44053
name added to list: 44054
name added to list: 44055
name added to list: 44056
name added to list: 44057
name added to list: 44058
name added to list: 44059
name added to list: 44060
name added to list: 44061
name added to list: 44062
name added to list: 44063
name added to list: 44064
name added to list: 44065
name added to list: 44066
name added to list: 44067
name added to list: 44068
name added to list: 44069
name added to list: 44070
name added to list: 44071
name added to list: 44072
name added to list: 44073
name added to list: 44074
name added to list: 44075
name added to list: 44076
name added to list: 44077
name added to list: 44078
name added to list: 44079
name added to list: 44080
name added to list: 44081
name added to list: 44082
name added to list: 44083
name added to list: 44084
name added to list: 44085
name added to list: 44086
name added to list: 44087
name added to list: 44088
name added to list: 44089
name added to list: 44090
name added to list: 44091
name added to list: 44092
name added to list: 44093
name added to list: 44094
name added to list: 44095
name added to list: 44096
name added to list: 44097
name added to list: 44098
name added to list: 44099
name added to list: 44100
name added to list: 44101
name added to list: 44102
name added to list: 44103
name added to list: 44104
name added to list: 44105
name added to list: 44106
name added to list: 44107
name added to list: 44108
name added to list: 44109
name added to list: 44110
name added to list: 44111
name added to list: 44112
name added to list: 44113
name added to list: 44114
name added to list: 44115
name added to list: 44116
name added to list: 44117
name added to list: 44118
name added to list: 44119
name added to list: 44120
name added to list: 44121
name added to list: 44122
name added to list: 44123
name added to list: 44124
name added to list: 44125
name added to list: 44126
name added to list: 44127
name added to list: 44128
name added to list: 44129
name added to list: 44130
name added to list: 44131
name added to list: 44132
name added to list: 44133
name added to list: 44134
name added to list: 44135
name added to list: 44136
name added to list: 44137
name added to list: 44138
name added to list: 44139
name added to list: 44140
name added to list: 44141
name added to list: 44142
name added to list: 44143
name added to list: 44144
name added to list: 44145
name added to list: 44146
name added to list: 44147
name added to list: 44148
name added to list: 44149
name added to list: 44150
name added to list: 44151
name added to list: 44152
name added to list: 44153
name added to list: 44154
name added to list: 44155
name added to list: 44156
name added to list: 44157
name added to list: 44158
name added to list: 44159
name added to list: 44160
name added to list: 44161
name added to list: 44162
name added to list: 44163
name added to list: 44164
name added to list: 44165
name added to list: 44166
name added to list: 44167
name added to list: 44168
name added to list: 44169
name added to list: 44170
name added to list: 44171
name added to list: 44172
name added to list: 44173
name added to list: 44174
name added to list: 44175
name added to list: 44176
name added to list: 44177
name added to list: 44178
name added to list: 44179
name added to list: 44180
name added to list: 44181
name added to list: 44182
name added to list: 44183
name added to list: 44184
name added to list: 44185
name added to list: 44186
name added to list: 44187
name added to list: 44188
name added to list: 44189
name added to list: 44190
name added to list: 44191
name added to list: 44192
name added to list: 44193
name added to list: 44194
name added to list: 44195
name added to list: 44196
name added to list: 44197
name added to list: 44198
name added to list: 44199
name added to list: 44200
name added to list: 44201
name added to list: 44202
name added to list: 44203
name added to list: 44204
name added to list: 44205
name added to list: 44206
name added to list: 44207
name added to list: 44208
name added to list: 44209
name added to list: 44210
name added to list: 44211
name added to list: 44212
name added to list: 44213
name added to list: 44214
name added to list: 44215
name added to list: 44216
name added to list: 44217
name added to list: 44218
name added to list: 44219
name added to list: 44220
name added to list: 44221
name added to list: 44222
name added to list: 44223
name added to list: 44224
name added to list: 44225
name added to list: 44226
name added to list: 44227
name added to list: 44228
name added to list: 44229
name added to list: 44230
name added to list: 44231
name added to list: 44232
name added to list: 44233
name added to list: 44234
name added to list: 44235
name added to list: 44236
name added to list: 44237
name added to list: 44238
name added to list: 44239
name added to list: 44240
name added to list: 44241
name added to list: 44242
name added to list: 44243
name added to list: 44244
name added to list: 44245
name added to list: 44246
name added to list: 44247
name added to list: 44248
name added to list: 44249
name added to list: 44250
name added to list: 44251
name added to list: 44252
name added to list: 44253
name added to list: 44254
name added to list: 44255
name added to list: 44256
name added to list: 44257
name added to list: 44258
name added to list: 44259
name added to list: 44260
name added to list: 44261
name added to list: 44262
name added to list: 44263
name added to list: 44264
name added to list: 44265
name added to list: 44266
name added to list: 44267
name added to list: 44268
name added to list: 44269
name added to list: 44270
name added to list: 44271
name added to list: 44272
name added to list: 44273
name added to list: 44274
name added to list: 44275
name added to list: 44276
name added to list: 44277
name added to list: 44278
name added to list: 44279
name added to list: 44280
name added to list: 44281
name added to list: 44282
name added to list: 44283
name added to list: 44284
name added to list: 44285
name added to list: 44286
name added to list: 44287
name added to list: 44288
name added to list: 44289
name added to list: 44290
name added to list: 44291
name added to list: 44292
name added to list: 44293
name added to list: 44294
name added to list: 44295
name added to list: 44296
name added to list: 44297
name added to list: 44298
name added to list: 44299
name added to list: 44300
name added to list: 44301
name added to list: 44302
name added to list: 44303
name added to list: 44304
name added to list: 44305
name added to list: 44306
name added to list: 44307
name added to list: 44308
name added to list: 44309
name added to list: 44310
name added to list: 44311
name added to list: 44312
name added to list: 44313
name added to list: 44314
name added to list: 44315
name added to list: 44316
name added to list: 44317
name added to list: 44318
name added to list: 44319
name added to list: 44320
name added to list: 44321
name added to list: 44322
name added to list: 44323
name added to list: 44324
name added to list: 44325
name added to list: 44326
name added to list: 44327
name added to list: 44328
name added to list: 44329
name added to list: 44330
name added to list: 44331
name added to list: 44332
name added to list: 44333
name added to list: 44334
name added to list: 44335
name added to list: 44336
name added to list: 44337
name added to list: 44338
name added to list: 44339
name added to list: 44340
name added to list: 44341
name added to list: 44342
name added to list: 44343
name added to list: 44344
name added to list: 44345
name added to list: 44346
name added to list: 44347
name added to list: 44348
name added to list: 44349
name added to list: 44350
name added to list: 44351
name added to list: 44352
name added to list: 44353
name added to list: 44354
name added to list: 44355
name added to list: 44356
name added to list: 44357
name added to list: 44358
name added to list: 44359
name added to list: 44360
name added to list: 44361
name added to list: 44362
name added to list: 44363
name added to list: 44364
name added to list: 44365
name added to list: 44366
name added to list: 44367
name added to list: 44368
name added to list: 44369
name added to list: 44370
name added to list: 44371
name added to list: 44372
name added to list: 44373
name added to list: 44374
name added to list: 44375
name added to list: 44376
name added to list: 44377
name added to list: 44378
name added to list: 44379
name added to list: 44380
name added to list: 44381
name added to list: 44382
name added to list: 44383
name added to list: 44384
name added to list: 44385
name added to list: 44386
name added to list: 44387
name added to list: 44388
name added to list: 44389
name added to list: 44390
name added to list: 44391
name added to list: 44392
name added to list: 44393
name added to list: 44394
name added to list: 44395
name added to list: 44396
name added to list: 44397
name added to list: 44398
name added to list: 44399
name added to list: 44400
name added to list: 44401
name added to list: 44402
name added to list: 44403
name added to list: 44404
name added to list: 44405
name added to list: 44406
name added to list: 44407
name added to list: 44408
name added to list: 44409
name added to list: 44410
name added to list: 44411
name added to list: 44412
name added to list: 44413
name added to list: 44414
name added to list: 44415
name added to list: 44416
name added to list: 44417
name added to list: 44418
name added to list: 44419
name added to list: 44420
name added to list: 44421
name added to list: 44422
name added to list: 44423
name added to list: 44424
name added to list: 44425
name added to list: 44426
name added to list: 44427
name added to list: 44428
name added to list: 44429
name added to list: 44430
name added to list: 44431
name added to list: 44432
name added to list: 44433
name added to list: 44434
name added to list: 44435
name added to list: 44436
name added to list: 44437
name added to list: 44438
name added to list: 44439
name added to list: 44440
name added to list: 44441
name added to list: 44442
name added to list: 44443
name added to list: 44444
name added to list: 44445
name added to list: 44446
name added to list: 44447
name added to list: 44448
name added to list: 44449
name added to list: 44450
name added to list: 44451
name added to list: 44452
name added to list: 44453
name added to list: 44454
name added to list: 44455
name added to list: 44456
name added to list: 44457
name added to list: 44458
name added to list: 44459
name added to list: 44460
name added to list: 44461
name added to list: 44462
name added to list: 44463
name added to list: 44464
name added to list: 44465
name added to list: 44466
name added to list: 44467
name added to list: 44468
name added to list: 44469
name added to list: 44470
name added to list: 44471
name added to list: 44472
name added to list: 44473
name added to list: 44474
name added to list: 44475
name added to list: 44476
name added to list: 44477
name added to list: 44478
name added to list: 44479
name added to list: 44480
name added to list: 44481
name added to list: 44482
name added to list: 44483
name added to list: 44484
name added to list: 44485
name added to list: 44486
name added to list: 44487
name added to list: 44488
name added to list: 44489
name added to list: 44490
name added to list: 44491
name added to list: 44492
name added to list: 44493
name added to list: 44494
name added to list: 44495
name added to list: 44496
name added to list: 44497
name added to list: 44498
name added to list: 44499
name added to list: 44500
name added to list: 44501
name added to list: 44502
name added to list: 44503
name added to list: 44504
name added to list: 44505
name added to list: 44506
name added to list: 44507
name added to list: 44508
name added to list: 44509
name added to list: 44510
name added to list: 44511
name added to list: 44512
name added to list: 44513
name added to list: 44514
name added to list: 44515
name added to list: 44516
name added to list: 44517
name added to list: 44518
name added to list: 44519
name added to list: 44520
name added to list: 44521
name added to list: 44522
name added to list: 44523
name added to list: 44524
name added to list: 44525
name added to list: 44526
name added to list: 44527
name added to list: 44528
name added to list: 44529
name added to list: 44530
name added to list: 44531
name added to list: 44532
name added to list: 44533
name added to list: 44534
name added to list: 44535
name added to list: 44536
name added to list: 44537
name added to list: 44538
name added to list: 44539
name added to list: 44540
name added to list: 44541
name added to list: 44542
name added to list: 44543
name added to list: 44544
name added to list: 44545
name added to list: 44546
name added to list: 44547
name added to list: 44548
name added to list: 44549
name added to list: 44550
name added to list: 44551
name added to list: 44552
name added to list: 44553
name added to list: 44554
name added to list: 44555
name added to list: 44556
name added to list: 44557
name added to list: 44558
name added to list: 44559
name added to list: 44560
name added to list: 44561
name added to list: 44562
name added to list: 44563
name added to list: 44564
name added to list: 44565
name added to list: 44566
name added to list: 44567
name added to list: 44568
name added to list: 44569
name added to list: 44570
name added to list: 44571
name added to list: 44572
name added to list: 44573
name added to list: 44574
name added to list: 44575
name added to list: 44576
name added to list: 44577
name added to list: 44578
name added to list: 44579
name added to list: 44580
name added to list: 44581
name added to list: 44582
name added to list: 44583
name added to list: 44584
name added to list: 44585
name added to list: 44586
name added to list: 44587
name added to list: 44588
name added to list: 44589
name added to list: 44590
name added to list: 44591
name added to list: 44592
name added to list: 44593
name added to list: 44594
name added to list: 44595
name added to list: 44596
name added to list: 44597
name added to list: 44598
name added to list: 44599
name added to list: 44600
name added to list: 44601
name added to list: 44602
name added to list: 44603
name added to list: 44604
name added to list: 44605
name added to list: 44606
name added to list: 44607
name added to list: 44608
name added to list: 44609
name added to list: 44610
name added to list: 44611
name added to list: 44612
name added to list: 44613
name added to list: 44614
name added to list: 44615
name added to list: 44616
name added to list: 44617
name added to list: 44618
name added to list: 44619
name added to list: 44620
name added to list: 44621
name added to list: 44622
name added to list: 44623
name added to list: 44624
name added to list: 44625
name added to list: 44626
name added to list: 44627
name added to list: 44628
name added to list: 44629
name added to list: 44630
name added to list: 44631
name added to list: 44632
name added to list: 44633
name added to list: 44634
name added to list: 44635
name added to list: 44636
name added to list: 44637
name added to list: 44638
name added to list: 44639
name added to list: 44640
name added to list: 44641
name added to list: 44642
name added to list: 44643
name added to list: 44644
name added to list: 44645
name added to list: 44646
name added to list: 44647
name added to list: 44648
name added to list: 44649
name added to list: 44650
name added to list: 44651
name added to list: 44652
name added to list: 44653
name added to list: 44654
name added to list: 44655
name added to list: 44656
name added to list: 44657
name added to list: 44658
name added to list: 44659
name added to list: 44660
name added to list: 44661
name added to list: 44662
name added to list: 44663
name added to list: 44664
name added to list: 44665
name added to list: 44666
name added to list: 44667
name added to list: 44668
name added to list: 44669
name added to list: 44670
name added to list: 44671
name added to list: 44672
name added to list: 44673
name added to list: 44674
name added to list: 44675
name added to list: 44676
name added to list: 44677
name added to list: 44678
name added to list: 44679
name added to list: 44680
name added to list: 44681
name added to list: 44682
name added to list: 44683
name added to list: 44684
name added to list: 44685
name added to list: 44686
name added to list: 44687
name added to list: 44688
name added to list: 44689
name added to list: 44690
name added to list: 44691
name added to list: 44692
name added to list: 44693
name added to list: 44694
name added to list: 44695
name added to list: 44696
name added to list: 44697
name added to list: 44698
name added to list: 44699
name added to list: 44700
name added to list: 44701
name added to list: 44702
name added to list: 44703
name added to list: 44704
name added to list: 44705
name added to list: 44706
name added to list: 44707
name added to list: 44708
name added to list: 44709
name added to list: 44710
name added to list: 44711
name added to list: 44712
name added to list: 44713
name added to list: 44714
name added to list: 44715
name added to list: 44716
name added to list: 44717
name added to list: 44718
name added to list: 44719
name added to list: 44720
name added to list: 44721
name added to list: 44722
name added to list: 44723
name added to list: 44724
name added to list: 44725
name added to list: 44726
name added to list: 44727
name added to list: 44728
name added to list: 44729
name added to list: 44730
name added to list: 44731
name added to list: 44732
name added to list: 44733
name added to list: 44734
name added to list: 44735
name added to list: 44736
name added to list: 44737
name added to list: 44738
name added to list: 44739
name added to list: 44740
name added to list: 44741
name added to list: 44742
name added to list: 44743
name added to list: 44744
name added to list: 44745
name added to list: 44746
name added to list: 44747
name added to list: 44748
name added to list: 44749
name added to list: 44750
name added to list: 44751
name added to list: 44752
name added to list: 44753
name added to list: 44754
name added to list: 44755
name added to list: 44756
name added to list: 44757
name added to list: 44758
name added to list: 44759
name added to list: 44760
name added to list: 44761
name added to list: 44762
name added to list: 44763
name added to list: 44764
name added to list: 44765
name added to list: 44766
name added to list: 44767
name added to list: 44768
name added to list: 44769
name added to list: 44770
name added to list: 44771
name added to list: 44772
name added to list: 44773
name added to list: 44774
name added to list: 44775
name added to list: 44776
name added to list: 44777
name added to list: 44778
name added to list: 44779
name added to list: 44780
name added to list: 44781
name added to list: 44782
name added to list: 44783
name added to list: 44784
name added to list: 44785
name added to list: 44786
name added to list: 44787
name added to list: 44788
name added to list: 44789
name added to list: 44790
name added to list: 44791
name added to list: 44792
name added to list: 44793
name added to list: 44794
name added to list: 44795
name added to list: 44796
name added to list: 44797
name added to list: 44798
name added to list: 44799
name added to list: 44800
name added to list: 44801
name added to list: 44802
name added to list: 44803
name added to list: 44804
name added to list: 44805
name added to list: 44806
name added to list: 44807
name added to list: 44808
name added to list: 44809
name added to list: 44810
name added to list: 44811
name added to list: 44812
name added to list: 44813
name added to list: 44814
name added to list: 44815
name added to list: 44816
name added to list: 44817
name added to list: 44818
name added to list: 44819
name added to list: 44820
name added to list: 44821
name added to list: 44822
name added to list: 44823
name added to list: 44824
name added to list: 44825
name added to list: 44826
name added to list: 44827
name added to list: 44828
name added to list: 44829
name added to list: 44830
name added to list: 44831
name added to list: 44832
name added to list: 44833
name added to list: 44834
name added to list: 44835
name added to list: 44836
name added to list: 44837
name added to list: 44838
name added to list: 44839
name added to list: 44840
name added to list: 44841
name added to list: 44842
name added to list: 44843
name added to list: 44844
name added to list: 44845
name added to list: 44846
name added to list: 44847
name added to list: 44848
name added to list: 44849
name added to list: 44850
name added to list: 44851
name added to list: 44852
name added to list: 44853
name added to list: 44854
name added to list: 44855
name added to list: 44856
name added to list: 44857
name added to list: 44858
name added to list: 44859
name added to list: 44860
name added to list: 44861
name added to list: 44862
name added to list: 44863
name added to list: 44864
name added to list: 44865
name added to list: 44866
name added to list: 44867
name added to list: 44868
name added to list: 44869
name added to list: 44870
name added to list: 44871
name added to list: 44872
name added to list: 44873
name added to list: 44874
name added to list: 44875
name added to list: 44876
name added to list: 44877
name added to list: 44878
name added to list: 44879
name added to list: 44880
name added to list: 44881
name added to list: 44882
name added to list: 44883
name added to list: 44884
name added to list: 44885
name added to list: 44886
name added to list: 44887
name added to list: 44888
name added to list: 44889
name added to list: 44890
name added to list: 44891
name added to list: 44892
name added to list: 44893
name added to list: 44894
name added to list: 44895
name added to list: 44896
name added to list: 44897
name added to list: 44898
name added to list: 44899
name added to list: 44900
name added to list: 44901
name added to list: 44902
name added to list: 44903
name added to list: 44904
name added to list: 44905
name added to list: 44906
name added to list: 44907
name added to list: 44908
name added to list: 44909
name added to list: 44910
name added to list: 44911
name added to list: 44912
name added to list: 44913
name added to list: 44914
name added to list: 44915
name added to list: 44916
name added to list: 44917
name added to list: 44918
name added to list: 44919
name added to list: 44920
name added to list: 44921
name added to list: 44922
name added to list: 44923
name added to list: 44924
name added to list: 44925
name added to list: 44926
name added to list: 44927
name added to list: 44928
name added to list: 44929
name added to list: 44930
name added to list: 44931
name added to list: 44932
name added to list: 44933
name added to list: 44934
name added to list: 44935
name added to list: 44936
name added to list: 44937
name added to list: 44938
name added to list: 44939
name added to list: 44940
name added to list: 44941
name added to list: 44942
name added to list: 44943
name added to list: 44944
name added to list: 44945
name added to list: 44946
name added to list: 44947
name added to list: 44948
name added to list: 44949
name added to list: 44950
name added to list: 44951
name added to list: 44952
name added to list: 44953
name added to list: 44954
name added to list: 44955
name added to list: 44956
name added to list: 44957
name added to list: 44958
name added to list: 44959
name added to list: 44960
name added to list: 44961
name added to list: 44962
name added to list: 44963
name added to list: 44964
name added to list: 44965
name added to list: 44966
name added to list: 44967
name added to list: 44968
name added to list: 44969
name added to list: 44970
name added to list: 44971
name added to list: 44972
name added to list: 44973
name added to list: 44974
name added to list: 44975
name added to list: 44976
name added to list: 44977
name added to list: 44978
name added to list: 44979
name added to list: 44980
name added to list: 44981
name added to list: 44982
name added to list: 44983
name added to list: 44984
name added to list: 44985
name added to list: 44986
name added to list: 44987
name added to list: 44988
name added to list: 44989
name added to list: 44990
name added to list: 44991
name added to list: 44992
name added to list: 44993
name added to list: 44994
name added to list: 44995
name added to list: 44996
name added to list: 44997
name added to list: 44998
name added to list: 44999
name added to list: 45000
name added to list: 45001
name added to list: 45002
name added to list: 45003
name added to list: 45004
name added to list: 45005
name added to list: 45006
name added to list: 45007
name added to list: 45008
name added to list: 45009
name added to list: 45010
name added to list: 45011
name added to list: 45012
name added to list: 45013
name added to list: 45014
name added to list: 45015
name added to list: 45016
name added to list: 45017
name added to list: 45018
name added to list: 45019
name added to list: 45020
name added to list: 45021
name added to list: 45022
name added to list: 45023
name added to list: 45024
name added to list: 45025
name added to list: 45026
name added to list: 45027
name added to list: 45028
name added to list: 45029
name added to list: 45030
name added to list: 45031
name added to list: 45032
name added to list: 45033
name added to list: 45034
name added to list: 45035
name added to list: 45036
name added to list: 45037
name added to list: 45038
name added to list: 45039
name added to list: 45040
name added to list: 45041
name added to list: 45042
name added to list: 45043
name added to list: 45044
name added to list: 45045
name added to list: 45046
name added to list: 45047
name added to list: 45048
name added to list: 45049
name added to list: 45050
name added to list: 45051
name added to list: 45052
name added to list: 45053
name added to list: 45054
name added to list: 45055
name added to list: 45056
name added to list: 45057
name added to list: 45058
name added to list: 45059
name added to list: 45060
name added to list: 45061
name added to list: 45062
name added to list: 45063
name added to list: 45064
name added to list: 45065
name added to list: 45066
name added to list: 45067
name added to list: 45068
name added to list: 45069
name added to list: 45070
name added to list: 45071
name added to list: 45072
name added to list: 45073
name added to list: 45074
name added to list: 45075
name added to list: 45076
name added to list: 45077
name added to list: 45078
name added to list: 45079
name added to list: 45080
name added to list: 45081
name added to list: 45082
name added to list: 45083
name added to list: 45084
name added to list: 45085
name added to list: 45086
name added to list: 45087
name added to list: 45088
name added to list: 45089
name added to list: 45090
name added to list: 45091
name added to list: 45092
name added to list: 45093
name added to list: 45094
name added to list: 45095
name added to list: 45096
name added to list: 45097
name added to list: 45098
name added to list: 45099
name added to list: 45100
name added to list: 45101
name added to list: 45102
name added to list: 45103
name added to list: 45104
name added to list: 45105
name added to list: 45106
name added to list: 45107
name added to list: 45108
name added to list: 45109
name added to list: 45110
name added to list: 45111
name added to list: 45112
name added to list: 45113
name added to list: 45114
name added to list: 45115
name added to list: 45116
name added to list: 45117
name added to list: 45118
name added to list: 45119
name added to list: 45120
name added to list: 45121
name added to list: 45122
name added to list: 45123
name added to list: 45124
name added to list: 45125
name added to list: 45126
name added to list: 45127
name added to list: 45128
name added to list: 45129
name added to list: 45130
name added to list: 45131
name added to list: 45132
name added to list: 45133
name added to list: 45134
name added to list: 45135
name added to list: 45136
name added to list: 45137
name added to list: 45138
name added to list: 45139
name added to list: 45140
name added to list: 45141
name added to list: 45142
name added to list: 45143
name added to list: 45144
name added to list: 45145
name added to list: 45146
name added to list: 45147
name added to list: 45148
name added to list: 45149
name added to list: 45150
name added to list: 45151
name added to list: 45152
name added to list: 45153
name added to list: 45154
name added to list: 45155
name added to list: 45156
name added to list: 45157
name added to list: 45158
name added to list: 45159
name added to list: 45160
name added to list: 45161
name added to list: 45162
name added to list: 45163
name added to list: 45164
name added to list: 45165
name added to list: 45166
name added to list: 45167
name added to list: 45168
name added to list: 45169
name added to list: 45170
name added to list: 45171
name added to list: 45172
name added to list: 45173
name added to list: 45174
name added to list: 45175
name added to list: 45176
name added to list: 45177
name added to list: 45178
name added to list: 45179
name added to list: 45180
name added to list: 45181
name added to list: 45182
name added to list: 45183
name added to list: 45184
name added to list: 45185
name added to list: 45186
name added to list: 45187
name added to list: 45188
name added to list: 45189
name added to list: 45190
name added to list: 45191
name added to list: 45192
name added to list: 45193
name added to list: 45194
name added to list: 45195
name added to list: 45196
name added to list: 45197
name added to list: 45198
name added to list: 45199
name added to list: 45200
name added to list: 45201
name added to list: 45202
name added to list: 45203
name added to list: 45204
name added to list: 45205
name added to list: 45206
name added to list: 45207
name added to list: 45208
name added to list: 45209
name added to list: 45210
name added to list: 45211
name added to list: 45212
name added to list: 45213
name added to list: 45214
name added to list: 45215
name added to list: 45216
name added to list: 45217
name added to list: 45218
name added to list: 45219
name added to list: 45220
name added to list: 45221
name added to list: 45222
name added to list: 45223
name added to list: 45224
name added to list: 45225
name added to list: 45226
name added to list: 45227
name added to list: 45228
name added to list: 45229
name added to list: 45230
name added to list: 45231
name added to list: 45232
name added to list: 45233
name added to list: 45234
name added to list: 45235
name added to list: 45236
name added to list: 45237
name added to list: 45238
name added to list: 45239
name added to list: 45240
name added to list: 45241
name added to list: 45242
name added to list: 45243
name added to list: 45244
name added to list: 45245
name added to list: 45246
name added to list: 45247
name added to list: 45248
name added to list: 45249
name added to list: 45250
name added to list: 45251
name added to list: 45252
name added to list: 45253
name added to list: 45254
name added to list: 45255
name added to list: 45256
name added to list: 45257
name added to list: 45258
name added to list: 45259
name added to list: 45260
name added to list: 45261
name added to list: 45262
name added to list: 45263
name added to list: 45264
name added to list: 45265
name added to list: 45266
name added to list: 45267
name added to list: 45268
name added to list: 45269
name added to list: 45270
name added to list: 45271
name added to list: 45272
name added to list: 45273
name added to list: 45274
name added to list: 45275
name added to list: 45276
name added to list: 45277
name added to list: 45278
name added to list: 45279
name added to list: 45280
name added to list: 45281
name added to list: 45282
name added to list: 45283
name added to list: 45284
name added to list: 45285
name added to list: 45286
name added to list: 45287
name added to list: 45288
name added to list: 45289
name added to list: 45290
name added to list: 45291
name added to list: 45292
name added to list: 45293
name added to list: 45294
name added to list: 45295
name added to list: 45296
name added to list: 45297
name added to list: 45298
name added to list: 45299
name added to list: 45300
name added to list: 45301
name added to list: 45302
name added to list: 45303
name added to list: 45304
name added to list: 45305
name added to list: 45306
name added to list: 45307
name added to list: 45308
name added to list: 45309
name added to list: 45310
name added to list: 45311
name added to list: 45312
name added to list: 45313
name added to list: 45314
name added to list: 45315
name added to list: 45316
name added to list: 45317
name added to list: 45318
name added to list: 45319
name added to list: 45320
name added to list: 45321
name added to list: 45322
name added to list: 45323
name added to list: 45324
name added to list: 45325
name added to list: 45326
name added to list: 45327
name added to list: 45328
name added to list: 45329
name added to list: 45330
name added to list: 45331
name added to list: 45332
name added to list: 45333
name added to list: 45334
name added to list: 45335
name added to list: 45336
name added to list: 45337
name added to list: 45338
name added to list: 45339
name added to list: 45340
name added to list: 45341
name added to list: 45342
name added to list: 45343
name added to list: 45344
name added to list: 45345
name added to list: 45346
name added to list: 45347
name added to list: 45348
name added to list: 45349
name added to list: 45350
name added to list: 45351
name added to list: 45352
name added to list: 45353
name added to list: 45354
name added to list: 45355
name added to list: 45356
name added to list: 45357
name added to list: 45358
name added to list: 45359
name added to list: 45360
name added to list: 45361
name added to list: 45362
name added to list: 45363
name added to list: 45364
name added to list: 45365
name added to list: 45366
name added to list: 45367
name added to list: 45368
name added to list: 45369
name added to list: 45370
name added to list: 45371
name added to list: 45372
name added to list: 45373
name added to list: 45374
name added to list: 45375
name added to list: 45376
name added to list: 45377
name added to list: 45378
name added to list: 45379
name added to list: 45380
name added to list: 45381
name added to list: 45382
name added to list: 45383
name added to list: 45384
name added to list: 45385
name added to list: 45386
name added to list: 45387
name added to list: 45388
name added to list: 45389
name added to list: 45390
name added to list: 45391
name added to list: 45392
name added to list: 45393
name added to list: 45394
name added to list: 45395
name added to list: 45396
name added to list: 45397
name added to list: 45398
name added to list: 45399
name added to list: 45400
name added to list: 45401
name added to list: 45402
name added to list: 45403
name added to list: 45404
name added to list: 45405
name added to list: 45406
name added to list: 45407
name added to list: 45408
name added to list: 45409
name added to list: 45410
name added to list: 45411
name added to list: 45412
name added to list: 45413
name added to list: 45414
name added to list: 45415
name added to list: 45416
name added to list: 45417
name added to list: 45418
name added to list: 45419
name added to list: 45420
name added to list: 45421
name added to list: 45422
name added to list: 45423
name added to list: 45424
name added to list: 45425
name added to list: 45426
name added to list: 45427
name added to list: 45428
name added to list: 45429
name added to list: 45430
name added to list: 45431
name added to list: 45432
name added to list: 45433
name added to list: 45434
name added to list: 45435
name added to list: 45436
name added to list: 45437
name added to list: 45438
name added to list: 45439
name added to list: 45440
name added to list: 45441
name added to list: 45442
name added to list: 45443
name added to list: 45444
name added to list: 45445
name added to list: 45446
name added to list: 45447
name added to list: 45448
name added to list: 45449
name added to list: 45450
name added to list: 45451
name added to list: 45452
name added to list: 45453
name added to list: 45454
name added to list: 45455
name added to list: 45456
name added to list: 45457
name added to list: 45458
name added to list: 45459
name added to list: 45460
name added to list: 45461
name added to list: 45462
name added to list: 45463
name added to list: 45464
name added to list: 45465
name added to list: 45466
name added to list: 45467
name added to list: 45468
name added to list: 45469
name added to list: 45470
name added to list: 45471
name added to list: 45472
name added to list: 45473
name added to list: 45474
name added to list: 45475
name added to list: 45476
name added to list: 45477
name added to list: 45478
name added to list: 45479
name added to list: 45480
name added to list: 45481
name added to list: 45482
name added to list: 45483
name added to list: 45484
name added to list: 45485
name added to list: 45486
name added to list: 45487
name added to list: 45488
name added to list: 45489
name added to list: 45490
name added to list: 45491
name added to list: 45492
name added to list: 45493
name added to list: 45494
name added to list: 45495
name added to list: 45496
name added to list: 45497
name added to list: 45498
name added to list: 45499
name added to list: 45500
name added to list: 45501
name added to list: 45502
name added to list: 45503
name added to list: 45504
name added to list: 45505
name added to list: 45506
name added to list: 45507
name added to list: 45508
name added to list: 45509
name added to list: 45510
name added to list: 45511
name added to list: 45512
name added to list: 45513
name added to list: 45514
name added to list: 45515
name added to list: 45516
name added to list: 45517
name added to list: 45518
name added to list: 45519
name added to list: 45520
name added to list: 45521
name added to list: 45522
name added to list: 45523
name added to list: 45524
name added to list: 45525
name added to list: 45526
name added to list: 45527
name added to list: 45528
name added to list: 45529
name added to list: 45530
name added to list: 45531
name added to list: 45532
name added to list: 45533
name added to list: 45534
name added to list: 45535
name added to list: 45536
name added to list: 45537
name added to list: 45538
name added to list: 45539
name added to list: 45540
name added to list: 45541
name added to list: 45542
name added to list: 45543
name added to list: 45544
name added to list: 45545
name added to list: 45546
name added to list: 45547
name added to list: 45548
name added to list: 45549
name added to list: 45550
name added to list: 45551
name added to list: 45552
name added to list: 45553
name added to list: 45554
name added to list: 45555
name added to list: 45556
name added to list: 45557
name added to list: 45558
name added to list: 45559
name added to list: 45560
name added to list: 45561
name added to list: 45562
name added to list: 45563
name added to list: 45564
name added to list: 45565
name added to list: 45566
name added to list: 45567
name added to list: 45568
name added to list: 45569
name added to list: 45570
name added to list: 45571
name added to list: 45572
name added to list: 45573
name added to list: 45574
name added to list: 45575
name added to list: 45576
name added to list: 45577
name added to list: 45578
name added to list: 45579
name added to list: 45580
name added to list: 45581
name added to list: 45582
name added to list: 45583
name added to list: 45584
name added to list: 45585
name added to list: 45586
name added to list: 45587
name added to list: 45588
name added to list: 45589
name added to list: 45590
name added to list: 45591
name added to list: 45592
name added to list: 45593
name added to list: 45594
name added to list: 45595
name added to list: 45596
name added to list: 45597
name added to list: 45598
name added to list: 45599
name added to list: 45600
name added to list: 45601
name added to list: 45602
name added to list: 45603
name added to list: 45604
name added to list: 45605
name added to list: 45606
name added to list: 45607
name added to list: 45608
name added to list: 45609
name added to list: 45610
name added to list: 45611
name added to list: 45612
name added to list: 45613
name added to list: 45614
name added to list: 45615
name added to list: 45616
name added to list: 45617
name added to list: 45618
name added to list: 45619
name added to list: 45620
name added to list: 45621
name added to list: 45622
name added to list: 45623
name added to list: 45624
name added to list: 45625
name added to list: 45626
name added to list: 45627
name added to list: 45628
name added to list: 45629
name added to list: 45630
name added to list: 45631
name added to list: 45632
name added to list: 45633
name added to list: 45634
name added to list: 45635
name added to list: 45636
name added to list: 45637
name added to list: 45638
name added to list: 45639
name added to list: 45640
name added to list: 45641
name added to list: 45642
name added to list: 45643
name added to list: 45644
name added to list: 45645
name added to list: 45646
name added to list: 45647
name added to list: 45648
name added to list: 45649
name added to list: 45650
name added to list: 45651
name added to list: 45652
name added to list: 45653
name added to list: 45654
name added to list: 45655
name added to list: 45656
name added to list: 45657
name added to list: 45658
name added to list: 45659
name added to list: 45660
name added to list: 45661
name added to list: 45662
name added to list: 45663
name added to list: 45664
name added to list: 45665
name added to list: 45666
name added to list: 45667
name added to list: 45668
name added to list: 45669
name added to list: 45670
name added to list: 45671
name added to list: 45672
name added to list: 45673
name added to list: 45674
name added to list: 45675
name added to list: 45676
name added to list: 45677
name added to list: 45678
name added to list: 45679
name added to list: 45680
name added to list: 45681
name added to list: 45682
name added to list: 45683
name added to list: 45684
name added to list: 45685
name added to list: 45686
name added to list: 45687
name added to list: 45688
name added to list: 45689
name added to list: 45690
name added to list: 45691
name added to list: 45692
name added to list: 45693
name added to list: 45694
name added to list: 45695
name added to list: 45696
name added to list: 45697
name added to list: 45698
name added to list: 45699
name added to list: 45700
name added to list: 45701
name added to list: 45702
name added to list: 45703
name added to list: 45704
name added to list: 45705
name added to list: 45706
name added to list: 45707
name added to list: 45708
name added to list: 45709
name added to list: 45710
name added to list: 45711
name added to list: 45712
name added to list: 45713
name added to list: 45714
name added to list: 45715
name added to list: 45716
name added to list: 45717
name added to list: 45718
name added to list: 45719
name added to list: 45720
name added to list: 45721
name added to list: 45722
name added to list: 45723
name added to list: 45724
name added to list: 45725
name added to list: 45726
name added to list: 45727
name added to list: 45728
name added to list: 45729
name added to list: 45730
name added to list: 45731
name added to list: 45732
name added to list: 45733
name added to list: 45734
name added to list: 45735
name added to list: 45736
name added to list: 45737
name added to list: 45738
name added to list: 45739
name added to list: 45740
name added to list: 45741
name added to list: 45742
name added to list: 45743
name added to list: 45744
name added to list: 45745
name added to list: 45746
name added to list: 45747
name added to list: 45748
name added to list: 45749
name added to list: 45750
name added to list: 45751
name added to list: 45752
name added to list: 45753
name added to list: 45754
name added to list: 45755
name added to list: 45756
name added to list: 45757
name added to list: 45758
name added to list: 45759
name added to list: 45760
name added to list: 45761
name added to list: 45762
name added to list: 45763
name added to list: 45764
name added to list: 45765
name added to list: 45766
name added to list: 45767
name added to list: 45768
name added to list: 45769
name added to list: 45770
name added to list: 45771
name added to list: 45772
name added to list: 45773
name added to list: 45774
name added to list: 45775
name added to list: 45776
name added to list: 45777
name added to list: 45778
name added to list: 45779
name added to list: 45780
name added to list: 45781
name added to list: 45782
name added to list: 45783
name added to list: 45784
name added to list: 45785
name added to list: 45786
name added to list: 45787
name added to list: 45788
name added to list: 45789
name added to list: 45790
name added to list: 45791
name added to list: 45792
name added to list: 45793
name added to list: 45794
name added to list: 45795
name added to list: 45796
name added to list: 45797
name added to list: 45798
name added to list: 45799
name added to list: 45800
name added to list: 45801
name added to list: 45802
name added to list: 45803
name added to list: 45804
name added to list: 45805
name added to list: 45806
name added to list: 45807
name added to list: 45808
name added to list: 45809
name added to list: 45810
name added to list: 45811
name added to list: 45812
name added to list: 45813
name added to list: 45814
name added to list: 45815
name added to list: 45816
name added to list: 45817
name added to list: 45818
name added to list: 45819
name added to list: 45820
name added to list: 45821
name added to list: 45822
name added to list: 45823
name added to list: 45824
name added to list: 45825
name added to list: 45826
name added to list: 45827
name added to list: 45828
name added to list: 45829
name added to list: 45830
name added to list: 45831
name added to list: 45832
name added to list: 45833
name added to list: 45834
name added to list: 45835
name added to list: 45836
name added to list: 45837
name added to list: 45838
name added to list: 45839
name added to list: 45840
name added to list: 45841
name added to list: 45842
name added to list: 45843
name added to list: 45844
name added to list: 45845
name added to list: 45846
name added to list: 45847
name added to list: 45848
name added to list: 45849
name added to list: 45850
name added to list: 45851
name added to list: 45852
name added to list: 45853
name added to list: 45854
name added to list: 45855
name added to list: 45856
name added to list: 45857
name added to list: 45858
name added to list: 45859
name added to list: 45860
name added to list: 45861
name added to list: 45862
name added to list: 45863
name added to list: 45864
name added to list: 45865
name added to list: 45866
name added to list: 45867
name added to list: 45868
name added to list: 45869
name added to list: 45870
name added to list: 45871
name added to list: 45872
name added to list: 45873
name added to list: 45874
name added to list: 45875
name added to list: 45876
name added to list: 45877
name added to list: 45878
name added to list: 45879
name added to list: 45880
name added to list: 45881
name added to list: 45882
name added to list: 45883
name added to list: 45884
name added to list: 45885
name added to list: 45886
name added to list: 45887
name added to list: 45888
name added to list: 45889
name added to list: 45890
name added to list: 45891
name added to list: 45892
name added to list: 45893
name added to list: 45894
name added to list: 45895
name added to list: 45896
name added to list: 45897
name added to list: 45898
name added to list: 45899
name added to list: 45900
name added to list: 45901
name added to list: 45902
name added to list: 45903
name added to list: 45904
name added to list: 45905
name added to list: 45906
name added to list: 45907
name added to list: 45908
name added to list: 45909
name added to list: 45910
name added to list: 45911
name added to list: 45912
name added to list: 45913
name added to list: 45914
name added to list: 45915
name added to list: 45916
name added to list: 45917
name added to list: 45918
name added to list: 45919
name added to list: 45920
name added to list: 45921
name added to list: 45922
name added to list: 45923
name added to list: 45924
name added to list: 45925
name added to list: 45926
name added to list: 45927
name added to list: 45928
name added to list: 45929
name added to list: 45930
name added to list: 45931
name added to list: 45932
name added to list: 45933
name added to list: 45934
name added to list: 45935
name added to list: 45936
name added to list: 45937
name added to list: 45938
name added to list: 45939
name added to list: 45940
name added to list: 45941
name added to list: 45942
name added to list: 45943
name added to list: 45944
name added to list: 45945
name added to list: 45946
name added to list: 45947
name added to list: 45948
name added to list: 45949
name added to list: 45950
name added to list: 45951
name added to list: 45952
name added to list: 45953
name added to list: 45954
name added to list: 45955
name added to list: 45956
name added to list: 45957
name added to list: 45958
name added to list: 45959
name added to list: 45960
name added to list: 45961
name added to list: 45962
name added to list: 45963
name added to list: 45964
name added to list: 45965
name added to list: 45966
name added to list: 45967
name added to list: 45968
name added to list: 45969
name added to list: 45970
name added to list: 45971
name added to list: 45972
name added to list: 45973
name added to list: 45974
name added to list: 45975
name added to list: 45976
name added to list: 45977
name added to list: 45978
name added to list: 45979
name added to list: 45980
name added to list: 45981
name added to list: 45982
name added to list: 45983
name added to list: 45984
name added to list: 45985
name added to list: 45986
name added to list: 45987
name added to list: 45988
name added to list: 45989
name added to list: 45990
name added to list: 45991
name added to list: 45992
name added to list: 45993
name added to list: 45994
name added to list: 45995
name added to list: 45996
name added to list: 45997
name added to list: 45998
name added to list: 45999
name added to list: 46000
name added to list: 46001
name added to list: 46002
name added to list: 46003
name added to list: 46004
name added to list: 46005
name added to list: 46006
name added to list: 46007
name added to list: 46008
name added to list: 46009
name added to list: 46010
name added to list: 46011
name added to list: 46012
name added to list: 46013
name added to list: 46014
name added to list: 46015
name added to list: 46016
name added to list: 46017
name added to list: 46018
name added to list: 46019
name added to list: 46020
name added to list: 46021
name added to list: 46022
name added to list: 46023
name added to list: 46024
name added to list: 46025
name added to list: 46026
name added to list: 46027
name added to list: 46028
name added to list: 46029
name added to list: 46030
name added to list: 46031
name added to list: 46032
name added to list: 46033
name added to list: 46034
name added to list: 46035
name added to list: 46036
name added to list: 46037
name added to list: 46038
name added to list: 46039
name added to list: 46040
name added to list: 46041
name added to list: 46042
name added to list: 46043
name added to list: 46044
name added to list: 46045
name added to list: 46046
name added to list: 46047
name added to list: 46048
name added to list: 46049
name added to list: 46050
name added to list: 46051
name added to list: 46052
name added to list: 46053
name added to list: 46054
name added to list: 46055
name added to list: 46056
name added to list: 46057
name added to list: 46058
name added to list: 46059
name added to list: 46060
name added to list: 46061
name added to list: 46062
name added to list: 46063
name added to list: 46064
name added to list: 46065
name added to list: 46066
name added to list: 46067
name added to list: 46068
name added to list: 46069
name added to list: 46070
name added to list: 46071
name added to list: 46072
name added to list: 46073
name added to list: 46074
name added to list: 46075
name added to list: 46076
name added to list: 46077
name added to list: 46078
name added to list: 46079
name added to list: 46080
name added to list: 46081
name added to list: 46082
name added to list: 46083
name added to list: 46084
name added to list: 46085
name added to list: 46086
name added to list: 46087
name added to list: 46088
name added to list: 46089
name added to list: 46090
name added to list: 46091
name added to list: 46092
name added to list: 46093
name added to list: 46094
name added to list: 46095
name added to list: 46096
name added to list: 46097
name added to list: 46098
name added to list: 46099
name added to list: 46100
name added to list: 46101
name added to list: 46102
name added to list: 46103
name added to list: 46104
name added to list: 46105
name added to list: 46106
name added to list: 46107
name added to list: 46108
name added to list: 46109
name added to list: 46110
name added to list: 46111
name added to list: 46112
name added to list: 46113
name added to list: 46114
name added to list: 46115
name added to list: 46116
name added to list: 46117
name added to list: 46118
name added to list: 46119
name added to list: 46120
name added to list: 46121
name added to list: 46122
name added to list: 46123
name added to list: 46124
name added to list: 46125
name added to list: 46126
name added to list: 46127
name added to list: 46128
name added to list: 46129
name added to list: 46130
name added to list: 46131
name added to list: 46132
name added to list: 46133
name added to list: 46134
name added to list: 46135
name added to list: 46136
name added to list: 46137
name added to list: 46138
name added to list: 46139
name added to list: 46140
name added to list: 46141
name added to list: 46142
name added to list: 46143
name added to list: 46144
name added to list: 46145
name added to list: 46146
name added to list: 46147
name added to list: 46148
name added to list: 46149
name added to list: 46150
name added to list: 46151
name added to list: 46152
name added to list: 46153
name added to list: 46154
name added to list: 46155
name added to list: 46156
name added to list: 46157
name added to list: 46158
name added to list: 46159
name added to list: 46160
name added to list: 46161
name added to list: 46162
name added to list: 46163
name added to list: 46164
name added to list: 46165
name added to list: 46166
name added to list: 46167
name added to list: 46168
name added to list: 46169
name added to list: 46170
name added to list: 46171
name added to list: 46172
name added to list: 46173
name added to list: 46174
name added to list: 46175
name added to list: 46176
name added to list: 46177
name added to list: 46178
name added to list: 46179
name added to list: 46180
name added to list: 46181
name added to list: 46182
name added to list: 46183
name added to list: 46184
name added to list: 46185
name added to list: 46186
name added to list: 46187
name added to list: 46188
name added to list: 46189
name added to list: 46190
name added to list: 46191
name added to list: 46192
name added to list: 46193
name added to list: 46194
name added to list: 46195
name added to list: 46196
name added to list: 46197
name added to list: 46198
name added to list: 46199
name added to list: 46200
name added to list: 46201
name added to list: 46202
name added to list: 46203
name added to list: 46204
name added to list: 46205
name added to list: 46206
name added to list: 46207
name added to list: 46208
name added to list: 46209
name added to list: 46210
name added to list: 46211
name added to list: 46212
name added to list: 46213
name added to list: 46214
name added to list: 46215
name added to list: 46216
name added to list: 46217
name added to list: 46218
name added to list: 46219
name added to list: 46220
name added to list: 46221
name added to list: 46222
name added to list: 46223
name added to list: 46224
name added to list: 46225
name added to list: 46226
name added to list: 46227
name added to list: 46228
name added to list: 46229
name added to list: 46230
name added to list: 46231
name added to list: 46232
name added to list: 46233
name added to list: 46234
name added to list: 46235
name added to list: 46236
name added to list: 46237
name added to list: 46238
name added to list: 46239
name added to list: 46240
name added to list: 46241
name added to list: 46242
name added to list: 46243
name added to list: 46244
name added to list: 46245
name added to list: 46246
name added to list: 46247
name added to list: 46248
name added to list: 46249
name added to list: 46250
name added to list: 46251
name added to list: 46252
name added to list: 46253
name added to list: 46254
name added to list: 46255
name added to list: 46256
name added to list: 46257
name added to list: 46258
name added to list: 46259
name added to list: 46260
name added to list: 46261
name added to list: 46262
name added to list: 46263
name added to list: 46264
name added to list: 46265
name added to list: 46266
name added to list: 46267
name added to list: 46268
name added to list: 46269
name added to list: 46270
name added to list: 46271
name added to list: 46272
name added to list: 46273
name added to list: 46274
name added to list: 46275
name added to list: 46276
name added to list: 46277
name added to list: 46278
name added to list: 46279
name added to list: 46280
name added to list: 46281
name added to list: 46282
name added to list: 46283
name added to list: 46284
name added to list: 46285
name added to list: 46286
name added to list: 46287
name added to list: 46288
name added to list: 46289
name added to list: 46290
name added to list: 46291
name added to list: 46292
name added to list: 46293
name added to list: 46294
name added to list: 46295
name added to list: 46296
name added to list: 46297
name added to list: 46298
name added to list: 46299
name added to list: 46300
name added to list: 46301
name added to list: 46302
name added to list: 46303
name added to list: 46304
name added to list: 46305
name added to list: 46306
name added to list: 46307
name added to list: 46308
name added to list: 46309
name added to list: 46310
name added to list: 46311
name added to list: 46312
name added to list: 46313
name added to list: 46314
name added to list: 46315
name added to list: 46316
name added to list: 46317
name added to list: 46318
name added to list: 46319
name added to list: 46320
name added to list: 46321
name added to list: 46322
name added to list: 46323
name added to list: 46324
name added to list: 46325
name added to list: 46326
name added to list: 46327
name added to list: 46328
name added to list: 46329
name added to list: 46330
name added to list: 46331
name added to list: 46332
name added to list: 46333
name added to list: 46334
name added to list: 46335
name added to list: 46336
name added to list: 46337
name added to list: 46338
name added to list: 46339
name added to list: 46340
name added to list: 46341
name added to list: 46342
name added to list: 46343
name added to list: 46344
name added to list: 46345
name added to list: 46346
name added to list: 46347
name added to list: 46348
name added to list: 46349
name added to list: 46350
name added to list: 46351
name added to list: 46352
name added to list: 46353
name added to list: 46354
name added to list: 46355
name added to list: 46356
name added to list: 46357
name added to list: 46358
name added to list: 46359
name added to list: 46360
name added to list: 46361
name added to list: 46362
name added to list: 46363
name added to list: 46364
name added to list: 46365
name added to list: 46366
name added to list: 46367
name added to list: 46368
name added to list: 46369
name added to list: 46370
name added to list: 46371
name added to list: 46372
name added to list: 46373
name added to list: 46374
name added to list: 46375
name added to list: 46376
name added to list: 46377
name added to list: 46378
name added to list: 46379
name added to list: 46380
name added to list: 46381
name added to list: 46382
name added to list: 46383
name added to list: 46384
name added to list: 46385
name added to list: 46386
name added to list: 46387
name added to list: 46388
name added to list: 46389
name added to list: 46390
name added to list: 46391
name added to list: 46392
name added to list: 46393
name added to list: 46394
name added to list: 46395
name added to list: 46396
name added to list: 46397
name added to list: 46398
name added to list: 46399
name added to list: 46400
name added to list: 46401
name added to list: 46402
name added to list: 46403
name added to list: 46404
name added to list: 46405
name added to list: 46406
name added to list: 46407
name added to list: 46408
name added to list: 46409
name added to list: 46410
name added to list: 46411
name added to list: 46412
name added to list: 46413
name added to list: 46414
name added to list: 46415
name added to list: 46416
name added to list: 46417
name added to list: 46418
name added to list: 46419
name added to list: 46420
name added to list: 46421
name added to list: 46422
name added to list: 46423
name added to list: 46424
name added to list: 46425
name added to list: 46426
name added to list: 46427
name added to list: 46428
name added to list: 46429
name added to list: 46430
name added to list: 46431
name added to list: 46432
name added to list: 46433
name added to list: 46434
name added to list: 46435
name added to list: 46436
name added to list: 46437
name added to list: 46438
name added to list: 46439
name added to list: 46440
name added to list: 46441
name added to list: 46442
name added to list: 46443
name added to list: 46444
name added to list: 46445
name added to list: 46446
name added to list: 46447
name added to list: 46448
name added to list: 46449
name added to list: 46450
name added to list: 46451
name added to list: 46452
name added to list: 46453
name added to list: 46454
name added to list: 46455
name added to list: 46456
name added to list: 46457
name added to list: 46458
name added to list: 46459
name added to list: 46460
name added to list: 46461
name added to list: 46462
name added to list: 46463
name added to list: 46464
name added to list: 46465
name added to list: 46466
name added to list: 46467
name added to list: 46468
name added to list: 46469
name added to list: 46470
name added to list: 46471
name added to list: 46472
name added to list: 46473
name added to list: 46474
name added to list: 46475
name added to list: 46476
name added to list: 46477
name added to list: 46478
name added to list: 46479
name added to list: 46480
name added to list: 46481
name added to list: 46482
name added to list: 46483
name added to list: 46484
name added to list: 46485
name added to list: 46486
name added to list: 46487
name added to list: 46488
name added to list: 46489
name added to list: 46490
name added to list: 46491
name added to list: 46492
name added to list: 46493
name added to list: 46494
name added to list: 46495
name added to list: 46496
name added to list: 46497
name added to list: 46498
name added to list: 46499
name added to list: 46500
name added to list: 46501
name added to list: 46502
name added to list: 46503
name added to list: 46504
name added to list: 46505
name added to list: 46506
name added to list: 46507
name added to list: 46508
name added to list: 46509
name added to list: 46510
name added to list: 46511
name added to list: 46512
name added to list: 46513
name added to list: 46514
name added to list: 46515
name added to list: 46516
name added to list: 46517
name added to list: 46518
name added to list: 46519
name added to list: 46520
name added to list: 46521
name added to list: 46522
name added to list: 46523
name added to list: 46524
name added to list: 46525
name added to list: 46526
name added to list: 46527
name added to list: 46528
name added to list: 46529
name added to list: 46530
name added to list: 46531
name added to list: 46532
name added to list: 46533
name added to list: 46534
name added to list: 46535
name added to list: 46536
name added to list: 46537
name added to list: 46538
name added to list: 46539
name added to list: 46540
name added to list: 46541
name added to list: 46542
name added to list: 46543
name added to list: 46544
name added to list: 46545
name added to list: 46546
name added to list: 46547
name added to list: 46548
name added to list: 46549
name added to list: 46550
name added to list: 46551
name added to list: 46552
name added to list: 46553
name added to list: 46554
name added to list: 46555
name added to list: 46556
name added to list: 46557
name added to list: 46558
name added to list: 46559
name added to list: 46560
name added to list: 46561
name added to list: 46562
name added to list: 46563
name added to list: 46564
name added to list: 46565
name added to list: 46566
name added to list: 46567
name added to list: 46568
name added to list: 46569
name added to list: 46570
name added to list: 46571
name added to list: 46572
name added to list: 46573
name added to list: 46574
name added to list: 46575
name added to list: 46576
name added to list: 46577
name added to list: 46578
name added to list: 46579
name added to list: 46580
name added to list: 46581
name added to list: 46582
name added to list: 46583
name added to list: 46584
name added to list: 46585
name added to list: 46586
name added to list: 46587
name added to list: 46588
name added to list: 46589
name added to list: 46590
name added to list: 46591
name added to list: 46592
name added to list: 46593
name added to list: 46594
name added to list: 46595
name added to list: 46596
name added to list: 46597
name added to list: 46598
name added to list: 46599
name added to list: 46600
name added to list: 46601
name added to list: 46602
name added to list: 46603
name added to list: 46604
name added to list: 46605
name added to list: 46606
name added to list: 46607
name added to list: 46608
name added to list: 46609
name added to list: 46610
name added to list: 46611
name added to list: 46612
name added to list: 46613
name added to list: 46614
name added to list: 46615
name added to list: 46616
name added to list: 46617
name added to list: 46618
name added to list: 46619
name added to list: 46620
name added to list: 46621
name added to list: 46622
name added to list: 46623
name added to list: 46624
name added to list: 46625
name added to list: 46626
name added to list: 46627
name added to list: 46628
name added to list: 46629
name added to list: 46630
name added to list: 46631
name added to list: 46632
name added to list: 46633
name added to list: 46634
name added to list: 46635
name added to list: 46636
name added to list: 46637
name added to list: 46638
name added to list: 46639
name added to list: 46640
name added to list: 46641
name added to list: 46642
name added to list: 46643
name added to list: 46644
name added to list: 46645
name added to list: 46646
name added to list: 46647
name added to list: 46648
name added to list: 46649
name added to list: 46650
name added to list: 46651
name added to list: 46652
name added to list: 46653
name added to list: 46654
name added to list: 46655
name added to list: 46656
name added to list: 46657
name added to list: 46658
name added to list: 46659
name added to list: 46660
name added to list: 46661
name added to list: 46662
name added to list: 46663
name added to list: 46664
name added to list: 46665
name added to list: 46666
name added to list: 46667
name added to list: 46668
name added to list: 46669
name added to list: 46670
name added to list: 46671
name added to list: 46672
name added to list: 46673
name added to list: 46674
name added to list: 46675
name added to list: 46676
name added to list: 46677
name added to list: 46678
name added to list: 46679
name added to list: 46680
name added to list: 46681
name added to list: 46682
name added to list: 46683
name added to list: 46684
name added to list: 46685
name added to list: 46686
name added to list: 46687
name added to list: 46688
name added to list: 46689
name added to list: 46690
name added to list: 46691
name added to list: 46692
name added to list: 46693
name added to list: 46694
name added to list: 46695
name added to list: 46696
name added to list: 46697
name added to list: 46698
name added to list: 46699
name added to list: 46700
name added to list: 46701
name added to list: 46702
name added to list: 46703
name added to list: 46704
name added to list: 46705
name added to list: 46706
name added to list: 46707
name added to list: 46708
name added to list: 46709
name added to list: 46710
name added to list: 46711
name added to list: 46712
name added to list: 46713
name added to list: 46714
name added to list: 46715
name added to list: 46716
name added to list: 46717
name added to list: 46718
name added to list: 46719
name added to list: 46720
name added to list: 46721
name added to list: 46722
name added to list: 46723
name added to list: 46724
name added to list: 46725
name added to list: 46726
name added to list: 46727
name added to list: 46728
name added to list: 46729
name added to list: 46730
name added to list: 46731
name added to list: 46732
name added to list: 46733
name added to list: 46734
name added to list: 46735
name added to list: 46736
name added to list: 46737
name added to list: 46738
name added to list: 46739
name added to list: 46740
name added to list: 46741
name added to list: 46742
name added to list: 46743
name added to list: 46744
name added to list: 46745
name added to list: 46746
name added to list: 46747
name added to list: 46748
name added to list: 46749
name added to list: 46750
name added to list: 46751
name added to list: 46752
name added to list: 46753
name added to list: 46754
name added to list: 46755
name added to list: 46756
name added to list: 46757
name added to list: 46758
name added to list: 46759
name added to list: 46760
name added to list: 46761
name added to list: 46762
name added to list: 46763
name added to list: 46764
name added to list: 46765
name added to list: 46766
name added to list: 46767
name added to list: 46768
name added to list: 46769
name added to list: 46770
name added to list: 46771
name added to list: 46772
name added to list: 46773
name added to list: 46774
name added to list: 46775
name added to list: 46776
name added to list: 46777
name added to list: 46778
name added to list: 46779
name added to list: 46780
name added to list: 46781
name added to list: 46782
name added to list: 46783
name added to list: 46784
name added to list: 46785
name added to list: 46786
name added to list: 46787
name added to list: 46788
name added to list: 46789
name added to list: 46790
name added to list: 46791
name added to list: 46792
name added to list: 46793
name added to list: 46794
name added to list: 46795
name added to list: 46796
name added to list: 46797
name added to list: 46798
name added to list: 46799
name added to list: 46800
name added to list: 46801
name added to list: 46802
name added to list: 46803
name added to list: 46804
name added to list: 46805
name added to list: 46806
name added to list: 46807
name added to list: 46808
name added to list: 46809
name added to list: 46810
name added to list: 46811
name added to list: 46812
name added to list: 46813
name added to list: 46814
name added to list: 46815
name added to list: 46816
name added to list: 46817
name added to list: 46818
name added to list: 46819
name added to list: 46820
name added to list: 46821
name added to list: 46822
name added to list: 46823
name added to list: 46824
name added to list: 46825
name added to list: 46826
name added to list: 46827
name added to list: 46828
name added to list: 46829
name added to list: 46830
name added to list: 46831
name added to list: 46832
name added to list: 46833
name added to list: 46834
name added to list: 46835
name added to list: 46836
name added to list: 46837
name added to list: 46838
name added to list: 46839
name added to list: 46840
name added to list: 46841
name added to list: 46842
name added to list: 46843
name added to list: 46844
name added to list: 46845
name added to list: 46846
name added to list: 46847
name added to list: 46848
name added to list: 46849
name added to list: 46850
name added to list: 46851
name added to list: 46852
name added to list: 46853
name added to list: 46854
name added to list: 46855
name added to list: 46856
name added to list: 46857
name added to list: 46858
name added to list: 46859
name added to list: 46860
name added to list: 46861
name added to list: 46862
name added to list: 46863
name added to list: 46864
name added to list: 46865
name added to list: 46866
name added to list: 46867
name added to list: 46868
name added to list: 46869
name added to list: 46870
name added to list: 46871
name added to list: 46872
name added to list: 46873
name added to list: 46874
name added to list: 46875
name added to list: 46876
name added to list: 46877
name added to list: 46878
name added to list: 46879
name added to list: 46880
name added to list: 46881
name added to list: 46882
name added to list: 46883
name added to list: 46884
name added to list: 46885
name added to list: 46886
name added to list: 46887
name added to list: 46888
name added to list: 46889
name added to list: 46890
name added to list: 46891
name added to list: 46892
name added to list: 46893
name added to list: 46894
name added to list: 46895
name added to list: 46896
name added to list: 46897
name added to list: 46898
name added to list: 46899
name added to list: 46900
name added to list: 46901
name added to list: 46902
name added to list: 46903
name added to list: 46904
name added to list: 46905
name added to list: 46906
name added to list: 46907
name added to list: 46908
name added to list: 46909
name added to list: 46910
name added to list: 46911
name added to list: 46912
name added to list: 46913
name added to list: 46914
name added to list: 46915
name added to list: 46916
name added to list: 46917
name added to list: 46918
name added to list: 46919
name added to list: 46920
name added to list: 46921
name added to list: 46922
name added to list: 46923
name added to list: 46924
name added to list: 46925
name added to list: 46926
name added to list: 46927
name added to list: 46928
name added to list: 46929
name added to list: 46930
name added to list: 46931
name added to list: 46932
name added to list: 46933
name added to list: 46934
name added to list: 46935
name added to list: 46936
name added to list: 46937
name added to list: 46938
name added to list: 46939
name added to list: 46940
name added to list: 46941
name added to list: 46942
name added to list: 46943
name added to list: 46944
name added to list: 46945
name added to list: 46946
name added to list: 46947
name added to list: 46948
name added to list: 46949
name added to list: 46950
name added to list: 46951
name added to list: 46952
name added to list: 46953
name added to list: 46954
name added to list: 46955
name added to list: 46956
name added to list: 46957
name added to list: 46958
name added to list: 46959
name added to list: 46960
name added to list: 46961
name added to list: 46962
name added to list: 46963
name added to list: 46964
name added to list: 46965
name added to list: 46966
name added to list: 46967
name added to list: 46968
name added to list: 46969
name added to list: 46970
name added to list: 46971
name added to list: 46972
name added to list: 46973
name added to list: 46974
name added to list: 46975
name added to list: 46976
name added to list: 46977
name added to list: 46978
name added to list: 46979
name added to list: 46980
name added to list: 46981
name added to list: 46982
name added to list: 46983
name added to list: 46984
name added to list: 46985
name added to list: 46986
name added to list: 46987
name added to list: 46988
name added to list: 46989
name added to list: 46990
name added to list: 46991
name added to list: 46992
name added to list: 46993
name added to list: 46994
name added to list: 46995
name added to list: 46996
name added to list: 46997
name added to list: 46998
name added to list: 46999
name added to list: 47000
name added to list: 47001
name added to list: 47002
name added to list: 47003
name added to list: 47004
name added to list: 47005
name added to list: 47006
name added to list: 47007
name added to list: 47008
name added to list: 47009
name added to list: 47010
name added to list: 47011
name added to list: 47012
name added to list: 47013
name added to list: 47014
name added to list: 47015
name added to list: 47016
name added to list: 47017
name added to list: 47018
name added to list: 47019
name added to list: 47020
name added to list: 47021
name added to list: 47022
name added to list: 47023
name added to list: 47024
name added to list: 47025
name added to list: 47026
name added to list: 47027
name added to list: 47028
name added to list: 47029
name added to list: 47030
name added to list: 47031
name added to list: 47032
name added to list: 47033
name added to list: 47034
name added to list: 47035
name added to list: 47036
name added to list: 47037
name added to list: 47038
name added to list: 47039
name added to list: 47040
name added to list: 47041
name added to list: 47042
name added to list: 47043
name added to list: 47044
name added to list: 47045
name added to list: 47046
name added to list: 47047
name added to list: 47048
name added to list: 47049
name added to list: 47050
name added to list: 47051
name added to list: 47052
name added to list: 47053
name added to list: 47054
name added to list: 47055
name added to list: 47056
name added to list: 47057
name added to list: 47058
name added to list: 47059
name added to list: 47060
name added to list: 47061
name added to list: 47062
name added to list: 47063
name added to list: 47064
name added to list: 47065
name added to list: 47066
name added to list: 47067
name added to list: 47068
name added to list: 47069
name added to list: 47070
name added to list: 47071
name added to list: 47072
name added to list: 47073
name added to list: 47074
name added to list: 47075
name added to list: 47076
name added to list: 47077
name added to list: 47078
name added to list: 47079
name added to list: 47080
name added to list: 47081
name added to list: 47082
name added to list: 47083
name added to list: 47084
name added to list: 47085
name added to list: 47086
name added to list: 47087
name added to list: 47088
name added to list: 47089
name added to list: 47090
name added to list: 47091
name added to list: 47092
name added to list: 47093
name added to list: 47094
name added to list: 47095
name added to list: 47096
name added to list: 47097
name added to list: 47098
name added to list: 47099
name added to list: 47100
name added to list: 47101
name added to list: 47102
name added to list: 47103
name added to list: 47104
name added to list: 47105
name added to list: 47106
name added to list: 47107
name added to list: 47108
name added to list: 47109
name added to list: 47110
name added to list: 47111
name added to list: 47112
name added to list: 47113
name added to list: 47114
name added to list: 47115
name added to list: 47116
name added to list: 47117
name added to list: 47118
name added to list: 47119
name added to list: 47120
name added to list: 47121
name added to list: 47122
name added to list: 47123
name added to list: 47124
name added to list: 47125
name added to list: 47126
name added to list: 47127
name added to list: 47128
name added to list: 47129
name added to list: 47130
name added to list: 47131
name added to list: 47132
name added to list: 47133
name added to list: 47134
name added to list: 47135
name added to list: 47136
name added to list: 47137
name added to list: 47138
name added to list: 47139
name added to list: 47140
name added to list: 47141
name added to list: 47142
name added to list: 47143
name added to list: 47144
name added to list: 47145
name added to list: 47146
name added to list: 47147
name added to list: 47148
name added to list: 47149
name added to list: 47150
name added to list: 47151
name added to list: 47152
name added to list: 47153
name added to list: 47154
name added to list: 47155
name added to list: 47156
name added to list: 47157
name added to list: 47158
name added to list: 47159
name added to list: 47160
name added to list: 47161
name added to list: 47162
name added to list: 47163
name added to list: 47164
name added to list: 47165
name added to list: 47166
name added to list: 47167
name added to list: 47168
name added to list: 47169
name added to list: 47170
name added to list: 47171
name added to list: 47172
name added to list: 47173
name added to list: 47174
name added to list: 47175
name added to list: 47176
name added to list: 47177
name added to list: 47178
name added to list: 47179
name added to list: 47180
name added to list: 47181
name added to list: 47182
name added to list: 47183
name added to list: 47184
name added to list: 47185
name added to list: 47186
name added to list: 47187
name added to list: 47188
name added to list: 47189
name added to list: 47190
name added to list: 47191
name added to list: 47192
name added to list: 47193
name added to list: 47194
name added to list: 47195
name added to list: 47196
name added to list: 47197
name added to list: 47198
name added to list: 47199
name added to list: 47200
name added to list: 47201
name added to list: 47202
name added to list: 47203
name added to list: 47204
name added to list: 47205
name added to list: 47206
name added to list: 47207
name added to list: 47208
name added to list: 47209
name added to list: 47210
name added to list: 47211
name added to list: 47212
name added to list: 47213
name added to list: 47214
name added to list: 47215
name added to list: 47216
name added to list: 47217
name added to list: 47218
name added to list: 47219
name added to list: 47220
name added to list: 47221
name added to list: 47222
name added to list: 47223
name added to list: 47224
name added to list: 47225
name added to list: 47226
name added to list: 47227
name added to list: 47228
name added to list: 47229
name added to list: 47230
name added to list: 47231
name added to list: 47232
name added to list: 47233
name added to list: 47234
name added to list: 47235
name added to list: 47236
name added to list: 47237
name added to list: 47238
name added to list: 47239
name added to list: 47240
name added to list: 47241
name added to list: 47242
name added to list: 47243
name added to list: 47244
name added to list: 47245
name added to list: 47246
name added to list: 47247
name added to list: 47248
name added to list: 47249
name added to list: 47250
name added to list: 47251
name added to list: 47252
name added to list: 47253
name added to list: 47254
name added to list: 47255
name added to list: 47256
name added to list: 47257
name added to list: 47258
name added to list: 47259
name added to list: 47260
name added to list: 47261
name added to list: 47262
name added to list: 47263
name added to list: 47264
name added to list: 47265
name added to list: 47266
name added to list: 47267
name added to list: 47268
name added to list: 47269
name added to list: 47270
name added to list: 47271
name added to list: 47272
name added to list: 47273
name added to list: 47274
name added to list: 47275
name added to list: 47276
name added to list: 47277
name added to list: 47278
name added to list: 47279
name added to list: 47280
name added to list: 47281
name added to list: 47282
name added to list: 47283
name added to list: 47284
name added to list: 47285
name added to list: 47286
name added to list: 47287
name added to list: 47288
name added to list: 47289
name added to list: 47290
name added to list: 47291
name added to list: 47292
name added to list: 47293
name added to list: 47294
name added to list: 47295
name added to list: 47296
name added to list: 47297
name added to list: 47298
name added to list: 47299
name added to list: 47300
name added to list: 47301
name added to list: 47302
name added to list: 47303
name added to list: 47304
name added to list: 47305
name added to list: 47306
name added to list: 47307
name added to list: 47308
name added to list: 47309
name added to list: 47310
name added to list: 47311
name added to list: 47312
name added to list: 47313
name added to list: 47314
name added to list: 47315
name added to list: 47316
name added to list: 47317
name added to list: 47318
name added to list: 47319
name added to list: 47320
name added to list: 47321
name added to list: 47322
name added to list: 47323
name added to list: 47324
name added to list: 47325
name added to list: 47326
name added to list: 47327
name added to list: 47328
name added to list: 47329
name added to list: 47330
name added to list: 47331
name added to list: 47332
name added to list: 47333
name added to list: 47334
name added to list: 47335
name added to list: 47336
name added to list: 47337
name added to list: 47338
name added to list: 47339
name added to list: 47340
name added to list: 47341
name added to list: 47342
name added to list: 47343
name added to list: 47344
name added to list: 47345
name added to list: 47346
name added to list: 47347
name added to list: 47348
name added to list: 47349
name added to list: 47350
name added to list: 47351
name added to list: 47352
name added to list: 47353
name added to list: 47354
name added to list: 47355
name added to list: 47356
name added to list: 47357
name added to list: 47358
name added to list: 47359
name added to list: 47360
name added to list: 47361
name added to list: 47362
name added to list: 47363
name added to list: 47364
name added to list: 47365
name added to list: 47366
name added to list: 47367
name added to list: 47368
name added to list: 47369
name added to list: 47370
name added to list: 47371
name added to list: 47372
name added to list: 47373
name added to list: 47374
name added to list: 47375
name added to list: 47376
name added to list: 47377
name added to list: 47378
name added to list: 47379
name added to list: 47380
name added to list: 47381
name added to list: 47382
name added to list: 47383
name added to list: 47384
name added to list: 47385
name added to list: 47386
name added to list: 47387
name added to list: 47388
name added to list: 47389
name added to list: 47390
name added to list: 47391
name added to list: 47392
name added to list: 47393
name added to list: 47394
name added to list: 47395
name added to list: 47396
name added to list: 47397
name added to list: 47398
name added to list: 47399
name added to list: 47400
name added to list: 47401
name added to list: 47402
name added to list: 47403
name added to list: 47404
name added to list: 47405
name added to list: 47406
name added to list: 47407
name added to list: 47408
name added to list: 47409
name added to list: 47410
name added to list: 47411
name added to list: 47412
name added to list: 47413
name added to list: 47414
name added to list: 47415
name added to list: 47416
name added to list: 47417
name added to list: 47418
name added to list: 47419
name added to list: 47420
name added to list: 47421
name added to list: 47422
name added to list: 47423
name added to list: 47424
name added to list: 47425
name added to list: 47426
name added to list: 47427
name added to list: 47428
name added to list: 47429
name added to list: 47430
name added to list: 47431
name added to list: 47432
name added to list: 47433
name added to list: 47434
name added to list: 47435
name added to list: 47436
name added to list: 47437
name added to list: 47438
name added to list: 47439
name added to list: 47440
name added to list: 47441
name added to list: 47442
name added to list: 47443
name added to list: 47444
name added to list: 47445
name added to list: 47446
name added to list: 47447
name added to list: 47448
name added to list: 47449
name added to list: 47450
name added to list: 47451
name added to list: 47452
name added to list: 47453
name added to list: 47454
name added to list: 47455
name added to list: 47456
name added to list: 47457
name added to list: 47458
name added to list: 47459
name added to list: 47460
name added to list: 47461
name added to list: 47462
name added to list: 47463
name added to list: 47464
name added to list: 47465
name added to list: 47466
name added to list: 47467
name added to list: 47468
name added to list: 47469
name added to list: 47470
name added to list: 47471
name added to list: 47472
name added to list: 47473
name added to list: 47474
name added to list: 47475
name added to list: 47476
name added to list: 47477
name added to list: 47478
name added to list: 47479
name added to list: 47480
name added to list: 47481
name added to list: 47482
name added to list: 47483
name added to list: 47484
name added to list: 47485
name added to list: 47486
name added to list: 47487
name added to list: 47488
name added to list: 47489
name added to list: 47490
name added to list: 47491
name added to list: 47492
name added to list: 47493
name added to list: 47494
name added to list: 47495
name added to list: 47496
name added to list: 47497
name added to list: 47498
name added to list: 47499
name added to list: 47500
name added to list: 47501
name added to list: 47502
name added to list: 47503
name added to list: 47504
name added to list: 47505
name added to list: 47506
name added to list: 47507
name added to list: 47508
name added to list: 47509
name added to list: 47510
name added to list: 47511
name added to list: 47512
name added to list: 47513
name added to list: 47514
name added to list: 47515
name added to list: 47516
name added to list: 47517
name added to list: 47518
name added to list: 47519
name added to list: 47520
name added to list: 47521
name added to list: 47522
name added to list: 47523
name added to list: 47524
name added to list: 47525
name added to list: 47526
name added to list: 47527
name added to list: 47528
name added to list: 47529
name added to list: 47530
name added to list: 47531
name added to list: 47532
name added to list: 47533
name added to list: 47534
name added to list: 47535
name added to list: 47536
name added to list: 47537
name added to list: 47538
name added to list: 47539
name added to list: 47540
name added to list: 47541
name added to list: 47542
name added to list: 47543
name added to list: 47544
name added to list: 47545
name added to list: 47546
name added to list: 47547
name added to list: 47548
name added to list: 47549
name added to list: 47550
name added to list: 47551
name added to list: 47552
name added to list: 47553
name added to list: 47554
name added to list: 47555
name added to list: 47556
name added to list: 47557
name added to list: 47558
name added to list: 47559
name added to list: 47560
name added to list: 47561
name added to list: 47562
name added to list: 47563
name added to list: 47564
name added to list: 47565
name added to list: 47566
name added to list: 47567
name added to list: 47568
name added to list: 47569
name added to list: 47570
name added to list: 47571
name added to list: 47572
name added to list: 47573
name added to list: 47574
name added to list: 47575
name added to list: 47576
name added to list: 47577
name added to list: 47578
name added to list: 47579
name added to list: 47580
name added to list: 47581
name added to list: 47582
name added to list: 47583
name added to list: 47584
name added to list: 47585
name added to list: 47586
name added to list: 47587
name added to list: 47588
name added to list: 47589
name added to list: 47590
name added to list: 47591
name added to list: 47592
name added to list: 47593
name added to list: 47594
name added to list: 47595
name added to list: 47596
name added to list: 47597
name added to list: 47598
name added to list: 47599
name added to list: 47600
name added to list: 47601
name added to list: 47602
name added to list: 47603
name added to list: 47604
name added to list: 47605
name added to list: 47606
name added to list: 47607
name added to list: 47608
name added to list: 47609
name added to list: 47610
name added to list: 47611
name added to list: 47612
name added to list: 47613
name added to list: 47614
name added to list: 47615
name added to list: 47616
name added to list: 47617
name added to list: 47618
name added to list: 47619
name added to list: 47620
name added to list: 47621
name added to list: 47622
name added to list: 47623
name added to list: 47624
name added to list: 47625
name added to list: 47626
name added to list: 47627
name added to list: 47628
name added to list: 47629
name added to list: 47630
name added to list: 47631
name added to list: 47632
name added to list: 47633
name added to list: 47634
name added to list: 47635
name added to list: 47636
name added to list: 47637
name added to list: 47638
name added to list: 47639
name added to list: 47640
name added to list: 47641
name added to list: 47642
name added to list: 47643
name added to list: 47644
name added to list: 47645
name added to list: 47646
name added to list: 47647
name added to list: 47648
name added to list: 47649
name added to list: 47650
name added to list: 47651
name added to list: 47652
name added to list: 47653
name added to list: 47654
name added to list: 47655
name added to list: 47656
name added to list: 47657
name added to list: 47658
name added to list: 47659
name added to list: 47660
name added to list: 47661
name added to list: 47662
name added to list: 47663
name added to list: 47664
name added to list: 47665
name added to list: 47666
name added to list: 47667
name added to list: 47668
name added to list: 47669
name added to list: 47670
name added to list: 47671
name added to list: 47672
name added to list: 47673
name added to list: 47674
name added to list: 47675
name added to list: 47676
name added to list: 47677
name added to list: 47678
name added to list: 47679
name added to list: 47680
name added to list: 47681
name added to list: 47682
name added to list: 47683
name added to list: 47684
name added to list: 47685
name added to list: 47686
name added to list: 47687
name added to list: 47688
name added to list: 47689
name added to list: 47690
name added to list: 47691
name added to list: 47692
name added to list: 47693
name added to list: 47694
name added to list: 47695
name added to list: 47696
name added to list: 47697
name added to list: 47698
name added to list: 47699
name added to list: 47700
name added to list: 47701
name added to list: 47702
name added to list: 47703
name added to list: 47704
name added to list: 47705
name added to list: 47706
name added to list: 47707
name added to list: 47708
name added to list: 47709
name added to list: 47710
name added to list: 47711
name added to list: 47712
name added to list: 47713
name added to list: 47714
name added to list: 47715
name added to list: 47716
name added to list: 47717
name added to list: 47718
name added to list: 47719
name added to list: 47720
name added to list: 47721
name added to list: 47722
name added to list: 47723
name added to list: 47724
name added to list: 47725
name added to list: 47726
name added to list: 47727
name added to list: 47728
name added to list: 47729
name added to list: 47730
name added to list: 47731
name added to list: 47732
name added to list: 47733
name added to list: 47734
name added to list: 47735
name added to list: 47736
name added to list: 47737
name added to list: 47738
name added to list: 47739
name added to list: 47740
name added to list: 47741
name added to list: 47742
name added to list: 47743
name added to list: 47744
name added to list: 47745
name added to list: 47746
name added to list: 47747
name added to list: 47748
name added to list: 47749
name added to list: 47750
name added to list: 47751
name added to list: 47752
name added to list: 47753
name added to list: 47754
name added to list: 47755
name added to list: 47756
name added to list: 47757
name added to list: 47758
name added to list: 47759
name added to list: 47760
name added to list: 47761
name added to list: 47762
name added to list: 47763
name added to list: 47764
name added to list: 47765
name added to list: 47766
name added to list: 47767
name added to list: 47768
name added to list: 47769
name added to list: 47770
name added to list: 47771
name added to list: 47772
name added to list: 47773
name added to list: 47774
name added to list: 47775
name added to list: 47776
name added to list: 47777
name added to list: 47778
name added to list: 47779
name added to list: 47780
name added to list: 47781
name added to list: 47782
name added to list: 47783
name added to list: 47784
name added to list: 47785
name added to list: 47786
name added to list: 47787
name added to list: 47788
name added to list: 47789
name added to list: 47790
name added to list: 47791
name added to list: 47792
name added to list: 47793
name added to list: 47794
name added to list: 47795
name added to list: 47796
name added to list: 47797
name added to list: 47798
name added to list: 47799
name added to list: 47800
name added to list: 47801
name added to list: 47802
name added to list: 47803
name added to list: 47804
name added to list: 47805
name added to list: 47806
name added to list: 47807
name added to list: 47808
name added to list: 47809
name added to list: 47810
name added to list: 47811
name added to list: 47812
name added to list: 47813
name added to list: 47814
name added to list: 47815
name added to list: 47816
name added to list: 47817
name added to list: 47818
name added to list: 47819
name added to list: 47820
name added to list: 47821
name added to list: 47822
name added to list: 47823
name added to list: 47824
name added to list: 47825
name added to list: 47826
name added to list: 47827
name added to list: 47828
name added to list: 47829
name added to list: 47830
name added to list: 47831
name added to list: 47832
name added to list: 47833
name added to list: 47834
name added to list: 47835
name added to list: 47836
name added to list: 47837
name added to list: 47838
name added to list: 47839
name added to list: 47840
name added to list: 47841
name added to list: 47842
name added to list: 47843
name added to list: 47844
name added to list: 47845
name added to list: 47846
name added to list: 47847
name added to list: 47848
name added to list: 47849
name added to list: 47850
name added to list: 47851
name added to list: 47852
name added to list: 47853
name added to list: 47854
name added to list: 47855
name added to list: 47856
name added to list: 47857
name added to list: 47858
name added to list: 47859
name added to list: 47860
name added to list: 47861
name added to list: 47862
name added to list: 47863
name added to list: 47864
name added to list: 47865
name added to list: 47866
name added to list: 47867
name added to list: 47868
name added to list: 47869
name added to list: 47870
name added to list: 47871
name added to list: 47872
name added to list: 47873
name added to list: 47874
name added to list: 47875
name added to list: 47876
name added to list: 47877
name added to list: 47878
name added to list: 47879
name added to list: 47880
name added to list: 47881
name added to list: 47882
name added to list: 47883
name added to list: 47884
name added to list: 47885
name added to list: 47886
name added to list: 47887
name added to list: 47888
name added to list: 47889
name added to list: 47890
name added to list: 47891
name added to list: 47892
name added to list: 47893
name added to list: 47894
name added to list: 47895
name added to list: 47896
name added to list: 47897
name added to list: 47898
name added to list: 47899
name added to list: 47900
name added to list: 47901
name added to list: 47902
name added to list: 47903
name added to list: 47904
name added to list: 47905
name added to list: 47906
name added to list: 47907
name added to list: 47908
name added to list: 47909
name added to list: 47910
name added to list: 47911
name added to list: 47912
name added to list: 47913
name added to list: 47914
name added to list: 47915
name added to list: 47916
name added to list: 47917
name added to list: 47918
name added to list: 47919
name added to list: 47920
name added to list: 47921
name added to list: 47922
name added to list: 47923
name added to list: 47924
name added to list: 47925
name added to list: 47926
name added to list: 47927
name added to list: 47928
name added to list: 47929
name added to list: 47930
name added to list: 47931
name added to list: 47932
name added to list: 47933
name added to list: 47934
name added to list: 47935
name added to list: 47936
name added to list: 47937
name added to list: 47938
name added to list: 47939
name added to list: 47940
name added to list: 47941
name added to list: 47942
name added to list: 47943
name added to list: 47944
name added to list: 47945
name added to list: 47946
name added to list: 47947
name added to list: 47948
name added to list: 47949
name added to list: 47950
name added to list: 47951
name added to list: 47952
name added to list: 47953
name added to list: 47954
name added to list: 47955
name added to list: 47956
name added to list: 47957
name added to list: 47958
name added to list: 47959
name added to list: 47960
name added to list: 47961
name added to list: 47962
name added to list: 47963
name added to list: 47964
name added to list: 47965
name added to list: 47966
name added to list: 47967
name added to list: 47968
name added to list: 47969
name added to list: 47970
name added to list: 47971
name added to list: 47972
name added to list: 47973
name added to list: 47974
name added to list: 47975
name added to list: 47976
name added to list: 47977
name added to list: 47978
name added to list: 47979
name added to list: 47980
name added to list: 47981
name added to list: 47982
name added to list: 47983
name added to list: 47984
name added to list: 47985
name added to list: 47986
name added to list: 47987
name added to list: 47988
name added to list: 47989
name added to list: 47990
name added to list: 47991
name added to list: 47992
name added to list: 47993
name added to list: 47994
name added to list: 47995
name added to list: 47996
name added to list: 47997
name added to list: 47998
name added to list: 47999
name added to list: 48000
name added to list: 48001
name added to list: 48002
name added to list: 48003
name added to list: 48004
name added to list: 48005
name added to list: 48006
name added to list: 48007
name added to list: 48008
name added to list: 48009
name added to list: 48010
name added to list: 48011
name added to list: 48012
name added to list: 48013
name added to list: 48014
name added to list: 48015
name added to list: 48016
name added to list: 48017
name added to list: 48018
name added to list: 48019
name added to list: 48020
name added to list: 48021
name added to list: 48022
name added to list: 48023
name added to list: 48024
name added to list: 48025
name added to list: 48026
name added to list: 48027
name added to list: 48028
name added to list: 48029
name added to list: 48030
name added to list: 48031
name added to list: 48032
name added to list: 48033
name added to list: 48034
name added to list: 48035
name added to list: 48036
name added to list: 48037
name added to list: 48038
name added to list: 48039
name added to list: 48040
name added to list: 48041
name added to list: 48042
name added to list: 48043
name added to list: 48044
name added to list: 48045
name added to list: 48046
name added to list: 48047
name added to list: 48048
name added to list: 48049
name added to list: 48050
name added to list: 48051
name added to list: 48052
name added to list: 48053
name added to list: 48054
name added to list: 48055
name added to list: 48056
name added to list: 48057
name added to list: 48058
name added to list: 48059
name added to list: 48060
name added to list: 48061
name added to list: 48062
name added to list: 48063
name added to list: 48064
name added to list: 48065
name added to list: 48066
name added to list: 48067
name added to list: 48068
name added to list: 48069
name added to list: 48070
name added to list: 48071
name added to list: 48072
name added to list: 48073
name added to list: 48074
name added to list: 48075
name added to list: 48076
name added to list: 48077
name added to list: 48078
name added to list: 48079
name added to list: 48080
name added to list: 48081
name added to list: 48082
name added to list: 48083
name added to list: 48084
name added to list: 48085
name added to list: 48086
name added to list: 48087
name added to list: 48088
name added to list: 48089
name added to list: 48090
name added to list: 48091
name added to list: 48092
name added to list: 48093
name added to list: 48094
name added to list: 48095
name added to list: 48096
name added to list: 48097
name added to list: 48098
name added to list: 48099
name added to list: 48100
name added to list: 48101
name added to list: 48102
name added to list: 48103
name added to list: 48104
name added to list: 48105
name added to list: 48106
name added to list: 48107
name added to list: 48108
name added to list: 48109
name added to list: 48110
name added to list: 48111
name added to list: 48112
name added to list: 48113
name added to list: 48114
name added to list: 48115
name added to list: 48116
name added to list: 48117
name added to list: 48118
name added to list: 48119
name added to list: 48120
name added to list: 48121
name added to list: 48122
name added to list: 48123
name added to list: 48124
name added to list: 48125
name added to list: 48126
name added to list: 48127
name added to list: 48128
name added to list: 48129
name added to list: 48130
name added to list: 48131
name added to list: 48132
name added to list: 48133
name added to list: 48134
name added to list: 48135
name added to list: 48136
name added to list: 48137
name added to list: 48138
name added to list: 48139
name added to list: 48140
name added to list: 48141
name added to list: 48142
name added to list: 48143
name added to list: 48144
name added to list: 48145
name added to list: 48146
name added to list: 48147
name added to list: 48148
name added to list: 48149
name added to list: 48150
name added to list: 48151
name added to list: 48152
name added to list: 48153
name added to list: 48154
name added to list: 48155
name added to list: 48156
name added to list: 48157
name added to list: 48158
name added to list: 48159
name added to list: 48160
name added to list: 48161
name added to list: 48162
name added to list: 48163
name added to list: 48164
name added to list: 48165
name added to list: 48166
name added to list: 48167
name added to list: 48168
name added to list: 48169
name added to list: 48170
name added to list: 48171
name added to list: 48172
name added to list: 48173
name added to list: 48174
name added to list: 48175
name added to list: 48176
name added to list: 48177
name added to list: 48178
name added to list: 48179
name added to list: 48180
name added to list: 48181
name added to list: 48182
name added to list: 48183
name added to list: 48184
name added to list: 48185
name added to list: 48186
name added to list: 48187
name added to list: 48188
name added to list: 48189
name added to list: 48190
name added to list: 48191
name added to list: 48192
name added to list: 48193
name added to list: 48194
name added to list: 48195
name added to list: 48196
name added to list: 48197
name added to list: 48198
name added to list: 48199
name added to list: 48200
name added to list: 48201
name added to list: 48202
name added to list: 48203
name added to list: 48204
name added to list: 48205
name added to list: 48206
name added to list: 48207
name added to list: 48208
name added to list: 48209
name added to list: 48210
name added to list: 48211
name added to list: 48212
name added to list: 48213
name added to list: 48214
name added to list: 48215
name added to list: 48216
name added to list: 48217
name added to list: 48218
name added to list: 48219
name added to list: 48220
name added to list: 48221
name added to list: 48222
name added to list: 48223
name added to list: 48224
name added to list: 48225
name added to list: 48226
name added to list: 48227
name added to list: 48228
name added to list: 48229
name added to list: 48230
name added to list: 48231
name added to list: 48232
name added to list: 48233
name added to list: 48234
name added to list: 48235
name added to list: 48236
name added to list: 48237
name added to list: 48238
name added to list: 48239
name added to list: 48240
name added to list: 48241
name added to list: 48242
name added to list: 48243
name added to list: 48244
name added to list: 48245
name added to list: 48246
name added to list: 48247
name added to list: 48248
name added to list: 48249
name added to list: 48250
name added to list: 48251
name added to list: 48252
name added to list: 48253
name added to list: 48254
name added to list: 48255
name added to list: 48256
name added to list: 48257
name added to list: 48258
name added to list: 48259
name added to list: 48260
name added to list: 48261
name added to list: 48262
name added to list: 48263
name added to list: 48264
name added to list: 48265
name added to list: 48266
name added to list: 48267
name added to list: 48268
name added to list: 48269
name added to list: 48270
name added to list: 48271
name added to list: 48272
name added to list: 48273
name added to list: 48274
name added to list: 48275
name added to list: 48276
name added to list: 48277
name added to list: 48278
name added to list: 48279
name added to list: 48280
name added to list: 48281
name added to list: 48282
name added to list: 48283
name added to list: 48284
name added to list: 48285
name added to list: 48286
name added to list: 48287
name added to list: 48288
name added to list: 48289
name added to list: 48290
name added to list: 48291
name added to list: 48292
name added to list: 48293
name added to list: 48294
name added to list: 48295
name added to list: 48296
name added to list: 48297
name added to list: 48298
name added to list: 48299
name added to list: 48300
name added to list: 48301
name added to list: 48302
name added to list: 48303
name added to list: 48304
name added to list: 48305
name added to list: 48306
name added to list: 48307
name added to list: 48308
name added to list: 48309
name added to list: 48310
name added to list: 48311
name added to list: 48312
name added to list: 48313
name added to list: 48314
name added to list: 48315
name added to list: 48316
name added to list: 48317
name added to list: 48318
name added to list: 48319
name added to list: 48320
name added to list: 48321
name added to list: 48322
name added to list: 48323
name added to list: 48324
name added to list: 48325
name added to list: 48326
name added to list: 48327
name added to list: 48328
name added to list: 48329
name added to list: 48330
name added to list: 48331
name added to list: 48332
name added to list: 48333
name added to list: 48334
name added to list: 48335
name added to list: 48336
name added to list: 48337
name added to list: 48338
name added to list: 48339
name added to list: 48340
name added to list: 48341
name added to list: 48342
name added to list: 48343
name added to list: 48344
name added to list: 48345
name added to list: 48346
name added to list: 48347
name added to list: 48348
name added to list: 48349
name added to list: 48350
name added to list: 48351
name added to list: 48352
name added to list: 48353
name added to list: 48354
name added to list: 48355
name added to list: 48356
name added to list: 48357
name added to list: 48358
name added to list: 48359
name added to list: 48360
name added to list: 48361
name added to list: 48362
name added to list: 48363
name added to list: 48364
name added to list: 48365
name added to list: 48366
name added to list: 48367
name added to list: 48368
name added to list: 48369
name added to list: 48370
name added to list: 48371
name added to list: 48372
name added to list: 48373
name added to list: 48374
name added to list: 48375
name added to list: 48376
name added to list: 48377
name added to list: 48378
name added to list: 48379
name added to list: 48380
name added to list: 48381
name added to list: 48382
name added to list: 48383
name added to list: 48384
name added to list: 48385
name added to list: 48386
name added to list: 48387
name added to list: 48388
name added to list: 48389
name added to list: 48390
name added to list: 48391
name added to list: 48392
name added to list: 48393
name added to list: 48394
name added to list: 48395
name added to list: 48396
name added to list: 48397
name added to list: 48398
name added to list: 48399
name added to list: 48400
name added to list: 48401
name added to list: 48402
name added to list: 48403
name added to list: 48404
name added to list: 48405
name added to list: 48406
name added to list: 48407
name added to list: 48408
name added to list: 48409
name added to list: 48410
name added to list: 48411
name added to list: 48412
name added to list: 48413
name added to list: 48414
name added to list: 48415
name added to list: 48416
name added to list: 48417
name added to list: 48418
name added to list: 48419
name added to list: 48420
name added to list: 48421
name added to list: 48422
name added to list: 48423
name added to list: 48424
name added to list: 48425
name added to list: 48426
name added to list: 48427
name added to list: 48428
name added to list: 48429
name added to list: 48430
name added to list: 48431
name added to list: 48432
name added to list: 48433
name added to list: 48434
name added to list: 48435
name added to list: 48436
name added to list: 48437
name added to list: 48438
name added to list: 48439
name added to list: 48440
name added to list: 48441
name added to list: 48442
name added to list: 48443
name added to list: 48444
name added to list: 48445
name added to list: 48446
name added to list: 48447
name added to list: 48448
name added to list: 48449
name added to list: 48450
name added to list: 48451
name added to list: 48452
name added to list: 48453
name added to list: 48454
name added to list: 48455
name added to list: 48456
name added to list: 48457
name added to list: 48458
name added to list: 48459
name added to list: 48460
name added to list: 48461
name added to list: 48462
name added to list: 48463
name added to list: 48464
name added to list: 48465
name added to list: 48466
name added to list: 48467
name added to list: 48468
name added to list: 48469
name added to list: 48470
name added to list: 48471
name added to list: 48472
name added to list: 48473
name added to list: 48474
name added to list: 48475
name added to list: 48476
name added to list: 48477
name added to list: 48478
name added to list: 48479
name added to list: 48480
name added to list: 48481
name added to list: 48482
name added to list: 48483
name added to list: 48484
name added to list: 48485
name added to list: 48486
name added to list: 48487
name added to list: 48488
name added to list: 48489
name added to list: 48490
name added to list: 48491
name added to list: 48492
name added to list: 48493
name added to list: 48494
name added to list: 48495
name added to list: 48496
name added to list: 48497
name added to list: 48498
name added to list: 48499
name added to list: 48500
name added to list: 48501
name added to list: 48502
name added to list: 48503
name added to list: 48504
name added to list: 48505
name added to list: 48506
name added to list: 48507
name added to list: 48508
name added to list: 48509
name added to list: 48510
name added to list: 48511
name added to list: 48512
name added to list: 48513
name added to list: 48514
name added to list: 48515
name added to list: 48516
name added to list: 48517
name added to list: 48518
name added to list: 48519
name added to list: 48520
name added to list: 48521
name added to list: 48522
name added to list: 48523
name added to list: 48524
name added to list: 48525
name added to list: 48526
name added to list: 48527
name added to list: 48528
name added to list: 48529
name added to list: 48530
name added to list: 48531
name added to list: 48532
name added to list: 48533
name added to list: 48534
name added to list: 48535
name added to list: 48536
name added to list: 48537
name added to list: 48538
name added to list: 48539
name added to list: 48540
name added to list: 48541
name added to list: 48542
name added to list: 48543
name added to list: 48544
name added to list: 48545
name added to list: 48546
name added to list: 48547
name added to list: 48548
name added to list: 48549
name added to list: 48550
name added to list: 48551
name added to list: 48552
name added to list: 48553
name added to list: 48554
name added to list: 48555
name added to list: 48556
name added to list: 48557
name added to list: 48558
name added to list: 48559
name added to list: 48560
name added to list: 48561
name added to list: 48562
name added to list: 48563
name added to list: 48564
name added to list: 48565
name added to list: 48566
name added to list: 48567
name added to list: 48568
name added to list: 48569
name added to list: 48570
name added to list: 48571
name added to list: 48572
name added to list: 48573
name added to list: 48574
name added to list: 48575
name added to list: 48576
name added to list: 48577
name added to list: 48578
name added to list: 48579
name added to list: 48580
name added to list: 48581
name added to list: 48582
name added to list: 48583
name added to list: 48584
name added to list: 48585
name added to list: 48586
name added to list: 48587
name added to list: 48588
name added to list: 48589
name added to list: 48590
name added to list: 48591
name added to list: 48592
name added to list: 48593
name added to list: 48594
name added to list: 48595
name added to list: 48596
name added to list: 48597
name added to list: 48598
name added to list: 48599
name added to list: 48600
name added to list: 48601
name added to list: 48602
name added to list: 48603
name added to list: 48604
name added to list: 48605
name added to list: 48606
name added to list: 48607
name added to list: 48608
name added to list: 48609
name added to list: 48610
name added to list: 48611
name added to list: 48612
name added to list: 48613
name added to list: 48614
name added to list: 48615
name added to list: 48616
name added to list: 48617
name added to list: 48618
name added to list: 48619
name added to list: 48620
name added to list: 48621
name added to list: 48622
name added to list: 48623
name added to list: 48624
name added to list: 48625
name added to list: 48626
name added to list: 48627
name added to list: 48628
name added to list: 48629
name added to list: 48630
name added to list: 48631
name added to list: 48632
name added to list: 48633
name added to list: 48634
name added to list: 48635
name added to list: 48636
name added to list: 48637
name added to list: 48638
name added to list: 48639
name added to list: 48640
name added to list: 48641
name added to list: 48642
name added to list: 48643
name added to list: 48644
name added to list: 48645
name added to list: 48646
name added to list: 48647
name added to list: 48648
name added to list: 48649
name added to list: 48650
name added to list: 48651
name added to list: 48652
name added to list: 48653
name added to list: 48654
name added to list: 48655
name added to list: 48656
name added to list: 48657
name added to list: 48658
name added to list: 48659
name added to list: 48660
name added to list: 48661
name added to list: 48662
name added to list: 48663
name added to list: 48664
name added to list: 48665
name added to list: 48666
name added to list: 48667
name added to list: 48668
name added to list: 48669
name added to list: 48670
name added to list: 48671
name added to list: 48672
name added to list: 48673
name added to list: 48674
name added to list: 48675
name added to list: 48676
name added to list: 48677
name added to list: 48678
name added to list: 48679
name added to list: 48680
name added to list: 48681
name added to list: 48682
name added to list: 48683
name added to list: 48684
name added to list: 48685
name added to list: 48686
name added to list: 48687
name added to list: 48688
name added to list: 48689
name added to list: 48690
name added to list: 48691
name added to list: 48692
name added to list: 48693
name added to list: 48694
name added to list: 48695
name added to list: 48696
name added to list: 48697
name added to list: 48698
name added to list: 48699
name added to list: 48700
name added to list: 48701
name added to list: 48702
name added to list: 48703
name added to list: 48704
name added to list: 48705
name added to list: 48706
name added to list: 48707
name added to list: 48708
name added to list: 48709
name added to list: 48710
name added to list: 48711
name added to list: 48712
name added to list: 48713
name added to list: 48714
name added to list: 48715
name added to list: 48716
name added to list: 48717
name added to list: 48718
name added to list: 48719
name added to list: 48720
name added to list: 48721
name added to list: 48722
name added to list: 48723
name added to list: 48724
name added to list: 48725
name added to list: 48726
name added to list: 48727
name added to list: 48728
name added to list: 48729
name added to list: 48730
name added to list: 48731
name added to list: 48732
name added to list: 48733
name added to list: 48734
name added to list: 48735
name added to list: 48736
name added to list: 48737
name added to list: 48738
name added to list: 48739
name added to list: 48740
name added to list: 48741
name added to list: 48742
name added to list: 48743
name added to list: 48744
name added to list: 48745
name added to list: 48746
name added to list: 48747
name added to list: 48748
name added to list: 48749
name added to list: 48750
name added to list: 48751
name added to list: 48752
name added to list: 48753
name added to list: 48754
name added to list: 48755
name added to list: 48756
name added to list: 48757
name added to list: 48758
name added to list: 48759
name added to list: 48760
name added to list: 48761
name added to list: 48762
name added to list: 48763
name added to list: 48764
name added to list: 48765
name added to list: 48766
name added to list: 48767
name added to list: 48768
name added to list: 48769
name added to list: 48770
name added to list: 48771
name added to list: 48772
name added to list: 48773
name added to list: 48774
name added to list: 48775
name added to list: 48776
name added to list: 48777
name added to list: 48778
name added to list: 48779
name added to list: 48780
name added to list: 48781
name added to list: 48782
name added to list: 48783
name added to list: 48784
name added to list: 48785
name added to list: 48786
name added to list: 48787
name added to list: 48788
name added to list: 48789
name added to list: 48790
name added to list: 48791
name added to list: 48792
name added to list: 48793
name added to list: 48794
name added to list: 48795
name added to list: 48796
name added to list: 48797
name added to list: 48798
name added to list: 48799
name added to list: 48800
name added to list: 48801
name added to list: 48802
name added to list: 48803
name added to list: 48804
name added to list: 48805
name added to list: 48806
name added to list: 48807
name added to list: 48808
name added to list: 48809
name added to list: 48810
name added to list: 48811
name added to list: 48812
name added to list: 48813
name added to list: 48814
name added to list: 48815
name added to list: 48816
name added to list: 48817
name added to list: 48818
name added to list: 48819
name added to list: 48820
name added to list: 48821
name added to list: 48822
name added to list: 48823
name added to list: 48824
name added to list: 48825
name added to list: 48826
name added to list: 48827
name added to list: 48828
name added to list: 48829
name added to list: 48830
name added to list: 48831
name added to list: 48832
name added to list: 48833
name added to list: 48834
name added to list: 48835
name added to list: 48836
name added to list: 48837
name added to list: 48838
name added to list: 48839
name added to list: 48840
name added to list: 48841
name added to list: 48842
name added to list: 48843
name added to list: 48844
name added to list: 48845
name added to list: 48846
name added to list: 48847
name added to list: 48848
name added to list: 48849
name added to list: 48850
name added to list: 48851
name added to list: 48852
name added to list: 48853
name added to list: 48854
name added to list: 48855
name added to list: 48856
name added to list: 48857
name added to list: 48858
name added to list: 48859
name added to list: 48860
name added to list: 48861
name added to list: 48862
name added to list: 48863
name added to list: 48864
name added to list: 48865
name added to list: 48866
name added to list: 48867
name added to list: 48868
name added to list: 48869
name added to list: 48870
name added to list: 48871
name added to list: 48872
name added to list: 48873
name added to list: 48874
name added to list: 48875
name added to list: 48876
name added to list: 48877
name added to list: 48878
name added to list: 48879
name added to list: 48880
name added to list: 48881
name added to list: 48882
name added to list: 48883
name added to list: 48884
name added to list: 48885
name added to list: 48886
name added to list: 48887
name added to list: 48888
name added to list: 48889
name added to list: 48890
name added to list: 48891
name added to list: 48892
name added to list: 48893
name added to list: 48894
name added to list: 48895
name added to list: 48896
name added to list: 48897
name added to list: 48898
name added to list: 48899
name added to list: 48900
name added to list: 48901
name added to list: 48902
name added to list: 48903
name added to list: 48904
name added to list: 48905
name added to list: 48906
name added to list: 48907
name added to list: 48908
name added to list: 48909
name added to list: 48910
name added to list: 48911
name added to list: 48912
name added to list: 48913
name added to list: 48914
name added to list: 48915
name added to list: 48916
name added to list: 48917
name added to list: 48918
name added to list: 48919
name added to list: 48920
name added to list: 48921
name added to list: 48922
name added to list: 48923
name added to list: 48924
name added to list: 48925
name added to list: 48926
name added to list: 48927
name added to list: 48928
name added to list: 48929
name added to list: 48930
name added to list: 48931
name added to list: 48932
name added to list: 48933
name added to list: 48934
name added to list: 48935
name added to list: 48936
name added to list: 48937
name added to list: 48938
name added to list: 48939
name added to list: 48940
name added to list: 48941
name added to list: 48942
name added to list: 48943
name added to list: 48944
name added to list: 48945
name added to list: 48946
name added to list: 48947
name added to list: 48948
name added to list: 48949
name added to list: 48950
name added to list: 48951
name added to list: 48952
name added to list: 48953
name added to list: 48954
name added to list: 48955
name added to list: 48956
name added to list: 48957
name added to list: 48958
name added to list: 48959
name added to list: 48960
name added to list: 48961
name added to list: 48962
name added to list: 48963
name added to list: 48964
name added to list: 48965
name added to list: 48966
name added to list: 48967
name added to list: 48968
name added to list: 48969
name added to list: 48970
name added to list: 48971
name added to list: 48972
name added to list: 48973
name added to list: 48974
name added to list: 48975
name added to list: 48976
name added to list: 48977
name added to list: 48978
name added to list: 48979
name added to list: 48980
name added to list: 48981
name added to list: 48982
name added to list: 48983
name added to list: 48984
name added to list: 48985
name added to list: 48986
name added to list: 48987
name added to list: 48988
name added to list: 48989
name added to list: 48990
name added to list: 48991
name added to list: 48992
name added to list: 48993
name added to list: 48994
name added to list: 48995
name added to list: 48996
name added to list: 48997
name added to list: 48998
name added to list: 48999
name added to list: 49000
name added to list: 49001
name added to list: 49002
name added to list: 49003
name added to list: 49004
name added to list: 49005
name added to list: 49006
name added to list: 49007
name added to list: 49008
name added to list: 49009
name added to list: 49010
name added to list: 49011
name added to list: 49012
name added to list: 49013
name added to list: 49014
name added to list: 49015
name added to list: 49016
name added to list: 49017
name added to list: 49018
name added to list: 49019
name added to list: 49020
name added to list: 49021
name added to list: 49022
name added to list: 49023
name added to list: 49024
name added to list: 49025
name added to list: 49026
name added to list: 49027
name added to list: 49028
name added to list: 49029
name added to list: 49030
name added to list: 49031
name added to list: 49032
name added to list: 49033
name added to list: 49034
name added to list: 49035
name added to list: 49036
name added to list: 49037
name added to list: 49038
name added to list: 49039
name added to list: 49040
name added to list: 49041
name added to list: 49042
name added to list: 49043
name added to list: 49044
name added to list: 49045
name added to list: 49046
name added to list: 49047
name added to list: 49048
name added to list: 49049
name added to list: 49050
name added to list: 49051
name added to list: 49052
name added to list: 49053
name added to list: 49054
name added to list: 49055
name added to list: 49056
name added to list: 49057
name added to list: 49058
name added to list: 49059
name added to list: 49060
name added to list: 49061
name added to list: 49062
name added to list: 49063
name added to list: 49064
name added to list: 49065
name added to list: 49066
name added to list: 49067
name added to list: 49068
name added to list: 49069
name added to list: 49070
name added to list: 49071
name added to list: 49072
name added to list: 49073
name added to list: 49074
name added to list: 49075
name added to list: 49076
name added to list: 49077
name added to list: 49078
name added to list: 49079
name added to list: 49080
name added to list: 49081
name added to list: 49082
name added to list: 49083
name added to list: 49084
name added to list: 49085
name added to list: 49086
name added to list: 49087
name added to list: 49088
name added to list: 49089
name added to list: 49090
name added to list: 49091
name added to list: 49092
name added to list: 49093
name added to list: 49094
name added to list: 49095
name added to list: 49096
name added to list: 49097
name added to list: 49098
name added to list: 49099
name added to list: 49100
name added to list: 49101
name added to list: 49102
name added to list: 49103
name added to list: 49104
name added to list: 49105
name added to list: 49106
name added to list: 49107
name added to list: 49108
name added to list: 49109
name added to list: 49110
name added to list: 49111
name added to list: 49112
name added to list: 49113
name added to list: 49114
name added to list: 49115
name added to list: 49116
name added to list: 49117
name added to list: 49118
name added to list: 49119
name added to list: 49120
name added to list: 49121
name added to list: 49122
name added to list: 49123
name added to list: 49124
name added to list: 49125
name added to list: 49126
name added to list: 49127
name added to list: 49128
name added to list: 49129
name added to list: 49130
name added to list: 49131
name added to list: 49132
name added to list: 49133
name added to list: 49134
name added to list: 49135
name added to list: 49136
name added to list: 49137
name added to list: 49138
name added to list: 49139
name added to list: 49140
name added to list: 49141
name added to list: 49142
name added to list: 49143
name added to list: 49144
name added to list: 49145
name added to list: 49146
name added to list: 49147
name added to list: 49148
name added to list: 49149
name added to list: 49150
name added to list: 49151
name added to list: 49152
name added to list: 49153
name added to list: 49154
name added to list: 49155
name added to list: 49156
name added to list: 49157
name added to list: 49158
name added to list: 49159
name added to list: 49160
name added to list: 49161
name added to list: 49162
name added to list: 49163
name added to list: 49164
name added to list: 49165
name added to list: 49166
name added to list: 49167
name added to list: 49168
name added to list: 49169
name added to list: 49170
name added to list: 49171
name added to list: 49172
name added to list: 49173
name added to list: 49174
name added to list: 49175
name added to list: 49176
name added to list: 49177
name added to list: 49178
name added to list: 49179
name added to list: 49180
name added to list: 49181
name added to list: 49182
name added to list: 49183
name added to list: 49184
name added to list: 49185
name added to list: 49186
name added to list: 49187
name added to list: 49188
name added to list: 49189
name added to list: 49190
name added to list: 49191
name added to list: 49192
name added to list: 49193
name added to list: 49194
name added to list: 49195
name added to list: 49196
name added to list: 49197
name added to list: 49198
name added to list: 49199
name added to list: 49200
name added to list: 49201
name added to list: 49202
name added to list: 49203
name added to list: 49204
name added to list: 49205
name added to list: 49206
name added to list: 49207
name added to list: 49208
name added to list: 49209
name added to list: 49210
name added to list: 49211
name added to list: 49212
name added to list: 49213
name added to list: 49214
name added to list: 49215
name added to list: 49216
name added to list: 49217
name added to list: 49218
name added to list: 49219
name added to list: 49220
name added to list: 49221
name added to list: 49222
name added to list: 49223
name added to list: 49224
name added to list: 49225
name added to list: 49226
name added to list: 49227
name added to list: 49228
name added to list: 49229
name added to list: 49230
name added to list: 49231
name added to list: 49232
name added to list: 49233
name added to list: 49234
name added to list: 49235
name added to list: 49236
name added to list: 49237
name added to list: 49238
name added to list: 49239
name added to list: 49240
name added to list: 49241
name added to list: 49242
name added to list: 49243
name added to list: 49244
name added to list: 49245
name added to list: 49246
name added to list: 49247
name added to list: 49248
name added to list: 49249
name added to list: 49250
name added to list: 49251
name added to list: 49252
name added to list: 49253
name added to list: 49254
name added to list: 49255
name added to list: 49256
name added to list: 49257
name added to list: 49258
name added to list: 49259
name added to list: 49260
name added to list: 49261
name added to list: 49262
name added to list: 49263
name added to list: 49264
name added to list: 49265
name added to list: 49266
name added to list: 49267
name added to list: 49268
name added to list: 49269
name added to list: 49270
name added to list: 49271
name added to list: 49272
name added to list: 49273
name added to list: 49274
name added to list: 49275
name added to list: 49276
name added to list: 49277
name added to list: 49278
name added to list: 49279
name added to list: 49280
name added to list: 49281
name added to list: 49282
name added to list: 49283
name added to list: 49284
name added to list: 49285
name added to list: 49286
name added to list: 49287
name added to list: 49288
name added to list: 49289
name added to list: 49290
name added to list: 49291
name added to list: 49292
name added to list: 49293
name added to list: 49294
name added to list: 49295
name added to list: 49296
name added to list: 49297
name added to list: 49298
name added to list: 49299
name added to list: 49300
name added to list: 49301
name added to list: 49302
name added to list: 49303
name added to list: 49304
name added to list: 49305
name added to list: 49306
name added to list: 49307
name added to list: 49308
name added to list: 49309
name added to list: 49310
name added to list: 49311
name added to list: 49312
name added to list: 49313
name added to list: 49314
name added to list: 49315
name added to list: 49316
name added to list: 49317
name added to list: 49318
name added to list: 49319
name added to list: 49320
name added to list: 49321
name added to list: 49322
name added to list: 49323
name added to list: 49324
name added to list: 49325
name added to list: 49326
name added to list: 49327
name added to list: 49328
name added to list: 49329
name added to list: 49330
name added to list: 49331
name added to list: 49332
name added to list: 49333
name added to list: 49334
name added to list: 49335
name added to list: 49336
name added to list: 49337
name added to list: 49338
name added to list: 49339
name added to list: 49340
name added to list: 49341
name added to list: 49342
name added to list: 49343
name added to list: 49344
name added to list: 49345
name added to list: 49346
name added to list: 49347
name added to list: 49348
name added to list: 49349
name added to list: 49350
name added to list: 49351
name added to list: 49352
name added to list: 49353
name added to list: 49354
name added to list: 49355
name added to list: 49356
name added to list: 49357
name added to list: 49358
name added to list: 49359
name added to list: 49360
name added to list: 49361
name added to list: 49362
name added to list: 49363
name added to list: 49364
name added to list: 49365
name added to list: 49366
name added to list: 49367
name added to list: 49368
name added to list: 49369
name added to list: 49370
name added to list: 49371
name added to list: 49372
name added to list: 49373
name added to list: 49374
name added to list: 49375
name added to list: 49376
name added to list: 49377
name added to list: 49378
name added to list: 49379
name added to list: 49380
name added to list: 49381
name added to list: 49382
name added to list: 49383
name added to list: 49384
name added to list: 49385
name added to list: 49386
name added to list: 49387
name added to list: 49388
name added to list: 49389
name added to list: 49390
name added to list: 49391
name added to list: 49392
name added to list: 49393
name added to list: 49394
name added to list: 49395
name added to list: 49396
name added to list: 49397
name added to list: 49398
name added to list: 49399
name added to list: 49400
name added to list: 49401
name added to list: 49402
name added to list: 49403
name added to list: 49404
name added to list: 49405
name added to list: 49406
name added to list: 49407
name added to list: 49408
name added to list: 49409
name added to list: 49410
name added to list: 49411
name added to list: 49412
name added to list: 49413
name added to list: 49414
name added to list: 49415
name added to list: 49416
name added to list: 49417
name added to list: 49418
name added to list: 49419
name added to list: 49420
name added to list: 49421
name added to list: 49422
name added to list: 49423
name added to list: 49424
name added to list: 49425
name added to list: 49426
name added to list: 49427
name added to list: 49428
name added to list: 49429
name added to list: 49430
name added to list: 49431
name added to list: 49432
name added to list: 49433
name added to list: 49434
name added to list: 49435
name added to list: 49436
name added to list: 49437
name added to list: 49438
name added to list: 49439
name added to list: 49440
name added to list: 49441
name added to list: 49442
name added to list: 49443
name added to list: 49444
name added to list: 49445
name added to list: 49446
name added to list: 49447
name added to list: 49448
name added to list: 49449
name added to list: 49450
name added to list: 49451
name added to list: 49452
name added to list: 49453
name added to list: 49454
name added to list: 49455
name added to list: 49456
name added to list: 49457
name added to list: 49458
name added to list: 49459
name added to list: 49460
name added to list: 49461
name added to list: 49462
name added to list: 49463
name added to list: 49464
name added to list: 49465
name added to list: 49466
name added to list: 49467
name added to list: 49468
name added to list: 49469
name added to list: 49470
name added to list: 49471
name added to list: 49472
name added to list: 49473
name added to list: 49474
name added to list: 49475
name added to list: 49476
name added to list: 49477
name added to list: 49478
name added to list: 49479
name added to list: 49480
name added to list: 49481
name added to list: 49482
name added to list: 49483
name added to list: 49484
name added to list: 49485
name added to list: 49486
name added to list: 49487
name added to list: 49488
name added to list: 49489
name added to list: 49490
name added to list: 49491
name added to list: 49492
name added to list: 49493
name added to list: 49494
name added to list: 49495
name added to list: 49496
name added to list: 49497
name added to list: 49498
name added to list: 49499
name added to list: 49500
name added to list: 49501
name added to list: 49502
name added to list: 49503
name added to list: 49504
name added to list: 49505
name added to list: 49506
name added to list: 49507
name added to list: 49508
name added to list: 49509
name added to list: 49510
name added to list: 49511
name added to list: 49512
name added to list: 49513
name added to list: 49514
name added to list: 49515
name added to list: 49516
name added to list: 49517
name added to list: 49518
name added to list: 49519
name added to list: 49520
name added to list: 49521
name added to list: 49522
name added to list: 49523
name added to list: 49524
name added to list: 49525
name added to list: 49526
name added to list: 49527
name added to list: 49528
name added to list: 49529
name added to list: 49530
name added to list: 49531
name added to list: 49532
name added to list: 49533
name added to list: 49534
name added to list: 49535
name added to list: 49536
name added to list: 49537
name added to list: 49538
name added to list: 49539
name added to list: 49540
name added to list: 49541
name added to list: 49542
name added to list: 49543
name added to list: 49544
name added to list: 49545
name added to list: 49546
name added to list: 49547
name added to list: 49548
name added to list: 49549
name added to list: 49550
name added to list: 49551
name added to list: 49552
name added to list: 49553
name added to list: 49554
name added to list: 49555
name added to list: 49556
name added to list: 49557
name added to list: 49558
name added to list: 49559
name added to list: 49560
name added to list: 49561
name added to list: 49562
name added to list: 49563
name added to list: 49564
name added to list: 49565
name added to list: 49566
name added to list: 49567
name added to list: 49568
name added to list: 49569
name added to list: 49570
name added to list: 49571
name added to list: 49572
name added to list: 49573
name added to list: 49574
name added to list: 49575
name added to list: 49576
name added to list: 49577
name added to list: 49578
name added to list: 49579
name added to list: 49580
name added to list: 49581
name added to list: 49582
name added to list: 49583
name added to list: 49584
name added to list: 49585
name added to list: 49586
name added to list: 49587
name added to list: 49588
name added to list: 49589
name added to list: 49590
name added to list: 49591
name added to list: 49592
name added to list: 49593
name added to list: 49594
name added to list: 49595
name added to list: 49596
name added to list: 49597
name added to list: 49598
name added to list: 49599
name added to list: 49600
name added to list: 49601
name added to list: 49602
name added to list: 49603
name added to list: 49604
name added to list: 49605
name added to list: 49606
name added to list: 49607
name added to list: 49608
name added to list: 49609
name added to list: 49610
name added to list: 49611
name added to list: 49612
name added to list: 49613
name added to list: 49614
name added to list: 49615
name added to list: 49616
name added to list: 49617
name added to list: 49618
name added to list: 49619
name added to list: 49620
name added to list: 49621
name added to list: 49622
name added to list: 49623
name added to list: 49624
name added to list: 49625
name added to list: 49626
name added to list: 49627
name added to list: 49628
name added to list: 49629
name added to list: 49630
name added to list: 49631
name added to list: 49632
name added to list: 49633
name added to list: 49634
name added to list: 49635
name added to list: 49636
name added to list: 49637
name added to list: 49638
name added to list: 49639
name added to list: 49640
name added to list: 49641
name added to list: 49642
name added to list: 49643
name added to list: 49644
name added to list: 49645
name added to list: 49646
name added to list: 49647
name added to list: 49648
name added to list: 49649
name added to list: 49650
name added to list: 49651
name added to list: 49652
name added to list: 49653
name added to list: 49654
name added to list: 49655
name added to list: 49656
name added to list: 49657
name added to list: 49658
name added to list: 49659
name added to list: 49660
name added to list: 49661
name added to list: 49662
name added to list: 49663
name added to list: 49664
name added to list: 49665
name added to list: 49666
name added to list: 49667
name added to list: 49668
name added to list: 49669
name added to list: 49670
name added to list: 49671
name added to list: 49672
name added to list: 49673
name added to list: 49674
name added to list: 49675
name added to list: 49676
name added to list: 49677
name added to list: 49678
name added to list: 49679
name added to list: 49680
name added to list: 49681
name added to list: 49682
name added to list: 49683
name added to list: 49684
name added to list: 49685
name added to list: 49686
name added to list: 49687
name added to list: 49688
name added to list: 49689
name added to list: 49690
name added to list: 49691
name added to list: 49692
name added to list: 49693
name added to list: 49694
name added to list: 49695
name added to list: 49696
name added to list: 49697
name added to list: 49698
name added to list: 49699
name added to list: 49700
name added to list: 49701
name added to list: 49702
name added to list: 49703
name added to list: 49704
name added to list: 49705
name added to list: 49706
name added to list: 49707
name added to list: 49708
name added to list: 49709
name added to list: 49710
name added to list: 49711
name added to list: 49712
name added to list: 49713
name added to list: 49714
name added to list: 49715
name added to list: 49716
name added to list: 49717
name added to list: 49718
name added to list: 49719
name added to list: 49720
name added to list: 49721
name added to list: 49722
name added to list: 49723
name added to list: 49724
name added to list: 49725
name added to list: 49726
name added to list: 49727
name added to list: 49728
name added to list: 49729
name added to list: 49730
name added to list: 49731
name added to list: 49732
name added to list: 49733
name added to list: 49734
name added to list: 49735
name added to list: 49736
name added to list: 49737
name added to list: 49738
name added to list: 49739
name added to list: 49740
name added to list: 49741
name added to list: 49742
name added to list: 49743
name added to list: 49744
name added to list: 49745
name added to list: 49746
name added to list: 49747
name added to list: 49748
name added to list: 49749
name added to list: 49750
name added to list: 49751
name added to list: 49752
name added to list: 49753
name added to list: 49754
name added to list: 49755
name added to list: 49756
name added to list: 49757
name added to list: 49758
name added to list: 49759
name added to list: 49760
name added to list: 49761
name added to list: 49762
name added to list: 49763
name added to list: 49764
name added to list: 49765
name added to list: 49766
name added to list: 49767
name added to list: 49768
name added to list: 49769
name added to list: 49770
name added to list: 49771
name added to list: 49772
name added to list: 49773
name added to list: 49774
name added to list: 49775
name added to list: 49776
name added to list: 49777
name added to list: 49778
name added to list: 49779
name added to list: 49780
name added to list: 49781
name added to list: 49782
name added to list: 49783
name added to list: 49784
name added to list: 49785
name added to list: 49786
name added to list: 49787
name added to list: 49788
name added to list: 49789
name added to list: 49790
name added to list: 49791
name added to list: 49792
name added to list: 49793
name added to list: 49794
name added to list: 49795
name added to list: 49796
name added to list: 49797
name added to list: 49798
name added to list: 49799
name added to list: 49800
name added to list: 49801
name added to list: 49802
name added to list: 49803
name added to list: 49804
name added to list: 49805
name added to list: 49806
name added to list: 49807
name added to list: 49808
name added to list: 49809
name added to list: 49810
name added to list: 49811
name added to list: 49812
name added to list: 49813
name added to list: 49814
name added to list: 49815
name added to list: 49816
name added to list: 49817
name added to list: 49818
name added to list: 49819
name added to list: 49820
name added to list: 49821
name added to list: 49822
name added to list: 49823
name added to list: 49824
name added to list: 49825
name added to list: 49826
name added to list: 49827
name added to list: 49828
name added to list: 49829
name added to list: 49830
name added to list: 49831
name added to list: 49832
name added to list: 49833
name added to list: 49834
name added to list: 49835
name added to list: 49836
name added to list: 49837
name added to list: 49838
name added to list: 49839
name added to list: 49840
name added to list: 49841
name added to list: 49842
name added to list: 49843
name added to list: 49844
name added to list: 49845
name added to list: 49846
name added to list: 49847
name added to list: 49848
name added to list: 49849
name added to list: 49850
name added to list: 49851
name added to list: 49852
name added to list: 49853
name added to list: 49854
name added to list: 49855
name added to list: 49856
name added to list: 49857
name added to list: 49858
name added to list: 49859
name added to list: 49860
name added to list: 49861
name added to list: 49862
name added to list: 49863
name added to list: 49864
name added to list: 49865
name added to list: 49866
name added to list: 49867
name added to list: 49868
name added to list: 49869
name added to list: 49870
name added to list: 49871
name added to list: 49872
name added to list: 49873
name added to list: 49874
name added to list: 49875
name added to list: 49876
name added to list: 49877
name added to list: 49878
name added to list: 49879
name added to list: 49880
name added to list: 49881
name added to list: 49882
name added to list: 49883
name added to list: 49884
name added to list: 49885
name added to list: 49886
name added to list: 49887
name added to list: 49888
name added to list: 49889
name added to list: 49890
name added to list: 49891
name added to list: 49892
name added to list: 49893
name added to list: 49894
name added to list: 49895
name added to list: 49896
name added to list: 49897
name added to list: 49898
name added to list: 49899
name added to list: 49900
name added to list: 49901
name added to list: 49902
name added to list: 49903
name added to list: 49904
name added to list: 49905
name added to list: 49906
name added to list: 49907
name added to list: 49908
name added to list: 49909
name added to list: 49910
name added to list: 49911
name added to list: 49912
name added to list: 49913
name added to list: 49914
name added to list: 49915
name added to list: 49916
name added to list: 49917
name added to list: 49918
name added to list: 49919
name added to list: 49920
name added to list: 49921
name added to list: 49922
name added to list: 49923
name added to list: 49924
name added to list: 49925
name added to list: 49926
name added to list: 49927
name added to list: 49928
name added to list: 49929
name added to list: 49930
name added to list: 49931
name added to list: 49932
name added to list: 49933
name added to list: 49934
name added to list: 49935
name added to list: 49936
name added to list: 49937
name added to list: 49938
name added to list: 49939
name added to list: 49940
name added to list: 49941
name added to list: 49942
name added to list: 49943
name added to list: 49944
name added to list: 49945
name added to list: 49946
name added to list: 49947
name added to list: 49948
name added to list: 49949
name added to list: 49950
name added to list: 49951
name added to list: 49952
name added to list: 49953
name added to list: 49954
name added to list: 49955
name added to list: 49956
name added to list: 49957
name added to list: 49958
name added to list: 49959
name added to list: 49960
name added to list: 49961
name added to list: 49962
name added to list: 49963
name added to list: 49964
name added to list: 49965
name added to list: 49966
name added to list: 49967
name added to list: 49968
name added to list: 49969
name added to list: 49970
name added to list: 49971
name added to list: 49972
name added to list: 49973
name added to list: 49974
name added to list: 49975
name added to list: 49976
name added to list: 49977
name added to list: 49978
name added to list: 49979
name added to list: 49980
name added to list: 49981
name added to list: 49982
name added to list: 49983
name added to list: 49984
name added to list: 49985
name added to list: 49986
name added to list: 49987
name added to list: 49988
name added to list: 49989
name added to list: 49990
name added to list: 49991
name added to list: 49992
name added to list: 49993
name added to list: 49994
name added to list: 49995
name added to list: 49996
name added to list: 49997
name added to list: 49998
name added to list: 49999
name added to list: 50000
name added to list: 50001
name added to list: 50002
name added to list: 50003
name added to list: 50004
name added to list: 50005
name added to list: 50006
name added to list: 50007
name added to list: 50008
name added to list: 50009
name added to list: 50010
name added to list: 50011
name added to list: 50012
name added to list: 50013
name added to list: 50014
name added to list: 50015
name added to list: 50016
name added to list: 50017
name added to list: 50018
name added to list: 50019
name added to list: 50020
name added to list: 50021
name added to list: 50022
name added to list: 50023
name added to list: 50024
name added to list: 50025
name added to list: 50026
name added to list: 50027
name added to list: 50028
name added to list: 50029
name added to list: 50030
name added to list: 50031
name added to list: 50032
name added to list: 50033
name added to list: 50034
name added to list: 50035
name added to list: 50036
name added to list: 50037
name added to list: 50038
name added to list: 50039
name added to list: 50040
name added to list: 50041
name added to list: 50042
name added to list: 50043
name added to list: 50044
name added to list: 50045
name added to list: 50046
name added to list: 50047
name added to list: 50048
name added to list: 50049
name added to list: 50050
name added to list: 50051
name added to list: 50052
name added to list: 50053
name added to list: 50054
name added to list: 50055
name added to list: 50056
name added to list: 50057
name added to list: 50058
name added to list: 50059
name added to list: 50060
name added to list: 50061
name added to list: 50062
name added to list: 50063
name added to list: 50064
name added to list: 50065
name added to list: 50066
name added to list: 50067
name added to list: 50068
name added to list: 50069
name added to list: 50070
name added to list: 50071
name added to list: 50072
name added to list: 50073
name added to list: 50074
name added to list: 50075
name added to list: 50076
name added to list: 50077
name added to list: 50078
name added to list: 50079
name added to list: 50080
name added to list: 50081
name added to list: 50082
name added to list: 50083
name added to list: 50084
name added to list: 50085
name added to list: 50086
name added to list: 50087
name added to list: 50088
name added to list: 50089
name added to list: 50090
name added to list: 50091
name added to list: 50092
name added to list: 50093
name added to list: 50094
name added to list: 50095
name added to list: 50096
name added to list: 50097
name added to list: 50098
name added to list: 50099
name added to list: 50100
name added to list: 50101
name added to list: 50102
name added to list: 50103
name added to list: 50104
name added to list: 50105
name added to list: 50106
name added to list: 50107
name added to list: 50108
name added to list: 50109
name added to list: 50110
name added to list: 50111
name added to list: 50112
name added to list: 50113
name added to list: 50114
name added to list: 50115
name added to list: 50116
name added to list: 50117
name added to list: 50118
name added to list: 50119
name added to list: 50120
name added to list: 50121
name added to list: 50122
name added to list: 50123
name added to list: 50124
name added to list: 50125
name added to list: 50126
name added to list: 50127
name added to list: 50128
name added to list: 50129
name added to list: 50130
name added to list: 50131
name added to list: 50132
name added to list: 50133
name added to list: 50134
name added to list: 50135
name added to list: 50136
name added to list: 50137
name added to list: 50138
name added to list: 50139
name added to list: 50140
name added to list: 50141
name added to list: 50142
name added to list: 50143
name added to list: 50144
name added to list: 50145
name added to list: 50146
name added to list: 50147
name added to list: 50148
name added to list: 50149
name added to list: 50150
name added to list: 50151
name added to list: 50152
name added to list: 50153
name added to list: 50154
name added to list: 50155
name added to list: 50156
name added to list: 50157
name added to list: 50158
name added to list: 50159
name added to list: 50160
name added to list: 50161
name added to list: 50162
name added to list: 50163
name added to list: 50164
name added to list: 50165
name added to list: 50166
name added to list: 50167
name added to list: 50168
name added to list: 50169
name added to list: 50170
name added to list: 50171
name added to list: 50172
name added to list: 50173
name added to list: 50174
name added to list: 50175
name added to list: 50176
name added to list: 50177
name added to list: 50178
name added to list: 50179
name added to list: 50180
name added to list: 50181
name added to list: 50182
name added to list: 50183
name added to list: 50184
name added to list: 50185
name added to list: 50186
name added to list: 50187
name added to list: 50188
name added to list: 50189
name added to list: 50190
name added to list: 50191
name added to list: 50192
name added to list: 50193
name added to list: 50194
name added to list: 50195
name added to list: 50196
name added to list: 50197
name added to list: 50198
name added to list: 50199
name added to list: 50200
name added to list: 50201
name added to list: 50202
name added to list: 50203
name added to list: 50204
name added to list: 50205
name added to list: 50206
name added to list: 50207
name added to list: 50208
name added to list: 50209
name added to list: 50210
name added to list: 50211
name added to list: 50212
name added to list: 50213
name added to list: 50214
name added to list: 50215
name added to list: 50216
name added to list: 50217
name added to list: 50218
name added to list: 50219
name added to list: 50220
name added to list: 50221
name added to list: 50222
name added to list: 50223
name added to list: 50224
name added to list: 50225
name added to list: 50226
name added to list: 50227
name added to list: 50228
name added to list: 50229
name added to list: 50230
name added to list: 50231
name added to list: 50232
name added to list: 50233
name added to list: 50234
name added to list: 50235
name added to list: 50236
name added to list: 50237
name added to list: 50238
name added to list: 50239
name added to list: 50240
name added to list: 50241
name added to list: 50242
name added to list: 50243
name added to list: 50244
name added to list: 50245
name added to list: 50246
name added to list: 50247
name added to list: 50248
name added to list: 50249
name added to list: 50250
name added to list: 50251
name added to list: 50252
name added to list: 50253
name added to list: 50254
name added to list: 50255
name added to list: 50256
name added to list: 50257
name added to list: 50258
name added to list: 50259
name added to list: 50260
name added to list: 50261
name added to list: 50262
name added to list: 50263
name added to list: 50264
name added to list: 50265
name added to list: 50266
name added to list: 50267
name added to list: 50268
name added to list: 50269
name added to list: 50270
name added to list: 50271
name added to list: 50272
name added to list: 50273
name added to list: 50274
name added to list: 50275
name added to list: 50276
name added to list: 50277
name added to list: 50278
name added to list: 50279
name added to list: 50280
name added to list: 50281
name added to list: 50282
name added to list: 50283
name added to list: 50284
name added to list: 50285
name added to list: 50286
name added to list: 50287
name added to list: 50288
name added to list: 50289
name added to list: 50290
name added to list: 50291
name added to list: 50292
name added to list: 50293
name added to list: 50294
name added to list: 50295
name added to list: 50296
name added to list: 50297
name added to list: 50298
name added to list: 50299
name added to list: 50300
name added to list: 50301
name added to list: 50302
name added to list: 50303
name added to list: 50304
name added to list: 50305
name added to list: 50306
name added to list: 50307
name added to list: 50308
name added to list: 50309
name added to list: 50310
name added to list: 50311
name added to list: 50312
name added to list: 50313
name added to list: 50314
name added to list: 50315
name added to list: 50316
name added to list: 50317
name added to list: 50318
name added to list: 50319
name added to list: 50320
name added to list: 50321
name added to list: 50322
name added to list: 50323
name added to list: 50324
name added to list: 50325
name added to list: 50326
name added to list: 50327
name added to list: 50328
name added to list: 50329
name added to list: 50330
name added to list: 50331
name added to list: 50332
name added to list: 50333
name added to list: 50334
name added to list: 50335
name added to list: 50336
name added to list: 50337
name added to list: 50338
name added to list: 50339
name added to list: 50340
name added to list: 50341
name added to list: 50342
name added to list: 50343
name added to list: 50344
name added to list: 50345
name added to list: 50346
name added to list: 50347
name added to list: 50348
name added to list: 50349
name added to list: 50350
name added to list: 50351
name added to list: 50352
name added to list: 50353
name added to list: 50354
name added to list: 50355
name added to list: 50356
name added to list: 50357
name added to list: 50358
name added to list: 50359
name added to list: 50360
name added to list: 50361
name added to list: 50362
name added to list: 50363
name added to list: 50364
name added to list: 50365
name added to list: 50366
name added to list: 50367
name added to list: 50368
name added to list: 50369
name added to list: 50370
name added to list: 50371
name added to list: 50372
name added to list: 50373
name added to list: 50374
name added to list: 50375
name added to list: 50376
name added to list: 50377
name added to list: 50378
name added to list: 50379
name added to list: 50380
name added to list: 50381
name added to list: 50382
name added to list: 50383
name added to list: 50384
name added to list: 50385
name added to list: 50386
name added to list: 50387
name added to list: 50388
name added to list: 50389
name added to list: 50390
name added to list: 50391
name added to list: 50392
name added to list: 50393
name added to list: 50394
name added to list: 50395
name added to list: 50396
name added to list: 50397
name added to list: 50398
name added to list: 50399
name added to list: 50400
name added to list: 50401
name added to list: 50402
name added to list: 50403
name added to list: 50404
name added to list: 50405
name added to list: 50406
name added to list: 50407
name added to list: 50408
name added to list: 50409
name added to list: 50410
name added to list: 50411
name added to list: 50412
name added to list: 50413
name added to list: 50414
name added to list: 50415
name added to list: 50416
name added to list: 50417
name added to list: 50418
name added to list: 50419
name added to list: 50420
name added to list: 50421
name added to list: 50422
name added to list: 50423
name added to list: 50424
name added to list: 50425
name added to list: 50426
name added to list: 50427
name added to list: 50428
name added to list: 50429
name added to list: 50430
name added to list: 50431
name added to list: 50432
name added to list: 50433
name added to list: 50434
name added to list: 50435
name added to list: 50436
name added to list: 50437
name added to list: 50438
name added to list: 50439
name added to list: 50440
name added to list: 50441
name added to list: 50442
name added to list: 50443
name added to list: 50444
name added to list: 50445
name added to list: 50446
name added to list: 50447
name added to list: 50448
name added to list: 50449
name added to list: 50450
name added to list: 50451
name added to list: 50452
name added to list: 50453
name added to list: 50454
name added to list: 50455
name added to list: 50456
name added to list: 50457
name added to list: 50458
name added to list: 50459
name added to list: 50460
name added to list: 50461
name added to list: 50462
name added to list: 50463
name added to list: 50464
name added to list: 50465
name added to list: 50466
name added to list: 50467
name added to list: 50468
name added to list: 50469
name added to list: 50470
name added to list: 50471
name added to list: 50472
name added to list: 50473
name added to list: 50474
name added to list: 50475
name added to list: 50476
name added to list: 50477
name added to list: 50478
name added to list: 50479
name added to list: 50480
name added to list: 50481
name added to list: 50482
name added to list: 50483
name added to list: 50484
name added to list: 50485
name added to list: 50486
name added to list: 50487
name added to list: 50488
name added to list: 50489
name added to list: 50490
name added to list: 50491
name added to list: 50492
name added to list: 50493
name added to list: 50494
name added to list: 50495
name added to list: 50496
name added to list: 50497
name added to list: 50498
name added to list: 50499
name added to list: 50500
name added to list: 50501
name added to list: 50502
name added to list: 50503
name added to list: 50504
name added to list: 50505
name added to list: 50506
name added to list: 50507
name added to list: 50508
name added to list: 50509
name added to list: 50510
name added to list: 50511
name added to list: 50512
name added to list: 50513
name added to list: 50514
name added to list: 50515
name added to list: 50516
name added to list: 50517
name added to list: 50518
name added to list: 50519
name added to list: 50520
name added to list: 50521
name added to list: 50522
name added to list: 50523
name added to list: 50524
name added to list: 50525
name added to list: 50526
name added to list: 50527
name added to list: 50528
name added to list: 50529
name added to list: 50530
name added to list: 50531
name added to list: 50532
name added to list: 50533
name added to list: 50534
name added to list: 50535
name added to list: 50536
name added to list: 50537
name added to list: 50538
name added to list: 50539
name added to list: 50540
name added to list: 50541
name added to list: 50542
name added to list: 50543
name added to list: 50544
name added to list: 50545
name added to list: 50546
name added to list: 50547
name added to list: 50548
name added to list: 50549
name added to list: 50550
name added to list: 50551
name added to list: 50552
name added to list: 50553
name added to list: 50554
name added to list: 50555
name added to list: 50556
name added to list: 50557
name added to list: 50558
name added to list: 50559
name added to list: 50560
name added to list: 50561
name added to list: 50562
name added to list: 50563
name added to list: 50564
name added to list: 50565
name added to list: 50566
name added to list: 50567
name added to list: 50568
name added to list: 50569
name added to list: 50570
name added to list: 50571
name added to list: 50572
name added to list: 50573
name added to list: 50574
name added to list: 50575
name added to list: 50576
name added to list: 50577
name added to list: 50578
name added to list: 50579
name added to list: 50580
name added to list: 50581
name added to list: 50582
name added to list: 50583
name added to list: 50584
name added to list: 50585
name added to list: 50586
name added to list: 50587
name added to list: 50588
name added to list: 50589
name added to list: 50590
name added to list: 50591
name added to list: 50592
name added to list: 50593
name added to list: 50594
name added to list: 50595
name added to list: 50596
name added to list: 50597
name added to list: 50598
name added to list: 50599
name added to list: 50600
name added to list: 50601
name added to list: 50602
name added to list: 50603
name added to list: 50604
name added to list: 50605
name added to list: 50606
name added to list: 50607
name added to list: 50608
name added to list: 50609
name added to list: 50610
name added to list: 50611
name added to list: 50612
name added to list: 50613
name added to list: 50614
name added to list: 50615
name added to list: 50616
name added to list: 50617
name added to list: 50618
name added to list: 50619
name added to list: 50620
name added to list: 50621
name added to list: 50622
name added to list: 50623
name added to list: 50624
name added to list: 50625
name added to list: 50626
name added to list: 50627
name added to list: 50628
name added to list: 50629
name added to list: 50630
name added to list: 50631
name added to list: 50632
name added to list: 50633
name added to list: 50634
name added to list: 50635
name added to list: 50636
name added to list: 50637
name added to list: 50638
name added to list: 50639
name added to list: 50640
name added to list: 50641
name added to list: 50642
name added to list: 50643
name added to list: 50644
name added to list: 50645
name added to list: 50646
name added to list: 50647
name added to list: 50648
name added to list: 50649
name added to list: 50650
name added to list: 50651
name added to list: 50652
name added to list: 50653
name added to list: 50654
name added to list: 50655
name added to list: 50656
name added to list: 50657
name added to list: 50658
name added to list: 50659
name added to list: 50660
name added to list: 50661
name added to list: 50662
name added to list: 50663
name added to list: 50664
name added to list: 50665
name added to list: 50666
name added to list: 50667
name added to list: 50668
name added to list: 50669
name added to list: 50670
name added to list: 50671
name added to list: 50672
name added to list: 50673
name added to list: 50674
name added to list: 50675
name added to list: 50676
name added to list: 50677
name added to list: 50678
name added to list: 50679
name added to list: 50680
name added to list: 50681
name added to list: 50682
name added to list: 50683
name added to list: 50684
name added to list: 50685
name added to list: 50686
name added to list: 50687
name added to list: 50688
name added to list: 50689
name added to list: 50690
name added to list: 50691
name added to list: 50692
name added to list: 50693
name added to list: 50694
name added to list: 50695
name added to list: 50696
name added to list: 50697
name added to list: 50698
name added to list: 50699
name added to list: 50700
name added to list: 50701
name added to list: 50702
name added to list: 50703
name added to list: 50704
name added to list: 50705
name added to list: 50706
name added to list: 50707
name added to list: 50708
name added to list: 50709
name added to list: 50710
name added to list: 50711
name added to list: 50712
name added to list: 50713
name added to list: 50714
name added to list: 50715
name added to list: 50716
name added to list: 50717
name added to list: 50718
name added to list: 50719
name added to list: 50720
name added to list: 50721
name added to list: 50722
name added to list: 50723
name added to list: 50724
name added to list: 50725
name added to list: 50726
name added to list: 50727
name added to list: 50728
name added to list: 50729
name added to list: 50730
name added to list: 50731
name added to list: 50732
name added to list: 50733
name added to list: 50734
name added to list: 50735
name added to list: 50736
name added to list: 50737
name added to list: 50738
name added to list: 50739
name added to list: 50740
name added to list: 50741
name added to list: 50742
name added to list: 50743
name added to list: 50744
name added to list: 50745
name added to list: 50746
name added to list: 50747
name added to list: 50748
name added to list: 50749
name added to list: 50750
name added to list: 50751
name added to list: 50752
name added to list: 50753
name added to list: 50754
name added to list: 50755
name added to list: 50756
name added to list: 50757
name added to list: 50758
name added to list: 50759
name added to list: 50760
name added to list: 50761
name added to list: 50762
name added to list: 50763
name added to list: 50764
name added to list: 50765
name added to list: 50766
name added to list: 50767
name added to list: 50768
name added to list: 50769
name added to list: 50770
name added to list: 50771
name added to list: 50772
name added to list: 50773
name added to list: 50774
name added to list: 50775
name added to list: 50776
name added to list: 50777
name added to list: 50778
name added to list: 50779
name added to list: 50780
name added to list: 50781
name added to list: 50782
name added to list: 50783
name added to list: 50784
name added to list: 50785
name added to list: 50786
name added to list: 50787
name added to list: 50788
name added to list: 50789
name added to list: 50790
name added to list: 50791
name added to list: 50792
name added to list: 50793
name added to list: 50794
name added to list: 50795
name added to list: 50796
name added to list: 50797
name added to list: 50798
name added to list: 50799
name added to list: 50800
name added to list: 50801
name added to list: 50802
name added to list: 50803
name added to list: 50804
name added to list: 50805
name added to list: 50806
name added to list: 50807
name added to list: 50808
name added to list: 50809
name added to list: 50810
name added to list: 50811
name added to list: 50812
name added to list: 50813
name added to list: 50814
name added to list: 50815
name added to list: 50816
name added to list: 50817
name added to list: 50818
name added to list: 50819
name added to list: 50820
name added to list: 50821
name added to list: 50822
name added to list: 50823
name added to list: 50824
name added to list: 50825
name added to list: 50826
name added to list: 50827
name added to list: 50828
name added to list: 50829
name added to list: 50830
name added to list: 50831
name added to list: 50832
name added to list: 50833
name added to list: 50834
name added to list: 50835
name added to list: 50836
name added to list: 50837
name added to list: 50838
name added to list: 50839
name added to list: 50840
name added to list: 50841
name added to list: 50842
name added to list: 50843
name added to list: 50844
name added to list: 50845
name added to list: 50846
name added to list: 50847
name added to list: 50848
name added to list: 50849
name added to list: 50850
name added to list: 50851
name added to list: 50852
name added to list: 50853
name added to list: 50854
name added to list: 50855
name added to list: 50856
name added to list: 50857
name added to list: 50858
name added to list: 50859
name added to list: 50860
name added to list: 50861
name added to list: 50862
name added to list: 50863
name added to list: 50864
name added to list: 50865
name added to list: 50866
name added to list: 50867
name added to list: 50868
name added to list: 50869
name added to list: 50870
name added to list: 50871
name added to list: 50872
name added to list: 50873
name added to list: 50874
name added to list: 50875
name added to list: 50876
name added to list: 50877
name added to list: 50878
name added to list: 50879
name added to list: 50880
name added to list: 50881
name added to list: 50882
name added to list: 50883
name added to list: 50884
name added to list: 50885
name added to list: 50886
name added to list: 50887
name added to list: 50888
name added to list: 50889
name added to list: 50890
name added to list: 50891
name added to list: 50892
name added to list: 50893
name added to list: 50894
name added to list: 50895
name added to list: 50896
name added to list: 50897
name added to list: 50898
name added to list: 50899
name added to list: 50900
name added to list: 50901
name added to list: 50902
name added to list: 50903
name added to list: 50904
name added to list: 50905
name added to list: 50906
name added to list: 50907
name added to list: 50908
name added to list: 50909
name added to list: 50910
name added to list: 50911
name added to list: 50912
name added to list: 50913
name added to list: 50914
name added to list: 50915
name added to list: 50916
name added to list: 50917
name added to list: 50918
name added to list: 50919
name added to list: 50920
name added to list: 50921
name added to list: 50922
name added to list: 50923
name added to list: 50924
name added to list: 50925
name added to list: 50926
name added to list: 50927
name added to list: 50928
name added to list: 50929
name added to list: 50930
name added to list: 50931
name added to list: 50932
name added to list: 50933
name added to list: 50934
name added to list: 50935
name added to list: 50936
name added to list: 50937
name added to list: 50938
name added to list: 50939
name added to list: 50940
name added to list: 50941
name added to list: 50942
name added to list: 50943
name added to list: 50944
name added to list: 50945
name added to list: 50946
name added to list: 50947
name added to list: 50948
name added to list: 50949
name added to list: 50950
name added to list: 50951
name added to list: 50952
name added to list: 50953
name added to list: 50954
name added to list: 50955
name added to list: 50956
name added to list: 50957
name added to list: 50958
name added to list: 50959
name added to list: 50960
name added to list: 50961
name added to list: 50962
name added to list: 50963
name added to list: 50964
name added to list: 50965
name added to list: 50966
name added to list: 50967
name added to list: 50968
name added to list: 50969
name added to list: 50970
name added to list: 50971
name added to list: 50972
name added to list: 50973
name added to list: 50974
name added to list: 50975
name added to list: 50976
name added to list: 50977
name added to list: 50978
name added to list: 50979
name added to list: 50980
name added to list: 50981
name added to list: 50982
name added to list: 50983
name added to list: 50984
name added to list: 50985
name added to list: 50986
name added to list: 50987
name added to list: 50988
name added to list: 50989
name added to list: 50990
name added to list: 50991
name added to list: 50992
name added to list: 50993
name added to list: 50994
name added to list: 50995
name added to list: 50996
name added to list: 50997
name added to list: 50998
name added to list: 50999
name added to list: 51000
name added to list: 51001
name added to list: 51002
name added to list: 51003
name added to list: 51004
name added to list: 51005
name added to list: 51006
name added to list: 51007
name added to list: 51008
name added to list: 51009
name added to list: 51010
name added to list: 51011
name added to list: 51012
name added to list: 51013
name added to list: 51014
name added to list: 51015
name added to list: 51016
name added to list: 51017
name added to list: 51018
name added to list: 51019
name added to list: 51020
name added to list: 51021
name added to list: 51022
name added to list: 51023
name added to list: 51024
name added to list: 51025
name added to list: 51026
name added to list: 51027
name added to list: 51028
name added to list: 51029
name added to list: 51030
name added to list: 51031
name added to list: 51032
name added to list: 51033
name added to list: 51034
name added to list: 51035
name added to list: 51036
name added to list: 51037
name added to list: 51038
name added to list: 51039
name added to list: 51040
name added to list: 51041
name added to list: 51042
name added to list: 51043
name added to list: 51044
name added to list: 51045
name added to list: 51046
name added to list: 51047
name added to list: 51048
name added to list: 51049
name added to list: 51050
name added to list: 51051
name added to list: 51052
name added to list: 51053
name added to list: 51054
name added to list: 51055
name added to list: 51056
name added to list: 51057
name added to list: 51058
name added to list: 51059
name added to list: 51060
name added to list: 51061
name added to list: 51062
name added to list: 51063
name added to list: 51064
name added to list: 51065
name added to list: 51066
name added to list: 51067
name added to list: 51068
name added to list: 51069
name added to list: 51070
name added to list: 51071
name added to list: 51072
name added to list: 51073
name added to list: 51074
name added to list: 51075
name added to list: 51076
name added to list: 51077
name added to list: 51078
name added to list: 51079
name added to list: 51080
name added to list: 51081
name added to list: 51082
name added to list: 51083
name added to list: 51084
name added to list: 51085
name added to list: 51086
name added to list: 51087
name added to list: 51088
name added to list: 51089
name added to list: 51090
name added to list: 51091
name added to list: 51092
name added to list: 51093
name added to list: 51094
name added to list: 51095
name added to list: 51096
name added to list: 51097
name added to list: 51098
name added to list: 51099
name added to list: 51100
name added to list: 51101
name added to list: 51102
name added to list: 51103
name added to list: 51104
name added to list: 51105
name added to list: 51106
name added to list: 51107
name added to list: 51108
name added to list: 51109
name added to list: 51110
name added to list: 51111
name added to list: 51112
name added to list: 51113
name added to list: 51114
name added to list: 51115
name added to list: 51116
name added to list: 51117
name added to list: 51118
name added to list: 51119
name added to list: 51120
name added to list: 51121
name added to list: 51122
name added to list: 51123
name added to list: 51124
name added to list: 51125
name added to list: 51126
name added to list: 51127
name added to list: 51128
name added to list: 51129
name added to list: 51130
name added to list: 51131
name added to list: 51132
name added to list: 51133
name added to list: 51134
name added to list: 51135
name added to list: 51136
name added to list: 51137
name added to list: 51138
name added to list: 51139
name added to list: 51140
name added to list: 51141
name added to list: 51142
name added to list: 51143
name added to list: 51144
name added to list: 51145
name added to list: 51146
name added to list: 51147
name added to list: 51148
name added to list: 51149
name added to list: 51150
name added to list: 51151
name added to list: 51152
name added to list: 51153
name added to list: 51154
name added to list: 51155
name added to list: 51156
name added to list: 51157
name added to list: 51158
name added to list: 51159
name added to list: 51160
name added to list: 51161
name added to list: 51162
name added to list: 51163
name added to list: 51164
name added to list: 51165
name added to list: 51166
name added to list: 51167
name added to list: 51168
name added to list: 51169
name added to list: 51170
name added to list: 51171
name added to list: 51172
name added to list: 51173
name added to list: 51174
name added to list: 51175
name added to list: 51176
name added to list: 51177
name added to list: 51178
name added to list: 51179
name added to list: 51180
name added to list: 51181
name added to list: 51182
name added to list: 51183
name added to list: 51184
name added to list: 51185
name added to list: 51186
name added to list: 51187
name added to list: 51188
name added to list: 51189
name added to list: 51190
name added to list: 51191
name added to list: 51192
name added to list: 51193
name added to list: 51194
name added to list: 51195
name added to list: 51196
name added to list: 51197
name added to list: 51198
name added to list: 51199
name added to list: 51200
name added to list: 51201
name added to list: 51202
name added to list: 51203
name added to list: 51204
name added to list: 51205
name added to list: 51206
name added to list: 51207
name added to list: 51208
name added to list: 51209
name added to list: 51210
name added to list: 51211
name added to list: 51212
name added to list: 51213
name added to list: 51214
name added to list: 51215
name added to list: 51216
name added to list: 51217
name added to list: 51218
name added to list: 51219
name added to list: 51220
name added to list: 51221
name added to list: 51222
name added to list: 51223
name added to list: 51224
name added to list: 51225
name added to list: 51226
name added to list: 51227
name added to list: 51228
name added to list: 51229
name added to list: 51230
name added to list: 51231
name added to list: 51232
name added to list: 51233
name added to list: 51234
name added to list: 51235
name added to list: 51236
name added to list: 51237
name added to list: 51238
name added to list: 51239
name added to list: 51240
name added to list: 51241
name added to list: 51242
name added to list: 51243
name added to list: 51244
name added to list: 51245
name added to list: 51246
name added to list: 51247
name added to list: 51248
name added to list: 51249
name added to list: 51250
name added to list: 51251
name added to list: 51252
name added to list: 51253
name added to list: 51254
name added to list: 51255
name added to list: 51256
name added to list: 51257
name added to list: 51258
name added to list: 51259
name added to list: 51260
name added to list: 51261
name added to list: 51262
name added to list: 51263
name added to list: 51264
name added to list: 51265
name added to list: 51266
name added to list: 51267
name added to list: 51268
name added to list: 51269
name added to list: 51270
name added to list: 51271
name added to list: 51272
name added to list: 51273
name added to list: 51274
name added to list: 51275
name added to list: 51276
name added to list: 51277
name added to list: 51278
name added to list: 51279
name added to list: 51280
name added to list: 51281
name added to list: 51282
name added to list: 51283
name added to list: 51284
name added to list: 51285
name added to list: 51286
name added to list: 51287
name added to list: 51288
name added to list: 51289
name added to list: 51290
name added to list: 51291
name added to list: 51292
name added to list: 51293
name added to list: 51294
name added to list: 51295
name added to list: 51296
name added to list: 51297
name added to list: 51298
name added to list: 51299
name added to list: 51300
name added to list: 51301
name added to list: 51302
name added to list: 51303
name added to list: 51304
name added to list: 51305
name added to list: 51306
name added to list: 51307
name added to list: 51308
name added to list: 51309
name added to list: 51310
name added to list: 51311
name added to list: 51312
name added to list: 51313
name added to list: 51314
name added to list: 51315
name added to list: 51316
name added to list: 51317
name added to list: 51318
name added to list: 51319
name added to list: 51320
name added to list: 51321
name added to list: 51322
name added to list: 51323
name added to list: 51324
name added to list: 51325
name added to list: 51326
name added to list: 51327
name added to list: 51328
name added to list: 51329
name added to list: 51330
name added to list: 51331
name added to list: 51332
name added to list: 51333
name added to list: 51334
name added to list: 51335
name added to list: 51336
name added to list: 51337
name added to list: 51338
name added to list: 51339
name added to list: 51340
name added to list: 51341
name added to list: 51342
name added to list: 51343
name added to list: 51344
name added to list: 51345
name added to list: 51346
name added to list: 51347
name added to list: 51348
name added to list: 51349
name added to list: 51350
name added to list: 51351
name added to list: 51352
name added to list: 51353
name added to list: 51354
name added to list: 51355
name added to list: 51356
name added to list: 51357
name added to list: 51358
name added to list: 51359
name added to list: 51360
name added to list: 51361
name added to list: 51362
name added to list: 51363
name added to list: 51364
name added to list: 51365
name added to list: 51366
name added to list: 51367
name added to list: 51368
name added to list: 51369
name added to list: 51370
name added to list: 51371
name added to list: 51372
name added to list: 51373
name added to list: 51374
name added to list: 51375
name added to list: 51376
name added to list: 51377
name added to list: 51378
name added to list: 51379
name added to list: 51380
name added to list: 51381
name added to list: 51382
name added to list: 51383
name added to list: 51384
name added to list: 51385
name added to list: 51386
name added to list: 51387
name added to list: 51388
name added to list: 51389
name added to list: 51390
name added to list: 51391
name added to list: 51392
name added to list: 51393
name added to list: 51394
name added to list: 51395
name added to list: 51396
name added to list: 51397
name added to list: 51398
name added to list: 51399
name added to list: 51400
name added to list: 51401
name added to list: 51402
name added to list: 51403
name added to list: 51404
name added to list: 51405
name added to list: 51406
name added to list: 51407
name added to list: 51408
name added to list: 51409
name added to list: 51410
name added to list: 51411
name added to list: 51412
name added to list: 51413
name added to list: 51414
name added to list: 51415
name added to list: 51416
name added to list: 51417
name added to list: 51418
name added to list: 51419
name added to list: 51420
name added to list: 51421
name added to list: 51422
name added to list: 51423
name added to list: 51424
name added to list: 51425
name added to list: 51426
name added to list: 51427
name added to list: 51428
name added to list: 51429
name added to list: 51430
name added to list: 51431
name added to list: 51432
name added to list: 51433
name added to list: 51434
name added to list: 51435
name added to list: 51436
name added to list: 51437
name added to list: 51438
name added to list: 51439
name added to list: 51440
name added to list: 51441
name added to list: 51442
name added to list: 51443
name added to list: 51444
name added to list: 51445
name added to list: 51446
name added to list: 51447
name added to list: 51448
name added to list: 51449
name added to list: 51450
name added to list: 51451
name added to list: 51452
name added to list: 51453
name added to list: 51454
name added to list: 51455
name added to list: 51456
name added to list: 51457
name added to list: 51458
name added to list: 51459
name added to list: 51460
name added to list: 51461
name added to list: 51462
name added to list: 51463
name added to list: 51464
name added to list: 51465
name added to list: 51466
name added to list: 51467
name added to list: 51468
name added to list: 51469
name added to list: 51470
name added to list: 51471
name added to list: 51472
name added to list: 51473
name added to list: 51474
name added to list: 51475
name added to list: 51476
name added to list: 51477
name added to list: 51478
name added to list: 51479
name added to list: 51480
name added to list: 51481
name added to list: 51482
name added to list: 51483
name added to list: 51484
name added to list: 51485
name added to list: 51486
name added to list: 51487
name added to list: 51488
name added to list: 51489
name added to list: 51490
name added to list: 51491
name added to list: 51492
name added to list: 51493
name added to list: 51494
name added to list: 51495
name added to list: 51496
name added to list: 51497
name added to list: 51498
name added to list: 51499
name added to list: 51500
name added to list: 51501
name added to list: 51502
name added to list: 51503
name added to list: 51504
name added to list: 51505
name added to list: 51506
name added to list: 51507
name added to list: 51508
name added to list: 51509
name added to list: 51510
name added to list: 51511
name added to list: 51512
name added to list: 51513
name added to list: 51514
name added to list: 51515
name added to list: 51516
name added to list: 51517
name added to list: 51518
name added to list: 51519
name added to list: 51520
name added to list: 51521
name added to list: 51522
name added to list: 51523
name added to list: 51524
name added to list: 51525
name added to list: 51526
name added to list: 51527
name added to list: 51528
name added to list: 51529
name added to list: 51530
name added to list: 51531
name added to list: 51532
name added to list: 51533
name added to list: 51534
name added to list: 51535
name added to list: 51536
name added to list: 51537
name added to list: 51538
name added to list: 51539
name added to list: 51540
name added to list: 51541
name added to list: 51542
name added to list: 51543
name added to list: 51544
name added to list: 51545
name added to list: 51546
name added to list: 51547
name added to list: 51548
name added to list: 51549
name added to list: 51550
name added to list: 51551
name added to list: 51552
name added to list: 51553
name added to list: 51554
name added to list: 51555
name added to list: 51556
name added to list: 51557
name added to list: 51558
name added to list: 51559
name added to list: 51560
name added to list: 51561
name added to list: 51562
name added to list: 51563
name added to list: 51564
name added to list: 51565
name added to list: 51566
name added to list: 51567
name added to list: 51568
name added to list: 51569
name added to list: 51570
name added to list: 51571
name added to list: 51572
name added to list: 51573
name added to list: 51574
name added to list: 51575
name added to list: 51576
name added to list: 51577
name added to list: 51578
name added to list: 51579
name added to list: 51580
name added to list: 51581
name added to list: 51582
name added to list: 51583
name added to list: 51584
name added to list: 51585
name added to list: 51586
name added to list: 51587
name added to list: 51588
name added to list: 51589
name added to list: 51590
name added to list: 51591
name added to list: 51592
name added to list: 51593
name added to list: 51594
name added to list: 51595
name added to list: 51596
name added to list: 51597
name added to list: 51598
name added to list: 51599
name added to list: 51600
name added to list: 51601
name added to list: 51602
name added to list: 51603
name added to list: 51604
name added to list: 51605
name added to list: 51606
name added to list: 51607
name added to list: 51608
name added to list: 51609
name added to list: 51610
name added to list: 51611
name added to list: 51612
name added to list: 51613
name added to list: 51614
name added to list: 51615
name added to list: 51616
name added to list: 51617
name added to list: 51618
name added to list: 51619
name added to list: 51620
name added to list: 51621
name added to list: 51622
name added to list: 51623
name added to list: 51624
name added to list: 51625
name added to list: 51626
name added to list: 51627
name added to list: 51628
name added to list: 51629
name added to list: 51630
name added to list: 51631
name added to list: 51632
name added to list: 51633
name added to list: 51634
name added to list: 51635
name added to list: 51636
name added to list: 51637
name added to list: 51638
name added to list: 51639
name added to list: 51640
name added to list: 51641
name added to list: 51642
name added to list: 51643
name added to list: 51644
name added to list: 51645
name added to list: 51646
name added to list: 51647
name added to list: 51648
name added to list: 51649
name added to list: 51650
name added to list: 51651
name added to list: 51652
name added to list: 51653
name added to list: 51654
name added to list: 51655
name added to list: 51656
name added to list: 51657
name added to list: 51658
name added to list: 51659
name added to list: 51660
name added to list: 51661
name added to list: 51662
name added to list: 51663
name added to list: 51664
name added to list: 51665
name added to list: 51666
name added to list: 51667
name added to list: 51668
name added to list: 51669
name added to list: 51670
name added to list: 51671
name added to list: 51672
name added to list: 51673
name added to list: 51674
name added to list: 51675
name added to list: 51676
name added to list: 51677
name added to list: 51678
name added to list: 51679
name added to list: 51680
name added to list: 51681
name added to list: 51682
name added to list: 51683
name added to list: 51684
name added to list: 51685
name added to list: 51686
name added to list: 51687
name added to list: 51688
name added to list: 51689
name added to list: 51690
name added to list: 51691
name added to list: 51692
name added to list: 51693
name added to list: 51694
name added to list: 51695
name added to list: 51696
name added to list: 51697
name added to list: 51698
name added to list: 51699
name added to list: 51700
name added to list: 51701
name added to list: 51702
name added to list: 51703
name added to list: 51704
name added to list: 51705
name added to list: 51706
name added to list: 51707
name added to list: 51708
name added to list: 51709
name added to list: 51710
name added to list: 51711
name added to list: 51712
name added to list: 51713
name added to list: 51714
name added to list: 51715
name added to list: 51716
name added to list: 51717
name added to list: 51718
name added to list: 51719
name added to list: 51720
name added to list: 51721
name added to list: 51722
name added to list: 51723
name added to list: 51724
name added to list: 51725
name added to list: 51726
name added to list: 51727
name added to list: 51728
name added to list: 51729
name added to list: 51730
name added to list: 51731
name added to list: 51732
name added to list: 51733
name added to list: 51734
name added to list: 51735
name added to list: 51736
name added to list: 51737
name added to list: 51738
name added to list: 51739
name added to list: 51740
name added to list: 51741
name added to list: 51742
name added to list: 51743
name added to list: 51744
name added to list: 51745
name added to list: 51746
name added to list: 51747
name added to list: 51748
name added to list: 51749
name added to list: 51750
name added to list: 51751
name added to list: 51752
name added to list: 51753
name added to list: 51754
name added to list: 51755
name added to list: 51756
name added to list: 51757
name added to list: 51758
name added to list: 51759
name added to list: 51760
name added to list: 51761
name added to list: 51762
name added to list: 51763
name added to list: 51764
name added to list: 51765
name added to list: 51766
name added to list: 51767
name added to list: 51768
name added to list: 51769
name added to list: 51770
name added to list: 51771
name added to list: 51772
name added to list: 51773
name added to list: 51774
name added to list: 51775
name added to list: 51776
name added to list: 51777
name added to list: 51778
name added to list: 51779
name added to list: 51780
name added to list: 51781
name added to list: 51782
name added to list: 51783
name added to list: 51784
name added to list: 51785
name added to list: 51786
name added to list: 51787
name added to list: 51788
name added to list: 51789
name added to list: 51790
name added to list: 51791
name added to list: 51792
name added to list: 51793
name added to list: 51794
name added to list: 51795
name added to list: 51796
name added to list: 51797
name added to list: 51798
name added to list: 51799
name added to list: 51800
name added to list: 51801
name added to list: 51802
name added to list: 51803
name added to list: 51804
name added to list: 51805
name added to list: 51806
name added to list: 51807
name added to list: 51808
name added to list: 51809
name added to list: 51810
name added to list: 51811
name added to list: 51812
name added to list: 51813
name added to list: 51814
name added to list: 51815
name added to list: 51816
name added to list: 51817
name added to list: 51818
name added to list: 51819
name added to list: 51820
name added to list: 51821
name added to list: 51822
name added to list: 51823
name added to list: 51824
name added to list: 51825
name added to list: 51826
name added to list: 51827
name added to list: 51828
name added to list: 51829
name added to list: 51830
name added to list: 51831
name added to list: 51832
name added to list: 51833
name added to list: 51834
name added to list: 51835
name added to list: 51836
name added to list: 51837
name added to list: 51838
name added to list: 51839
name added to list: 51840
name added to list: 51841
name added to list: 51842
name added to list: 51843
name added to list: 51844
name added to list: 51845
name added to list: 51846
name added to list: 51847
name added to list: 51848
name added to list: 51849
name added to list: 51850
name added to list: 51851
name added to list: 51852
name added to list: 51853
name added to list: 51854
name added to list: 51855
name added to list: 51856
name added to list: 51857
name added to list: 51858
name added to list: 51859
name added to list: 51860
name added to list: 51861
name added to list: 51862
name added to list: 51863
name added to list: 51864
name added to list: 51865
name added to list: 51866
name added to list: 51867
name added to list: 51868
name added to list: 51869
name added to list: 51870
name added to list: 51871
name added to list: 51872
name added to list: 51873
name added to list: 51874
name added to list: 51875
name added to list: 51876
name added to list: 51877
name added to list: 51878
name added to list: 51879
name added to list: 51880
name added to list: 51881
name added to list: 51882
name added to list: 51883
name added to list: 51884
name added to list: 51885
name added to list: 51886
name added to list: 51887
name added to list: 51888
name added to list: 51889
name added to list: 51890
name added to list: 51891
name added to list: 51892
name added to list: 51893
name added to list: 51894
name added to list: 51895
name added to list: 51896
name added to list: 51897
name added to list: 51898
name added to list: 51899
name added to list: 51900
name added to list: 51901
name added to list: 51902
name added to list: 51903
name added to list: 51904
name added to list: 51905
name added to list: 51906
name added to list: 51907
name added to list: 51908
name added to list: 51909
name added to list: 51910
name added to list: 51911
name added to list: 51912
name added to list: 51913
name added to list: 51914
name added to list: 51915
name added to list: 51916
name added to list: 51917
name added to list: 51918
name added to list: 51919
name added to list: 51920
name added to list: 51921
name added to list: 51922
name added to list: 51923
name added to list: 51924
name added to list: 51925
name added to list: 51926
name added to list: 51927
name added to list: 51928
name added to list: 51929
name added to list: 51930
name added to list: 51931
name added to list: 51932
name added to list: 51933
name added to list: 51934
name added to list: 51935
name added to list: 51936
name added to list: 51937
name added to list: 51938
name added to list: 51939
name added to list: 51940
name added to list: 51941
name added to list: 51942
name added to list: 51943
name added to list: 51944
name added to list: 51945
name added to list: 51946
name added to list: 51947
name added to list: 51948
name added to list: 51949
name added to list: 51950
name added to list: 51951
name added to list: 51952
name added to list: 51953
name added to list: 51954
name added to list: 51955
name added to list: 51956
name added to list: 51957
name added to list: 51958
name added to list: 51959
name added to list: 51960
name added to list: 51961
name added to list: 51962
name added to list: 51963
name added to list: 51964
name added to list: 51965
name added to list: 51966
name added to list: 51967
name added to list: 51968
name added to list: 51969
name added to list: 51970
name added to list: 51971
name added to list: 51972
name added to list: 51973
name added to list: 51974
name added to list: 51975
name added to list: 51976
name added to list: 51977
name added to list: 51978
name added to list: 51979
name added to list: 51980
name added to list: 51981
name added to list: 51982
name added to list: 51983
name added to list: 51984
name added to list: 51985
name added to list: 51986
name added to list: 51987
name added to list: 51988
name added to list: 51989
name added to list: 51990
name added to list: 51991
name added to list: 51992
name added to list: 51993
name added to list: 51994
name added to list: 51995
name added to list: 51996
name added to list: 51997
name added to list: 51998
name added to list: 51999
name added to list: 52000
name added to list: 52001
name added to list: 52002
name added to list: 52003
name added to list: 52004
name added to list: 52005
name added to list: 52006
name added to list: 52007
name added to list: 52008
name added to list: 52009
name added to list: 52010
name added to list: 52011
name added to list: 52012
name added to list: 52013
name added to list: 52014
name added to list: 52015
name added to list: 52016
name added to list: 52017
name added to list: 52018
name added to list: 52019
name added to list: 52020
name added to list: 52021
name added to list: 52022
name added to list: 52023
name added to list: 52024
name added to list: 52025
name added to list: 52026
name added to list: 52027
name added to list: 52028
name added to list: 52029
name added to list: 52030
name added to list: 52031
name added to list: 52032
name added to list: 52033
name added to list: 52034
name added to list: 52035
name added to list: 52036
name added to list: 52037
name added to list: 52038
name added to list: 52039
name added to list: 52040
name added to list: 52041
name added to list: 52042
name added to list: 52043
name added to list: 52044
name added to list: 52045
name added to list: 52046
name added to list: 52047
name added to list: 52048
name added to list: 52049
name added to list: 52050
name added to list: 52051
name added to list: 52052
name added to list: 52053
name added to list: 52054
name added to list: 52055
name added to list: 52056
name added to list: 52057
name added to list: 52058
name added to list: 52059
name added to list: 52060
name added to list: 52061
name added to list: 52062
name added to list: 52063
name added to list: 52064
name added to list: 52065
name added to list: 52066
name added to list: 52067
name added to list: 52068
name added to list: 52069
name added to list: 52070
name added to list: 52071
name added to list: 52072
name added to list: 52073
name added to list: 52074
name added to list: 52075
name added to list: 52076
name added to list: 52077
name added to list: 52078
name added to list: 52079
name added to list: 52080
name added to list: 52081
name added to list: 52082
name added to list: 52083
name added to list: 52084
name added to list: 52085
name added to list: 52086
name added to list: 52087
name added to list: 52088
name added to list: 52089
name added to list: 52090
name added to list: 52091
name added to list: 52092
name added to list: 52093
name added to list: 52094
name added to list: 52095
name added to list: 52096
name added to list: 52097
name added to list: 52098
name added to list: 52099
name added to list: 52100
name added to list: 52101
name added to list: 52102
name added to list: 52103
name added to list: 52104
name added to list: 52105
name added to list: 52106
name added to list: 52107
name added to list: 52108
name added to list: 52109
name added to list: 52110
name added to list: 52111
name added to list: 52112
name added to list: 52113
name added to list: 52114
name added to list: 52115
name added to list: 52116
name added to list: 52117
name added to list: 52118
name added to list: 52119
name added to list: 52120
name added to list: 52121
name added to list: 52122
name added to list: 52123
name added to list: 52124
name added to list: 52125
name added to list: 52126
name added to list: 52127
name added to list: 52128
name added to list: 52129
name added to list: 52130
name added to list: 52131
name added to list: 52132
name added to list: 52133
name added to list: 52134
name added to list: 52135
name added to list: 52136
name added to list: 52137
name added to list: 52138
name added to list: 52139
name added to list: 52140
name added to list: 52141
name added to list: 52142
name added to list: 52143
name added to list: 52144
name added to list: 52145
name added to list: 52146
name added to list: 52147
name added to list: 52148
name added to list: 52149
name added to list: 52150
name added to list: 52151
name added to list: 52152
name added to list: 52153
name added to list: 52154
name added to list: 52155
name added to list: 52156
name added to list: 52157
name added to list: 52158
name added to list: 52159
name added to list: 52160
name added to list: 52161
name added to list: 52162
name added to list: 52163
name added to list: 52164
name added to list: 52165
name added to list: 52166
name added to list: 52167
name added to list: 52168
name added to list: 52169
name added to list: 52170
name added to list: 52171
name added to list: 52172
name added to list: 52173
name added to list: 52174
name added to list: 52175
name added to list: 52176
name added to list: 52177
name added to list: 52178
name added to list: 52179
name added to list: 52180
name added to list: 52181
name added to list: 52182
name added to list: 52183
name added to list: 52184
name added to list: 52185
name added to list: 52186
name added to list: 52187
name added to list: 52188
name added to list: 52189
name added to list: 52190
name added to list: 52191
name added to list: 52192
name added to list: 52193
name added to list: 52194
name added to list: 52195
name added to list: 52196
name added to list: 52197
name added to list: 52198
name added to list: 52199
name added to list: 52200
name added to list: 52201
name added to list: 52202
name added to list: 52203
name added to list: 52204
name added to list: 52205
name added to list: 52206
name added to list: 52207
name added to list: 52208
name added to list: 52209
name added to list: 52210
name added to list: 52211
name added to list: 52212
name added to list: 52213
name added to list: 52214
name added to list: 52215
name added to list: 52216
name added to list: 52217
name added to list: 52218
name added to list: 52219
name added to list: 52220
name added to list: 52221
name added to list: 52222
name added to list: 52223
name added to list: 52224
name added to list: 52225
name added to list: 52226
name added to list: 52227
name added to list: 52228
name added to list: 52229
name added to list: 52230
name added to list: 52231
name added to list: 52232
name added to list: 52233
name added to list: 52234
name added to list: 52235
name added to list: 52236
name added to list: 52237
name added to list: 52238
name added to list: 52239
name added to list: 52240
name added to list: 52241
name added to list: 52242
name added to list: 52243
name added to list: 52244
name added to list: 52245
name added to list: 52246
name added to list: 52247
name added to list: 52248
name added to list: 52249
name added to list: 52250
name added to list: 52251
name added to list: 52252
name added to list: 52253
name added to list: 52254
name added to list: 52255
name added to list: 52256
name added to list: 52257
name added to list: 52258
name added to list: 52259
name added to list: 52260
name added to list: 52261
name added to list: 52262
name added to list: 52263
name added to list: 52264
name added to list: 52265
name added to list: 52266
name added to list: 52267
name added to list: 52268
name added to list: 52269
name added to list: 52270
name added to list: 52271
name added to list: 52272
name added to list: 52273
name added to list: 52274
name added to list: 52275
name added to list: 52276
name added to list: 52277
name added to list: 52278
name added to list: 52279
name added to list: 52280
name added to list: 52281
name added to list: 52282
name added to list: 52283
name added to list: 52284
name added to list: 52285
name added to list: 52286
name added to list: 52287
name added to list: 52288
name added to list: 52289
name added to list: 52290
name added to list: 52291
name added to list: 52292
name added to list: 52293
name added to list: 52294
name added to list: 52295
name added to list: 52296
name added to list: 52297
name added to list: 52298
name added to list: 52299
name added to list: 52300
name added to list: 52301
name added to list: 52302
name added to list: 52303
name added to list: 52304
name added to list: 52305
name added to list: 52306
name added to list: 52307
name added to list: 52308
name added to list: 52309
name added to list: 52310
name added to list: 52311
name added to list: 52312
name added to list: 52313
name added to list: 52314
name added to list: 52315
name added to list: 52316
name added to list: 52317
name added to list: 52318
name added to list: 52319
name added to list: 52320
name added to list: 52321
name added to list: 52322
name added to list: 52323
name added to list: 52324
name added to list: 52325
name added to list: 52326
name added to list: 52327
name added to list: 52328
name added to list: 52329
name added to list: 52330
name added to list: 52331
name added to list: 52332
name added to list: 52333
name added to list: 52334
name added to list: 52335
name added to list: 52336
name added to list: 52337
name added to list: 52338
name added to list: 52339
name added to list: 52340
name added to list: 52341
name added to list: 52342
name added to list: 52343
name added to list: 52344
name added to list: 52345
name added to list: 52346
name added to list: 52347
name added to list: 52348
name added to list: 52349
name added to list: 52350
name added to list: 52351
name added to list: 52352
name added to list: 52353
name added to list: 52354
name added to list: 52355
name added to list: 52356
name added to list: 52357
name added to list: 52358
name added to list: 52359
name added to list: 52360
name added to list: 52361
name added to list: 52362
name added to list: 52363
name added to list: 52364
name added to list: 52365
name added to list: 52366
name added to list: 52367
name added to list: 52368
name added to list: 52369
name added to list: 52370
name added to list: 52371
name added to list: 52372
name added to list: 52373
name added to list: 52374
name added to list: 52375
name added to list: 52376
name added to list: 52377
name added to list: 52378
name added to list: 52379
name added to list: 52380
name added to list: 52381
name added to list: 52382
name added to list: 52383
name added to list: 52384
name added to list: 52385
name added to list: 52386
name added to list: 52387
name added to list: 52388
name added to list: 52389
name added to list: 52390
name added to list: 52391
name added to list: 52392
name added to list: 52393
name added to list: 52394
name added to list: 52395
name added to list: 52396
name added to list: 52397
name added to list: 52398
name added to list: 52399
name added to list: 52400
name added to list: 52401
name added to list: 52402
name added to list: 52403
name added to list: 52404
name added to list: 52405
name added to list: 52406
name added to list: 52407
name added to list: 52408
name added to list: 52409
name added to list: 52410
name added to list: 52411
name added to list: 52412
name added to list: 52413
name added to list: 52414
name added to list: 52415
name added to list: 52416
name added to list: 52417
name added to list: 52418
name added to list: 52419
name added to list: 52420
name added to list: 52421
name added to list: 52422
name added to list: 52423
name added to list: 52424
name added to list: 52425
name added to list: 52426
name added to list: 52427
name added to list: 52428
name added to list: 52429
name added to list: 52430
name added to list: 52431
name added to list: 52432
name added to list: 52433
name added to list: 52434
name added to list: 52435
name added to list: 52436
name added to list: 52437
name added to list: 52438
name added to list: 52439
name added to list: 52440
name added to list: 52441
name added to list: 52442
name added to list: 52443
name added to list: 52444
name added to list: 52445
name added to list: 52446
name added to list: 52447
name added to list: 52448
name added to list: 52449
name added to list: 52450
name added to list: 52451
name added to list: 52452
name added to list: 52453
name added to list: 52454
name added to list: 52455
name added to list: 52456
name added to list: 52457
name added to list: 52458
name added to list: 52459
name added to list: 52460
name added to list: 52461
name added to list: 52462
name added to list: 52463
name added to list: 52464
name added to list: 52465
name added to list: 52466
name added to list: 52467
name added to list: 52468
name added to list: 52469
name added to list: 52470
name added to list: 52471
name added to list: 52472
name added to list: 52473
name added to list: 52474
name added to list: 52475
name added to list: 52476
name added to list: 52477
name added to list: 52478
name added to list: 52479
name added to list: 52480
name added to list: 52481
name added to list: 52482
name added to list: 52483
name added to list: 52484
name added to list: 52485
name added to list: 52486
name added to list: 52487
name added to list: 52488
name added to list: 52489
name added to list: 52490
name added to list: 52491
name added to list: 52492
name added to list: 52493
name added to list: 52494
name added to list: 52495
name added to list: 52496
name added to list: 52497
name added to list: 52498
name added to list: 52499
name added to list: 52500
name added to list: 52501
name added to list: 52502
name added to list: 52503
name added to list: 52504
name added to list: 52505
name added to list: 52506
name added to list: 52507
name added to list: 52508
name added to list: 52509
name added to list: 52510
name added to list: 52511
name added to list: 52512
name added to list: 52513
name added to list: 52514
name added to list: 52515
name added to list: 52516
name added to list: 52517
name added to list: 52518
name added to list: 52519
name added to list: 52520
name added to list: 52521
name added to list: 52522
name added to list: 52523
name added to list: 52524
name added to list: 52525
name added to list: 52526
name added to list: 52527
name added to list: 52528
name added to list: 52529
name added to list: 52530
name added to list: 52531
name added to list: 52532
name added to list: 52533
name added to list: 52534
name added to list: 52535
name added to list: 52536
name added to list: 52537
name added to list: 52538
name added to list: 52539
name added to list: 52540
name added to list: 52541
name added to list: 52542
name added to list: 52543
name added to list: 52544
name added to list: 52545
name added to list: 52546
name added to list: 52547
name added to list: 52548
name added to list: 52549
name added to list: 52550
name added to list: 52551
name added to list: 52552
name added to list: 52553
name added to list: 52554
name added to list: 52555
name added to list: 52556
name added to list: 52557
name added to list: 52558
name added to list: 52559
name added to list: 52560
name added to list: 52561
name added to list: 52562
name added to list: 52563
name added to list: 52564
name added to list: 52565
name added to list: 52566
name added to list: 52567
name added to list: 52568
name added to list: 52569
name added to list: 52570
name added to list: 52571
name added to list: 52572
name added to list: 52573
name added to list: 52574
name added to list: 52575
name added to list: 52576
name added to list: 52577
name added to list: 52578
name added to list: 52579
name added to list: 52580
name added to list: 52581
name added to list: 52582
name added to list: 52583
name added to list: 52584
name added to list: 52585
name added to list: 52586
name added to list: 52587
name added to list: 52588
name added to list: 52589
name added to list: 52590
name added to list: 52591
name added to list: 52592
name added to list: 52593
name added to list: 52594
name added to list: 52595
name added to list: 52596
name added to list: 52597
name added to list: 52598
name added to list: 52599
name added to list: 52600
name added to list: 52601
name added to list: 52602
name added to list: 52603
name added to list: 52604
name added to list: 52605
name added to list: 52606
name added to list: 52607
name added to list: 52608
name added to list: 52609
name added to list: 52610
name added to list: 52611
name added to list: 52612
name added to list: 52613
name added to list: 52614
name added to list: 52615
name added to list: 52616
name added to list: 52617
name added to list: 52618
name added to list: 52619
name added to list: 52620
name added to list: 52621
name added to list: 52622
name added to list: 52623
name added to list: 52624
name added to list: 52625
name added to list: 52626
name added to list: 52627
name added to list: 52628
name added to list: 52629
name added to list: 52630
name added to list: 52631
name added to list: 52632
name added to list: 52633
name added to list: 52634
name added to list: 52635
name added to list: 52636
name added to list: 52637
name added to list: 52638
name added to list: 52639
name added to list: 52640
name added to list: 52641
name added to list: 52642
name added to list: 52643
name added to list: 52644
name added to list: 52645
name added to list: 52646
name added to list: 52647
name added to list: 52648
name added to list: 52649
name added to list: 52650
name added to list: 52651
name added to list: 52652
name added to list: 52653
name added to list: 52654
name added to list: 52655
name added to list: 52656
name added to list: 52657
name added to list: 52658
name added to list: 52659
name added to list: 52660
name added to list: 52661
name added to list: 52662
name added to list: 52663
name added to list: 52664
name added to list: 52665
name added to list: 52666
name added to list: 52667
name added to list: 52668
name added to list: 52669
name added to list: 52670
name added to list: 52671
name added to list: 52672
name added to list: 52673
name added to list: 52674
name added to list: 52675
name added to list: 52676
name added to list: 52677
name added to list: 52678
name added to list: 52679
name added to list: 52680
name added to list: 52681
name added to list: 52682
name added to list: 52683
name added to list: 52684
name added to list: 52685
name added to list: 52686
name added to list: 52687
name added to list: 52688
name added to list: 52689
name added to list: 52690
name added to list: 52691
name added to list: 52692
name added to list: 52693
name added to list: 52694
name added to list: 52695
name added to list: 52696
name added to list: 52697
name added to list: 52698
name added to list: 52699
name added to list: 52700
name added to list: 52701
name added to list: 52702
name added to list: 52703
name added to list: 52704
name added to list: 52705
name added to list: 52706
name added to list: 52707
name added to list: 52708
name added to list: 52709
name added to list: 52710
name added to list: 52711
name added to list: 52712
name added to list: 52713
name added to list: 52714
name added to list: 52715
name added to list: 52716
name added to list: 52717
name added to list: 52718
name added to list: 52719
name added to list: 52720
name added to list: 52721
name added to list: 52722
name added to list: 52723
name added to list: 52724
name added to list: 52725
name added to list: 52726
name added to list: 52727
name added to list: 52728
name added to list: 52729
name added to list: 52730
name added to list: 52731
name added to list: 52732
name added to list: 52733
name added to list: 52734
name added to list: 52735
name added to list: 52736
name added to list: 52737
name added to list: 52738
name added to list: 52739
name added to list: 52740
name added to list: 52741
name added to list: 52742
name added to list: 52743
name added to list: 52744
name added to list: 52745
name added to list: 52746
name added to list: 52747
name added to list: 52748
name added to list: 52749
name added to list: 52750
name added to list: 52751
name added to list: 52752
name added to list: 52753
name added to list: 52754
name added to list: 52755
name added to list: 52756
name added to list: 52757
name added to list: 52758
name added to list: 52759
name added to list: 52760
name added to list: 52761
name added to list: 52762
name added to list: 52763
name added to list: 52764
name added to list: 52765
name added to list: 52766
name added to list: 52767
name added to list: 52768
name added to list: 52769
name added to list: 52770
name added to list: 52771
name added to list: 52772
name added to list: 52773
name added to list: 52774
name added to list: 52775
name added to list: 52776
name added to list: 52777
name added to list: 52778
name added to list: 52779
name added to list: 52780
name added to list: 52781
name added to list: 52782
name added to list: 52783
name added to list: 52784
name added to list: 52785
name added to list: 52786
name added to list: 52787
name added to list: 52788
name added to list: 52789
name added to list: 52790
name added to list: 52791
name added to list: 52792
name added to list: 52793
name added to list: 52794
name added to list: 52795
name added to list: 52796
name added to list: 52797
name added to list: 52798
name added to list: 52799
name added to list: 52800
name added to list: 52801
name added to list: 52802
name added to list: 52803
name added to list: 52804
name added to list: 52805
name added to list: 52806
name added to list: 52807
name added to list: 52808
name added to list: 52809
name added to list: 52810
name added to list: 52811
name added to list: 52812
name added to list: 52813
name added to list: 52814
name added to list: 52815
name added to list: 52816
name added to list: 52817
name added to list: 52818
name added to list: 52819
name added to list: 52820
name added to list: 52821
name added to list: 52822
name added to list: 52823
name added to list: 52824
name added to list: 52825
name added to list: 52826
name added to list: 52827
name added to list: 52828
name added to list: 52829
name added to list: 52830
name added to list: 52831
name added to list: 52832
name added to list: 52833
name added to list: 52834
name added to list: 52835
name added to list: 52836
name added to list: 52837
name added to list: 52838
name added to list: 52839
name added to list: 52840
name added to list: 52841
name added to list: 52842
name added to list: 52843
name added to list: 52844
name added to list: 52845
name added to list: 52846
name added to list: 52847
name added to list: 52848
name added to list: 52849
name added to list: 52850
name added to list: 52851
name added to list: 52852
name added to list: 52853
name added to list: 52854
name added to list: 52855
name added to list: 52856
name added to list: 52857
name added to list: 52858
name added to list: 52859
name added to list: 52860
name added to list: 52861
name added to list: 52862
name added to list: 52863
name added to list: 52864
name added to list: 52865
name added to list: 52866
name added to list: 52867
name added to list: 52868
name added to list: 52869
name added to list: 52870
name added to list: 52871
name added to list: 52872
name added to list: 52873
name added to list: 52874
name added to list: 52875
name added to list: 52876
name added to list: 52877
name added to list: 52878
name added to list: 52879
name added to list: 52880
name added to list: 52881
name added to list: 52882
name added to list: 52883
name added to list: 52884
name added to list: 52885
name added to list: 52886
name added to list: 52887
name added to list: 52888
name added to list: 52889
name added to list: 52890
name added to list: 52891
name added to list: 52892
name added to list: 52893
name added to list: 52894
name added to list: 52895
name added to list: 52896
name added to list: 52897
name added to list: 52898
name added to list: 52899
name added to list: 52900
name added to list: 52901
name added to list: 52902
name added to list: 52903
name added to list: 52904
name added to list: 52905
name added to list: 52906
name added to list: 52907
name added to list: 52908
name added to list: 52909
name added to list: 52910
name added to list: 52911
name added to list: 52912
name added to list: 52913
name added to list: 52914
name added to list: 52915
name added to list: 52916
name added to list: 52917
name added to list: 52918
name added to list: 52919
name added to list: 52920
name added to list: 52921
name added to list: 52922
name added to list: 52923
name added to list: 52924
name added to list: 52925
name added to list: 52926
name added to list: 52927
name added to list: 52928
name added to list: 52929
name added to list: 52930
name added to list: 52931
name added to list: 52932
name added to list: 52933
name added to list: 52934
name added to list: 52935
name added to list: 52936
name added to list: 52937
name added to list: 52938
name added to list: 52939
name added to list: 52940
name added to list: 52941
name added to list: 52942
name added to list: 52943
name added to list: 52944
name added to list: 52945
name added to list: 52946
name added to list: 52947
name added to list: 52948
name added to list: 52949
name added to list: 52950
name added to list: 52951
name added to list: 52952
name added to list: 52953
name added to list: 52954
name added to list: 52955
name added to list: 52956
name added to list: 52957
name added to list: 52958
name added to list: 52959
name added to list: 52960
name added to list: 52961
name added to list: 52962
name added to list: 52963
name added to list: 52964
name added to list: 52965
name added to list: 52966
name added to list: 52967
name added to list: 52968
name added to list: 52969
name added to list: 52970
name added to list: 52971
name added to list: 52972
name added to list: 52973
name added to list: 52974
name added to list: 52975
name added to list: 52976
name added to list: 52977
name added to list: 52978
name added to list: 52979
name added to list: 52980
name added to list: 52981
name added to list: 52982
name added to list: 52983
name added to list: 52984
name added to list: 52985
name added to list: 52986
name added to list: 52987
name added to list: 52988
name added to list: 52989
name added to list: 52990
name added to list: 52991
name added to list: 52992
name added to list: 52993
name added to list: 52994
name added to list: 52995
name added to list: 52996
name added to list: 52997
name added to list: 52998
name added to list: 52999
name added to list: 53000
name added to list: 53001
name added to list: 53002
name added to list: 53003
name added to list: 53004
name added to list: 53005
name added to list: 53006
name added to list: 53007
name added to list: 53008
name added to list: 53009
name added to list: 53010
name added to list: 53011
name added to list: 53012
name added to list: 53013
name added to list: 53014
name added to list: 53015
name added to list: 53016
name added to list: 53017
name added to list: 53018
name added to list: 53019
name added to list: 53020
name added to list: 53021
name added to list: 53022
name added to list: 53023
name added to list: 53024
name added to list: 53025
name added to list: 53026
name added to list: 53027
name added to list: 53028
name added to list: 53029
name added to list: 53030
name added to list: 53031
name added to list: 53032
name added to list: 53033
name added to list: 53034
name added to list: 53035
name added to list: 53036
name added to list: 53037
name added to list: 53038
name added to list: 53039
name added to list: 53040
name added to list: 53041
name added to list: 53042
name added to list: 53043
name added to list: 53044
name added to list: 53045
name added to list: 53046
name added to list: 53047
name added to list: 53048
name added to list: 53049
name added to list: 53050
name added to list: 53051
name added to list: 53052
name added to list: 53053
name added to list: 53054
name added to list: 53055
name added to list: 53056
name added to list: 53057
name added to list: 53058
name added to list: 53059
name added to list: 53060
name added to list: 53061
name added to list: 53062
name added to list: 53063
name added to list: 53064
name added to list: 53065
name added to list: 53066
name added to list: 53067
name added to list: 53068
name added to list: 53069
name added to list: 53070
name added to list: 53071
name added to list: 53072
name added to list: 53073
name added to list: 53074
name added to list: 53075
name added to list: 53076
name added to list: 53077
name added to list: 53078
name added to list: 53079
name added to list: 53080
name added to list: 53081
name added to list: 53082
name added to list: 53083
name added to list: 53084
name added to list: 53085
name added to list: 53086
name added to list: 53087
name added to list: 53088
name added to list: 53089
name added to list: 53090
name added to list: 53091
name added to list: 53092
name added to list: 53093
name added to list: 53094
name added to list: 53095
name added to list: 53096
name added to list: 53097
name added to list: 53098
name added to list: 53099
name added to list: 53100
name added to list: 53101
name added to list: 53102
name added to list: 53103
name added to list: 53104
name added to list: 53105
name added to list: 53106
name added to list: 53107
name added to list: 53108
name added to list: 53109
name added to list: 53110
name added to list: 53111
name added to list: 53112
name added to list: 53113
name added to list: 53114
name added to list: 53115
name added to list: 53116
name added to list: 53117
name added to list: 53118
name added to list: 53119
name added to list: 53120
name added to list: 53121
name added to list: 53122
name added to list: 53123
name added to list: 53124
name added to list: 53125
name added to list: 53126
name added to list: 53127
name added to list: 53128
name added to list: 53129
name added to list: 53130
name added to list: 53131
name added to list: 53132
name added to list: 53133
name added to list: 53134
name added to list: 53135
name added to list: 53136
name added to list: 53137
name added to list: 53138
name added to list: 53139
name added to list: 53140
name added to list: 53141
name added to list: 53142
name added to list: 53143
name added to list: 53144
name added to list: 53145
name added to list: 53146
name added to list: 53147
name added to list: 53148
name added to list: 53149
name added to list: 53150
name added to list: 53151
name added to list: 53152
name added to list: 53153
name added to list: 53154
name added to list: 53155
name added to list: 53156
name added to list: 53157
name added to list: 53158
name added to list: 53159
name added to list: 53160
name added to list: 53161
name added to list: 53162
name added to list: 53163
name added to list: 53164
name added to list: 53165
name added to list: 53166
name added to list: 53167
name added to list: 53168
name added to list: 53169
name added to list: 53170
name added to list: 53171
name added to list: 53172
name added to list: 53173
name added to list: 53174
name added to list: 53175
name added to list: 53176
name added to list: 53177
name added to list: 53178
name added to list: 53179
name added to list: 53180
name added to list: 53181
name added to list: 53182
name added to list: 53183
name added to list: 53184
name added to list: 53185
name added to list: 53186
name added to list: 53187
name added to list: 53188
name added to list: 53189
name added to list: 53190
name added to list: 53191
name added to list: 53192
name added to list: 53193
name added to list: 53194
name added to list: 53195
name added to list: 53196
name added to list: 53197
name added to list: 53198
name added to list: 53199
name added to list: 53200
name added to list: 53201
name added to list: 53202
name added to list: 53203
name added to list: 53204
name added to list: 53205
name added to list: 53206
name added to list: 53207
name added to list: 53208
name added to list: 53209
name added to list: 53210
name added to list: 53211
name added to list: 53212
name added to list: 53213
name added to list: 53214
name added to list: 53215
name added to list: 53216
name added to list: 53217
name added to list: 53218
name added to list: 53219
name added to list: 53220
name added to list: 53221
name added to list: 53222
name added to list: 53223
name added to list: 53224
name added to list: 53225
name added to list: 53226
name added to list: 53227
name added to list: 53228
name added to list: 53229
name added to list: 53230
name added to list: 53231
name added to list: 53232
name added to list: 53233
name added to list: 53234
name added to list: 53235
name added to list: 53236
name added to list: 53237
name added to list: 53238
name added to list: 53239
name added to list: 53240
name added to list: 53241
name added to list: 53242
name added to list: 53243
name added to list: 53244
name added to list: 53245
name added to list: 53246
name added to list: 53247
name added to list: 53248
name added to list: 53249
name added to list: 53250
name added to list: 53251
name added to list: 53252
name added to list: 53253
name added to list: 53254
name added to list: 53255
name added to list: 53256
name added to list: 53257
name added to list: 53258
name added to list: 53259
name added to list: 53260
name added to list: 53261
name added to list: 53262
name added to list: 53263
name added to list: 53264
name added to list: 53265
name added to list: 53266
name added to list: 53267
name added to list: 53268
name added to list: 53269
name added to list: 53270
name added to list: 53271
name added to list: 53272
name added to list: 53273
name added to list: 53274
name added to list: 53275
name added to list: 53276
name added to list: 53277
name added to list: 53278
name added to list: 53279
name added to list: 53280
name added to list: 53281
name added to list: 53282
name added to list: 53283
name added to list: 53284
name added to list: 53285
name added to list: 53286
name added to list: 53287
name added to list: 53288
name added to list: 53289
name added to list: 53290
name added to list: 53291
name added to list: 53292
name added to list: 53293
name added to list: 53294
name added to list: 53295
name added to list: 53296
name added to list: 53297
name added to list: 53298
name added to list: 53299
name added to list: 53300
name added to list: 53301
name added to list: 53302
name added to list: 53303
name added to list: 53304
name added to list: 53305
name added to list: 53306
name added to list: 53307
name added to list: 53308
name added to list: 53309
name added to list: 53310
name added to list: 53311
name added to list: 53312
name added to list: 53313
name added to list: 53314
name added to list: 53315
name added to list: 53316
name added to list: 53317
name added to list: 53318
name added to list: 53319
name added to list: 53320
name added to list: 53321
name added to list: 53322
name added to list: 53323
name added to list: 53324
name added to list: 53325
name added to list: 53326
name added to list: 53327
name added to list: 53328
name added to list: 53329
name added to list: 53330
name added to list: 53331
name added to list: 53332
name added to list: 53333
name added to list: 53334
name added to list: 53335
name added to list: 53336
name added to list: 53337
name added to list: 53338
name added to list: 53339
name added to list: 53340
name added to list: 53341
name added to list: 53342
name added to list: 53343
name added to list: 53344
name added to list: 53345
name added to list: 53346
name added to list: 53347
name added to list: 53348
name added to list: 53349
name added to list: 53350
name added to list: 53351
name added to list: 53352
name added to list: 53353
name added to list: 53354
name added to list: 53355
name added to list: 53356
name added to list: 53357
name added to list: 53358
name added to list: 53359
name added to list: 53360
name added to list: 53361
name added to list: 53362
name added to list: 53363
name added to list: 53364
name added to list: 53365
name added to list: 53366
name added to list: 53367
name added to list: 53368
name added to list: 53369
name added to list: 53370
name added to list: 53371
name added to list: 53372
name added to list: 53373
name added to list: 53374
name added to list: 53375
name added to list: 53376
name added to list: 53377
name added to list: 53378
name added to list: 53379
name added to list: 53380
name added to list: 53381
name added to list: 53382
name added to list: 53383
name added to list: 53384
name added to list: 53385
name added to list: 53386
name added to list: 53387
name added to list: 53388
name added to list: 53389
name added to list: 53390
name added to list: 53391
name added to list: 53392
name added to list: 53393
name added to list: 53394
name added to list: 53395
name added to list: 53396
name added to list: 53397
name added to list: 53398
name added to list: 53399
name added to list: 53400
name added to list: 53401
name added to list: 53402
name added to list: 53403
name added to list: 53404
name added to list: 53405
name added to list: 53406
name added to list: 53407
name added to list: 53408
name added to list: 53409
name added to list: 53410
name added to list: 53411
name added to list: 53412
name added to list: 53413
name added to list: 53414
name added to list: 53415
name added to list: 53416
name added to list: 53417
name added to list: 53418
name added to list: 53419
name added to list: 53420
name added to list: 53421
name added to list: 53422
name added to list: 53423
name added to list: 53424
name added to list: 53425
name added to list: 53426
name added to list: 53427
name added to list: 53428
name added to list: 53429
name added to list: 53430
name added to list: 53431
name added to list: 53432
name added to list: 53433
name added to list: 53434
name added to list: 53435
name added to list: 53436
name added to list: 53437
name added to list: 53438
name added to list: 53439
name added to list: 53440
name added to list: 53441
name added to list: 53442
name added to list: 53443
name added to list: 53444
name added to list: 53445
name added to list: 53446
name added to list: 53447
name added to list: 53448
name added to list: 53449
name added to list: 53450
name added to list: 53451
name added to list: 53452
name added to list: 53453
name added to list: 53454
name added to list: 53455
name added to list: 53456
name added to list: 53457
name added to list: 53458
name added to list: 53459
name added to list: 53460
name added to list: 53461
name added to list: 53462
name added to list: 53463
name added to list: 53464
name added to list: 53465
name added to list: 53466
name added to list: 53467
name added to list: 53468
name added to list: 53469
name added to list: 53470
name added to list: 53471
name added to list: 53472
name added to list: 53473
name added to list: 53474
name added to list: 53475
name added to list: 53476
name added to list: 53477
name added to list: 53478
name added to list: 53479
name added to list: 53480
name added to list: 53481
name added to list: 53482
name added to list: 53483
name added to list: 53484
name added to list: 53485
name added to list: 53486
name added to list: 53487
name added to list: 53488
name added to list: 53489
name added to list: 53490
name added to list: 53491
name added to list: 53492
name added to list: 53493
name added to list: 53494
name added to list: 53495
name added to list: 53496
name added to list: 53497
name added to list: 53498
name added to list: 53499
name added to list: 53500
name added to list: 53501
name added to list: 53502
name added to list: 53503
name added to list: 53504
name added to list: 53505
name added to list: 53506
name added to list: 53507
name added to list: 53508
name added to list: 53509
name added to list: 53510
name added to list: 53511
name added to list: 53512
name added to list: 53513
name added to list: 53514
name added to list: 53515
name added to list: 53516
name added to list: 53517
name added to list: 53518
name added to list: 53519
name added to list: 53520
name added to list: 53521
name added to list: 53522
name added to list: 53523
name added to list: 53524
name added to list: 53525
name added to list: 53526
name added to list: 53527
name added to list: 53528
name added to list: 53529
name added to list: 53530
name added to list: 53531
name added to list: 53532
name added to list: 53533
name added to list: 53534
name added to list: 53535
name added to list: 53536
name added to list: 53537
name added to list: 53538
name added to list: 53539
name added to list: 53540
name added to list: 53541
name added to list: 53542
name added to list: 53543
name added to list: 53544
name added to list: 53545
name added to list: 53546
name added to list: 53547
name added to list: 53548
name added to list: 53549
name added to list: 53550
name added to list: 53551
name added to list: 53552
name added to list: 53553
name added to list: 53554
name added to list: 53555
name added to list: 53556
name added to list: 53557
name added to list: 53558
name added to list: 53559
name added to list: 53560
name added to list: 53561
name added to list: 53562
name added to list: 53563
name added to list: 53564
name added to list: 53565
name added to list: 53566
name added to list: 53567
name added to list: 53568
name added to list: 53569
name added to list: 53570
name added to list: 53571
name added to list: 53572
name added to list: 53573
name added to list: 53574
name added to list: 53575
name added to list: 53576
name added to list: 53577
name added to list: 53578
name added to list: 53579
name added to list: 53580
name added to list: 53581
name added to list: 53582
name added to list: 53583
name added to list: 53584
name added to list: 53585
name added to list: 53586
name added to list: 53587
name added to list: 53588
name added to list: 53589
name added to list: 53590
name added to list: 53591
name added to list: 53592
name added to list: 53593
name added to list: 53594
name added to list: 53595
name added to list: 53596
name added to list: 53597
name added to list: 53598
name added to list: 53599
name added to list: 53600
name added to list: 53601
name added to list: 53602
name added to list: 53603
name added to list: 53604
name added to list: 53605
name added to list: 53606
name added to list: 53607
name added to list: 53608
name added to list: 53609
name added to list: 53610
name added to list: 53611
name added to list: 53612
name added to list: 53613
name added to list: 53614
name added to list: 53615
name added to list: 53616
name added to list: 53617
name added to list: 53618
name added to list: 53619
name added to list: 53620
name added to list: 53621
name added to list: 53622
name added to list: 53623
name added to list: 53624
name added to list: 53625
name added to list: 53626
name added to list: 53627
name added to list: 53628
name added to list: 53629
name added to list: 53630
name added to list: 53631
name added to list: 53632
name added to list: 53633
name added to list: 53634
name added to list: 53635
name added to list: 53636
name added to list: 53637
name added to list: 53638
name added to list: 53639
name added to list: 53640
name added to list: 53641
name added to list: 53642
name added to list: 53643
name added to list: 53644
name added to list: 53645
name added to list: 53646
name added to list: 53647
name added to list: 53648
name added to list: 53649
name added to list: 53650
name added to list: 53651
name added to list: 53652
name added to list: 53653
name added to list: 53654
name added to list: 53655
name added to list: 53656
name added to list: 53657
name added to list: 53658
name added to list: 53659
name added to list: 53660
name added to list: 53661
name added to list: 53662
name added to list: 53663
name added to list: 53664
name added to list: 53665
name added to list: 53666
name added to list: 53667
name added to list: 53668
name added to list: 53669
name added to list: 53670
name added to list: 53671
name added to list: 53672
name added to list: 53673
name added to list: 53674
name added to list: 53675
name added to list: 53676
name added to list: 53677
name added to list: 53678
name added to list: 53679
name added to list: 53680
name added to list: 53681
name added to list: 53682
name added to list: 53683
name added to list: 53684
name added to list: 53685
name added to list: 53686
name added to list: 53687
name added to list: 53688
name added to list: 53689
name added to list: 53690
name added to list: 53691
name added to list: 53692
name added to list: 53693
name added to list: 53694
name added to list: 53695
name added to list: 53696
name added to list: 53697
name added to list: 53698
name added to list: 53699
name added to list: 53700
name added to list: 53701
name added to list: 53702
name added to list: 53703
name added to list: 53704
name added to list: 53705
name added to list: 53706
name added to list: 53707
name added to list: 53708
name added to list: 53709
name added to list: 53710
name added to list: 53711
name added to list: 53712
name added to list: 53713
name added to list: 53714
name added to list: 53715
name added to list: 53716
name added to list: 53717
name added to list: 53718
name added to list: 53719
name added to list: 53720
name added to list: 53721
name added to list: 53722
name added to list: 53723
name added to list: 53724
name added to list: 53725
name added to list: 53726
name added to list: 53727
name added to list: 53728
name added to list: 53729
name added to list: 53730
name added to list: 53731
name added to list: 53732
name added to list: 53733
name added to list: 53734
name added to list: 53735
name added to list: 53736
name added to list: 53737
name added to list: 53738
name added to list: 53739
name added to list: 53740
name added to list: 53741
name added to list: 53742
name added to list: 53743
name added to list: 53744
name added to list: 53745
name added to list: 53746
name added to list: 53747
name added to list: 53748
name added to list: 53749
name added to list: 53750
name added to list: 53751
name added to list: 53752
name added to list: 53753
name added to list: 53754
name added to list: 53755
name added to list: 53756
name added to list: 53757
name added to list: 53758
name added to list: 53759
name added to list: 53760
name added to list: 53761
name added to list: 53762
name added to list: 53763
name added to list: 53764
name added to list: 53765
name added to list: 53766
name added to list: 53767
name added to list: 53768
name added to list: 53769
name added to list: 53770
name added to list: 53771
name added to list: 53772
name added to list: 53773
name added to list: 53774
name added to list: 53775
name added to list: 53776
name added to list: 53777
name added to list: 53778
name added to list: 53779
name added to list: 53780
name added to list: 53781
name added to list: 53782
name added to list: 53783
name added to list: 53784
name added to list: 53785
name added to list: 53786
name added to list: 53787
name added to list: 53788
name added to list: 53789
name added to list: 53790
name added to list: 53791
name added to list: 53792
name added to list: 53793
name added to list: 53794
name added to list: 53795
name added to list: 53796
name added to list: 53797
name added to list: 53798
name added to list: 53799
name added to list: 53800
name added to list: 53801
name added to list: 53802
name added to list: 53803
name added to list: 53804
name added to list: 53805
name added to list: 53806
name added to list: 53807
name added to list: 53808
name added to list: 53809
name added to list: 53810
name added to list: 53811
name added to list: 53812
name added to list: 53813
name added to list: 53814
name added to list: 53815
name added to list: 53816
name added to list: 53817
name added to list: 53818
name added to list: 53819
name added to list: 53820
name added to list: 53821
name added to list: 53822
name added to list: 53823
name added to list: 53824
name added to list: 53825
name added to list: 53826
name added to list: 53827
name added to list: 53828
name added to list: 53829
name added to list: 53830
name added to list: 53831
name added to list: 53832
name added to list: 53833
name added to list: 53834
name added to list: 53835
name added to list: 53836
name added to list: 53837
name added to list: 53838
name added to list: 53839
name added to list: 53840
name added to list: 53841
name added to list: 53842
name added to list: 53843
name added to list: 53844
name added to list: 53845
name added to list: 53846
name added to list: 53847
name added to list: 53848
name added to list: 53849
name added to list: 53850
name added to list: 53851
name added to list: 53852
name added to list: 53853
name added to list: 53854
name added to list: 53855
name added to list: 53856
name added to list: 53857
name added to list: 53858
name added to list: 53859
name added to list: 53860
name added to list: 53861
name added to list: 53862
name added to list: 53863
name added to list: 53864
name added to list: 53865
name added to list: 53866
name added to list: 53867
name added to list: 53868
name added to list: 53869
name added to list: 53870
name added to list: 53871
name added to list: 53872
name added to list: 53873
name added to list: 53874
name added to list: 53875
name added to list: 53876
name added to list: 53877
name added to list: 53878
name added to list: 53879
name added to list: 53880
name added to list: 53881
name added to list: 53882
name added to list: 53883
name added to list: 53884
name added to list: 53885
name added to list: 53886
name added to list: 53887
name added to list: 53888
name added to list: 53889
name added to list: 53890
name added to list: 53891
name added to list: 53892
name added to list: 53893
name added to list: 53894
name added to list: 53895
name added to list: 53896
name added to list: 53897
name added to list: 53898
name added to list: 53899
name added to list: 53900
name added to list: 53901
name added to list: 53902
name added to list: 53903
name added to list: 53904
name added to list: 53905
name added to list: 53906
name added to list: 53907
name added to list: 53908
name added to list: 53909
name added to list: 53910
name added to list: 53911
name added to list: 53912
name added to list: 53913
name added to list: 53914
name added to list: 53915
name added to list: 53916
name added to list: 53917
name added to list: 53918
name added to list: 53919
name added to list: 53920
name added to list: 53921
name added to list: 53922
name added to list: 53923
name added to list: 53924
name added to list: 53925
name added to list: 53926
name added to list: 53927
name added to list: 53928
name added to list: 53929
name added to list: 53930
name added to list: 53931
name added to list: 53932
name added to list: 53933
name added to list: 53934
name added to list: 53935
name added to list: 53936
name added to list: 53937
name added to list: 53938
name added to list: 53939
name added to list: 53940
name added to list: 53941
name added to list: 53942
name added to list: 53943
name added to list: 53944
name added to list: 53945
name added to list: 53946
name added to list: 53947
name added to list: 53948
name added to list: 53949
name added to list: 53950
name added to list: 53951
name added to list: 53952
name added to list: 53953
name added to list: 53954
name added to list: 53955
name added to list: 53956
name added to list: 53957
name added to list: 53958
name added to list: 53959
name added to list: 53960
name added to list: 53961
name added to list: 53962
name added to list: 53963
name added to list: 53964
name added to list: 53965
name added to list: 53966
name added to list: 53967
name added to list: 53968
name added to list: 53969
name added to list: 53970
name added to list: 53971
name added to list: 53972
name added to list: 53973
name added to list: 53974
name added to list: 53975
name added to list: 53976
name added to list: 53977
name added to list: 53978
name added to list: 53979
name added to list: 53980
name added to list: 53981
name added to list: 53982
name added to list: 53983
name added to list: 53984
name added to list: 53985
name added to list: 53986
name added to list: 53987
name added to list: 53988
name added to list: 53989
name added to list: 53990
name added to list: 53991
name added to list: 53992
name added to list: 53993
name added to list: 53994
name added to list: 53995
name added to list: 53996
name added to list: 53997
name added to list: 53998
name added to list: 53999
name added to list: 54000
name added to list: 54001
name added to list: 54002
name added to list: 54003
name added to list: 54004
name added to list: 54005
name added to list: 54006
name added to list: 54007
name added to list: 54008
name added to list: 54009
name added to list: 54010
name added to list: 54011
name added to list: 54012
name added to list: 54013
name added to list: 54014
name added to list: 54015
name added to list: 54016
name added to list: 54017
name added to list: 54018
name added to list: 54019
name added to list: 54020
name added to list: 54021
name added to list: 54022
name added to list: 54023
name added to list: 54024
name added to list: 54025
name added to list: 54026
name added to list: 54027
name added to list: 54028
name added to list: 54029
name added to list: 54030
name added to list: 54031
name added to list: 54032
name added to list: 54033
name added to list: 54034
name added to list: 54035
name added to list: 54036
name added to list: 54037
name added to list: 54038
name added to list: 54039
name added to list: 54040
name added to list: 54041
name added to list: 54042
name added to list: 54043
name added to list: 54044
name added to list: 54045
name added to list: 54046
name added to list: 54047
name added to list: 54048
name added to list: 54049
name added to list: 54050
name added to list: 54051
name added to list: 54052
name added to list: 54053
name added to list: 54054
name added to list: 54055
name added to list: 54056
name added to list: 54057
name added to list: 54058
name added to list: 54059
name added to list: 54060
name added to list: 54061
name added to list: 54062
name added to list: 54063
name added to list: 54064
name added to list: 54065
name added to list: 54066
name added to list: 54067
name added to list: 54068
name added to list: 54069
name added to list: 54070
name added to list: 54071
name added to list: 54072
name added to list: 54073
name added to list: 54074
name added to list: 54075
name added to list: 54076
name added to list: 54077
name added to list: 54078
name added to list: 54079
name added to list: 54080
name added to list: 54081
name added to list: 54082
name added to list: 54083
name added to list: 54084
name added to list: 54085
name added to list: 54086
name added to list: 54087
name added to list: 54088
name added to list: 54089
name added to list: 54090
name added to list: 54091
name added to list: 54092
name added to list: 54093
name added to list: 54094
name added to list: 54095
name added to list: 54096
name added to list: 54097
name added to list: 54098
name added to list: 54099
name added to list: 54100
name added to list: 54101
name added to list: 54102
name added to list: 54103
name added to list: 54104
name added to list: 54105
name added to list: 54106
name added to list: 54107
name added to list: 54108
name added to list: 54109
name added to list: 54110
name added to list: 54111
name added to list: 54112
name added to list: 54113
name added to list: 54114
name added to list: 54115
name added to list: 54116
name added to list: 54117
name added to list: 54118
name added to list: 54119
name added to list: 54120
name added to list: 54121
name added to list: 54122
name added to list: 54123
name added to list: 54124
name added to list: 54125
name added to list: 54126
name added to list: 54127
name added to list: 54128
name added to list: 54129
name added to list: 54130
name added to list: 54131
name added to list: 54132
name added to list: 54133
name added to list: 54134
name added to list: 54135
name added to list: 54136
name added to list: 54137
name added to list: 54138
name added to list: 54139
name added to list: 54140
name added to list: 54141
name added to list: 54142
name added to list: 54143
name added to list: 54144
name added to list: 54145
name added to list: 54146
name added to list: 54147
name added to list: 54148
name added to list: 54149
name added to list: 54150
name added to list: 54151
name added to list: 54152
name added to list: 54153
name added to list: 54154
name added to list: 54155
name added to list: 54156
name added to list: 54157
name added to list: 54158
name added to list: 54159
name added to list: 54160
name added to list: 54161
name added to list: 54162
name added to list: 54163
name added to list: 54164
name added to list: 54165
name added to list: 54166
name added to list: 54167
name added to list: 54168
name added to list: 54169
name added to list: 54170
name added to list: 54171
name added to list: 54172
name added to list: 54173
name added to list: 54174
name added to list: 54175
name added to list: 54176
name added to list: 54177
name added to list: 54178
name added to list: 54179
name added to list: 54180
name added to list: 54181
name added to list: 54182
name added to list: 54183
name added to list: 54184
name added to list: 54185
name added to list: 54186
name added to list: 54187
name added to list: 54188
name added to list: 54189
name added to list: 54190
name added to list: 54191
name added to list: 54192
name added to list: 54193
name added to list: 54194
name added to list: 54195
name added to list: 54196
name added to list: 54197
name added to list: 54198
name added to list: 54199
name added to list: 54200
name added to list: 54201
name added to list: 54202
name added to list: 54203
name added to list: 54204
name added to list: 54205
name added to list: 54206
name added to list: 54207
name added to list: 54208
name added to list: 54209
name added to list: 54210
name added to list: 54211
name added to list: 54212
name added to list: 54213
name added to list: 54214
name added to list: 54215
name added to list: 54216
name added to list: 54217
name added to list: 54218
name added to list: 54219
name added to list: 54220
name added to list: 54221
name added to list: 54222
name added to list: 54223
name added to list: 54224
name added to list: 54225
name added to list: 54226
name added to list: 54227
name added to list: 54228
name added to list: 54229
name added to list: 54230
name added to list: 54231
name added to list: 54232
name added to list: 54233
name added to list: 54234
name added to list: 54235
name added to list: 54236
name added to list: 54237
name added to list: 54238
name added to list: 54239
name added to list: 54240
name added to list: 54241
name added to list: 54242
name added to list: 54243
name added to list: 54244
name added to list: 54245
name added to list: 54246
name added to list: 54247
name added to list: 54248
name added to list: 54249
name added to list: 54250
name added to list: 54251
name added to list: 54252
name added to list: 54253
name added to list: 54254
name added to list: 54255
name added to list: 54256
name added to list: 54257
name added to list: 54258
name added to list: 54259
name added to list: 54260
name added to list: 54261
name added to list: 54262
name added to list: 54263
name added to list: 54264
name added to list: 54265
name added to list: 54266
name added to list: 54267
name added to list: 54268
name added to list: 54269
name added to list: 54270
name added to list: 54271
name added to list: 54272
name added to list: 54273
name added to list: 54274
name added to list: 54275
name added to list: 54276
name added to list: 54277
name added to list: 54278
name added to list: 54279
name added to list: 54280
name added to list: 54281
name added to list: 54282
name added to list: 54283
name added to list: 54284
name added to list: 54285
name added to list: 54286
name added to list: 54287
name added to list: 54288
name added to list: 54289
name added to list: 54290
name added to list: 54291
name added to list: 54292
name added to list: 54293
name added to list: 54294
name added to list: 54295
name added to list: 54296
name added to list: 54297
name added to list: 54298
name added to list: 54299
name added to list: 54300
name added to list: 54301
name added to list: 54302
name added to list: 54303
name added to list: 54304
name added to list: 54305
name added to list: 54306
name added to list: 54307
name added to list: 54308
name added to list: 54309
name added to list: 54310
name added to list: 54311
name added to list: 54312
name added to list: 54313
name added to list: 54314
name added to list: 54315
name added to list: 54316
name added to list: 54317
name added to list: 54318
name added to list: 54319
name added to list: 54320
name added to list: 54321
name added to list: 54322
name added to list: 54323
name added to list: 54324
name added to list: 54325
name added to list: 54326
name added to list: 54327
name added to list: 54328
name added to list: 54329
name added to list: 54330
name added to list: 54331
name added to list: 54332
name added to list: 54333
name added to list: 54334
name added to list: 54335
name added to list: 54336
name added to list: 54337
name added to list: 54338
name added to list: 54339
name added to list: 54340
name added to list: 54341
name added to list: 54342
name added to list: 54343
name added to list: 54344
name added to list: 54345
name added to list: 54346
name added to list: 54347
name added to list: 54348
name added to list: 54349
name added to list: 54350
name added to list: 54351
name added to list: 54352
name added to list: 54353
name added to list: 54354
name added to list: 54355
name added to list: 54356
name added to list: 54357
name added to list: 54358
name added to list: 54359
name added to list: 54360
name added to list: 54361
name added to list: 54362
name added to list: 54363
name added to list: 54364
name added to list: 54365
name added to list: 54366
name added to list: 54367
name added to list: 54368
name added to list: 54369
name added to list: 54370
name added to list: 54371
name added to list: 54372
name added to list: 54373
name added to list: 54374
name added to list: 54375
name added to list: 54376
name added to list: 54377
name added to list: 54378
name added to list: 54379
name added to list: 54380
name added to list: 54381
name added to list: 54382
name added to list: 54383
name added to list: 54384
name added to list: 54385
name added to list: 54386
name added to list: 54387
name added to list: 54388
name added to list: 54389
name added to list: 54390
name added to list: 54391
name added to list: 54392
name added to list: 54393
name added to list: 54394
name added to list: 54395
name added to list: 54396
name added to list: 54397
name added to list: 54398
name added to list: 54399
name added to list: 54400
name added to list: 54401
name added to list: 54402
name added to list: 54403
name added to list: 54404
name added to list: 54405
name added to list: 54406
name added to list: 54407
name added to list: 54408
name added to list: 54409
name added to list: 54410
name added to list: 54411
name added to list: 54412
name added to list: 54413
name added to list: 54414
name added to list: 54415
name added to list: 54416
name added to list: 54417
name added to list: 54418
name added to list: 54419
name added to list: 54420
name added to list: 54421
name added to list: 54422
name added to list: 54423
name added to list: 54424
name added to list: 54425
name added to list: 54426
name added to list: 54427
name added to list: 54428
name added to list: 54429
name added to list: 54430
name added to list: 54431
name added to list: 54432
name added to list: 54433
name added to list: 54434
name added to list: 54435
name added to list: 54436
name added to list: 54437
name added to list: 54438
name added to list: 54439
name added to list: 54440
name added to list: 54441
name added to list: 54442
name added to list: 54443
name added to list: 54444
name added to list: 54445
name added to list: 54446
name added to list: 54447
name added to list: 54448
name added to list: 54449
name added to list: 54450
name added to list: 54451
name added to list: 54452
name added to list: 54453
name added to list: 54454
name added to list: 54455
name added to list: 54456
name added to list: 54457
name added to list: 54458
name added to list: 54459
name added to list: 54460
name added to list: 54461
name added to list: 54462
name added to list: 54463
name added to list: 54464
name added to list: 54465
name added to list: 54466
name added to list: 54467
name added to list: 54468
name added to list: 54469
name added to list: 54470
name added to list: 54471
name added to list: 54472
name added to list: 54473
name added to list: 54474
name added to list: 54475
name added to list: 54476
name added to list: 54477
name added to list: 54478
name added to list: 54479
name added to list: 54480
name added to list: 54481
name added to list: 54482
name added to list: 54483
name added to list: 54484
name added to list: 54485
name added to list: 54486
name added to list: 54487
name added to list: 54488
name added to list: 54489
name added to list: 54490
name added to list: 54491
name added to list: 54492
name added to list: 54493
name added to list: 54494
name added to list: 54495
name added to list: 54496
name added to list: 54497
name added to list: 54498
name added to list: 54499
name added to list: 54500
name added to list: 54501
name added to list: 54502
name added to list: 54503
name added to list: 54504
name added to list: 54505
name added to list: 54506
name added to list: 54507
name added to list: 54508
name added to list: 54509
name added to list: 54510
name added to list: 54511
name added to list: 54512
name added to list: 54513
name added to list: 54514
name added to list: 54515
name added to list: 54516
name added to list: 54517
name added to list: 54518
name added to list: 54519
name added to list: 54520
name added to list: 54521
name added to list: 54522
name added to list: 54523
name added to list: 54524
name added to list: 54525
name added to list: 54526
name added to list: 54527
name added to list: 54528
name added to list: 54529
name added to list: 54530
name added to list: 54531
name added to list: 54532
name added to list: 54533
name added to list: 54534
name added to list: 54535
name added to list: 54536
name added to list: 54537
name added to list: 54538
name added to list: 54539
name added to list: 54540
name added to list: 54541
name added to list: 54542
name added to list: 54543
name added to list: 54544
name added to list: 54545
name added to list: 54546
name added to list: 54547
name added to list: 54548
name added to list: 54549
name added to list: 54550
name added to list: 54551
name added to list: 54552
name added to list: 54553
name added to list: 54554
name added to list: 54555
name added to list: 54556
name added to list: 54557
name added to list: 54558
name added to list: 54559
name added to list: 54560
name added to list: 54561
name added to list: 54562
name added to list: 54563
name added to list: 54564
name added to list: 54565
name added to list: 54566
name added to list: 54567
name added to list: 54568
name added to list: 54569
name added to list: 54570
name added to list: 54571
name added to list: 54572
name added to list: 54573
name added to list: 54574
name added to list: 54575
name added to list: 54576
name added to list: 54577
name added to list: 54578
name added to list: 54579
name added to list: 54580
name added to list: 54581
name added to list: 54582
name added to list: 54583
name added to list: 54584
name added to list: 54585
name added to list: 54586
name added to list: 54587
name added to list: 54588
name added to list: 54589
name added to list: 54590
name added to list: 54591
name added to list: 54592
name added to list: 54593
name added to list: 54594
name added to list: 54595
name added to list: 54596
name added to list: 54597
name added to list: 54598
name added to list: 54599
name added to list: 54600
name added to list: 54601
name added to list: 54602
name added to list: 54603
name added to list: 54604
name added to list: 54605
name added to list: 54606
name added to list: 54607
name added to list: 54608
name added to list: 54609
name added to list: 54610
name added to list: 54611
name added to list: 54612
name added to list: 54613
name added to list: 54614
name added to list: 54615
name added to list: 54616
name added to list: 54617
name added to list: 54618
name added to list: 54619
name added to list: 54620
name added to list: 54621
name added to list: 54622
name added to list: 54623
name added to list: 54624
name added to list: 54625
name added to list: 54626
name added to list: 54627
name added to list: 54628
name added to list: 54629
name added to list: 54630
name added to list: 54631
name added to list: 54632
name added to list: 54633
name added to list: 54634
name added to list: 54635
name added to list: 54636
name added to list: 54637
name added to list: 54638
name added to list: 54639
name added to list: 54640
name added to list: 54641
name added to list: 54642
name added to list: 54643
name added to list: 54644
name added to list: 54645
name added to list: 54646
name added to list: 54647
name added to list: 54648
name added to list: 54649
name added to list: 54650
name added to list: 54651
name added to list: 54652
name added to list: 54653
name added to list: 54654
name added to list: 54655
name added to list: 54656
name added to list: 54657
name added to list: 54658
name added to list: 54659
name added to list: 54660
name added to list: 54661
name added to list: 54662
name added to list: 54663
name added to list: 54664
name added to list: 54665
name added to list: 54666
name added to list: 54667
name added to list: 54668
name added to list: 54669
name added to list: 54670
name added to list: 54671
name added to list: 54672
name added to list: 54673
name added to list: 54674
name added to list: 54675
name added to list: 54676
name added to list: 54677
name added to list: 54678
name added to list: 54679
name added to list: 54680
name added to list: 54681
name added to list: 54682
name added to list: 54683
name added to list: 54684
name added to list: 54685
name added to list: 54686
name added to list: 54687
name added to list: 54688
name added to list: 54689
name added to list: 54690
name added to list: 54691
name added to list: 54692
name added to list: 54693
name added to list: 54694
name added to list: 54695
name added to list: 54696
name added to list: 54697
name added to list: 54698
name added to list: 54699
name added to list: 54700
name added to list: 54701
name added to list: 54702
name added to list: 54703
name added to list: 54704
name added to list: 54705
name added to list: 54706
name added to list: 54707
name added to list: 54708
name added to list: 54709
name added to list: 54710
name added to list: 54711
name added to list: 54712
name added to list: 54713
name added to list: 54714
name added to list: 54715
name added to list: 54716
name added to list: 54717
name added to list: 54718
name added to list: 54719
name added to list: 54720
name added to list: 54721
name added to list: 54722
name added to list: 54723
name added to list: 54724
name added to list: 54725
name added to list: 54726
name added to list: 54727
name added to list: 54728
name added to list: 54729
name added to list: 54730
name added to list: 54731
name added to list: 54732
name added to list: 54733
name added to list: 54734
name added to list: 54735
name added to list: 54736
name added to list: 54737
name added to list: 54738
name added to list: 54739
name added to list: 54740
name added to list: 54741
name added to list: 54742
name added to list: 54743
name added to list: 54744
name added to list: 54745
name added to list: 54746
name added to list: 54747
name added to list: 54748
name added to list: 54749
name added to list: 54750
name added to list: 54751
name added to list: 54752
name added to list: 54753
name added to list: 54754
name added to list: 54755
name added to list: 54756
name added to list: 54757
name added to list: 54758
name added to list: 54759
name added to list: 54760
name added to list: 54761
name added to list: 54762
name added to list: 54763
name added to list: 54764
name added to list: 54765
name added to list: 54766
name added to list: 54767
name added to list: 54768
name added to list: 54769
name added to list: 54770
name added to list: 54771
name added to list: 54772
name added to list: 54773
name added to list: 54774
name added to list: 54775
name added to list: 54776
name added to list: 54777
name added to list: 54778
name added to list: 54779
name added to list: 54780
name added to list: 54781
name added to list: 54782
name added to list: 54783
name added to list: 54784
name added to list: 54785
name added to list: 54786
name added to list: 54787
name added to list: 54788
name added to list: 54789
name added to list: 54790
name added to list: 54791
name added to list: 54792
name added to list: 54793
name added to list: 54794
name added to list: 54795
name added to list: 54796
name added to list: 54797
name added to list: 54798
name added to list: 54799
name added to list: 54800
name added to list: 54801
name added to list: 54802
name added to list: 54803
name added to list: 54804
name added to list: 54805
name added to list: 54806
name added to list: 54807
name added to list: 54808
name added to list: 54809
name added to list: 54810
name added to list: 54811
name added to list: 54812
name added to list: 54813
name added to list: 54814
name added to list: 54815
name added to list: 54816
name added to list: 54817
name added to list: 54818
name added to list: 54819
name added to list: 54820
name added to list: 54821
name added to list: 54822
name added to list: 54823
name added to list: 54824
name added to list: 54825
name added to list: 54826
name added to list: 54827
name added to list: 54828
name added to list: 54829
name added to list: 54830
name added to list: 54831
name added to list: 54832
name added to list: 54833
name added to list: 54834
name added to list: 54835
name added to list: 54836
name added to list: 54837
name added to list: 54838
name added to list: 54839
name added to list: 54840
name added to list: 54841
name added to list: 54842
name added to list: 54843
name added to list: 54844
name added to list: 54845
name added to list: 54846
name added to list: 54847
name added to list: 54848
name added to list: 54849
name added to list: 54850
name added to list: 54851
name added to list: 54852
name added to list: 54853
name added to list: 54854
name added to list: 54855
name added to list: 54856
name added to list: 54857
name added to list: 54858
name added to list: 54859
name added to list: 54860
name added to list: 54861
name added to list: 54862
name added to list: 54863
name added to list: 54864
name added to list: 54865
name added to list: 54866
name added to list: 54867
name added to list: 54868
name added to list: 54869
name added to list: 54870
name added to list: 54871
name added to list: 54872
name added to list: 54873
name added to list: 54874
name added to list: 54875
name added to list: 54876
name added to list: 54877
name added to list: 54878
name added to list: 54879
name added to list: 54880
name added to list: 54881
name added to list: 54882
name added to list: 54883
name added to list: 54884
name added to list: 54885
name added to list: 54886
name added to list: 54887
name added to list: 54888
name added to list: 54889
name added to list: 54890
name added to list: 54891
name added to list: 54892
name added to list: 54893
name added to list: 54894
name added to list: 54895
name added to list: 54896
name added to list: 54897
name added to list: 54898
name added to list: 54899
name added to list: 54900
name added to list: 54901
name added to list: 54902
name added to list: 54903
name added to list: 54904
name added to list: 54905
name added to list: 54906
name added to list: 54907
name added to list: 54908
name added to list: 54909
name added to list: 54910
name added to list: 54911
name added to list: 54912
name added to list: 54913
name added to list: 54914
name added to list: 54915
name added to list: 54916
name added to list: 54917
name added to list: 54918
name added to list: 54919
name added to list: 54920
name added to list: 54921
name added to list: 54922
name added to list: 54923
name added to list: 54924
name added to list: 54925
name added to list: 54926
name added to list: 54927
name added to list: 54928
name added to list: 54929
name added to list: 54930
name added to list: 54931
name added to list: 54932
name added to list: 54933
name added to list: 54934
name added to list: 54935
name added to list: 54936
name added to list: 54937
name added to list: 54938
name added to list: 54939
name added to list: 54940
name added to list: 54941
name added to list: 54942
name added to list: 54943
name added to list: 54944
name added to list: 54945
name added to list: 54946
name added to list: 54947
name added to list: 54948
name added to list: 54949
name added to list: 54950
name added to list: 54951
name added to list: 54952
name added to list: 54953
name added to list: 54954
name added to list: 54955
name added to list: 54956
name added to list: 54957
name added to list: 54958
name added to list: 54959
name added to list: 54960
name added to list: 54961
name added to list: 54962
name added to list: 54963
name added to list: 54964
name added to list: 54965
name added to list: 54966
name added to list: 54967
name added to list: 54968
name added to list: 54969
name added to list: 54970
name added to list: 54971
name added to list: 54972
name added to list: 54973
name added to list: 54974
name added to list: 54975
name added to list: 54976
name added to list: 54977
name added to list: 54978
name added to list: 54979
name added to list: 54980
name added to list: 54981
name added to list: 54982
name added to list: 54983
name added to list: 54984
name added to list: 54985
name added to list: 54986
name added to list: 54987
name added to list: 54988
name added to list: 54989
name added to list: 54990
name added to list: 54991
name added to list: 54992
name added to list: 54993
name added to list: 54994
name added to list: 54995
name added to list: 54996
name added to list: 54997
name added to list: 54998
name added to list: 54999
name added to list: 55000
name added to list: 55001
name added to list: 55002
name added to list: 55003
name added to list: 55004
name added to list: 55005
name added to list: 55006
name added to list: 55007
name added to list: 55008
name added to list: 55009
name added to list: 55010
name added to list: 55011
name added to list: 55012
name added to list: 55013
name added to list: 55014
name added to list: 55015
name added to list: 55016
name added to list: 55017
name added to list: 55018
name added to list: 55019
name added to list: 55020
name added to list: 55021
name added to list: 55022
name added to list: 55023
name added to list: 55024
name added to list: 55025
name added to list: 55026
name added to list: 55027
name added to list: 55028
name added to list: 55029
name added to list: 55030
name added to list: 55031
name added to list: 55032
name added to list: 55033
name added to list: 55034
name added to list: 55035
name added to list: 55036
name added to list: 55037
name added to list: 55038
name added to list: 55039
name added to list: 55040
name added to list: 55041
name added to list: 55042
name added to list: 55043
name added to list: 55044
name added to list: 55045
name added to list: 55046
name added to list: 55047
name added to list: 55048
name added to list: 55049
name added to list: 55050
name added to list: 55051
name added to list: 55052
name added to list: 55053
name added to list: 55054
name added to list: 55055
name added to list: 55056
name added to list: 55057
name added to list: 55058
name added to list: 55059
name added to list: 55060
name added to list: 55061
name added to list: 55062
name added to list: 55063
name added to list: 55064
name added to list: 55065
name added to list: 55066
name added to list: 55067
name added to list: 55068
name added to list: 55069
name added to list: 55070
name added to list: 55071
name added to list: 55072
name added to list: 55073
name added to list: 55074
name added to list: 55075
name added to list: 55076
name added to list: 55077
name added to list: 55078
name added to list: 55079
name added to list: 55080
name added to list: 55081
name added to list: 55082
name added to list: 55083
name added to list: 55084
name added to list: 55085
name added to list: 55086
name added to list: 55087
name added to list: 55088
name added to list: 55089
name added to list: 55090
name added to list: 55091
name added to list: 55092
name added to list: 55093
name added to list: 55094
name added to list: 55095
name added to list: 55096
name added to list: 55097
name added to list: 55098
name added to list: 55099
name added to list: 55100
name added to list: 55101
name added to list: 55102
name added to list: 55103
name added to list: 55104
name added to list: 55105
name added to list: 55106
name added to list: 55107
name added to list: 55108
name added to list: 55109
name added to list: 55110
name added to list: 55111
name added to list: 55112
name added to list: 55113
name added to list: 55114
name added to list: 55115
name added to list: 55116
name added to list: 55117
name added to list: 55118
name added to list: 55119
name added to list: 55120
name added to list: 55121
name added to list: 55122
name added to list: 55123
name added to list: 55124
name added to list: 55125
name added to list: 55126
name added to list: 55127
name added to list: 55128
name added to list: 55129
name added to list: 55130
name added to list: 55131
name added to list: 55132
name added to list: 55133
name added to list: 55134
name added to list: 55135
name added to list: 55136
name added to list: 55137
name added to list: 55138
name added to list: 55139
name added to list: 55140
name added to list: 55141
name added to list: 55142
name added to list: 55143
name added to list: 55144
name added to list: 55145
name added to list: 55146
name added to list: 55147
name added to list: 55148
name added to list: 55149
name added to list: 55150
name added to list: 55151
name added to list: 55152
name added to list: 55153
name added to list: 55154
name added to list: 55155
name added to list: 55156
name added to list: 55157
name added to list: 55158
name added to list: 55159
name added to list: 55160
name added to list: 55161
name added to list: 55162
name added to list: 55163
name added to list: 55164
name added to list: 55165
name added to list: 55166
name added to list: 55167
name added to list: 55168
name added to list: 55169
name added to list: 55170
name added to list: 55171
name added to list: 55172
name added to list: 55173
name added to list: 55174
name added to list: 55175
name added to list: 55176
name added to list: 55177
name added to list: 55178
name added to list: 55179
name added to list: 55180
name added to list: 55181
name added to list: 55182
name added to list: 55183
name added to list: 55184
name added to list: 55185
name added to list: 55186
name added to list: 55187
name added to list: 55188
name added to list: 55189
name added to list: 55190
name added to list: 55191
name added to list: 55192
name added to list: 55193
name added to list: 55194
name added to list: 55195
name added to list: 55196
name added to list: 55197
name added to list: 55198
name added to list: 55199
name added to list: 55200
name added to list: 55201
name added to list: 55202
name added to list: 55203
name added to list: 55204
name added to list: 55205
name added to list: 55206
name added to list: 55207
name added to list: 55208
name added to list: 55209
name added to list: 55210
name added to list: 55211
name added to list: 55212
name added to list: 55213
name added to list: 55214
name added to list: 55215
name added to list: 55216
name added to list: 55217
name added to list: 55218
name added to list: 55219
name added to list: 55220
name added to list: 55221
name added to list: 55222
name added to list: 55223
name added to list: 55224
name added to list: 55225
name added to list: 55226
name added to list: 55227
name added to list: 55228
name added to list: 55229
name added to list: 55230
name added to list: 55231
name added to list: 55232
name added to list: 55233
name added to list: 55234
name added to list: 55235
name added to list: 55236
name added to list: 55237
name added to list: 55238
name added to list: 55239
name added to list: 55240
name added to list: 55241
name added to list: 55242
name added to list: 55243
name added to list: 55244
name added to list: 55245
name added to list: 55246
name added to list: 55247
name added to list: 55248
name added to list: 55249
name added to list: 55250
name added to list: 55251
name added to list: 55252
name added to list: 55253
name added to list: 55254
name added to list: 55255
name added to list: 55256
name added to list: 55257
name added to list: 55258
name added to list: 55259
name added to list: 55260
name added to list: 55261
name added to list: 55262
name added to list: 55263
name added to list: 55264
name added to list: 55265
name added to list: 55266
name added to list: 55267
name added to list: 55268
name added to list: 55269
name added to list: 55270
name added to list: 55271
name added to list: 55272
name added to list: 55273
name added to list: 55274
name added to list: 55275
name added to list: 55276
name added to list: 55277
name added to list: 55278
name added to list: 55279
name added to list: 55280
name added to list: 55281
name added to list: 55282
name added to list: 55283
name added to list: 55284
name added to list: 55285
name added to list: 55286
name added to list: 55287
name added to list: 55288
name added to list: 55289
name added to list: 55290
name added to list: 55291
name added to list: 55292
name added to list: 55293
name added to list: 55294
name added to list: 55295
name added to list: 55296
name added to list: 55297
name added to list: 55298
name added to list: 55299
name added to list: 55300
name added to list: 55301
name added to list: 55302
name added to list: 55303
name added to list: 55304
name added to list: 55305
name added to list: 55306
name added to list: 55307
name added to list: 55308
name added to list: 55309
name added to list: 55310
name added to list: 55311
name added to list: 55312
name added to list: 55313
name added to list: 55314
name added to list: 55315
name added to list: 55316
name added to list: 55317
name added to list: 55318
name added to list: 55319
name added to list: 55320
name added to list: 55321
name added to list: 55322
name added to list: 55323
name added to list: 55324
name added to list: 55325
name added to list: 55326
name added to list: 55327
name added to list: 55328
name added to list: 55329
name added to list: 55330
name added to list: 55331
name added to list: 55332
name added to list: 55333
name added to list: 55334
name added to list: 55335
name added to list: 55336
name added to list: 55337
name added to list: 55338
name added to list: 55339
name added to list: 55340
name added to list: 55341
name added to list: 55342
name added to list: 55343
name added to list: 55344
name added to list: 55345
name added to list: 55346
name added to list: 55347
name added to list: 55348
name added to list: 55349
name added to list: 55350
name added to list: 55351
name added to list: 55352
name added to list: 55353
name added to list: 55354
name added to list: 55355
name added to list: 55356
name added to list: 55357
name added to list: 55358
name added to list: 55359
name added to list: 55360
name added to list: 55361
name added to list: 55362
name added to list: 55363
name added to list: 55364
name added to list: 55365
name added to list: 55366
name added to list: 55367
name added to list: 55368
name added to list: 55369
name added to list: 55370
name added to list: 55371
name added to list: 55372
name added to list: 55373
name added to list: 55374
name added to list: 55375
name added to list: 55376
name added to list: 55377
name added to list: 55378
name added to list: 55379
name added to list: 55380
name added to list: 55381
name added to list: 55382
name added to list: 55383
name added to list: 55384
name added to list: 55385
name added to list: 55386
name added to list: 55387
name added to list: 55388
name added to list: 55389
name added to list: 55390
name added to list: 55391
name added to list: 55392
name added to list: 55393
name added to list: 55394
name added to list: 55395
name added to list: 55396
name added to list: 55397
name added to list: 55398
name added to list: 55399
name added to list: 55400
name added to list: 55401
name added to list: 55402
name added to list: 55403
name added to list: 55404
name added to list: 55405
name added to list: 55406
name added to list: 55407
name added to list: 55408
name added to list: 55409
name added to list: 55410
name added to list: 55411
name added to list: 55412
name added to list: 55413
name added to list: 55414
name added to list: 55415
name added to list: 55416
name added to list: 55417
name added to list: 55418
name added to list: 55419
name added to list: 55420
name added to list: 55421
name added to list: 55422
name added to list: 55423
name added to list: 55424
name added to list: 55425
name added to list: 55426
name added to list: 55427
name added to list: 55428
name added to list: 55429
name added to list: 55430
name added to list: 55431
name added to list: 55432
name added to list: 55433
name added to list: 55434
name added to list: 55435
name added to list: 55436
name added to list: 55437
name added to list: 55438
name added to list: 55439
name added to list: 55440
name added to list: 55441
name added to list: 55442
name added to list: 55443
name added to list: 55444
name added to list: 55445
name added to list: 55446
name added to list: 55447
name added to list: 55448
name added to list: 55449
name added to list: 55450
name added to list: 55451
name added to list: 55452
name added to list: 55453
name added to list: 55454
name added to list: 55455
name added to list: 55456
name added to list: 55457
name added to list: 55458
name added to list: 55459
name added to list: 55460
name added to list: 55461
name added to list: 55462
name added to list: 55463
name added to list: 55464
name added to list: 55465
name added to list: 55466
name added to list: 55467
name added to list: 55468
name added to list: 55469
name added to list: 55470
name added to list: 55471
name added to list: 55472
name added to list: 55473
name added to list: 55474
name added to list: 55475
name added to list: 55476
name added to list: 55477
name added to list: 55478
name added to list: 55479
name added to list: 55480
name added to list: 55481
name added to list: 55482
name added to list: 55483
name added to list: 55484
name added to list: 55485
name added to list: 55486
name added to list: 55487
name added to list: 55488
name added to list: 55489
name added to list: 55490
name added to list: 55491
name added to list: 55492
name added to list: 55493
name added to list: 55494
name added to list: 55495
name added to list: 55496
name added to list: 55497
name added to list: 55498
name added to list: 55499
name added to list: 55500
name added to list: 55501
name added to list: 55502
name added to list: 55503
name added to list: 55504
name added to list: 55505
name added to list: 55506
name added to list: 55507
name added to list: 55508
name added to list: 55509
name added to list: 55510
name added to list: 55511
name added to list: 55512
name added to list: 55513
name added to list: 55514
name added to list: 55515
name added to list: 55516
name added to list: 55517
name added to list: 55518
name added to list: 55519
name added to list: 55520
name added to list: 55521
name added to list: 55522
name added to list: 55523
name added to list: 55524
name added to list: 55525
name added to list: 55526
name added to list: 55527
name added to list: 55528
name added to list: 55529
name added to list: 55530
name added to list: 55531
name added to list: 55532
name added to list: 55533
name added to list: 55534
name added to list: 55535
name added to list: 55536
name added to list: 55537
name added to list: 55538
name added to list: 55539
name added to list: 55540
name added to list: 55541
name added to list: 55542
name added to list: 55543
name added to list: 55544
name added to list: 55545
name added to list: 55546
name added to list: 55547
name added to list: 55548
name added to list: 55549
name added to list: 55550
name added to list: 55551
name added to list: 55552
name added to list: 55553
name added to list: 55554
name added to list: 55555
name added to list: 55556
name added to list: 55557
name added to list: 55558
name added to list: 55559
name added to list: 55560
name added to list: 55561
name added to list: 55562
name added to list: 55563
name added to list: 55564
name added to list: 55565
name added to list: 55566
name added to list: 55567
name added to list: 55568
name added to list: 55569
name added to list: 55570
name added to list: 55571
name added to list: 55572
name added to list: 55573
name added to list: 55574
name added to list: 55575
name added to list: 55576
name added to list: 55577
name added to list: 55578
name added to list: 55579
name added to list: 55580
name added to list: 55581
name added to list: 55582
name added to list: 55583
name added to list: 55584
name added to list: 55585
name added to list: 55586
name added to list: 55587
name added to list: 55588
name added to list: 55589
name added to list: 55590
name added to list: 55591
name added to list: 55592
name added to list: 55593
name added to list: 55594
name added to list: 55595
name added to list: 55596
name added to list: 55597
name added to list: 55598
name added to list: 55599
name added to list: 55600
name added to list: 55601
name added to list: 55602
name added to list: 55603
name added to list: 55604
name added to list: 55605
name added to list: 55606
name added to list: 55607
name added to list: 55608
name added to list: 55609
name added to list: 55610
name added to list: 55611
name added to list: 55612
name added to list: 55613
name added to list: 55614
name added to list: 55615
name added to list: 55616
name added to list: 55617
name added to list: 55618
name added to list: 55619
name added to list: 55620
name added to list: 55621
name added to list: 55622
name added to list: 55623
name added to list: 55624
name added to list: 55625
name added to list: 55626
name added to list: 55627
name added to list: 55628
name added to list: 55629
name added to list: 55630
name added to list: 55631
name added to list: 55632
name added to list: 55633
name added to list: 55634
name added to list: 55635
name added to list: 55636
name added to list: 55637
name added to list: 55638
name added to list: 55639
name added to list: 55640
name added to list: 55641
name added to list: 55642
name added to list: 55643
name added to list: 55644
name added to list: 55645
name added to list: 55646
name added to list: 55647
name added to list: 55648
name added to list: 55649
name added to list: 55650
name added to list: 55651
name added to list: 55652
name added to list: 55653
name added to list: 55654
name added to list: 55655
name added to list: 55656
name added to list: 55657
name added to list: 55658
name added to list: 55659
name added to list: 55660
name added to list: 55661
name added to list: 55662
name added to list: 55663
name added to list: 55664
name added to list: 55665
name added to list: 55666
name added to list: 55667
name added to list: 55668
name added to list: 55669
name added to list: 55670
name added to list: 55671
name added to list: 55672
name added to list: 55673
name added to list: 55674
name added to list: 55675
name added to list: 55676
name added to list: 55677
name added to list: 55678
name added to list: 55679
name added to list: 55680
name added to list: 55681
name added to list: 55682
name added to list: 55683
name added to list: 55684
name added to list: 55685
name added to list: 55686
name added to list: 55687
name added to list: 55688
name added to list: 55689
name added to list: 55690
name added to list: 55691
name added to list: 55692
name added to list: 55693
name added to list: 55694
name added to list: 55695
name added to list: 55696
name added to list: 55697
name added to list: 55698
name added to list: 55699
name added to list: 55700
name added to list: 55701
name added to list: 55702
name added to list: 55703
name added to list: 55704
name added to list: 55705
name added to list: 55706
name added to list: 55707
name added to list: 55708
name added to list: 55709
name added to list: 55710
name added to list: 55711
name added to list: 55712
name added to list: 55713
name added to list: 55714
name added to list: 55715
name added to list: 55716
name added to list: 55717
name added to list: 55718
name added to list: 55719
name added to list: 55720
name added to list: 55721
name added to list: 55722
name added to list: 55723
name added to list: 55724
name added to list: 55725
name added to list: 55726
name added to list: 55727
name added to list: 55728
name added to list: 55729
name added to list: 55730
name added to list: 55731
name added to list: 55732
name added to list: 55733
name added to list: 55734
name added to list: 55735
name added to list: 55736
name added to list: 55737
name added to list: 55738
name added to list: 55739
name added to list: 55740
name added to list: 55741
name added to list: 55742
name added to list: 55743
name added to list: 55744
name added to list: 55745
name added to list: 55746
name added to list: 55747
name added to list: 55748
name added to list: 55749
name added to list: 55750
name added to list: 55751
name added to list: 55752
name added to list: 55753
name added to list: 55754
name added to list: 55755
name added to list: 55756
name added to list: 55757
name added to list: 55758
name added to list: 55759
name added to list: 55760
name added to list: 55761
name added to list: 55762
name added to list: 55763
name added to list: 55764
name added to list: 55765
name added to list: 55766
name added to list: 55767
name added to list: 55768
name added to list: 55769
name added to list: 55770
name added to list: 55771
name added to list: 55772
name added to list: 55773
name added to list: 55774
name added to list: 55775
name added to list: 55776
name added to list: 55777
name added to list: 55778
name added to list: 55779
name added to list: 55780
name added to list: 55781
name added to list: 55782
name added to list: 55783
name added to list: 55784
name added to list: 55785
name added to list: 55786
name added to list: 55787
name added to list: 55788
name added to list: 55789
name added to list: 55790
name added to list: 55791
name added to list: 55792
name added to list: 55793
name added to list: 55794
name added to list: 55795
name added to list: 55796
name added to list: 55797
name added to list: 55798
name added to list: 55799
name added to list: 55800
name added to list: 55801
name added to list: 55802
name added to list: 55803
name added to list: 55804
name added to list: 55805
name added to list: 55806
name added to list: 55807
name added to list: 55808
name added to list: 55809
name added to list: 55810
name added to list: 55811
name added to list: 55812
name added to list: 55813
name added to list: 55814
name added to list: 55815
name added to list: 55816
name added to list: 55817
name added to list: 55818
name added to list: 55819
name added to list: 55820
name added to list: 55821
name added to list: 55822
name added to list: 55823
name added to list: 55824
name added to list: 55825
name added to list: 55826
name added to list: 55827
name added to list: 55828
name added to list: 55829
name added to list: 55830
name added to list: 55831
name added to list: 55832
name added to list: 55833
name added to list: 55834
name added to list: 55835
name added to list: 55836
name added to list: 55837
name added to list: 55838
name added to list: 55839
name added to list: 55840
name added to list: 55841
name added to list: 55842
name added to list: 55843
name added to list: 55844
name added to list: 55845
name added to list: 55846
name added to list: 55847
name added to list: 55848
name added to list: 55849
name added to list: 55850
name added to list: 55851
name added to list: 55852
name added to list: 55853
name added to list: 55854
name added to list: 55855
name added to list: 55856
name added to list: 55857
name added to list: 55858
name added to list: 55859
name added to list: 55860
name added to list: 55861
name added to list: 55862
name added to list: 55863
name added to list: 55864
name added to list: 55865
name added to list: 55866
name added to list: 55867
name added to list: 55868
name added to list: 55869
name added to list: 55870
name added to list: 55871
name added to list: 55872
name added to list: 55873
name added to list: 55874
name added to list: 55875
name added to list: 55876
name added to list: 55877
name added to list: 55878
name added to list: 55879
name added to list: 55880
name added to list: 55881
name added to list: 55882
name added to list: 55883
name added to list: 55884
name added to list: 55885
name added to list: 55886
name added to list: 55887
name added to list: 55888
name added to list: 55889
name added to list: 55890
name added to list: 55891
name added to list: 55892
name added to list: 55893
name added to list: 55894
name added to list: 55895
name added to list: 55896
name added to list: 55897
name added to list: 55898
name added to list: 55899
name added to list: 55900
name added to list: 55901
name added to list: 55902
name added to list: 55903
name added to list: 55904
name added to list: 55905
name added to list: 55906
name added to list: 55907
name added to list: 55908
name added to list: 55909
name added to list: 55910
name added to list: 55911
name added to list: 55912
name added to list: 55913
name added to list: 55914
name added to list: 55915
name added to list: 55916
name added to list: 55917
name added to list: 55918
name added to list: 55919
name added to list: 55920
name added to list: 55921
name added to list: 55922
name added to list: 55923
name added to list: 55924
name added to list: 55925
name added to list: 55926
name added to list: 55927
name added to list: 55928
name added to list: 55929
name added to list: 55930
name added to list: 55931
name added to list: 55932
name added to list: 55933
name added to list: 55934
name added to list: 55935
name added to list: 55936
name added to list: 55937
name added to list: 55938
name added to list: 55939
name added to list: 55940
name added to list: 55941
name added to list: 55942
name added to list: 55943
name added to list: 55944
name added to list: 55945
name added to list: 55946
name added to list: 55947
name added to list: 55948
name added to list: 55949
name added to list: 55950
name added to list: 55951
name added to list: 55952
name added to list: 55953
name added to list: 55954
name added to list: 55955
name added to list: 55956
name added to list: 55957
name added to list: 55958
name added to list: 55959
name added to list: 55960
name added to list: 55961
name added to list: 55962
name added to list: 55963
name added to list: 55964
name added to list: 55965
name added to list: 55966
name added to list: 55967
name added to list: 55968
name added to list: 55969
name added to list: 55970
name added to list: 55971
name added to list: 55972
name added to list: 55973
name added to list: 55974
name added to list: 55975
name added to list: 55976
name added to list: 55977
name added to list: 55978
name added to list: 55979
name added to list: 55980
name added to list: 55981
name added to list: 55982
name added to list: 55983
name added to list: 55984
name added to list: 55985
name added to list: 55986
name added to list: 55987
name added to list: 55988
name added to list: 55989
name added to list: 55990
name added to list: 55991
name added to list: 55992
name added to list: 55993
name added to list: 55994
name added to list: 55995
name added to list: 55996
name added to list: 55997
name added to list: 55998
name added to list: 55999
name added to list: 56000
name added to list: 56001
name added to list: 56002
name added to list: 56003
name added to list: 56004
name added to list: 56005
name added to list: 56006
name added to list: 56007
name added to list: 56008
name added to list: 56009
name added to list: 56010
name added to list: 56011
name added to list: 56012
name added to list: 56013
name added to list: 56014
name added to list: 56015
name added to list: 56016
name added to list: 56017
name added to list: 56018
name added to list: 56019
name added to list: 56020
name added to list: 56021
name added to list: 56022
name added to list: 56023
name added to list: 56024
name added to list: 56025
name added to list: 56026
name added to list: 56027
name added to list: 56028
name added to list: 56029
name added to list: 56030
name added to list: 56031
name added to list: 56032
name added to list: 56033
name added to list: 56034
name added to list: 56035
name added to list: 56036
name added to list: 56037
name added to list: 56038
name added to list: 56039
name added to list: 56040
name added to list: 56041
name added to list: 56042
name added to list: 56043
name added to list: 56044
name added to list: 56045
name added to list: 56046
name added to list: 56047
name added to list: 56048
name added to list: 56049
name added to list: 56050
name added to list: 56051
name added to list: 56052
name added to list: 56053
name added to list: 56054
name added to list: 56055
name added to list: 56056
name added to list: 56057
name added to list: 56058
name added to list: 56059
name added to list: 56060
name added to list: 56061
name added to list: 56062
name added to list: 56063
name added to list: 56064
name added to list: 56065
name added to list: 56066
name added to list: 56067
name added to list: 56068
name added to list: 56069
name added to list: 56070
name added to list: 56071
name added to list: 56072
name added to list: 56073
name added to list: 56074
name added to list: 56075
name added to list: 56076
name added to list: 56077
name added to list: 56078
name added to list: 56079
name added to list: 56080
name added to list: 56081
name added to list: 56082
name added to list: 56083
name added to list: 56084
name added to list: 56085
name added to list: 56086
name added to list: 56087
name added to list: 56088
name added to list: 56089
name added to list: 56090
name added to list: 56091
name added to list: 56092
name added to list: 56093
name added to list: 56094
name added to list: 56095
name added to list: 56096
name added to list: 56097
name added to list: 56098
name added to list: 56099
name added to list: 56100
name added to list: 56101
name added to list: 56102
name added to list: 56103
name added to list: 56104
name added to list: 56105
name added to list: 56106
name added to list: 56107
name added to list: 56108
name added to list: 56109
name added to list: 56110
name added to list: 56111
name added to list: 56112
name added to list: 56113
name added to list: 56114
name added to list: 56115
name added to list: 56116
name added to list: 56117
name added to list: 56118
name added to list: 56119
name added to list: 56120
name added to list: 56121
name added to list: 56122
name added to list: 56123
name added to list: 56124
name added to list: 56125
name added to list: 56126
name added to list: 56127
name added to list: 56128
name added to list: 56129
name added to list: 56130
name added to list: 56131
name added to list: 56132
name added to list: 56133
name added to list: 56134
name added to list: 56135
name added to list: 56136
name added to list: 56137
name added to list: 56138
name added to list: 56139
name added to list: 56140
name added to list: 56141
name added to list: 56142
name added to list: 56143
name added to list: 56144
name added to list: 56145
name added to list: 56146
name added to list: 56147
name added to list: 56148
name added to list: 56149
name added to list: 56150
name added to list: 56151
name added to list: 56152
name added to list: 56153
name added to list: 56154
name added to list: 56155
name added to list: 56156
name added to list: 56157
name added to list: 56158
name added to list: 56159
name added to list: 56160
name added to list: 56161
name added to list: 56162
name added to list: 56163
name added to list: 56164
name added to list: 56165
name added to list: 56166
name added to list: 56167
name added to list: 56168
name added to list: 56169
name added to list: 56170
name added to list: 56171
name added to list: 56172
name added to list: 56173
name added to list: 56174
name added to list: 56175
name added to list: 56176
name added to list: 56177
name added to list: 56178
name added to list: 56179
name added to list: 56180
name added to list: 56181
name added to list: 56182
name added to list: 56183
name added to list: 56184
name added to list: 56185
name added to list: 56186
name added to list: 56187
name added to list: 56188
name added to list: 56189
name added to list: 56190
name added to list: 56191
name added to list: 56192
name added to list: 56193
name added to list: 56194
name added to list: 56195
name added to list: 56196
name added to list: 56197
name added to list: 56198
name added to list: 56199
name added to list: 56200
name added to list: 56201
name added to list: 56202
name added to list: 56203
name added to list: 56204
name added to list: 56205
name added to list: 56206
name added to list: 56207
name added to list: 56208
name added to list: 56209
name added to list: 56210
name added to list: 56211
name added to list: 56212
name added to list: 56213
name added to list: 56214
name added to list: 56215
name added to list: 56216
name added to list: 56217
name added to list: 56218
name added to list: 56219
name added to list: 56220
name added to list: 56221
name added to list: 56222
name added to list: 56223
name added to list: 56224
name added to list: 56225
name added to list: 56226
name added to list: 56227
name added to list: 56228
name added to list: 56229
name added to list: 56230
name added to list: 56231
name added to list: 56232
name added to list: 56233
name added to list: 56234
name added to list: 56235
name added to list: 56236
name added to list: 56237
name added to list: 56238
name added to list: 56239
name added to list: 56240
name added to list: 56241
name added to list: 56242
name added to list: 56243
name added to list: 56244
name added to list: 56245
name added to list: 56246
name added to list: 56247
name added to list: 56248
name added to list: 56249
name added to list: 56250
name added to list: 56251
name added to list: 56252
name added to list: 56253
name added to list: 56254
name added to list: 56255
name added to list: 56256
name added to list: 56257
name added to list: 56258
name added to list: 56259
name added to list: 56260
name added to list: 56261
name added to list: 56262
name added to list: 56263
name added to list: 56264
name added to list: 56265
name added to list: 56266
name added to list: 56267
name added to list: 56268
name added to list: 56269
name added to list: 56270
name added to list: 56271
name added to list: 56272
name added to list: 56273
name added to list: 56274
name added to list: 56275
name added to list: 56276
name added to list: 56277
name added to list: 56278
name added to list: 56279
name added to list: 56280
name added to list: 56281
name added to list: 56282
name added to list: 56283
name added to list: 56284
name added to list: 56285
name added to list: 56286
name added to list: 56287
name added to list: 56288
name added to list: 56289
name added to list: 56290
name added to list: 56291
name added to list: 56292
name added to list: 56293
name added to list: 56294
name added to list: 56295
name added to list: 56296
name added to list: 56297
name added to list: 56298
name added to list: 56299
name added to list: 56300
name added to list: 56301
name added to list: 56302
name added to list: 56303
name added to list: 56304
name added to list: 56305
name added to list: 56306
name added to list: 56307
name added to list: 56308
name added to list: 56309
name added to list: 56310
name added to list: 56311
name added to list: 56312
name added to list: 56313
name added to list: 56314
name added to list: 56315
name added to list: 56316
name added to list: 56317
name added to list: 56318
name added to list: 56319
name added to list: 56320
name added to list: 56321
name added to list: 56322
name added to list: 56323
name added to list: 56324
name added to list: 56325
name added to list: 56326
name added to list: 56327
name added to list: 56328
name added to list: 56329
name added to list: 56330
name added to list: 56331
name added to list: 56332
name added to list: 56333
name added to list: 56334
name added to list: 56335
name added to list: 56336
name added to list: 56337
name added to list: 56338
name added to list: 56339
name added to list: 56340
name added to list: 56341
name added to list: 56342
name added to list: 56343
name added to list: 56344
name added to list: 56345
name added to list: 56346
name added to list: 56347
name added to list: 56348
name added to list: 56349
name added to list: 56350
name added to list: 56351
name added to list: 56352
name added to list: 56353
name added to list: 56354
name added to list: 56355
name added to list: 56356
name added to list: 56357
name added to list: 56358
name added to list: 56359
name added to list: 56360
name added to list: 56361
name added to list: 56362
name added to list: 56363
name added to list: 56364
name added to list: 56365
name added to list: 56366
name added to list: 56367
name added to list: 56368
name added to list: 56369
name added to list: 56370
name added to list: 56371
name added to list: 56372
name added to list: 56373
name added to list: 56374
name added to list: 56375
name added to list: 56376
name added to list: 56377
name added to list: 56378
name added to list: 56379
name added to list: 56380
name added to list: 56381
name added to list: 56382
name added to list: 56383
name added to list: 56384
name added to list: 56385
name added to list: 56386
name added to list: 56387
name added to list: 56388
name added to list: 56389
name added to list: 56390
name added to list: 56391
name added to list: 56392
name added to list: 56393
name added to list: 56394
name added to list: 56395
name added to list: 56396
name added to list: 56397
name added to list: 56398
name added to list: 56399
name added to list: 56400
name added to list: 56401
name added to list: 56402
name added to list: 56403
name added to list: 56404
name added to list: 56405
name added to list: 56406
name added to list: 56407
name added to list: 56408
name added to list: 56409
name added to list: 56410
name added to list: 56411
name added to list: 56412
name added to list: 56413
name added to list: 56414
name added to list: 56415
name added to list: 56416
name added to list: 56417
name added to list: 56418
name added to list: 56419
name added to list: 56420
name added to list: 56421
name added to list: 56422
name added to list: 56423
name added to list: 56424
name added to list: 56425
name added to list: 56426
name added to list: 56427
name added to list: 56428
name added to list: 56429
name added to list: 56430
name added to list: 56431
name added to list: 56432
name added to list: 56433
name added to list: 56434
name added to list: 56435
name added to list: 56436
name added to list: 56437
name added to list: 56438
name added to list: 56439
name added to list: 56440
name added to list: 56441
name added to list: 56442
name added to list: 56443
name added to list: 56444
name added to list: 56445
name added to list: 56446
name added to list: 56447
name added to list: 56448
name added to list: 56449
name added to list: 56450
name added to list: 56451
name added to list: 56452
name added to list: 56453
name added to list: 56454
name added to list: 56455
name added to list: 56456
name added to list: 56457
name added to list: 56458
name added to list: 56459
name added to list: 56460
name added to list: 56461
name added to list: 56462
name added to list: 56463
name added to list: 56464
name added to list: 56465
name added to list: 56466
name added to list: 56467
name added to list: 56468
name added to list: 56469
name added to list: 56470
name added to list: 56471
name added to list: 56472
name added to list: 56473
name added to list: 56474
name added to list: 56475
name added to list: 56476
name added to list: 56477
name added to list: 56478
name added to list: 56479
name added to list: 56480
name added to list: 56481
name added to list: 56482
name added to list: 56483
name added to list: 56484
name added to list: 56485
name added to list: 56486
name added to list: 56487
name added to list: 56488
name added to list: 56489
name added to list: 56490
name added to list: 56491
name added to list: 56492
name added to list: 56493
name added to list: 56494
name added to list: 56495
name added to list: 56496
name added to list: 56497
name added to list: 56498
name added to list: 56499
name added to list: 56500
name added to list: 56501
name added to list: 56502
name added to list: 56503
name added to list: 56504
name added to list: 56505
name added to list: 56506
name added to list: 56507
name added to list: 56508
name added to list: 56509
name added to list: 56510
name added to list: 56511
name added to list: 56512
name added to list: 56513
name added to list: 56514
name added to list: 56515
name added to list: 56516
name added to list: 56517
name added to list: 56518
name added to list: 56519
name added to list: 56520
name added to list: 56521
name added to list: 56522
name added to list: 56523
name added to list: 56524
name added to list: 56525
name added to list: 56526
name added to list: 56527
name added to list: 56528
name added to list: 56529
name added to list: 56530
name added to list: 56531
name added to list: 56532
name added to list: 56533
name added to list: 56534
name added to list: 56535
name added to list: 56536
name added to list: 56537
name added to list: 56538
name added to list: 56539
name added to list: 56540
name added to list: 56541
name added to list: 56542
name added to list: 56543
name added to list: 56544
name added to list: 56545
name added to list: 56546
name added to list: 56547
name added to list: 56548
name added to list: 56549
name added to list: 56550
name added to list: 56551
name added to list: 56552
name added to list: 56553
name added to list: 56554
name added to list: 56555
name added to list: 56556
name added to list: 56557
name added to list: 56558
name added to list: 56559
name added to list: 56560
name added to list: 56561
name added to list: 56562
name added to list: 56563
name added to list: 56564
name added to list: 56565
name added to list: 56566
name added to list: 56567
name added to list: 56568
name added to list: 56569
name added to list: 56570
name added to list: 56571
name added to list: 56572
name added to list: 56573
name added to list: 56574
name added to list: 56575
name added to list: 56576
name added to list: 56577
name added to list: 56578
name added to list: 56579
name added to list: 56580
name added to list: 56581
name added to list: 56582
name added to list: 56583
name added to list: 56584
name added to list: 56585
name added to list: 56586
name added to list: 56587
name added to list: 56588
name added to list: 56589
name added to list: 56590
name added to list: 56591
name added to list: 56592
name added to list: 56593
name added to list: 56594
name added to list: 56595
name added to list: 56596
name added to list: 56597
name added to list: 56598
name added to list: 56599
name added to list: 56600
name added to list: 56601
name added to list: 56602
name added to list: 56603
name added to list: 56604
name added to list: 56605
name added to list: 56606
name added to list: 56607
name added to list: 56608
name added to list: 56609
name added to list: 56610
name added to list: 56611
name added to list: 56612
name added to list: 56613
name added to list: 56614
name added to list: 56615
name added to list: 56616
name added to list: 56617
name added to list: 56618
name added to list: 56619
name added to list: 56620
name added to list: 56621
name added to list: 56622
name added to list: 56623
name added to list: 56624
name added to list: 56625
name added to list: 56626
name added to list: 56627
name added to list: 56628
name added to list: 56629
name added to list: 56630
name added to list: 56631
name added to list: 56632
name added to list: 56633
name added to list: 56634
name added to list: 56635
name added to list: 56636
name added to list: 56637
name added to list: 56638
name added to list: 56639
name added to list: 56640
name added to list: 56641
name added to list: 56642
name added to list: 56643
name added to list: 56644
name added to list: 56645
name added to list: 56646
name added to list: 56647
name added to list: 56648
name added to list: 56649
name added to list: 56650
name added to list: 56651
name added to list: 56652
name added to list: 56653
name added to list: 56654
name added to list: 56655
name added to list: 56656
name added to list: 56657
name added to list: 56658
name added to list: 56659
name added to list: 56660
name added to list: 56661
name added to list: 56662
name added to list: 56663
name added to list: 56664
name added to list: 56665
name added to list: 56666
name added to list: 56667
name added to list: 56668
name added to list: 56669
name added to list: 56670
name added to list: 56671
name added to list: 56672
name added to list: 56673
name added to list: 56674
name added to list: 56675
name added to list: 56676
name added to list: 56677
name added to list: 56678
name added to list: 56679
name added to list: 56680
name added to list: 56681
name added to list: 56682
name added to list: 56683
name added to list: 56684
name added to list: 56685
name added to list: 56686
name added to list: 56687
name added to list: 56688
name added to list: 56689
name added to list: 56690
name added to list: 56691
name added to list: 56692
name added to list: 56693
name added to list: 56694
name added to list: 56695
name added to list: 56696
name added to list: 56697
name added to list: 56698
name added to list: 56699
name added to list: 56700
name added to list: 56701
name added to list: 56702
name added to list: 56703
name added to list: 56704
name added to list: 56705
name added to list: 56706
name added to list: 56707
name added to list: 56708
name added to list: 56709
name added to list: 56710
name added to list: 56711
name added to list: 56712
name added to list: 56713
name added to list: 56714
name added to list: 56715
name added to list: 56716
name added to list: 56717
name added to list: 56718
name added to list: 56719
name added to list: 56720
name added to list: 56721
name added to list: 56722
name added to list: 56723
name added to list: 56724
name added to list: 56725
name added to list: 56726
name added to list: 56727
name added to list: 56728
name added to list: 56729
name added to list: 56730
name added to list: 56731
name added to list: 56732
name added to list: 56733
name added to list: 56734
name added to list: 56735
name added to list: 56736
name added to list: 56737
name added to list: 56738
name added to list: 56739
name added to list: 56740
name added to list: 56741
name added to list: 56742
name added to list: 56743
name added to list: 56744
name added to list: 56745
name added to list: 56746
name added to list: 56747
name added to list: 56748
name added to list: 56749
name added to list: 56750
name added to list: 56751
name added to list: 56752
name added to list: 56753
name added to list: 56754
name added to list: 56755
name added to list: 56756
name added to list: 56757
name added to list: 56758
name added to list: 56759
name added to list: 56760
name added to list: 56761
name added to list: 56762
name added to list: 56763
name added to list: 56764
name added to list: 56765
name added to list: 56766
name added to list: 56767
name added to list: 56768
name added to list: 56769
name added to list: 56770
name added to list: 56771
name added to list: 56772
name added to list: 56773
name added to list: 56774
name added to list: 56775
name added to list: 56776
name added to list: 56777
name added to list: 56778
name added to list: 56779
name added to list: 56780
name added to list: 56781
name added to list: 56782
name added to list: 56783
name added to list: 56784
name added to list: 56785
name added to list: 56786
name added to list: 56787
name added to list: 56788
name added to list: 56789
name added to list: 56790
name added to list: 56791
name added to list: 56792
name added to list: 56793
name added to list: 56794
name added to list: 56795
name added to list: 56796
name added to list: 56797
name added to list: 56798
name added to list: 56799
name added to list: 56800
name added to list: 56801
name added to list: 56802
name added to list: 56803
name added to list: 56804
name added to list: 56805
name added to list: 56806
name added to list: 56807
name added to list: 56808
name added to list: 56809
name added to list: 56810
name added to list: 56811
name added to list: 56812
name added to list: 56813
name added to list: 56814
name added to list: 56815
name added to list: 56816
name added to list: 56817
name added to list: 56818
name added to list: 56819
name added to list: 56820
name added to list: 56821
name added to list: 56822
name added to list: 56823
name added to list: 56824
name added to list: 56825
name added to list: 56826
name added to list: 56827
name added to list: 56828
name added to list: 56829
name added to list: 56830
name added to list: 56831
name added to list: 56832
name added to list: 56833
name added to list: 56834
name added to list: 56835
name added to list: 56836
name added to list: 56837
name added to list: 56838
name added to list: 56839
name added to list: 56840
name added to list: 56841
name added to list: 56842
name added to list: 56843
name added to list: 56844
name added to list: 56845
name added to list: 56846
name added to list: 56847
name added to list: 56848
name added to list: 56849
name added to list: 56850
name added to list: 56851
name added to list: 56852
name added to list: 56853
name added to list: 56854
name added to list: 56855
name added to list: 56856
name added to list: 56857
name added to list: 56858
name added to list: 56859
name added to list: 56860
name added to list: 56861
name added to list: 56862
name added to list: 56863
name added to list: 56864
name added to list: 56865
name added to list: 56866
name added to list: 56867
name added to list: 56868
name added to list: 56869
name added to list: 56870
name added to list: 56871
name added to list: 56872
name added to list: 56873
name added to list: 56874
name added to list: 56875
name added to list: 56876
name added to list: 56877
name added to list: 56878
name added to list: 56879
name added to list: 56880
name added to list: 56881
name added to list: 56882
name added to list: 56883
name added to list: 56884
name added to list: 56885
name added to list: 56886
name added to list: 56887
name added to list: 56888
name added to list: 56889
name added to list: 56890
name added to list: 56891
name added to list: 56892
name added to list: 56893
name added to list: 56894
name added to list: 56895
name added to list: 56896
name added to list: 56897
name added to list: 56898
name added to list: 56899
name added to list: 56900
name added to list: 56901
name added to list: 56902
name added to list: 56903
name added to list: 56904
name added to list: 56905
name added to list: 56906
name added to list: 56907
name added to list: 56908
name added to list: 56909
name added to list: 56910
name added to list: 56911
name added to list: 56912
name added to list: 56913
name added to list: 56914
name added to list: 56915
name added to list: 56916
name added to list: 56917
name added to list: 56918
name added to list: 56919
name added to list: 56920
name added to list: 56921
name added to list: 56922
name added to list: 56923
name added to list: 56924
name added to list: 56925
name added to list: 56926
name added to list: 56927
name added to list: 56928
name added to list: 56929
name added to list: 56930
name added to list: 56931
name added to list: 56932
name added to list: 56933
name added to list: 56934
name added to list: 56935
name added to list: 56936
name added to list: 56937
name added to list: 56938
name added to list: 56939
name added to list: 56940
name added to list: 56941
name added to list: 56942
name added to list: 56943
name added to list: 56944
name added to list: 56945
name added to list: 56946
name added to list: 56947
name added to list: 56948
name added to list: 56949
name added to list: 56950
name added to list: 56951
name added to list: 56952
name added to list: 56953
name added to list: 56954
name added to list: 56955
name added to list: 56956
name added to list: 56957
name added to list: 56958
name added to list: 56959
name added to list: 56960
name added to list: 56961
name added to list: 56962
name added to list: 56963
name added to list: 56964
name added to list: 56965
name added to list: 56966
name added to list: 56967
name added to list: 56968
name added to list: 56969
name added to list: 56970
name added to list: 56971
name added to list: 56972
name added to list: 56973
name added to list: 56974
name added to list: 56975
name added to list: 56976
name added to list: 56977
name added to list: 56978
name added to list: 56979
name added to list: 56980
name added to list: 56981
name added to list: 56982
name added to list: 56983
name added to list: 56984
name added to list: 56985
name added to list: 56986
name added to list: 56987
name added to list: 56988
name added to list: 56989
name added to list: 56990
name added to list: 56991
name added to list: 56992
name added to list: 56993
name added to list: 56994
name added to list: 56995
name added to list: 56996
name added to list: 56997
name added to list: 56998
name added to list: 56999
name added to list: 57000
name added to list: 57001
name added to list: 57002
name added to list: 57003
name added to list: 57004
name added to list: 57005
name added to list: 57006
name added to list: 57007
name added to list: 57008
name added to list: 57009
name added to list: 57010
name added to list: 57011
name added to list: 57012
name added to list: 57013
name added to list: 57014
name added to list: 57015
name added to list: 57016
name added to list: 57017
name added to list: 57018
name added to list: 57019
name added to list: 57020
name added to list: 57021
name added to list: 57022
name added to list: 57023
name added to list: 57024
name added to list: 57025
name added to list: 57026
name added to list: 57027
name added to list: 57028
name added to list: 57029
name added to list: 57030
name added to list: 57031
name added to list: 57032
name added to list: 57033
name added to list: 57034
name added to list: 57035
name added to list: 57036
name added to list: 57037
name added to list: 57038
name added to list: 57039
name added to list: 57040
name added to list: 57041
name added to list: 57042
name added to list: 57043
name added to list: 57044
name added to list: 57045
name added to list: 57046
name added to list: 57047
name added to list: 57048
name added to list: 57049
name added to list: 57050
name added to list: 57051
name added to list: 57052
name added to list: 57053
name added to list: 57054
name added to list: 57055
name added to list: 57056
name added to list: 57057
name added to list: 57058
name added to list: 57059
name added to list: 57060
name added to list: 57061
name added to list: 57062
name added to list: 57063
name added to list: 57064
name added to list: 57065
name added to list: 57066
name added to list: 57067
name added to list: 57068
name added to list: 57069
name added to list: 57070
name added to list: 57071
name added to list: 57072
name added to list: 57073
name added to list: 57074
name added to list: 57075
name added to list: 57076
name added to list: 57077
name added to list: 57078
name added to list: 57079
name added to list: 57080
name added to list: 57081
name added to list: 57082
name added to list: 57083
name added to list: 57084
name added to list: 57085
name added to list: 57086
name added to list: 57087
name added to list: 57088
name added to list: 57089
name added to list: 57090
name added to list: 57091
name added to list: 57092
name added to list: 57093
name added to list: 57094
name added to list: 57095
name added to list: 57096
name added to list: 57097
name added to list: 57098
name added to list: 57099
name added to list: 57100
name added to list: 57101
name added to list: 57102
name added to list: 57103
name added to list: 57104
name added to list: 57105
name added to list: 57106
name added to list: 57107
name added to list: 57108
name added to list: 57109
name added to list: 57110
name added to list: 57111
name added to list: 57112
name added to list: 57113
name added to list: 57114
name added to list: 57115
name added to list: 57116
name added to list: 57117
name added to list: 57118
name added to list: 57119
name added to list: 57120
name added to list: 57121
name added to list: 57122
name added to list: 57123
name added to list: 57124
name added to list: 57125
name added to list: 57126
name added to list: 57127
name added to list: 57128
name added to list: 57129
name added to list: 57130
name added to list: 57131
name added to list: 57132
name added to list: 57133
name added to list: 57134
name added to list: 57135
name added to list: 57136
name added to list: 57137
name added to list: 57138
name added to list: 57139
name added to list: 57140
name added to list: 57141
name added to list: 57142
name added to list: 57143
name added to list: 57144
name added to list: 57145
name added to list: 57146
name added to list: 57147
name added to list: 57148
name added to list: 57149
name added to list: 57150
name added to list: 57151
name added to list: 57152
name added to list: 57153
name added to list: 57154
name added to list: 57155
name added to list: 57156
name added to list: 57157
name added to list: 57158
name added to list: 57159
name added to list: 57160
name added to list: 57161
name added to list: 57162
name added to list: 57163
name added to list: 57164
name added to list: 57165
name added to list: 57166
name added to list: 57167
name added to list: 57168
name added to list: 57169
name added to list: 57170
name added to list: 57171
name added to list: 57172
name added to list: 57173
name added to list: 57174
name added to list: 57175
name added to list: 57176
name added to list: 57177
name added to list: 57178
name added to list: 57179
name added to list: 57180
name added to list: 57181
name added to list: 57182
name added to list: 57183
name added to list: 57184
name added to list: 57185
name added to list: 57186
name added to list: 57187
name added to list: 57188
name added to list: 57189
name added to list: 57190
name added to list: 57191
name added to list: 57192
name added to list: 57193
name added to list: 57194
name added to list: 57195
name added to list: 57196
name added to list: 57197
name added to list: 57198
name added to list: 57199
name added to list: 57200
name added to list: 57201
name added to list: 57202
name added to list: 57203
name added to list: 57204
name added to list: 57205
name added to list: 57206
name added to list: 57207
name added to list: 57208
name added to list: 57209
name added to list: 57210
name added to list: 57211
name added to list: 57212
name added to list: 57213
name added to list: 57214
name added to list: 57215
name added to list: 57216
name added to list: 57217
name added to list: 57218
name added to list: 57219
name added to list: 57220
name added to list: 57221
name added to list: 57222
name added to list: 57223
name added to list: 57224
name added to list: 57225
name added to list: 57226
name added to list: 57227
name added to list: 57228
name added to list: 57229
name added to list: 57230
name added to list: 57231
name added to list: 57232
name added to list: 57233
name added to list: 57234
name added to list: 57235
name added to list: 57236
name added to list: 57237
name added to list: 57238
name added to list: 57239
name added to list: 57240
name added to list: 57241
name added to list: 57242
name added to list: 57243
name added to list: 57244
name added to list: 57245
name added to list: 57246
name added to list: 57247
name added to list: 57248
name added to list: 57249
name added to list: 57250
name added to list: 57251
name added to list: 57252
name added to list: 57253
name added to list: 57254
name added to list: 57255
name added to list: 57256
name added to list: 57257
name added to list: 57258
name added to list: 57259
name added to list: 57260
name added to list: 57261
name added to list: 57262
name added to list: 57263
name added to list: 57264
name added to list: 57265
name added to list: 57266
name added to list: 57267
name added to list: 57268
name added to list: 57269
name added to list: 57270
name added to list: 57271
name added to list: 57272
name added to list: 57273
name added to list: 57274
name added to list: 57275
name added to list: 57276
name added to list: 57277
name added to list: 57278
name added to list: 57279
name added to list: 57280
name added to list: 57281
name added to list: 57282
name added to list: 57283
name added to list: 57284
name added to list: 57285
name added to list: 57286
name added to list: 57287
name added to list: 57288
name added to list: 57289
name added to list: 57290
name added to list: 57291
name added to list: 57292
name added to list: 57293
name added to list: 57294
name added to list: 57295
name added to list: 57296
name added to list: 57297
name added to list: 57298
name added to list: 57299
name added to list: 57300
name added to list: 57301
name added to list: 57302
name added to list: 57303
name added to list: 57304
name added to list: 57305
name added to list: 57306
name added to list: 57307
name added to list: 57308
name added to list: 57309
name added to list: 57310
name added to list: 57311
name added to list: 57312
name added to list: 57313
name added to list: 57314
name added to list: 57315
name added to list: 57316
name added to list: 57317
name added to list: 57318
name added to list: 57319
name added to list: 57320
name added to list: 57321
name added to list: 57322
name added to list: 57323
name added to list: 57324
name added to list: 57325
name added to list: 57326
name added to list: 57327
name added to list: 57328
name added to list: 57329
name added to list: 57330
name added to list: 57331
name added to list: 57332
name added to list: 57333
name added to list: 57334
name added to list: 57335
name added to list: 57336
name added to list: 57337
name added to list: 57338
name added to list: 57339
name added to list: 57340
name added to list: 57341
name added to list: 57342
name added to list: 57343
name added to list: 57344
name added to list: 57345
name added to list: 57346
name added to list: 57347
name added to list: 57348
name added to list: 57349
name added to list: 57350
name added to list: 57351
name added to list: 57352
name added to list: 57353
name added to list: 57354
name added to list: 57355
name added to list: 57356
name added to list: 57357
name added to list: 57358
name added to list: 57359
name added to list: 57360
name added to list: 57361
name added to list: 57362
name added to list: 57363
name added to list: 57364
name added to list: 57365
name added to list: 57366
name added to list: 57367
name added to list: 57368
name added to list: 57369
name added to list: 57370
name added to list: 57371
name added to list: 57372
name added to list: 57373
name added to list: 57374
name added to list: 57375
name added to list: 57376
name added to list: 57377
name added to list: 57378
name added to list: 57379
name added to list: 57380
name added to list: 57381
name added to list: 57382
name added to list: 57383
name added to list: 57384
name added to list: 57385
name added to list: 57386
name added to list: 57387
name added to list: 57388
name added to list: 57389
name added to list: 57390
name added to list: 57391
name added to list: 57392
name added to list: 57393
name added to list: 57394
name added to list: 57395
name added to list: 57396
name added to list: 57397
name added to list: 57398
name added to list: 57399
name added to list: 57400
name added to list: 57401
name added to list: 57402
name added to list: 57403
name added to list: 57404
name added to list: 57405
name added to list: 57406
name added to list: 57407
name added to list: 57408
name added to list: 57409
name added to list: 57410
name added to list: 57411
name added to list: 57412
name added to list: 57413
name added to list: 57414
name added to list: 57415
name added to list: 57416
name added to list: 57417
name added to list: 57418
name added to list: 57419
name added to list: 57420
name added to list: 57421
name added to list: 57422
name added to list: 57423
name added to list: 57424
name added to list: 57425
name added to list: 57426
name added to list: 57427
name added to list: 57428
name added to list: 57429
name added to list: 57430
name added to list: 57431
name added to list: 57432
name added to list: 57433
name added to list: 57434
name added to list: 57435
name added to list: 57436
name added to list: 57437
name added to list: 57438
name added to list: 57439
name added to list: 57440
name added to list: 57441
name added to list: 57442
name added to list: 57443
name added to list: 57444
name added to list: 57445
name added to list: 57446
name added to list: 57447
name added to list: 57448
name added to list: 57449
name added to list: 57450
name added to list: 57451
name added to list: 57452
name added to list: 57453
name added to list: 57454
name added to list: 57455
name added to list: 57456
name added to list: 57457
name added to list: 57458
name added to list: 57459
name added to list: 57460
name added to list: 57461
name added to list: 57462
name added to list: 57463
name added to list: 57464
name added to list: 57465
name added to list: 57466
name added to list: 57467
name added to list: 57468
name added to list: 57469
name added to list: 57470
name added to list: 57471
name added to list: 57472
name added to list: 57473
name added to list: 57474
name added to list: 57475
name added to list: 57476
name added to list: 57477
name added to list: 57478
name added to list: 57479
name added to list: 57480
name added to list: 57481
name added to list: 57482
name added to list: 57483
name added to list: 57484
name added to list: 57485
name added to list: 57486
name added to list: 57487
name added to list: 57488
name added to list: 57489
name added to list: 57490
name added to list: 57491
name added to list: 57492
name added to list: 57493
name added to list: 57494
name added to list: 57495
name added to list: 57496
name added to list: 57497
name added to list: 57498
name added to list: 57499
name added to list: 57500
name added to list: 57501
name added to list: 57502
name added to list: 57503
name added to list: 57504
name added to list: 57505
name added to list: 57506
name added to list: 57507
name added to list: 57508
name added to list: 57509
name added to list: 57510
name added to list: 57511
name added to list: 57512
name added to list: 57513
name added to list: 57514
name added to list: 57515
name added to list: 57516
name added to list: 57517
name added to list: 57518
name added to list: 57519
name added to list: 57520
name added to list: 57521
name added to list: 57522
name added to list: 57523
name added to list: 57524
name added to list: 57525
name added to list: 57526
name added to list: 57527
name added to list: 57528
name added to list: 57529
name added to list: 57530
name added to list: 57531
name added to list: 57532
name added to list: 57533
name added to list: 57534
name added to list: 57535
name added to list: 57536
name added to list: 57537
name added to list: 57538
name added to list: 57539
name added to list: 57540
name added to list: 57541
name added to list: 57542
name added to list: 57543
name added to list: 57544
name added to list: 57545
name added to list: 57546
name added to list: 57547
name added to list: 57548
name added to list: 57549
name added to list: 57550
name added to list: 57551
name added to list: 57552
name added to list: 57553
name added to list: 57554
name added to list: 57555
name added to list: 57556
name added to list: 57557
name added to list: 57558
name added to list: 57559
name added to list: 57560
name added to list: 57561
name added to list: 57562
name added to list: 57563
name added to list: 57564
name added to list: 57565
name added to list: 57566
name added to list: 57567
name added to list: 57568
name added to list: 57569
name added to list: 57570
name added to list: 57571
name added to list: 57572
name added to list: 57573
name added to list: 57574
name added to list: 57575
name added to list: 57576
name added to list: 57577
name added to list: 57578
name added to list: 57579
name added to list: 57580
name added to list: 57581
name added to list: 57582
name added to list: 57583
name added to list: 57584
name added to list: 57585
name added to list: 57586
name added to list: 57587
name added to list: 57588
name added to list: 57589
name added to list: 57590
name added to list: 57591
name added to list: 57592
name added to list: 57593
name added to list: 57594
name added to list: 57595
name added to list: 57596
name added to list: 57597
name added to list: 57598
name added to list: 57599
name added to list: 57600
name added to list: 57601
name added to list: 57602
name added to list: 57603
name added to list: 57604
name added to list: 57605
name added to list: 57606
name added to list: 57607
name added to list: 57608
name added to list: 57609
name added to list: 57610
name added to list: 57611
name added to list: 57612
name added to list: 57613
name added to list: 57614
name added to list: 57615
name added to list: 57616
name added to list: 57617
name added to list: 57618
name added to list: 57619
name added to list: 57620
name added to list: 57621
name added to list: 57622
name added to list: 57623
name added to list: 57624
name added to list: 57625
name added to list: 57626
name added to list: 57627
name added to list: 57628
name added to list: 57629
name added to list: 57630
name added to list: 57631
name added to list: 57632
name added to list: 57633
name added to list: 57634
name added to list: 57635
name added to list: 57636
name added to list: 57637
name added to list: 57638
name added to list: 57639
name added to list: 57640
name added to list: 57641
name added to list: 57642
name added to list: 57643
name added to list: 57644
name added to list: 57645
name added to list: 57646
name added to list: 57647
name added to list: 57648
name added to list: 57649
name added to list: 57650
name added to list: 57651
name added to list: 57652
name added to list: 57653
name added to list: 57654
name added to list: 57655
name added to list: 57656
name added to list: 57657
name added to list: 57658
name added to list: 57659
name added to list: 57660
name added to list: 57661
name added to list: 57662
name added to list: 57663
name added to list: 57664
name added to list: 57665
name added to list: 57666
name added to list: 57667
name added to list: 57668
name added to list: 57669
name added to list: 57670
name added to list: 57671
name added to list: 57672
name added to list: 57673
name added to list: 57674
name added to list: 57675
name added to list: 57676
name added to list: 57677
name added to list: 57678
name added to list: 57679
name added to list: 57680
name added to list: 57681
name added to list: 57682
name added to list: 57683
name added to list: 57684
name added to list: 57685
name added to list: 57686
name added to list: 57687
name added to list: 57688
name added to list: 57689
name added to list: 57690
name added to list: 57691
name added to list: 57692
name added to list: 57693
name added to list: 57694
name added to list: 57695
name added to list: 57696
name added to list: 57697
name added to list: 57698
name added to list: 57699
name added to list: 57700
name added to list: 57701
name added to list: 57702
name added to list: 57703
name added to list: 57704
name added to list: 57705
name added to list: 57706
name added to list: 57707
name added to list: 57708
name added to list: 57709
name added to list: 57710
name added to list: 57711
name added to list: 57712
name added to list: 57713
name added to list: 57714
name added to list: 57715
name added to list: 57716
name added to list: 57717
name added to list: 57718
name added to list: 57719
name added to list: 57720
name added to list: 57721
name added to list: 57722
name added to list: 57723
name added to list: 57724
name added to list: 57725
name added to list: 57726
name added to list: 57727
name added to list: 57728
name added to list: 57729
name added to list: 57730
name added to list: 57731
name added to list: 57732
name added to list: 57733
name added to list: 57734
name added to list: 57735
name added to list: 57736
name added to list: 57737
name added to list: 57738
name added to list: 57739
name added to list: 57740
name added to list: 57741
name added to list: 57742
name added to list: 57743
name added to list: 57744
name added to list: 57745
name added to list: 57746
name added to list: 57747
name added to list: 57748
name added to list: 57749
name added to list: 57750
name added to list: 57751
name added to list: 57752
name added to list: 57753
name added to list: 57754
name added to list: 57755
name added to list: 57756
name added to list: 57757
name added to list: 57758
name added to list: 57759
name added to list: 57760
name added to list: 57761
name added to list: 57762
name added to list: 57763
name added to list: 57764
name added to list: 57765
name added to list: 57766
name added to list: 57767
name added to list: 57768
name added to list: 57769
name added to list: 57770
name added to list: 57771
name added to list: 57772
name added to list: 57773
name added to list: 57774
name added to list: 57775
name added to list: 57776
name added to list: 57777
name added to list: 57778
name added to list: 57779
name added to list: 57780
name added to list: 57781
name added to list: 57782
name added to list: 57783
name added to list: 57784
name added to list: 57785
name added to list: 57786
name added to list: 57787
name added to list: 57788
name added to list: 57789
name added to list: 57790
name added to list: 57791
name added to list: 57792
name added to list: 57793
name added to list: 57794
name added to list: 57795
name added to list: 57796
name added to list: 57797
name added to list: 57798
name added to list: 57799
name added to list: 57800
name added to list: 57801
name added to list: 57802
name added to list: 57803
name added to list: 57804
name added to list: 57805
name added to list: 57806
name added to list: 57807
name added to list: 57808
name added to list: 57809
name added to list: 57810
name added to list: 57811
name added to list: 57812
name added to list: 57813
name added to list: 57814
name added to list: 57815
name added to list: 57816
name added to list: 57817
name added to list: 57818
name added to list: 57819
name added to list: 57820
name added to list: 57821
name added to list: 57822
name added to list: 57823
name added to list: 57824
name added to list: 57825
name added to list: 57826
name added to list: 57827
name added to list: 57828
name added to list: 57829
name added to list: 57830
name added to list: 57831
name added to list: 57832
name added to list: 57833
name added to list: 57834
name added to list: 57835
name added to list: 57836
name added to list: 57837
name added to list: 57838
name added to list: 57839
name added to list: 57840
name added to list: 57841
name added to list: 57842
name added to list: 57843
name added to list: 57844
name added to list: 57845
name added to list: 57846
name added to list: 57847
name added to list: 57848
name added to list: 57849
name added to list: 57850
name added to list: 57851
name added to list: 57852
name added to list: 57853
name added to list: 57854
name added to list: 57855
name added to list: 57856
name added to list: 57857
name added to list: 57858
name added to list: 57859
name added to list: 57860
name added to list: 57861
name added to list: 57862
name added to list: 57863
name added to list: 57864
name added to list: 57865
name added to list: 57866
name added to list: 57867
name added to list: 57868
name added to list: 57869
name added to list: 57870
name added to list: 57871
name added to list: 57872
name added to list: 57873
name added to list: 57874
name added to list: 57875
name added to list: 57876
name added to list: 57877
name added to list: 57878
name added to list: 57879
name added to list: 57880
name added to list: 57881
name added to list: 57882
name added to list: 57883
name added to list: 57884
name added to list: 57885
name added to list: 57886
name added to list: 57887
name added to list: 57888
name added to list: 57889
name added to list: 57890
name added to list: 57891
name added to list: 57892
name added to list: 57893
name added to list: 57894
name added to list: 57895
name added to list: 57896
name added to list: 57897
name added to list: 57898
name added to list: 57899
name added to list: 57900
name added to list: 57901
name added to list: 57902
name added to list: 57903
name added to list: 57904
name added to list: 57905
name added to list: 57906
name added to list: 57907
name added to list: 57908
name added to list: 57909
name added to list: 57910
name added to list: 57911
name added to list: 57912
name added to list: 57913
name added to list: 57914
name added to list: 57915
name added to list: 57916
name added to list: 57917
name added to list: 57918
name added to list: 57919
name added to list: 57920
name added to list: 57921
name added to list: 57922
name added to list: 57923
name added to list: 57924
name added to list: 57925
name added to list: 57926
name added to list: 57927
name added to list: 57928
name added to list: 57929
name added to list: 57930
name added to list: 57931
name added to list: 57932
name added to list: 57933
name added to list: 57934
name added to list: 57935
name added to list: 57936
name added to list: 57937
name added to list: 57938
name added to list: 57939
name added to list: 57940
name added to list: 57941
name added to list: 57942
name added to list: 57943
name added to list: 57944
name added to list: 57945
name added to list: 57946
name added to list: 57947
name added to list: 57948
name added to list: 57949
name added to list: 57950
name added to list: 57951
name added to list: 57952
name added to list: 57953
name added to list: 57954
name added to list: 57955
name added to list: 57956
name added to list: 57957
name added to list: 57958
name added to list: 57959
name added to list: 57960
name added to list: 57961
name added to list: 57962
name added to list: 57963
name added to list: 57964
name added to list: 57965
name added to list: 57966
name added to list: 57967
name added to list: 57968
name added to list: 57969
name added to list: 57970
name added to list: 57971
name added to list: 57972
name added to list: 57973
name added to list: 57974
name added to list: 57975
name added to list: 57976
name added to list: 57977
name added to list: 57978
name added to list: 57979
name added to list: 57980
name added to list: 57981
name added to list: 57982
name added to list: 57983
name added to list: 57984
name added to list: 57985
name added to list: 57986
name added to list: 57987
name added to list: 57988
name added to list: 57989
name added to list: 57990
name added to list: 57991
name added to list: 57992
name added to list: 57993
name added to list: 57994
name added to list: 57995
name added to list: 57996
name added to list: 57997
name added to list: 57998
name added to list: 57999
name added to list: 58000
name added to list: 58001
name added to list: 58002
name added to list: 58003
name added to list: 58004
name added to list: 58005
name added to list: 58006
name added to list: 58007
name added to list: 58008
name added to list: 58009
name added to list: 58010
name added to list: 58011
name added to list: 58012
name added to list: 58013
name added to list: 58014
name added to list: 58015
name added to list: 58016
name added to list: 58017
name added to list: 58018
name added to list: 58019
name added to list: 58020
name added to list: 58021
name added to list: 58022
name added to list: 58023
name added to list: 58024
name added to list: 58025
name added to list: 58026
name added to list: 58027
name added to list: 58028
name added to list: 58029
name added to list: 58030
name added to list: 58031
name added to list: 58032
name added to list: 58033
name added to list: 58034
name added to list: 58035
name added to list: 58036
name added to list: 58037
name added to list: 58038
name added to list: 58039
name added to list: 58040
name added to list: 58041
name added to list: 58042
name added to list: 58043
name added to list: 58044
name added to list: 58045
name added to list: 58046
name added to list: 58047
name added to list: 58048
name added to list: 58049
name added to list: 58050
name added to list: 58051
name added to list: 58052
name added to list: 58053
name added to list: 58054
name added to list: 58055
name added to list: 58056
name added to list: 58057
name added to list: 58058
name added to list: 58059
name added to list: 58060
name added to list: 58061
name added to list: 58062
name added to list: 58063
name added to list: 58064
name added to list: 58065
name added to list: 58066
name added to list: 58067
name added to list: 58068
name added to list: 58069
name added to list: 58070
name added to list: 58071
name added to list: 58072
name added to list: 58073
name added to list: 58074
name added to list: 58075
name added to list: 58076
name added to list: 58077
name added to list: 58078
name added to list: 58079
name added to list: 58080
name added to list: 58081
name added to list: 58082
name added to list: 58083
name added to list: 58084
name added to list: 58085
name added to list: 58086
name added to list: 58087
name added to list: 58088
name added to list: 58089
name added to list: 58090
name added to list: 58091
name added to list: 58092
name added to list: 58093
name added to list: 58094
name added to list: 58095
name added to list: 58096
name added to list: 58097
name added to list: 58098
name added to list: 58099
name added to list: 58100
name added to list: 58101
name added to list: 58102
name added to list: 58103
name added to list: 58104
name added to list: 58105
name added to list: 58106
name added to list: 58107
name added to list: 58108
name added to list: 58109
name added to list: 58110
name added to list: 58111
name added to list: 58112
name added to list: 58113
name added to list: 58114
name added to list: 58115
name added to list: 58116
name added to list: 58117
name added to list: 58118
name added to list: 58119
name added to list: 58120
name added to list: 58121
name added to list: 58122
name added to list: 58123
name added to list: 58124
name added to list: 58125
name added to list: 58126
name added to list: 58127
name added to list: 58128
name added to list: 58129
name added to list: 58130
name added to list: 58131
name added to list: 58132
name added to list: 58133
name added to list: 58134
name added to list: 58135
name added to list: 58136
name added to list: 58137
name added to list: 58138
name added to list: 58139
name added to list: 58140
name added to list: 58141
name added to list: 58142
name added to list: 58143
name added to list: 58144
name added to list: 58145
name added to list: 58146
name added to list: 58147
name added to list: 58148
name added to list: 58149
name added to list: 58150
name added to list: 58151
name added to list: 58152
name added to list: 58153
name added to list: 58154
name added to list: 58155
name added to list: 58156
name added to list: 58157
name added to list: 58158
name added to list: 58159
name added to list: 58160
name added to list: 58161
name added to list: 58162
name added to list: 58163
name added to list: 58164
name added to list: 58165
name added to list: 58166
name added to list: 58167
name added to list: 58168
name added to list: 58169
name added to list: 58170
name added to list: 58171
name added to list: 58172
name added to list: 58173
name added to list: 58174
name added to list: 58175
name added to list: 58176
name added to list: 58177
name added to list: 58178
name added to list: 58179
name added to list: 58180
name added to list: 58181
name added to list: 58182
name added to list: 58183
name added to list: 58184
name added to list: 58185
name added to list: 58186
name added to list: 58187
name added to list: 58188
name added to list: 58189
name added to list: 58190
name added to list: 58191
name added to list: 58192
name added to list: 58193
name added to list: 58194
name added to list: 58195
name added to list: 58196
name added to list: 58197
name added to list: 58198
name added to list: 58199
name added to list: 58200
name added to list: 58201
name added to list: 58202
name added to list: 58203
name added to list: 58204
name added to list: 58205
name added to list: 58206
name added to list: 58207
name added to list: 58208
name added to list: 58209
name added to list: 58210
name added to list: 58211
name added to list: 58212
name added to list: 58213
name added to list: 58214
name added to list: 58215
name added to list: 58216
name added to list: 58217
name added to list: 58218
name added to list: 58219
name added to list: 58220
name added to list: 58221
name added to list: 58222
name added to list: 58223
name added to list: 58224
name added to list: 58225
name added to list: 58226
name added to list: 58227
name added to list: 58228
name added to list: 58229
name added to list: 58230
name added to list: 58231
name added to list: 58232
name added to list: 58233
name added to list: 58234
name added to list: 58235
name added to list: 58236
name added to list: 58237
name added to list: 58238
name added to list: 58239
name added to list: 58240
name added to list: 58241
name added to list: 58242
name added to list: 58243
name added to list: 58244
name added to list: 58245
name added to list: 58246
name added to list: 58247
name added to list: 58248
name added to list: 58249
name added to list: 58250
name added to list: 58251
name added to list: 58252
name added to list: 58253
name added to list: 58254
name added to list: 58255
name added to list: 58256
name added to list: 58257
name added to list: 58258
name added to list: 58259
name added to list: 58260
name added to list: 58261
name added to list: 58262
name added to list: 58263
name added to list: 58264
name added to list: 58265
name added to list: 58266
name added to list: 58267
name added to list: 58268
name added to list: 58269
name added to list: 58270
name added to list: 58271
name added to list: 58272
name added to list: 58273
name added to list: 58274
name added to list: 58275
name added to list: 58276
name added to list: 58277
name added to list: 58278
name added to list: 58279
name added to list: 58280
name added to list: 58281
name added to list: 58282
name added to list: 58283
name added to list: 58284
name added to list: 58285
name added to list: 58286
name added to list: 58287
name added to list: 58288
name added to list: 58289
name added to list: 58290
name added to list: 58291
name added to list: 58292
name added to list: 58293
name added to list: 58294
name added to list: 58295
name added to list: 58296
name added to list: 58297
name added to list: 58298
name added to list: 58299
name added to list: 58300
name added to list: 58301
name added to list: 58302
name added to list: 58303
name added to list: 58304
name added to list: 58305
name added to list: 58306
name added to list: 58307
name added to list: 58308
name added to list: 58309
name added to list: 58310
name added to list: 58311
name added to list: 58312
name added to list: 58313
name added to list: 58314
name added to list: 58315
name added to list: 58316
name added to list: 58317
name added to list: 58318
name added to list: 58319
name added to list: 58320
name added to list: 58321
name added to list: 58322
name added to list: 58323
name added to list: 58324
name added to list: 58325
name added to list: 58326
name added to list: 58327
name added to list: 58328
name added to list: 58329
name added to list: 58330
name added to list: 58331
name added to list: 58332
name added to list: 58333
name added to list: 58334
name added to list: 58335
name added to list: 58336
name added to list: 58337
name added to list: 58338
name added to list: 58339
name added to list: 58340
name added to list: 58341
name added to list: 58342
name added to list: 58343
name added to list: 58344
name added to list: 58345
name added to list: 58346
name added to list: 58347
name added to list: 58348
name added to list: 58349
name added to list: 58350
name added to list: 58351
name added to list: 58352
name added to list: 58353
name added to list: 58354
name added to list: 58355
name added to list: 58356
name added to list: 58357
name added to list: 58358
name added to list: 58359
name added to list: 58360
name added to list: 58361
name added to list: 58362
name added to list: 58363
name added to list: 58364
name added to list: 58365
name added to list: 58366
name added to list: 58367
name added to list: 58368
name added to list: 58369
name added to list: 58370
name added to list: 58371
name added to list: 58372
name added to list: 58373
name added to list: 58374
name added to list: 58375
name added to list: 58376
name added to list: 58377
name added to list: 58378
name added to list: 58379
name added to list: 58380
name added to list: 58381
name added to list: 58382
name added to list: 58383
name added to list: 58384
name added to list: 58385
name added to list: 58386
name added to list: 58387
name added to list: 58388
name added to list: 58389
name added to list: 58390
name added to list: 58391
name added to list: 58392
name added to list: 58393
name added to list: 58394
name added to list: 58395
name added to list: 58396
name added to list: 58397
name added to list: 58398
name added to list: 58399
name added to list: 58400
name added to list: 58401
name added to list: 58402
name added to list: 58403
name added to list: 58404
name added to list: 58405
name added to list: 58406
name added to list: 58407
name added to list: 58408
name added to list: 58409
name added to list: 58410
name added to list: 58411
name added to list: 58412
name added to list: 58413
name added to list: 58414
name added to list: 58415
name added to list: 58416
name added to list: 58417
name added to list: 58418
name added to list: 58419
name added to list: 58420
name added to list: 58421
name added to list: 58422
name added to list: 58423
name added to list: 58424
name added to list: 58425
name added to list: 58426
name added to list: 58427
name added to list: 58428
name added to list: 58429
name added to list: 58430
name added to list: 58431
name added to list: 58432
name added to list: 58433
name added to list: 58434
name added to list: 58435
name added to list: 58436
name added to list: 58437
name added to list: 58438
name added to list: 58439
name added to list: 58440
name added to list: 58441
name added to list: 58442
name added to list: 58443
name added to list: 58444
name added to list: 58445
name added to list: 58446
name added to list: 58447
name added to list: 58448
name added to list: 58449
name added to list: 58450
name added to list: 58451
name added to list: 58452
name added to list: 58453
name added to list: 58454
name added to list: 58455
name added to list: 58456
name added to list: 58457
name added to list: 58458
name added to list: 58459
name added to list: 58460
name added to list: 58461
name added to list: 58462
name added to list: 58463
name added to list: 58464
name added to list: 58465
name added to list: 58466
name added to list: 58467
name added to list: 58468
name added to list: 58469
name added to list: 58470
name added to list: 58471
name added to list: 58472
name added to list: 58473
name added to list: 58474
name added to list: 58475
name added to list: 58476
name added to list: 58477
name added to list: 58478
name added to list: 58479
name added to list: 58480
name added to list: 58481
name added to list: 58482
name added to list: 58483
name added to list: 58484
name added to list: 58485
name added to list: 58486
name added to list: 58487
name added to list: 58488
name added to list: 58489
name added to list: 58490
name added to list: 58491
name added to list: 58492
name added to list: 58493
name added to list: 58494
name added to list: 58495
name added to list: 58496
name added to list: 58497
name added to list: 58498
name added to list: 58499
name added to list: 58500
name added to list: 58501
name added to list: 58502
name added to list: 58503
name added to list: 58504
name added to list: 58505
name added to list: 58506
name added to list: 58507
name added to list: 58508
name added to list: 58509
name added to list: 58510
name added to list: 58511
name added to list: 58512
name added to list: 58513
name added to list: 58514
name added to list: 58515
name added to list: 58516
name added to list: 58517
name added to list: 58518
name added to list: 58519
name added to list: 58520
name added to list: 58521
name added to list: 58522
name added to list: 58523
name added to list: 58524
name added to list: 58525
name added to list: 58526
name added to list: 58527
name added to list: 58528
name added to list: 58529
name added to list: 58530
name added to list: 58531
name added to list: 58532
name added to list: 58533
name added to list: 58534
name added to list: 58535
name added to list: 58536
name added to list: 58537
name added to list: 58538
name added to list: 58539
name added to list: 58540
name added to list: 58541
name added to list: 58542
name added to list: 58543
name added to list: 58544
name added to list: 58545
name added to list: 58546
name added to list: 58547
name added to list: 58548
name added to list: 58549
name added to list: 58550
name added to list: 58551
name added to list: 58552
name added to list: 58553
name added to list: 58554
name added to list: 58555
name added to list: 58556
name added to list: 58557
name added to list: 58558
name added to list: 58559
name added to list: 58560
name added to list: 58561
name added to list: 58562
name added to list: 58563
name added to list: 58564
name added to list: 58565
name added to list: 58566
name added to list: 58567
name added to list: 58568
name added to list: 58569
name added to list: 58570
name added to list: 58571
name added to list: 58572
name added to list: 58573
name added to list: 58574
name added to list: 58575
name added to list: 58576
name added to list: 58577
name added to list: 58578
name added to list: 58579
name added to list: 58580
name added to list: 58581
name added to list: 58582
name added to list: 58583
name added to list: 58584
name added to list: 58585
name added to list: 58586
name added to list: 58587
name added to list: 58588
name added to list: 58589
name added to list: 58590
name added to list: 58591
name added to list: 58592
name added to list: 58593
name added to list: 58594
name added to list: 58595
name added to list: 58596
name added to list: 58597
name added to list: 58598
name added to list: 58599
name added to list: 58600
name added to list: 58601
name added to list: 58602
name added to list: 58603
name added to list: 58604
name added to list: 58605
name added to list: 58606
name added to list: 58607
name added to list: 58608
name added to list: 58609
name added to list: 58610
name added to list: 58611
name added to list: 58612
name added to list: 58613
name added to list: 58614
name added to list: 58615
name added to list: 58616
name added to list: 58617
name added to list: 58618
name added to list: 58619
name added to list: 58620
name added to list: 58621
name added to list: 58622
name added to list: 58623
name added to list: 58624
name added to list: 58625
name added to list: 58626
name added to list: 58627
name added to list: 58628
name added to list: 58629
name added to list: 58630
name added to list: 58631
name added to list: 58632
name added to list: 58633
name added to list: 58634
name added to list: 58635
name added to list: 58636
name added to list: 58637
name added to list: 58638
name added to list: 58639
name added to list: 58640
name added to list: 58641
name added to list: 58642
name added to list: 58643
name added to list: 58644
name added to list: 58645
name added to list: 58646
name added to list: 58647
name added to list: 58648
name added to list: 58649
name added to list: 58650
name added to list: 58651
name added to list: 58652
name added to list: 58653
name added to list: 58654
name added to list: 58655
name added to list: 58656
name added to list: 58657
name added to list: 58658
name added to list: 58659
name added to list: 58660
name added to list: 58661
name added to list: 58662
name added to list: 58663
name added to list: 58664
name added to list: 58665
name added to list: 58666
name added to list: 58667
name added to list: 58668
name added to list: 58669
name added to list: 58670
name added to list: 58671
name added to list: 58672
name added to list: 58673
name added to list: 58674
name added to list: 58675
name added to list: 58676
name added to list: 58677
name added to list: 58678
name added to list: 58679
name added to list: 58680
name added to list: 58681
name added to list: 58682
name added to list: 58683
name added to list: 58684
name added to list: 58685
name added to list: 58686
name added to list: 58687
name added to list: 58688
name added to list: 58689
name added to list: 58690
name added to list: 58691
name added to list: 58692
name added to list: 58693
name added to list: 58694
name added to list: 58695
name added to list: 58696
name added to list: 58697
name added to list: 58698
name added to list: 58699
name added to list: 58700
name added to list: 58701
name added to list: 58702
name added to list: 58703
name added to list: 58704
name added to list: 58705
name added to list: 58706
name added to list: 58707
name added to list: 58708
name added to list: 58709
name added to list: 58710
name added to list: 58711
name added to list: 58712
name added to list: 58713
name added to list: 58714
name added to list: 58715
name added to list: 58716
name added to list: 58717
name added to list: 58718
name added to list: 58719
name added to list: 58720
name added to list: 58721
name added to list: 58722
name added to list: 58723
name added to list: 58724
name added to list: 58725
name added to list: 58726
name added to list: 58727
name added to list: 58728
name added to list: 58729
name added to list: 58730
name added to list: 58731
name added to list: 58732
name added to list: 58733
name added to list: 58734
name added to list: 58735
name added to list: 58736
name added to list: 58737
name added to list: 58738
name added to list: 58739
name added to list: 58740
name added to list: 58741
name added to list: 58742
name added to list: 58743
name added to list: 58744
name added to list: 58745
name added to list: 58746
name added to list: 58747
name added to list: 58748
name added to list: 58749
name added to list: 58750
name added to list: 58751
name added to list: 58752
name added to list: 58753
name added to list: 58754
name added to list: 58755
name added to list: 58756
name added to list: 58757
name added to list: 58758
name added to list: 58759
name added to list: 58760
name added to list: 58761
name added to list: 58762
name added to list: 58763
name added to list: 58764
name added to list: 58765
name added to list: 58766
name added to list: 58767
name added to list: 58768
name added to list: 58769
name added to list: 58770
name added to list: 58771
name added to list: 58772
name added to list: 58773
name added to list: 58774
name added to list: 58775
name added to list: 58776
name added to list: 58777
name added to list: 58778
name added to list: 58779
name added to list: 58780
name added to list: 58781
name added to list: 58782
name added to list: 58783
name added to list: 58784
name added to list: 58785
name added to list: 58786
name added to list: 58787
name added to list: 58788
name added to list: 58789
name added to list: 58790
name added to list: 58791
name added to list: 58792
name added to list: 58793
name added to list: 58794
name added to list: 58795
name added to list: 58796
name added to list: 58797
name added to list: 58798
name added to list: 58799
name added to list: 58800
name added to list: 58801
name added to list: 58802
name added to list: 58803
name added to list: 58804
name added to list: 58805
name added to list: 58806
name added to list: 58807
name added to list: 58808
name added to list: 58809
name added to list: 58810
name added to list: 58811
name added to list: 58812
name added to list: 58813
name added to list: 58814
name added to list: 58815
name added to list: 58816
name added to list: 58817
name added to list: 58818
name added to list: 58819
name added to list: 58820
name added to list: 58821
name added to list: 58822
name added to list: 58823
name added to list: 58824
name added to list: 58825
name added to list: 58826
name added to list: 58827
name added to list: 58828
name added to list: 58829
name added to list: 58830
name added to list: 58831
name added to list: 58832
name added to list: 58833
name added to list: 58834
name added to list: 58835
name added to list: 58836
name added to list: 58837
name added to list: 58838
name added to list: 58839
name added to list: 58840
name added to list: 58841
name added to list: 58842
name added to list: 58843
name added to list: 58844
name added to list: 58845
name added to list: 58846
name added to list: 58847
name added to list: 58848
name added to list: 58849
name added to list: 58850
name added to list: 58851
name added to list: 58852
name added to list: 58853
name added to list: 58854
name added to list: 58855
name added to list: 58856
name added to list: 58857
name added to list: 58858
name added to list: 58859
name added to list: 58860
name added to list: 58861
name added to list: 58862
name added to list: 58863
name added to list: 58864
name added to list: 58865
name added to list: 58866
name added to list: 58867
name added to list: 58868
name added to list: 58869
name added to list: 58870
name added to list: 58871
name added to list: 58872
name added to list: 58873
name added to list: 58874
name added to list: 58875
name added to list: 58876
name added to list: 58877
name added to list: 58878
name added to list: 58879
name added to list: 58880
name added to list: 58881
name added to list: 58882
name added to list: 58883
name added to list: 58884
name added to list: 58885
name added to list: 58886
name added to list: 58887
name added to list: 58888
name added to list: 58889
name added to list: 58890
name added to list: 58891
name added to list: 58892
name added to list: 58893
name added to list: 58894
name added to list: 58895
name added to list: 58896
name added to list: 58897
name added to list: 58898
name added to list: 58899
name added to list: 58900
name added to list: 58901
name added to list: 58902
name added to list: 58903
name added to list: 58904
name added to list: 58905
name added to list: 58906
name added to list: 58907
name added to list: 58908
name added to list: 58909
name added to list: 58910
name added to list: 58911
name added to list: 58912
name added to list: 58913
name added to list: 58914
name added to list: 58915
name added to list: 58916
name added to list: 58917
name added to list: 58918
name added to list: 58919
name added to list: 58920
name added to list: 58921
name added to list: 58922
name added to list: 58923
name added to list: 58924
name added to list: 58925
name added to list: 58926
name added to list: 58927
name added to list: 58928
name added to list: 58929
name added to list: 58930
name added to list: 58931
name added to list: 58932
name added to list: 58933
name added to list: 58934
name added to list: 58935
name added to list: 58936
name added to list: 58937
name added to list: 58938
name added to list: 58939
name added to list: 58940
name added to list: 58941
name added to list: 58942
name added to list: 58943
name added to list: 58944
name added to list: 58945
name added to list: 58946
name added to list: 58947
name added to list: 58948
name added to list: 58949
name added to list: 58950
name added to list: 58951
name added to list: 58952
name added to list: 58953
name added to list: 58954
name added to list: 58955
name added to list: 58956
name added to list: 58957
name added to list: 58958
name added to list: 58959
name added to list: 58960
name added to list: 58961
name added to list: 58962
name added to list: 58963
name added to list: 58964
name added to list: 58965
name added to list: 58966
name added to list: 58967
name added to list: 58968
name added to list: 58969
name added to list: 58970
name added to list: 58971
name added to list: 58972
name added to list: 58973
name added to list: 58974
name added to list: 58975
name added to list: 58976
name added to list: 58977
name added to list: 58978
name added to list: 58979
name added to list: 58980
name added to list: 58981
name added to list: 58982
name added to list: 58983
name added to list: 58984
name added to list: 58985
name added to list: 58986
name added to list: 58987
name added to list: 58988
name added to list: 58989
name added to list: 58990
name added to list: 58991
name added to list: 58992
name added to list: 58993
name added to list: 58994
name added to list: 58995
name added to list: 58996
name added to list: 58997
name added to list: 58998
name added to list: 58999
name added to list: 59000
name added to list: 59001
name added to list: 59002
name added to list: 59003
name added to list: 59004
name added to list: 59005
name added to list: 59006
name added to list: 59007
name added to list: 59008
name added to list: 59009
name added to list: 59010
name added to list: 59011
name added to list: 59012
name added to list: 59013
name added to list: 59014
name added to list: 59015
name added to list: 59016
name added to list: 59017
name added to list: 59018
name added to list: 59019
name added to list: 59020
name added to list: 59021
name added to list: 59022
name added to list: 59023
name added to list: 59024
name added to list: 59025
name added to list: 59026
name added to list: 59027
name added to list: 59028
name added to list: 59029
name added to list: 59030
name added to list: 59031
name added to list: 59032
name added to list: 59033
name added to list: 59034
name added to list: 59035
name added to list: 59036
name added to list: 59037
name added to list: 59038
name added to list: 59039
name added to list: 59040
name added to list: 59041
name added to list: 59042
name added to list: 59043
name added to list: 59044
name added to list: 59045
name added to list: 59046
name added to list: 59047
name added to list: 59048
name added to list: 59049
name added to list: 59050
name added to list: 59051
name added to list: 59052
name added to list: 59053
name added to list: 59054
name added to list: 59055
name added to list: 59056
name added to list: 59057
name added to list: 59058
name added to list: 59059
name added to list: 59060
name added to list: 59061
name added to list: 59062
name added to list: 59063
name added to list: 59064
name added to list: 59065
name added to list: 59066
name added to list: 59067
name added to list: 59068
name added to list: 59069
name added to list: 59070
name added to list: 59071
name added to list: 59072
name added to list: 59073
name added to list: 59074
name added to list: 59075
name added to list: 59076
name added to list: 59077
name added to list: 59078
name added to list: 59079
name added to list: 59080
name added to list: 59081
name added to list: 59082
name added to list: 59083
name added to list: 59084
name added to list: 59085
name added to list: 59086
name added to list: 59087
name added to list: 59088
name added to list: 59089
name added to list: 59090
name added to list: 59091
name added to list: 59092
name added to list: 59093
name added to list: 59094
name added to list: 59095
name added to list: 59096
name added to list: 59097
name added to list: 59098
name added to list: 59099
name added to list: 59100
name added to list: 59101
name added to list: 59102
name added to list: 59103
name added to list: 59104
name added to list: 59105
name added to list: 59106
name added to list: 59107
name added to list: 59108
name added to list: 59109
name added to list: 59110
name added to list: 59111
name added to list: 59112
name added to list: 59113
name added to list: 59114
name added to list: 59115
name added to list: 59116
name added to list: 59117
name added to list: 59118
name added to list: 59119
name added to list: 59120
name added to list: 59121
name added to list: 59122
name added to list: 59123
name added to list: 59124
name added to list: 59125
name added to list: 59126
name added to list: 59127
name added to list: 59128
name added to list: 59129
name added to list: 59130
name added to list: 59131
name added to list: 59132
name added to list: 59133
name added to list: 59134
name added to list: 59135
name added to list: 59136
name added to list: 59137
name added to list: 59138
name added to list: 59139
name added to list: 59140
name added to list: 59141
name added to list: 59142
name added to list: 59143
name added to list: 59144
name added to list: 59145
name added to list: 59146
name added to list: 59147
name added to list: 59148
name added to list: 59149
name added to list: 59150
name added to list: 59151
name added to list: 59152
name added to list: 59153
name added to list: 59154
name added to list: 59155
name added to list: 59156
name added to list: 59157
name added to list: 59158
name added to list: 59159
name added to list: 59160
name added to list: 59161
name added to list: 59162
name added to list: 59163
name added to list: 59164
name added to list: 59165
name added to list: 59166
name added to list: 59167
name added to list: 59168
name added to list: 59169
name added to list: 59170
name added to list: 59171
name added to list: 59172
name added to list: 59173
name added to list: 59174
name added to list: 59175
name added to list: 59176
name added to list: 59177
name added to list: 59178
name added to list: 59179
name added to list: 59180
name added to list: 59181
name added to list: 59182
name added to list: 59183
name added to list: 59184
name added to list: 59185
name added to list: 59186
name added to list: 59187
name added to list: 59188
name added to list: 59189
name added to list: 59190
name added to list: 59191
name added to list: 59192
name added to list: 59193
name added to list: 59194
name added to list: 59195
name added to list: 59196
name added to list: 59197
name added to list: 59198
name added to list: 59199
name added to list: 59200
name added to list: 59201
name added to list: 59202
name added to list: 59203
name added to list: 59204
name added to list: 59205
name added to list: 59206
name added to list: 59207
name added to list: 59208
name added to list: 59209
name added to list: 59210
name added to list: 59211
name added to list: 59212
name added to list: 59213
name added to list: 59214
name added to list: 59215
name added to list: 59216
name added to list: 59217
name added to list: 59218
name added to list: 59219
name added to list: 59220
name added to list: 59221
name added to list: 59222
name added to list: 59223
name added to list: 59224
name added to list: 59225
name added to list: 59226
name added to list: 59227
name added to list: 59228
name added to list: 59229
name added to list: 59230
name added to list: 59231
name added to list: 59232
name added to list: 59233
name added to list: 59234
name added to list: 59235
name added to list: 59236
name added to list: 59237
name added to list: 59238
name added to list: 59239
name added to list: 59240
name added to list: 59241
name added to list: 59242
name added to list: 59243
name added to list: 59244
name added to list: 59245
name added to list: 59246
name added to list: 59247
name added to list: 59248
name added to list: 59249
name added to list: 59250
name added to list: 59251
name added to list: 59252
name added to list: 59253
name added to list: 59254
name added to list: 59255
name added to list: 59256
name added to list: 59257
name added to list: 59258
name added to list: 59259
name added to list: 59260
name added to list: 59261
name added to list: 59262
name added to list: 59263
name added to list: 59264
name added to list: 59265
name added to list: 59266
name added to list: 59267
name added to list: 59268
name added to list: 59269
name added to list: 59270
name added to list: 59271
name added to list: 59272
name added to list: 59273
name added to list: 59274
name added to list: 59275
name added to list: 59276
name added to list: 59277
name added to list: 59278
name added to list: 59279
name added to list: 59280
name added to list: 59281
name added to list: 59282
name added to list: 59283
name added to list: 59284
name added to list: 59285
name added to list: 59286
name added to list: 59287
name added to list: 59288
name added to list: 59289
name added to list: 59290
name added to list: 59291
name added to list: 59292
name added to list: 59293
name added to list: 59294
name added to list: 59295
name added to list: 59296
name added to list: 59297
name added to list: 59298
name added to list: 59299
name added to list: 59300
name added to list: 59301
name added to list: 59302
name added to list: 59303
name added to list: 59304
name added to list: 59305
name added to list: 59306
name added to list: 59307
name added to list: 59308
name added to list: 59309
name added to list: 59310
name added to list: 59311
name added to list: 59312
name added to list: 59313
name added to list: 59314
name added to list: 59315
name added to list: 59316
name added to list: 59317
name added to list: 59318
name added to list: 59319
name added to list: 59320
name added to list: 59321
name added to list: 59322
name added to list: 59323
name added to list: 59324
name added to list: 59325
name added to list: 59326
name added to list: 59327
name added to list: 59328
name added to list: 59329
name added to list: 59330
name added to list: 59331
name added to list: 59332
name added to list: 59333
name added to list: 59334
name added to list: 59335
name added to list: 59336
name added to list: 59337
name added to list: 59338
name added to list: 59339
name added to list: 59340
name added to list: 59341
name added to list: 59342
name added to list: 59343
name added to list: 59344
name added to list: 59345
name added to list: 59346
name added to list: 59347
name added to list: 59348
name added to list: 59349
name added to list: 59350
name added to list: 59351
name added to list: 59352
name added to list: 59353
name added to list: 59354
name added to list: 59355
name added to list: 59356
name added to list: 59357
name added to list: 59358
name added to list: 59359
name added to list: 59360
name added to list: 59361
name added to list: 59362
name added to list: 59363
name added to list: 59364
name added to list: 59365
name added to list: 59366
name added to list: 59367
name added to list: 59368
name added to list: 59369
name added to list: 59370
name added to list: 59371
name added to list: 59372
name added to list: 59373
name added to list: 59374
name added to list: 59375
name added to list: 59376
name added to list: 59377
name added to list: 59378
name added to list: 59379
name added to list: 59380
name added to list: 59381
name added to list: 59382
name added to list: 59383
name added to list: 59384
name added to list: 59385
name added to list: 59386
name added to list: 59387
name added to list: 59388
name added to list: 59389
name added to list: 59390
name added to list: 59391
name added to list: 59392
name added to list: 59393
name added to list: 59394
name added to list: 59395
name added to list: 59396
name added to list: 59397
name added to list: 59398
name added to list: 59399
name added to list: 59400
name added to list: 59401
name added to list: 59402
name added to list: 59403
name added to list: 59404
name added to list: 59405
name added to list: 59406
name added to list: 59407
name added to list: 59408
name added to list: 59409
name added to list: 59410
name added to list: 59411
name added to list: 59412
name added to list: 59413
name added to list: 59414
name added to list: 59415
name added to list: 59416
name added to list: 59417
name added to list: 59418
name added to list: 59419
name added to list: 59420
name added to list: 59421
name added to list: 59422
name added to list: 59423
name added to list: 59424
name added to list: 59425
name added to list: 59426
name added to list: 59427
name added to list: 59428
name added to list: 59429
name added to list: 59430
name added to list: 59431
name added to list: 59432
name added to list: 59433
name added to list: 59434
name added to list: 59435
name added to list: 59436
name added to list: 59437
name added to list: 59438
name added to list: 59439
name added to list: 59440
name added to list: 59441
name added to list: 59442
name added to list: 59443
name added to list: 59444
name added to list: 59445
name added to list: 59446
name added to list: 59447
name added to list: 59448
name added to list: 59449
name added to list: 59450
name added to list: 59451
name added to list: 59452
name added to list: 59453
name added to list: 59454
name added to list: 59455
name added to list: 59456
name added to list: 59457
name added to list: 59458
name added to list: 59459
name added to list: 59460
name added to list: 59461
name added to list: 59462
name added to list: 59463
name added to list: 59464
name added to list: 59465
name added to list: 59466
name added to list: 59467
name added to list: 59468
name added to list: 59469
name added to list: 59470
name added to list: 59471
name added to list: 59472
name added to list: 59473
name added to list: 59474
name added to list: 59475
name added to list: 59476
name added to list: 59477
name added to list: 59478
name added to list: 59479
name added to list: 59480
name added to list: 59481
name added to list: 59482
name added to list: 59483
name added to list: 59484
name added to list: 59485
name added to list: 59486
name added to list: 59487
name added to list: 59488
name added to list: 59489
name added to list: 59490
name added to list: 59491
name added to list: 59492
name added to list: 59493
name added to list: 59494
name added to list: 59495
name added to list: 59496
name added to list: 59497
name added to list: 59498
name added to list: 59499
name added to list: 59500
name added to list: 59501
name added to list: 59502
name added to list: 59503
name added to list: 59504
name added to list: 59505
name added to list: 59506
name added to list: 59507
name added to list: 59508
name added to list: 59509
name added to list: 59510
name added to list: 59511
name added to list: 59512
name added to list: 59513
name added to list: 59514
name added to list: 59515
name added to list: 59516
name added to list: 59517
name added to list: 59518
name added to list: 59519
name added to list: 59520
name added to list: 59521
name added to list: 59522
name added to list: 59523
name added to list: 59524
name added to list: 59525
name added to list: 59526
name added to list: 59527
name added to list: 59528
name added to list: 59529
name added to list: 59530
name added to list: 59531
name added to list: 59532
name added to list: 59533
name added to list: 59534
name added to list: 59535
name added to list: 59536
name added to list: 59537
name added to list: 59538
name added to list: 59539
name added to list: 59540
name added to list: 59541
name added to list: 59542
name added to list: 59543
name added to list: 59544
name added to list: 59545
name added to list: 59546
name added to list: 59547
name added to list: 59548
name added to list: 59549
name added to list: 59550
name added to list: 59551
name added to list: 59552
name added to list: 59553
name added to list: 59554
name added to list: 59555
name added to list: 59556
name added to list: 59557
name added to list: 59558
name added to list: 59559
name added to list: 59560
name added to list: 59561
name added to list: 59562
name added to list: 59563
name added to list: 59564
name added to list: 59565
name added to list: 59566
name added to list: 59567
name added to list: 59568
name added to list: 59569
name added to list: 59570
name added to list: 59571
name added to list: 59572
name added to list: 59573
name added to list: 59574
name added to list: 59575
name added to list: 59576
name added to list: 59577
name added to list: 59578
name added to list: 59579
name added to list: 59580
name added to list: 59581
name added to list: 59582
name added to list: 59583
name added to list: 59584
name added to list: 59585
name added to list: 59586
name added to list: 59587
name added to list: 59588
name added to list: 59589
name added to list: 59590
name added to list: 59591
name added to list: 59592
name added to list: 59593
name added to list: 59594
name added to list: 59595
name added to list: 59596
name added to list: 59597
name added to list: 59598
name added to list: 59599
name added to list: 59600
name added to list: 59601
name added to list: 59602
name added to list: 59603
name added to list: 59604
name added to list: 59605
name added to list: 59606
name added to list: 59607
name added to list: 59608
name added to list: 59609
name added to list: 59610
name added to list: 59611
name added to list: 59612
name added to list: 59613
name added to list: 59614
name added to list: 59615
name added to list: 59616
name added to list: 59617
name added to list: 59618
name added to list: 59619
name added to list: 59620
name added to list: 59621
name added to list: 59622
name added to list: 59623
name added to list: 59624
name added to list: 59625
name added to list: 59626
name added to list: 59627
name added to list: 59628
name added to list: 59629
name added to list: 59630
name added to list: 59631
name added to list: 59632
name added to list: 59633
name added to list: 59634
name added to list: 59635
name added to list: 59636
name added to list: 59637
name added to list: 59638
name added to list: 59639
name added to list: 59640
name added to list: 59641
name added to list: 59642
name added to list: 59643
name added to list: 59644
name added to list: 59645
name added to list: 59646
name added to list: 59647
name added to list: 59648
name added to list: 59649
name added to list: 59650
name added to list: 59651
name added to list: 59652
name added to list: 59653
name added to list: 59654
name added to list: 59655
name added to list: 59656
name added to list: 59657
name added to list: 59658
name added to list: 59659
name added to list: 59660
name added to list: 59661
name added to list: 59662
name added to list: 59663
name added to list: 59664
name added to list: 59665
name added to list: 59666
name added to list: 59667
name added to list: 59668
name added to list: 59669
name added to list: 59670
name added to list: 59671
name added to list: 59672
name added to list: 59673
name added to list: 59674
name added to list: 59675
name added to list: 59676
name added to list: 59677
name added to list: 59678
name added to list: 59679
name added to list: 59680
name added to list: 59681
name added to list: 59682
name added to list: 59683
name added to list: 59684
name added to list: 59685
name added to list: 59686
name added to list: 59687
name added to list: 59688
name added to list: 59689
name added to list: 59690
name added to list: 59691
name added to list: 59692
name added to list: 59693
name added to list: 59694
name added to list: 59695
name added to list: 59696
name added to list: 59697
name added to list: 59698
name added to list: 59699
name added to list: 59700
name added to list: 59701
name added to list: 59702
name added to list: 59703
name added to list: 59704
name added to list: 59705
name added to list: 59706
name added to list: 59707
name added to list: 59708
name added to list: 59709
name added to list: 59710
name added to list: 59711
name added to list: 59712
name added to list: 59713
name added to list: 59714
name added to list: 59715
name added to list: 59716
name added to list: 59717
name added to list: 59718
name added to list: 59719
name added to list: 59720
name added to list: 59721
name added to list: 59722
name added to list: 59723
name added to list: 59724
name added to list: 59725
name added to list: 59726
name added to list: 59727
name added to list: 59728
name added to list: 59729
name added to list: 59730
name added to list: 59731
name added to list: 59732
name added to list: 59733
name added to list: 59734
name added to list: 59735
name added to list: 59736
name added to list: 59737
name added to list: 59738
name added to list: 59739
name added to list: 59740
name added to list: 59741
name added to list: 59742
name added to list: 59743
name added to list: 59744
name added to list: 59745
name added to list: 59746
name added to list: 59747
name added to list: 59748
name added to list: 59749
name added to list: 59750
name added to list: 59751
name added to list: 59752
name added to list: 59753
name added to list: 59754
name added to list: 59755
name added to list: 59756
name added to list: 59757
name added to list: 59758
name added to list: 59759
name added to list: 59760
name added to list: 59761
name added to list: 59762
name added to list: 59763
name added to list: 59764
name added to list: 59765
name added to list: 59766
name added to list: 59767
name added to list: 59768
name added to list: 59769
name added to list: 59770
name added to list: 59771
name added to list: 59772
name added to list: 59773
name added to list: 59774
name added to list: 59775
name added to list: 59776
name added to list: 59777
name added to list: 59778
name added to list: 59779
name added to list: 59780
name added to list: 59781
name added to list: 59782
name added to list: 59783
name added to list: 59784
name added to list: 59785
name added to list: 59786
name added to list: 59787
name added to list: 59788
name added to list: 59789
name added to list: 59790
name added to list: 59791
name added to list: 59792
name added to list: 59793
name added to list: 59794
name added to list: 59795
name added to list: 59796
name added to list: 59797
name added to list: 59798
name added to list: 59799
name added to list: 59800
name added to list: 59801
name added to list: 59802
name added to list: 59803
name added to list: 59804
name added to list: 59805
name added to list: 59806
name added to list: 59807
name added to list: 59808
name added to list: 59809
name added to list: 59810
name added to list: 59811
name added to list: 59812
name added to list: 59813
name added to list: 59814
name added to list: 59815
name added to list: 59816
name added to list: 59817
name added to list: 59818
name added to list: 59819
name added to list: 59820
name added to list: 59821
name added to list: 59822
name added to list: 59823
name added to list: 59824
name added to list: 59825
name added to list: 59826
name added to list: 59827
name added to list: 59828
name added to list: 59829
name added to list: 59830
name added to list: 59831
name added to list: 59832
name added to list: 59833
name added to list: 59834
name added to list: 59835
name added to list: 59836
name added to list: 59837
name added to list: 59838
name added to list: 59839
name added to list: 59840
name added to list: 59841
name added to list: 59842
name added to list: 59843
name added to list: 59844
name added to list: 59845
name added to list: 59846
name added to list: 59847
name added to list: 59848
name added to list: 59849
name added to list: 59850
name added to list: 59851
name added to list: 59852
name added to list: 59853
name added to list: 59854
name added to list: 59855
name added to list: 59856
name added to list: 59857
name added to list: 59858
name added to list: 59859
name added to list: 59860
name added to list: 59861
name added to list: 59862
name added to list: 59863
name added to list: 59864
name added to list: 59865
name added to list: 59866
name added to list: 59867
name added to list: 59868
name added to list: 59869
name added to list: 59870
name added to list: 59871
name added to list: 59872
name added to list: 59873
name added to list: 59874
name added to list: 59875
name added to list: 59876
name added to list: 59877
name added to list: 59878
name added to list: 59879
name added to list: 59880
name added to list: 59881
name added to list: 59882
name added to list: 59883
name added to list: 59884
name added to list: 59885
name added to list: 59886
name added to list: 59887
name added to list: 59888
name added to list: 59889
name added to list: 59890
name added to list: 59891
name added to list: 59892
name added to list: 59893
name added to list: 59894
name added to list: 59895
name added to list: 59896
name added to list: 59897
name added to list: 59898
name added to list: 59899
name added to list: 59900
name added to list: 59901
name added to list: 59902
name added to list: 59903
name added to list: 59904
name added to list: 59905
name added to list: 59906
name added to list: 59907
name added to list: 59908
name added to list: 59909
name added to list: 59910
name added to list: 59911
name added to list: 59912
name added to list: 59913
name added to list: 59914
name added to list: 59915
name added to list: 59916
name added to list: 59917
name added to list: 59918
name added to list: 59919
name added to list: 59920
name added to list: 59921
name added to list: 59922
name added to list: 59923
name added to list: 59924
name added to list: 59925
name added to list: 59926
name added to list: 59927
name added to list: 59928
name added to list: 59929
name added to list: 59930
name added to list: 59931
name added to list: 59932
name added to list: 59933
name added to list: 59934
name added to list: 59935
name added to list: 59936
name added to list: 59937
name added to list: 59938
name added to list: 59939
name added to list: 59940
name added to list: 59941
name added to list: 59942
name added to list: 59943
name added to list: 59944
name added to list: 59945
name added to list: 59946
name added to list: 59947
name added to list: 59948
name added to list: 59949
name added to list: 59950
name added to list: 59951
name added to list: 59952
name added to list: 59953
name added to list: 59954
name added to list: 59955
name added to list: 59956
name added to list: 59957
name added to list: 59958
name added to list: 59959
name added to list: 59960
name added to list: 59961
name added to list: 59962
name added to list: 59963
name added to list: 59964
name added to list: 59965
name added to list: 59966
name added to list: 59967
name added to list: 59968
name added to list: 59969
name added to list: 59970
name added to list: 59971
name added to list: 59972
name added to list: 59973
name added to list: 59974
name added to list: 59975
name added to list: 59976
name added to list: 59977
name added to list: 59978
name added to list: 59979
name added to list: 59980
name added to list: 59981
name added to list: 59982
name added to list: 59983
name added to list: 59984
name added to list: 59985
name added to list: 59986
name added to list: 59987
name added to list: 59988
name added to list: 59989
name added to list: 59990
name added to list: 59991
name added to list: 59992
name added to list: 59993
name added to list: 59994
name added to list: 59995
name added to list: 59996
name added to list: 59997
name added to list: 59998
name added to list: 59999
name added to list: 60000
name added to list: 60001
name added to list: 60002
name added to list: 60003
name added to list: 60004
name added to list: 60005
name added to list: 60006
name added to list: 60007
name added to list: 60008
name added to list: 60009
name added to list: 60010
name added to list: 60011
name added to list: 60012
name added to list: 60013
name added to list: 60014
name added to list: 60015
name added to list: 60016
name added to list: 60017
name added to list: 60018
name added to list: 60019
name added to list: 60020
name added to list: 60021
name added to list: 60022
name added to list: 60023
name added to list: 60024
name added to list: 60025
name added to list: 60026
name added to list: 60027
name added to list: 60028
name added to list: 60029
name added to list: 60030
name added to list: 60031
name added to list: 60032
name added to list: 60033
name added to list: 60034
name added to list: 60035
name added to list: 60036
name added to list: 60037
name added to list: 60038
name added to list: 60039
name added to list: 60040
name added to list: 60041
name added to list: 60042
name added to list: 60043
name added to list: 60044
name added to list: 60045
name added to list: 60046
name added to list: 60047
name added to list: 60048
name added to list: 60049
name added to list: 60050
name added to list: 60051
name added to list: 60052
name added to list: 60053
name added to list: 60054
name added to list: 60055
name added to list: 60056
name added to list: 60057
name added to list: 60058
name added to list: 60059
name added to list: 60060
name added to list: 60061
name added to list: 60062
name added to list: 60063
name added to list: 60064
name added to list: 60065
name added to list: 60066
name added to list: 60067
name added to list: 60068
name added to list: 60069
name added to list: 60070
name added to list: 60071
name added to list: 60072
name added to list: 60073
name added to list: 60074
name added to list: 60075
name added to list: 60076
name added to list: 60077
name added to list: 60078
name added to list: 60079
name added to list: 60080
name added to list: 60081
name added to list: 60082
name added to list: 60083
name added to list: 60084
name added to list: 60085
name added to list: 60086
name added to list: 60087
name added to list: 60088
name added to list: 60089
name added to list: 60090
name added to list: 60091
name added to list: 60092
name added to list: 60093
name added to list: 60094
name added to list: 60095
name added to list: 60096
name added to list: 60097
name added to list: 60098
name added to list: 60099
name added to list: 60100
name added to list: 60101
name added to list: 60102
name added to list: 60103
name added to list: 60104
name added to list: 60105
name added to list: 60106
name added to list: 60107
name added to list: 60108
name added to list: 60109
name added to list: 60110
name added to list: 60111
name added to list: 60112
name added to list: 60113
name added to list: 60114
name added to list: 60115
name added to list: 60116
name added to list: 60117
name added to list: 60118
name added to list: 60119
name added to list: 60120
name added to list: 60121
name added to list: 60122
name added to list: 60123
name added to list: 60124
name added to list: 60125
name added to list: 60126
name added to list: 60127
name added to list: 60128
name added to list: 60129
name added to list: 60130
name added to list: 60131
name added to list: 60132
name added to list: 60133
name added to list: 60134
name added to list: 60135
name added to list: 60136
name added to list: 60137
name added to list: 60138
name added to list: 60139
name added to list: 60140
name added to list: 60141
name added to list: 60142
name added to list: 60143
name added to list: 60144
name added to list: 60145
name added to list: 60146
name added to list: 60147
name added to list: 60148
name added to list: 60149
name added to list: 60150
name added to list: 60151
name added to list: 60152
name added to list: 60153
name added to list: 60154
name added to list: 60155
name added to list: 60156
name added to list: 60157
name added to list: 60158
name added to list: 60159
name added to list: 60160
name added to list: 60161
name added to list: 60162
name added to list: 60163
name added to list: 60164
name added to list: 60165
name added to list: 60166
name added to list: 60167
name added to list: 60168
name added to list: 60169
name added to list: 60170
name added to list: 60171
name added to list: 60172
name added to list: 60173
name added to list: 60174
name added to list: 60175
name added to list: 60176
name added to list: 60177
name added to list: 60178
name added to list: 60179
name added to list: 60180
name added to list: 60181
name added to list: 60182
name added to list: 60183
name added to list: 60184
name added to list: 60185
name added to list: 60186
name added to list: 60187
name added to list: 60188
name added to list: 60189
name added to list: 60190
name added to list: 60191
name added to list: 60192
name added to list: 60193
name added to list: 60194
name added to list: 60195
name added to list: 60196
name added to list: 60197
name added to list: 60198
name added to list: 60199
name added to list: 60200
name added to list: 60201
name added to list: 60202
name added to list: 60203
name added to list: 60204
name added to list: 60205
name added to list: 60206
name added to list: 60207
name added to list: 60208
name added to list: 60209
name added to list: 60210
name added to list: 60211
name added to list: 60212
name added to list: 60213
name added to list: 60214
name added to list: 60215
name added to list: 60216
name added to list: 60217
name added to list: 60218
name added to list: 60219
name added to list: 60220
name added to list: 60221
name added to list: 60222
name added to list: 60223
name added to list: 60224
name added to list: 60225
name added to list: 60226
name added to list: 60227
name added to list: 60228
name added to list: 60229
name added to list: 60230
name added to list: 60231
name added to list: 60232
name added to list: 60233
name added to list: 60234
name added to list: 60235
name added to list: 60236
name added to list: 60237
name added to list: 60238
name added to list: 60239
name added to list: 60240
name added to list: 60241
name added to list: 60242
name added to list: 60243
name added to list: 60244
name added to list: 60245
name added to list: 60246
name added to list: 60247
name added to list: 60248
name added to list: 60249
name added to list: 60250
name added to list: 60251
name added to list: 60252
name added to list: 60253
name added to list: 60254
name added to list: 60255
name added to list: 60256
name added to list: 60257
name added to list: 60258
name added to list: 60259
name added to list: 60260
name added to list: 60261
name added to list: 60262
name added to list: 60263
name added to list: 60264
name added to list: 60265
name added to list: 60266
name added to list: 60267
name added to list: 60268
name added to list: 60269
name added to list: 60270
name added to list: 60271
name added to list: 60272
name added to list: 60273
name added to list: 60274
name added to list: 60275
name added to list: 60276
name added to list: 60277
name added to list: 60278
name added to list: 60279
name added to list: 60280
name added to list: 60281
name added to list: 60282
name added to list: 60283
name added to list: 60284
name added to list: 60285
name added to list: 60286
name added to list: 60287
name added to list: 60288
name added to list: 60289
name added to list: 60290
name added to list: 60291
name added to list: 60292
name added to list: 60293
name added to list: 60294
name added to list: 60295
name added to list: 60296
name added to list: 60297
name added to list: 60298
name added to list: 60299
name added to list: 60300
name added to list: 60301
name added to list: 60302
name added to list: 60303
name added to list: 60304
name added to list: 60305
name added to list: 60306
name added to list: 60307
name added to list: 60308
name added to list: 60309
name added to list: 60310
name added to list: 60311
name added to list: 60312
name added to list: 60313
name added to list: 60314
name added to list: 60315
name added to list: 60316
name added to list: 60317
name added to list: 60318
name added to list: 60319
name added to list: 60320
name added to list: 60321
name added to list: 60322
name added to list: 60323
name added to list: 60324
name added to list: 60325
name added to list: 60326
name added to list: 60327
name added to list: 60328
name added to list: 60329
name added to list: 60330
name added to list: 60331
name added to list: 60332
name added to list: 60333
name added to list: 60334
name added to list: 60335
name added to list: 60336
name added to list: 60337
name added to list: 60338
name added to list: 60339
name added to list: 60340
name added to list: 60341
name added to list: 60342
name added to list: 60343
name added to list: 60344
name added to list: 60345
name added to list: 60346
name added to list: 60347
name added to list: 60348
name added to list: 60349
name added to list: 60350
name added to list: 60351
name added to list: 60352
name added to list: 60353
name added to list: 60354
name added to list: 60355
name added to list: 60356
name added to list: 60357
name added to list: 60358
name added to list: 60359
name added to list: 60360
name added to list: 60361
name added to list: 60362
name added to list: 60363
name added to list: 60364
name added to list: 60365
name added to list: 60366
name added to list: 60367
name added to list: 60368
name added to list: 60369
name added to list: 60370
name added to list: 60371
name added to list: 60372
name added to list: 60373
name added to list: 60374
name added to list: 60375
name added to list: 60376
name added to list: 60377
name added to list: 60378
name added to list: 60379
name added to list: 60380
name added to list: 60381
name added to list: 60382
name added to list: 60383
name added to list: 60384
name added to list: 60385
name added to list: 60386
name added to list: 60387
name added to list: 60388
name added to list: 60389
name added to list: 60390
name added to list: 60391
name added to list: 60392
name added to list: 60393
name added to list: 60394
name added to list: 60395
name added to list: 60396
name added to list: 60397
name added to list: 60398
name added to list: 60399
name added to list: 60400
name added to list: 60401
name added to list: 60402
name added to list: 60403
name added to list: 60404
name added to list: 60405
name added to list: 60406
name added to list: 60407
name added to list: 60408
name added to list: 60409
name added to list: 60410
name added to list: 60411
name added to list: 60412
name added to list: 60413
name added to list: 60414
name added to list: 60415
name added to list: 60416
name added to list: 60417
name added to list: 60418
name added to list: 60419
name added to list: 60420
name added to list: 60421
name added to list: 60422
name added to list: 60423
name added to list: 60424
name added to list: 60425
name added to list: 60426
name added to list: 60427
name added to list: 60428
name added to list: 60429
name added to list: 60430
name added to list: 60431
name added to list: 60432
name added to list: 60433
name added to list: 60434
name added to list: 60435
name added to list: 60436
name added to list: 60437
name added to list: 60438
name added to list: 60439
name added to list: 60440
name added to list: 60441
name added to list: 60442
name added to list: 60443
name added to list: 60444
name added to list: 60445
name added to list: 60446
name added to list: 60447
name added to list: 60448
name added to list: 60449
name added to list: 60450
name added to list: 60451
name added to list: 60452
name added to list: 60453
name added to list: 60454
name added to list: 60455
name added to list: 60456
name added to list: 60457
name added to list: 60458
name added to list: 60459
name added to list: 60460
name added to list: 60461
name added to list: 60462
name added to list: 60463
name added to list: 60464
name added to list: 60465
name added to list: 60466
name added to list: 60467
name added to list: 60468
name added to list: 60469
name added to list: 60470
name added to list: 60471
name added to list: 60472
name added to list: 60473
name added to list: 60474
name added to list: 60475
name added to list: 60476
name added to list: 60477
name added to list: 60478
name added to list: 60479
name added to list: 60480
name added to list: 60481
name added to list: 60482
name added to list: 60483
name added to list: 60484
name added to list: 60485
name added to list: 60486
name added to list: 60487
name added to list: 60488
name added to list: 60489
name added to list: 60490
name added to list: 60491
name added to list: 60492
name added to list: 60493
name added to list: 60494
name added to list: 60495
name added to list: 60496
name added to list: 60497
name added to list: 60498
name added to list: 60499
name added to list: 60500
name added to list: 60501
name added to list: 60502
name added to list: 60503
name added to list: 60504
name added to list: 60505
name added to list: 60506
name added to list: 60507
name added to list: 60508
name added to list: 60509
name added to list: 60510
name added to list: 60511
name added to list: 60512
name added to list: 60513
name added to list: 60514
name added to list: 60515
name added to list: 60516
name added to list: 60517
name added to list: 60518
name added to list: 60519
name added to list: 60520
name added to list: 60521
name added to list: 60522
name added to list: 60523
name added to list: 60524
name added to list: 60525
name added to list: 60526
name added to list: 60527
name added to list: 60528
name added to list: 60529
name added to list: 60530
name added to list: 60531
name added to list: 60532
name added to list: 60533
name added to list: 60534
name added to list: 60535
name added to list: 60536
name added to list: 60537
name added to list: 60538
name added to list: 60539
name added to list: 60540
name added to list: 60541
name added to list: 60542
name added to list: 60543
name added to list: 60544
name added to list: 60545
name added to list: 60546
name added to list: 60547
name added to list: 60548
name added to list: 60549
name added to list: 60550
name added to list: 60551
name added to list: 60552
name added to list: 60553
name added to list: 60554
name added to list: 60555
name added to list: 60556
name added to list: 60557
name added to list: 60558
name added to list: 60559
name added to list: 60560
name added to list: 60561
name added to list: 60562
name added to list: 60563
name added to list: 60564
name added to list: 60565
name added to list: 60566
name added to list: 60567
name added to list: 60568
name added to list: 60569
name added to list: 60570
name added to list: 60571
name added to list: 60572
name added to list: 60573
name added to list: 60574
name added to list: 60575
name added to list: 60576
name added to list: 60577
name added to list: 60578
name added to list: 60579
name added to list: 60580
name added to list: 60581
name added to list: 60582
name added to list: 60583
name added to list: 60584
name added to list: 60585
name added to list: 60586
name added to list: 60587
name added to list: 60588
name added to list: 60589
name added to list: 60590
name added to list: 60591
name added to list: 60592
name added to list: 60593
name added to list: 60594
name added to list: 60595
name added to list: 60596
name added to list: 60597
name added to list: 60598
name added to list: 60599
name added to list: 60600
name added to list: 60601
name added to list: 60602
name added to list: 60603
name added to list: 60604
name added to list: 60605
name added to list: 60606
name added to list: 60607
name added to list: 60608
name added to list: 60609
name added to list: 60610
name added to list: 60611
name added to list: 60612
name added to list: 60613
name added to list: 60614
name added to list: 60615
name added to list: 60616
name added to list: 60617
name added to list: 60618
name added to list: 60619
name added to list: 60620
name added to list: 60621
name added to list: 60622
name added to list: 60623
name added to list: 60624
name added to list: 60625
name added to list: 60626
name added to list: 60627
name added to list: 60628
name added to list: 60629
name added to list: 60630
name added to list: 60631
name added to list: 60632
name added to list: 60633
name added to list: 60634
name added to list: 60635
name added to list: 60636
name added to list: 60637
name added to list: 60638
name added to list: 60639
name added to list: 60640
name added to list: 60641
name added to list: 60642
name added to list: 60643
name added to list: 60644
name added to list: 60645
name added to list: 60646
name added to list: 60647
name added to list: 60648
name added to list: 60649
name added to list: 60650
name added to list: 60651
name added to list: 60652
name added to list: 60653
name added to list: 60654
name added to list: 60655
name added to list: 60656
name added to list: 60657
name added to list: 60658
name added to list: 60659
name added to list: 60660
name added to list: 60661
name added to list: 60662
name added to list: 60663
name added to list: 60664
name added to list: 60665
name added to list: 60666
name added to list: 60667
name added to list: 60668
name added to list: 60669
name added to list: 60670
name added to list: 60671
name added to list: 60672
name added to list: 60673
name added to list: 60674
name added to list: 60675
name added to list: 60676
name added to list: 60677
name added to list: 60678
name added to list: 60679
name added to list: 60680
name added to list: 60681
name added to list: 60682
name added to list: 60683
name added to list: 60684
name added to list: 60685
name added to list: 60686
name added to list: 60687
name added to list: 60688
name added to list: 60689
name added to list: 60690
name added to list: 60691
name added to list: 60692
name added to list: 60693
name added to list: 60694
name added to list: 60695
name added to list: 60696
name added to list: 60697
name added to list: 60698
name added to list: 60699
name added to list: 60700
name added to list: 60701
name added to list: 60702
name added to list: 60703
name added to list: 60704
name added to list: 60705
name added to list: 60706
name added to list: 60707
name added to list: 60708
name added to list: 60709
name added to list: 60710
name added to list: 60711
name added to list: 60712
name added to list: 60713
name added to list: 60714
name added to list: 60715
name added to list: 60716
name added to list: 60717
name added to list: 60718
name added to list: 60719
name added to list: 60720
name added to list: 60721
name added to list: 60722
name added to list: 60723
name added to list: 60724
name added to list: 60725
name added to list: 60726
name added to list: 60727
name added to list: 60728
name added to list: 60729
name added to list: 60730
name added to list: 60731
name added to list: 60732
name added to list: 60733
name added to list: 60734
name added to list: 60735
name added to list: 60736
name added to list: 60737
name added to list: 60738
name added to list: 60739
name added to list: 60740
name added to list: 60741
name added to list: 60742
name added to list: 60743
name added to list: 60744
name added to list: 60745
name added to list: 60746
name added to list: 60747
name added to list: 60748
name added to list: 60749
name added to list: 60750
name added to list: 60751
name added to list: 60752
name added to list: 60753
name added to list: 60754
name added to list: 60755
name added to list: 60756
name added to list: 60757
name added to list: 60758
name added to list: 60759
name added to list: 60760
name added to list: 60761
name added to list: 60762
name added to list: 60763
name added to list: 60764
name added to list: 60765
name added to list: 60766
name added to list: 60767
name added to list: 60768
name added to list: 60769
name added to list: 60770
name added to list: 60771
name added to list: 60772
name added to list: 60773
name added to list: 60774
name added to list: 60775
name added to list: 60776
name added to list: 60777
name added to list: 60778
name added to list: 60779
name added to list: 60780
name added to list: 60781
name added to list: 60782
name added to list: 60783
name added to list: 60784
name added to list: 60785
name added to list: 60786
name added to list: 60787
name added to list: 60788
name added to list: 60789
name added to list: 60790
name added to list: 60791
name added to list: 60792
name added to list: 60793
name added to list: 60794
name added to list: 60795
name added to list: 60796
name added to list: 60797
name added to list: 60798
name added to list: 60799
name added to list: 60800
name added to list: 60801
name added to list: 60802
name added to list: 60803
name added to list: 60804
name added to list: 60805
name added to list: 60806
name added to list: 60807
name added to list: 60808
name added to list: 60809
name added to list: 60810
name added to list: 60811
name added to list: 60812
name added to list: 60813
name added to list: 60814
name added to list: 60815
name added to list: 60816
name added to list: 60817
name added to list: 60818
name added to list: 60819
name added to list: 60820
name added to list: 60821
name added to list: 60822
name added to list: 60823
name added to list: 60824
name added to list: 60825
name added to list: 60826
name added to list: 60827
name added to list: 60828
name added to list: 60829
name added to list: 60830
name added to list: 60831
name added to list: 60832
name added to list: 60833
name added to list: 60834
name added to list: 60835
name added to list: 60836
name added to list: 60837
name added to list: 60838
name added to list: 60839
name added to list: 60840
name added to list: 60841
name added to list: 60842
name added to list: 60843
name added to list: 60844
name added to list: 60845
name added to list: 60846
name added to list: 60847
name added to list: 60848
name added to list: 60849
name added to list: 60850
name added to list: 60851
name added to list: 60852
name added to list: 60853
name added to list: 60854
name added to list: 60855
name added to list: 60856
name added to list: 60857
name added to list: 60858
name added to list: 60859
name added to list: 60860
name added to list: 60861
name added to list: 60862
name added to list: 60863
name added to list: 60864
name added to list: 60865
name added to list: 60866
name added to list: 60867
name added to list: 60868
name added to list: 60869
name added to list: 60870
name added to list: 60871
name added to list: 60872
name added to list: 60873
name added to list: 60874
name added to list: 60875
name added to list: 60876
name added to list: 60877
name added to list: 60878
name added to list: 60879
name added to list: 60880
name added to list: 60881
name added to list: 60882
name added to list: 60883
name added to list: 60884
name added to list: 60885
name added to list: 60886
name added to list: 60887
name added to list: 60888
name added to list: 60889
name added to list: 60890
name added to list: 60891
name added to list: 60892
name added to list: 60893
name added to list: 60894
name added to list: 60895
name added to list: 60896
name added to list: 60897
name added to list: 60898
name added to list: 60899
name added to list: 60900
name added to list: 60901
name added to list: 60902
name added to list: 60903
name added to list: 60904
name added to list: 60905
name added to list: 60906
name added to list: 60907
name added to list: 60908
name added to list: 60909
name added to list: 60910
name added to list: 60911
name added to list: 60912
name added to list: 60913
name added to list: 60914
name added to list: 60915
name added to list: 60916
name added to list: 60917
name added to list: 60918
name added to list: 60919
name added to list: 60920
name added to list: 60921
name added to list: 60922
name added to list: 60923
name added to list: 60924
name added to list: 60925
name added to list: 60926
name added to list: 60927
name added to list: 60928
name added to list: 60929
name added to list: 60930
name added to list: 60931
name added to list: 60932
name added to list: 60933
name added to list: 60934
name added to list: 60935
name added to list: 60936
name added to list: 60937
name added to list: 60938
name added to list: 60939
name added to list: 60940
name added to list: 60941
name added to list: 60942
name added to list: 60943
name added to list: 60944
name added to list: 60945
name added to list: 60946
name added to list: 60947
name added to list: 60948
name added to list: 60949
name added to list: 60950
name added to list: 60951
name added to list: 60952
name added to list: 60953
name added to list: 60954
name added to list: 60955
name added to list: 60956
name added to list: 60957
name added to list: 60958
name added to list: 60959
name added to list: 60960
name added to list: 60961
name added to list: 60962
name added to list: 60963
name added to list: 60964
name added to list: 60965
name added to list: 60966
name added to list: 60967
name added to list: 60968
name added to list: 60969
name added to list: 60970
name added to list: 60971
name added to list: 60972
name added to list: 60973
name added to list: 60974
name added to list: 60975
name added to list: 60976
name added to list: 60977
name added to list: 60978
name added to list: 60979
name added to list: 60980
name added to list: 60981
name added to list: 60982
name added to list: 60983
name added to list: 60984
name added to list: 60985
name added to list: 60986
name added to list: 60987
name added to list: 60988
name added to list: 60989
name added to list: 60990
name added to list: 60991
name added to list: 60992
name added to list: 60993
name added to list: 60994
name added to list: 60995
name added to list: 60996
name added to list: 60997
name added to list: 60998
name added to list: 60999
name added to list: 61000
name added to list: 61001
name added to list: 61002
name added to list: 61003
name added to list: 61004
name added to list: 61005
name added to list: 61006
name added to list: 61007
name added to list: 61008
name added to list: 61009
name added to list: 61010
name added to list: 61011
name added to list: 61012
name added to list: 61013
name added to list: 61014
name added to list: 61015
name added to list: 61016
name added to list: 61017
name added to list: 61018
name added to list: 61019
name added to list: 61020
name added to list: 61021
name added to list: 61022
name added to list: 61023
name added to list: 61024
name added to list: 61025
name added to list: 61026
name added to list: 61027
name added to list: 61028
name added to list: 61029
name added to list: 61030
name added to list: 61031
name added to list: 61032
name added to list: 61033
name added to list: 61034
name added to list: 61035
name added to list: 61036
name added to list: 61037
name added to list: 61038
name added to list: 61039
name added to list: 61040
name added to list: 61041
name added to list: 61042
name added to list: 61043
name added to list: 61044
name added to list: 61045
name added to list: 61046
name added to list: 61047
name added to list: 61048
name added to list: 61049
name added to list: 61050
name added to list: 61051
name added to list: 61052
name added to list: 61053
name added to list: 61054
name added to list: 61055
name added to list: 61056
name added to list: 61057
name added to list: 61058
name added to list: 61059
name added to list: 61060
name added to list: 61061
name added to list: 61062
name added to list: 61063
name added to list: 61064
name added to list: 61065
name added to list: 61066
name added to list: 61067
name added to list: 61068
name added to list: 61069
name added to list: 61070
name added to list: 61071
name added to list: 61072
name added to list: 61073
name added to list: 61074
name added to list: 61075
name added to list: 61076
name added to list: 61077
name added to list: 61078
name added to list: 61079
name added to list: 61080
name added to list: 61081
name added to list: 61082
name added to list: 61083
name added to list: 61084
name added to list: 61085
name added to list: 61086
name added to list: 61087
name added to list: 61088
name added to list: 61089
name added to list: 61090
name added to list: 61091
name added to list: 61092
name added to list: 61093
name added to list: 61094
name added to list: 61095
name added to list: 61096
name added to list: 61097
name added to list: 61098
name added to list: 61099
name added to list: 61100
name added to list: 61101
name added to list: 61102
name added to list: 61103
name added to list: 61104
name added to list: 61105
name added to list: 61106
name added to list: 61107
name added to list: 61108
name added to list: 61109
name added to list: 61110
name added to list: 61111
name added to list: 61112
name added to list: 61113
name added to list: 61114
name added to list: 61115
name added to list: 61116
name added to list: 61117
name added to list: 61118
name added to list: 61119
name added to list: 61120
name added to list: 61121
name added to list: 61122
name added to list: 61123
name added to list: 61124
name added to list: 61125
name added to list: 61126
name added to list: 61127
name added to list: 61128
name added to list: 61129
name added to list: 61130
name added to list: 61131
name added to list: 61132
name added to list: 61133
name added to list: 61134
name added to list: 61135
name added to list: 61136
name added to list: 61137
name added to list: 61138
name added to list: 61139
name added to list: 61140
name added to list: 61141
name added to list: 61142
name added to list: 61143
name added to list: 61144
name added to list: 61145
name added to list: 61146
name added to list: 61147
name added to list: 61148
name added to list: 61149
name added to list: 61150
name added to list: 61151
name added to list: 61152
name added to list: 61153
name added to list: 61154
name added to list: 61155
name added to list: 61156
name added to list: 61157
name added to list: 61158
name added to list: 61159
name added to list: 61160
name added to list: 61161
name added to list: 61162
name added to list: 61163
name added to list: 61164
name added to list: 61165
name added to list: 61166
name added to list: 61167
name added to list: 61168
name added to list: 61169
name added to list: 61170
name added to list: 61171
name added to list: 61172
name added to list: 61173
name added to list: 61174
name added to list: 61175
name added to list: 61176
name added to list: 61177
name added to list: 61178
name added to list: 61179
name added to list: 61180
name added to list: 61181
name added to list: 61182
name added to list: 61183
name added to list: 61184
name added to list: 61185
name added to list: 61186
name added to list: 61187
name added to list: 61188
name added to list: 61189
name added to list: 61190
name added to list: 61191
name added to list: 61192
name added to list: 61193
name added to list: 61194
name added to list: 61195
name added to list: 61196
name added to list: 61197
name added to list: 61198
name added to list: 61199
name added to list: 61200
name added to list: 61201
name added to list: 61202
name added to list: 61203
name added to list: 61204
name added to list: 61205
name added to list: 61206
name added to list: 61207
name added to list: 61208
name added to list: 61209
name added to list: 61210
name added to list: 61211
name added to list: 61212
name added to list: 61213
name added to list: 61214
name added to list: 61215
name added to list: 61216
name added to list: 61217
name added to list: 61218
name added to list: 61219
name added to list: 61220
name added to list: 61221
name added to list: 61222
name added to list: 61223
name added to list: 61224
name added to list: 61225
name added to list: 61226
name added to list: 61227
name added to list: 61228
name added to list: 61229
name added to list: 61230
name added to list: 61231
name added to list: 61232
name added to list: 61233
name added to list: 61234
name added to list: 61235
name added to list: 61236
name added to list: 61237
name added to list: 61238
name added to list: 61239
name added to list: 61240
name added to list: 61241
name added to list: 61242
name added to list: 61243
name added to list: 61244
name added to list: 61245
name added to list: 61246
name added to list: 61247
name added to list: 61248
name added to list: 61249
name added to list: 61250
name added to list: 61251
name added to list: 61252
name added to list: 61253
name added to list: 61254
name added to list: 61255
name added to list: 61256
name added to list: 61257
name added to list: 61258
name added to list: 61259
name added to list: 61260
name added to list: 61261
name added to list: 61262
name added to list: 61263
name added to list: 61264
name added to list: 61265
name added to list: 61266
name added to list: 61267
name added to list: 61268
name added to list: 61269
name added to list: 61270
name added to list: 61271
name added to list: 61272
name added to list: 61273
name added to list: 61274
name added to list: 61275
name added to list: 61276
name added to list: 61277
name added to list: 61278
name added to list: 61279
name added to list: 61280
name added to list: 61281
name added to list: 61282
name added to list: 61283
name added to list: 61284
name added to list: 61285
name added to list: 61286
name added to list: 61287
name added to list: 61288
name added to list: 61289
name added to list: 61290
name added to list: 61291
name added to list: 61292
name added to list: 61293
name added to list: 61294
name added to list: 61295
name added to list: 61296
name added to list: 61297
name added to list: 61298
name added to list: 61299
name added to list: 61300
name added to list: 61301
name added to list: 61302
name added to list: 61303
name added to list: 61304
name added to list: 61305
name added to list: 61306
name added to list: 61307
name added to list: 61308
name added to list: 61309
name added to list: 61310
name added to list: 61311
name added to list: 61312
name added to list: 61313
name added to list: 61314
name added to list: 61315
name added to list: 61316
name added to list: 61317
name added to list: 61318
name added to list: 61319
name added to list: 61320
name added to list: 61321
name added to list: 61322
name added to list: 61323
name added to list: 61324
name added to list: 61325
name added to list: 61326
name added to list: 61327
name added to list: 61328
name added to list: 61329
name added to list: 61330
name added to list: 61331
name added to list: 61332
name added to list: 61333
name added to list: 61334
name added to list: 61335
name added to list: 61336
name added to list: 61337
name added to list: 61338
name added to list: 61339
name added to list: 61340
name added to list: 61341
name added to list: 61342
name added to list: 61343
name added to list: 61344
name added to list: 61345
name added to list: 61346
name added to list: 61347
name added to list: 61348
name added to list: 61349
name added to list: 61350
name added to list: 61351
name added to list: 61352
name added to list: 61353
name added to list: 61354
name added to list: 61355
name added to list: 61356
name added to list: 61357
name added to list: 61358
name added to list: 61359
name added to list: 61360
name added to list: 61361
name added to list: 61362
name added to list: 61363
name added to list: 61364
name added to list: 61365
name added to list: 61366
name added to list: 61367
name added to list: 61368
name added to list: 61369
name added to list: 61370
name added to list: 61371
name added to list: 61372
name added to list: 61373
name added to list: 61374
name added to list: 61375
name added to list: 61376
name added to list: 61377
name added to list: 61378
name added to list: 61379
name added to list: 61380
name added to list: 61381
name added to list: 61382
name added to list: 61383
name added to list: 61384
name added to list: 61385
name added to list: 61386
name added to list: 61387
name added to list: 61388
name added to list: 61389
name added to list: 61390
name added to list: 61391
name added to list: 61392
name added to list: 61393
name added to list: 61394
name added to list: 61395
name added to list: 61396
name added to list: 61397
name added to list: 61398
name added to list: 61399
name added to list: 61400
name added to list: 61401
name added to list: 61402
name added to list: 61403
name added to list: 61404
name added to list: 61405
name added to list: 61406
name added to list: 61407
name added to list: 61408
name added to list: 61409
name added to list: 61410
name added to list: 61411
name added to list: 61412
name added to list: 61413
name added to list: 61414
name added to list: 61415
name added to list: 61416
name added to list: 61417
name added to list: 61418
name added to list: 61419
name added to list: 61420
name added to list: 61421
name added to list: 61422
name added to list: 61423
name added to list: 61424
name added to list: 61425
name added to list: 61426
name added to list: 61427
name added to list: 61428
name added to list: 61429
name added to list: 61430
name added to list: 61431
name added to list: 61432
name added to list: 61433
name added to list: 61434
name added to list: 61435
name added to list: 61436
name added to list: 61437
name added to list: 61438
name added to list: 61439
name added to list: 61440
name added to list: 61441
name added to list: 61442
name added to list: 61443
name added to list: 61444
name added to list: 61445
name added to list: 61446
name added to list: 61447
name added to list: 61448
name added to list: 61449
name added to list: 61450
name added to list: 61451
name added to list: 61452
name added to list: 61453
name added to list: 61454
name added to list: 61455
name added to list: 61456
name added to list: 61457
name added to list: 61458
name added to list: 61459
name added to list: 61460
name added to list: 61461
name added to list: 61462
name added to list: 61463
name added to list: 61464
name added to list: 61465
name added to list: 61466
name added to list: 61467
name added to list: 61468
name added to list: 61469
name added to list: 61470
name added to list: 61471
name added to list: 61472
name added to list: 61473
name added to list: 61474
name added to list: 61475
name added to list: 61476
name added to list: 61477
name added to list: 61478
name added to list: 61479
name added to list: 61480
name added to list: 61481
name added to list: 61482
name added to list: 61483
name added to list: 61484
name added to list: 61485
name added to list: 61486
name added to list: 61487
name added to list: 61488
name added to list: 61489
name added to list: 61490
name added to list: 61491
name added to list: 61492
name added to list: 61493
name added to list: 61494
name added to list: 61495
name added to list: 61496
name added to list: 61497
name added to list: 61498
name added to list: 61499
name added to list: 61500
name added to list: 61501
name added to list: 61502
name added to list: 61503
name added to list: 61504
name added to list: 61505
name added to list: 61506
name added to list: 61507
name added to list: 61508
name added to list: 61509
name added to list: 61510
name added to list: 61511
name added to list: 61512
name added to list: 61513
name added to list: 61514
name added to list: 61515
name added to list: 61516
name added to list: 61517
name added to list: 61518
name added to list: 61519
name added to list: 61520
name added to list: 61521
name added to list: 61522
name added to list: 61523
name added to list: 61524
name added to list: 61525
name added to list: 61526
name added to list: 61527
name added to list: 61528
name added to list: 61529
name added to list: 61530
name added to list: 61531
name added to list: 61532
name added to list: 61533
name added to list: 61534
name added to list: 61535
name added to list: 61536
name added to list: 61537
name added to list: 61538
name added to list: 61539
name added to list: 61540
name added to list: 61541
name added to list: 61542
name added to list: 61543
name added to list: 61544
name added to list: 61545
name added to list: 61546
name added to list: 61547
name added to list: 61548
name added to list: 61549
name added to list: 61550
name added to list: 61551
name added to list: 61552
name added to list: 61553
name added to list: 61554
name added to list: 61555
name added to list: 61556
name added to list: 61557
name added to list: 61558
name added to list: 61559
name added to list: 61560
name added to list: 61561
name added to list: 61562
name added to list: 61563
name added to list: 61564
name added to list: 61565
name added to list: 61566
name added to list: 61567
name added to list: 61568
name added to list: 61569
name added to list: 61570
name added to list: 61571
name added to list: 61572
name added to list: 61573
name added to list: 61574
name added to list: 61575
name added to list: 61576
name added to list: 61577
name added to list: 61578
name added to list: 61579
name added to list: 61580
name added to list: 61581
name added to list: 61582
name added to list: 61583
name added to list: 61584
name added to list: 61585
name added to list: 61586
name added to list: 61587
name added to list: 61588
name added to list: 61589
name added to list: 61590
name added to list: 61591
name added to list: 61592
name added to list: 61593
name added to list: 61594
name added to list: 61595
name added to list: 61596
name added to list: 61597
name added to list: 61598
name added to list: 61599
name added to list: 61600
name added to list: 61601
name added to list: 61602
name added to list: 61603
name added to list: 61604
name added to list: 61605
name added to list: 61606
name added to list: 61607
name added to list: 61608
name added to list: 61609
name added to list: 61610
name added to list: 61611
name added to list: 61612
name added to list: 61613
name added to list: 61614
name added to list: 61615
name added to list: 61616
name added to list: 61617
name added to list: 61618
name added to list: 61619
name added to list: 61620
name added to list: 61621
name added to list: 61622
name added to list: 61623
name added to list: 61624
name added to list: 61625
name added to list: 61626
name added to list: 61627
name added to list: 61628
name added to list: 61629
name added to list: 61630
name added to list: 61631
name added to list: 61632
name added to list: 61633
name added to list: 61634
name added to list: 61635
name added to list: 61636
name added to list: 61637
name added to list: 61638
name added to list: 61639
name added to list: 61640
name added to list: 61641
name added to list: 61642
name added to list: 61643
name added to list: 61644
name added to list: 61645
name added to list: 61646
name added to list: 61647
name added to list: 61648
name added to list: 61649
name added to list: 61650
name added to list: 61651
name added to list: 61652
name added to list: 61653
name added to list: 61654
name added to list: 61655
name added to list: 61656
name added to list: 61657
name added to list: 61658
name added to list: 61659
name added to list: 61660
name added to list: 61661
name added to list: 61662
name added to list: 61663
name added to list: 61664
name added to list: 61665
name added to list: 61666
name added to list: 61667
name added to list: 61668
name added to list: 61669
name added to list: 61670
name added to list: 61671
name added to list: 61672
name added to list: 61673
name added to list: 61674
name added to list: 61675
name added to list: 61676
name added to list: 61677
name added to list: 61678
name added to list: 61679
name added to list: 61680
name added to list: 61681
name added to list: 61682
name added to list: 61683
name added to list: 61684
name added to list: 61685
name added to list: 61686
name added to list: 61687
name added to list: 61688
name added to list: 61689
name added to list: 61690
name added to list: 61691
name added to list: 61692
name added to list: 61693
name added to list: 61694
name added to list: 61695
name added to list: 61696
name added to list: 61697
name added to list: 61698
name added to list: 61699
name added to list: 61700
name added to list: 61701
name added to list: 61702
name added to list: 61703
name added to list: 61704
name added to list: 61705
name added to list: 61706
name added to list: 61707
name added to list: 61708
name added to list: 61709
name added to list: 61710
name added to list: 61711
name added to list: 61712
name added to list: 61713
name added to list: 61714
name added to list: 61715
name added to list: 61716
name added to list: 61717
name added to list: 61718
name added to list: 61719
name added to list: 61720
name added to list: 61721
name added to list: 61722
name added to list: 61723
name added to list: 61724
name added to list: 61725
name added to list: 61726
name added to list: 61727
name added to list: 61728
name added to list: 61729
name added to list: 61730
name added to list: 61731
name added to list: 61732
name added to list: 61733
name added to list: 61734
name added to list: 61735
name added to list: 61736
name added to list: 61737
name added to list: 61738
name added to list: 61739
name added to list: 61740
name added to list: 61741
name added to list: 61742
name added to list: 61743
name added to list: 61744
name added to list: 61745
name added to list: 61746
name added to list: 61747
name added to list: 61748
name added to list: 61749
name added to list: 61750
name added to list: 61751
name added to list: 61752
name added to list: 61753
name added to list: 61754
name added to list: 61755
name added to list: 61756
name added to list: 61757
name added to list: 61758
name added to list: 61759
name added to list: 61760
name added to list: 61761
name added to list: 61762
name added to list: 61763
name added to list: 61764
name added to list: 61765
name added to list: 61766
name added to list: 61767
name added to list: 61768
name added to list: 61769
name added to list: 61770
name added to list: 61771
name added to list: 61772
name added to list: 61773
name added to list: 61774
name added to list: 61775
name added to list: 61776
name added to list: 61777
name added to list: 61778
name added to list: 61779
name added to list: 61780
name added to list: 61781
name added to list: 61782
name added to list: 61783
name added to list: 61784
name added to list: 61785
name added to list: 61786
name added to list: 61787
name added to list: 61788
name added to list: 61789
name added to list: 61790
name added to list: 61791
name added to list: 61792
name added to list: 61793
name added to list: 61794
name added to list: 61795
name added to list: 61796
name added to list: 61797
name added to list: 61798
name added to list: 61799
name added to list: 61800
name added to list: 61801
name added to list: 61802
name added to list: 61803
name added to list: 61804
name added to list: 61805
name added to list: 61806
name added to list: 61807
name added to list: 61808
name added to list: 61809
name added to list: 61810
name added to list: 61811
name added to list: 61812
name added to list: 61813
name added to list: 61814
name added to list: 61815
name added to list: 61816
name added to list: 61817
name added to list: 61818
name added to list: 61819
name added to list: 61820
name added to list: 61821
name added to list: 61822
name added to list: 61823
name added to list: 61824
name added to list: 61825
name added to list: 61826
name added to list: 61827
name added to list: 61828
name added to list: 61829
name added to list: 61830
name added to list: 61831
name added to list: 61832
name added to list: 61833
name added to list: 61834
name added to list: 61835
name added to list: 61836
name added to list: 61837
name added to list: 61838
name added to list: 61839
name added to list: 61840
name added to list: 61841
name added to list: 61842
name added to list: 61843
name added to list: 61844
name added to list: 61845
name added to list: 61846
name added to list: 61847
name added to list: 61848
name added to list: 61849
name added to list: 61850
name added to list: 61851
name added to list: 61852
name added to list: 61853
name added to list: 61854
name added to list: 61855
name added to list: 61856
name added to list: 61857
name added to list: 61858
name added to list: 61859
name added to list: 61860
name added to list: 61861
name added to list: 61862
name added to list: 61863
name added to list: 61864
name added to list: 61865
name added to list: 61866
name added to list: 61867
name added to list: 61868
name added to list: 61869
name added to list: 61870
name added to list: 61871
name added to list: 61872
name added to list: 61873
name added to list: 61874
name added to list: 61875
name added to list: 61876
name added to list: 61877
name added to list: 61878
name added to list: 61879
name added to list: 61880
name added to list: 61881
name added to list: 61882
name added to list: 61883
name added to list: 61884
name added to list: 61885
name added to list: 61886
name added to list: 61887
name added to list: 61888
name added to list: 61889
name added to list: 61890
name added to list: 61891
name added to list: 61892
name added to list: 61893
name added to list: 61894
name added to list: 61895
name added to list: 61896
name added to list: 61897
name added to list: 61898
name added to list: 61899
name added to list: 61900
name added to list: 61901
name added to list: 61902
name added to list: 61903
name added to list: 61904
name added to list: 61905
name added to list: 61906
name added to list: 61907
name added to list: 61908
name added to list: 61909
name added to list: 61910
name added to list: 61911
name added to list: 61912
name added to list: 61913
name added to list: 61914
name added to list: 61915
name added to list: 61916
name added to list: 61917
name added to list: 61918
name added to list: 61919
name added to list: 61920
name added to list: 61921
name added to list: 61922
name added to list: 61923
name added to list: 61924
name added to list: 61925
name added to list: 61926
name added to list: 61927
name added to list: 61928
name added to list: 61929
name added to list: 61930
name added to list: 61931
name added to list: 61932
name added to list: 61933
name added to list: 61934
name added to list: 61935
name added to list: 61936
name added to list: 61937
name added to list: 61938
name added to list: 61939
name added to list: 61940
name added to list: 61941
name added to list: 61942
name added to list: 61943
name added to list: 61944
name added to list: 61945
name added to list: 61946
name added to list: 61947
name added to list: 61948
name added to list: 61949
name added to list: 61950
name added to list: 61951
name added to list: 61952
name added to list: 61953
name added to list: 61954
name added to list: 61955
name added to list: 61956
name added to list: 61957
name added to list: 61958
name added to list: 61959
name added to list: 61960
name added to list: 61961
name added to list: 61962
name added to list: 61963
name added to list: 61964
name added to list: 61965
name added to list: 61966
name added to list: 61967
name added to list: 61968
name added to list: 61969
name added to list: 61970
name added to list: 61971
name added to list: 61972
name added to list: 61973
name added to list: 61974
name added to list: 61975
name added to list: 61976
name added to list: 61977
name added to list: 61978
name added to list: 61979
name added to list: 61980
name added to list: 61981
name added to list: 61982
name added to list: 61983
name added to list: 61984
name added to list: 61985
name added to list: 61986
name added to list: 61987
name added to list: 61988
name added to list: 61989
name added to list: 61990
name added to list: 61991
name added to list: 61992
name added to list: 61993
name added to list: 61994
name added to list: 61995
name added to list: 61996
name added to list: 61997
name added to list: 61998
name added to list: 61999
name added to list: 62000
name added to list: 62001
name added to list: 62002
name added to list: 62003
name added to list: 62004
name added to list: 62005
name added to list: 62006
name added to list: 62007
name added to list: 62008
name added to list: 62009
name added to list: 62010
name added to list: 62011
name added to list: 62012
name added to list: 62013
name added to list: 62014
name added to list: 62015
name added to list: 62016
name added to list: 62017
name added to list: 62018
name added to list: 62019
name added to list: 62020
name added to list: 62021
name added to list: 62022
name added to list: 62023
name added to list: 62024
name added to list: 62025
name added to list: 62026
name added to list: 62027
name added to list: 62028
name added to list: 62029
name added to list: 62030
name added to list: 62031
name added to list: 62032
name added to list: 62033
name added to list: 62034
name added to list: 62035
name added to list: 62036
name added to list: 62037
name added to list: 62038
name added to list: 62039
name added to list: 62040
name added to list: 62041
name added to list: 62042
name added to list: 62043
name added to list: 62044
name added to list: 62045
name added to list: 62046
name added to list: 62047
name added to list: 62048
name added to list: 62049
name added to list: 62050
name added to list: 62051
name added to list: 62052
name added to list: 62053
name added to list: 62054
name added to list: 62055
name added to list: 62056
name added to list: 62057
name added to list: 62058
name added to list: 62059
name added to list: 62060
name added to list: 62061
name added to list: 62062
name added to list: 62063
name added to list: 62064
name added to list: 62065
name added to list: 62066
name added to list: 62067
name added to list: 62068
name added to list: 62069
name added to list: 62070
name added to list: 62071
name added to list: 62072
name added to list: 62073
name added to list: 62074
name added to list: 62075
name added to list: 62076
name added to list: 62077
name added to list: 62078
name added to list: 62079
name added to list: 62080
name added to list: 62081
name added to list: 62082
name added to list: 62083
name added to list: 62084
name added to list: 62085
name added to list: 62086
name added to list: 62087
name added to list: 62088
name added to list: 62089
name added to list: 62090
name added to list: 62091
name added to list: 62092
name added to list: 62093
name added to list: 62094
name added to list: 62095
name added to list: 62096
name added to list: 62097
name added to list: 62098
name added to list: 62099
name added to list: 62100
name added to list: 62101
name added to list: 62102
name added to list: 62103
name added to list: 62104
name added to list: 62105
name added to list: 62106
name added to list: 62107
name added to list: 62108
name added to list: 62109
name added to list: 62110
name added to list: 62111
name added to list: 62112
name added to list: 62113
name added to list: 62114
name added to list: 62115
name added to list: 62116
name added to list: 62117
name added to list: 62118
name added to list: 62119
name added to list: 62120
name added to list: 62121
name added to list: 62122
name added to list: 62123
name added to list: 62124
name added to list: 62125
name added to list: 62126
name added to list: 62127
name added to list: 62128
name added to list: 62129
name added to list: 62130
name added to list: 62131
name added to list: 62132
name added to list: 62133
name added to list: 62134
name added to list: 62135
name added to list: 62136
name added to list: 62137
name added to list: 62138
name added to list: 62139
name added to list: 62140
name added to list: 62141
name added to list: 62142
name added to list: 62143
name added to list: 62144
name added to list: 62145
name added to list: 62146
name added to list: 62147
name added to list: 62148
name added to list: 62149
name added to list: 62150
name added to list: 62151
name added to list: 62152
name added to list: 62153
name added to list: 62154
name added to list: 62155
name added to list: 62156
name added to list: 62157
name added to list: 62158
name added to list: 62159
name added to list: 62160
name added to list: 62161
name added to list: 62162
name added to list: 62163
name added to list: 62164
name added to list: 62165
name added to list: 62166
name added to list: 62167
name added to list: 62168
name added to list: 62169
name added to list: 62170
name added to list: 62171
name added to list: 62172
name added to list: 62173
name added to list: 62174
name added to list: 62175
name added to list: 62176
name added to list: 62177
name added to list: 62178
name added to list: 62179
name added to list: 62180
name added to list: 62181
name added to list: 62182
name added to list: 62183
name added to list: 62184
name added to list: 62185
name added to list: 62186
name added to list: 62187
name added to list: 62188
name added to list: 62189
name added to list: 62190
name added to list: 62191
name added to list: 62192
name added to list: 62193
name added to list: 62194
name added to list: 62195
name added to list: 62196
name added to list: 62197
name added to list: 62198
name added to list: 62199
name added to list: 62200
name added to list: 62201
name added to list: 62202
name added to list: 62203
name added to list: 62204
name added to list: 62205
name added to list: 62206
name added to list: 62207
name added to list: 62208
name added to list: 62209
name added to list: 62210
name added to list: 62211
name added to list: 62212
name added to list: 62213
name added to list: 62214
name added to list: 62215
name added to list: 62216
name added to list: 62217
name added to list: 62218
name added to list: 62219
name added to list: 62220
name added to list: 62221
name added to list: 62222
name added to list: 62223
name added to list: 62224
name added to list: 62225
name added to list: 62226
name added to list: 62227
name added to list: 62228
name added to list: 62229
name added to list: 62230
name added to list: 62231
name added to list: 62232
name added to list: 62233
name added to list: 62234
name added to list: 62235
name added to list: 62236
name added to list: 62237
name added to list: 62238
name added to list: 62239
name added to list: 62240
name added to list: 62241
name added to list: 62242
name added to list: 62243
name added to list: 62244
name added to list: 62245
name added to list: 62246
name added to list: 62247
name added to list: 62248
name added to list: 62249
name added to list: 62250
name added to list: 62251
name added to list: 62252
name added to list: 62253
name added to list: 62254
name added to list: 62255
name added to list: 62256
name added to list: 62257
name added to list: 62258
name added to list: 62259
name added to list: 62260
name added to list: 62261
name added to list: 62262
name added to list: 62263
name added to list: 62264
name added to list: 62265
name added to list: 62266
name added to list: 62267
name added to list: 62268
name added to list: 62269
name added to list: 62270
name added to list: 62271
name added to list: 62272
name added to list: 62273
name added to list: 62274
name added to list: 62275
name added to list: 62276
name added to list: 62277
name added to list: 62278
name added to list: 62279
name added to list: 62280
name added to list: 62281
name added to list: 62282
name added to list: 62283
name added to list: 62284
name added to list: 62285
name added to list: 62286
name added to list: 62287
name added to list: 62288
name added to list: 62289
name added to list: 62290
name added to list: 62291
name added to list: 62292
name added to list: 62293
name added to list: 62294
name added to list: 62295
name added to list: 62296
name added to list: 62297
name added to list: 62298
name added to list: 62299
name added to list: 62300
name added to list: 62301
name added to list: 62302
name added to list: 62303
name added to list: 62304
name added to list: 62305
name added to list: 62306
name added to list: 62307
name added to list: 62308
name added to list: 62309
name added to list: 62310
name added to list: 62311
name added to list: 62312
name added to list: 62313
name added to list: 62314
name added to list: 62315
name added to list: 62316
name added to list: 62317
name added to list: 62318
name added to list: 62319
name added to list: 62320
name added to list: 62321
name added to list: 62322
name added to list: 62323
name added to list: 62324
name added to list: 62325
name added to list: 62326
name added to list: 62327
name added to list: 62328
name added to list: 62329
name added to list: 62330
name added to list: 62331
name added to list: 62332
name added to list: 62333
name added to list: 62334
name added to list: 62335
name added to list: 62336
name added to list: 62337
name added to list: 62338
name added to list: 62339
name added to list: 62340
name added to list: 62341
name added to list: 62342
name added to list: 62343
name added to list: 62344
name added to list: 62345
name added to list: 62346
name added to list: 62347
name added to list: 62348
name added to list: 62349
name added to list: 62350
name added to list: 62351
name added to list: 62352
name added to list: 62353
name added to list: 62354
name added to list: 62355
name added to list: 62356
name added to list: 62357
name added to list: 62358
name added to list: 62359
name added to list: 62360
name added to list: 62361
name added to list: 62362
name added to list: 62363
name added to list: 62364
name added to list: 62365
name added to list: 62366
name added to list: 62367
name added to list: 62368
name added to list: 62369
name added to list: 62370
name added to list: 62371
name added to list: 62372
name added to list: 62373
name added to list: 62374
name added to list: 62375
name added to list: 62376
name added to list: 62377
name added to list: 62378
name added to list: 62379
name added to list: 62380
name added to list: 62381
name added to list: 62382
name added to list: 62383
name added to list: 62384
name added to list: 62385
name added to list: 62386
name added to list: 62387
name added to list: 62388
name added to list: 62389
name added to list: 62390
name added to list: 62391
name added to list: 62392
name added to list: 62393
name added to list: 62394
name added to list: 62395
name added to list: 62396
name added to list: 62397
name added to list: 62398
name added to list: 62399
name added to list: 62400
name added to list: 62401
name added to list: 62402
name added to list: 62403
name added to list: 62404
name added to list: 62405
name added to list: 62406
name added to list: 62407
name added to list: 62408
name added to list: 62409
name added to list: 62410
name added to list: 62411
name added to list: 62412
name added to list: 62413
name added to list: 62414
name added to list: 62415
name added to list: 62416
name added to list: 62417
name added to list: 62418
name added to list: 62419
name added to list: 62420
name added to list: 62421
name added to list: 62422
name added to list: 62423
name added to list: 62424
name added to list: 62425
name added to list: 62426
name added to list: 62427
name added to list: 62428
name added to list: 62429
name added to list: 62430
name added to list: 62431
name added to list: 62432
name added to list: 62433
name added to list: 62434
name added to list: 62435
name added to list: 62436
name added to list: 62437
name added to list: 62438
name added to list: 62439
name added to list: 62440
name added to list: 62441
name added to list: 62442
name added to list: 62443
name added to list: 62444
name added to list: 62445
name added to list: 62446
name added to list: 62447
name added to list: 62448
name added to list: 62449
name added to list: 62450
name added to list: 62451
name added to list: 62452
name added to list: 62453
name added to list: 62454
name added to list: 62455
name added to list: 62456
name added to list: 62457
name added to list: 62458
name added to list: 62459
name added to list: 62460
name added to list: 62461
name added to list: 62462
name added to list: 62463
name added to list: 62464
name added to list: 62465
name added to list: 62466
name added to list: 62467
name added to list: 62468
name added to list: 62469
name added to list: 62470
name added to list: 62471
name added to list: 62472
name added to list: 62473
name added to list: 62474
name added to list: 62475
name added to list: 62476
name added to list: 62477
name added to list: 62478
name added to list: 62479
name added to list: 62480
name added to list: 62481
name added to list: 62482
name added to list: 62483
name added to list: 62484
name added to list: 62485
name added to list: 62486
name added to list: 62487
name added to list: 62488
name added to list: 62489
name added to list: 62490
name added to list: 62491
name added to list: 62492
name added to list: 62493
name added to list: 62494
name added to list: 62495
name added to list: 62496
name added to list: 62497
name added to list: 62498
name added to list: 62499
name added to list: 62500
name added to list: 62501
name added to list: 62502
name added to list: 62503
name added to list: 62504
name added to list: 62505
name added to list: 62506
name added to list: 62507
name added to list: 62508
name added to list: 62509
name added to list: 62510
name added to list: 62511
name added to list: 62512
name added to list: 62513
name added to list: 62514
name added to list: 62515
name added to list: 62516
name added to list: 62517
name added to list: 62518
name added to list: 62519
name added to list: 62520
name added to list: 62521
name added to list: 62522
name added to list: 62523
name added to list: 62524
name added to list: 62525
name added to list: 62526
name added to list: 62527
name added to list: 62528
name added to list: 62529
name added to list: 62530
name added to list: 62531
name added to list: 62532
name added to list: 62533
name added to list: 62534
name added to list: 62535
name added to list: 62536
name added to list: 62537
name added to list: 62538
name added to list: 62539
name added to list: 62540
name added to list: 62541
name added to list: 62542
name added to list: 62543
name added to list: 62544
name added to list: 62545
name added to list: 62546
name added to list: 62547
name added to list: 62548
name added to list: 62549
name added to list: 62550
name added to list: 62551
name added to list: 62552
name added to list: 62553
name added to list: 62554
name added to list: 62555
name added to list: 62556
name added to list: 62557
name added to list: 62558
name added to list: 62559
name added to list: 62560
name added to list: 62561
name added to list: 62562
name added to list: 62563
name added to list: 62564
name added to list: 62565
name added to list: 62566
name added to list: 62567
name added to list: 62568
name added to list: 62569
name added to list: 62570
name added to list: 62571
name added to list: 62572
name added to list: 62573
name added to list: 62574
name added to list: 62575
name added to list: 62576
name added to list: 62577
name added to list: 62578
name added to list: 62579
name added to list: 62580
name added to list: 62581
name added to list: 62582
name added to list: 62583
name added to list: 62584
name added to list: 62585
name added to list: 62586
name added to list: 62587
name added to list: 62588
name added to list: 62589
name added to list: 62590
name added to list: 62591
name added to list: 62592
name added to list: 62593
name added to list: 62594
name added to list: 62595
name added to list: 62596
name added to list: 62597
name added to list: 62598
name added to list: 62599
name added to list: 62600
name added to list: 62601
name added to list: 62602
name added to list: 62603
name added to list: 62604
name added to list: 62605
name added to list: 62606
name added to list: 62607
name added to list: 62608
name added to list: 62609
name added to list: 62610
name added to list: 62611
name added to list: 62612
name added to list: 62613
name added to list: 62614
name added to list: 62615
name added to list: 62616
name added to list: 62617
name added to list: 62618
name added to list: 62619
name added to list: 62620
name added to list: 62621
name added to list: 62622
name added to list: 62623
name added to list: 62624
name added to list: 62625
name added to list: 62626
name added to list: 62627
name added to list: 62628
name added to list: 62629
name added to list: 62630
name added to list: 62631
name added to list: 62632
name added to list: 62633
name added to list: 62634
name added to list: 62635
name added to list: 62636
name added to list: 62637
name added to list: 62638
name added to list: 62639
name added to list: 62640
name added to list: 62641
name added to list: 62642
name added to list: 62643
name added to list: 62644
name added to list: 62645
name added to list: 62646
name added to list: 62647
name added to list: 62648
name added to list: 62649
name added to list: 62650
name added to list: 62651
name added to list: 62652
name added to list: 62653
name added to list: 62654
name added to list: 62655
name added to list: 62656
name added to list: 62657
name added to list: 62658
name added to list: 62659
name added to list: 62660
name added to list: 62661
name added to list: 62662
name added to list: 62663
name added to list: 62664
name added to list: 62665
name added to list: 62666
name added to list: 62667
name added to list: 62668
name added to list: 62669
name added to list: 62670
name added to list: 62671
name added to list: 62672
name added to list: 62673
name added to list: 62674
name added to list: 62675
name added to list: 62676
name added to list: 62677
name added to list: 62678
name added to list: 62679
name added to list: 62680
name added to list: 62681
name added to list: 62682
name added to list: 62683
name added to list: 62684
name added to list: 62685
name added to list: 62686
name added to list: 62687
name added to list: 62688
name added to list: 62689
name added to list: 62690
name added to list: 62691
name added to list: 62692
name added to list: 62693
name added to list: 62694
name added to list: 62695
name added to list: 62696
name added to list: 62697
name added to list: 62698
name added to list: 62699
name added to list: 62700
name added to list: 62701
name added to list: 62702
name added to list: 62703
name added to list: 62704
name added to list: 62705
name added to list: 62706
name added to list: 62707
name added to list: 62708
name added to list: 62709
name added to list: 62710
name added to list: 62711
name added to list: 62712
name added to list: 62713
name added to list: 62714
name added to list: 62715
name added to list: 62716
name added to list: 62717
name added to list: 62718
name added to list: 62719
name added to list: 62720
name added to list: 62721
name added to list: 62722
name added to list: 62723
name added to list: 62724
name added to list: 62725
name added to list: 62726
name added to list: 62727
name added to list: 62728
name added to list: 62729
name added to list: 62730
name added to list: 62731
name added to list: 62732
name added to list: 62733
name added to list: 62734
name added to list: 62735
name added to list: 62736
name added to list: 62737
name added to list: 62738
name added to list: 62739
name added to list: 62740
name added to list: 62741
name added to list: 62742
name added to list: 62743
name added to list: 62744
name added to list: 62745
name added to list: 62746
name added to list: 62747
name added to list: 62748
name added to list: 62749
name added to list: 62750
name added to list: 62751
name added to list: 62752
name added to list: 62753
name added to list: 62754
name added to list: 62755
name added to list: 62756
name added to list: 62757
name added to list: 62758
name added to list: 62759
name added to list: 62760
name added to list: 62761
name added to list: 62762
name added to list: 62763
name added to list: 62764
name added to list: 62765
name added to list: 62766
name added to list: 62767
name added to list: 62768
name added to list: 62769
name added to list: 62770
name added to list: 62771
name added to list: 62772
name added to list: 62773
name added to list: 62774
name added to list: 62775
name added to list: 62776
name added to list: 62777
name added to list: 62778
name added to list: 62779
name added to list: 62780
name added to list: 62781
name added to list: 62782
name added to list: 62783
name added to list: 62784
name added to list: 62785
name added to list: 62786
name added to list: 62787
name added to list: 62788
name added to list: 62789
name added to list: 62790
name added to list: 62791
name added to list: 62792
name added to list: 62793
name added to list: 62794
name added to list: 62795
name added to list: 62796
name added to list: 62797
name added to list: 62798
name added to list: 62799
name added to list: 62800
name added to list: 62801
name added to list: 62802
name added to list: 62803
name added to list: 62804
name added to list: 62805
name added to list: 62806
name added to list: 62807
name added to list: 62808
name added to list: 62809
name added to list: 62810
name added to list: 62811
name added to list: 62812
name added to list: 62813
name added to list: 62814
name added to list: 62815
name added to list: 62816
name added to list: 62817
name added to list: 62818
name added to list: 62819
name added to list: 62820
name added to list: 62821
name added to list: 62822
name added to list: 62823
name added to list: 62824
name added to list: 62825
name added to list: 62826
name added to list: 62827
name added to list: 62828
name added to list: 62829
name added to list: 62830
name added to list: 62831
name added to list: 62832
name added to list: 62833
name added to list: 62834
name added to list: 62835
name added to list: 62836
name added to list: 62837
name added to list: 62838
name added to list: 62839
name added to list: 62840
name added to list: 62841
name added to list: 62842
name added to list: 62843
name added to list: 62844
name added to list: 62845
name added to list: 62846
name added to list: 62847
name added to list: 62848
name added to list: 62849
name added to list: 62850
name added to list: 62851
name added to list: 62852
name added to list: 62853
name added to list: 62854
name added to list: 62855
name added to list: 62856
name added to list: 62857
name added to list: 62858
name added to list: 62859
name added to list: 62860
name added to list: 62861
name added to list: 62862
name added to list: 62863
name added to list: 62864
name added to list: 62865
name added to list: 62866
name added to list: 62867
name added to list: 62868
name added to list: 62869
name added to list: 62870
name added to list: 62871
name added to list: 62872
name added to list: 62873
name added to list: 62874
name added to list: 62875
name added to list: 62876
name added to list: 62877
name added to list: 62878
name added to list: 62879
name added to list: 62880
name added to list: 62881
name added to list: 62882
name added to list: 62883
name added to list: 62884
name added to list: 62885
name added to list: 62886
name added to list: 62887
name added to list: 62888
name added to list: 62889
name added to list: 62890
name added to list: 62891
name added to list: 62892
name added to list: 62893
name added to list: 62894
name added to list: 62895
name added to list: 62896
name added to list: 62897
name added to list: 62898
name added to list: 62899
name added to list: 62900
name added to list: 62901
name added to list: 62902
name added to list: 62903
name added to list: 62904
name added to list: 62905
name added to list: 62906
name added to list: 62907
name added to list: 62908
name added to list: 62909
name added to list: 62910
name added to list: 62911
name added to list: 62912
name added to list: 62913
name added to list: 62914
name added to list: 62915
name added to list: 62916
name added to list: 62917
name added to list: 62918
name added to list: 62919
name added to list: 62920
name added to list: 62921
name added to list: 62922
name added to list: 62923
name added to list: 62924
name added to list: 62925
name added to list: 62926
name added to list: 62927
name added to list: 62928
name added to list: 62929
name added to list: 62930
name added to list: 62931
name added to list: 62932
name added to list: 62933
name added to list: 62934
name added to list: 62935
name added to list: 62936
name added to list: 62937
name added to list: 62938
name added to list: 62939
name added to list: 62940
name added to list: 62941
name added to list: 62942
name added to list: 62943
name added to list: 62944
name added to list: 62945
name added to list: 62946
name added to list: 62947
name added to list: 62948
name added to list: 62949
name added to list: 62950
name added to list: 62951
name added to list: 62952
name added to list: 62953
name added to list: 62954
name added to list: 62955
name added to list: 62956
name added to list: 62957
name added to list: 62958
name added to list: 62959
name added to list: 62960
name added to list: 62961
name added to list: 62962
name added to list: 62963
name added to list: 62964
name added to list: 62965
name added to list: 62966
name added to list: 62967
name added to list: 62968
name added to list: 62969
name added to list: 62970
name added to list: 62971
name added to list: 62972
name added to list: 62973
name added to list: 62974
name added to list: 62975
name added to list: 62976
name added to list: 62977
name added to list: 62978
name added to list: 62979
name added to list: 62980
name added to list: 62981
name added to list: 62982
name added to list: 62983
name added to list: 62984
name added to list: 62985
name added to list: 62986
name added to list: 62987
name added to list: 62988
name added to list: 62989
name added to list: 62990
name added to list: 62991
name added to list: 62992
name added to list: 62993
name added to list: 62994
name added to list: 62995
name added to list: 62996
name added to list: 62997
name added to list: 62998
name added to list: 62999
name added to list: 63000
name added to list: 63001
name added to list: 63002
name added to list: 63003
name added to list: 63004
name added to list: 63005
name added to list: 63006
name added to list: 63007
name added to list: 63008
name added to list: 63009
name added to list: 63010
name added to list: 63011
name added to list: 63012
name added to list: 63013
name added to list: 63014
name added to list: 63015
name added to list: 63016
name added to list: 63017
name added to list: 63018
name added to list: 63019
name added to list: 63020
name added to list: 63021
name added to list: 63022
name added to list: 63023
name added to list: 63024
name added to list: 63025
name added to list: 63026
name added to list: 63027
name added to list: 63028
name added to list: 63029
name added to list: 63030
name added to list: 63031
name added to list: 63032
name added to list: 63033
name added to list: 63034
name added to list: 63035
name added to list: 63036
name added to list: 63037
name added to list: 63038
name added to list: 63039
name added to list: 63040
name added to list: 63041
name added to list: 63042
name added to list: 63043
name added to list: 63044
name added to list: 63045
name added to list: 63046
name added to list: 63047
name added to list: 63048
name added to list: 63049
name added to list: 63050
name added to list: 63051
name added to list: 63052
name added to list: 63053
name added to list: 63054
name added to list: 63055
name added to list: 63056
name added to list: 63057
name added to list: 63058
name added to list: 63059
name added to list: 63060
name added to list: 63061
name added to list: 63062
name added to list: 63063
name added to list: 63064
name added to list: 63065
name added to list: 63066
name added to list: 63067
name added to list: 63068
name added to list: 63069
name added to list: 63070
name added to list: 63071
name added to list: 63072
name added to list: 63073
name added to list: 63074
name added to list: 63075
name added to list: 63076
name added to list: 63077
name added to list: 63078
name added to list: 63079
name added to list: 63080
name added to list: 63081
name added to list: 63082
name added to list: 63083
name added to list: 63084
name added to list: 63085
name added to list: 63086
name added to list: 63087
name added to list: 63088
name added to list: 63089
name added to list: 63090
name added to list: 63091
name added to list: 63092
name added to list: 63093
name added to list: 63094
name added to list: 63095
name added to list: 63096
name added to list: 63097
name added to list: 63098
name added to list: 63099
name added to list: 63100
name added to list: 63101
name added to list: 63102
name added to list: 63103
name added to list: 63104
name added to list: 63105
name added to list: 63106
name added to list: 63107
name added to list: 63108
name added to list: 63109
name added to list: 63110
name added to list: 63111
name added to list: 63112
name added to list: 63113
name added to list: 63114
name added to list: 63115
name added to list: 63116
name added to list: 63117
name added to list: 63118
name added to list: 63119
name added to list: 63120
name added to list: 63121
name added to list: 63122
name added to list: 63123
name added to list: 63124
name added to list: 63125
name added to list: 63126
name added to list: 63127
name added to list: 63128
name added to list: 63129
name added to list: 63130
name added to list: 63131
name added to list: 63132
name added to list: 63133
name added to list: 63134
name added to list: 63135
name added to list: 63136
name added to list: 63137
name added to list: 63138
name added to list: 63139
name added to list: 63140
name added to list: 63141
name added to list: 63142
name added to list: 63143
name added to list: 63144
name added to list: 63145
name added to list: 63146
name added to list: 63147
name added to list: 63148
name added to list: 63149
name added to list: 63150
name added to list: 63151
name added to list: 63152
name added to list: 63153
name added to list: 63154
name added to list: 63155
name added to list: 63156
name added to list: 63157
name added to list: 63158
name added to list: 63159
name added to list: 63160
name added to list: 63161
name added to list: 63162
name added to list: 63163
name added to list: 63164
name added to list: 63165
name added to list: 63166
name added to list: 63167
name added to list: 63168
name added to list: 63169
name added to list: 63170
name added to list: 63171
name added to list: 63172
name added to list: 63173
name added to list: 63174
name added to list: 63175
name added to list: 63176
name added to list: 63177
name added to list: 63178
name added to list: 63179
name added to list: 63180
name added to list: 63181
name added to list: 63182
name added to list: 63183
name added to list: 63184
name added to list: 63185
name added to list: 63186
name added to list: 63187
name added to list: 63188
name added to list: 63189
name added to list: 63190
name added to list: 63191
name added to list: 63192
name added to list: 63193
name added to list: 63194
name added to list: 63195
name added to list: 63196
name added to list: 63197
name added to list: 63198
name added to list: 63199
name added to list: 63200
name added to list: 63201
name added to list: 63202
name added to list: 63203
name added to list: 63204
name added to list: 63205
name added to list: 63206
name added to list: 63207
name added to list: 63208
name added to list: 63209
name added to list: 63210
name added to list: 63211
name added to list: 63212
name added to list: 63213
name added to list: 63214
name added to list: 63215
name added to list: 63216
name added to list: 63217
name added to list: 63218
name added to list: 63219
name added to list: 63220
name added to list: 63221
name added to list: 63222
name added to list: 63223
name added to list: 63224
name added to list: 63225
name added to list: 63226
name added to list: 63227
name added to list: 63228
name added to list: 63229
name added to list: 63230
name added to list: 63231
name added to list: 63232
name added to list: 63233
name added to list: 63234
name added to list: 63235
name added to list: 63236
name added to list: 63237
name added to list: 63238
name added to list: 63239
name added to list: 63240
name added to list: 63241
name added to list: 63242
name added to list: 63243
name added to list: 63244
name added to list: 63245
name added to list: 63246
name added to list: 63247
name added to list: 63248
name added to list: 63249
name added to list: 63250
name added to list: 63251
name added to list: 63252
name added to list: 63253
name added to list: 63254
name added to list: 63255
name added to list: 63256
name added to list: 63257
name added to list: 63258
name added to list: 63259
name added to list: 63260
name added to list: 63261
name added to list: 63262
name added to list: 63263
name added to list: 63264
name added to list: 63265
name added to list: 63266
name added to list: 63267
name added to list: 63268
name added to list: 63269
name added to list: 63270
name added to list: 63271
name added to list: 63272
name added to list: 63273
name added to list: 63274
name added to list: 63275
name added to list: 63276
name added to list: 63277
name added to list: 63278
name added to list: 63279
name added to list: 63280
name added to list: 63281
name added to list: 63282
name added to list: 63283
name added to list: 63284
name added to list: 63285
name added to list: 63286
name added to list: 63287
name added to list: 63288
name added to list: 63289
name added to list: 63290
name added to list: 63291
name added to list: 63292
name added to list: 63293
name added to list: 63294
name added to list: 63295
name added to list: 63296
name added to list: 63297
name added to list: 63298
name added to list: 63299
name added to list: 63300
name added to list: 63301
name added to list: 63302
name added to list: 63303
name added to list: 63304
name added to list: 63305
name added to list: 63306
name added to list: 63307
name added to list: 63308
name added to list: 63309
name added to list: 63310
name added to list: 63311
name added to list: 63312
name added to list: 63313
name added to list: 63314
name added to list: 63315
name added to list: 63316
name added to list: 63317
name added to list: 63318
name added to list: 63319
name added to list: 63320
name added to list: 63321
name added to list: 63322
name added to list: 63323
name added to list: 63324
name added to list: 63325
name added to list: 63326
name added to list: 63327
name added to list: 63328
name added to list: 63329
name added to list: 63330
name added to list: 63331
name added to list: 63332
name added to list: 63333
name added to list: 63334
name added to list: 63335
name added to list: 63336
name added to list: 63337
name added to list: 63338
name added to list: 63339
name added to list: 63340
name added to list: 63341
name added to list: 63342
name added to list: 63343
name added to list: 63344
name added to list: 63345
name added to list: 63346
name added to list: 63347
name added to list: 63348
name added to list: 63349
name added to list: 63350
name added to list: 63351
name added to list: 63352
name added to list: 63353
name added to list: 63354
name added to list: 63355
name added to list: 63356
name added to list: 63357
name added to list: 63358
name added to list: 63359
name added to list: 63360
name added to list: 63361
name added to list: 63362
name added to list: 63363
name added to list: 63364
name added to list: 63365
name added to list: 63366
name added to list: 63367
name added to list: 63368
name added to list: 63369
name added to list: 63370
name added to list: 63371
name added to list: 63372
name added to list: 63373
name added to list: 63374
name added to list: 63375
name added to list: 63376
name added to list: 63377
name added to list: 63378
name added to list: 63379
name added to list: 63380
name added to list: 63381
name added to list: 63382
name added to list: 63383
name added to list: 63384
name added to list: 63385
name added to list: 63386
name added to list: 63387
name added to list: 63388
name added to list: 63389
name added to list: 63390
name added to list: 63391
name added to list: 63392
name added to list: 63393
name added to list: 63394
name added to list: 63395
name added to list: 63396
name added to list: 63397
name added to list: 63398
name added to list: 63399
name added to list: 63400
name added to list: 63401
name added to list: 63402
name added to list: 63403
name added to list: 63404
name added to list: 63405
name added to list: 63406
name added to list: 63407
name added to list: 63408
name added to list: 63409
name added to list: 63410
name added to list: 63411
name added to list: 63412
name added to list: 63413
name added to list: 63414
name added to list: 63415
name added to list: 63416
name added to list: 63417
name added to list: 63418
name added to list: 63419
name added to list: 63420
name added to list: 63421
name added to list: 63422
name added to list: 63423
name added to list: 63424
name added to list: 63425
name added to list: 63426
name added to list: 63427
name added to list: 63428
name added to list: 63429
name added to list: 63430
name added to list: 63431
name added to list: 63432
name added to list: 63433
name added to list: 63434
name added to list: 63435
name added to list: 63436
name added to list: 63437
name added to list: 63438
name added to list: 63439
name added to list: 63440
name added to list: 63441
name added to list: 63442
name added to list: 63443
name added to list: 63444
name added to list: 63445
name added to list: 63446
name added to list: 63447
name added to list: 63448
name added to list: 63449
name added to list: 63450
name added to list: 63451
name added to list: 63452
name added to list: 63453
name added to list: 63454
name added to list: 63455
name added to list: 63456
name added to list: 63457
name added to list: 63458
name added to list: 63459
name added to list: 63460
name added to list: 63461
name added to list: 63462
name added to list: 63463
name added to list: 63464
name added to list: 63465
name added to list: 63466
name added to list: 63467
name added to list: 63468
name added to list: 63469
name added to list: 63470
name added to list: 63471
name added to list: 63472
name added to list: 63473
name added to list: 63474
name added to list: 63475
name added to list: 63476
name added to list: 63477
name added to list: 63478
name added to list: 63479
name added to list: 63480
name added to list: 63481
name added to list: 63482
name added to list: 63483
name added to list: 63484
name added to list: 63485
name added to list: 63486
name added to list: 63487
name added to list: 63488
name added to list: 63489
name added to list: 63490
name added to list: 63491
name added to list: 63492
name added to list: 63493
name added to list: 63494
name added to list: 63495
name added to list: 63496
name added to list: 63497
name added to list: 63498
name added to list: 63499
name added to list: 63500
name added to list: 63501
name added to list: 63502
name added to list: 63503
name added to list: 63504
name added to list: 63505
name added to list: 63506
name added to list: 63507
name added to list: 63508
name added to list: 63509
name added to list: 63510
name added to list: 63511
name added to list: 63512
name added to list: 63513
name added to list: 63514
name added to list: 63515
name added to list: 63516
name added to list: 63517
name added to list: 63518
name added to list: 63519
name added to list: 63520
name added to list: 63521
name added to list: 63522
name added to list: 63523
name added to list: 63524
name added to list: 63525
name added to list: 63526
name added to list: 63527
name added to list: 63528
name added to list: 63529
name added to list: 63530
name added to list: 63531
name added to list: 63532
name added to list: 63533
name added to list: 63534
name added to list: 63535
name added to list: 63536
name added to list: 63537
name added to list: 63538
name added to list: 63539
name added to list: 63540
name added to list: 63541
name added to list: 63542
name added to list: 63543
name added to list: 63544
name added to list: 63545
name added to list: 63546
name added to list: 63547
name added to list: 63548
name added to list: 63549
name added to list: 63550
name added to list: 63551
name added to list: 63552
name added to list: 63553
name added to list: 63554
name added to list: 63555
name added to list: 63556
name added to list: 63557
name added to list: 63558
name added to list: 63559
name added to list: 63560
name added to list: 63561
name added to list: 63562
name added to list: 63563
name added to list: 63564
name added to list: 63565
name added to list: 63566
name added to list: 63567
name added to list: 63568
name added to list: 63569
name added to list: 63570
name added to list: 63571
name added to list: 63572
name added to list: 63573
name added to list: 63574
name added to list: 63575
name added to list: 63576
name added to list: 63577
name added to list: 63578
name added to list: 63579
name added to list: 63580
name added to list: 63581
name added to list: 63582
name added to list: 63583
name added to list: 63584
name added to list: 63585
name added to list: 63586
name added to list: 63587
name added to list: 63588
name added to list: 63589
name added to list: 63590
name added to list: 63591
name added to list: 63592
name added to list: 63593
name added to list: 63594
name added to list: 63595
name added to list: 63596
name added to list: 63597
name added to list: 63598
name added to list: 63599
name added to list: 63600
name added to list: 63601
name added to list: 63602
name added to list: 63603
name added to list: 63604
name added to list: 63605
name added to list: 63606
name added to list: 63607
name added to list: 63608
name added to list: 63609
name added to list: 63610
name added to list: 63611
name added to list: 63612
name added to list: 63613
name added to list: 63614
name added to list: 63615
name added to list: 63616
name added to list: 63617
name added to list: 63618
name added to list: 63619
name added to list: 63620
name added to list: 63621
name added to list: 63622
name added to list: 63623
name added to list: 63624
name added to list: 63625
name added to list: 63626
name added to list: 63627
name added to list: 63628
name added to list: 63629
name added to list: 63630
name added to list: 63631
name added to list: 63632
name added to list: 63633
name added to list: 63634
name added to list: 63635
name added to list: 63636
name added to list: 63637
name added to list: 63638
name added to list: 63639
name added to list: 63640
name added to list: 63641
name added to list: 63642
name added to list: 63643
name added to list: 63644
name added to list: 63645
name added to list: 63646
name added to list: 63647
name added to list: 63648
name added to list: 63649
name added to list: 63650
name added to list: 63651
name added to list: 63652
name added to list: 63653
name added to list: 63654
name added to list: 63655
name added to list: 63656
name added to list: 63657
name added to list: 63658
name added to list: 63659
name added to list: 63660
name added to list: 63661
name added to list: 63662
name added to list: 63663
name added to list: 63664
name added to list: 63665
name added to list: 63666
name added to list: 63667
name added to list: 63668
name added to list: 63669
name added to list: 63670
name added to list: 63671
name added to list: 63672
name added to list: 63673
name added to list: 63674
name added to list: 63675
name added to list: 63676
name added to list: 63677
name added to list: 63678
name added to list: 63679
name added to list: 63680
name added to list: 63681
name added to list: 63682
name added to list: 63683
name added to list: 63684
name added to list: 63685
name added to list: 63686
name added to list: 63687
name added to list: 63688
name added to list: 63689
name added to list: 63690
name added to list: 63691
name added to list: 63692
name added to list: 63693
name added to list: 63694
name added to list: 63695
name added to list: 63696
name added to list: 63697
name added to list: 63698
name added to list: 63699
name added to list: 63700
name added to list: 63701
name added to list: 63702
name added to list: 63703
name added to list: 63704
name added to list: 63705
name added to list: 63706
name added to list: 63707
name added to list: 63708
name added to list: 63709
name added to list: 63710
name added to list: 63711
name added to list: 63712
name added to list: 63713
name added to list: 63714
name added to list: 63715
name added to list: 63716
name added to list: 63717
name added to list: 63718
name added to list: 63719
name added to list: 63720
name added to list: 63721
name added to list: 63722
name added to list: 63723
name added to list: 63724
name added to list: 63725
name added to list: 63726
name added to list: 63727
name added to list: 63728
name added to list: 63729
name added to list: 63730
name added to list: 63731
name added to list: 63732
name added to list: 63733
name added to list: 63734
name added to list: 63735
name added to list: 63736
name added to list: 63737
name added to list: 63738
name added to list: 63739
name added to list: 63740
name added to list: 63741
name added to list: 63742
name added to list: 63743
name added to list: 63744
name added to list: 63745
name added to list: 63746
name added to list: 63747
name added to list: 63748
name added to list: 63749
name added to list: 63750
name added to list: 63751
name added to list: 63752
name added to list: 63753
name added to list: 63754
name added to list: 63755
name added to list: 63756
name added to list: 63757
name added to list: 63758
name added to list: 63759
name added to list: 63760
name added to list: 63761
name added to list: 63762
name added to list: 63763
name added to list: 63764
name added to list: 63765
name added to list: 63766
name added to list: 63767
name added to list: 63768
name added to list: 63769
name added to list: 63770
name added to list: 63771
name added to list: 63772
name added to list: 63773
name added to list: 63774
name added to list: 63775
name added to list: 63776
name added to list: 63777
name added to list: 63778
name added to list: 63779
name added to list: 63780
name added to list: 63781
name added to list: 63782
name added to list: 63783
name added to list: 63784
name added to list: 63785
name added to list: 63786
name added to list: 63787
name added to list: 63788
name added to list: 63789
name added to list: 63790
name added to list: 63791
name added to list: 63792
name added to list: 63793
name added to list: 63794
name added to list: 63795
name added to list: 63796
name added to list: 63797
name added to list: 63798
name added to list: 63799
name added to list: 63800
name added to list: 63801
name added to list: 63802
name added to list: 63803
name added to list: 63804
name added to list: 63805
name added to list: 63806
name added to list: 63807
name added to list: 63808
name added to list: 63809
name added to list: 63810
name added to list: 63811
name added to list: 63812
name added to list: 63813
name added to list: 63814
name added to list: 63815
name added to list: 63816
name added to list: 63817
name added to list: 63818
name added to list: 63819
name added to list: 63820
name added to list: 63821
name added to list: 63822
name added to list: 63823
name added to list: 63824
name added to list: 63825
name added to list: 63826
name added to list: 63827
name added to list: 63828
name added to list: 63829
name added to list: 63830
name added to list: 63831
name added to list: 63832
name added to list: 63833
name added to list: 63834
name added to list: 63835
name added to list: 63836
name added to list: 63837
name added to list: 63838
name added to list: 63839
name added to list: 63840
name added to list: 63841
name added to list: 63842
name added to list: 63843
name added to list: 63844
name added to list: 63845
name added to list: 63846
name added to list: 63847
name added to list: 63848
name added to list: 63849
name added to list: 63850
name added to list: 63851
name added to list: 63852
name added to list: 63853
name added to list: 63854
name added to list: 63855
name added to list: 63856
name added to list: 63857
name added to list: 63858
name added to list: 63859
name added to list: 63860
name added to list: 63861
name added to list: 63862
name added to list: 63863
name added to list: 63864
name added to list: 63865
name added to list: 63866
name added to list: 63867
name added to list: 63868
name added to list: 63869
name added to list: 63870
name added to list: 63871
name added to list: 63872
name added to list: 63873
name added to list: 63874
name added to list: 63875
name added to list: 63876
name added to list: 63877
name added to list: 63878
name added to list: 63879
name added to list: 63880
name added to list: 63881
name added to list: 63882
name added to list: 63883
name added to list: 63884
name added to list: 63885
name added to list: 63886
name added to list: 63887
name added to list: 63888
name added to list: 63889
name added to list: 63890
name added to list: 63891
name added to list: 63892
name added to list: 63893
name added to list: 63894
name added to list: 63895
name added to list: 63896
name added to list: 63897
name added to list: 63898
name added to list: 63899
name added to list: 63900
name added to list: 63901
name added to list: 63902
name added to list: 63903
name added to list: 63904
name added to list: 63905
name added to list: 63906
name added to list: 63907
name added to list: 63908
name added to list: 63909
name added to list: 63910
name added to list: 63911
name added to list: 63912
name added to list: 63913
name added to list: 63914
name added to list: 63915
name added to list: 63916
name added to list: 63917
name added to list: 63918
name added to list: 63919
name added to list: 63920
name added to list: 63921
name added to list: 63922
name added to list: 63923
name added to list: 63924
name added to list: 63925
name added to list: 63926
name added to list: 63927
name added to list: 63928
name added to list: 63929
name added to list: 63930
name added to list: 63931
name added to list: 63932
name added to list: 63933
name added to list: 63934
name added to list: 63935
name added to list: 63936
name added to list: 63937
name added to list: 63938
name added to list: 63939
name added to list: 63940
name added to list: 63941
name added to list: 63942
name added to list: 63943
name added to list: 63944
name added to list: 63945
name added to list: 63946
name added to list: 63947
name added to list: 63948
name added to list: 63949
name added to list: 63950
name added to list: 63951
name added to list: 63952
name added to list: 63953
name added to list: 63954
name added to list: 63955
name added to list: 63956
name added to list: 63957
name added to list: 63958
name added to list: 63959
name added to list: 63960
name added to list: 63961
name added to list: 63962
name added to list: 63963
name added to list: 63964
name added to list: 63965
name added to list: 63966
name added to list: 63967
name added to list: 63968
name added to list: 63969
name added to list: 63970
name added to list: 63971
name added to list: 63972
name added to list: 63973
name added to list: 63974
name added to list: 63975
name added to list: 63976
name added to list: 63977
name added to list: 63978
name added to list: 63979
name added to list: 63980
name added to list: 63981
name added to list: 63982
name added to list: 63983
name added to list: 63984
name added to list: 63985
name added to list: 63986
name added to list: 63987
name added to list: 63988
name added to list: 63989
name added to list: 63990
name added to list: 63991
name added to list: 63992
name added to list: 63993
name added to list: 63994
name added to list: 63995
name added to list: 63996
name added to list: 63997
name added to list: 63998
name added to list: 63999
name added to list: 64000
name added to list: 64001
name added to list: 64002
name added to list: 64003
name added to list: 64004
name added to list: 64005
name added to list: 64006
name added to list: 64007
name added to list: 64008
name added to list: 64009
name added to list: 64010
name added to list: 64011
name added to list: 64012
name added to list: 64013
name added to list: 64014
name added to list: 64015
name added to list: 64016
name added to list: 64017
name added to list: 64018
name added to list: 64019
name added to list: 64020
name added to list: 64021
name added to list: 64022
name added to list: 64023
name added to list: 64024
name added to list: 64025
name added to list: 64026
name added to list: 64027
name added to list: 64028
name added to list: 64029
name added to list: 64030
name added to list: 64031
name added to list: 64032
name added to list: 64033
name added to list: 64034
name added to list: 64035
name added to list: 64036
name added to list: 64037
name added to list: 64038
name added to list: 64039
name added to list: 64040
name added to list: 64041
name added to list: 64042
name added to list: 64043
name added to list: 64044
name added to list: 64045
name added to list: 64046
name added to list: 64047
name added to list: 64048
name added to list: 64049
name added to list: 64050
name added to list: 64051
name added to list: 64052
name added to list: 64053
name added to list: 64054
name added to list: 64055
name added to list: 64056
name added to list: 64057
name added to list: 64058
name added to list: 64059
name added to list: 64060
name added to list: 64061
name added to list: 64062
name added to list: 64063
name added to list: 64064
name added to list: 64065
name added to list: 64066
name added to list: 64067
name added to list: 64068
name added to list: 64069
name added to list: 64070
name added to list: 64071
name added to list: 64072
name added to list: 64073
name added to list: 64074
name added to list: 64075
name added to list: 64076
name added to list: 64077
name added to list: 64078
name added to list: 64079
name added to list: 64080
name added to list: 64081
name added to list: 64082
name added to list: 64083
name added to list: 64084
name added to list: 64085
name added to list: 64086
name added to list: 64087
name added to list: 64088
name added to list: 64089
name added to list: 64090
name added to list: 64091
name added to list: 64092
name added to list: 64093
name added to list: 64094
name added to list: 64095
name added to list: 64096
name added to list: 64097
name added to list: 64098
name added to list: 64099
name added to list: 64100
name added to list: 64101
name added to list: 64102
name added to list: 64103
name added to list: 64104
name added to list: 64105
name added to list: 64106
name added to list: 64107
name added to list: 64108
name added to list: 64109
name added to list: 64110
name added to list: 64111
name added to list: 64112
name added to list: 64113
name added to list: 64114
name added to list: 64115
name added to list: 64116
name added to list: 64117
name added to list: 64118
name added to list: 64119
name added to list: 64120
name added to list: 64121
name added to list: 64122
name added to list: 64123
name added to list: 64124
name added to list: 64125
name added to list: 64126
name added to list: 64127
name added to list: 64128
name added to list: 64129
name added to list: 64130
name added to list: 64131
name added to list: 64132
name added to list: 64133
name added to list: 64134
name added to list: 64135
name added to list: 64136
name added to list: 64137
name added to list: 64138
name added to list: 64139
name added to list: 64140
name added to list: 64141
name added to list: 64142
name added to list: 64143
name added to list: 64144
name added to list: 64145
name added to list: 64146
name added to list: 64147
name added to list: 64148
name added to list: 64149
name added to list: 64150
name added to list: 64151
name added to list: 64152
name added to list: 64153
name added to list: 64154
name added to list: 64155
name added to list: 64156
name added to list: 64157
name added to list: 64158
name added to list: 64159
name added to list: 64160
name added to list: 64161
name added to list: 64162
name added to list: 64163
name added to list: 64164
name added to list: 64165
name added to list: 64166
name added to list: 64167
name added to list: 64168
name added to list: 64169
name added to list: 64170
name added to list: 64171
name added to list: 64172
name added to list: 64173
name added to list: 64174
name added to list: 64175
name added to list: 64176
name added to list: 64177
name added to list: 64178
name added to list: 64179
name added to list: 64180
name added to list: 64181
name added to list: 64182
name added to list: 64183
name added to list: 64184
name added to list: 64185
name added to list: 64186
name added to list: 64187
name added to list: 64188
name added to list: 64189
name added to list: 64190
name added to list: 64191
name added to list: 64192
name added to list: 64193
name added to list: 64194
name added to list: 64195
name added to list: 64196
name added to list: 64197
name added to list: 64198
name added to list: 64199
name added to list: 64200
name added to list: 64201
name added to list: 64202
name added to list: 64203
name added to list: 64204
name added to list: 64205
name added to list: 64206
name added to list: 64207
name added to list: 64208
name added to list: 64209
name added to list: 64210
name added to list: 64211
name added to list: 64212
name added to list: 64213
name added to list: 64214
name added to list: 64215
name added to list: 64216
name added to list: 64217
name added to list: 64218
name added to list: 64219
name added to list: 64220
name added to list: 64221
name added to list: 64222
name added to list: 64223
name added to list: 64224
name added to list: 64225
name added to list: 64226
name added to list: 64227
name added to list: 64228
name added to list: 64229
name added to list: 64230
name added to list: 64231
name added to list: 64232
name added to list: 64233
name added to list: 64234
name added to list: 64235
name added to list: 64236
name added to list: 64237
name added to list: 64238
name added to list: 64239
name added to list: 64240
name added to list: 64241
name added to list: 64242
name added to list: 64243
name added to list: 64244
name added to list: 64245
name added to list: 64246
name added to list: 64247
name added to list: 64248
name added to list: 64249
name added to list: 64250
name added to list: 64251
name added to list: 64252
name added to list: 64253
name added to list: 64254
name added to list: 64255
name added to list: 64256
name added to list: 64257
name added to list: 64258
name added to list: 64259
name added to list: 64260
name added to list: 64261
name added to list: 64262
name added to list: 64263
name added to list: 64264
name added to list: 64265
name added to list: 64266
name added to list: 64267
name added to list: 64268
name added to list: 64269
name added to list: 64270
name added to list: 64271
name added to list: 64272
name added to list: 64273
name added to list: 64274
name added to list: 64275
name added to list: 64276
name added to list: 64277
name added to list: 64278
name added to list: 64279
name added to list: 64280
name added to list: 64281
name added to list: 64282
name added to list: 64283
name added to list: 64284
name added to list: 64285
name added to list: 64286
name added to list: 64287
name added to list: 64288
name added to list: 64289
name added to list: 64290
name added to list: 64291
name added to list: 64292
name added to list: 64293
name added to list: 64294
name added to list: 64295
name added to list: 64296
name added to list: 64297
name added to list: 64298
name added to list: 64299
name added to list: 64300
name added to list: 64301
name added to list: 64302
name added to list: 64303
name added to list: 64304
name added to list: 64305
name added to list: 64306
name added to list: 64307
name added to list: 64308
name added to list: 64309
name added to list: 64310
name added to list: 64311
name added to list: 64312
name added to list: 64313
name added to list: 64314
name added to list: 64315
name added to list: 64316
name added to list: 64317
name added to list: 64318
name added to list: 64319
name added to list: 64320
name added to list: 64321
name added to list: 64322
name added to list: 64323
name added to list: 64324
name added to list: 64325
name added to list: 64326
name added to list: 64327
name added to list: 64328
name added to list: 64329
name added to list: 64330
name added to list: 64331
name added to list: 64332
name added to list: 64333
name added to list: 64334
name added to list: 64335
name added to list: 64336
name added to list: 64337
name added to list: 64338
name added to list: 64339
name added to list: 64340
name added to list: 64341
name added to list: 64342
name added to list: 64343
name added to list: 64344
name added to list: 64345
name added to list: 64346
name added to list: 64347
name added to list: 64348
name added to list: 64349
name added to list: 64350
name added to list: 64351
name added to list: 64352
name added to list: 64353
name added to list: 64354
name added to list: 64355
name added to list: 64356
name added to list: 64357
name added to list: 64358
name added to list: 64359
name added to list: 64360
name added to list: 64361
name added to list: 64362
name added to list: 64363
name added to list: 64364
name added to list: 64365
name added to list: 64366
name added to list: 64367
name added to list: 64368
name added to list: 64369
name added to list: 64370
name added to list: 64371
name added to list: 64372
name added to list: 64373
name added to list: 64374
name added to list: 64375
name added to list: 64376
name added to list: 64377
name added to list: 64378
name added to list: 64379
name added to list: 64380
name added to list: 64381
name added to list: 64382
name added to list: 64383
name added to list: 64384
name added to list: 64385
name added to list: 64386
name added to list: 64387
name added to list: 64388
name added to list: 64389
name added to list: 64390
name added to list: 64391
name added to list: 64392
name added to list: 64393
name added to list: 64394
name added to list: 64395
name added to list: 64396
name added to list: 64397
name added to list: 64398
name added to list: 64399
name added to list: 64400
name added to list: 64401
name added to list: 64402
name added to list: 64403
name added to list: 64404
name added to list: 64405
name added to list: 64406
name added to list: 64407
name added to list: 64408
name added to list: 64409
name added to list: 64410
name added to list: 64411
name added to list: 64412
name added to list: 64413
name added to list: 64414
name added to list: 64415
name added to list: 64416
name added to list: 64417
name added to list: 64418
name added to list: 64419
name added to list: 64420
name added to list: 64421
name added to list: 64422
name added to list: 64423
name added to list: 64424
name added to list: 64425
name added to list: 64426
name added to list: 64427
name added to list: 64428
name added to list: 64429
name added to list: 64430
name added to list: 64431
name added to list: 64432
name added to list: 64433
name added to list: 64434
name added to list: 64435
name added to list: 64436
name added to list: 64437
name added to list: 64438
name added to list: 64439
name added to list: 64440
name added to list: 64441
name added to list: 64442
name added to list: 64443
name added to list: 64444
name added to list: 64445
name added to list: 64446
name added to list: 64447
name added to list: 64448
name added to list: 64449
name added to list: 64450
name added to list: 64451
name added to list: 64452
name added to list: 64453
name added to list: 64454
name added to list: 64455
name added to list: 64456
name added to list: 64457
name added to list: 64458
name added to list: 64459
name added to list: 64460
name added to list: 64461
name added to list: 64462
name added to list: 64463
name added to list: 64464
name added to list: 64465
name added to list: 64466
name added to list: 64467
name added to list: 64468
name added to list: 64469
name added to list: 64470
name added to list: 64471
name added to list: 64472
name added to list: 64473
name added to list: 64474
name added to list: 64475
name added to list: 64476
name added to list: 64477
name added to list: 64478
name added to list: 64479
name added to list: 64480
name added to list: 64481
name added to list: 64482
name added to list: 64483
name added to list: 64484
name added to list: 64485
name added to list: 64486
name added to list: 64487
name added to list: 64488
name added to list: 64489
name added to list: 64490
name added to list: 64491
name added to list: 64492
name added to list: 64493
name added to list: 64494
name added to list: 64495
name added to list: 64496
name added to list: 64497
name added to list: 64498
name added to list: 64499
name added to list: 64500
name added to list: 64501
name added to list: 64502
name added to list: 64503
name added to list: 64504
name added to list: 64505
name added to list: 64506
name added to list: 64507
name added to list: 64508
name added to list: 64509
name added to list: 64510
name added to list: 64511
name added to list: 64512
name added to list: 64513
name added to list: 64514
name added to list: 64515
name added to list: 64516
name added to list: 64517
name added to list: 64518
name added to list: 64519
name added to list: 64520
name added to list: 64521
name added to list: 64522
name added to list: 64523
name added to list: 64524
name added to list: 64525
name added to list: 64526
name added to list: 64527
name added to list: 64528
name added to list: 64529
name added to list: 64530
name added to list: 64531
name added to list: 64532
name added to list: 64533
name added to list: 64534
name added to list: 64535
name added to list: 64536
name added to list: 64537
name added to list: 64538
name added to list: 64539
name added to list: 64540
name added to list: 64541
name added to list: 64542
name added to list: 64543
name added to list: 64544
name added to list: 64545
name added to list: 64546
name added to list: 64547
name added to list: 64548
name added to list: 64549
name added to list: 64550
name added to list: 64551
name added to list: 64552
name added to list: 64553
name added to list: 64554
name added to list: 64555
name added to list: 64556
name added to list: 64557
name added to list: 64558
name added to list: 64559
name added to list: 64560
name added to list: 64561
name added to list: 64562
name added to list: 64563
name added to list: 64564
name added to list: 64565
name added to list: 64566
name added to list: 64567
name added to list: 64568
name added to list: 64569
name added to list: 64570
name added to list: 64571
name added to list: 64572
name added to list: 64573
name added to list: 64574
name added to list: 64575
name added to list: 64576
name added to list: 64577
name added to list: 64578
name added to list: 64579
name added to list: 64580
name added to list: 64581
name added to list: 64582
name added to list: 64583
name added to list: 64584
name added to list: 64585
name added to list: 64586
name added to list: 64587
name added to list: 64588
name added to list: 64589
name added to list: 64590
name added to list: 64591
name added to list: 64592
name added to list: 64593
name added to list: 64594
name added to list: 64595
name added to list: 64596
name added to list: 64597
name added to list: 64598
name added to list: 64599
name added to list: 64600
name added to list: 64601
name added to list: 64602
name added to list: 64603
name added to list: 64604
name added to list: 64605
name added to list: 64606
name added to list: 64607
name added to list: 64608
name added to list: 64609
name added to list: 64610
name added to list: 64611
name added to list: 64612
name added to list: 64613
name added to list: 64614
name added to list: 64615
name added to list: 64616
name added to list: 64617
name added to list: 64618
name added to list: 64619
name added to list: 64620
name added to list: 64621
name added to list: 64622
name added to list: 64623
name added to list: 64624
name added to list: 64625
name added to list: 64626
name added to list: 64627
name added to list: 64628
name added to list: 64629
name added to list: 64630
name added to list: 64631
name added to list: 64632
name added to list: 64633
name added to list: 64634
name added to list: 64635
name added to list: 64636
name added to list: 64637
name added to list: 64638
name added to list: 64639
name added to list: 64640
name added to list: 64641
name added to list: 64642
name added to list: 64643
name added to list: 64644
name added to list: 64645
name added to list: 64646
name added to list: 64647
name added to list: 64648
name added to list: 64649
name added to list: 64650
name added to list: 64651
name added to list: 64652
name added to list: 64653
name added to list: 64654
name added to list: 64655
name added to list: 64656
name added to list: 64657
name added to list: 64658
name added to list: 64659
name added to list: 64660
name added to list: 64661
name added to list: 64662
name added to list: 64663
name added to list: 64664
name added to list: 64665
name added to list: 64666
name added to list: 64667
name added to list: 64668
name added to list: 64669
name added to list: 64670
name added to list: 64671
name added to list: 64672
name added to list: 64673
name added to list: 64674
name added to list: 64675
name added to list: 64676
name added to list: 64677
name added to list: 64678
name added to list: 64679
name added to list: 64680
name added to list: 64681
name added to list: 64682
name added to list: 64683
name added to list: 64684
name added to list: 64685
name added to list: 64686
name added to list: 64687
name added to list: 64688
name added to list: 64689
name added to list: 64690
name added to list: 64691
name added to list: 64692
name added to list: 64693
name added to list: 64694
name added to list: 64695
name added to list: 64696
name added to list: 64697
name added to list: 64698
name added to list: 64699
name added to list: 64700
name added to list: 64701
name added to list: 64702
name added to list: 64703
name added to list: 64704
name added to list: 64705
name added to list: 64706
name added to list: 64707
name added to list: 64708
name added to list: 64709
name added to list: 64710
name added to list: 64711
name added to list: 64712
name added to list: 64713
name added to list: 64714
name added to list: 64715
name added to list: 64716
name added to list: 64717
name added to list: 64718
name added to list: 64719
name added to list: 64720
name added to list: 64721
name added to list: 64722
name added to list: 64723
name added to list: 64724
name added to list: 64725
name added to list: 64726
name added to list: 64727
name added to list: 64728
name added to list: 64729
name added to list: 64730
name added to list: 64731
name added to list: 64732
name added to list: 64733
name added to list: 64734
name added to list: 64735
name added to list: 64736
name added to list: 64737
name added to list: 64738
name added to list: 64739
name added to list: 64740
name added to list: 64741
name added to list: 64742
name added to list: 64743
name added to list: 64744
name added to list: 64745
name added to list: 64746
name added to list: 64747
name added to list: 64748
name added to list: 64749
name added to list: 64750
name added to list: 64751
name added to list: 64752
name added to list: 64753
name added to list: 64754
name added to list: 64755
name added to list: 64756
name added to list: 64757
name added to list: 64758
name added to list: 64759
name added to list: 64760
name added to list: 64761
name added to list: 64762
name added to list: 64763
name added to list: 64764
name added to list: 64765
name added to list: 64766
name added to list: 64767
name added to list: 64768
name added to list: 64769
name added to list: 64770
name added to list: 64771
name added to list: 64772
name added to list: 64773
name added to list: 64774
name added to list: 64775
name added to list: 64776
name added to list: 64777
name added to list: 64778
name added to list: 64779
name added to list: 64780
name added to list: 64781
name added to list: 64782
name added to list: 64783
name added to list: 64784
name added to list: 64785
name added to list: 64786
name added to list: 64787
name added to list: 64788
name added to list: 64789
name added to list: 64790
name added to list: 64791
name added to list: 64792
name added to list: 64793
name added to list: 64794
name added to list: 64795
name added to list: 64796
name added to list: 64797
name added to list: 64798
name added to list: 64799
name added to list: 64800
name added to list: 64801
name added to list: 64802
name added to list: 64803
name added to list: 64804
name added to list: 64805
name added to list: 64806
name added to list: 64807
name added to list: 64808
name added to list: 64809
name added to list: 64810
name added to list: 64811
name added to list: 64812
name added to list: 64813
name added to list: 64814
name added to list: 64815
name added to list: 64816
name added to list: 64817
name added to list: 64818
name added to list: 64819
name added to list: 64820
name added to list: 64821
name added to list: 64822
name added to list: 64823
name added to list: 64824
name added to list: 64825
name added to list: 64826
name added to list: 64827
name added to list: 64828
name added to list: 64829
name added to list: 64830
name added to list: 64831
name added to list: 64832
name added to list: 64833
name added to list: 64834
name added to list: 64835
name added to list: 64836
name added to list: 64837
name added to list: 64838
name added to list: 64839
name added to list: 64840
name added to list: 64841
name added to list: 64842
name added to list: 64843
name added to list: 64844
name added to list: 64845
name added to list: 64846
name added to list: 64847
name added to list: 64848
name added to list: 64849
name added to list: 64850
name added to list: 64851
name added to list: 64852
name added to list: 64853
name added to list: 64854
name added to list: 64855
name added to list: 64856
name added to list: 64857
name added to list: 64858
name added to list: 64859
name added to list: 64860
name added to list: 64861
name added to list: 64862
name added to list: 64863
name added to list: 64864
name added to list: 64865
name added to list: 64866
name added to list: 64867
name added to list: 64868
name added to list: 64869
name added to list: 64870
name added to list: 64871
name added to list: 64872
name added to list: 64873
name added to list: 64874
name added to list: 64875
name added to list: 64876
name added to list: 64877
name added to list: 64878
name added to list: 64879
name added to list: 64880
name added to list: 64881
name added to list: 64882
name added to list: 64883
name added to list: 64884
name added to list: 64885
name added to list: 64886
name added to list: 64887
name added to list: 64888
name added to list: 64889
name added to list: 64890
name added to list: 64891
name added to list: 64892
name added to list: 64893
name added to list: 64894
name added to list: 64895
name added to list: 64896
name added to list: 64897
name added to list: 64898
name added to list: 64899
name added to list: 64900
name added to list: 64901
name added to list: 64902
name added to list: 64903
name added to list: 64904
name added to list: 64905
name added to list: 64906
name added to list: 64907
name added to list: 64908
name added to list: 64909
name added to list: 64910
name added to list: 64911
name added to list: 64912
name added to list: 64913
name added to list: 64914
name added to list: 64915
name added to list: 64916
name added to list: 64917
name added to list: 64918
name added to list: 64919
name added to list: 64920
name added to list: 64921
name added to list: 64922
name added to list: 64923
name added to list: 64924
name added to list: 64925
name added to list: 64926
name added to list: 64927
name added to list: 64928
name added to list: 64929
name added to list: 64930
name added to list: 64931
name added to list: 64932
name added to list: 64933
name added to list: 64934
name added to list: 64935
name added to list: 64936
name added to list: 64937
name added to list: 64938
name added to list: 64939
name added to list: 64940
name added to list: 64941
name added to list: 64942
name added to list: 64943
name added to list: 64944
name added to list: 64945
name added to list: 64946
name added to list: 64947
name added to list: 64948
name added to list: 64949
name added to list: 64950
name added to list: 64951
name added to list: 64952
name added to list: 64953
name added to list: 64954
name added to list: 64955
name added to list: 64956
name added to list: 64957
name added to list: 64958
name added to list: 64959
name added to list: 64960
name added to list: 64961
name added to list: 64962
name added to list: 64963
name added to list: 64964
name added to list: 64965
name added to list: 64966
name added to list: 64967
name added to list: 64968
name added to list: 64969
name added to list: 64970
name added to list: 64971
name added to list: 64972
name added to list: 64973
name added to list: 64974
name added to list: 64975
name added to list: 64976
name added to list: 64977
name added to list: 64978
name added to list: 64979
name added to list: 64980
name added to list: 64981
name added to list: 64982
name added to list: 64983
name added to list: 64984
name added to list: 64985
name added to list: 64986
name added to list: 64987
name added to list: 64988
name added to list: 64989
name added to list: 64990
name added to list: 64991
name added to list: 64992
name added to list: 64993
name added to list: 64994
name added to list: 64995
name added to list: 64996
name added to list: 64997
name added to list: 64998
name added to list: 64999
name added to list: 65000
name added to list: 65001
name added to list: 65002
name added to list: 65003
name added to list: 65004
name added to list: 65005
name added to list: 65006
name added to list: 65007
name added to list: 65008
name added to list: 65009
name added to list: 65010
name added to list: 65011
name added to list: 65012
name added to list: 65013
name added to list: 65014
name added to list: 65015
name added to list: 65016
name added to list: 65017
name added to list: 65018
name added to list: 65019
name added to list: 65020
name added to list: 65021
name added to list: 65022
name added to list: 65023
name added to list: 65024
name added to list: 65025
name added to list: 65026
name added to list: 65027
name added to list: 65028
name added to list: 65029
name added to list: 65030
name added to list: 65031
name added to list: 65032
name added to list: 65033
name added to list: 65034
name added to list: 65035
name added to list: 65036
name added to list: 65037
name added to list: 65038
name added to list: 65039
name added to list: 65040
name added to list: 65041
name added to list: 65042
name added to list: 65043
name added to list: 65044
name added to list: 65045
name added to list: 65046
name added to list: 65047
name added to list: 65048
name added to list: 65049
name added to list: 65050
name added to list: 65051
name added to list: 65052
name added to list: 65053
name added to list: 65054
name added to list: 65055
name added to list: 65056
name added to list: 65057
name added to list: 65058
name added to list: 65059
name added to list: 65060
name added to list: 65061
name added to list: 65062
name added to list: 65063
name added to list: 65064
name added to list: 65065
name added to list: 65066
name added to list: 65067
name added to list: 65068
name added to list: 65069
name added to list: 65070
name added to list: 65071
name added to list: 65072
name added to list: 65073
name added to list: 65074
name added to list: 65075
name added to list: 65076
name added to list: 65077
name added to list: 65078
name added to list: 65079
name added to list: 65080
name added to list: 65081
name added to list: 65082
name added to list: 65083
name added to list: 65084
name added to list: 65085
name added to list: 65086
name added to list: 65087
name added to list: 65088
name added to list: 65089
name added to list: 65090
name added to list: 65091
name added to list: 65092
name added to list: 65093
name added to list: 65094
name added to list: 65095
name added to list: 65096
name added to list: 65097
name added to list: 65098
name added to list: 65099
name added to list: 65100
name added to list: 65101
name added to list: 65102
name added to list: 65103
name added to list: 65104
name added to list: 65105
name added to list: 65106
name added to list: 65107
name added to list: 65108
name added to list: 65109
name added to list: 65110
name added to list: 65111
name added to list: 65112
name added to list: 65113
name added to list: 65114
name added to list: 65115
name added to list: 65116
name added to list: 65117
name added to list: 65118
name added to list: 65119
name added to list: 65120
name added to list: 65121
name added to list: 65122
name added to list: 65123
name added to list: 65124
name added to list: 65125
name added to list: 65126
name added to list: 65127
name added to list: 65128
name added to list: 65129
name added to list: 65130
name added to list: 65131
name added to list: 65132
name added to list: 65133
name added to list: 65134
name added to list: 65135
name added to list: 65136
name added to list: 65137
name added to list: 65138
name added to list: 65139
name added to list: 65140
name added to list: 65141
name added to list: 65142
name added to list: 65143
name added to list: 65144
name added to list: 65145
name added to list: 65146
name added to list: 65147
name added to list: 65148
name added to list: 65149
name added to list: 65150
name added to list: 65151
name added to list: 65152
name added to list: 65153
name added to list: 65154
name added to list: 65155
name added to list: 65156
name added to list: 65157
name added to list: 65158
name added to list: 65159
name added to list: 65160
name added to list: 65161
name added to list: 65162
name added to list: 65163
name added to list: 65164
name added to list: 65165
name added to list: 65166
name added to list: 65167
name added to list: 65168
name added to list: 65169
name added to list: 65170
name added to list: 65171
name added to list: 65172
name added to list: 65173
name added to list: 65174
name added to list: 65175
name added to list: 65176
name added to list: 65177
name added to list: 65178
name added to list: 65179
name added to list: 65180
name added to list: 65181
name added to list: 65182
name added to list: 65183
name added to list: 65184
name added to list: 65185
name added to list: 65186
name added to list: 65187
name added to list: 65188
name added to list: 65189
name added to list: 65190
name added to list: 65191
name added to list: 65192
name added to list: 65193
name added to list: 65194
name added to list: 65195
name added to list: 65196
name added to list: 65197
name added to list: 65198
name added to list: 65199
name added to list: 65200
name added to list: 65201
name added to list: 65202
name added to list: 65203
name added to list: 65204
name added to list: 65205
name added to list: 65206
name added to list: 65207
name added to list: 65208
name added to list: 65209
name added to list: 65210
name added to list: 65211
name added to list: 65212
name added to list: 65213
name added to list: 65214
name added to list: 65215
name added to list: 65216
name added to list: 65217
name added to list: 65218
name added to list: 65219
name added to list: 65220
name added to list: 65221
name added to list: 65222
name added to list: 65223
name added to list: 65224
name added to list: 65225
name added to list: 65226
name added to list: 65227
name added to list: 65228
name added to list: 65229
name added to list: 65230
name added to list: 65231
name added to list: 65232
name added to list: 65233
name added to list: 65234
name added to list: 65235
name added to list: 65236
name added to list: 65237
name added to list: 65238
name added to list: 65239
name added to list: 65240
name added to list: 65241
name added to list: 65242
name added to list: 65243
name added to list: 65244
name added to list: 65245
name added to list: 65246
name added to list: 65247
name added to list: 65248
name added to list: 65249
name added to list: 65250
name added to list: 65251
name added to list: 65252
name added to list: 65253
name added to list: 65254
name added to list: 65255
name added to list: 65256
name added to list: 65257
name added to list: 65258
name added to list: 65259
name added to list: 65260
name added to list: 65261
name added to list: 65262
name added to list: 65263
name added to list: 65264
name added to list: 65265
name added to list: 65266
name added to list: 65267
name added to list: 65268
name added to list: 65269
name added to list: 65270
name added to list: 65271
name added to list: 65272
name added to list: 65273
name added to list: 65274
name added to list: 65275
name added to list: 65276
name added to list: 65277
name added to list: 65278
name added to list: 65279
name added to list: 65280
name added to list: 65281
name added to list: 65282
name added to list: 65283
name added to list: 65284
name added to list: 65285
name added to list: 65286
name added to list: 65287
name added to list: 65288
name added to list: 65289
name added to list: 65290
name added to list: 65291
name added to list: 65292
name added to list: 65293
name added to list: 65294
name added to list: 65295
name added to list: 65296
name added to list: 65297
name added to list: 65298
name added to list: 65299
name added to list: 65300
name added to list: 65301
name added to list: 65302
name added to list: 65303
name added to list: 65304
name added to list: 65305
name added to list: 65306
name added to list: 65307
name added to list: 65308
name added to list: 65309
name added to list: 65310
name added to list: 65311
name added to list: 65312
name added to list: 65313
name added to list: 65314
name added to list: 65315
name added to list: 65316
name added to list: 65317
name added to list: 65318
name added to list: 65319
name added to list: 65320
name added to list: 65321
name added to list: 65322
name added to list: 65323
name added to list: 65324
name added to list: 65325
name added to list: 65326
name added to list: 65327
name added to list: 65328
name added to list: 65329
name added to list: 65330
name added to list: 65331
name added to list: 65332
name added to list: 65333
name added to list: 65334
name added to list: 65335
name added to list: 65336
name added to list: 65337
name added to list: 65338
name added to list: 65339
name added to list: 65340
name added to list: 65341
name added to list: 65342
name added to list: 65343
name added to list: 65344
name added to list: 65345
name added to list: 65346
name added to list: 65347
name added to list: 65348
name added to list: 65349
name added to list: 65350
name added to list: 65351
name added to list: 65352
name added to list: 65353
name added to list: 65354
name added to list: 65355
name added to list: 65356
name added to list: 65357
name added to list: 65358
name added to list: 65359
name added to list: 65360
name added to list: 65361
name added to list: 65362
name added to list: 65363
name added to list: 65364
name added to list: 65365
name added to list: 65366
name added to list: 65367
name added to list: 65368
name added to list: 65369
name added to list: 65370
name added to list: 65371
name added to list: 65372
name added to list: 65373
name added to list: 65374
name added to list: 65375
name added to list: 65376
name added to list: 65377
name added to list: 65378
name added to list: 65379
name added to list: 65380
name added to list: 65381
name added to list: 65382
name added to list: 65383
name added to list: 65384
name added to list: 65385
name added to list: 65386
name added to list: 65387
name added to list: 65388
name added to list: 65389
name added to list: 65390
name added to list: 65391
name added to list: 65392
name added to list: 65393
name added to list: 65394
name added to list: 65395
name added to list: 65396
name added to list: 65397
name added to list: 65398
name added to list: 65399
name added to list: 65400
name added to list: 65401
name added to list: 65402
name added to list: 65403
name added to list: 65404
name added to list: 65405
name added to list: 65406
name added to list: 65407
name added to list: 65408
name added to list: 65409
name added to list: 65410
name added to list: 65411
name added to list: 65412
name added to list: 65413
name added to list: 65414
name added to list: 65415
name added to list: 65416
name added to list: 65417
name added to list: 65418
name added to list: 65419
name added to list: 65420
name added to list: 65421
name added to list: 65422
name added to list: 65423
name added to list: 65424
name added to list: 65425
name added to list: 65426
name added to list: 65427
name added to list: 65428
name added to list: 65429
name added to list: 65430
name added to list: 65431
name added to list: 65432
name added to list: 65433
name added to list: 65434
name added to list: 65435
name added to list: 65436
name added to list: 65437
name added to list: 65438
name added to list: 65439
name added to list: 65440
name added to list: 65441
name added to list: 65442
name added to list: 65443
name added to list: 65444
name added to list: 65445
name added to list: 65446
name added to list: 65447
name added to list: 65448
name added to list: 65449
name added to list: 65450
name added to list: 65451
name added to list: 65452
name added to list: 65453
name added to list: 65454
name added to list: 65455
name added to list: 65456
name added to list: 65457
name added to list: 65458
name added to list: 65459
name added to list: 65460
name added to list: 65461
name added to list: 65462
name added to list: 65463
name added to list: 65464
name added to list: 65465
name added to list: 65466
name added to list: 65467
name added to list: 65468
name added to list: 65469
name added to list: 65470
name added to list: 65471
name added to list: 65472
name added to list: 65473
name added to list: 65474
name added to list: 65475
name added to list: 65476
name added to list: 65477
name added to list: 65478
name added to list: 65479
name added to list: 65480
name added to list: 65481
name added to list: 65482
name added to list: 65483
name added to list: 65484
name added to list: 65485
name added to list: 65486
name added to list: 65487
name added to list: 65488
name added to list: 65489
name added to list: 65490
name added to list: 65491
name added to list: 65492
name added to list: 65493
name added to list: 65494
name added to list: 65495
name added to list: 65496
name added to list: 65497
name added to list: 65498
name added to list: 65499
name added to list: 65500
name added to list: 65501
name added to list: 65502
name added to list: 65503
name added to list: 65504
name added to list: 65505
name added to list: 65506
name added to list: 65507
name added to list: 65508
name added to list: 65509
name added to list: 65510
name added to list: 65511
name added to list: 65512
name added to list: 65513
name added to list: 65514
name added to list: 65515
name added to list: 65516
name added to list: 65517
name added to list: 65518
name added to list: 65519
name added to list: 65520
name added to list: 65521
name added to list: 65522
name added to list: 65523
name added to list: 65524
name added to list: 65525
name added to list: 65526
name added to list: 65527
name added to list: 65528
name added to list: 65529
name added to list: 65530
name added to list: 65531
name added to list: 65532
name added to list: 65533
name added to list: 65534
name added to list: 65535
name added to list: 65536
name added to list: 65537
name added to list: 65538
name added to list: 65539
name added to list: 65540
name added to list: 65541
name added to list: 65542
name added to list: 65543
name added to list: 65544
name added to list: 65545
name added to list: 65546
name added to list: 65547
name added to list: 65548
name added to list: 65549
name added to list: 65550
name added to list: 65551
name added to list: 65552
name added to list: 65553
name added to list: 65554
name added to list: 65555
name added to list: 65556
name added to list: 65557
name added to list: 65558
name added to list: 65559
name added to list: 65560
name added to list: 65561
name added to list: 65562
name added to list: 65563
name added to list: 65564
name added to list: 65565
name added to list: 65566
name added to list: 65567
name added to list: 65568
name added to list: 65569
name added to list: 65570
name added to list: 65571
name added to list: 65572
name added to list: 65573
name added to list: 65574
name added to list: 65575
name added to list: 65576
name added to list: 65577
name added to list: 65578
name added to list: 65579
name added to list: 65580
name added to list: 65581
name added to list: 65582
name added to list: 65583
name added to list: 65584
name added to list: 65585
name added to list: 65586
name added to list: 65587
name added to list: 65588
name added to list: 65589
name added to list: 65590
name added to list: 65591
name added to list: 65592
name added to list: 65593
name added to list: 65594
name added to list: 65595
name added to list: 65596
name added to list: 65597
name added to list: 65598
name added to list: 65599
name added to list: 65600
name added to list: 65601
name added to list: 65602
name added to list: 65603
name added to list: 65604
name added to list: 65605
name added to list: 65606
name added to list: 65607
name added to list: 65608
name added to list: 65609
name added to list: 65610
name added to list: 65611
name added to list: 65612
name added to list: 65613
name added to list: 65614
name added to list: 65615
name added to list: 65616
name added to list: 65617
name added to list: 65618
name added to list: 65619
name added to list: 65620
name added to list: 65621
name added to list: 65622
name added to list: 65623
name added to list: 65624
name added to list: 65625
name added to list: 65626
name added to list: 65627
name added to list: 65628
name added to list: 65629
name added to list: 65630
name added to list: 65631
name added to list: 65632
name added to list: 65633
name added to list: 65634
name added to list: 65635
name added to list: 65636
name added to list: 65637
name added to list: 65638
name added to list: 65639
name added to list: 65640
name added to list: 65641
name added to list: 65642
name added to list: 65643
name added to list: 65644
name added to list: 65645
name added to list: 65646
name added to list: 65647
name added to list: 65648
name added to list: 65649
name added to list: 65650
name added to list: 65651
name added to list: 65652
name added to list: 65653
name added to list: 65654
name added to list: 65655
name added to list: 65656
name added to list: 65657
name added to list: 65658
name added to list: 65659
name added to list: 65660
name added to list: 65661
name added to list: 65662
name added to list: 65663
name added to list: 65664
name added to list: 65665
name added to list: 65666
name added to list: 65667
name added to list: 65668
name added to list: 65669
name added to list: 65670
name added to list: 65671
name added to list: 65672
name added to list: 65673
name added to list: 65674
name added to list: 65675
name added to list: 65676
name added to list: 65677
name added to list: 65678
name added to list: 65679
name added to list: 65680
name added to list: 65681
name added to list: 65682
name added to list: 65683
name added to list: 65684
name added to list: 65685
name added to list: 65686
name added to list: 65687
name added to list: 65688
name added to list: 65689
name added to list: 65690
name added to list: 65691
name added to list: 65692
name added to list: 65693
name added to list: 65694
name added to list: 65695
name added to list: 65696
name added to list: 65697
name added to list: 65698
name added to list: 65699
name added to list: 65700
name added to list: 65701
name added to list: 65702
name added to list: 65703
name added to list: 65704
name added to list: 65705
name added to list: 65706
name added to list: 65707
name added to list: 65708
name added to list: 65709
name added to list: 65710
name added to list: 65711
name added to list: 65712
name added to list: 65713
name added to list: 65714
name added to list: 65715
name added to list: 65716
name added to list: 65717
name added to list: 65718
name added to list: 65719
name added to list: 65720
name added to list: 65721
name added to list: 65722
name added to list: 65723
name added to list: 65724
name added to list: 65725
name added to list: 65726
name added to list: 65727
name added to list: 65728
name added to list: 65729
name added to list: 65730
name added to list: 65731
name added to list: 65732
name added to list: 65733
name added to list: 65734
name added to list: 65735
name added to list: 65736
name added to list: 65737
name added to list: 65738
name added to list: 65739
name added to list: 65740
name added to list: 65741
name added to list: 65742
name added to list: 65743
name added to list: 65744
name added to list: 65745
name added to list: 65746
name added to list: 65747
name added to list: 65748
name added to list: 65749
name added to list: 65750
name added to list: 65751
name added to list: 65752
name added to list: 65753
name added to list: 65754
name added to list: 65755
name added to list: 65756
name added to list: 65757
name added to list: 65758
name added to list: 65759
name added to list: 65760
name added to list: 65761
name added to list: 65762
name added to list: 65763
name added to list: 65764
name added to list: 65765
name added to list: 65766
name added to list: 65767
name added to list: 65768
name added to list: 65769
name added to list: 65770
name added to list: 65771
name added to list: 65772
name added to list: 65773
name added to list: 65774
name added to list: 65775
name added to list: 65776
name added to list: 65777
name added to list: 65778
name added to list: 65779
name added to list: 65780
name added to list: 65781
name added to list: 65782
name added to list: 65783
name added to list: 65784
name added to list: 65785
name added to list: 65786
name added to list: 65787
name added to list: 65788
name added to list: 65789
name added to list: 65790
name added to list: 65791
name added to list: 65792
name added to list: 65793
name added to list: 65794
name added to list: 65795
name added to list: 65796
name added to list: 65797
name added to list: 65798
name added to list: 65799
name added to list: 65800
name added to list: 65801
name added to list: 65802
name added to list: 65803
name added to list: 65804
name added to list: 65805
name added to list: 65806
name added to list: 65807
name added to list: 65808
name added to list: 65809
name added to list: 65810
name added to list: 65811
name added to list: 65812
name added to list: 65813
name added to list: 65814
name added to list: 65815
name added to list: 65816
name added to list: 65817
name added to list: 65818
name added to list: 65819
name added to list: 65820
name added to list: 65821
name added to list: 65822
name added to list: 65823
name added to list: 65824
name added to list: 65825
name added to list: 65826
name added to list: 65827
name added to list: 65828
name added to list: 65829
name added to list: 65830
name added to list: 65831
name added to list: 65832
name added to list: 65833
name added to list: 65834
name added to list: 65835
name added to list: 65836
name added to list: 65837
name added to list: 65838
name added to list: 65839
name added to list: 65840
name added to list: 65841
name added to list: 65842
name added to list: 65843
name added to list: 65844
name added to list: 65845
name added to list: 65846
name added to list: 65847
name added to list: 65848
name added to list: 65849
name added to list: 65850
name added to list: 65851
name added to list: 65852
name added to list: 65853
name added to list: 65854
name added to list: 65855
name added to list: 65856
name added to list: 65857
name added to list: 65858
name added to list: 65859
name added to list: 65860
name added to list: 65861
name added to list: 65862
name added to list: 65863
name added to list: 65864
name added to list: 65865
name added to list: 65866
name added to list: 65867
name added to list: 65868
name added to list: 65869
name added to list: 65870
name added to list: 65871
name added to list: 65872
name added to list: 65873
name added to list: 65874
name added to list: 65875
name added to list: 65876
name added to list: 65877
name added to list: 65878
name added to list: 65879
name added to list: 65880
name added to list: 65881
name added to list: 65882
name added to list: 65883
name added to list: 65884
name added to list: 65885
name added to list: 65886
name added to list: 65887
name added to list: 65888
name added to list: 65889
name added to list: 65890
name added to list: 65891
name added to list: 65892
name added to list: 65893
name added to list: 65894
name added to list: 65895
name added to list: 65896
name added to list: 65897
name added to list: 65898
name added to list: 65899
name added to list: 65900
name added to list: 65901
name added to list: 65902
name added to list: 65903
name added to list: 65904
name added to list: 65905
name added to list: 65906
name added to list: 65907
name added to list: 65908
name added to list: 65909
name added to list: 65910
name added to list: 65911
name added to list: 65912
name added to list: 65913
name added to list: 65914
name added to list: 65915
name added to list: 65916
name added to list: 65917
name added to list: 65918
name added to list: 65919
name added to list: 65920
name added to list: 65921
name added to list: 65922
name added to list: 65923
name added to list: 65924
name added to list: 65925
name added to list: 65926
name added to list: 65927
name added to list: 65928
name added to list: 65929
name added to list: 65930
name added to list: 65931
name added to list: 65932
name added to list: 65933
name added to list: 65934
name added to list: 65935
name added to list: 65936
name added to list: 65937
name added to list: 65938
name added to list: 65939
name added to list: 65940
name added to list: 65941
name added to list: 65942
name added to list: 65943
name added to list: 65944
name added to list: 65945
name added to list: 65946
name added to list: 65947
name added to list: 65948
name added to list: 65949
name added to list: 65950
name added to list: 65951
name added to list: 65952
name added to list: 65953
name added to list: 65954
name added to list: 65955
name added to list: 65956
name added to list: 65957
name added to list: 65958
name added to list: 65959
name added to list: 65960
name added to list: 65961
name added to list: 65962
name added to list: 65963
name added to list: 65964
name added to list: 65965
name added to list: 65966
name added to list: 65967
name added to list: 65968
name added to list: 65969
name added to list: 65970
name added to list: 65971
name added to list: 65972
name added to list: 65973
name added to list: 65974
name added to list: 65975
name added to list: 65976
name added to list: 65977
name added to list: 65978
name added to list: 65979
name added to list: 65980
name added to list: 65981
name added to list: 65982
name added to list: 65983
name added to list: 65984
name added to list: 65985
name added to list: 65986
name added to list: 65987
name added to list: 65988
name added to list: 65989
name added to list: 65990
name added to list: 65991
name added to list: 65992
name added to list: 65993
name added to list: 65994
name added to list: 65995
name added to list: 65996
name added to list: 65997
name added to list: 65998
name added to list: 65999
name added to list: 66000
name added to list: 66001
name added to list: 66002
name added to list: 66003
name added to list: 66004
name added to list: 66005
name added to list: 66006
name added to list: 66007
name added to list: 66008
name added to list: 66009
name added to list: 66010
name added to list: 66011
name added to list: 66012
name added to list: 66013
name added to list: 66014
name added to list: 66015
name added to list: 66016
name added to list: 66017
name added to list: 66018
name added to list: 66019
name added to list: 66020
name added to list: 66021
name added to list: 66022
name added to list: 66023
name added to list: 66024
name added to list: 66025
name added to list: 66026
name added to list: 66027
name added to list: 66028
name added to list: 66029
name added to list: 66030
name added to list: 66031
name added to list: 66032
name added to list: 66033
name added to list: 66034
name added to list: 66035
name added to list: 66036
name added to list: 66037
name added to list: 66038
name added to list: 66039
name added to list: 66040
name added to list: 66041
name added to list: 66042
name added to list: 66043
name added to list: 66044
name added to list: 66045
name added to list: 66046
name added to list: 66047
name added to list: 66048
name added to list: 66049
name added to list: 66050
name added to list: 66051
name added to list: 66052
name added to list: 66053
name added to list: 66054
name added to list: 66055
name added to list: 66056
name added to list: 66057
name added to list: 66058
name added to list: 66059
name added to list: 66060
name added to list: 66061
name added to list: 66062
name added to list: 66063
name added to list: 66064
name added to list: 66065
name added to list: 66066
name added to list: 66067
name added to list: 66068
name added to list: 66069
name added to list: 66070
name added to list: 66071
name added to list: 66072
name added to list: 66073
name added to list: 66074
name added to list: 66075
name added to list: 66076
name added to list: 66077
name added to list: 66078
name added to list: 66079
name added to list: 66080
name added to list: 66081
name added to list: 66082
name added to list: 66083
name added to list: 66084
name added to list: 66085
name added to list: 66086
name added to list: 66087
name added to list: 66088
name added to list: 66089
name added to list: 66090
name added to list: 66091
name added to list: 66092
name added to list: 66093
name added to list: 66094
name added to list: 66095
name added to list: 66096
name added to list: 66097
name added to list: 66098
name added to list: 66099
name added to list: 66100
name added to list: 66101
name added to list: 66102
name added to list: 66103
name added to list: 66104
name added to list: 66105
name added to list: 66106
name added to list: 66107
name added to list: 66108
name added to list: 66109
name added to list: 66110
name added to list: 66111
name added to list: 66112
name added to list: 66113
name added to list: 66114
name added to list: 66115
name added to list: 66116
name added to list: 66117
name added to list: 66118
name added to list: 66119
name added to list: 66120
name added to list: 66121
name added to list: 66122
name added to list: 66123
name added to list: 66124
name added to list: 66125
name added to list: 66126
name added to list: 66127
name added to list: 66128
name added to list: 66129
name added to list: 66130
name added to list: 66131
name added to list: 66132
name added to list: 66133
name added to list: 66134
name added to list: 66135
name added to list: 66136
name added to list: 66137
name added to list: 66138
name added to list: 66139
name added to list: 66140
name added to list: 66141
name added to list: 66142
name added to list: 66143
name added to list: 66144
name added to list: 66145
name added to list: 66146
name added to list: 66147
name added to list: 66148
name added to list: 66149
name added to list: 66150
name added to list: 66151
name added to list: 66152
name added to list: 66153
name added to list: 66154
name added to list: 66155
name added to list: 66156
name added to list: 66157
name added to list: 66158
name added to list: 66159
name added to list: 66160
name added to list: 66161
name added to list: 66162
name added to list: 66163
name added to list: 66164
name added to list: 66165
name added to list: 66166
name added to list: 66167
name added to list: 66168
name added to list: 66169
name added to list: 66170
name added to list: 66171
name added to list: 66172
name added to list: 66173
name added to list: 66174
name added to list: 66175
name added to list: 66176
name added to list: 66177
name added to list: 66178
name added to list: 66179
name added to list: 66180
name added to list: 66181
name added to list: 66182
name added to list: 66183
name added to list: 66184
name added to list: 66185
name added to list: 66186
name added to list: 66187
name added to list: 66188
name added to list: 66189
name added to list: 66190
name added to list: 66191
name added to list: 66192
name added to list: 66193
name added to list: 66194
name added to list: 66195
name added to list: 66196
name added to list: 66197
name added to list: 66198
name added to list: 66199
name added to list: 66200
name added to list: 66201
name added to list: 66202
name added to list: 66203
name added to list: 66204
name added to list: 66205
name added to list: 66206
name added to list: 66207
name added to list: 66208
name added to list: 66209
name added to list: 66210
name added to list: 66211
name added to list: 66212
name added to list: 66213
name added to list: 66214
name added to list: 66215
name added to list: 66216
name added to list: 66217
name added to list: 66218
name added to list: 66219
name added to list: 66220
name added to list: 66221
name added to list: 66222
name added to list: 66223
name added to list: 66224
name added to list: 66225
name added to list: 66226
name added to list: 66227
name added to list: 66228
name added to list: 66229
name added to list: 66230
name added to list: 66231
name added to list: 66232
name added to list: 66233
name added to list: 66234
name added to list: 66235
name added to list: 66236
name added to list: 66237
name added to list: 66238
name added to list: 66239
name added to list: 66240
name added to list: 66241
name added to list: 66242
name added to list: 66243
name added to list: 66244
name added to list: 66245
name added to list: 66246
name added to list: 66247
name added to list: 66248
name added to list: 66249
name added to list: 66250
name added to list: 66251
name added to list: 66252
name added to list: 66253
name added to list: 66254
name added to list: 66255
name added to list: 66256
name added to list: 66257
name added to list: 66258
name added to list: 66259
name added to list: 66260
name added to list: 66261
name added to list: 66262
name added to list: 66263
name added to list: 66264
name added to list: 66265
name added to list: 66266
name added to list: 66267
name added to list: 66268
name added to list: 66269
name added to list: 66270
name added to list: 66271
name added to list: 66272
name added to list: 66273
name added to list: 66274
name added to list: 66275
name added to list: 66276
name added to list: 66277
name added to list: 66278
name added to list: 66279
name added to list: 66280
name added to list: 66281
name added to list: 66282
name added to list: 66283
name added to list: 66284
name added to list: 66285
name added to list: 66286
name added to list: 66287
name added to list: 66288
name added to list: 66289
name added to list: 66290
name added to list: 66291
name added to list: 66292
name added to list: 66293
name added to list: 66294
name added to list: 66295
name added to list: 66296
name added to list: 66297
name added to list: 66298
name added to list: 66299
name added to list: 66300
name added to list: 66301
name added to list: 66302
name added to list: 66303
name added to list: 66304
name added to list: 66305
name added to list: 66306
name added to list: 66307
name added to list: 66308
name added to list: 66309
name added to list: 66310
name added to list: 66311
name added to list: 66312
name added to list: 66313
name added to list: 66314
name added to list: 66315
name added to list: 66316
name added to list: 66317
name added to list: 66318
name added to list: 66319
name added to list: 66320
name added to list: 66321
name added to list: 66322
name added to list: 66323
name added to list: 66324
name added to list: 66325
name added to list: 66326
name added to list: 66327
name added to list: 66328
name added to list: 66329
name added to list: 66330
name added to list: 66331
name added to list: 66332
name added to list: 66333
name added to list: 66334
name added to list: 66335
name added to list: 66336
name added to list: 66337
name added to list: 66338
name added to list: 66339
name added to list: 66340
name added to list: 66341
name added to list: 66342
name added to list: 66343
name added to list: 66344
name added to list: 66345
name added to list: 66346
name added to list: 66347
name added to list: 66348
name added to list: 66349
name added to list: 66350
name added to list: 66351
name added to list: 66352
name added to list: 66353
name added to list: 66354
name added to list: 66355
name added to list: 66356
name added to list: 66357
name added to list: 66358
name added to list: 66359
name added to list: 66360
name added to list: 66361
name added to list: 66362
name added to list: 66363
name added to list: 66364
name added to list: 66365
name added to list: 66366
name added to list: 66367
name added to list: 66368
name added to list: 66369
name added to list: 66370
name added to list: 66371
name added to list: 66372
name added to list: 66373
name added to list: 66374
name added to list: 66375
name added to list: 66376
name added to list: 66377
name added to list: 66378
name added to list: 66379
name added to list: 66380
name added to list: 66381
name added to list: 66382
name added to list: 66383
name added to list: 66384
name added to list: 66385
name added to list: 66386
name added to list: 66387
name added to list: 66388
name added to list: 66389
name added to list: 66390
name added to list: 66391
name added to list: 66392
name added to list: 66393
name added to list: 66394
name added to list: 66395
name added to list: 66396
name added to list: 66397
name added to list: 66398
name added to list: 66399
name added to list: 66400
name added to list: 66401
name added to list: 66402
name added to list: 66403
name added to list: 66404
name added to list: 66405
name added to list: 66406
name added to list: 66407
name added to list: 66408
name added to list: 66409
name added to list: 66410
name added to list: 66411
name added to list: 66412
name added to list: 66413
name added to list: 66414
name added to list: 66415
name added to list: 66416
name added to list: 66417
name added to list: 66418
name added to list: 66419
name added to list: 66420
name added to list: 66421
name added to list: 66422
name added to list: 66423
name added to list: 66424
name added to list: 66425
name added to list: 66426
name added to list: 66427
name added to list: 66428
name added to list: 66429
name added to list: 66430
name added to list: 66431
name added to list: 66432
name added to list: 66433
name added to list: 66434
name added to list: 66435
name added to list: 66436
name added to list: 66437
name added to list: 66438
name added to list: 66439
name added to list: 66440
name added to list: 66441
name added to list: 66442
name added to list: 66443
name added to list: 66444
name added to list: 66445
name added to list: 66446
name added to list: 66447
name added to list: 66448
name added to list: 66449
name added to list: 66450
name added to list: 66451
name added to list: 66452
name added to list: 66453
name added to list: 66454
name added to list: 66455
name added to list: 66456
name added to list: 66457
name added to list: 66458
name added to list: 66459
name added to list: 66460
name added to list: 66461
name added to list: 66462
name added to list: 66463
name added to list: 66464
name added to list: 66465
name added to list: 66466
name added to list: 66467
name added to list: 66468
name added to list: 66469
name added to list: 66470
name added to list: 66471
name added to list: 66472
name added to list: 66473
name added to list: 66474
name added to list: 66475
name added to list: 66476
name added to list: 66477
name added to list: 66478
name added to list: 66479
name added to list: 66480
name added to list: 66481
name added to list: 66482
name added to list: 66483
name added to list: 66484
name added to list: 66485
name added to list: 66486
name added to list: 66487
name added to list: 66488
name added to list: 66489
name added to list: 66490
name added to list: 66491
name added to list: 66492
name added to list: 66493
name added to list: 66494
name added to list: 66495
name added to list: 66496
name added to list: 66497
name added to list: 66498
name added to list: 66499
name added to list: 66500
name added to list: 66501
name added to list: 66502
name added to list: 66503
name added to list: 66504
name added to list: 66505
name added to list: 66506
name added to list: 66507
name added to list: 66508
name added to list: 66509
name added to list: 66510
name added to list: 66511
name added to list: 66512
name added to list: 66513
name added to list: 66514
name added to list: 66515
name added to list: 66516
name added to list: 66517
name added to list: 66518
name added to list: 66519
name added to list: 66520
name added to list: 66521
name added to list: 66522
name added to list: 66523
name added to list: 66524
name added to list: 66525
name added to list: 66526
name added to list: 66527
name added to list: 66528
name added to list: 66529
name added to list: 66530
name added to list: 66531
name added to list: 66532
name added to list: 66533
name added to list: 66534
name added to list: 66535
name added to list: 66536
name added to list: 66537
name added to list: 66538
name added to list: 66539
name added to list: 66540
name added to list: 66541
name added to list: 66542
name added to list: 66543
name added to list: 66544
name added to list: 66545
name added to list: 66546
name added to list: 66547
name added to list: 66548
name added to list: 66549
name added to list: 66550
name added to list: 66551
name added to list: 66552
name added to list: 66553
name added to list: 66554
name added to list: 66555
name added to list: 66556
name added to list: 66557
name added to list: 66558
name added to list: 66559
name added to list: 66560
name added to list: 66561
name added to list: 66562
name added to list: 66563
name added to list: 66564
name added to list: 66565
name added to list: 66566
name added to list: 66567
name added to list: 66568
name added to list: 66569
name added to list: 66570
name added to list: 66571
name added to list: 66572
name added to list: 66573
name added to list: 66574
name added to list: 66575
name added to list: 66576
name added to list: 66577
name added to list: 66578
name added to list: 66579
name added to list: 66580
name added to list: 66581
name added to list: 66582
name added to list: 66583
name added to list: 66584
name added to list: 66585
name added to list: 66586
name added to list: 66587
name added to list: 66588
name added to list: 66589
name added to list: 66590
name added to list: 66591
name added to list: 66592
name added to list: 66593
name added to list: 66594
name added to list: 66595
name added to list: 66596
name added to list: 66597
name added to list: 66598
name added to list: 66599
name added to list: 66600
name added to list: 66601
name added to list: 66602
name added to list: 66603
name added to list: 66604
name added to list: 66605
name added to list: 66606
name added to list: 66607
name added to list: 66608
name added to list: 66609
name added to list: 66610
name added to list: 66611
name added to list: 66612
name added to list: 66613
name added to list: 66614
name added to list: 66615
name added to list: 66616
name added to list: 66617
name added to list: 66618
name added to list: 66619
name added to list: 66620
name added to list: 66621
name added to list: 66622
name added to list: 66623
name added to list: 66624
name added to list: 66625
name added to list: 66626
name added to list: 66627
name added to list: 66628
name added to list: 66629
name added to list: 66630
name added to list: 66631
name added to list: 66632
name added to list: 66633
name added to list: 66634
name added to list: 66635
name added to list: 66636
name added to list: 66637
name added to list: 66638
name added to list: 66639
name added to list: 66640
name added to list: 66641
name added to list: 66642
name added to list: 66643
name added to list: 66644
name added to list: 66645
name added to list: 66646
name added to list: 66647
name added to list: 66648
name added to list: 66649
name added to list: 66650
name added to list: 66651
name added to list: 66652
name added to list: 66653
name added to list: 66654
name added to list: 66655
name added to list: 66656
name added to list: 66657
name added to list: 66658
name added to list: 66659
name added to list: 66660
name added to list: 66661
name added to list: 66662
name added to list: 66663
name added to list: 66664
name added to list: 66665
name added to list: 66666
name added to list: 66667
name added to list: 66668
name added to list: 66669
name added to list: 66670
name added to list: 66671
name added to list: 66672
name added to list: 66673
name added to list: 66674
name added to list: 66675
name added to list: 66676
name added to list: 66677
name added to list: 66678
name added to list: 66679
name added to list: 66680
name added to list: 66681
name added to list: 66682
name added to list: 66683
name added to list: 66684
name added to list: 66685
name added to list: 66686
name added to list: 66687
name added to list: 66688
name added to list: 66689
name added to list: 66690
name added to list: 66691
name added to list: 66692
name added to list: 66693
name added to list: 66694
name added to list: 66695
name added to list: 66696
name added to list: 66697
name added to list: 66698
name added to list: 66699
name added to list: 66700
name added to list: 66701
name added to list: 66702
name added to list: 66703
name added to list: 66704
name added to list: 66705
name added to list: 66706
name added to list: 66707
name added to list: 66708
name added to list: 66709
name added to list: 66710
name added to list: 66711
name added to list: 66712
name added to list: 66713
name added to list: 66714
name added to list: 66715
name added to list: 66716
name added to list: 66717
name added to list: 66718
name added to list: 66719
name added to list: 66720
name added to list: 66721
name added to list: 66722
name added to list: 66723
name added to list: 66724
name added to list: 66725
name added to list: 66726
name added to list: 66727
name added to list: 66728
name added to list: 66729
name added to list: 66730
name added to list: 66731
name added to list: 66732
name added to list: 66733
name added to list: 66734
name added to list: 66735
name added to list: 66736
name added to list: 66737
name added to list: 66738
name added to list: 66739
name added to list: 66740
name added to list: 66741
name added to list: 66742
name added to list: 66743
name added to list: 66744
name added to list: 66745
name added to list: 66746
name added to list: 66747
name added to list: 66748
name added to list: 66749
name added to list: 66750
name added to list: 66751
name added to list: 66752
name added to list: 66753
name added to list: 66754
name added to list: 66755
name added to list: 66756
name added to list: 66757
name added to list: 66758
name added to list: 66759
name added to list: 66760
name added to list: 66761
name added to list: 66762
name added to list: 66763
name added to list: 66764
name added to list: 66765
name added to list: 66766
name added to list: 66767
name added to list: 66768
name added to list: 66769
name added to list: 66770
name added to list: 66771
name added to list: 66772
name added to list: 66773
name added to list: 66774
name added to list: 66775
name added to list: 66776
name added to list: 66777
name added to list: 66778
name added to list: 66779
name added to list: 66780
name added to list: 66781
name added to list: 66782
name added to list: 66783
name added to list: 66784
name added to list: 66785
name added to list: 66786
name added to list: 66787
name added to list: 66788
name added to list: 66789
name added to list: 66790
name added to list: 66791
name added to list: 66792
name added to list: 66793
name added to list: 66794
name added to list: 66795
name added to list: 66796
name added to list: 66797
name added to list: 66798
name added to list: 66799
name added to list: 66800
name added to list: 66801
name added to list: 66802
name added to list: 66803
name added to list: 66804
name added to list: 66805
name added to list: 66806
name added to list: 66807
name added to list: 66808
name added to list: 66809
name added to list: 66810
name added to list: 66811
name added to list: 66812
name added to list: 66813
name added to list: 66814
name added to list: 66815
name added to list: 66816
name added to list: 66817
name added to list: 66818
name added to list: 66819
name added to list: 66820
name added to list: 66821
name added to list: 66822
name added to list: 66823
name added to list: 66824
name added to list: 66825
name added to list: 66826
name added to list: 66827
name added to list: 66828
name added to list: 66829
name added to list: 66830
name added to list: 66831
name added to list: 66832
name added to list: 66833
name added to list: 66834
name added to list: 66835
name added to list: 66836
name added to list: 66837
name added to list: 66838
name added to list: 66839
name added to list: 66840
name added to list: 66841
name added to list: 66842
name added to list: 66843
name added to list: 66844
name added to list: 66845
name added to list: 66846
name added to list: 66847
name added to list: 66848
name added to list: 66849
name added to list: 66850
name added to list: 66851
name added to list: 66852
name added to list: 66853
name added to list: 66854
name added to list: 66855
name added to list: 66856
name added to list: 66857
name added to list: 66858
name added to list: 66859
name added to list: 66860
name added to list: 66861
name added to list: 66862
name added to list: 66863
name added to list: 66864
name added to list: 66865
name added to list: 66866
name added to list: 66867
name added to list: 66868
name added to list: 66869
name added to list: 66870
name added to list: 66871
name added to list: 66872
name added to list: 66873
name added to list: 66874
name added to list: 66875
name added to list: 66876
name added to list: 66877
name added to list: 66878
name added to list: 66879
name added to list: 66880
name added to list: 66881
name added to list: 66882
name added to list: 66883
name added to list: 66884
name added to list: 66885
name added to list: 66886
name added to list: 66887
name added to list: 66888
name added to list: 66889
name added to list: 66890
name added to list: 66891
name added to list: 66892
name added to list: 66893
name added to list: 66894
name added to list: 66895
name added to list: 66896
name added to list: 66897
name added to list: 66898
name added to list: 66899
name added to list: 66900
name added to list: 66901
name added to list: 66902
name added to list: 66903
name added to list: 66904
name added to list: 66905
name added to list: 66906
name added to list: 66907
name added to list: 66908
name added to list: 66909
name added to list: 66910
name added to list: 66911
name added to list: 66912
name added to list: 66913
name added to list: 66914
name added to list: 66915
name added to list: 66916
name added to list: 66917
name added to list: 66918
name added to list: 66919
name added to list: 66920
name added to list: 66921
name added to list: 66922
name added to list: 66923
name added to list: 66924
name added to list: 66925
name added to list: 66926
name added to list: 66927
name added to list: 66928
name added to list: 66929
name added to list: 66930
name added to list: 66931
name added to list: 66932
name added to list: 66933
name added to list: 66934
name added to list: 66935
name added to list: 66936
name added to list: 66937
name added to list: 66938
name added to list: 66939
name added to list: 66940
name added to list: 66941
name added to list: 66942
name added to list: 66943
name added to list: 66944
name added to list: 66945
name added to list: 66946
name added to list: 66947
name added to list: 66948
name added to list: 66949
name added to list: 66950
name added to list: 66951
name added to list: 66952
name added to list: 66953
name added to list: 66954
name added to list: 66955
name added to list: 66956
name added to list: 66957
name added to list: 66958
name added to list: 66959
name added to list: 66960
name added to list: 66961
name added to list: 66962
name added to list: 66963
name added to list: 66964
name added to list: 66965
name added to list: 66966
name added to list: 66967
name added to list: 66968
name added to list: 66969
name added to list: 66970
name added to list: 66971
name added to list: 66972
name added to list: 66973
name added to list: 66974
name added to list: 66975
name added to list: 66976
name added to list: 66977
name added to list: 66978
name added to list: 66979
name added to list: 66980
name added to list: 66981
name added to list: 66982
name added to list: 66983
name added to list: 66984
name added to list: 66985
name added to list: 66986
name added to list: 66987
name added to list: 66988
name added to list: 66989
name added to list: 66990
name added to list: 66991
name added to list: 66992
name added to list: 66993
name added to list: 66994
name added to list: 66995
name added to list: 66996
name added to list: 66997
name added to list: 66998
name added to list: 66999
name added to list: 67000
name added to list: 67001
name added to list: 67002
name added to list: 67003
name added to list: 67004
name added to list: 67005
name added to list: 67006
name added to list: 67007
name added to list: 67008
name added to list: 67009
name added to list: 67010
name added to list: 67011
name added to list: 67012
name added to list: 67013
name added to list: 67014
name added to list: 67015
name added to list: 67016
name added to list: 67017
name added to list: 67018
name added to list: 67019
name added to list: 67020
name added to list: 67021
name added to list: 67022
name added to list: 67023
name added to list: 67024
name added to list: 67025
name added to list: 67026
name added to list: 67027
name added to list: 67028
name added to list: 67029
name added to list: 67030
name added to list: 67031
name added to list: 67032
name added to list: 67033
name added to list: 67034
name added to list: 67035
name added to list: 67036
name added to list: 67037
name added to list: 67038
name added to list: 67039
name added to list: 67040
name added to list: 67041
name added to list: 67042
name added to list: 67043
name added to list: 67044
name added to list: 67045
name added to list: 67046
name added to list: 67047
name added to list: 67048
name added to list: 67049
name added to list: 67050
name added to list: 67051
name added to list: 67052
name added to list: 67053
name added to list: 67054
name added to list: 67055
name added to list: 67056
name added to list: 67057
name added to list: 67058
name added to list: 67059
name added to list: 67060
name added to list: 67061
name added to list: 67062
name added to list: 67063
name added to list: 67064
name added to list: 67065
name added to list: 67066
name added to list: 67067
name added to list: 67068
name added to list: 67069
name added to list: 67070
name added to list: 67071
name added to list: 67072
name added to list: 67073
name added to list: 67074
name added to list: 67075
name added to list: 67076
name added to list: 67077
name added to list: 67078
name added to list: 67079
name added to list: 67080
name added to list: 67081
name added to list: 67082
name added to list: 67083
name added to list: 67084
name added to list: 67085
name added to list: 67086
name added to list: 67087
name added to list: 67088
name added to list: 67089
name added to list: 67090
name added to list: 67091
name added to list: 67092
name added to list: 67093
name added to list: 67094
name added to list: 67095
name added to list: 67096
name added to list: 67097
name added to list: 67098
name added to list: 67099
name added to list: 67100
name added to list: 67101
name added to list: 67102
name added to list: 67103
name added to list: 67104
name added to list: 67105
name added to list: 67106
name added to list: 67107
name added to list: 67108
name added to list: 67109
name added to list: 67110
name added to list: 67111
name added to list: 67112
name added to list: 67113
name added to list: 67114
name added to list: 67115
name added to list: 67116
name added to list: 67117
name added to list: 67118
name added to list: 67119
name added to list: 67120
name added to list: 67121
name added to list: 67122
name added to list: 67123
name added to list: 67124
name added to list: 67125
name added to list: 67126
name added to list: 67127
name added to list: 67128
name added to list: 67129
name added to list: 67130
name added to list: 67131
name added to list: 67132
name added to list: 67133
name added to list: 67134
name added to list: 67135
name added to list: 67136
name added to list: 67137
name added to list: 67138
name added to list: 67139
name added to list: 67140
name added to list: 67141
name added to list: 67142
name added to list: 67143
name added to list: 67144
name added to list: 67145
name added to list: 67146
name added to list: 67147
name added to list: 67148
name added to list: 67149
name added to list: 67150
name added to list: 67151
name added to list: 67152
name added to list: 67153
name added to list: 67154
name added to list: 67155
name added to list: 67156
name added to list: 67157
name added to list: 67158
name added to list: 67159
name added to list: 67160
name added to list: 67161
name added to list: 67162
name added to list: 67163
name added to list: 67164
name added to list: 67165
name added to list: 67166
name added to list: 67167
name added to list: 67168
name added to list: 67169
name added to list: 67170
name added to list: 67171
name added to list: 67172
name added to list: 67173
name added to list: 67174
name added to list: 67175
name added to list: 67176
name added to list: 67177
name added to list: 67178
name added to list: 67179
name added to list: 67180
name added to list: 67181
name added to list: 67182
name added to list: 67183
name added to list: 67184
name added to list: 67185
name added to list: 67186
name added to list: 67187
name added to list: 67188
name added to list: 67189
name added to list: 67190
name added to list: 67191
name added to list: 67192
name added to list: 67193
name added to list: 67194
name added to list: 67195
name added to list: 67196
name added to list: 67197
name added to list: 67198
name added to list: 67199
name added to list: 67200
name added to list: 67201
name added to list: 67202
name added to list: 67203
name added to list: 67204
name added to list: 67205
name added to list: 67206
name added to list: 67207
name added to list: 67208
name added to list: 67209
name added to list: 67210
name added to list: 67211
name added to list: 67212
name added to list: 67213
name added to list: 67214
name added to list: 67215
name added to list: 67216
name added to list: 67217
name added to list: 67218
name added to list: 67219
name added to list: 67220
name added to list: 67221
name added to list: 67222
name added to list: 67223
name added to list: 67224
name added to list: 67225
name added to list: 67226
name added to list: 67227
name added to list: 67228
name added to list: 67229
name added to list: 67230
name added to list: 67231
name added to list: 67232
name added to list: 67233
name added to list: 67234
name added to list: 67235
name added to list: 67236
name added to list: 67237
name added to list: 67238
name added to list: 67239
name added to list: 67240
name added to list: 67241
name added to list: 67242
name added to list: 67243
name added to list: 67244
name added to list: 67245
name added to list: 67246
name added to list: 67247
name added to list: 67248
name added to list: 67249
name added to list: 67250
name added to list: 67251
name added to list: 67252
name added to list: 67253
name added to list: 67254
name added to list: 67255
name added to list: 67256
name added to list: 67257
name added to list: 67258
name added to list: 67259
name added to list: 67260
name added to list: 67261
name added to list: 67262
name added to list: 67263
name added to list: 67264
name added to list: 67265
name added to list: 67266
name added to list: 67267
name added to list: 67268
name added to list: 67269
name added to list: 67270
name added to list: 67271
name added to list: 67272
name added to list: 67273
name added to list: 67274
name added to list: 67275
name added to list: 67276
name added to list: 67277
name added to list: 67278
name added to list: 67279
name added to list: 67280
name added to list: 67281
name added to list: 67282
name added to list: 67283
name added to list: 67284
name added to list: 67285
name added to list: 67286
name added to list: 67287
name added to list: 67288
name added to list: 67289
name added to list: 67290
name added to list: 67291
name added to list: 67292
name added to list: 67293
name added to list: 67294
name added to list: 67295
name added to list: 67296
name added to list: 67297
name added to list: 67298
name added to list: 67299
name added to list: 67300
name added to list: 67301
name added to list: 67302
name added to list: 67303
name added to list: 67304
name added to list: 67305
name added to list: 67306
name added to list: 67307
name added to list: 67308
name added to list: 67309
name added to list: 67310
name added to list: 67311
name added to list: 67312
name added to list: 67313
name added to list: 67314
name added to list: 67315
name added to list: 67316
name added to list: 67317
name added to list: 67318
name added to list: 67319
name added to list: 67320
name added to list: 67321
name added to list: 67322
name added to list: 67323
name added to list: 67324
name added to list: 67325
name added to list: 67326
name added to list: 67327
name added to list: 67328
name added to list: 67329
name added to list: 67330
name added to list: 67331
name added to list: 67332
name added to list: 67333
name added to list: 67334
name added to list: 67335
name added to list: 67336
name added to list: 67337
name added to list: 67338
name added to list: 67339
name added to list: 67340
name added to list: 67341
name added to list: 67342
name added to list: 67343
name added to list: 67344
name added to list: 67345
name added to list: 67346
name added to list: 67347
name added to list: 67348
name added to list: 67349
name added to list: 67350
name added to list: 67351
name added to list: 67352
name added to list: 67353
name added to list: 67354
name added to list: 67355
name added to list: 67356
name added to list: 67357
name added to list: 67358
name added to list: 67359
name added to list: 67360
name added to list: 67361
name added to list: 67362
name added to list: 67363
name added to list: 67364
name added to list: 67365
name added to list: 67366
name added to list: 67367
name added to list: 67368
name added to list: 67369
name added to list: 67370
name added to list: 67371
name added to list: 67372
name added to list: 67373
name added to list: 67374
name added to list: 67375
name added to list: 67376
name added to list: 67377
name added to list: 67378
name added to list: 67379
name added to list: 67380
name added to list: 67381
name added to list: 67382
name added to list: 67383
name added to list: 67384
name added to list: 67385
name added to list: 67386
name added to list: 67387
name added to list: 67388
name added to list: 67389
name added to list: 67390
name added to list: 67391
name added to list: 67392
name added to list: 67393
name added to list: 67394
name added to list: 67395
name added to list: 67396
name added to list: 67397
name added to list: 67398
name added to list: 67399
name added to list: 67400
name added to list: 67401
name added to list: 67402
name added to list: 67403
name added to list: 67404
name added to list: 67405
name added to list: 67406
name added to list: 67407
name added to list: 67408
name added to list: 67409
name added to list: 67410
name added to list: 67411
name added to list: 67412
name added to list: 67413
name added to list: 67414
name added to list: 67415
name added to list: 67416
name added to list: 67417
name added to list: 67418
name added to list: 67419
name added to list: 67420
name added to list: 67421
name added to list: 67422
name added to list: 67423
name added to list: 67424
name added to list: 67425
name added to list: 67426
name added to list: 67427
name added to list: 67428
name added to list: 67429
name added to list: 67430
name added to list: 67431
name added to list: 67432
name added to list: 67433
name added to list: 67434
name added to list: 67435
name added to list: 67436
name added to list: 67437
name added to list: 67438
name added to list: 67439
name added to list: 67440
name added to list: 67441
name added to list: 67442
name added to list: 67443
name added to list: 67444
name added to list: 67445
name added to list: 67446
name added to list: 67447
name added to list: 67448
name added to list: 67449
name added to list: 67450
name added to list: 67451
name added to list: 67452
name added to list: 67453
name added to list: 67454
name added to list: 67455
name added to list: 67456
name added to list: 67457
name added to list: 67458
name added to list: 67459
name added to list: 67460
name added to list: 67461
name added to list: 67462
name added to list: 67463
name added to list: 67464
name added to list: 67465
name added to list: 67466
name added to list: 67467
name added to list: 67468
name added to list: 67469
name added to list: 67470
name added to list: 67471
name added to list: 67472
name added to list: 67473
name added to list: 67474
name added to list: 67475
name added to list: 67476
name added to list: 67477
name added to list: 67478
name added to list: 67479
name added to list: 67480
name added to list: 67481
name added to list: 67482
name added to list: 67483
name added to list: 67484
name added to list: 67485
name added to list: 67486
name added to list: 67487
name added to list: 67488
name added to list: 67489
name added to list: 67490
name added to list: 67491
name added to list: 67492
name added to list: 67493
name added to list: 67494
name added to list: 67495
name added to list: 67496
name added to list: 67497
name added to list: 67498
name added to list: 67499
name added to list: 67500
name added to list: 67501
name added to list: 67502
name added to list: 67503
name added to list: 67504
name added to list: 67505
name added to list: 67506
name added to list: 67507
name added to list: 67508
name added to list: 67509
name added to list: 67510
name added to list: 67511
name added to list: 67512
name added to list: 67513
name added to list: 67514
name added to list: 67515
name added to list: 67516
name added to list: 67517
name added to list: 67518
name added to list: 67519
name added to list: 67520
name added to list: 67521
name added to list: 67522
name added to list: 67523
name added to list: 67524
name added to list: 67525
name added to list: 67526
name added to list: 67527
name added to list: 67528
name added to list: 67529
name added to list: 67530
name added to list: 67531
name added to list: 67532
name added to list: 67533
name added to list: 67534
name added to list: 67535
name added to list: 67536
name added to list: 67537
name added to list: 67538
name added to list: 67539
name added to list: 67540
name added to list: 67541
name added to list: 67542
name added to list: 67543
name added to list: 67544
name added to list: 67545
name added to list: 67546
name added to list: 67547
name added to list: 67548
name added to list: 67549
name added to list: 67550
name added to list: 67551
name added to list: 67552
name added to list: 67553
name added to list: 67554
name added to list: 67555
name added to list: 67556
name added to list: 67557
name added to list: 67558
name added to list: 67559
name added to list: 67560
name added to list: 67561
name added to list: 67562
name added to list: 67563
name added to list: 67564
name added to list: 67565
name added to list: 67566
name added to list: 67567
name added to list: 67568
name added to list: 67569
name added to list: 67570
name added to list: 67571
name added to list: 67572
name added to list: 67573
name added to list: 67574
name added to list: 67575
name added to list: 67576
name added to list: 67577
name added to list: 67578
name added to list: 67579
name added to list: 67580
name added to list: 67581
name added to list: 67582
name added to list: 67583
name added to list: 67584
name added to list: 67585
name added to list: 67586
name added to list: 67587
name added to list: 67588
name added to list: 67589
name added to list: 67590
name added to list: 67591
name added to list: 67592
name added to list: 67593
name added to list: 67594
name added to list: 67595
name added to list: 67596
name added to list: 67597
name added to list: 67598
name added to list: 67599
name added to list: 67600
name added to list: 67601
name added to list: 67602
name added to list: 67603
name added to list: 67604
name added to list: 67605
name added to list: 67606
name added to list: 67607
name added to list: 67608
name added to list: 67609
name added to list: 67610
name added to list: 67611
name added to list: 67612
name added to list: 67613
name added to list: 67614
name added to list: 67615
name added to list: 67616
name added to list: 67617
name added to list: 67618
name added to list: 67619
name added to list: 67620
name added to list: 67621
name added to list: 67622
name added to list: 67623
name added to list: 67624
name added to list: 67625
name added to list: 67626
name added to list: 67627
name added to list: 67628
name added to list: 67629
name added to list: 67630
name added to list: 67631
name added to list: 67632
name added to list: 67633
name added to list: 67634
name added to list: 67635
name added to list: 67636
name added to list: 67637
name added to list: 67638
name added to list: 67639
name added to list: 67640
name added to list: 67641
name added to list: 67642
name added to list: 67643
name added to list: 67644
name added to list: 67645
name added to list: 67646
name added to list: 67647
name added to list: 67648
name added to list: 67649
name added to list: 67650
name added to list: 67651
name added to list: 67652
name added to list: 67653
name added to list: 67654
name added to list: 67655
name added to list: 67656
name added to list: 67657
name added to list: 67658
name added to list: 67659
name added to list: 67660
name added to list: 67661
name added to list: 67662
name added to list: 67663
name added to list: 67664
name added to list: 67665
name added to list: 67666
name added to list: 67667
name added to list: 67668
name added to list: 67669
name added to list: 67670
name added to list: 67671
name added to list: 67672
name added to list: 67673
name added to list: 67674
name added to list: 67675
name added to list: 67676
name added to list: 67677
name added to list: 67678
name added to list: 67679
name added to list: 67680
name added to list: 67681
name added to list: 67682
name added to list: 67683
name added to list: 67684
name added to list: 67685
name added to list: 67686
name added to list: 67687
name added to list: 67688
name added to list: 67689
name added to list: 67690
name added to list: 67691
name added to list: 67692
name added to list: 67693
name added to list: 67694
name added to list: 67695
name added to list: 67696
name added to list: 67697
name added to list: 67698
name added to list: 67699
name added to list: 67700
name added to list: 67701
name added to list: 67702
name added to list: 67703
name added to list: 67704
name added to list: 67705
name added to list: 67706
name added to list: 67707
name added to list: 67708
name added to list: 67709
name added to list: 67710
name added to list: 67711
name added to list: 67712
name added to list: 67713
name added to list: 67714
name added to list: 67715
name added to list: 67716
name added to list: 67717
name added to list: 67718
name added to list: 67719
name added to list: 67720
name added to list: 67721
name added to list: 67722
name added to list: 67723
name added to list: 67724
name added to list: 67725
name added to list: 67726
name added to list: 67727
name added to list: 67728
name added to list: 67729
name added to list: 67730
name added to list: 67731
name added to list: 67732
name added to list: 67733
name added to list: 67734
name added to list: 67735
name added to list: 67736
name added to list: 67737
name added to list: 67738
name added to list: 67739
name added to list: 67740
name added to list: 67741
name added to list: 67742
name added to list: 67743
name added to list: 67744
name added to list: 67745
name added to list: 67746
name added to list: 67747
name added to list: 67748
name added to list: 67749
name added to list: 67750
name added to list: 67751
name added to list: 67752
name added to list: 67753
name added to list: 67754
name added to list: 67755
name added to list: 67756
name added to list: 67757
name added to list: 67758
name added to list: 67759
name added to list: 67760
name added to list: 67761
name added to list: 67762
name added to list: 67763
name added to list: 67764
name added to list: 67765
name added to list: 67766
name added to list: 67767
name added to list: 67768
name added to list: 67769
name added to list: 67770
name added to list: 67771
name added to list: 67772
name added to list: 67773
name added to list: 67774
name added to list: 67775
name added to list: 67776
name added to list: 67777
name added to list: 67778
name added to list: 67779
name added to list: 67780
name added to list: 67781
name added to list: 67782
name added to list: 67783
name added to list: 67784
name added to list: 67785
name added to list: 67786
name added to list: 67787
name added to list: 67788
name added to list: 67789
name added to list: 67790
name added to list: 67791
name added to list: 67792
name added to list: 67793
name added to list: 67794
name added to list: 67795
name added to list: 67796
name added to list: 67797
name added to list: 67798
name added to list: 67799
name added to list: 67800
name added to list: 67801
name added to list: 67802
name added to list: 67803
name added to list: 67804
name added to list: 67805
name added to list: 67806
name added to list: 67807
name added to list: 67808
name added to list: 67809
name added to list: 67810
name added to list: 67811
name added to list: 67812
name added to list: 67813
name added to list: 67814
name added to list: 67815
name added to list: 67816
name added to list: 67817
name added to list: 67818
name added to list: 67819
name added to list: 67820
name added to list: 67821
name added to list: 67822
name added to list: 67823
name added to list: 67824
name added to list: 67825
name added to list: 67826
name added to list: 67827
name added to list: 67828
name added to list: 67829
name added to list: 67830
name added to list: 67831
name added to list: 67832
name added to list: 67833
name added to list: 67834
name added to list: 67835
name added to list: 67836
name added to list: 67837
name added to list: 67838
name added to list: 67839
name added to list: 67840
name added to list: 67841
name added to list: 67842
name added to list: 67843
name added to list: 67844
name added to list: 67845
name added to list: 67846
name added to list: 67847
name added to list: 67848
name added to list: 67849
name added to list: 67850
name added to list: 67851
name added to list: 67852
name added to list: 67853
name added to list: 67854
name added to list: 67855
name added to list: 67856
name added to list: 67857
name added to list: 67858
name added to list: 67859
name added to list: 67860
name added to list: 67861
name added to list: 67862
name added to list: 67863
name added to list: 67864
name added to list: 67865
name added to list: 67866
name added to list: 67867
name added to list: 67868
name added to list: 67869
name added to list: 67870
name added to list: 67871
name added to list: 67872
name added to list: 67873
name added to list: 67874
name added to list: 67875
name added to list: 67876
name added to list: 67877
name added to list: 67878
name added to list: 67879
name added to list: 67880
name added to list: 67881
name added to list: 67882
name added to list: 67883
name added to list: 67884
name added to list: 67885
name added to list: 67886
name added to list: 67887
name added to list: 67888
name added to list: 67889
name added to list: 67890
name added to list: 67891
name added to list: 67892
name added to list: 67893
name added to list: 67894
name added to list: 67895
name added to list: 67896
name added to list: 67897
name added to list: 67898
name added to list: 67899
name added to list: 67900
name added to list: 67901
name added to list: 67902
name added to list: 67903
name added to list: 67904
name added to list: 67905
name added to list: 67906
name added to list: 67907
name added to list: 67908
name added to list: 67909
name added to list: 67910
name added to list: 67911
name added to list: 67912
name added to list: 67913
name added to list: 67914
name added to list: 67915
name added to list: 67916
name added to list: 67917
name added to list: 67918
name added to list: 67919
name added to list: 67920
name added to list: 67921
name added to list: 67922
name added to list: 67923
name added to list: 67924
name added to list: 67925
name added to list: 67926
name added to list: 67927
name added to list: 67928
name added to list: 67929
name added to list: 67930
name added to list: 67931
name added to list: 67932
name added to list: 67933
name added to list: 67934
name added to list: 67935
name added to list: 67936
name added to list: 67937
name added to list: 67938
name added to list: 67939
name added to list: 67940
name added to list: 67941
name added to list: 67942
name added to list: 67943
name added to list: 67944
name added to list: 67945
name added to list: 67946
name added to list: 67947
name added to list: 67948
name added to list: 67949
name added to list: 67950
name added to list: 67951
name added to list: 67952
name added to list: 67953
name added to list: 67954
name added to list: 67955
name added to list: 67956
name added to list: 67957
name added to list: 67958
name added to list: 67959
name added to list: 67960
name added to list: 67961
name added to list: 67962
name added to list: 67963
name added to list: 67964
name added to list: 67965
name added to list: 67966
name added to list: 67967
name added to list: 67968
name added to list: 67969
name added to list: 67970
name added to list: 67971
name added to list: 67972
name added to list: 67973
name added to list: 67974
name added to list: 67975
name added to list: 67976
name added to list: 67977
name added to list: 67978
name added to list: 67979
name added to list: 67980
name added to list: 67981
name added to list: 67982
name added to list: 67983
name added to list: 67984
name added to list: 67985
name added to list: 67986
name added to list: 67987
name added to list: 67988
name added to list: 67989
name added to list: 67990
name added to list: 67991
name added to list: 67992
name added to list: 67993
name added to list: 67994
name added to list: 67995
name added to list: 67996
name added to list: 67997
name added to list: 67998
name added to list: 67999
name added to list: 68000
name added to list: 68001
name added to list: 68002
name added to list: 68003
name added to list: 68004
name added to list: 68005
name added to list: 68006
name added to list: 68007
name added to list: 68008
name added to list: 68009
name added to list: 68010
name added to list: 68011
name added to list: 68012
name added to list: 68013
name added to list: 68014
name added to list: 68015
name added to list: 68016
name added to list: 68017
name added to list: 68018
name added to list: 68019
name added to list: 68020
name added to list: 68021
name added to list: 68022
name added to list: 68023
name added to list: 68024
name added to list: 68025
name added to list: 68026
name added to list: 68027
name added to list: 68028
name added to list: 68029
name added to list: 68030
name added to list: 68031
name added to list: 68032
name added to list: 68033
name added to list: 68034
name added to list: 68035
name added to list: 68036
name added to list: 68037
name added to list: 68038
name added to list: 68039
name added to list: 68040
name added to list: 68041
name added to list: 68042
name added to list: 68043
name added to list: 68044
name added to list: 68045
name added to list: 68046
name added to list: 68047
name added to list: 68048
name added to list: 68049
name added to list: 68050
name added to list: 68051
name added to list: 68052
name added to list: 68053
name added to list: 68054
name added to list: 68055
name added to list: 68056
name added to list: 68057
name added to list: 68058
name added to list: 68059
name added to list: 68060
name added to list: 68061
name added to list: 68062
name added to list: 68063
name added to list: 68064
name added to list: 68065
name added to list: 68066
name added to list: 68067
name added to list: 68068
name added to list: 68069
name added to list: 68070
name added to list: 68071
name added to list: 68072
name added to list: 68073
name added to list: 68074
name added to list: 68075
name added to list: 68076
name added to list: 68077
name added to list: 68078
name added to list: 68079
name added to list: 68080
name added to list: 68081
name added to list: 68082
name added to list: 68083
name added to list: 68084
name added to list: 68085
name added to list: 68086
name added to list: 68087
name added to list: 68088
name added to list: 68089
name added to list: 68090
name added to list: 68091
name added to list: 68092
name added to list: 68093
name added to list: 68094
name added to list: 68095
name added to list: 68096
name added to list: 68097
name added to list: 68098
name added to list: 68099
name added to list: 68100
name added to list: 68101
name added to list: 68102
name added to list: 68103
name added to list: 68104
name added to list: 68105
name added to list: 68106
name added to list: 68107
name added to list: 68108
name added to list: 68109
name added to list: 68110
name added to list: 68111
name added to list: 68112
name added to list: 68113
name added to list: 68114
name added to list: 68115
name added to list: 68116
name added to list: 68117
name added to list: 68118
name added to list: 68119
name added to list: 68120
name added to list: 68121
name added to list: 68122
name added to list: 68123
name added to list: 68124
name added to list: 68125
name added to list: 68126
name added to list: 68127
name added to list: 68128
name added to list: 68129
name added to list: 68130
name added to list: 68131
name added to list: 68132
name added to list: 68133
name added to list: 68134
name added to list: 68135
name added to list: 68136
name added to list: 68137
name added to list: 68138
name added to list: 68139
name added to list: 68140
name added to list: 68141
name added to list: 68142
name added to list: 68143
name added to list: 68144
name added to list: 68145
name added to list: 68146
name added to list: 68147
name added to list: 68148
name added to list: 68149
name added to list: 68150
name added to list: 68151
name added to list: 68152
name added to list: 68153
name added to list: 68154
name added to list: 68155
name added to list: 68156
name added to list: 68157
name added to list: 68158
name added to list: 68159
name added to list: 68160
name added to list: 68161
name added to list: 68162
name added to list: 68163
name added to list: 68164
name added to list: 68165
name added to list: 68166
name added to list: 68167
name added to list: 68168
name added to list: 68169
name added to list: 68170
name added to list: 68171
name added to list: 68172
name added to list: 68173
name added to list: 68174
name added to list: 68175
name added to list: 68176
name added to list: 68177
name added to list: 68178
name added to list: 68179
name added to list: 68180
name added to list: 68181
name added to list: 68182
name added to list: 68183
name added to list: 68184
name added to list: 68185
name added to list: 68186
name added to list: 68187
name added to list: 68188
name added to list: 68189
name added to list: 68190
name added to list: 68191
name added to list: 68192
name added to list: 68193
name added to list: 68194
name added to list: 68195
name added to list: 68196
name added to list: 68197
name added to list: 68198
name added to list: 68199
name added to list: 68200
name added to list: 68201
name added to list: 68202
name added to list: 68203
name added to list: 68204
name added to list: 68205
name added to list: 68206
name added to list: 68207
name added to list: 68208
name added to list: 68209
name added to list: 68210
name added to list: 68211
name added to list: 68212
name added to list: 68213
name added to list: 68214
name added to list: 68215
name added to list: 68216
name added to list: 68217
name added to list: 68218
name added to list: 68219
name added to list: 68220
name added to list: 68221
name added to list: 68222
name added to list: 68223
name added to list: 68224
name added to list: 68225
name added to list: 68226
name added to list: 68227
name added to list: 68228
name added to list: 68229
name added to list: 68230
name added to list: 68231
name added to list: 68232
name added to list: 68233
name added to list: 68234
name added to list: 68235
name added to list: 68236
name added to list: 68237
name added to list: 68238
name added to list: 68239
name added to list: 68240
name added to list: 68241
name added to list: 68242
name added to list: 68243
name added to list: 68244
name added to list: 68245
name added to list: 68246
name added to list: 68247
name added to list: 68248
name added to list: 68249
name added to list: 68250
name added to list: 68251
name added to list: 68252
name added to list: 68253
name added to list: 68254
name added to list: 68255
name added to list: 68256
name added to list: 68257
name added to list: 68258
name added to list: 68259
name added to list: 68260
name added to list: 68261
name added to list: 68262
name added to list: 68263
name added to list: 68264
name added to list: 68265
name added to list: 68266
name added to list: 68267
name added to list: 68268
name added to list: 68269
name added to list: 68270
name added to list: 68271
name added to list: 68272
name added to list: 68273
name added to list: 68274
name added to list: 68275
name added to list: 68276
name added to list: 68277
name added to list: 68278
name added to list: 68279
name added to list: 68280
name added to list: 68281
name added to list: 68282
name added to list: 68283
name added to list: 68284
name added to list: 68285
name added to list: 68286
name added to list: 68287
name added to list: 68288
name added to list: 68289
name added to list: 68290
name added to list: 68291
name added to list: 68292
name added to list: 68293
name added to list: 68294
name added to list: 68295
name added to list: 68296
name added to list: 68297
name added to list: 68298
name added to list: 68299
name added to list: 68300
name added to list: 68301
name added to list: 68302
name added to list: 68303
name added to list: 68304
name added to list: 68305
name added to list: 68306
name added to list: 68307
name added to list: 68308
name added to list: 68309
name added to list: 68310
name added to list: 68311
name added to list: 68312
name added to list: 68313
name added to list: 68314
name added to list: 68315
name added to list: 68316
name added to list: 68317
name added to list: 68318
name added to list: 68319
name added to list: 68320
name added to list: 68321
name added to list: 68322
name added to list: 68323
name added to list: 68324
name added to list: 68325
name added to list: 68326
name added to list: 68327
name added to list: 68328
name added to list: 68329
name added to list: 68330
name added to list: 68331
name added to list: 68332
name added to list: 68333
name added to list: 68334
name added to list: 68335
name added to list: 68336
name added to list: 68337
name added to list: 68338
name added to list: 68339
name added to list: 68340
name added to list: 68341
name added to list: 68342
name added to list: 68343
name added to list: 68344
name added to list: 68345
name added to list: 68346
name added to list: 68347
name added to list: 68348
name added to list: 68349
name added to list: 68350
name added to list: 68351
name added to list: 68352
name added to list: 68353
name added to list: 68354
name added to list: 68355
name added to list: 68356
name added to list: 68357
name added to list: 68358
name added to list: 68359
name added to list: 68360
name added to list: 68361
name added to list: 68362
name added to list: 68363
name added to list: 68364
name added to list: 68365
name added to list: 68366
name added to list: 68367
name added to list: 68368
name added to list: 68369
name added to list: 68370
name added to list: 68371
name added to list: 68372
name added to list: 68373
name added to list: 68374
name added to list: 68375
name added to list: 68376
name added to list: 68377
name added to list: 68378
name added to list: 68379
name added to list: 68380
name added to list: 68381
name added to list: 68382
name added to list: 68383
name added to list: 68384
name added to list: 68385
name added to list: 68386
name added to list: 68387
name added to list: 68388
name added to list: 68389
name added to list: 68390
name added to list: 68391
name added to list: 68392
name added to list: 68393
name added to list: 68394
name added to list: 68395
name added to list: 68396
name added to list: 68397
name added to list: 68398
name added to list: 68399
name added to list: 68400
name added to list: 68401
name added to list: 68402
name added to list: 68403
name added to list: 68404
name added to list: 68405
name added to list: 68406
name added to list: 68407
name added to list: 68408
name added to list: 68409
name added to list: 68410
name added to list: 68411
name added to list: 68412
name added to list: 68413
name added to list: 68414
name added to list: 68415
name added to list: 68416
name added to list: 68417
name added to list: 68418
name added to list: 68419
name added to list: 68420
name added to list: 68421
name added to list: 68422
name added to list: 68423
name added to list: 68424
name added to list: 68425
name added to list: 68426
name added to list: 68427
name added to list: 68428
name added to list: 68429
name added to list: 68430
name added to list: 68431
name added to list: 68432
name added to list: 68433
name added to list: 68434
name added to list: 68435
name added to list: 68436
name added to list: 68437
name added to list: 68438
name added to list: 68439
name added to list: 68440
name added to list: 68441
name added to list: 68442
name added to list: 68443
name added to list: 68444
name added to list: 68445
name added to list: 68446
name added to list: 68447
name added to list: 68448
name added to list: 68449
name added to list: 68450
name added to list: 68451
name added to list: 68452
name added to list: 68453
name added to list: 68454
name added to list: 68455
name added to list: 68456
name added to list: 68457
name added to list: 68458
name added to list: 68459
name added to list: 68460
name added to list: 68461
name added to list: 68462
name added to list: 68463
name added to list: 68464
name added to list: 68465
name added to list: 68466
name added to list: 68467
name added to list: 68468
name added to list: 68469
name added to list: 68470
name added to list: 68471
name added to list: 68472
name added to list: 68473
name added to list: 68474
name added to list: 68475
name added to list: 68476
name added to list: 68477
name added to list: 68478
name added to list: 68479
name added to list: 68480
name added to list: 68481
name added to list: 68482
name added to list: 68483
name added to list: 68484
name added to list: 68485
name added to list: 68486
name added to list: 68487
name added to list: 68488
name added to list: 68489
name added to list: 68490
name added to list: 68491
name added to list: 68492
name added to list: 68493
name added to list: 68494
name added to list: 68495
name added to list: 68496
name added to list: 68497
name added to list: 68498
name added to list: 68499
name added to list: 68500
name added to list: 68501
name added to list: 68502
name added to list: 68503
name added to list: 68504
name added to list: 68505
name added to list: 68506
name added to list: 68507
name added to list: 68508
name added to list: 68509
name added to list: 68510
name added to list: 68511
name added to list: 68512
name added to list: 68513
name added to list: 68514
name added to list: 68515
name added to list: 68516
name added to list: 68517
name added to list: 68518
name added to list: 68519
name added to list: 68520
name added to list: 68521
name added to list: 68522
name added to list: 68523
name added to list: 68524
name added to list: 68525
name added to list: 68526
name added to list: 68527
name added to list: 68528
name added to list: 68529
name added to list: 68530
name added to list: 68531
name added to list: 68532
name added to list: 68533
name added to list: 68534
name added to list: 68535
name added to list: 68536
name added to list: 68537
name added to list: 68538
name added to list: 68539
name added to list: 68540
name added to list: 68541
name added to list: 68542
name added to list: 68543
name added to list: 68544
name added to list: 68545
name added to list: 68546
name added to list: 68547
name added to list: 68548
name added to list: 68549
name added to list: 68550
name added to list: 68551
name added to list: 68552
name added to list: 68553
name added to list: 68554
name added to list: 68555
name added to list: 68556
name added to list: 68557
name added to list: 68558
name added to list: 68559
name added to list: 68560
name added to list: 68561
name added to list: 68562
name added to list: 68563
name added to list: 68564
name added to list: 68565
name added to list: 68566
name added to list: 68567
name added to list: 68568
name added to list: 68569
name added to list: 68570
name added to list: 68571
name added to list: 68572
name added to list: 68573
name added to list: 68574
name added to list: 68575
name added to list: 68576
name added to list: 68577
name added to list: 68578
name added to list: 68579
name added to list: 68580
name added to list: 68581
name added to list: 68582
name added to list: 68583
name added to list: 68584
name added to list: 68585
name added to list: 68586
name added to list: 68587
name added to list: 68588
name added to list: 68589
name added to list: 68590
name added to list: 68591
name added to list: 68592
name added to list: 68593
name added to list: 68594
name added to list: 68595
name added to list: 68596
name added to list: 68597
name added to list: 68598
name added to list: 68599
name added to list: 68600
name added to list: 68601
name added to list: 68602
name added to list: 68603
name added to list: 68604
name added to list: 68605
name added to list: 68606
name added to list: 68607
name added to list: 68608
name added to list: 68609
name added to list: 68610
name added to list: 68611
name added to list: 68612
name added to list: 68613
name added to list: 68614
name added to list: 68615
name added to list: 68616
name added to list: 68617
name added to list: 68618
name added to list: 68619
name added to list: 68620
name added to list: 68621
name added to list: 68622
name added to list: 68623
name added to list: 68624
name added to list: 68625
name added to list: 68626
name added to list: 68627
name added to list: 68628
name added to list: 68629
name added to list: 68630
name added to list: 68631
name added to list: 68632
name added to list: 68633
name added to list: 68634
name added to list: 68635
name added to list: 68636
name added to list: 68637
name added to list: 68638
name added to list: 68639
name added to list: 68640
name added to list: 68641
name added to list: 68642
name added to list: 68643
name added to list: 68644
name added to list: 68645
name added to list: 68646
name added to list: 68647
name added to list: 68648
name added to list: 68649
name added to list: 68650
name added to list: 68651
name added to list: 68652
name added to list: 68653
name added to list: 68654
name added to list: 68655
name added to list: 68656
name added to list: 68657
name added to list: 68658
name added to list: 68659
name added to list: 68660
name added to list: 68661
name added to list: 68662
name added to list: 68663
name added to list: 68664
name added to list: 68665
name added to list: 68666
name added to list: 68667
name added to list: 68668
name added to list: 68669
name added to list: 68670
name added to list: 68671
name added to list: 68672
name added to list: 68673
name added to list: 68674
name added to list: 68675
name added to list: 68676
name added to list: 68677
name added to list: 68678
name added to list: 68679
name added to list: 68680
name added to list: 68681
name added to list: 68682
name added to list: 68683
name added to list: 68684
name added to list: 68685
name added to list: 68686
name added to list: 68687
name added to list: 68688
name added to list: 68689
name added to list: 68690
name added to list: 68691
name added to list: 68692
name added to list: 68693
name added to list: 68694
name added to list: 68695
name added to list: 68696
name added to list: 68697
name added to list: 68698
name added to list: 68699
name added to list: 68700
name added to list: 68701
name added to list: 68702
name added to list: 68703
name added to list: 68704
name added to list: 68705
name added to list: 68706
name added to list: 68707
name added to list: 68708
name added to list: 68709
name added to list: 68710
name added to list: 68711
name added to list: 68712
name added to list: 68713
name added to list: 68714
name added to list: 68715
name added to list: 68716
name added to list: 68717
name added to list: 68718
name added to list: 68719
name added to list: 68720
name added to list: 68721
name added to list: 68722
name added to list: 68723
name added to list: 68724
name added to list: 68725
name added to list: 68726
name added to list: 68727
name added to list: 68728
name added to list: 68729
name added to list: 68730
name added to list: 68731
name added to list: 68732
name added to list: 68733
name added to list: 68734
name added to list: 68735
name added to list: 68736
name added to list: 68737
name added to list: 68738
name added to list: 68739
name added to list: 68740
name added to list: 68741
name added to list: 68742
name added to list: 68743
name added to list: 68744
name added to list: 68745
name added to list: 68746
name added to list: 68747
name added to list: 68748
name added to list: 68749
name added to list: 68750
name added to list: 68751
name added to list: 68752
name added to list: 68753
name added to list: 68754
name added to list: 68755
name added to list: 68756
name added to list: 68757
name added to list: 68758
name added to list: 68759
name added to list: 68760
name added to list: 68761
name added to list: 68762
name added to list: 68763
name added to list: 68764
name added to list: 68765
name added to list: 68766
name added to list: 68767
name added to list: 68768
name added to list: 68769
name added to list: 68770
name added to list: 68771
name added to list: 68772
name added to list: 68773
name added to list: 68774
name added to list: 68775
name added to list: 68776
name added to list: 68777
name added to list: 68778
name added to list: 68779
name added to list: 68780
name added to list: 68781
name added to list: 68782
name added to list: 68783
name added to list: 68784
name added to list: 68785
name added to list: 68786
name added to list: 68787
name added to list: 68788
name added to list: 68789
name added to list: 68790
name added to list: 68791
name added to list: 68792
name added to list: 68793
name added to list: 68794
name added to list: 68795
name added to list: 68796
name added to list: 68797
name added to list: 68798
name added to list: 68799
name added to list: 68800
name added to list: 68801
name added to list: 68802
name added to list: 68803
name added to list: 68804
name added to list: 68805
name added to list: 68806
name added to list: 68807
name added to list: 68808
name added to list: 68809
name added to list: 68810
name added to list: 68811
name added to list: 68812
name added to list: 68813
name added to list: 68814
name added to list: 68815
name added to list: 68816
name added to list: 68817
name added to list: 68818
name added to list: 68819
name added to list: 68820
name added to list: 68821
name added to list: 68822
name added to list: 68823
name added to list: 68824
name added to list: 68825
name added to list: 68826
name added to list: 68827
name added to list: 68828
name added to list: 68829
name added to list: 68830
name added to list: 68831
name added to list: 68832
name added to list: 68833
name added to list: 68834
name added to list: 68835
name added to list: 68836
name added to list: 68837
name added to list: 68838
name added to list: 68839
name added to list: 68840
name added to list: 68841
name added to list: 68842
name added to list: 68843
name added to list: 68844
name added to list: 68845
name added to list: 68846
name added to list: 68847
name added to list: 68848
name added to list: 68849
name added to list: 68850
name added to list: 68851
name added to list: 68852
name added to list: 68853
name added to list: 68854
name added to list: 68855
name added to list: 68856
name added to list: 68857
name added to list: 68858
name added to list: 68859
name added to list: 68860
name added to list: 68861
name added to list: 68862
name added to list: 68863
name added to list: 68864
name added to list: 68865
name added to list: 68866
name added to list: 68867
name added to list: 68868
name added to list: 68869
name added to list: 68870
name added to list: 68871
name added to list: 68872
name added to list: 68873
name added to list: 68874
name added to list: 68875
name added to list: 68876
name added to list: 68877
name added to list: 68878
name added to list: 68879
name added to list: 68880
name added to list: 68881
name added to list: 68882
name added to list: 68883
name added to list: 68884
name added to list: 68885
name added to list: 68886
name added to list: 68887
name added to list: 68888
name added to list: 68889
name added to list: 68890
name added to list: 68891
name added to list: 68892
name added to list: 68893
name added to list: 68894
name added to list: 68895
name added to list: 68896
name added to list: 68897
name added to list: 68898
name added to list: 68899
name added to list: 68900
name added to list: 68901
name added to list: 68902
name added to list: 68903
name added to list: 68904
name added to list: 68905
name added to list: 68906
name added to list: 68907
name added to list: 68908
name added to list: 68909
name added to list: 68910
name added to list: 68911
name added to list: 68912
name added to list: 68913
name added to list: 68914
name added to list: 68915
name added to list: 68916
name added to list: 68917
name added to list: 68918
name added to list: 68919
name added to list: 68920
name added to list: 68921
name added to list: 68922
name added to list: 68923
name added to list: 68924
name added to list: 68925
name added to list: 68926
name added to list: 68927
name added to list: 68928
name added to list: 68929
name added to list: 68930
name added to list: 68931
name added to list: 68932
name added to list: 68933
name added to list: 68934
name added to list: 68935
name added to list: 68936
name added to list: 68937
name added to list: 68938
name added to list: 68939
name added to list: 68940
name added to list: 68941
name added to list: 68942
name added to list: 68943
name added to list: 68944
name added to list: 68945
name added to list: 68946
name added to list: 68947
name added to list: 68948
name added to list: 68949
name added to list: 68950
name added to list: 68951
name added to list: 68952
name added to list: 68953
name added to list: 68954
name added to list: 68955
name added to list: 68956
name added to list: 68957
name added to list: 68958
name added to list: 68959
name added to list: 68960
name added to list: 68961
name added to list: 68962
name added to list: 68963
name added to list: 68964
name added to list: 68965
name added to list: 68966
name added to list: 68967
name added to list: 68968
name added to list: 68969
name added to list: 68970
name added to list: 68971
name added to list: 68972
name added to list: 68973
name added to list: 68974
name added to list: 68975
name added to list: 68976
name added to list: 68977
name added to list: 68978
name added to list: 68979
name added to list: 68980
name added to list: 68981
name added to list: 68982
name added to list: 68983
name added to list: 68984
name added to list: 68985
name added to list: 68986
name added to list: 68987
name added to list: 68988
name added to list: 68989
name added to list: 68990
name added to list: 68991
name added to list: 68992
name added to list: 68993
name added to list: 68994
name added to list: 68995
name added to list: 68996
name added to list: 68997
name added to list: 68998
name added to list: 68999
name added to list: 69000
name added to list: 69001
name added to list: 69002
name added to list: 69003
name added to list: 69004
name added to list: 69005
name added to list: 69006
name added to list: 69007
name added to list: 69008
name added to list: 69009
name added to list: 69010
name added to list: 69011
name added to list: 69012
name added to list: 69013
name added to list: 69014
name added to list: 69015
name added to list: 69016
name added to list: 69017
name added to list: 69018
name added to list: 69019
name added to list: 69020
name added to list: 69021
name added to list: 69022
name added to list: 69023
name added to list: 69024
name added to list: 69025
name added to list: 69026
name added to list: 69027
name added to list: 69028
name added to list: 69029
name added to list: 69030
name added to list: 69031
name added to list: 69032
name added to list: 69033
name added to list: 69034
name added to list: 69035
name added to list: 69036
name added to list: 69037
name added to list: 69038
name added to list: 69039
name added to list: 69040
name added to list: 69041
name added to list: 69042
name added to list: 69043
name added to list: 69044
name added to list: 69045
name added to list: 69046
name added to list: 69047
name added to list: 69048
name added to list: 69049
name added to list: 69050
name added to list: 69051
name added to list: 69052
name added to list: 69053
name added to list: 69054
name added to list: 69055
name added to list: 69056
name added to list: 69057
name added to list: 69058
name added to list: 69059
name added to list: 69060
name added to list: 69061
name added to list: 69062
name added to list: 69063
name added to list: 69064
name added to list: 69065
name added to list: 69066
name added to list: 69067
name added to list: 69068
name added to list: 69069
name added to list: 69070
name added to list: 69071
name added to list: 69072
name added to list: 69073
name added to list: 69074
name added to list: 69075
name added to list: 69076
name added to list: 69077
name added to list: 69078
name added to list: 69079
name added to list: 69080
name added to list: 69081
name added to list: 69082
name added to list: 69083
name added to list: 69084
name added to list: 69085
name added to list: 69086
name added to list: 69087
name added to list: 69088
name added to list: 69089
name added to list: 69090
name added to list: 69091
name added to list: 69092
name added to list: 69093
name added to list: 69094
name added to list: 69095
name added to list: 69096
name added to list: 69097
name added to list: 69098
name added to list: 69099
name added to list: 69100
name added to list: 69101
name added to list: 69102
name added to list: 69103
name added to list: 69104
name added to list: 69105
name added to list: 69106
name added to list: 69107
name added to list: 69108
name added to list: 69109
name added to list: 69110
name added to list: 69111
name added to list: 69112
name added to list: 69113
name added to list: 69114
name added to list: 69115
name added to list: 69116
name added to list: 69117
name added to list: 69118
name added to list: 69119
name added to list: 69120
name added to list: 69121
name added to list: 69122
name added to list: 69123
name added to list: 69124
name added to list: 69125
name added to list: 69126
name added to list: 69127
name added to list: 69128
name added to list: 69129
name added to list: 69130
name added to list: 69131
name added to list: 69132
name added to list: 69133
name added to list: 69134
name added to list: 69135
name added to list: 69136
name added to list: 69137
name added to list: 69138
name added to list: 69139
name added to list: 69140
name added to list: 69141
name added to list: 69142
name added to list: 69143
name added to list: 69144
name added to list: 69145
name added to list: 69146
name added to list: 69147
name added to list: 69148
name added to list: 69149
name added to list: 69150
name added to list: 69151
name added to list: 69152
name added to list: 69153
name added to list: 69154
name added to list: 69155
name added to list: 69156
name added to list: 69157
name added to list: 69158
name added to list: 69159
name added to list: 69160
name added to list: 69161
name added to list: 69162
name added to list: 69163
name added to list: 69164
name added to list: 69165
name added to list: 69166
name added to list: 69167
name added to list: 69168
name added to list: 69169
name added to list: 69170
name added to list: 69171
name added to list: 69172
name added to list: 69173
name added to list: 69174
name added to list: 69175
name added to list: 69176
name added to list: 69177
name added to list: 69178
name added to list: 69179
name added to list: 69180
name added to list: 69181
name added to list: 69182
name added to list: 69183
name added to list: 69184
name added to list: 69185
name added to list: 69186
name added to list: 69187
name added to list: 69188
name added to list: 69189
name added to list: 69190
name added to list: 69191
name added to list: 69192
name added to list: 69193
name added to list: 69194
name added to list: 69195
name added to list: 69196
name added to list: 69197
name added to list: 69198
name added to list: 69199
name added to list: 69200
name added to list: 69201
name added to list: 69202
name added to list: 69203
name added to list: 69204
name added to list: 69205
name added to list: 69206
name added to list: 69207
name added to list: 69208
name added to list: 69209
name added to list: 69210
name added to list: 69211
name added to list: 69212
name added to list: 69213
name added to list: 69214
name added to list: 69215
name added to list: 69216
name added to list: 69217
name added to list: 69218
name added to list: 69219
name added to list: 69220
name added to list: 69221
name added to list: 69222
name added to list: 69223
name added to list: 69224
name added to list: 69225
name added to list: 69226
name added to list: 69227
name added to list: 69228
name added to list: 69229
name added to list: 69230
name added to list: 69231
name added to list: 69232
name added to list: 69233
name added to list: 69234
name added to list: 69235
name added to list: 69236
name added to list: 69237
name added to list: 69238
name added to list: 69239
name added to list: 69240
name added to list: 69241
name added to list: 69242
name added to list: 69243
name added to list: 69244
name added to list: 69245
name added to list: 69246
name added to list: 69247
name added to list: 69248
name added to list: 69249
name added to list: 69250
name added to list: 69251
name added to list: 69252
name added to list: 69253
name added to list: 69254
name added to list: 69255
name added to list: 69256
name added to list: 69257
name added to list: 69258
name added to list: 69259
name added to list: 69260
name added to list: 69261
name added to list: 69262
name added to list: 69263
name added to list: 69264
name added to list: 69265
name added to list: 69266
name added to list: 69267
name added to list: 69268
name added to list: 69269
name added to list: 69270
name added to list: 69271
name added to list: 69272
name added to list: 69273
name added to list: 69274
name added to list: 69275
name added to list: 69276
name added to list: 69277
name added to list: 69278
name added to list: 69279
name added to list: 69280
name added to list: 69281
name added to list: 69282
name added to list: 69283
name added to list: 69284
name added to list: 69285
name added to list: 69286
name added to list: 69287
name added to list: 69288
name added to list: 69289
name added to list: 69290
name added to list: 69291
name added to list: 69292
name added to list: 69293
name added to list: 69294
name added to list: 69295
name added to list: 69296
name added to list: 69297
name added to list: 69298
name added to list: 69299
name added to list: 69300
name added to list: 69301
name added to list: 69302
name added to list: 69303
name added to list: 69304
name added to list: 69305
name added to list: 69306
name added to list: 69307
name added to list: 69308
name added to list: 69309
name added to list: 69310
name added to list: 69311
name added to list: 69312
name added to list: 69313
name added to list: 69314
name added to list: 69315
name added to list: 69316
name added to list: 69317
name added to list: 69318
name added to list: 69319
name added to list: 69320
name added to list: 69321
name added to list: 69322
name added to list: 69323
name added to list: 69324
name added to list: 69325
name added to list: 69326
name added to list: 69327
name added to list: 69328
name added to list: 69329
name added to list: 69330
name added to list: 69331
name added to list: 69332
name added to list: 69333
name added to list: 69334
name added to list: 69335
name added to list: 69336
name added to list: 69337
name added to list: 69338
name added to list: 69339
name added to list: 69340
name added to list: 69341
name added to list: 69342
name added to list: 69343
name added to list: 69344
name added to list: 69345
name added to list: 69346
name added to list: 69347
name added to list: 69348
name added to list: 69349
name added to list: 69350
name added to list: 69351
name added to list: 69352
name added to list: 69353
name added to list: 69354
name added to list: 69355
name added to list: 69356
name added to list: 69357
name added to list: 69358
name added to list: 69359
name added to list: 69360
name added to list: 69361
name added to list: 69362
name added to list: 69363
name added to list: 69364
name added to list: 69365
name added to list: 69366
name added to list: 69367
name added to list: 69368
name added to list: 69369
name added to list: 69370
name added to list: 69371
name added to list: 69372
name added to list: 69373
name added to list: 69374
name added to list: 69375
name added to list: 69376
name added to list: 69377
name added to list: 69378
name added to list: 69379
name added to list: 69380
name added to list: 69381
name added to list: 69382
name added to list: 69383
name added to list: 69384
name added to list: 69385
name added to list: 69386
name added to list: 69387
name added to list: 69388
name added to list: 69389
name added to list: 69390
name added to list: 69391
name added to list: 69392
name added to list: 69393
name added to list: 69394
name added to list: 69395
name added to list: 69396
name added to list: 69397
name added to list: 69398
name added to list: 69399
name added to list: 69400
name added to list: 69401
name added to list: 69402
name added to list: 69403
name added to list: 69404
name added to list: 69405
name added to list: 69406
name added to list: 69407
name added to list: 69408
name added to list: 69409
name added to list: 69410
name added to list: 69411
name added to list: 69412
name added to list: 69413
name added to list: 69414
name added to list: 69415
name added to list: 69416
name added to list: 69417
name added to list: 69418
name added to list: 69419
name added to list: 69420
name added to list: 69421
name added to list: 69422
name added to list: 69423
name added to list: 69424
name added to list: 69425
name added to list: 69426
name added to list: 69427
name added to list: 69428
name added to list: 69429
name added to list: 69430
name added to list: 69431
name added to list: 69432
name added to list: 69433
name added to list: 69434
name added to list: 69435
name added to list: 69436
name added to list: 69437
name added to list: 69438
name added to list: 69439
name added to list: 69440
name added to list: 69441
name added to list: 69442
name added to list: 69443
name added to list: 69444
name added to list: 69445
name added to list: 69446
name added to list: 69447
name added to list: 69448
name added to list: 69449
name added to list: 69450
name added to list: 69451
name added to list: 69452
name added to list: 69453
name added to list: 69454
name added to list: 69455
name added to list: 69456
name added to list: 69457
name added to list: 69458
name added to list: 69459
name added to list: 69460
name added to list: 69461
name added to list: 69462
name added to list: 69463
name added to list: 69464
name added to list: 69465
name added to list: 69466
name added to list: 69467
name added to list: 69468
name added to list: 69469
name added to list: 69470
name added to list: 69471
name added to list: 69472
name added to list: 69473
name added to list: 69474
name added to list: 69475
name added to list: 69476
name added to list: 69477
name added to list: 69478
name added to list: 69479
name added to list: 69480
name added to list: 69481
name added to list: 69482
name added to list: 69483
name added to list: 69484
name added to list: 69485
name added to list: 69486
name added to list: 69487
name added to list: 69488
name added to list: 69489
name added to list: 69490
name added to list: 69491
name added to list: 69492
name added to list: 69493
name added to list: 69494
name added to list: 69495
name added to list: 69496
name added to list: 69497
name added to list: 69498
name added to list: 69499
name added to list: 69500
name added to list: 69501
name added to list: 69502
name added to list: 69503
name added to list: 69504
name added to list: 69505
name added to list: 69506
name added to list: 69507
name added to list: 69508
name added to list: 69509
name added to list: 69510
name added to list: 69511
name added to list: 69512
name added to list: 69513
name added to list: 69514
name added to list: 69515
name added to list: 69516
name added to list: 69517
name added to list: 69518
name added to list: 69519
name added to list: 69520
name added to list: 69521
name added to list: 69522
name added to list: 69523
name added to list: 69524
name added to list: 69525
name added to list: 69526
name added to list: 69527
name added to list: 69528
name added to list: 69529
name added to list: 69530
name added to list: 69531
name added to list: 69532
name added to list: 69533
name added to list: 69534
name added to list: 69535
name added to list: 69536
name added to list: 69537
name added to list: 69538
name added to list: 69539
name added to list: 69540
name added to list: 69541
name added to list: 69542
name added to list: 69543
name added to list: 69544
name added to list: 69545
name added to list: 69546
name added to list: 69547
name added to list: 69548
name added to list: 69549
name added to list: 69550
name added to list: 69551
name added to list: 69552
name added to list: 69553
name added to list: 69554
name added to list: 69555
name added to list: 69556
name added to list: 69557
name added to list: 69558
name added to list: 69559
name added to list: 69560
name added to list: 69561
name added to list: 69562
name added to list: 69563
name added to list: 69564
name added to list: 69565
name added to list: 69566
name added to list: 69567
name added to list: 69568
name added to list: 69569
name added to list: 69570
name added to list: 69571
name added to list: 69572
name added to list: 69573
name added to list: 69574
name added to list: 69575
name added to list: 69576
name added to list: 69577
name added to list: 69578
name added to list: 69579
name added to list: 69580
name added to list: 69581
name added to list: 69582
name added to list: 69583
name added to list: 69584
name added to list: 69585
name added to list: 69586
name added to list: 69587
name added to list: 69588
name added to list: 69589
name added to list: 69590
name added to list: 69591
name added to list: 69592
name added to list: 69593
name added to list: 69594
name added to list: 69595
name added to list: 69596
name added to list: 69597
name added to list: 69598
name added to list: 69599
name added to list: 69600
name added to list: 69601
name added to list: 69602
name added to list: 69603
name added to list: 69604
name added to list: 69605
name added to list: 69606
name added to list: 69607
name added to list: 69608
name added to list: 69609
name added to list: 69610
name added to list: 69611
name added to list: 69612
name added to list: 69613
name added to list: 69614
name added to list: 69615
name added to list: 69616
name added to list: 69617
name added to list: 69618
name added to list: 69619
name added to list: 69620
name added to list: 69621
name added to list: 69622
name added to list: 69623
name added to list: 69624
name added to list: 69625
name added to list: 69626
name added to list: 69627
name added to list: 69628
name added to list: 69629
name added to list: 69630
name added to list: 69631
name added to list: 69632
name added to list: 69633
name added to list: 69634
name added to list: 69635
name added to list: 69636
name added to list: 69637
name added to list: 69638
name added to list: 69639
name added to list: 69640
name added to list: 69641
name added to list: 69642
name added to list: 69643
name added to list: 69644
name added to list: 69645
name added to list: 69646
name added to list: 69647
name added to list: 69648
name added to list: 69649
name added to list: 69650
name added to list: 69651
name added to list: 69652
name added to list: 69653
name added to list: 69654
name added to list: 69655
name added to list: 69656
name added to list: 69657
name added to list: 69658
name added to list: 69659
name added to list: 69660
name added to list: 69661
name added to list: 69662
name added to list: 69663
name added to list: 69664
name added to list: 69665
name added to list: 69666
name added to list: 69667
name added to list: 69668
name added to list: 69669
name added to list: 69670
name added to list: 69671
name added to list: 69672
name added to list: 69673
name added to list: 69674
name added to list: 69675
name added to list: 69676
name added to list: 69677
name added to list: 69678
name added to list: 69679
name added to list: 69680
name added to list: 69681
name added to list: 69682
name added to list: 69683
name added to list: 69684
name added to list: 69685
name added to list: 69686
name added to list: 69687
name added to list: 69688
name added to list: 69689
name added to list: 69690
name added to list: 69691
name added to list: 69692
name added to list: 69693
name added to list: 69694
name added to list: 69695
name added to list: 69696
name added to list: 69697
name added to list: 69698
name added to list: 69699
name added to list: 69700
name added to list: 69701
name added to list: 69702
name added to list: 69703
name added to list: 69704
name added to list: 69705
name added to list: 69706
name added to list: 69707
name added to list: 69708
name added to list: 69709
name added to list: 69710
name added to list: 69711
name added to list: 69712
name added to list: 69713
name added to list: 69714
name added to list: 69715
name added to list: 69716
name added to list: 69717
name added to list: 69718
name added to list: 69719
name added to list: 69720
name added to list: 69721
name added to list: 69722
name added to list: 69723
name added to list: 69724
name added to list: 69725
name added to list: 69726
name added to list: 69727
name added to list: 69728
name added to list: 69729
name added to list: 69730
name added to list: 69731
name added to list: 69732
name added to list: 69733
name added to list: 69734
name added to list: 69735
name added to list: 69736
name added to list: 69737
name added to list: 69738
name added to list: 69739
name added to list: 69740
name added to list: 69741
name added to list: 69742
name added to list: 69743
name added to list: 69744
name added to list: 69745
name added to list: 69746
name added to list: 69747
name added to list: 69748
name added to list: 69749
name added to list: 69750
name added to list: 69751
name added to list: 69752
name added to list: 69753
name added to list: 69754
name added to list: 69755
name added to list: 69756
name added to list: 69757
name added to list: 69758
name added to list: 69759
name added to list: 69760
name added to list: 69761
name added to list: 69762
name added to list: 69763
name added to list: 69764
name added to list: 69765
name added to list: 69766
name added to list: 69767
name added to list: 69768
name added to list: 69769
name added to list: 69770
name added to list: 69771
name added to list: 69772
name added to list: 69773
name added to list: 69774
name added to list: 69775
name added to list: 69776
name added to list: 69777
name added to list: 69778
name added to list: 69779
name added to list: 69780
name added to list: 69781
name added to list: 69782
name added to list: 69783
name added to list: 69784
name added to list: 69785
name added to list: 69786
name added to list: 69787
name added to list: 69788
name added to list: 69789
name added to list: 69790
name added to list: 69791
name added to list: 69792
name added to list: 69793
name added to list: 69794
name added to list: 69795
name added to list: 69796
name added to list: 69797
name added to list: 69798
name added to list: 69799
name added to list: 69800
name added to list: 69801
name added to list: 69802
name added to list: 69803
name added to list: 69804
name added to list: 69805
name added to list: 69806
name added to list: 69807
name added to list: 69808
name added to list: 69809
name added to list: 69810
name added to list: 69811
name added to list: 69812
name added to list: 69813
name added to list: 69814
name added to list: 69815
name added to list: 69816
name added to list: 69817
name added to list: 69818
name added to list: 69819
name added to list: 69820
name added to list: 69821
name added to list: 69822
name added to list: 69823
name added to list: 69824
name added to list: 69825
name added to list: 69826
name added to list: 69827
name added to list: 69828
name added to list: 69829
name added to list: 69830
name added to list: 69831
name added to list: 69832
name added to list: 69833
name added to list: 69834
name added to list: 69835
name added to list: 69836
name added to list: 69837
name added to list: 69838
name added to list: 69839
name added to list: 69840
name added to list: 69841
name added to list: 69842
name added to list: 69843
name added to list: 69844
name added to list: 69845
name added to list: 69846
name added to list: 69847
name added to list: 69848
name added to list: 69849
name added to list: 69850
name added to list: 69851
name added to list: 69852
name added to list: 69853
name added to list: 69854
name added to list: 69855
name added to list: 69856
name added to list: 69857
name added to list: 69858
name added to list: 69859
name added to list: 69860
name added to list: 69861
name added to list: 69862
name added to list: 69863
name added to list: 69864
name added to list: 69865
name added to list: 69866
name added to list: 69867
name added to list: 69868
name added to list: 69869
name added to list: 69870
name added to list: 69871
name added to list: 69872
name added to list: 69873
name added to list: 69874
name added to list: 69875
name added to list: 69876
name added to list: 69877
name added to list: 69878
name added to list: 69879
name added to list: 69880
name added to list: 69881
name added to list: 69882
name added to list: 69883
name added to list: 69884
name added to list: 69885
name added to list: 69886
name added to list: 69887
name added to list: 69888
name added to list: 69889
name added to list: 69890
name added to list: 69891
name added to list: 69892
name added to list: 69893
name added to list: 69894
name added to list: 69895
name added to list: 69896
name added to list: 69897
name added to list: 69898
name added to list: 69899
name added to list: 69900
name added to list: 69901
name added to list: 69902
name added to list: 69903
name added to list: 69904
name added to list: 69905
name added to list: 69906
name added to list: 69907
name added to list: 69908
name added to list: 69909
name added to list: 69910
name added to list: 69911
name added to list: 69912
name added to list: 69913
name added to list: 69914
name added to list: 69915
name added to list: 69916
name added to list: 69917
name added to list: 69918
name added to list: 69919
name added to list: 69920
name added to list: 69921
name added to list: 69922
name added to list: 69923
name added to list: 69924
name added to list: 69925
name added to list: 69926
name added to list: 69927
name added to list: 69928
name added to list: 69929
name added to list: 69930
name added to list: 69931
name added to list: 69932
name added to list: 69933
name added to list: 69934
name added to list: 69935
name added to list: 69936
name added to list: 69937
name added to list: 69938
name added to list: 69939
name added to list: 69940
name added to list: 69941
name added to list: 69942
name added to list: 69943
name added to list: 69944
name added to list: 69945
name added to list: 69946
name added to list: 69947
name added to list: 69948
name added to list: 69949
name added to list: 69950
name added to list: 69951
name added to list: 69952
name added to list: 69953
name added to list: 69954
name added to list: 69955
name added to list: 69956
name added to list: 69957
name added to list: 69958
name added to list: 69959
name added to list: 69960
name added to list: 69961
name added to list: 69962
name added to list: 69963
name added to list: 69964
name added to list: 69965
name added to list: 69966
name added to list: 69967
name added to list: 69968
name added to list: 69969
name added to list: 69970
name added to list: 69971
name added to list: 69972
name added to list: 69973
name added to list: 69974
name added to list: 69975
name added to list: 69976
name added to list: 69977
name added to list: 69978
name added to list: 69979
name added to list: 69980
name added to list: 69981
name added to list: 69982
name added to list: 69983
name added to list: 69984
name added to list: 69985
name added to list: 69986
name added to list: 69987
name added to list: 69988
name added to list: 69989
name added to list: 69990
name added to list: 69991
name added to list: 69992
name added to list: 69993
name added to list: 69994
name added to list: 69995
name added to list: 69996
name added to list: 69997
name added to list: 69998
name added to list: 69999
name added to list: 70000
name added to list: 70001
name added to list: 70002
name added to list: 70003
name added to list: 70004
name added to list: 70005
name added to list: 70006
name added to list: 70007
name added to list: 70008
name added to list: 70009
name added to list: 70010
name added to list: 70011
name added to list: 70012
name added to list: 70013
name added to list: 70014
name added to list: 70015
name added to list: 70016
name added to list: 70017
name added to list: 70018
name added to list: 70019
name added to list: 70020
name added to list: 70021
name added to list: 70022
name added to list: 70023
name added to list: 70024
name added to list: 70025
name added to list: 70026
name added to list: 70027
name added to list: 70028
name added to list: 70029
name added to list: 70030
name added to list: 70031
name added to list: 70032
name added to list: 70033
name added to list: 70034
name added to list: 70035
name added to list: 70036
name added to list: 70037
name added to list: 70038
name added to list: 70039
name added to list: 70040
name added to list: 70041
name added to list: 70042
name added to list: 70043
name added to list: 70044
name added to list: 70045
name added to list: 70046
name added to list: 70047
name added to list: 70048
name added to list: 70049
name added to list: 70050
name added to list: 70051
name added to list: 70052
name added to list: 70053
name added to list: 70054
name added to list: 70055
name added to list: 70056
name added to list: 70057
name added to list: 70058
name added to list: 70059
name added to list: 70060
name added to list: 70061
name added to list: 70062
name added to list: 70063
name added to list: 70064
name added to list: 70065
name added to list: 70066
name added to list: 70067
name added to list: 70068
name added to list: 70069
name added to list: 70070
name added to list: 70071
name added to list: 70072
name added to list: 70073
name added to list: 70074
name added to list: 70075
name added to list: 70076
name added to list: 70077
name added to list: 70078
name added to list: 70079
name added to list: 70080
name added to list: 70081
name added to list: 70082
name added to list: 70083
name added to list: 70084
name added to list: 70085
name added to list: 70086
name added to list: 70087
name added to list: 70088
name added to list: 70089
name added to list: 70090
name added to list: 70091
name added to list: 70092
name added to list: 70093
name added to list: 70094
name added to list: 70095
name added to list: 70096
name added to list: 70097
name added to list: 70098
name added to list: 70099
name added to list: 70100
name added to list: 70101
name added to list: 70102
name added to list: 70103
name added to list: 70104
name added to list: 70105
name added to list: 70106
name added to list: 70107
name added to list: 70108
name added to list: 70109
name added to list: 70110
name added to list: 70111
name added to list: 70112
name added to list: 70113
name added to list: 70114
name added to list: 70115
name added to list: 70116
name added to list: 70117
name added to list: 70118
name added to list: 70119
name added to list: 70120
name added to list: 70121
name added to list: 70122
name added to list: 70123
name added to list: 70124
name added to list: 70125
name added to list: 70126
name added to list: 70127
name added to list: 70128
name added to list: 70129
name added to list: 70130
name added to list: 70131
name added to list: 70132
name added to list: 70133
name added to list: 70134
name added to list: 70135
name added to list: 70136
name added to list: 70137
name added to list: 70138
name added to list: 70139
name added to list: 70140
name added to list: 70141
name added to list: 70142
name added to list: 70143
name added to list: 70144
name added to list: 70145
name added to list: 70146
name added to list: 70147
name added to list: 70148
name added to list: 70149
name added to list: 70150
name added to list: 70151
name added to list: 70152
name added to list: 70153
name added to list: 70154
name added to list: 70155
name added to list: 70156
name added to list: 70157
name added to list: 70158
name added to list: 70159
name added to list: 70160
name added to list: 70161
name added to list: 70162
name added to list: 70163
name added to list: 70164
name added to list: 70165
name added to list: 70166
name added to list: 70167
name added to list: 70168
name added to list: 70169
name added to list: 70170
name added to list: 70171
name added to list: 70172
name added to list: 70173
name added to list: 70174
name added to list: 70175
name added to list: 70176
name added to list: 70177
name added to list: 70178
name added to list: 70179
name added to list: 70180
name added to list: 70181
name added to list: 70182
name added to list: 70183
name added to list: 70184
name added to list: 70185
name added to list: 70186
name added to list: 70187
name added to list: 70188
name added to list: 70189
name added to list: 70190
name added to list: 70191
name added to list: 70192
name added to list: 70193
name added to list: 70194
name added to list: 70195
name added to list: 70196
name added to list: 70197
name added to list: 70198
name added to list: 70199
name added to list: 70200
name added to list: 70201
name added to list: 70202
name added to list: 70203
name added to list: 70204
name added to list: 70205
name added to list: 70206
name added to list: 70207
name added to list: 70208
name added to list: 70209
name added to list: 70210
name added to list: 70211
name added to list: 70212
name added to list: 70213
name added to list: 70214
name added to list: 70215
name added to list: 70216
name added to list: 70217
name added to list: 70218
name added to list: 70219
name added to list: 70220
name added to list: 70221
name added to list: 70222
name added to list: 70223
name added to list: 70224
name added to list: 70225
name added to list: 70226
name added to list: 70227
name added to list: 70228
name added to list: 70229
name added to list: 70230
name added to list: 70231
name added to list: 70232
name added to list: 70233
name added to list: 70234
name added to list: 70235
name added to list: 70236
name added to list: 70237
name added to list: 70238
name added to list: 70239
name added to list: 70240
name added to list: 70241
name added to list: 70242
name added to list: 70243
name added to list: 70244
name added to list: 70245
name added to list: 70246
name added to list: 70247
name added to list: 70248
name added to list: 70249
name added to list: 70250
name added to list: 70251
name added to list: 70252
name added to list: 70253
name added to list: 70254
name added to list: 70255
name added to list: 70256
name added to list: 70257
name added to list: 70258
name added to list: 70259
name added to list: 70260
name added to list: 70261
name added to list: 70262
name added to list: 70263
name added to list: 70264
name added to list: 70265
name added to list: 70266
name added to list: 70267
name added to list: 70268
name added to list: 70269
name added to list: 70270
name added to list: 70271
name added to list: 70272
name added to list: 70273
name added to list: 70274
name added to list: 70275
name added to list: 70276
name added to list: 70277
name added to list: 70278
name added to list: 70279
name added to list: 70280
name added to list: 70281
name added to list: 70282
name added to list: 70283
name added to list: 70284
name added to list: 70285
name added to list: 70286
name added to list: 70287
name added to list: 70288
name added to list: 70289
name added to list: 70290
name added to list: 70291
name added to list: 70292
name added to list: 70293
name added to list: 70294
name added to list: 70295
name added to list: 70296
name added to list: 70297
name added to list: 70298
name added to list: 70299
name added to list: 70300
name added to list: 70301
name added to list: 70302
name added to list: 70303
name added to list: 70304
name added to list: 70305
name added to list: 70306
name added to list: 70307
name added to list: 70308
name added to list: 70309
name added to list: 70310
name added to list: 70311
name added to list: 70312
name added to list: 70313
name added to list: 70314
name added to list: 70315
name added to list: 70316
name added to list: 70317
name added to list: 70318
name added to list: 70319
name added to list: 70320
name added to list: 70321
name added to list: 70322
name added to list: 70323
name added to list: 70324
name added to list: 70325
name added to list: 70326
name added to list: 70327
name added to list: 70328
name added to list: 70329
name added to list: 70330
name added to list: 70331
name added to list: 70332
name added to list: 70333
name added to list: 70334
name added to list: 70335
name added to list: 70336
name added to list: 70337
name added to list: 70338
name added to list: 70339
name added to list: 70340
name added to list: 70341
name added to list: 70342
name added to list: 70343
name added to list: 70344
name added to list: 70345
name added to list: 70346
name added to list: 70347
name added to list: 70348
name added to list: 70349
name added to list: 70350
name added to list: 70351
name added to list: 70352
name added to list: 70353
name added to list: 70354
name added to list: 70355
name added to list: 70356
name added to list: 70357
name added to list: 70358
name added to list: 70359
name added to list: 70360
name added to list: 70361
name added to list: 70362
name added to list: 70363
name added to list: 70364
name added to list: 70365
name added to list: 70366
name added to list: 70367
name added to list: 70368
name added to list: 70369
name added to list: 70370
name added to list: 70371
name added to list: 70372
name added to list: 70373
name added to list: 70374
name added to list: 70375
name added to list: 70376
name added to list: 70377
name added to list: 70378
name added to list: 70379
name added to list: 70380
name added to list: 70381
name added to list: 70382
name added to list: 70383
name added to list: 70384
name added to list: 70385
name added to list: 70386
name added to list: 70387
name added to list: 70388
name added to list: 70389
name added to list: 70390
name added to list: 70391
name added to list: 70392
name added to list: 70393
name added to list: 70394
name added to list: 70395
name added to list: 70396
name added to list: 70397
name added to list: 70398
name added to list: 70399
name added to list: 70400
name added to list: 70401
name added to list: 70402
name added to list: 70403
name added to list: 70404
name added to list: 70405
name added to list: 70406
name added to list: 70407
name added to list: 70408
name added to list: 70409
name added to list: 70410
name added to list: 70411
name added to list: 70412
name added to list: 70413
name added to list: 70414
name added to list: 70415
name added to list: 70416
name added to list: 70417
name added to list: 70418
name added to list: 70419
name added to list: 70420
name added to list: 70421
name added to list: 70422
name added to list: 70423
name added to list: 70424
name added to list: 70425
name added to list: 70426
name added to list: 70427
name added to list: 70428
name added to list: 70429
name added to list: 70430
name added to list: 70431
name added to list: 70432
name added to list: 70433
name added to list: 70434
name added to list: 70435
name added to list: 70436
name added to list: 70437
name added to list: 70438
name added to list: 70439
name added to list: 70440
name added to list: 70441
name added to list: 70442
name added to list: 70443
name added to list: 70444
name added to list: 70445
name added to list: 70446
name added to list: 70447
name added to list: 70448
name added to list: 70449
name added to list: 70450
name added to list: 70451
name added to list: 70452
name added to list: 70453
name added to list: 70454
name added to list: 70455
name added to list: 70456
name added to list: 70457
name added to list: 70458
name added to list: 70459
name added to list: 70460
name added to list: 70461
name added to list: 70462
name added to list: 70463
name added to list: 70464
name added to list: 70465
name added to list: 70466
name added to list: 70467
name added to list: 70468
name added to list: 70469
name added to list: 70470
name added to list: 70471
name added to list: 70472
name added to list: 70473
name added to list: 70474
name added to list: 70475
name added to list: 70476
name added to list: 70477
name added to list: 70478
name added to list: 70479
name added to list: 70480
name added to list: 70481
name added to list: 70482
name added to list: 70483
name added to list: 70484
name added to list: 70485
name added to list: 70486
name added to list: 70487
name added to list: 70488
name added to list: 70489
name added to list: 70490
name added to list: 70491
name added to list: 70492
name added to list: 70493
name added to list: 70494
name added to list: 70495
name added to list: 70496
name added to list: 70497
name added to list: 70498
name added to list: 70499
name added to list: 70500
name added to list: 70501
name added to list: 70502
name added to list: 70503
name added to list: 70504
name added to list: 70505
name added to list: 70506
name added to list: 70507
name added to list: 70508
name added to list: 70509
name added to list: 70510
name added to list: 70511
name added to list: 70512
name added to list: 70513
name added to list: 70514
name added to list: 70515
name added to list: 70516
name added to list: 70517
name added to list: 70518
name added to list: 70519
name added to list: 70520
name added to list: 70521
name added to list: 70522
name added to list: 70523
name added to list: 70524
name added to list: 70525
name added to list: 70526
name added to list: 70527
name added to list: 70528
name added to list: 70529
name added to list: 70530
name added to list: 70531
name added to list: 70532
name added to list: 70533
name added to list: 70534
name added to list: 70535
name added to list: 70536
name added to list: 70537
name added to list: 70538
name added to list: 70539
name added to list: 70540
name added to list: 70541
name added to list: 70542
name added to list: 70543
name added to list: 70544
name added to list: 70545
name added to list: 70546
name added to list: 70547
name added to list: 70548
name added to list: 70549
name added to list: 70550
name added to list: 70551
name added to list: 70552
name added to list: 70553
name added to list: 70554
name added to list: 70555
name added to list: 70556
name added to list: 70557
name added to list: 70558
name added to list: 70559
name added to list: 70560
name added to list: 70561
name added to list: 70562
name added to list: 70563
name added to list: 70564
name added to list: 70565
name added to list: 70566
name added to list: 70567
name added to list: 70568
name added to list: 70569
name added to list: 70570
name added to list: 70571
name added to list: 70572
name added to list: 70573
name added to list: 70574
name added to list: 70575
name added to list: 70576
name added to list: 70577
name added to list: 70578
name added to list: 70579
name added to list: 70580
name added to list: 70581
name added to list: 70582
name added to list: 70583
name added to list: 70584
name added to list: 70585
name added to list: 70586
name added to list: 70587
name added to list: 70588
name added to list: 70589
name added to list: 70590
name added to list: 70591
name added to list: 70592
name added to list: 70593
name added to list: 70594
name added to list: 70595
name added to list: 70596
name added to list: 70597
name added to list: 70598
name added to list: 70599
name added to list: 70600
name added to list: 70601
name added to list: 70602
name added to list: 70603
name added to list: 70604
name added to list: 70605
name added to list: 70606
name added to list: 70607
name added to list: 70608
name added to list: 70609
name added to list: 70610
name added to list: 70611
name added to list: 70612
name added to list: 70613
name added to list: 70614
name added to list: 70615
name added to list: 70616
name added to list: 70617
name added to list: 70618
name added to list: 70619
name added to list: 70620
name added to list: 70621
name added to list: 70622
name added to list: 70623
name added to list: 70624
name added to list: 70625
name added to list: 70626
name added to list: 70627
name added to list: 70628
name added to list: 70629
name added to list: 70630
name added to list: 70631
name added to list: 70632
name added to list: 70633
name added to list: 70634
name added to list: 70635
name added to list: 70636
name added to list: 70637
name added to list: 70638
name added to list: 70639
name added to list: 70640
name added to list: 70641
name added to list: 70642
name added to list: 70643
name added to list: 70644
name added to list: 70645
name added to list: 70646
name added to list: 70647
name added to list: 70648
name added to list: 70649
name added to list: 70650
name added to list: 70651
name added to list: 70652
name added to list: 70653
name added to list: 70654
name added to list: 70655
name added to list: 70656
name added to list: 70657
name added to list: 70658
name added to list: 70659
name added to list: 70660
name added to list: 70661
name added to list: 70662
name added to list: 70663
name added to list: 70664
name added to list: 70665
name added to list: 70666
name added to list: 70667
name added to list: 70668
name added to list: 70669
name added to list: 70670
name added to list: 70671
name added to list: 70672
name added to list: 70673
name added to list: 70674
name added to list: 70675
name added to list: 70676
name added to list: 70677
name added to list: 70678
name added to list: 70679
name added to list: 70680
name added to list: 70681
name added to list: 70682
name added to list: 70683
name added to list: 70684
name added to list: 70685
name added to list: 70686
name added to list: 70687
name added to list: 70688
name added to list: 70689
name added to list: 70690
name added to list: 70691
name added to list: 70692
name added to list: 70693
name added to list: 70694
name added to list: 70695
name added to list: 70696
name added to list: 70697
name added to list: 70698
name added to list: 70699
name added to list: 70700
name added to list: 70701
name added to list: 70702
name added to list: 70703
name added to list: 70704
name added to list: 70705
name added to list: 70706
name added to list: 70707
name added to list: 70708
name added to list: 70709
name added to list: 70710
name added to list: 70711
name added to list: 70712
name added to list: 70713
name added to list: 70714
name added to list: 70715
name added to list: 70716
name added to list: 70717
name added to list: 70718
name added to list: 70719
name added to list: 70720
name added to list: 70721
name added to list: 70722
name added to list: 70723
name added to list: 70724
name added to list: 70725
name added to list: 70726
name added to list: 70727
name added to list: 70728
name added to list: 70729
name added to list: 70730
name added to list: 70731
name added to list: 70732
name added to list: 70733
name added to list: 70734
name added to list: 70735
name added to list: 70736
name added to list: 70737
name added to list: 70738
name added to list: 70739
name added to list: 70740
name added to list: 70741
name added to list: 70742
name added to list: 70743
name added to list: 70744
name added to list: 70745
name added to list: 70746
name added to list: 70747
name added to list: 70748
name added to list: 70749
name added to list: 70750
name added to list: 70751
name added to list: 70752
name added to list: 70753
name added to list: 70754
name added to list: 70755
name added to list: 70756
name added to list: 70757
name added to list: 70758
name added to list: 70759
name added to list: 70760
name added to list: 70761
name added to list: 70762
name added to list: 70763
name added to list: 70764
name added to list: 70765
name added to list: 70766
name added to list: 70767
name added to list: 70768
name added to list: 70769
name added to list: 70770
name added to list: 70771
name added to list: 70772
name added to list: 70773
name added to list: 70774
name added to list: 70775
name added to list: 70776
name added to list: 70777
name added to list: 70778
name added to list: 70779
name added to list: 70780
name added to list: 70781
name added to list: 70782
name added to list: 70783
name added to list: 70784
name added to list: 70785
name added to list: 70786
name added to list: 70787
name added to list: 70788
name added to list: 70789
name added to list: 70790
name added to list: 70791
name added to list: 70792
name added to list: 70793
name added to list: 70794
name added to list: 70795
name added to list: 70796
name added to list: 70797
name added to list: 70798
name added to list: 70799
name added to list: 70800
name added to list: 70801
name added to list: 70802
name added to list: 70803
name added to list: 70804
name added to list: 70805
name added to list: 70806
name added to list: 70807
name added to list: 70808
name added to list: 70809
name added to list: 70810
name added to list: 70811
name added to list: 70812
name added to list: 70813
name added to list: 70814
name added to list: 70815
name added to list: 70816
name added to list: 70817
name added to list: 70818
name added to list: 70819
name added to list: 70820
name added to list: 70821
name added to list: 70822
name added to list: 70823
name added to list: 70824
name added to list: 70825
name added to list: 70826
name added to list: 70827
name added to list: 70828
name added to list: 70829
name added to list: 70830
name added to list: 70831
name added to list: 70832
name added to list: 70833
name added to list: 70834
name added to list: 70835
name added to list: 70836
name added to list: 70837
name added to list: 70838
name added to list: 70839
name added to list: 70840
name added to list: 70841
name added to list: 70842
name added to list: 70843
name added to list: 70844
name added to list: 70845
name added to list: 70846
name added to list: 70847
name added to list: 70848
name added to list: 70849
name added to list: 70850
name added to list: 70851
name added to list: 70852
name added to list: 70853
name added to list: 70854
name added to list: 70855
name added to list: 70856
name added to list: 70857
name added to list: 70858
name added to list: 70859
name added to list: 70860
name added to list: 70861
name added to list: 70862
name added to list: 70863
name added to list: 70864
name added to list: 70865
name added to list: 70866
name added to list: 70867
name added to list: 70868
name added to list: 70869
name added to list: 70870
name added to list: 70871
name added to list: 70872
name added to list: 70873
name added to list: 70874
name added to list: 70875
name added to list: 70876
name added to list: 70877
name added to list: 70878
name added to list: 70879
name added to list: 70880
name added to list: 70881
name added to list: 70882
name added to list: 70883
name added to list: 70884
name added to list: 70885
name added to list: 70886
name added to list: 70887
name added to list: 70888
name added to list: 70889
name added to list: 70890
name added to list: 70891
name added to list: 70892
name added to list: 70893
name added to list: 70894
name added to list: 70895
name added to list: 70896
name added to list: 70897
name added to list: 70898
name added to list: 70899
name added to list: 70900
name added to list: 70901
name added to list: 70902
name added to list: 70903
name added to list: 70904
name added to list: 70905
name added to list: 70906
name added to list: 70907
name added to list: 70908
name added to list: 70909
name added to list: 70910
name added to list: 70911
name added to list: 70912
name added to list: 70913
name added to list: 70914
name added to list: 70915
name added to list: 70916
name added to list: 70917
name added to list: 70918
name added to list: 70919
name added to list: 70920
name added to list: 70921
name added to list: 70922
name added to list: 70923
name added to list: 70924
name added to list: 70925
name added to list: 70926
name added to list: 70927
name added to list: 70928
name added to list: 70929
name added to list: 70930
name added to list: 70931
name added to list: 70932
name added to list: 70933
name added to list: 70934
name added to list: 70935
name added to list: 70936
name added to list: 70937
name added to list: 70938
name added to list: 70939
name added to list: 70940
name added to list: 70941
name added to list: 70942
name added to list: 70943
name added to list: 70944
name added to list: 70945
name added to list: 70946
name added to list: 70947
name added to list: 70948
name added to list: 70949
name added to list: 70950
name added to list: 70951
name added to list: 70952
name added to list: 70953
name added to list: 70954
name added to list: 70955
name added to list: 70956
name added to list: 70957
name added to list: 70958
name added to list: 70959
name added to list: 70960
name added to list: 70961
name added to list: 70962
name added to list: 70963
name added to list: 70964
name added to list: 70965
name added to list: 70966
name added to list: 70967
name added to list: 70968
name added to list: 70969
name added to list: 70970
name added to list: 70971
name added to list: 70972
name added to list: 70973
name added to list: 70974
name added to list: 70975
name added to list: 70976
name added to list: 70977
name added to list: 70978
name added to list: 70979
name added to list: 70980
name added to list: 70981
name added to list: 70982
name added to list: 70983
name added to list: 70984
name added to list: 70985
name added to list: 70986
name added to list: 70987
name added to list: 70988
name added to list: 70989
name added to list: 70990
name added to list: 70991
name added to list: 70992
name added to list: 70993
name added to list: 70994
name added to list: 70995
name added to list: 70996
name added to list: 70997
name added to list: 70998
name added to list: 70999
name added to list: 71000
name added to list: 71001
name added to list: 71002
name added to list: 71003
name added to list: 71004
name added to list: 71005
name added to list: 71006
name added to list: 71007
name added to list: 71008
name added to list: 71009
name added to list: 71010
name added to list: 71011
name added to list: 71012
name added to list: 71013
name added to list: 71014
name added to list: 71015
name added to list: 71016
name added to list: 71017
name added to list: 71018
name added to list: 71019
name added to list: 71020
name added to list: 71021
name added to list: 71022
name added to list: 71023
name added to list: 71024
name added to list: 71025
name added to list: 71026
name added to list: 71027
name added to list: 71028
name added to list: 71029
name added to list: 71030
name added to list: 71031
name added to list: 71032
name added to list: 71033
name added to list: 71034
name added to list: 71035
name added to list: 71036
name added to list: 71037
name added to list: 71038
name added to list: 71039
name added to list: 71040
name added to list: 71041
name added to list: 71042
name added to list: 71043
name added to list: 71044
name added to list: 71045
name added to list: 71046
name added to list: 71047
name added to list: 71048
name added to list: 71049
name added to list: 71050
name added to list: 71051
name added to list: 71052
name added to list: 71053
name added to list: 71054
name added to list: 71055
name added to list: 71056
name added to list: 71057
name added to list: 71058
name added to list: 71059
name added to list: 71060
name added to list: 71061
name added to list: 71062
name added to list: 71063
name added to list: 71064
name added to list: 71065
name added to list: 71066
name added to list: 71067
name added to list: 71068
name added to list: 71069
name added to list: 71070
name added to list: 71071
name added to list: 71072
name added to list: 71073
name added to list: 71074
name added to list: 71075
name added to list: 71076
name added to list: 71077
name added to list: 71078
name added to list: 71079
name added to list: 71080
name added to list: 71081
name added to list: 71082
name added to list: 71083
name added to list: 71084
name added to list: 71085
name added to list: 71086
name added to list: 71087
name added to list: 71088
name added to list: 71089
name added to list: 71090
name added to list: 71091
name added to list: 71092
name added to list: 71093
name added to list: 71094
name added to list: 71095
name added to list: 71096
name added to list: 71097
name added to list: 71098
name added to list: 71099
name added to list: 71100
name added to list: 71101
name added to list: 71102
name added to list: 71103
name added to list: 71104
name added to list: 71105
name added to list: 71106
name added to list: 71107
name added to list: 71108
name added to list: 71109
name added to list: 71110
name added to list: 71111
name added to list: 71112
name added to list: 71113
name added to list: 71114
name added to list: 71115
name added to list: 71116
name added to list: 71117
name added to list: 71118
name added to list: 71119
name added to list: 71120
name added to list: 71121
name added to list: 71122
name added to list: 71123
name added to list: 71124
name added to list: 71125
name added to list: 71126
name added to list: 71127
name added to list: 71128
name added to list: 71129
name added to list: 71130
name added to list: 71131
name added to list: 71132
name added to list: 71133
name added to list: 71134
name added to list: 71135
name added to list: 71136
name added to list: 71137
name added to list: 71138
name added to list: 71139
name added to list: 71140
name added to list: 71141
name added to list: 71142
name added to list: 71143
name added to list: 71144
name added to list: 71145
name added to list: 71146
name added to list: 71147
name added to list: 71148
name added to list: 71149
name added to list: 71150
name added to list: 71151
name added to list: 71152
name added to list: 71153
name added to list: 71154
name added to list: 71155
name added to list: 71156
name added to list: 71157
name added to list: 71158
name added to list: 71159
name added to list: 71160
name added to list: 71161
name added to list: 71162
name added to list: 71163
name added to list: 71164
name added to list: 71165
name added to list: 71166
name added to list: 71167
name added to list: 71168
name added to list: 71169
name added to list: 71170
name added to list: 71171
name added to list: 71172
name added to list: 71173
name added to list: 71174
name added to list: 71175
name added to list: 71176
name added to list: 71177
name added to list: 71178
name added to list: 71179
name added to list: 71180
name added to list: 71181
name added to list: 71182
name added to list: 71183
name added to list: 71184
name added to list: 71185
name added to list: 71186
name added to list: 71187
name added to list: 71188
name added to list: 71189
name added to list: 71190
name added to list: 71191
name added to list: 71192
name added to list: 71193
name added to list: 71194
name added to list: 71195
name added to list: 71196
name added to list: 71197
name added to list: 71198
name added to list: 71199
name added to list: 71200
name added to list: 71201
name added to list: 71202
name added to list: 71203
name added to list: 71204
name added to list: 71205
name added to list: 71206
name added to list: 71207
name added to list: 71208
name added to list: 71209
name added to list: 71210
name added to list: 71211
name added to list: 71212
name added to list: 71213
name added to list: 71214
name added to list: 71215
name added to list: 71216
name added to list: 71217
name added to list: 71218
name added to list: 71219
name added to list: 71220
name added to list: 71221
name added to list: 71222
name added to list: 71223
name added to list: 71224
name added to list: 71225
name added to list: 71226
name added to list: 71227
name added to list: 71228
name added to list: 71229
name added to list: 71230
name added to list: 71231
name added to list: 71232
name added to list: 71233
name added to list: 71234
name added to list: 71235
name added to list: 71236
name added to list: 71237
name added to list: 71238
name added to list: 71239
name added to list: 71240
name added to list: 71241
name added to list: 71242
name added to list: 71243
name added to list: 71244
name added to list: 71245
name added to list: 71246
name added to list: 71247
name added to list: 71248
name added to list: 71249
name added to list: 71250
name added to list: 71251
name added to list: 71252
name added to list: 71253
name added to list: 71254
name added to list: 71255
name added to list: 71256
name added to list: 71257
name added to list: 71258
name added to list: 71259
name added to list: 71260
name added to list: 71261
name added to list: 71262
name added to list: 71263
name added to list: 71264
name added to list: 71265
name added to list: 71266
name added to list: 71267
name added to list: 71268
name added to list: 71269
name added to list: 71270
name added to list: 71271
name added to list: 71272
name added to list: 71273
name added to list: 71274
name added to list: 71275
name added to list: 71276
name added to list: 71277
name added to list: 71278
name added to list: 71279
name added to list: 71280
name added to list: 71281
name added to list: 71282
name added to list: 71283
name added to list: 71284
name added to list: 71285
name added to list: 71286
name added to list: 71287
name added to list: 71288
name added to list: 71289
name added to list: 71290
name added to list: 71291
name added to list: 71292
name added to list: 71293
name added to list: 71294
name added to list: 71295
name added to list: 71296
name added to list: 71297
name added to list: 71298
name added to list: 71299
name added to list: 71300
name added to list: 71301
name added to list: 71302
name added to list: 71303
name added to list: 71304
name added to list: 71305
name added to list: 71306
name added to list: 71307
name added to list: 71308
name added to list: 71309
name added to list: 71310
name added to list: 71311
name added to list: 71312
name added to list: 71313
name added to list: 71314
name added to list: 71315
name added to list: 71316
name added to list: 71317
name added to list: 71318
name added to list: 71319
name added to list: 71320
name added to list: 71321
name added to list: 71322
name added to list: 71323
name added to list: 71324
name added to list: 71325
name added to list: 71326
name added to list: 71327
name added to list: 71328
name added to list: 71329
name added to list: 71330
name added to list: 71331
name added to list: 71332
name added to list: 71333
name added to list: 71334
name added to list: 71335
name added to list: 71336
name added to list: 71337
name added to list: 71338
name added to list: 71339
name added to list: 71340
name added to list: 71341
name added to list: 71342
name added to list: 71343
name added to list: 71344
name added to list: 71345
name added to list: 71346
name added to list: 71347
name added to list: 71348
name added to list: 71349
name added to list: 71350
name added to list: 71351
name added to list: 71352
name added to list: 71353
name added to list: 71354
name added to list: 71355
name added to list: 71356
name added to list: 71357
name added to list: 71358
name added to list: 71359
name added to list: 71360
name added to list: 71361
name added to list: 71362
name added to list: 71363
name added to list: 71364
name added to list: 71365
name added to list: 71366
name added to list: 71367
name added to list: 71368
name added to list: 71369
name added to list: 71370
name added to list: 71371
name added to list: 71372
name added to list: 71373
name added to list: 71374
name added to list: 71375
name added to list: 71376
name added to list: 71377
name added to list: 71378
name added to list: 71379
name added to list: 71380
name added to list: 71381
name added to list: 71382
name added to list: 71383
name added to list: 71384
name added to list: 71385
name added to list: 71386
name added to list: 71387
name added to list: 71388
name added to list: 71389
name added to list: 71390
name added to list: 71391
name added to list: 71392
name added to list: 71393
name added to list: 71394
name added to list: 71395
name added to list: 71396
name added to list: 71397
name added to list: 71398
name added to list: 71399
name added to list: 71400
name added to list: 71401
name added to list: 71402
name added to list: 71403
name added to list: 71404
name added to list: 71405
name added to list: 71406
name added to list: 71407
name added to list: 71408
name added to list: 71409
name added to list: 71410
name added to list: 71411
name added to list: 71412
name added to list: 71413
name added to list: 71414
name added to list: 71415
name added to list: 71416
name added to list: 71417
name added to list: 71418
name added to list: 71419
name added to list: 71420
name added to list: 71421
name added to list: 71422
name added to list: 71423
name added to list: 71424
name added to list: 71425
name added to list: 71426
name added to list: 71427
name added to list: 71428
name added to list: 71429
name added to list: 71430
name added to list: 71431
name added to list: 71432
name added to list: 71433
name added to list: 71434
name added to list: 71435
name added to list: 71436
name added to list: 71437
name added to list: 71438
name added to list: 71439
name added to list: 71440
name added to list: 71441
name added to list: 71442
name added to list: 71443
name added to list: 71444
name added to list: 71445
name added to list: 71446
name added to list: 71447
name added to list: 71448
name added to list: 71449
name added to list: 71450
name added to list: 71451
name added to list: 71452
name added to list: 71453
name added to list: 71454
name added to list: 71455
name added to list: 71456
name added to list: 71457
name added to list: 71458
name added to list: 71459
name added to list: 71460
name added to list: 71461
name added to list: 71462
name added to list: 71463
name added to list: 71464
name added to list: 71465
name added to list: 71466
name added to list: 71467
name added to list: 71468
name added to list: 71469
name added to list: 71470
name added to list: 71471
name added to list: 71472
name added to list: 71473
name added to list: 71474
name added to list: 71475
name added to list: 71476
name added to list: 71477
name added to list: 71478
name added to list: 71479
name added to list: 71480
name added to list: 71481
name added to list: 71482
name added to list: 71483
name added to list: 71484
name added to list: 71485
name added to list: 71486
name added to list: 71487
name added to list: 71488
name added to list: 71489
name added to list: 71490
name added to list: 71491
name added to list: 71492
name added to list: 71493
name added to list: 71494
name added to list: 71495
name added to list: 71496
name added to list: 71497
name added to list: 71498
name added to list: 71499
name added to list: 71500
name added to list: 71501
name added to list: 71502
name added to list: 71503
name added to list: 71504
name added to list: 71505
name added to list: 71506
name added to list: 71507
name added to list: 71508
name added to list: 71509
name added to list: 71510
name added to list: 71511
name added to list: 71512
name added to list: 71513
name added to list: 71514
name added to list: 71515
name added to list: 71516
name added to list: 71517
name added to list: 71518
name added to list: 71519
name added to list: 71520
name added to list: 71521
name added to list: 71522
name added to list: 71523
name added to list: 71524
name added to list: 71525
name added to list: 71526
name added to list: 71527
name added to list: 71528
name added to list: 71529
name added to list: 71530
name added to list: 71531
name added to list: 71532
name added to list: 71533
name added to list: 71534
name added to list: 71535
name added to list: 71536
name added to list: 71537
name added to list: 71538
name added to list: 71539
name added to list: 71540
name added to list: 71541
name added to list: 71542
name added to list: 71543
name added to list: 71544
name added to list: 71545
name added to list: 71546
name added to list: 71547
name added to list: 71548
name added to list: 71549
name added to list: 71550
name added to list: 71551
name added to list: 71552
name added to list: 71553
name added to list: 71554
name added to list: 71555
name added to list: 71556
name added to list: 71557
name added to list: 71558
name added to list: 71559
name added to list: 71560
name added to list: 71561
name added to list: 71562
name added to list: 71563
name added to list: 71564
name added to list: 71565
name added to list: 71566
name added to list: 71567
name added to list: 71568
name added to list: 71569
name added to list: 71570
name added to list: 71571
name added to list: 71572
name added to list: 71573
name added to list: 71574
name added to list: 71575
name added to list: 71576
name added to list: 71577
name added to list: 71578
name added to list: 71579
name added to list: 71580
name added to list: 71581
name added to list: 71582
name added to list: 71583
name added to list: 71584
name added to list: 71585
name added to list: 71586
name added to list: 71587
name added to list: 71588
name added to list: 71589
name added to list: 71590
name added to list: 71591
name added to list: 71592
name added to list: 71593
name added to list: 71594
name added to list: 71595
name added to list: 71596
name added to list: 71597
name added to list: 71598
name added to list: 71599
name added to list: 71600
name added to list: 71601
name added to list: 71602
name added to list: 71603
name added to list: 71604
name added to list: 71605
name added to list: 71606
name added to list: 71607
name added to list: 71608
name added to list: 71609
name added to list: 71610
name added to list: 71611
name added to list: 71612
name added to list: 71613
name added to list: 71614
name added to list: 71615
name added to list: 71616
name added to list: 71617
name added to list: 71618
name added to list: 71619
name added to list: 71620
name added to list: 71621
name added to list: 71622
name added to list: 71623
name added to list: 71624
name added to list: 71625
name added to list: 71626
name added to list: 71627
name added to list: 71628
name added to list: 71629
name added to list: 71630
name added to list: 71631
name added to list: 71632
name added to list: 71633
name added to list: 71634
name added to list: 71635
name added to list: 71636
name added to list: 71637
name added to list: 71638
name added to list: 71639
name added to list: 71640
name added to list: 71641
name added to list: 71642
name added to list: 71643
name added to list: 71644
name added to list: 71645
name added to list: 71646
name added to list: 71647
name added to list: 71648
name added to list: 71649
name added to list: 71650
name added to list: 71651
name added to list: 71652
name added to list: 71653
name added to list: 71654
name added to list: 71655
name added to list: 71656
name added to list: 71657
name added to list: 71658
name added to list: 71659
name added to list: 71660
name added to list: 71661
name added to list: 71662
name added to list: 71663
name added to list: 71664
name added to list: 71665
name added to list: 71666
name added to list: 71667
name added to list: 71668
name added to list: 71669
name added to list: 71670
name added to list: 71671
name added to list: 71672
name added to list: 71673
name added to list: 71674
name added to list: 71675
name added to list: 71676
name added to list: 71677
name added to list: 71678
name added to list: 71679
name added to list: 71680
name added to list: 71681
name added to list: 71682
name added to list: 71683
name added to list: 71684
name added to list: 71685
name added to list: 71686
name added to list: 71687
name added to list: 71688
name added to list: 71689
name added to list: 71690
name added to list: 71691
name added to list: 71692
name added to list: 71693
name added to list: 71694
name added to list: 71695
name added to list: 71696
name added to list: 71697
name added to list: 71698
name added to list: 71699
name added to list: 71700
name added to list: 71701
name added to list: 71702
name added to list: 71703
name added to list: 71704
name added to list: 71705
name added to list: 71706
name added to list: 71707
name added to list: 71708
name added to list: 71709
name added to list: 71710
name added to list: 71711
name added to list: 71712
name added to list: 71713
name added to list: 71714
name added to list: 71715
name added to list: 71716
name added to list: 71717
name added to list: 71718
name added to list: 71719
name added to list: 71720
name added to list: 71721
name added to list: 71722
name added to list: 71723
name added to list: 71724
name added to list: 71725
name added to list: 71726
name added to list: 71727
name added to list: 71728
name added to list: 71729
name added to list: 71730
name added to list: 71731
name added to list: 71732
name added to list: 71733
name added to list: 71734
name added to list: 71735
name added to list: 71736
name added to list: 71737
name added to list: 71738
name added to list: 71739
name added to list: 71740
name added to list: 71741
name added to list: 71742
name added to list: 71743
name added to list: 71744
name added to list: 71745
name added to list: 71746
name added to list: 71747
name added to list: 71748
name added to list: 71749
name added to list: 71750
name added to list: 71751
name added to list: 71752
name added to list: 71753
name added to list: 71754
name added to list: 71755
name added to list: 71756
name added to list: 71757
name added to list: 71758
name added to list: 71759
name added to list: 71760
name added to list: 71761
name added to list: 71762
name added to list: 71763
name added to list: 71764
name added to list: 71765
name added to list: 71766
name added to list: 71767
name added to list: 71768
name added to list: 71769
name added to list: 71770
name added to list: 71771
name added to list: 71772
name added to list: 71773
name added to list: 71774
name added to list: 71775
name added to list: 71776
name added to list: 71777
name added to list: 71778
name added to list: 71779
name added to list: 71780
name added to list: 71781
name added to list: 71782
name added to list: 71783
name added to list: 71784
name added to list: 71785
name added to list: 71786
name added to list: 71787
name added to list: 71788
name added to list: 71789
name added to list: 71790
name added to list: 71791
name added to list: 71792
name added to list: 71793
name added to list: 71794
name added to list: 71795
name added to list: 71796
name added to list: 71797
name added to list: 71798
name added to list: 71799
name added to list: 71800
name added to list: 71801
name added to list: 71802
name added to list: 71803
name added to list: 71804
name added to list: 71805
name added to list: 71806
name added to list: 71807
name added to list: 71808
name added to list: 71809
name added to list: 71810
name added to list: 71811
name added to list: 71812
name added to list: 71813
name added to list: 71814
name added to list: 71815
name added to list: 71816
name added to list: 71817
name added to list: 71818
name added to list: 71819
name added to list: 71820
name added to list: 71821
name added to list: 71822
name added to list: 71823
name added to list: 71824
name added to list: 71825
name added to list: 71826
name added to list: 71827
name added to list: 71828
name added to list: 71829
name added to list: 71830
name added to list: 71831
name added to list: 71832
name added to list: 71833
name added to list: 71834
name added to list: 71835
name added to list: 71836
name added to list: 71837
name added to list: 71838
name added to list: 71839
name added to list: 71840
name added to list: 71841
name added to list: 71842
name added to list: 71843
name added to list: 71844
name added to list: 71845
name added to list: 71846
name added to list: 71847
name added to list: 71848
name added to list: 71849
name added to list: 71850
name added to list: 71851
name added to list: 71852
name added to list: 71853
name added to list: 71854
name added to list: 71855
name added to list: 71856
name added to list: 71857
name added to list: 71858
name added to list: 71859
name added to list: 71860
name added to list: 71861
name added to list: 71862
name added to list: 71863
name added to list: 71864
name added to list: 71865
name added to list: 71866
name added to list: 71867
name added to list: 71868
name added to list: 71869
name added to list: 71870
name added to list: 71871
name added to list: 71872
name added to list: 71873
name added to list: 71874
name added to list: 71875
name added to list: 71876
name added to list: 71877
name added to list: 71878
name added to list: 71879
name added to list: 71880
name added to list: 71881
name added to list: 71882
name added to list: 71883
name added to list: 71884
name added to list: 71885
name added to list: 71886
name added to list: 71887
name added to list: 71888
name added to list: 71889
name added to list: 71890
name added to list: 71891
name added to list: 71892
name added to list: 71893
name added to list: 71894
name added to list: 71895
name added to list: 71896
name added to list: 71897
name added to list: 71898
name added to list: 71899
name added to list: 71900
name added to list: 71901
name added to list: 71902
name added to list: 71903
name added to list: 71904
name added to list: 71905
name added to list: 71906
name added to list: 71907
name added to list: 71908
name added to list: 71909
name added to list: 71910
name added to list: 71911
name added to list: 71912
name added to list: 71913
name added to list: 71914
name added to list: 71915
name added to list: 71916
name added to list: 71917
name added to list: 71918
name added to list: 71919
name added to list: 71920
name added to list: 71921
name added to list: 71922
name added to list: 71923
name added to list: 71924
name added to list: 71925
name added to list: 71926
name added to list: 71927
name added to list: 71928
name added to list: 71929
name added to list: 71930
name added to list: 71931
name added to list: 71932
name added to list: 71933
name added to list: 71934
name added to list: 71935
name added to list: 71936
name added to list: 71937
name added to list: 71938
name added to list: 71939
name added to list: 71940
name added to list: 71941
name added to list: 71942
name added to list: 71943
name added to list: 71944
name added to list: 71945
name added to list: 71946
name added to list: 71947
name added to list: 71948
name added to list: 71949
name added to list: 71950
name added to list: 71951
name added to list: 71952
name added to list: 71953
name added to list: 71954
name added to list: 71955
name added to list: 71956
name added to list: 71957
name added to list: 71958
name added to list: 71959
name added to list: 71960
name added to list: 71961
name added to list: 71962
name added to list: 71963
name added to list: 71964
name added to list: 71965
name added to list: 71966
name added to list: 71967
name added to list: 71968
name added to list: 71969
name added to list: 71970
name added to list: 71971
name added to list: 71972
name added to list: 71973
name added to list: 71974
name added to list: 71975
name added to list: 71976
name added to list: 71977
name added to list: 71978
name added to list: 71979
name added to list: 71980
name added to list: 71981
name added to list: 71982
name added to list: 71983
name added to list: 71984
name added to list: 71985
name added to list: 71986
name added to list: 71987
name added to list: 71988
name added to list: 71989
name added to list: 71990
name added to list: 71991
name added to list: 71992
name added to list: 71993
name added to list: 71994
name added to list: 71995
name added to list: 71996
name added to list: 71997
name added to list: 71998
name added to list: 71999
name added to list: 72000
name added to list: 72001
name added to list: 72002
name added to list: 72003
name added to list: 72004
name added to list: 72005
name added to list: 72006
name added to list: 72007
name added to list: 72008
name added to list: 72009
name added to list: 72010
name added to list: 72011
name added to list: 72012
name added to list: 72013
name added to list: 72014
name added to list: 72015
name added to list: 72016
name added to list: 72017
name added to list: 72018
name added to list: 72019
name added to list: 72020
name added to list: 72021
name added to list: 72022
name added to list: 72023
name added to list: 72024
name added to list: 72025
name added to list: 72026
name added to list: 72027
name added to list: 72028
name added to list: 72029
name added to list: 72030
name added to list: 72031
name added to list: 72032
name added to list: 72033
name added to list: 72034
name added to list: 72035
name added to list: 72036
name added to list: 72037
name added to list: 72038
name added to list: 72039
name added to list: 72040
name added to list: 72041
name added to list: 72042
name added to list: 72043
name added to list: 72044
name added to list: 72045
name added to list: 72046
name added to list: 72047
name added to list: 72048
name added to list: 72049
name added to list: 72050
name added to list: 72051
name added to list: 72052
name added to list: 72053
name added to list: 72054
name added to list: 72055
name added to list: 72056
name added to list: 72057
name added to list: 72058
name added to list: 72059
name added to list: 72060
name added to list: 72061
name added to list: 72062
name added to list: 72063
name added to list: 72064
name added to list: 72065
name added to list: 72066
name added to list: 72067
name added to list: 72068
name added to list: 72069
name added to list: 72070
name added to list: 72071
name added to list: 72072
name added to list: 72073
name added to list: 72074
name added to list: 72075
name added to list: 72076
name added to list: 72077
name added to list: 72078
name added to list: 72079
name added to list: 72080
name added to list: 72081
name added to list: 72082
name added to list: 72083
name added to list: 72084
name added to list: 72085
name added to list: 72086
name added to list: 72087
name added to list: 72088
name added to list: 72089
name added to list: 72090
name added to list: 72091
name added to list: 72092
name added to list: 72093
name added to list: 72094
name added to list: 72095
name added to list: 72096
name added to list: 72097
name added to list: 72098
name added to list: 72099
name added to list: 72100
name added to list: 72101
name added to list: 72102
name added to list: 72103
name added to list: 72104
name added to list: 72105
name added to list: 72106
name added to list: 72107
name added to list: 72108
name added to list: 72109
name added to list: 72110
name added to list: 72111
name added to list: 72112
name added to list: 72113
name added to list: 72114
name added to list: 72115
name added to list: 72116
name added to list: 72117
name added to list: 72118
name added to list: 72119
name added to list: 72120
name added to list: 72121
name added to list: 72122
name added to list: 72123
name added to list: 72124
name added to list: 72125
name added to list: 72126
name added to list: 72127
name added to list: 72128
name added to list: 72129
name added to list: 72130
name added to list: 72131
name added to list: 72132
name added to list: 72133
name added to list: 72134
name added to list: 72135
name added to list: 72136
name added to list: 72137
name added to list: 72138
name added to list: 72139
name added to list: 72140
name added to list: 72141
name added to list: 72142
name added to list: 72143
name added to list: 72144
name added to list: 72145
name added to list: 72146
name added to list: 72147
name added to list: 72148
name added to list: 72149
name added to list: 72150
name added to list: 72151
name added to list: 72152
name added to list: 72153
name added to list: 72154
name added to list: 72155
name added to list: 72156
name added to list: 72157
name added to list: 72158
name added to list: 72159
name added to list: 72160
name added to list: 72161
name added to list: 72162
name added to list: 72163
name added to list: 72164
name added to list: 72165
name added to list: 72166
name added to list: 72167
name added to list: 72168
name added to list: 72169
name added to list: 72170
name added to list: 72171
name added to list: 72172
name added to list: 72173
name added to list: 72174
name added to list: 72175
name added to list: 72176
name added to list: 72177
name added to list: 72178
name added to list: 72179
name added to list: 72180
name added to list: 72181
name added to list: 72182
name added to list: 72183
name added to list: 72184
name added to list: 72185
name added to list: 72186
name added to list: 72187
name added to list: 72188
name added to list: 72189
name added to list: 72190
name added to list: 72191
name added to list: 72192
name added to list: 72193
name added to list: 72194
name added to list: 72195
name added to list: 72196
name added to list: 72197
name added to list: 72198
name added to list: 72199
name added to list: 72200
name added to list: 72201
name added to list: 72202
name added to list: 72203
name added to list: 72204
name added to list: 72205
name added to list: 72206
name added to list: 72207
name added to list: 72208
name added to list: 72209
name added to list: 72210
name added to list: 72211
name added to list: 72212
name added to list: 72213
name added to list: 72214
name added to list: 72215
name added to list: 72216
name added to list: 72217
name added to list: 72218
name added to list: 72219
name added to list: 72220
name added to list: 72221
name added to list: 72222
name added to list: 72223
name added to list: 72224
name added to list: 72225
name added to list: 72226
name added to list: 72227
name added to list: 72228
name added to list: 72229
name added to list: 72230
name added to list: 72231
name added to list: 72232
name added to list: 72233
name added to list: 72234
name added to list: 72235
name added to list: 72236
name added to list: 72237
name added to list: 72238
name added to list: 72239
name added to list: 72240
name added to list: 72241
name added to list: 72242
name added to list: 72243
name added to list: 72244
name added to list: 72245
name added to list: 72246
name added to list: 72247
name added to list: 72248
name added to list: 72249
name added to list: 72250
name added to list: 72251
name added to list: 72252
name added to list: 72253
name added to list: 72254
name added to list: 72255
name added to list: 72256
name added to list: 72257
name added to list: 72258
name added to list: 72259
name added to list: 72260
name added to list: 72261
name added to list: 72262
name added to list: 72263
name added to list: 72264
name added to list: 72265
name added to list: 72266
name added to list: 72267
name added to list: 72268
name added to list: 72269
name added to list: 72270
name added to list: 72271
name added to list: 72272
name added to list: 72273
name added to list: 72274
name added to list: 72275
name added to list: 72276
name added to list: 72277
name added to list: 72278
name added to list: 72279
name added to list: 72280
name added to list: 72281
name added to list: 72282
name added to list: 72283
name added to list: 72284
name added to list: 72285
name added to list: 72286
name added to list: 72287
name added to list: 72288
name added to list: 72289
name added to list: 72290
name added to list: 72291
name added to list: 72292
name added to list: 72293
name added to list: 72294
name added to list: 72295
name added to list: 72296
name added to list: 72297
name added to list: 72298
name added to list: 72299
name added to list: 72300
name added to list: 72301
name added to list: 72302
name added to list: 72303
name added to list: 72304
name added to list: 72305
name added to list: 72306
name added to list: 72307
name added to list: 72308
name added to list: 72309
name added to list: 72310
name added to list: 72311
name added to list: 72312
name added to list: 72313
name added to list: 72314
name added to list: 72315
name added to list: 72316
name added to list: 72317
name added to list: 72318
name added to list: 72319
name added to list: 72320
name added to list: 72321
name added to list: 72322
name added to list: 72323
name added to list: 72324
name added to list: 72325
name added to list: 72326
name added to list: 72327
name added to list: 72328
name added to list: 72329
name added to list: 72330
name added to list: 72331
name added to list: 72332
name added to list: 72333
name added to list: 72334
name added to list: 72335
name added to list: 72336
name added to list: 72337
name added to list: 72338
name added to list: 72339
name added to list: 72340
name added to list: 72341
name added to list: 72342
name added to list: 72343
name added to list: 72344
name added to list: 72345
name added to list: 72346
name added to list: 72347
name added to list: 72348
name added to list: 72349
name added to list: 72350
name added to list: 72351
name added to list: 72352
name added to list: 72353
name added to list: 72354
name added to list: 72355
name added to list: 72356
name added to list: 72357
name added to list: 72358
name added to list: 72359
name added to list: 72360
name added to list: 72361
name added to list: 72362
name added to list: 72363
name added to list: 72364
name added to list: 72365
name added to list: 72366
name added to list: 72367
name added to list: 72368
name added to list: 72369
name added to list: 72370
name added to list: 72371
name added to list: 72372
name added to list: 72373
name added to list: 72374
name added to list: 72375
name added to list: 72376
name added to list: 72377
name added to list: 72378
name added to list: 72379
name added to list: 72380
name added to list: 72381
name added to list: 72382
name added to list: 72383
name added to list: 72384
name added to list: 72385
name added to list: 72386
name added to list: 72387
name added to list: 72388
name added to list: 72389
name added to list: 72390
name added to list: 72391
name added to list: 72392
name added to list: 72393
name added to list: 72394
name added to list: 72395
name added to list: 72396
name added to list: 72397
name added to list: 72398
name added to list: 72399
name added to list: 72400
name added to list: 72401
name added to list: 72402
name added to list: 72403
name added to list: 72404
name added to list: 72405
name added to list: 72406
name added to list: 72407
name added to list: 72408
name added to list: 72409
name added to list: 72410
name added to list: 72411
name added to list: 72412
name added to list: 72413
name added to list: 72414
name added to list: 72415
name added to list: 72416
name added to list: 72417
name added to list: 72418
name added to list: 72419
name added to list: 72420
name added to list: 72421
name added to list: 72422
name added to list: 72423
name added to list: 72424
name added to list: 72425
name added to list: 72426
name added to list: 72427
name added to list: 72428
name added to list: 72429
name added to list: 72430
name added to list: 72431
name added to list: 72432
name added to list: 72433
name added to list: 72434
name added to list: 72435
name added to list: 72436
name added to list: 72437
name added to list: 72438
name added to list: 72439
name added to list: 72440
name added to list: 72441
name added to list: 72442
name added to list: 72443
name added to list: 72444
name added to list: 72445
name added to list: 72446
name added to list: 72447
name added to list: 72448
name added to list: 72449
name added to list: 72450
name added to list: 72451
name added to list: 72452
name added to list: 72453
name added to list: 72454
name added to list: 72455
name added to list: 72456
name added to list: 72457
name added to list: 72458
name added to list: 72459
name added to list: 72460
name added to list: 72461
name added to list: 72462
name added to list: 72463
name added to list: 72464
name added to list: 72465
name added to list: 72466
name added to list: 72467
name added to list: 72468
name added to list: 72469
name added to list: 72470
name added to list: 72471
name added to list: 72472
name added to list: 72473
name added to list: 72474
name added to list: 72475
name added to list: 72476
name added to list: 72477
name added to list: 72478
name added to list: 72479
name added to list: 72480
name added to list: 72481
name added to list: 72482
name added to list: 72483
name added to list: 72484
name added to list: 72485
name added to list: 72486
name added to list: 72487
name added to list: 72488
name added to list: 72489
name added to list: 72490
name added to list: 72491
name added to list: 72492
name added to list: 72493
name added to list: 72494
name added to list: 72495
name added to list: 72496
name added to list: 72497
name added to list: 72498
name added to list: 72499
name added to list: 72500
name added to list: 72501
name added to list: 72502
name added to list: 72503
name added to list: 72504
name added to list: 72505
name added to list: 72506
name added to list: 72507
name added to list: 72508
name added to list: 72509
name added to list: 72510
name added to list: 72511
name added to list: 72512
name added to list: 72513
name added to list: 72514
name added to list: 72515
name added to list: 72516
name added to list: 72517
name added to list: 72518
name added to list: 72519
name added to list: 72520
name added to list: 72521
name added to list: 72522
name added to list: 72523
name added to list: 72524
name added to list: 72525
name added to list: 72526
name added to list: 72527
name added to list: 72528
name added to list: 72529
name added to list: 72530
name added to list: 72531
name added to list: 72532
name added to list: 72533
name added to list: 72534
name added to list: 72535
name added to list: 72536
name added to list: 72537
name added to list: 72538
name added to list: 72539
name added to list: 72540
name added to list: 72541
name added to list: 72542
name added to list: 72543
name added to list: 72544
name added to list: 72545
name added to list: 72546
name added to list: 72547
name added to list: 72548
name added to list: 72549
name added to list: 72550
name added to list: 72551
name added to list: 72552
name added to list: 72553
name added to list: 72554
name added to list: 72555
name added to list: 72556
name added to list: 72557
name added to list: 72558
name added to list: 72559
name added to list: 72560
name added to list: 72561
name added to list: 72562
name added to list: 72563
name added to list: 72564
name added to list: 72565
name added to list: 72566
name added to list: 72567
name added to list: 72568
name added to list: 72569
name added to list: 72570
name added to list: 72571
name added to list: 72572
name added to list: 72573
name added to list: 72574
name added to list: 72575
name added to list: 72576
name added to list: 72577
name added to list: 72578
name added to list: 72579
name added to list: 72580
name added to list: 72581
name added to list: 72582
name added to list: 72583
name added to list: 72584
name added to list: 72585
name added to list: 72586
name added to list: 72587
name added to list: 72588
name added to list: 72589
name added to list: 72590
name added to list: 72591
name added to list: 72592
name added to list: 72593
name added to list: 72594
name added to list: 72595
name added to list: 72596
name added to list: 72597
name added to list: 72598
name added to list: 72599
name added to list: 72600
name added to list: 72601
name added to list: 72602
name added to list: 72603
name added to list: 72604
name added to list: 72605
name added to list: 72606
name added to list: 72607
name added to list: 72608
name added to list: 72609
name added to list: 72610
name added to list: 72611
name added to list: 72612
name added to list: 72613
name added to list: 72614
name added to list: 72615
name added to list: 72616
name added to list: 72617
name added to list: 72618
name added to list: 72619
name added to list: 72620
name added to list: 72621
name added to list: 72622
name added to list: 72623
name added to list: 72624
name added to list: 72625
name added to list: 72626
name added to list: 72627
name added to list: 72628
name added to list: 72629
name added to list: 72630
name added to list: 72631
name added to list: 72632
name added to list: 72633
name added to list: 72634
name added to list: 72635
name added to list: 72636
name added to list: 72637
name added to list: 72638
name added to list: 72639
name added to list: 72640
name added to list: 72641
name added to list: 72642
name added to list: 72643
name added to list: 72644
name added to list: 72645
name added to list: 72646
name added to list: 72647
name added to list: 72648
name added to list: 72649
name added to list: 72650
name added to list: 72651
name added to list: 72652
name added to list: 72653
name added to list: 72654
name added to list: 72655
name added to list: 72656
name added to list: 72657
name added to list: 72658
name added to list: 72659
name added to list: 72660
name added to list: 72661
name added to list: 72662
name added to list: 72663
name added to list: 72664
name added to list: 72665
name added to list: 72666
name added to list: 72667
name added to list: 72668
name added to list: 72669
name added to list: 72670
name added to list: 72671
name added to list: 72672
name added to list: 72673
name added to list: 72674
name added to list: 72675
name added to list: 72676
name added to list: 72677
name added to list: 72678
name added to list: 72679
name added to list: 72680
name added to list: 72681
name added to list: 72682
name added to list: 72683
name added to list: 72684
name added to list: 72685
name added to list: 72686
name added to list: 72687
name added to list: 72688
name added to list: 72689
name added to list: 72690
name added to list: 72691
name added to list: 72692
name added to list: 72693
name added to list: 72694
name added to list: 72695
name added to list: 72696
name added to list: 72697
name added to list: 72698
name added to list: 72699
name added to list: 72700
name added to list: 72701
name added to list: 72702
name added to list: 72703
name added to list: 72704
name added to list: 72705
name added to list: 72706
name added to list: 72707
name added to list: 72708
name added to list: 72709
name added to list: 72710
name added to list: 72711
name added to list: 72712
name added to list: 72713
name added to list: 72714
name added to list: 72715
name added to list: 72716
name added to list: 72717
name added to list: 72718
name added to list: 72719
name added to list: 72720
name added to list: 72721
name added to list: 72722
name added to list: 72723
name added to list: 72724
name added to list: 72725
name added to list: 72726
name added to list: 72727
name added to list: 72728
name added to list: 72729
name added to list: 72730
name added to list: 72731
name added to list: 72732
name added to list: 72733
name added to list: 72734
name added to list: 72735
name added to list: 72736
name added to list: 72737
name added to list: 72738
name added to list: 72739
name added to list: 72740
name added to list: 72741
name added to list: 72742
name added to list: 72743
name added to list: 72744
name added to list: 72745
name added to list: 72746
name added to list: 72747
name added to list: 72748
name added to list: 72749
name added to list: 72750
name added to list: 72751
name added to list: 72752
name added to list: 72753
name added to list: 72754
name added to list: 72755
name added to list: 72756
name added to list: 72757
name added to list: 72758
name added to list: 72759
name added to list: 72760
name added to list: 72761
name added to list: 72762
name added to list: 72763
name added to list: 72764
name added to list: 72765
name added to list: 72766
name added to list: 72767
name added to list: 72768
name added to list: 72769
name added to list: 72770
name added to list: 72771
name added to list: 72772
name added to list: 72773
name added to list: 72774
name added to list: 72775
name added to list: 72776
name added to list: 72777
name added to list: 72778
name added to list: 72779
name added to list: 72780
name added to list: 72781
name added to list: 72782
name added to list: 72783
name added to list: 72784
name added to list: 72785
name added to list: 72786
name added to list: 72787
name added to list: 72788
name added to list: 72789
name added to list: 72790
name added to list: 72791
name added to list: 72792
name added to list: 72793
name added to list: 72794
name added to list: 72795
name added to list: 72796
name added to list: 72797
name added to list: 72798
name added to list: 72799
name added to list: 72800
name added to list: 72801
name added to list: 72802
name added to list: 72803
name added to list: 72804
name added to list: 72805
name added to list: 72806
name added to list: 72807
name added to list: 72808
name added to list: 72809
name added to list: 72810
name added to list: 72811
name added to list: 72812
name added to list: 72813
name added to list: 72814
name added to list: 72815
name added to list: 72816
name added to list: 72817
name added to list: 72818
name added to list: 72819
name added to list: 72820
name added to list: 72821
name added to list: 72822
name added to list: 72823
name added to list: 72824
name added to list: 72825
name added to list: 72826
name added to list: 72827
name added to list: 72828
name added to list: 72829
name added to list: 72830
name added to list: 72831
name added to list: 72832
name added to list: 72833
name added to list: 72834
name added to list: 72835
name added to list: 72836
name added to list: 72837
name added to list: 72838
name added to list: 72839
name added to list: 72840
name added to list: 72841
name added to list: 72842
name added to list: 72843
name added to list: 72844
name added to list: 72845
name added to list: 72846
name added to list: 72847
name added to list: 72848
name added to list: 72849
name added to list: 72850
name added to list: 72851
name added to list: 72852
name added to list: 72853
name added to list: 72854
name added to list: 72855
name added to list: 72856
name added to list: 72857
name added to list: 72858
name added to list: 72859
name added to list: 72860
name added to list: 72861
name added to list: 72862
name added to list: 72863
name added to list: 72864
name added to list: 72865
name added to list: 72866
name added to list: 72867
name added to list: 72868
name added to list: 72869
name added to list: 72870
name added to list: 72871
name added to list: 72872
name added to list: 72873
name added to list: 72874
name added to list: 72875
name added to list: 72876
name added to list: 72877
name added to list: 72878
name added to list: 72879
name added to list: 72880
name added to list: 72881
name added to list: 72882
name added to list: 72883
name added to list: 72884
name added to list: 72885
name added to list: 72886
name added to list: 72887
name added to list: 72888
name added to list: 72889
name added to list: 72890
name added to list: 72891
name added to list: 72892
name added to list: 72893
name added to list: 72894
name added to list: 72895
name added to list: 72896
name added to list: 72897
name added to list: 72898
name added to list: 72899
name added to list: 72900
name added to list: 72901
name added to list: 72902
name added to list: 72903
name added to list: 72904
name added to list: 72905
name added to list: 72906
name added to list: 72907
name added to list: 72908
name added to list: 72909
name added to list: 72910
name added to list: 72911
name added to list: 72912
name added to list: 72913
name added to list: 72914
name added to list: 72915
name added to list: 72916
name added to list: 72917
name added to list: 72918
name added to list: 72919
name added to list: 72920
name added to list: 72921
name added to list: 72922
name added to list: 72923
name added to list: 72924
name added to list: 72925
name added to list: 72926
name added to list: 72927
name added to list: 72928
name added to list: 72929
name added to list: 72930
name added to list: 72931
name added to list: 72932
name added to list: 72933
name added to list: 72934
name added to list: 72935
name added to list: 72936
name added to list: 72937
name added to list: 72938
name added to list: 72939
name added to list: 72940
name added to list: 72941
name added to list: 72942
name added to list: 72943
name added to list: 72944
name added to list: 72945
name added to list: 72946
name added to list: 72947
name added to list: 72948
name added to list: 72949
name added to list: 72950
name added to list: 72951
name added to list: 72952
name added to list: 72953
name added to list: 72954
name added to list: 72955
name added to list: 72956
name added to list: 72957
name added to list: 72958
name added to list: 72959
name added to list: 72960
name added to list: 72961
name added to list: 72962
name added to list: 72963
name added to list: 72964
name added to list: 72965
name added to list: 72966
name added to list: 72967
name added to list: 72968
name added to list: 72969
name added to list: 72970
name added to list: 72971
name added to list: 72972
name added to list: 72973
name added to list: 72974
name added to list: 72975
name added to list: 72976
name added to list: 72977
name added to list: 72978
name added to list: 72979
name added to list: 72980
name added to list: 72981
name added to list: 72982
name added to list: 72983
name added to list: 72984
name added to list: 72985
name added to list: 72986
name added to list: 72987
name added to list: 72988
name added to list: 72989
name added to list: 72990
name added to list: 72991
name added to list: 72992
name added to list: 72993
name added to list: 72994
name added to list: 72995
name added to list: 72996
name added to list: 72997
name added to list: 72998
name added to list: 72999
name added to list: 73000
name added to list: 73001
name added to list: 73002
name added to list: 73003
name added to list: 73004
name added to list: 73005
name added to list: 73006
name added to list: 73007
name added to list: 73008
name added to list: 73009
name added to list: 73010
name added to list: 73011
name added to list: 73012
name added to list: 73013
name added to list: 73014
name added to list: 73015
name added to list: 73016
name added to list: 73017
name added to list: 73018
name added to list: 73019
name added to list: 73020
name added to list: 73021
name added to list: 73022
name added to list: 73023
name added to list: 73024
name added to list: 73025
name added to list: 73026
name added to list: 73027
name added to list: 73028
name added to list: 73029
name added to list: 73030
name added to list: 73031
name added to list: 73032
name added to list: 73033
name added to list: 73034
name added to list: 73035
name added to list: 73036
name added to list: 73037
name added to list: 73038
name added to list: 73039
name added to list: 73040
name added to list: 73041
name added to list: 73042
name added to list: 73043
name added to list: 73044
name added to list: 73045
name added to list: 73046
name added to list: 73047
name added to list: 73048
name added to list: 73049
name added to list: 73050
name added to list: 73051
name added to list: 73052
name added to list: 73053
name added to list: 73054
name added to list: 73055
name added to list: 73056
name added to list: 73057
name added to list: 73058
name added to list: 73059
name added to list: 73060
name added to list: 73061
name added to list: 73062
name added to list: 73063
name added to list: 73064
name added to list: 73065
name added to list: 73066
name added to list: 73067
name added to list: 73068
name added to list: 73069
name added to list: 73070
name added to list: 73071
name added to list: 73072
name added to list: 73073
name added to list: 73074
name added to list: 73075
name added to list: 73076
name added to list: 73077
name added to list: 73078
name added to list: 73079
name added to list: 73080
name added to list: 73081
name added to list: 73082
name added to list: 73083
name added to list: 73084
name added to list: 73085
name added to list: 73086
name added to list: 73087
name added to list: 73088
name added to list: 73089
name added to list: 73090
name added to list: 73091
name added to list: 73092
name added to list: 73093
name added to list: 73094
name added to list: 73095
name added to list: 73096
name added to list: 73097
name added to list: 73098
name added to list: 73099
name added to list: 73100
name added to list: 73101
name added to list: 73102
name added to list: 73103
name added to list: 73104
name added to list: 73105
name added to list: 73106
name added to list: 73107
name added to list: 73108
name added to list: 73109
name added to list: 73110
name added to list: 73111
name added to list: 73112
name added to list: 73113
name added to list: 73114
name added to list: 73115
name added to list: 73116
name added to list: 73117
name added to list: 73118
name added to list: 73119
name added to list: 73120
name added to list: 73121
name added to list: 73122
name added to list: 73123
name added to list: 73124
name added to list: 73125
name added to list: 73126
name added to list: 73127
name added to list: 73128
name added to list: 73129
name added to list: 73130
name added to list: 73131
name added to list: 73132
name added to list: 73133
name added to list: 73134
name added to list: 73135
name added to list: 73136
name added to list: 73137
name added to list: 73138
name added to list: 73139
name added to list: 73140
name added to list: 73141
name added to list: 73142
name added to list: 73143
name added to list: 73144
name added to list: 73145
name added to list: 73146
name added to list: 73147
name added to list: 73148
name added to list: 73149
name added to list: 73150
name added to list: 73151
name added to list: 73152
name added to list: 73153
name added to list: 73154
name added to list: 73155
name added to list: 73156
name added to list: 73157
name added to list: 73158
name added to list: 73159
name added to list: 73160
name added to list: 73161
name added to list: 73162
name added to list: 73163
name added to list: 73164
name added to list: 73165
name added to list: 73166
name added to list: 73167
name added to list: 73168
name added to list: 73169
name added to list: 73170
name added to list: 73171
name added to list: 73172
name added to list: 73173
name added to list: 73174
name added to list: 73175
name added to list: 73176
name added to list: 73177
name added to list: 73178
name added to list: 73179
name added to list: 73180
name added to list: 73181
name added to list: 73182
name added to list: 73183
name added to list: 73184
name added to list: 73185
name added to list: 73186
name added to list: 73187
name added to list: 73188
name added to list: 73189
name added to list: 73190
name added to list: 73191
name added to list: 73192
name added to list: 73193
name added to list: 73194
name added to list: 73195
name added to list: 73196
name added to list: 73197
name added to list: 73198
name added to list: 73199
name added to list: 73200
name added to list: 73201
name added to list: 73202
name added to list: 73203
name added to list: 73204
name added to list: 73205
name added to list: 73206
name added to list: 73207
name added to list: 73208
name added to list: 73209
name added to list: 73210
name added to list: 73211
name added to list: 73212
name added to list: 73213
name added to list: 73214
name added to list: 73215
name added to list: 73216
name added to list: 73217
name added to list: 73218
name added to list: 73219
name added to list: 73220
name added to list: 73221
name added to list: 73222
name added to list: 73223
name added to list: 73224
name added to list: 73225
name added to list: 73226
name added to list: 73227
name added to list: 73228
name added to list: 73229
name added to list: 73230
name added to list: 73231
name added to list: 73232
name added to list: 73233
name added to list: 73234
name added to list: 73235
name added to list: 73236
name added to list: 73237
name added to list: 73238
name added to list: 73239
name added to list: 73240
name added to list: 73241
name added to list: 73242
name added to list: 73243
name added to list: 73244
name added to list: 73245
name added to list: 73246
name added to list: 73247
name added to list: 73248
name added to list: 73249
name added to list: 73250
name added to list: 73251
name added to list: 73252
name added to list: 73253
name added to list: 73254
name added to list: 73255
name added to list: 73256
name added to list: 73257
name added to list: 73258
name added to list: 73259
name added to list: 73260
name added to list: 73261
name added to list: 73262
name added to list: 73263
name added to list: 73264
name added to list: 73265
name added to list: 73266
name added to list: 73267
name added to list: 73268
name added to list: 73269
name added to list: 73270
name added to list: 73271
name added to list: 73272
name added to list: 73273
name added to list: 73274
name added to list: 73275
name added to list: 73276
name added to list: 73277
name added to list: 73278
name added to list: 73279
name added to list: 73280
name added to list: 73281
name added to list: 73282
name added to list: 73283
name added to list: 73284
name added to list: 73285
name added to list: 73286
name added to list: 73287
name added to list: 73288
name added to list: 73289
name added to list: 73290
name added to list: 73291
name added to list: 73292
name added to list: 73293
name added to list: 73294
name added to list: 73295
name added to list: 73296
name added to list: 73297
name added to list: 73298
name added to list: 73299
name added to list: 73300
name added to list: 73301
name added to list: 73302
name added to list: 73303
name added to list: 73304
name added to list: 73305
name added to list: 73306
name added to list: 73307
name added to list: 73308
name added to list: 73309
name added to list: 73310
name added to list: 73311
name added to list: 73312
name added to list: 73313
name added to list: 73314
name added to list: 73315
name added to list: 73316
name added to list: 73317
name added to list: 73318
name added to list: 73319
name added to list: 73320
name added to list: 73321
name added to list: 73322
name added to list: 73323
name added to list: 73324
name added to list: 73325
name added to list: 73326
name added to list: 73327
name added to list: 73328
name added to list: 73329
name added to list: 73330
name added to list: 73331
name added to list: 73332
name added to list: 73333
name added to list: 73334
name added to list: 73335
name added to list: 73336
name added to list: 73337
name added to list: 73338
name added to list: 73339
name added to list: 73340
name added to list: 73341
name added to list: 73342
name added to list: 73343
name added to list: 73344
name added to list: 73345
name added to list: 73346
name added to list: 73347
name added to list: 73348
name added to list: 73349
name added to list: 73350
name added to list: 73351
name added to list: 73352
name added to list: 73353
name added to list: 73354
name added to list: 73355
name added to list: 73356
name added to list: 73357
name added to list: 73358
name added to list: 73359
name added to list: 73360
name added to list: 73361
name added to list: 73362
name added to list: 73363
name added to list: 73364
name added to list: 73365
name added to list: 73366
name added to list: 73367
name added to list: 73368
name added to list: 73369
name added to list: 73370
name added to list: 73371
name added to list: 73372
name added to list: 73373
name added to list: 73374
name added to list: 73375
name added to list: 73376
name added to list: 73377
name added to list: 73378
name added to list: 73379
name added to list: 73380
name added to list: 73381
name added to list: 73382
name added to list: 73383
name added to list: 73384
name added to list: 73385
name added to list: 73386
name added to list: 73387
name added to list: 73388
name added to list: 73389
name added to list: 73390
name added to list: 73391
name added to list: 73392
name added to list: 73393
name added to list: 73394
name added to list: 73395
name added to list: 73396
name added to list: 73397
name added to list: 73398
name added to list: 73399
name added to list: 73400
name added to list: 73401
name added to list: 73402
name added to list: 73403
name added to list: 73404
name added to list: 73405
name added to list: 73406
name added to list: 73407
name added to list: 73408
name added to list: 73409
name added to list: 73410
name added to list: 73411
name added to list: 73412
name added to list: 73413
name added to list: 73414
name added to list: 73415
name added to list: 73416
name added to list: 73417
name added to list: 73418
name added to list: 73419
name added to list: 73420
name added to list: 73421
name added to list: 73422
name added to list: 73423
name added to list: 73424
name added to list: 73425
name added to list: 73426
name added to list: 73427
name added to list: 73428
name added to list: 73429
name added to list: 73430
name added to list: 73431
name added to list: 73432
name added to list: 73433
name added to list: 73434
name added to list: 73435
name added to list: 73436
name added to list: 73437
name added to list: 73438
name added to list: 73439
name added to list: 73440
name added to list: 73441
name added to list: 73442
name added to list: 73443
name added to list: 73444
name added to list: 73445
name added to list: 73446
name added to list: 73447
name added to list: 73448
name added to list: 73449
name added to list: 73450
name added to list: 73451
name added to list: 73452
name added to list: 73453
name added to list: 73454
name added to list: 73455
name added to list: 73456
name added to list: 73457
name added to list: 73458
name added to list: 73459
name added to list: 73460
name added to list: 73461
name added to list: 73462
name added to list: 73463
name added to list: 73464
name added to list: 73465
name added to list: 73466
name added to list: 73467
name added to list: 73468
name added to list: 73469
name added to list: 73470
name added to list: 73471
name added to list: 73472
name added to list: 73473
name added to list: 73474
name added to list: 73475
name added to list: 73476
name added to list: 73477
name added to list: 73478
name added to list: 73479
name added to list: 73480
name added to list: 73481
name added to list: 73482
name added to list: 73483
name added to list: 73484
name added to list: 73485
name added to list: 73486
name added to list: 73487
name added to list: 73488
name added to list: 73489
name added to list: 73490
name added to list: 73491
name added to list: 73492
name added to list: 73493
name added to list: 73494
name added to list: 73495
name added to list: 73496
name added to list: 73497
name added to list: 73498
name added to list: 73499
name added to list: 73500
name added to list: 73501
name added to list: 73502
name added to list: 73503
name added to list: 73504
name added to list: 73505
name added to list: 73506
name added to list: 73507
name added to list: 73508
name added to list: 73509
name added to list: 73510
name added to list: 73511
name added to list: 73512
name added to list: 73513
name added to list: 73514
name added to list: 73515
name added to list: 73516
name added to list: 73517
name added to list: 73518
name added to list: 73519
name added to list: 73520
name added to list: 73521
name added to list: 73522
name added to list: 73523
name added to list: 73524
name added to list: 73525
name added to list: 73526
name added to list: 73527
name added to list: 73528
name added to list: 73529
name added to list: 73530
name added to list: 73531
name added to list: 73532
name added to list: 73533
name added to list: 73534
name added to list: 73535
name added to list: 73536
name added to list: 73537
name added to list: 73538
name added to list: 73539
name added to list: 73540
name added to list: 73541
name added to list: 73542
name added to list: 73543
name added to list: 73544
name added to list: 73545
name added to list: 73546
name added to list: 73547
name added to list: 73548
name added to list: 73549
name added to list: 73550
name added to list: 73551
name added to list: 73552
name added to list: 73553
name added to list: 73554
name added to list: 73555
name added to list: 73556
name added to list: 73557
name added to list: 73558
name added to list: 73559
name added to list: 73560
name added to list: 73561
name added to list: 73562
name added to list: 73563
name added to list: 73564
name added to list: 73565
name added to list: 73566
name added to list: 73567
name added to list: 73568
name added to list: 73569
name added to list: 73570
name added to list: 73571
name added to list: 73572
name added to list: 73573
name added to list: 73574
name added to list: 73575
name added to list: 73576
name added to list: 73577
name added to list: 73578
name added to list: 73579
name added to list: 73580
name added to list: 73581
name added to list: 73582
name added to list: 73583
name added to list: 73584
name added to list: 73585
name added to list: 73586
name added to list: 73587
name added to list: 73588
name added to list: 73589
name added to list: 73590
name added to list: 73591
name added to list: 73592
name added to list: 73593
name added to list: 73594
name added to list: 73595
name added to list: 73596
name added to list: 73597
name added to list: 73598
name added to list: 73599
name added to list: 73600
name added to list: 73601
name added to list: 73602
name added to list: 73603
name added to list: 73604
name added to list: 73605
name added to list: 73606
name added to list: 73607
name added to list: 73608
name added to list: 73609
name added to list: 73610
name added to list: 73611
name added to list: 73612
name added to list: 73613
name added to list: 73614
name added to list: 73615
name added to list: 73616
name added to list: 73617
name added to list: 73618
name added to list: 73619
name added to list: 73620
name added to list: 73621
name added to list: 73622
name added to list: 73623
name added to list: 73624
name added to list: 73625
name added to list: 73626
name added to list: 73627
name added to list: 73628
name added to list: 73629
name added to list: 73630
name added to list: 73631
name added to list: 73632
name added to list: 73633
name added to list: 73634
name added to list: 73635
name added to list: 73636
name added to list: 73637
name added to list: 73638
name added to list: 73639
name added to list: 73640
name added to list: 73641
name added to list: 73642
name added to list: 73643
name added to list: 73644
name added to list: 73645
name added to list: 73646
name added to list: 73647
name added to list: 73648
name added to list: 73649
name added to list: 73650
name added to list: 73651
name added to list: 73652
name added to list: 73653
name added to list: 73654
name added to list: 73655
name added to list: 73656
name added to list: 73657
name added to list: 73658
name added to list: 73659
name added to list: 73660
name added to list: 73661
name added to list: 73662
name added to list: 73663
name added to list: 73664
name added to list: 73665
name added to list: 73666
name added to list: 73667
name added to list: 73668
name added to list: 73669
name added to list: 73670
name added to list: 73671
name added to list: 73672
name added to list: 73673
name added to list: 73674
name added to list: 73675
name added to list: 73676
name added to list: 73677
name added to list: 73678
name added to list: 73679
name added to list: 73680
name added to list: 73681
name added to list: 73682
name added to list: 73683
name added to list: 73684
name added to list: 73685
name added to list: 73686
name added to list: 73687
name added to list: 73688
name added to list: 73689
name added to list: 73690
name added to list: 73691
name added to list: 73692
name added to list: 73693
name added to list: 73694
name added to list: 73695
name added to list: 73696
name added to list: 73697
name added to list: 73698
name added to list: 73699
name added to list: 73700
name added to list: 73701
name added to list: 73702
name added to list: 73703
name added to list: 73704
name added to list: 73705
name added to list: 73706
name added to list: 73707
name added to list: 73708
name added to list: 73709
name added to list: 73710
name added to list: 73711
name added to list: 73712
name added to list: 73713
name added to list: 73714
name added to list: 73715
name added to list: 73716
name added to list: 73717
name added to list: 73718
name added to list: 73719
name added to list: 73720
name added to list: 73721
name added to list: 73722
name added to list: 73723
name added to list: 73724
name added to list: 73725
name added to list: 73726
name added to list: 73727
name added to list: 73728
name added to list: 73729
name added to list: 73730
name added to list: 73731
name added to list: 73732
name added to list: 73733
name added to list: 73734
name added to list: 73735
name added to list: 73736
name added to list: 73737
name added to list: 73738
name added to list: 73739
name added to list: 73740
name added to list: 73741
name added to list: 73742
name added to list: 73743
name added to list: 73744
name added to list: 73745
name added to list: 73746
name added to list: 73747
name added to list: 73748
name added to list: 73749
name added to list: 73750
name added to list: 73751
name added to list: 73752
name added to list: 73753
name added to list: 73754
name added to list: 73755
name added to list: 73756
name added to list: 73757
name added to list: 73758
name added to list: 73759
name added to list: 73760
name added to list: 73761
name added to list: 73762
name added to list: 73763
name added to list: 73764
name added to list: 73765
name added to list: 73766
name added to list: 73767
name added to list: 73768
name added to list: 73769
name added to list: 73770
name added to list: 73771
name added to list: 73772
name added to list: 73773
name added to list: 73774
name added to list: 73775
name added to list: 73776
name added to list: 73777
name added to list: 73778
name added to list: 73779
name added to list: 73780
name added to list: 73781
name added to list: 73782
name added to list: 73783
name added to list: 73784
name added to list: 73785
name added to list: 73786
name added to list: 73787
name added to list: 73788
name added to list: 73789
name added to list: 73790
name added to list: 73791
name added to list: 73792
name added to list: 73793
name added to list: 73794
name added to list: 73795
name added to list: 73796
name added to list: 73797
name added to list: 73798
name added to list: 73799
name added to list: 73800
name added to list: 73801
name added to list: 73802
name added to list: 73803
name added to list: 73804
name added to list: 73805
name added to list: 73806
name added to list: 73807
name added to list: 73808
name added to list: 73809
name added to list: 73810
name added to list: 73811
name added to list: 73812
name added to list: 73813
name added to list: 73814
name added to list: 73815
name added to list: 73816
name added to list: 73817
name added to list: 73818
name added to list: 73819
name added to list: 73820
name added to list: 73821
name added to list: 73822
name added to list: 73823
name added to list: 73824
name added to list: 73825
name added to list: 73826
name added to list: 73827
name added to list: 73828
name added to list: 73829
name added to list: 73830
name added to list: 73831
name added to list: 73832
name added to list: 73833
name added to list: 73834
name added to list: 73835
name added to list: 73836
name added to list: 73837
name added to list: 73838
name added to list: 73839
name added to list: 73840
name added to list: 73841
name added to list: 73842
name added to list: 73843
name added to list: 73844
name added to list: 73845
name added to list: 73846
name added to list: 73847
name added to list: 73848
name added to list: 73849
name added to list: 73850
name added to list: 73851
name added to list: 73852
name added to list: 73853
name added to list: 73854
name added to list: 73855
name added to list: 73856
name added to list: 73857
name added to list: 73858
name added to list: 73859
name added to list: 73860
name added to list: 73861
name added to list: 73862
name added to list: 73863
name added to list: 73864
name added to list: 73865
name added to list: 73866
name added to list: 73867
name added to list: 73868
name added to list: 73869
name added to list: 73870
name added to list: 73871
name added to list: 73872
name added to list: 73873
name added to list: 73874
name added to list: 73875
name added to list: 73876
name added to list: 73877
name added to list: 73878
name added to list: 73879
name added to list: 73880
name added to list: 73881
name added to list: 73882
name added to list: 73883
name added to list: 73884
name added to list: 73885
name added to list: 73886
name added to list: 73887
name added to list: 73888
name added to list: 73889
name added to list: 73890
name added to list: 73891
name added to list: 73892
name added to list: 73893
name added to list: 73894
name added to list: 73895
name added to list: 73896
name added to list: 73897
name added to list: 73898
name added to list: 73899
name added to list: 73900
name added to list: 73901
name added to list: 73902
name added to list: 73903
name added to list: 73904
name added to list: 73905
name added to list: 73906
name added to list: 73907
name added to list: 73908
name added to list: 73909
name added to list: 73910
name added to list: 73911
name added to list: 73912
name added to list: 73913
name added to list: 73914
name added to list: 73915
name added to list: 73916
name added to list: 73917
name added to list: 73918
name added to list: 73919
name added to list: 73920
name added to list: 73921
name added to list: 73922
name added to list: 73923
name added to list: 73924
name added to list: 73925
name added to list: 73926
name added to list: 73927
name added to list: 73928
name added to list: 73929
name added to list: 73930
name added to list: 73931
name added to list: 73932
name added to list: 73933
name added to list: 73934
name added to list: 73935
name added to list: 73936
name added to list: 73937
name added to list: 73938
name added to list: 73939
name added to list: 73940
name added to list: 73941
name added to list: 73942
name added to list: 73943
name added to list: 73944
name added to list: 73945
name added to list: 73946
name added to list: 73947
name added to list: 73948
name added to list: 73949
name added to list: 73950
name added to list: 73951
name added to list: 73952
name added to list: 73953
name added to list: 73954
name added to list: 73955
name added to list: 73956
name added to list: 73957
name added to list: 73958
name added to list: 73959
name added to list: 73960
name added to list: 73961
name added to list: 73962
name added to list: 73963
name added to list: 73964
name added to list: 73965
name added to list: 73966
name added to list: 73967
name added to list: 73968
name added to list: 73969
name added to list: 73970
name added to list: 73971
name added to list: 73972
name added to list: 73973
name added to list: 73974
name added to list: 73975
name added to list: 73976
name added to list: 73977
name added to list: 73978
name added to list: 73979
name added to list: 73980
name added to list: 73981
name added to list: 73982
name added to list: 73983
name added to list: 73984
name added to list: 73985
name added to list: 73986
name added to list: 73987
name added to list: 73988
name added to list: 73989
name added to list: 73990
name added to list: 73991
name added to list: 73992
name added to list: 73993
name added to list: 73994
name added to list: 73995
name added to list: 73996
name added to list: 73997
name added to list: 73998
name added to list: 73999
name added to list: 74000
name added to list: 74001
name added to list: 74002
name added to list: 74003
name added to list: 74004
name added to list: 74005
name added to list: 74006
name added to list: 74007
name added to list: 74008
name added to list: 74009
name added to list: 74010
name added to list: 74011
name added to list: 74012
name added to list: 74013
name added to list: 74014
name added to list: 74015
name added to list: 74016
name added to list: 74017
name added to list: 74018
name added to list: 74019
name added to list: 74020
name added to list: 74021
name added to list: 74022
name added to list: 74023
name added to list: 74024
name added to list: 74025
name added to list: 74026
name added to list: 74027
name added to list: 74028
name added to list: 74029
name added to list: 74030
name added to list: 74031
name added to list: 74032
name added to list: 74033
name added to list: 74034
name added to list: 74035
name added to list: 74036
name added to list: 74037
name added to list: 74038
name added to list: 74039
name added to list: 74040
name added to list: 74041
name added to list: 74042
name added to list: 74043
name added to list: 74044
name added to list: 74045
name added to list: 74046
name added to list: 74047
name added to list: 74048
name added to list: 74049
name added to list: 74050
name added to list: 74051
name added to list: 74052
name added to list: 74053
name added to list: 74054
name added to list: 74055
name added to list: 74056
name added to list: 74057
name added to list: 74058
name added to list: 74059
name added to list: 74060
name added to list: 74061
name added to list: 74062
name added to list: 74063
name added to list: 74064
name added to list: 74065
name added to list: 74066
name added to list: 74067
name added to list: 74068
name added to list: 74069
name added to list: 74070
name added to list: 74071
name added to list: 74072
name added to list: 74073
name added to list: 74074
name added to list: 74075
name added to list: 74076
name added to list: 74077
name added to list: 74078
name added to list: 74079
name added to list: 74080
name added to list: 74081
name added to list: 74082
name added to list: 74083
name added to list: 74084
name added to list: 74085
name added to list: 74086
name added to list: 74087
name added to list: 74088
name added to list: 74089
name added to list: 74090
name added to list: 74091
name added to list: 74092
name added to list: 74093
name added to list: 74094
name added to list: 74095
name added to list: 74096
name added to list: 74097
name added to list: 74098
name added to list: 74099
name added to list: 74100
name added to list: 74101
name added to list: 74102
name added to list: 74103
name added to list: 74104
name added to list: 74105
name added to list: 74106
name added to list: 74107
name added to list: 74108
name added to list: 74109
name added to list: 74110
name added to list: 74111
name added to list: 74112
name added to list: 74113
name added to list: 74114
name added to list: 74115
name added to list: 74116
name added to list: 74117
name added to list: 74118
name added to list: 74119
name added to list: 74120
name added to list: 74121
name added to list: 74122
name added to list: 74123
name added to list: 74124
name added to list: 74125
name added to list: 74126
name added to list: 74127
name added to list: 74128
name added to list: 74129
name added to list: 74130
name added to list: 74131
name added to list: 74132
name added to list: 74133
name added to list: 74134
name added to list: 74135
name added to list: 74136
name added to list: 74137
name added to list: 74138
name added to list: 74139
name added to list: 74140
name added to list: 74141
name added to list: 74142
name added to list: 74143
name added to list: 74144
name added to list: 74145
name added to list: 74146
name added to list: 74147
name added to list: 74148
name added to list: 74149
name added to list: 74150
name added to list: 74151
name added to list: 74152
name added to list: 74153
name added to list: 74154
name added to list: 74155
name added to list: 74156
name added to list: 74157
name added to list: 74158
name added to list: 74159
name added to list: 74160
name added to list: 74161
name added to list: 74162
name added to list: 74163
name added to list: 74164
name added to list: 74165
name added to list: 74166
name added to list: 74167
name added to list: 74168
name added to list: 74169
name added to list: 74170
name added to list: 74171
name added to list: 74172
name added to list: 74173
name added to list: 74174
name added to list: 74175
name added to list: 74176
name added to list: 74177
name added to list: 74178
name added to list: 74179
name added to list: 74180
name added to list: 74181
name added to list: 74182
name added to list: 74183
name added to list: 74184
name added to list: 74185
name added to list: 74186
name added to list: 74187
name added to list: 74188
name added to list: 74189
name added to list: 74190
name added to list: 74191
name added to list: 74192
name added to list: 74193
name added to list: 74194
name added to list: 74195
name added to list: 74196
name added to list: 74197
name added to list: 74198
name added to list: 74199
name added to list: 74200
name added to list: 74201
name added to list: 74202
name added to list: 74203
name added to list: 74204
name added to list: 74205
name added to list: 74206
name added to list: 74207
name added to list: 74208
name added to list: 74209
name added to list: 74210
name added to list: 74211
name added to list: 74212
name added to list: 74213
name added to list: 74214
name added to list: 74215
name added to list: 74216
name added to list: 74217
name added to list: 74218
name added to list: 74219
name added to list: 74220
name added to list: 74221
name added to list: 74222
name added to list: 74223
name added to list: 74224
name added to list: 74225
name added to list: 74226
name added to list: 74227
name added to list: 74228
name added to list: 74229
name added to list: 74230
name added to list: 74231
name added to list: 74232
name added to list: 74233
name added to list: 74234
name added to list: 74235
name added to list: 74236
name added to list: 74237
name added to list: 74238
name added to list: 74239
name added to list: 74240
name added to list: 74241
name added to list: 74242
name added to list: 74243
name added to list: 74244
name added to list: 74245
name added to list: 74246
name added to list: 74247
name added to list: 74248
name added to list: 74249
name added to list: 74250
name added to list: 74251
name added to list: 74252
name added to list: 74253
name added to list: 74254
name added to list: 74255
name added to list: 74256
name added to list: 74257
name added to list: 74258
name added to list: 74259
name added to list: 74260
name added to list: 74261
name added to list: 74262
name added to list: 74263
name added to list: 74264
name added to list: 74265
name added to list: 74266
name added to list: 74267
name added to list: 74268
name added to list: 74269
name added to list: 74270
name added to list: 74271
name added to list: 74272
name added to list: 74273
name added to list: 74274
name added to list: 74275
name added to list: 74276
name added to list: 74277
name added to list: 74278
name added to list: 74279
name added to list: 74280
name added to list: 74281
name added to list: 74282
name added to list: 74283
name added to list: 74284
name added to list: 74285
name added to list: 74286
name added to list: 74287
name added to list: 74288
name added to list: 74289
name added to list: 74290
name added to list: 74291
name added to list: 74292
name added to list: 74293
name added to list: 74294
name added to list: 74295
name added to list: 74296
name added to list: 74297
name added to list: 74298
name added to list: 74299
name added to list: 74300
name added to list: 74301
name added to list: 74302
name added to list: 74303
name added to list: 74304
name added to list: 74305
name added to list: 74306
name added to list: 74307
name added to list: 74308
name added to list: 74309
name added to list: 74310
name added to list: 74311
name added to list: 74312
name added to list: 74313
name added to list: 74314
name added to list: 74315
name added to list: 74316
name added to list: 74317
name added to list: 74318
name added to list: 74319
name added to list: 74320
name added to list: 74321
name added to list: 74322
name added to list: 74323
name added to list: 74324
name added to list: 74325
name added to list: 74326
name added to list: 74327
name added to list: 74328
name added to list: 74329
name added to list: 74330
name added to list: 74331
name added to list: 74332
name added to list: 74333
name added to list: 74334
name added to list: 74335
name added to list: 74336
name added to list: 74337
name added to list: 74338
name added to list: 74339
name added to list: 74340
name added to list: 74341
name added to list: 74342
name added to list: 74343
name added to list: 74344
name added to list: 74345
name added to list: 74346
name added to list: 74347
name added to list: 74348
name added to list: 74349
name added to list: 74350
name added to list: 74351
name added to list: 74352
name added to list: 74353
name added to list: 74354
name added to list: 74355
name added to list: 74356
name added to list: 74357
name added to list: 74358
name added to list: 74359
name added to list: 74360
name added to list: 74361
name added to list: 74362
name added to list: 74363
name added to list: 74364
name added to list: 74365
name added to list: 74366
name added to list: 74367
name added to list: 74368
name added to list: 74369
name added to list: 74370
name added to list: 74371
name added to list: 74372
name added to list: 74373
name added to list: 74374
name added to list: 74375
name added to list: 74376
name added to list: 74377
name added to list: 74378
name added to list: 74379
name added to list: 74380
name added to list: 74381
name added to list: 74382
name added to list: 74383
name added to list: 74384
name added to list: 74385
name added to list: 74386
name added to list: 74387
name added to list: 74388
name added to list: 74389
name added to list: 74390
name added to list: 74391
name added to list: 74392
name added to list: 74393
name added to list: 74394
name added to list: 74395
name added to list: 74396
name added to list: 74397
name added to list: 74398
name added to list: 74399
name added to list: 74400
name added to list: 74401
name added to list: 74402
name added to list: 74403
name added to list: 74404
name added to list: 74405
name added to list: 74406
name added to list: 74407
name added to list: 74408
name added to list: 74409
name added to list: 74410
name added to list: 74411
name added to list: 74412
name added to list: 74413
name added to list: 74414
name added to list: 74415
name added to list: 74416
name added to list: 74417
name added to list: 74418
name added to list: 74419
name added to list: 74420
name added to list: 74421
name added to list: 74422
name added to list: 74423
name added to list: 74424
name added to list: 74425
name added to list: 74426
name added to list: 74427
name added to list: 74428
name added to list: 74429
name added to list: 74430
name added to list: 74431
name added to list: 74432
name added to list: 74433
name added to list: 74434
name added to list: 74435
name added to list: 74436
name added to list: 74437
name added to list: 74438
name added to list: 74439
name added to list: 74440
name added to list: 74441
name added to list: 74442
name added to list: 74443
name added to list: 74444
name added to list: 74445
name added to list: 74446
name added to list: 74447
name added to list: 74448
name added to list: 74449
name added to list: 74450
name added to list: 74451
name added to list: 74452
name added to list: 74453
name added to list: 74454
name added to list: 74455
name added to list: 74456
name added to list: 74457
name added to list: 74458
name added to list: 74459
name added to list: 74460
name added to list: 74461
name added to list: 74462
name added to list: 74463
name added to list: 74464
name added to list: 74465
name added to list: 74466
name added to list: 74467
name added to list: 74468
name added to list: 74469
name added to list: 74470
name added to list: 74471
name added to list: 74472
name added to list: 74473
name added to list: 74474
name added to list: 74475
name added to list: 74476
name added to list: 74477
name added to list: 74478
name added to list: 74479
name added to list: 74480
name added to list: 74481
name added to list: 74482
name added to list: 74483
name added to list: 74484
name added to list: 74485
name added to list: 74486
name added to list: 74487
name added to list: 74488
name added to list: 74489
name added to list: 74490
name added to list: 74491
name added to list: 74492
name added to list: 74493
name added to list: 74494
name added to list: 74495
name added to list: 74496
name added to list: 74497
name added to list: 74498
name added to list: 74499
name added to list: 74500
name added to list: 74501
name added to list: 74502
name added to list: 74503
name added to list: 74504
name added to list: 74505
name added to list: 74506
name added to list: 74507
name added to list: 74508
name added to list: 74509
name added to list: 74510
name added to list: 74511
name added to list: 74512
name added to list: 74513
name added to list: 74514
name added to list: 74515
name added to list: 74516
name added to list: 74517
name added to list: 74518
name added to list: 74519
name added to list: 74520
name added to list: 74521
name added to list: 74522
name added to list: 74523
name added to list: 74524
name added to list: 74525
name added to list: 74526
name added to list: 74527
name added to list: 74528
name added to list: 74529
name added to list: 74530
name added to list: 74531
name added to list: 74532
name added to list: 74533
name added to list: 74534
name added to list: 74535
name added to list: 74536
name added to list: 74537
name added to list: 74538
name added to list: 74539
name added to list: 74540
name added to list: 74541
name added to list: 74542
name added to list: 74543
name added to list: 74544
name added to list: 74545
name added to list: 74546
name added to list: 74547
name added to list: 74548
name added to list: 74549
name added to list: 74550
name added to list: 74551
name added to list: 74552
name added to list: 74553
name added to list: 74554
name added to list: 74555
name added to list: 74556
name added to list: 74557
name added to list: 74558
name added to list: 74559
name added to list: 74560
name added to list: 74561
name added to list: 74562
name added to list: 74563
name added to list: 74564
name added to list: 74565
name added to list: 74566
name added to list: 74567
name added to list: 74568
name added to list: 74569
name added to list: 74570
name added to list: 74571
name added to list: 74572
name added to list: 74573
name added to list: 74574
name added to list: 74575
name added to list: 74576
name added to list: 74577
name added to list: 74578
name added to list: 74579
name added to list: 74580
name added to list: 74581
name added to list: 74582
name added to list: 74583
name added to list: 74584
name added to list: 74585
name added to list: 74586
name added to list: 74587
name added to list: 74588
name added to list: 74589
name added to list: 74590
name added to list: 74591
name added to list: 74592
name added to list: 74593
name added to list: 74594
name added to list: 74595
name added to list: 74596
name added to list: 74597
name added to list: 74598
name added to list: 74599
name added to list: 74600
name added to list: 74601
name added to list: 74602
name added to list: 74603
name added to list: 74604
name added to list: 74605
name added to list: 74606
name added to list: 74607
name added to list: 74608
name added to list: 74609
name added to list: 74610
name added to list: 74611
name added to list: 74612
name added to list: 74613
name added to list: 74614
name added to list: 74615
name added to list: 74616
name added to list: 74617
name added to list: 74618
name added to list: 74619
name added to list: 74620
name added to list: 74621
name added to list: 74622
name added to list: 74623
name added to list: 74624
name added to list: 74625
name added to list: 74626
name added to list: 74627
name added to list: 74628
name added to list: 74629
name added to list: 74630
name added to list: 74631
name added to list: 74632
name added to list: 74633
name added to list: 74634
name added to list: 74635
name added to list: 74636
name added to list: 74637
name added to list: 74638
name added to list: 74639
name added to list: 74640
name added to list: 74641
name added to list: 74642
name added to list: 74643
name added to list: 74644
name added to list: 74645
name added to list: 74646
name added to list: 74647
name added to list: 74648
name added to list: 74649
name added to list: 74650
name added to list: 74651
name added to list: 74652
name added to list: 74653
name added to list: 74654
name added to list: 74655
name added to list: 74656
name added to list: 74657
name added to list: 74658
name added to list: 74659
name added to list: 74660
name added to list: 74661
name added to list: 74662
name added to list: 74663
name added to list: 74664
name added to list: 74665
name added to list: 74666
name added to list: 74667
name added to list: 74668
name added to list: 74669
name added to list: 74670
name added to list: 74671
name added to list: 74672
name added to list: 74673
name added to list: 74674
name added to list: 74675
name added to list: 74676
name added to list: 74677
name added to list: 74678
name added to list: 74679
name added to list: 74680
name added to list: 74681
name added to list: 74682
name added to list: 74683
name added to list: 74684
name added to list: 74685
name added to list: 74686
name added to list: 74687
name added to list: 74688
name added to list: 74689
name added to list: 74690
name added to list: 74691
name added to list: 74692
name added to list: 74693
name added to list: 74694
name added to list: 74695
name added to list: 74696
name added to list: 74697
name added to list: 74698
name added to list: 74699
name added to list: 74700
name added to list: 74701
name added to list: 74702
name added to list: 74703
name added to list: 74704
name added to list: 74705
name added to list: 74706
name added to list: 74707
name added to list: 74708
name added to list: 74709
name added to list: 74710
name added to list: 74711
name added to list: 74712
name added to list: 74713
name added to list: 74714
name added to list: 74715
name added to list: 74716
name added to list: 74717
name added to list: 74718
name added to list: 74719
name added to list: 74720
name added to list: 74721
name added to list: 74722
name added to list: 74723
name added to list: 74724
name added to list: 74725
name added to list: 74726
name added to list: 74727
name added to list: 74728
name added to list: 74729
name added to list: 74730
name added to list: 74731
name added to list: 74732
name added to list: 74733
name added to list: 74734
name added to list: 74735
name added to list: 74736
name added to list: 74737
name added to list: 74738
name added to list: 74739
name added to list: 74740
name added to list: 74741
name added to list: 74742
name added to list: 74743
name added to list: 74744
name added to list: 74745
name added to list: 74746
name added to list: 74747
name added to list: 74748
name added to list: 74749
name added to list: 74750
name added to list: 74751
name added to list: 74752
name added to list: 74753
name added to list: 74754
name added to list: 74755
name added to list: 74756
name added to list: 74757
name added to list: 74758
name added to list: 74759
name added to list: 74760
name added to list: 74761
name added to list: 74762
name added to list: 74763
name added to list: 74764
name added to list: 74765
name added to list: 74766
name added to list: 74767
name added to list: 74768
name added to list: 74769
name added to list: 74770
name added to list: 74771
name added to list: 74772
name added to list: 74773
name added to list: 74774
name added to list: 74775
name added to list: 74776
name added to list: 74777
name added to list: 74778
name added to list: 74779
name added to list: 74780
name added to list: 74781
name added to list: 74782
name added to list: 74783
name added to list: 74784
name added to list: 74785
name added to list: 74786
name added to list: 74787
name added to list: 74788
name added to list: 74789
name added to list: 74790
name added to list: 74791
name added to list: 74792
name added to list: 74793
name added to list: 74794
name added to list: 74795
name added to list: 74796
name added to list: 74797
name added to list: 74798
name added to list: 74799
name added to list: 74800
name added to list: 74801
name added to list: 74802
name added to list: 74803
name added to list: 74804
name added to list: 74805
name added to list: 74806
name added to list: 74807
name added to list: 74808
name added to list: 74809
name added to list: 74810
name added to list: 74811
name added to list: 74812
name added to list: 74813
name added to list: 74814
name added to list: 74815
name added to list: 74816
name added to list: 74817
name added to list: 74818
name added to list: 74819
name added to list: 74820
name added to list: 74821
name added to list: 74822
name added to list: 74823
name added to list: 74824
name added to list: 74825
name added to list: 74826
name added to list: 74827
name added to list: 74828
name added to list: 74829
name added to list: 74830
name added to list: 74831
name added to list: 74832
name added to list: 74833
name added to list: 74834
name added to list: 74835
name added to list: 74836
name added to list: 74837
name added to list: 74838
name added to list: 74839
name added to list: 74840
name added to list: 74841
name added to list: 74842
name added to list: 74843
name added to list: 74844
name added to list: 74845
name added to list: 74846
name added to list: 74847
name added to list: 74848
name added to list: 74849
name added to list: 74850
name added to list: 74851
name added to list: 74852
name added to list: 74853
name added to list: 74854
name added to list: 74855
name added to list: 74856
name added to list: 74857
name added to list: 74858
name added to list: 74859
name added to list: 74860
name added to list: 74861
name added to list: 74862
name added to list: 74863
name added to list: 74864
name added to list: 74865
name added to list: 74866
name added to list: 74867
name added to list: 74868
name added to list: 74869
name added to list: 74870
name added to list: 74871
name added to list: 74872
name added to list: 74873
name added to list: 74874
name added to list: 74875
name added to list: 74876
name added to list: 74877
name added to list: 74878
name added to list: 74879
name added to list: 74880
name added to list: 74881
name added to list: 74882
name added to list: 74883
name added to list: 74884
name added to list: 74885
name added to list: 74886
name added to list: 74887
name added to list: 74888
name added to list: 74889
name added to list: 74890
name added to list: 74891
name added to list: 74892
name added to list: 74893
name added to list: 74894
name added to list: 74895
name added to list: 74896
name added to list: 74897
name added to list: 74898
name added to list: 74899
name added to list: 74900
name added to list: 74901
name added to list: 74902
name added to list: 74903
name added to list: 74904
name added to list: 74905
name added to list: 74906
name added to list: 74907
name added to list: 74908
name added to list: 74909
name added to list: 74910
name added to list: 74911
name added to list: 74912
name added to list: 74913
name added to list: 74914
name added to list: 74915
name added to list: 74916
name added to list: 74917
name added to list: 74918
name added to list: 74919
name added to list: 74920
name added to list: 74921
name added to list: 74922
name added to list: 74923
name added to list: 74924
name added to list: 74925
name added to list: 74926
name added to list: 74927
name added to list: 74928
name added to list: 74929
name added to list: 74930
name added to list: 74931
name added to list: 74932
name added to list: 74933
name added to list: 74934
name added to list: 74935
name added to list: 74936
name added to list: 74937
name added to list: 74938
name added to list: 74939
name added to list: 74940
name added to list: 74941
name added to list: 74942
name added to list: 74943
name added to list: 74944
name added to list: 74945
name added to list: 74946
name added to list: 74947
name added to list: 74948
name added to list: 74949
name added to list: 74950
name added to list: 74951
name added to list: 74952
name added to list: 74953
name added to list: 74954
name added to list: 74955
name added to list: 74956
name added to list: 74957
name added to list: 74958
name added to list: 74959
name added to list: 74960
name added to list: 74961
name added to list: 74962
name added to list: 74963
name added to list: 74964
name added to list: 74965
name added to list: 74966
name added to list: 74967
name added to list: 74968
name added to list: 74969
name added to list: 74970
name added to list: 74971
name added to list: 74972
name added to list: 74973
name added to list: 74974
name added to list: 74975
name added to list: 74976
name added to list: 74977
name added to list: 74978
name added to list: 74979
name added to list: 74980
name added to list: 74981
name added to list: 74982
name added to list: 74983
name added to list: 74984
name added to list: 74985
name added to list: 74986
name added to list: 74987
name added to list: 74988
name added to list: 74989
name added to list: 74990
name added to list: 74991
name added to list: 74992
name added to list: 74993
name added to list: 74994
name added to list: 74995
name added to list: 74996
name added to list: 74997
name added to list: 74998
name added to list: 74999
name added to list: 75000
name added to list: 75001
name added to list: 75002
name added to list: 75003
name added to list: 75004
name added to list: 75005
name added to list: 75006
name added to list: 75007
name added to list: 75008
name added to list: 75009
name added to list: 75010
name added to list: 75011
name added to list: 75012
name added to list: 75013
name added to list: 75014
name added to list: 75015
name added to list: 75016
name added to list: 75017
name added to list: 75018
name added to list: 75019
name added to list: 75020
name added to list: 75021
name added to list: 75022
name added to list: 75023
name added to list: 75024
name added to list: 75025
name added to list: 75026
name added to list: 75027
name added to list: 75028
name added to list: 75029
name added to list: 75030
name added to list: 75031
name added to list: 75032
name added to list: 75033
name added to list: 75034
name added to list: 75035
name added to list: 75036
name added to list: 75037
name added to list: 75038
name added to list: 75039
name added to list: 75040
name added to list: 75041
name added to list: 75042
name added to list: 75043
name added to list: 75044
name added to list: 75045
name added to list: 75046
name added to list: 75047
name added to list: 75048
name added to list: 75049
name added to list: 75050
name added to list: 75051
name added to list: 75052
name added to list: 75053
name added to list: 75054
name added to list: 75055
name added to list: 75056
name added to list: 75057
name added to list: 75058
name added to list: 75059
name added to list: 75060
name added to list: 75061
name added to list: 75062
name added to list: 75063
name added to list: 75064
name added to list: 75065
name added to list: 75066
name added to list: 75067
name added to list: 75068
name added to list: 75069
name added to list: 75070
name added to list: 75071
name added to list: 75072
name added to list: 75073
name added to list: 75074
name added to list: 75075
name added to list: 75076
name added to list: 75077
name added to list: 75078
name added to list: 75079
name added to list: 75080
name added to list: 75081
name added to list: 75082
name added to list: 75083
name added to list: 75084
name added to list: 75085
name added to list: 75086
name added to list: 75087
name added to list: 75088
name added to list: 75089
name added to list: 75090
name added to list: 75091
name added to list: 75092
name added to list: 75093
name added to list: 75094
name added to list: 75095
name added to list: 75096
name added to list: 75097
name added to list: 75098
name added to list: 75099
name added to list: 75100
name added to list: 75101
name added to list: 75102
name added to list: 75103
name added to list: 75104
name added to list: 75105
name added to list: 75106
name added to list: 75107
name added to list: 75108
name added to list: 75109
name added to list: 75110
name added to list: 75111
name added to list: 75112
name added to list: 75113
name added to list: 75114
name added to list: 75115
name added to list: 75116
name added to list: 75117
name added to list: 75118
name added to list: 75119
name added to list: 75120
name added to list: 75121
name added to list: 75122
name added to list: 75123
name added to list: 75124
name added to list: 75125
name added to list: 75126
name added to list: 75127
name added to list: 75128
name added to list: 75129
name added to list: 75130
name added to list: 75131
name added to list: 75132
name added to list: 75133
name added to list: 75134
name added to list: 75135
name added to list: 75136
name added to list: 75137
name added to list: 75138
name added to list: 75139
name added to list: 75140
name added to list: 75141
name added to list: 75142
name added to list: 75143
name added to list: 75144
name added to list: 75145
name added to list: 75146
name added to list: 75147
name added to list: 75148
name added to list: 75149
name added to list: 75150
name added to list: 75151
name added to list: 75152
name added to list: 75153
name added to list: 75154
name added to list: 75155
name added to list: 75156
name added to list: 75157
name added to list: 75158
name added to list: 75159
name added to list: 75160
name added to list: 75161
name added to list: 75162
name added to list: 75163
name added to list: 75164
name added to list: 75165
name added to list: 75166
name added to list: 75167
name added to list: 75168
name added to list: 75169
name added to list: 75170
name added to list: 75171
name added to list: 75172
name added to list: 75173
name added to list: 75174
name added to list: 75175
name added to list: 75176
name added to list: 75177
name added to list: 75178
name added to list: 75179
name added to list: 75180
name added to list: 75181
name added to list: 75182
name added to list: 75183
name added to list: 75184
name added to list: 75185
name added to list: 75186
name added to list: 75187
name added to list: 75188
name added to list: 75189
name added to list: 75190
name added to list: 75191
name added to list: 75192
name added to list: 75193
name added to list: 75194
name added to list: 75195
name added to list: 75196
name added to list: 75197
name added to list: 75198
name added to list: 75199
name added to list: 75200
name added to list: 75201
name added to list: 75202
name added to list: 75203
name added to list: 75204
name added to list: 75205
name added to list: 75206
name added to list: 75207
name added to list: 75208
name added to list: 75209
name added to list: 75210
name added to list: 75211
name added to list: 75212
name added to list: 75213
name added to list: 75214
name added to list: 75215
name added to list: 75216
name added to list: 75217
name added to list: 75218
name added to list: 75219
name added to list: 75220
name added to list: 75221
name added to list: 75222
name added to list: 75223
name added to list: 75224
name added to list: 75225
name added to list: 75226
name added to list: 75227
name added to list: 75228
name added to list: 75229
name added to list: 75230
name added to list: 75231
name added to list: 75232
name added to list: 75233
name added to list: 75234
name added to list: 75235
name added to list: 75236
name added to list: 75237
name added to list: 75238
name added to list: 75239
name added to list: 75240
name added to list: 75241
name added to list: 75242
name added to list: 75243
name added to list: 75244
name added to list: 75245
name added to list: 75246
name added to list: 75247
name added to list: 75248
name added to list: 75249
name added to list: 75250
name added to list: 75251
name added to list: 75252
name added to list: 75253
name added to list: 75254
name added to list: 75255
name added to list: 75256
name added to list: 75257
name added to list: 75258
name added to list: 75259
name added to list: 75260
name added to list: 75261
name added to list: 75262
name added to list: 75263
name added to list: 75264
name added to list: 75265
name added to list: 75266
name added to list: 75267
name added to list: 75268
name added to list: 75269
name added to list: 75270
name added to list: 75271
name added to list: 75272
name added to list: 75273
name added to list: 75274
name added to list: 75275
name added to list: 75276
name added to list: 75277
name added to list: 75278
name added to list: 75279
name added to list: 75280
name added to list: 75281
name added to list: 75282
name added to list: 75283
name added to list: 75284
name added to list: 75285
name added to list: 75286
name added to list: 75287
name added to list: 75288
name added to list: 75289
name added to list: 75290
name added to list: 75291
name added to list: 75292
name added to list: 75293
name added to list: 75294
name added to list: 75295
name added to list: 75296
name added to list: 75297
name added to list: 75298
name added to list: 75299
name added to list: 75300
name added to list: 75301
name added to list: 75302
name added to list: 75303
name added to list: 75304
name added to list: 75305
name added to list: 75306
name added to list: 75307
name added to list: 75308
name added to list: 75309
name added to list: 75310
name added to list: 75311
name added to list: 75312
name added to list: 75313
name added to list: 75314
name added to list: 75315
name added to list: 75316
name added to list: 75317
name added to list: 75318
name added to list: 75319
name added to list: 75320
name added to list: 75321
name added to list: 75322
name added to list: 75323
name added to list: 75324
name added to list: 75325
name added to list: 75326
name added to list: 75327
name added to list: 75328
name added to list: 75329
name added to list: 75330
name added to list: 75331
name added to list: 75332
name added to list: 75333
name added to list: 75334
name added to list: 75335
name added to list: 75336
name added to list: 75337
name added to list: 75338
name added to list: 75339
name added to list: 75340
name added to list: 75341
name added to list: 75342
name added to list: 75343
name added to list: 75344
name added to list: 75345
name added to list: 75346
name added to list: 75347
name added to list: 75348
name added to list: 75349
name added to list: 75350
name added to list: 75351
name added to list: 75352
name added to list: 75353
name added to list: 75354
name added to list: 75355
name added to list: 75356
name added to list: 75357
name added to list: 75358
name added to list: 75359
name added to list: 75360
name added to list: 75361
name added to list: 75362
name added to list: 75363
name added to list: 75364
name added to list: 75365
name added to list: 75366
name added to list: 75367
name added to list: 75368
name added to list: 75369
name added to list: 75370
name added to list: 75371
name added to list: 75372
name added to list: 75373
name added to list: 75374
name added to list: 75375
name added to list: 75376
name added to list: 75377
name added to list: 75378
name added to list: 75379
name added to list: 75380
name added to list: 75381
name added to list: 75382
name added to list: 75383
name added to list: 75384
name added to list: 75385
name added to list: 75386
name added to list: 75387
name added to list: 75388
name added to list: 75389
name added to list: 75390
name added to list: 75391
name added to list: 75392
name added to list: 75393
name added to list: 75394
name added to list: 75395
name added to list: 75396
name added to list: 75397
name added to list: 75398
name added to list: 75399
name added to list: 75400
name added to list: 75401
name added to list: 75402
name added to list: 75403
name added to list: 75404
name added to list: 75405
name added to list: 75406
name added to list: 75407
name added to list: 75408
name added to list: 75409
name added to list: 75410
name added to list: 75411
name added to list: 75412
name added to list: 75413
name added to list: 75414
name added to list: 75415
name added to list: 75416
name added to list: 75417
name added to list: 75418
name added to list: 75419
name added to list: 75420
name added to list: 75421
name added to list: 75422
name added to list: 75423
name added to list: 75424
name added to list: 75425
name added to list: 75426
name added to list: 75427
name added to list: 75428
name added to list: 75429
name added to list: 75430
name added to list: 75431
name added to list: 75432
name added to list: 75433
name added to list: 75434
name added to list: 75435
name added to list: 75436
name added to list: 75437
name added to list: 75438
name added to list: 75439
name added to list: 75440
name added to list: 75441
name added to list: 75442
name added to list: 75443
name added to list: 75444
name added to list: 75445
name added to list: 75446
name added to list: 75447
name added to list: 75448
name added to list: 75449
name added to list: 75450
name added to list: 75451
name added to list: 75452
name added to list: 75453
name added to list: 75454
name added to list: 75455
name added to list: 75456
name added to list: 75457
name added to list: 75458
name added to list: 75459
name added to list: 75460
name added to list: 75461
name added to list: 75462
name added to list: 75463
name added to list: 75464
name added to list: 75465
name added to list: 75466
name added to list: 75467
name added to list: 75468
name added to list: 75469
name added to list: 75470
name added to list: 75471
name added to list: 75472
name added to list: 75473
name added to list: 75474
name added to list: 75475
name added to list: 75476
name added to list: 75477
name added to list: 75478
name added to list: 75479
name added to list: 75480
name added to list: 75481
name added to list: 75482
name added to list: 75483
name added to list: 75484
name added to list: 75485
name added to list: 75486
name added to list: 75487
name added to list: 75488
name added to list: 75489
name added to list: 75490
name added to list: 75491
name added to list: 75492
name added to list: 75493
name added to list: 75494
name added to list: 75495
name added to list: 75496
name added to list: 75497
name added to list: 75498
name added to list: 75499
name added to list: 75500
name added to list: 75501
name added to list: 75502
name added to list: 75503
name added to list: 75504
name added to list: 75505
name added to list: 75506
name added to list: 75507
name added to list: 75508
name added to list: 75509
name added to list: 75510
name added to list: 75511
name added to list: 75512
name added to list: 75513
name added to list: 75514
name added to list: 75515
name added to list: 75516
name added to list: 75517
name added to list: 75518
name added to list: 75519
name added to list: 75520
name added to list: 75521
name added to list: 75522
name added to list: 75523
name added to list: 75524
name added to list: 75525
name added to list: 75526
name added to list: 75527
name added to list: 75528
name added to list: 75529
name added to list: 75530
name added to list: 75531
name added to list: 75532
name added to list: 75533
name added to list: 75534
name added to list: 75535
name added to list: 75536
name added to list: 75537
name added to list: 75538
name added to list: 75539
name added to list: 75540
name added to list: 75541
name added to list: 75542
name added to list: 75543
name added to list: 75544
name added to list: 75545
name added to list: 75546
name added to list: 75547
name added to list: 75548
name added to list: 75549
name added to list: 75550
name added to list: 75551
name added to list: 75552
name added to list: 75553
name added to list: 75554
name added to list: 75555
name added to list: 75556
name added to list: 75557
name added to list: 75558
name added to list: 75559
name added to list: 75560
name added to list: 75561
name added to list: 75562
name added to list: 75563
name added to list: 75564
name added to list: 75565
name added to list: 75566
name added to list: 75567
name added to list: 75568
name added to list: 75569
name added to list: 75570
name added to list: 75571
name added to list: 75572
name added to list: 75573
name added to list: 75574
name added to list: 75575
name added to list: 75576
name added to list: 75577
name added to list: 75578
name added to list: 75579
name added to list: 75580
name added to list: 75581
name added to list: 75582
name added to list: 75583
name added to list: 75584
name added to list: 75585
name added to list: 75586
name added to list: 75587
name added to list: 75588
name added to list: 75589
name added to list: 75590
name added to list: 75591
name added to list: 75592
name added to list: 75593
name added to list: 75594
name added to list: 75595
name added to list: 75596
name added to list: 75597
name added to list: 75598
name added to list: 75599
name added to list: 75600
name added to list: 75601
name added to list: 75602
name added to list: 75603
name added to list: 75604
name added to list: 75605
name added to list: 75606
name added to list: 75607
name added to list: 75608
name added to list: 75609
name added to list: 75610
name added to list: 75611
name added to list: 75612
name added to list: 75613
name added to list: 75614
name added to list: 75615
name added to list: 75616
name added to list: 75617
name added to list: 75618
name added to list: 75619
name added to list: 75620
name added to list: 75621
name added to list: 75622
name added to list: 75623
name added to list: 75624
name added to list: 75625
name added to list: 75626
name added to list: 75627
name added to list: 75628
name added to list: 75629
name added to list: 75630
name added to list: 75631
name added to list: 75632
name added to list: 75633
name added to list: 75634
name added to list: 75635
name added to list: 75636
name added to list: 75637
name added to list: 75638
name added to list: 75639
name added to list: 75640
name added to list: 75641
name added to list: 75642
name added to list: 75643
name added to list: 75644
name added to list: 75645
name added to list: 75646
name added to list: 75647
name added to list: 75648
name added to list: 75649
name added to list: 75650
name added to list: 75651
name added to list: 75652
name added to list: 75653
name added to list: 75654
name added to list: 75655
name added to list: 75656
name added to list: 75657
name added to list: 75658
name added to list: 75659
name added to list: 75660
name added to list: 75661
name added to list: 75662
name added to list: 75663
name added to list: 75664
name added to list: 75665
name added to list: 75666
name added to list: 75667
name added to list: 75668
name added to list: 75669
name added to list: 75670
name added to list: 75671
name added to list: 75672
name added to list: 75673
name added to list: 75674
name added to list: 75675
name added to list: 75676
name added to list: 75677
name added to list: 75678
name added to list: 75679
name added to list: 75680
name added to list: 75681
name added to list: 75682
name added to list: 75683
name added to list: 75684
name added to list: 75685
name added to list: 75686
name added to list: 75687
name added to list: 75688
name added to list: 75689
name added to list: 75690
name added to list: 75691
name added to list: 75692
name added to list: 75693
name added to list: 75694
name added to list: 75695
name added to list: 75696
name added to list: 75697
name added to list: 75698
name added to list: 75699
name added to list: 75700
name added to list: 75701
name added to list: 75702
name added to list: 75703
name added to list: 75704
name added to list: 75705
name added to list: 75706
name added to list: 75707
name added to list: 75708
name added to list: 75709
name added to list: 75710
name added to list: 75711
name added to list: 75712
name added to list: 75713
name added to list: 75714
name added to list: 75715
name added to list: 75716
name added to list: 75717
name added to list: 75718
name added to list: 75719
name added to list: 75720
name added to list: 75721
name added to list: 75722
name added to list: 75723
name added to list: 75724
name added to list: 75725
name added to list: 75726
name added to list: 75727
name added to list: 75728
name added to list: 75729
name added to list: 75730
name added to list: 75731
name added to list: 75732
name added to list: 75733
name added to list: 75734
name added to list: 75735
name added to list: 75736
name added to list: 75737
name added to list: 75738
name added to list: 75739
name added to list: 75740
name added to list: 75741
name added to list: 75742
name added to list: 75743
name added to list: 75744
name added to list: 75745
name added to list: 75746
name added to list: 75747
name added to list: 75748
name added to list: 75749
name added to list: 75750
name added to list: 75751
name added to list: 75752
name added to list: 75753
name added to list: 75754
name added to list: 75755
name added to list: 75756
name added to list: 75757
name added to list: 75758
name added to list: 75759
name added to list: 75760
name added to list: 75761
name added to list: 75762
name added to list: 75763
name added to list: 75764
name added to list: 75765
name added to list: 75766
name added to list: 75767
name added to list: 75768
name added to list: 75769
name added to list: 75770
name added to list: 75771
name added to list: 75772
name added to list: 75773
name added to list: 75774
name added to list: 75775
name added to list: 75776
name added to list: 75777
name added to list: 75778
name added to list: 75779
name added to list: 75780
name added to list: 75781
name added to list: 75782
name added to list: 75783
name added to list: 75784
name added to list: 75785
name added to list: 75786
name added to list: 75787
name added to list: 75788
name added to list: 75789
name added to list: 75790
name added to list: 75791
name added to list: 75792
name added to list: 75793
name added to list: 75794
name added to list: 75795
name added to list: 75796
name added to list: 75797
name added to list: 75798
name added to list: 75799
name added to list: 75800
name added to list: 75801
name added to list: 75802
name added to list: 75803
name added to list: 75804
name added to list: 75805
name added to list: 75806
name added to list: 75807
name added to list: 75808
name added to list: 75809
name added to list: 75810
name added to list: 75811
name added to list: 75812
name added to list: 75813
name added to list: 75814
name added to list: 75815
name added to list: 75816
name added to list: 75817
name added to list: 75818
name added to list: 75819
name added to list: 75820
name added to list: 75821
name added to list: 75822
name added to list: 75823
name added to list: 75824
name added to list: 75825
name added to list: 75826
name added to list: 75827
name added to list: 75828
name added to list: 75829
name added to list: 75830
name added to list: 75831
name added to list: 75832
name added to list: 75833
name added to list: 75834
name added to list: 75835
name added to list: 75836
name added to list: 75837
name added to list: 75838
name added to list: 75839
name added to list: 75840
name added to list: 75841
name added to list: 75842
name added to list: 75843
name added to list: 75844
name added to list: 75845
name added to list: 75846
name added to list: 75847
name added to list: 75848
name added to list: 75849
name added to list: 75850
name added to list: 75851
name added to list: 75852
name added to list: 75853
name added to list: 75854
name added to list: 75855
name added to list: 75856
name added to list: 75857
name added to list: 75858
name added to list: 75859
name added to list: 75860
name added to list: 75861
name added to list: 75862
name added to list: 75863
name added to list: 75864
name added to list: 75865
name added to list: 75866
name added to list: 75867
name added to list: 75868
name added to list: 75869
name added to list: 75870
name added to list: 75871
name added to list: 75872
name added to list: 75873
name added to list: 75874
name added to list: 75875
name added to list: 75876
name added to list: 75877
name added to list: 75878
name added to list: 75879
name added to list: 75880
name added to list: 75881
name added to list: 75882
name added to list: 75883
name added to list: 75884
name added to list: 75885
name added to list: 75886
name added to list: 75887
name added to list: 75888
name added to list: 75889
name added to list: 75890
name added to list: 75891
name added to list: 75892
name added to list: 75893
name added to list: 75894
name added to list: 75895
name added to list: 75896
name added to list: 75897
name added to list: 75898
name added to list: 75899
name added to list: 75900
name added to list: 75901
name added to list: 75902
name added to list: 75903
name added to list: 75904
name added to list: 75905
name added to list: 75906
name added to list: 75907
name added to list: 75908
name added to list: 75909
name added to list: 75910
name added to list: 75911
name added to list: 75912
name added to list: 75913
name added to list: 75914
name added to list: 75915
name added to list: 75916
name added to list: 75917
name added to list: 75918
name added to list: 75919
name added to list: 75920
name added to list: 75921
name added to list: 75922
name added to list: 75923
name added to list: 75924
name added to list: 75925
name added to list: 75926
name added to list: 75927
name added to list: 75928
name added to list: 75929
name added to list: 75930
name added to list: 75931
name added to list: 75932
name added to list: 75933
name added to list: 75934
name added to list: 75935
name added to list: 75936
name added to list: 75937
name added to list: 75938
name added to list: 75939
name added to list: 75940
name added to list: 75941
name added to list: 75942
name added to list: 75943
name added to list: 75944
name added to list: 75945
name added to list: 75946
name added to list: 75947
name added to list: 75948
name added to list: 75949
name added to list: 75950
name added to list: 75951
name added to list: 75952
name added to list: 75953
name added to list: 75954
name added to list: 75955
name added to list: 75956
name added to list: 75957
name added to list: 75958
name added to list: 75959
name added to list: 75960
name added to list: 75961
name added to list: 75962
name added to list: 75963
name added to list: 75964
name added to list: 75965
name added to list: 75966
name added to list: 75967
name added to list: 75968
name added to list: 75969
name added to list: 75970
name added to list: 75971
name added to list: 75972
name added to list: 75973
name added to list: 75974
name added to list: 75975
name added to list: 75976
name added to list: 75977
name added to list: 75978
name added to list: 75979
name added to list: 75980
name added to list: 75981
name added to list: 75982
name added to list: 75983
name added to list: 75984
name added to list: 75985
name added to list: 75986
name added to list: 75987
name added to list: 75988
name added to list: 75989
name added to list: 75990
name added to list: 75991
name added to list: 75992
name added to list: 75993
name added to list: 75994
name added to list: 75995
name added to list: 75996
name added to list: 75997
name added to list: 75998
name added to list: 75999
name added to list: 76000
name added to list: 76001
name added to list: 76002
name added to list: 76003
name added to list: 76004
name added to list: 76005
name added to list: 76006
name added to list: 76007
name added to list: 76008
name added to list: 76009
name added to list: 76010
name added to list: 76011
name added to list: 76012
name added to list: 76013
name added to list: 76014
name added to list: 76015
name added to list: 76016
name added to list: 76017
name added to list: 76018
name added to list: 76019
name added to list: 76020
name added to list: 76021
name added to list: 76022
name added to list: 76023
name added to list: 76024
name added to list: 76025
name added to list: 76026
name added to list: 76027
name added to list: 76028
name added to list: 76029
name added to list: 76030
name added to list: 76031
name added to list: 76032
name added to list: 76033
name added to list: 76034
name added to list: 76035
name added to list: 76036
name added to list: 76037
name added to list: 76038
name added to list: 76039
name added to list: 76040
name added to list: 76041
name added to list: 76042
name added to list: 76043
name added to list: 76044
name added to list: 76045
name added to list: 76046
name added to list: 76047
name added to list: 76048
name added to list: 76049
name added to list: 76050
name added to list: 76051
name added to list: 76052
name added to list: 76053
name added to list: 76054
name added to list: 76055
name added to list: 76056
name added to list: 76057
name added to list: 76058
name added to list: 76059
name added to list: 76060
name added to list: 76061
name added to list: 76062
name added to list: 76063
name added to list: 76064
name added to list: 76065
name added to list: 76066
name added to list: 76067
name added to list: 76068
name added to list: 76069
name added to list: 76070
name added to list: 76071
name added to list: 76072
name added to list: 76073
name added to list: 76074
name added to list: 76075
name added to list: 76076
name added to list: 76077
name added to list: 76078
name added to list: 76079
name added to list: 76080
name added to list: 76081
name added to list: 76082
name added to list: 76083
name added to list: 76084
name added to list: 76085
name added to list: 76086
name added to list: 76087
name added to list: 76088
name added to list: 76089
name added to list: 76090
name added to list: 76091
name added to list: 76092
name added to list: 76093
name added to list: 76094
name added to list: 76095
name added to list: 76096
name added to list: 76097
name added to list: 76098
name added to list: 76099
name added to list: 76100
name added to list: 76101
name added to list: 76102
name added to list: 76103
name added to list: 76104
name added to list: 76105
name added to list: 76106
name added to list: 76107
name added to list: 76108
name added to list: 76109
name added to list: 76110
name added to list: 76111
name added to list: 76112
name added to list: 76113
name added to list: 76114
name added to list: 76115
name added to list: 76116
name added to list: 76117
name added to list: 76118
name added to list: 76119
name added to list: 76120
name added to list: 76121
name added to list: 76122
name added to list: 76123
name added to list: 76124
name added to list: 76125
name added to list: 76126
name added to list: 76127
name added to list: 76128
name added to list: 76129
name added to list: 76130
name added to list: 76131
name added to list: 76132
name added to list: 76133
name added to list: 76134
name added to list: 76135
name added to list: 76136
name added to list: 76137
name added to list: 76138
name added to list: 76139
name added to list: 76140
name added to list: 76141
name added to list: 76142
name added to list: 76143
name added to list: 76144
name added to list: 76145
name added to list: 76146
name added to list: 76147
name added to list: 76148
name added to list: 76149
name added to list: 76150
name added to list: 76151
name added to list: 76152
name added to list: 76153
name added to list: 76154
name added to list: 76155
name added to list: 76156
name added to list: 76157
name added to list: 76158
name added to list: 76159
name added to list: 76160
name added to list: 76161
name added to list: 76162
name added to list: 76163
name added to list: 76164
name added to list: 76165
name added to list: 76166
name added to list: 76167
name added to list: 76168
name added to list: 76169
name added to list: 76170
name added to list: 76171
name added to list: 76172
name added to list: 76173
name added to list: 76174
name added to list: 76175
name added to list: 76176
name added to list: 76177
name added to list: 76178
name added to list: 76179
name added to list: 76180
name added to list: 76181
name added to list: 76182
name added to list: 76183
name added to list: 76184
name added to list: 76185
name added to list: 76186
name added to list: 76187
name added to list: 76188
name added to list: 76189
name added to list: 76190
name added to list: 76191
name added to list: 76192
name added to list: 76193
name added to list: 76194
name added to list: 76195
name added to list: 76196
name added to list: 76197
name added to list: 76198
name added to list: 76199
name added to list: 76200
name added to list: 76201
name added to list: 76202
name added to list: 76203
name added to list: 76204
name added to list: 76205
name added to list: 76206
name added to list: 76207
name added to list: 76208
name added to list: 76209
name added to list: 76210
name added to list: 76211
name added to list: 76212
name added to list: 76213
name added to list: 76214
name added to list: 76215
name added to list: 76216
name added to list: 76217
name added to list: 76218
name added to list: 76219
name added to list: 76220
name added to list: 76221
name added to list: 76222
name added to list: 76223
name added to list: 76224
name added to list: 76225
name added to list: 76226
name added to list: 76227
name added to list: 76228
name added to list: 76229
name added to list: 76230
name added to list: 76231
name added to list: 76232
name added to list: 76233
name added to list: 76234
name added to list: 76235
name added to list: 76236
name added to list: 76237
name added to list: 76238
name added to list: 76239
name added to list: 76240
name added to list: 76241
name added to list: 76242
name added to list: 76243
name added to list: 76244
name added to list: 76245
name added to list: 76246
name added to list: 76247
name added to list: 76248
name added to list: 76249
name added to list: 76250
name added to list: 76251
name added to list: 76252
name added to list: 76253
name added to list: 76254
name added to list: 76255
name added to list: 76256
name added to list: 76257
name added to list: 76258
name added to list: 76259
name added to list: 76260
name added to list: 76261
name added to list: 76262
name added to list: 76263
name added to list: 76264
name added to list: 76265
name added to list: 76266
name added to list: 76267
name added to list: 76268
name added to list: 76269
name added to list: 76270
name added to list: 76271
name added to list: 76272
name added to list: 76273
name added to list: 76274
name added to list: 76275
name added to list: 76276
name added to list: 76277
name added to list: 76278
name added to list: 76279
name added to list: 76280
name added to list: 76281
name added to list: 76282
name added to list: 76283
name added to list: 76284
name added to list: 76285
name added to list: 76286
name added to list: 76287
name added to list: 76288
name added to list: 76289
name added to list: 76290
name added to list: 76291
name added to list: 76292
name added to list: 76293
name added to list: 76294
name added to list: 76295
name added to list: 76296
name added to list: 76297
name added to list: 76298
name added to list: 76299
name added to list: 76300
name added to list: 76301
name added to list: 76302
name added to list: 76303
name added to list: 76304
name added to list: 76305
name added to list: 76306
name added to list: 76307
name added to list: 76308
name added to list: 76309
name added to list: 76310
name added to list: 76311
name added to list: 76312
name added to list: 76313
name added to list: 76314
name added to list: 76315
name added to list: 76316
name added to list: 76317
name added to list: 76318
name added to list: 76319
name added to list: 76320
name added to list: 76321
name added to list: 76322
name added to list: 76323
name added to list: 76324
name added to list: 76325
name added to list: 76326
name added to list: 76327
name added to list: 76328
name added to list: 76329
name added to list: 76330
name added to list: 76331
name added to list: 76332
name added to list: 76333
name added to list: 76334
name added to list: 76335
name added to list: 76336
name added to list: 76337
name added to list: 76338
name added to list: 76339
name added to list: 76340
name added to list: 76341
name added to list: 76342
name added to list: 76343
name added to list: 76344
name added to list: 76345
name added to list: 76346
name added to list: 76347
name added to list: 76348
name added to list: 76349
name added to list: 76350
name added to list: 76351
name added to list: 76352
name added to list: 76353
name added to list: 76354
name added to list: 76355
name added to list: 76356
name added to list: 76357
name added to list: 76358
name added to list: 76359
name added to list: 76360
name added to list: 76361
name added to list: 76362
name added to list: 76363
name added to list: 76364
name added to list: 76365
name added to list: 76366
name added to list: 76367
name added to list: 76368
name added to list: 76369
name added to list: 76370
name added to list: 76371
name added to list: 76372
name added to list: 76373
name added to list: 76374
name added to list: 76375
name added to list: 76376
name added to list: 76377
name added to list: 76378
name added to list: 76379
name added to list: 76380
name added to list: 76381
name added to list: 76382
name added to list: 76383
name added to list: 76384
name added to list: 76385
name added to list: 76386
name added to list: 76387
name added to list: 76388
name added to list: 76389
name added to list: 76390
name added to list: 76391
name added to list: 76392
name added to list: 76393
name added to list: 76394
name added to list: 76395
name added to list: 76396
name added to list: 76397
name added to list: 76398
name added to list: 76399
name added to list: 76400
name added to list: 76401
name added to list: 76402
name added to list: 76403
name added to list: 76404
name added to list: 76405
name added to list: 76406
name added to list: 76407
name added to list: 76408
name added to list: 76409
name added to list: 76410
name added to list: 76411
name added to list: 76412
name added to list: 76413
name added to list: 76414
name added to list: 76415
name added to list: 76416
name added to list: 76417
name added to list: 76418
name added to list: 76419
name added to list: 76420
name added to list: 76421
name added to list: 76422
name added to list: 76423
name added to list: 76424
name added to list: 76425
name added to list: 76426
name added to list: 76427
name added to list: 76428
name added to list: 76429
name added to list: 76430
name added to list: 76431
name added to list: 76432
name added to list: 76433
name added to list: 76434
name added to list: 76435
name added to list: 76436
name added to list: 76437
name added to list: 76438
name added to list: 76439
name added to list: 76440
name added to list: 76441
name added to list: 76442
name added to list: 76443
name added to list: 76444
name added to list: 76445
name added to list: 76446
name added to list: 76447
name added to list: 76448
name added to list: 76449
name added to list: 76450
name added to list: 76451
name added to list: 76452
name added to list: 76453
name added to list: 76454
name added to list: 76455
name added to list: 76456
name added to list: 76457
name added to list: 76458
name added to list: 76459
name added to list: 76460
name added to list: 76461
name added to list: 76462
name added to list: 76463
name added to list: 76464
name added to list: 76465
name added to list: 76466
name added to list: 76467
name added to list: 76468
name added to list: 76469
name added to list: 76470
name added to list: 76471
name added to list: 76472
name added to list: 76473
name added to list: 76474
name added to list: 76475
name added to list: 76476
name added to list: 76477
name added to list: 76478
name added to list: 76479
name added to list: 76480
name added to list: 76481
name added to list: 76482
name added to list: 76483
name added to list: 76484
name added to list: 76485
name added to list: 76486
name added to list: 76487
name added to list: 76488
name added to list: 76489
name added to list: 76490
name added to list: 76491
name added to list: 76492
name added to list: 76493
name added to list: 76494
name added to list: 76495
name added to list: 76496
name added to list: 76497
name added to list: 76498
name added to list: 76499
name added to list: 76500
name added to list: 76501
name added to list: 76502
name added to list: 76503
name added to list: 76504
name added to list: 76505
name added to list: 76506
name added to list: 76507
name added to list: 76508
name added to list: 76509
name added to list: 76510
name added to list: 76511
name added to list: 76512
name added to list: 76513
name added to list: 76514
name added to list: 76515
name added to list: 76516
name added to list: 76517
name added to list: 76518
name added to list: 76519
name added to list: 76520
name added to list: 76521
name added to list: 76522
name added to list: 76523
name added to list: 76524
name added to list: 76525
name added to list: 76526
name added to list: 76527
name added to list: 76528
name added to list: 76529
name added to list: 76530
name added to list: 76531
name added to list: 76532
name added to list: 76533
name added to list: 76534
name added to list: 76535
name added to list: 76536
name added to list: 76537
name added to list: 76538
name added to list: 76539
name added to list: 76540
name added to list: 76541
name added to list: 76542
name added to list: 76543
name added to list: 76544
name added to list: 76545
name added to list: 76546
name added to list: 76547
name added to list: 76548
name added to list: 76549
name added to list: 76550
name added to list: 76551
name added to list: 76552
name added to list: 76553
name added to list: 76554
name added to list: 76555
name added to list: 76556
name added to list: 76557
name added to list: 76558
name added to list: 76559
name added to list: 76560
name added to list: 76561
name added to list: 76562
name added to list: 76563
name added to list: 76564
name added to list: 76565
name added to list: 76566
name added to list: 76567
name added to list: 76568
name added to list: 76569
name added to list: 76570
name added to list: 76571
name added to list: 76572
name added to list: 76573
name added to list: 76574
name added to list: 76575
name added to list: 76576
name added to list: 76577
name added to list: 76578
name added to list: 76579
name added to list: 76580
name added to list: 76581
name added to list: 76582
name added to list: 76583
name added to list: 76584
name added to list: 76585
name added to list: 76586
name added to list: 76587
name added to list: 76588
name added to list: 76589
name added to list: 76590
name added to list: 76591
name added to list: 76592
name added to list: 76593
name added to list: 76594
name added to list: 76595
name added to list: 76596
name added to list: 76597
name added to list: 76598
name added to list: 76599
name added to list: 76600
name added to list: 76601
name added to list: 76602
name added to list: 76603
name added to list: 76604
name added to list: 76605
name added to list: 76606
name added to list: 76607
name added to list: 76608
name added to list: 76609
name added to list: 76610
name added to list: 76611
name added to list: 76612
name added to list: 76613
name added to list: 76614
name added to list: 76615
name added to list: 76616
name added to list: 76617
name added to list: 76618
name added to list: 76619
name added to list: 76620
name added to list: 76621
name added to list: 76622
name added to list: 76623
name added to list: 76624
name added to list: 76625
name added to list: 76626
name added to list: 76627
name added to list: 76628
name added to list: 76629
name added to list: 76630
name added to list: 76631
name added to list: 76632
name added to list: 76633
name added to list: 76634
name added to list: 76635
name added to list: 76636
name added to list: 76637
name added to list: 76638
name added to list: 76639
name added to list: 76640
name added to list: 76641
name added to list: 76642
name added to list: 76643
name added to list: 76644
name added to list: 76645
name added to list: 76646
name added to list: 76647
name added to list: 76648
name added to list: 76649
name added to list: 76650
name added to list: 76651
name added to list: 76652
name added to list: 76653
name added to list: 76654
name added to list: 76655
name added to list: 76656
name added to list: 76657
name added to list: 76658
name added to list: 76659
name added to list: 76660
name added to list: 76661
name added to list: 76662
name added to list: 76663
name added to list: 76664
name added to list: 76665
name added to list: 76666
name added to list: 76667
name added to list: 76668
name added to list: 76669
name added to list: 76670
name added to list: 76671
name added to list: 76672
name added to list: 76673
name added to list: 76674
name added to list: 76675
name added to list: 76676
name added to list: 76677
name added to list: 76678
name added to list: 76679
name added to list: 76680
name added to list: 76681
name added to list: 76682
name added to list: 76683
name added to list: 76684
name added to list: 76685
name added to list: 76686
name added to list: 76687
name added to list: 76688
name added to list: 76689
name added to list: 76690
name added to list: 76691
name added to list: 76692
name added to list: 76693
name added to list: 76694
name added to list: 76695
name added to list: 76696
name added to list: 76697
name added to list: 76698
name added to list: 76699
name added to list: 76700
name added to list: 76701
name added to list: 76702
name added to list: 76703
name added to list: 76704
name added to list: 76705
name added to list: 76706
name added to list: 76707
name added to list: 76708
name added to list: 76709
name added to list: 76710
name added to list: 76711
name added to list: 76712
name added to list: 76713
name added to list: 76714
name added to list: 76715
name added to list: 76716
name added to list: 76717
name added to list: 76718
name added to list: 76719
name added to list: 76720
name added to list: 76721
name added to list: 76722
name added to list: 76723
name added to list: 76724
name added to list: 76725
name added to list: 76726
name added to list: 76727
name added to list: 76728
name added to list: 76729
name added to list: 76730
name added to list: 76731
name added to list: 76732
name added to list: 76733
name added to list: 76734
name added to list: 76735
name added to list: 76736
name added to list: 76737
name added to list: 76738
name added to list: 76739
name added to list: 76740
name added to list: 76741
name added to list: 76742
name added to list: 76743
name added to list: 76744
name added to list: 76745
name added to list: 76746
name added to list: 76747
name added to list: 76748
name added to list: 76749
name added to list: 76750
name added to list: 76751
name added to list: 76752
name added to list: 76753
name added to list: 76754
name added to list: 76755
name added to list: 76756
name added to list: 76757
name added to list: 76758
name added to list: 76759
name added to list: 76760
name added to list: 76761
name added to list: 76762
name added to list: 76763
name added to list: 76764
name added to list: 76765
name added to list: 76766
name added to list: 76767
name added to list: 76768
name added to list: 76769
name added to list: 76770
name added to list: 76771
name added to list: 76772
name added to list: 76773
name added to list: 76774
name added to list: 76775
name added to list: 76776
name added to list: 76777
name added to list: 76778
name added to list: 76779
name added to list: 76780
name added to list: 76781
name added to list: 76782
name added to list: 76783
name added to list: 76784
name added to list: 76785
name added to list: 76786
name added to list: 76787
name added to list: 76788
name added to list: 76789
name added to list: 76790
name added to list: 76791
name added to list: 76792
name added to list: 76793
name added to list: 76794
name added to list: 76795
name added to list: 76796
name added to list: 76797
name added to list: 76798
name added to list: 76799
name added to list: 76800
name added to list: 76801
name added to list: 76802
name added to list: 76803
name added to list: 76804
name added to list: 76805
name added to list: 76806
name added to list: 76807
name added to list: 76808
name added to list: 76809
name added to list: 76810
name added to list: 76811
name added to list: 76812
name added to list: 76813
name added to list: 76814
name added to list: 76815
name added to list: 76816
name added to list: 76817
name added to list: 76818
name added to list: 76819
name added to list: 76820
name added to list: 76821
name added to list: 76822
name added to list: 76823
name added to list: 76824
name added to list: 76825
name added to list: 76826
name added to list: 76827
name added to list: 76828
name added to list: 76829
name added to list: 76830
name added to list: 76831
name added to list: 76832
name added to list: 76833
name added to list: 76834
name added to list: 76835
name added to list: 76836
name added to list: 76837
name added to list: 76838
name added to list: 76839
name added to list: 76840
name added to list: 76841
name added to list: 76842
name added to list: 76843
name added to list: 76844
name added to list: 76845
name added to list: 76846
name added to list: 76847
name added to list: 76848
name added to list: 76849
name added to list: 76850
name added to list: 76851
name added to list: 76852
name added to list: 76853
name added to list: 76854
name added to list: 76855
name added to list: 76856
name added to list: 76857
name added to list: 76858
name added to list: 76859
name added to list: 76860
name added to list: 76861
name added to list: 76862
name added to list: 76863
name added to list: 76864
name added to list: 76865
name added to list: 76866
name added to list: 76867
name added to list: 76868
name added to list: 76869
name added to list: 76870
name added to list: 76871
name added to list: 76872
name added to list: 76873
name added to list: 76874
name added to list: 76875
name added to list: 76876
name added to list: 76877
name added to list: 76878
name added to list: 76879
name added to list: 76880
name added to list: 76881
name added to list: 76882
name added to list: 76883
name added to list: 76884
name added to list: 76885
name added to list: 76886
name added to list: 76887
name added to list: 76888
name added to list: 76889
name added to list: 76890
name added to list: 76891
name added to list: 76892
name added to list: 76893
name added to list: 76894
name added to list: 76895
name added to list: 76896
name added to list: 76897
name added to list: 76898
name added to list: 76899
name added to list: 76900
name added to list: 76901
name added to list: 76902
name added to list: 76903
name added to list: 76904
name added to list: 76905
name added to list: 76906
name added to list: 76907
name added to list: 76908
name added to list: 76909
name added to list: 76910
name added to list: 76911
name added to list: 76912
name added to list: 76913
name added to list: 76914
name added to list: 76915
name added to list: 76916
name added to list: 76917
name added to list: 76918
name added to list: 76919
name added to list: 76920
name added to list: 76921
name added to list: 76922
name added to list: 76923
name added to list: 76924
name added to list: 76925
name added to list: 76926
name added to list: 76927
name added to list: 76928
name added to list: 76929
name added to list: 76930
name added to list: 76931
name added to list: 76932
name added to list: 76933
name added to list: 76934
name added to list: 76935
name added to list: 76936
name added to list: 76937
name added to list: 76938
name added to list: 76939
name added to list: 76940
name added to list: 76941
name added to list: 76942
name added to list: 76943
name added to list: 76944
name added to list: 76945
name added to list: 76946
name added to list: 76947
name added to list: 76948
name added to list: 76949
name added to list: 76950
name added to list: 76951
name added to list: 76952
name added to list: 76953
name added to list: 76954
name added to list: 76955
name added to list: 76956
name added to list: 76957
name added to list: 76958
name added to list: 76959
name added to list: 76960
name added to list: 76961
name added to list: 76962
name added to list: 76963
name added to list: 76964
name added to list: 76965
name added to list: 76966
name added to list: 76967
name added to list: 76968
name added to list: 76969
name added to list: 76970
name added to list: 76971
name added to list: 76972
name added to list: 76973
name added to list: 76974
name added to list: 76975
name added to list: 76976
name added to list: 76977
name added to list: 76978
name added to list: 76979
name added to list: 76980
name added to list: 76981
name added to list: 76982
name added to list: 76983
name added to list: 76984
name added to list: 76985
name added to list: 76986
name added to list: 76987
name added to list: 76988
name added to list: 76989
name added to list: 76990
name added to list: 76991
name added to list: 76992
name added to list: 76993
name added to list: 76994
name added to list: 76995
name added to list: 76996
name added to list: 76997
name added to list: 76998
name added to list: 76999
name added to list: 77000
name added to list: 77001
name added to list: 77002
name added to list: 77003
name added to list: 77004
name added to list: 77005
name added to list: 77006
name added to list: 77007
name added to list: 77008
name added to list: 77009
name added to list: 77010
name added to list: 77011
name added to list: 77012
name added to list: 77013
name added to list: 77014
name added to list: 77015
name added to list: 77016
name added to list: 77017
name added to list: 77018
name added to list: 77019
name added to list: 77020
name added to list: 77021
name added to list: 77022
name added to list: 77023
name added to list: 77024
name added to list: 77025
name added to list: 77026
name added to list: 77027
name added to list: 77028
name added to list: 77029
name added to list: 77030
name added to list: 77031
name added to list: 77032
name added to list: 77033
name added to list: 77034
name added to list: 77035
name added to list: 77036
name added to list: 77037
name added to list: 77038
name added to list: 77039
name added to list: 77040
name added to list: 77041
name added to list: 77042
name added to list: 77043
name added to list: 77044
name added to list: 77045
name added to list: 77046
name added to list: 77047
name added to list: 77048
name added to list: 77049
name added to list: 77050
name added to list: 77051
name added to list: 77052
name added to list: 77053
name added to list: 77054
name added to list: 77055
name added to list: 77056
name added to list: 77057
name added to list: 77058
name added to list: 77059
name added to list: 77060
name added to list: 77061
name added to list: 77062
name added to list: 77063
name added to list: 77064
name added to list: 77065
name added to list: 77066
name added to list: 77067
name added to list: 77068
name added to list: 77069
name added to list: 77070
name added to list: 77071
name added to list: 77072
name added to list: 77073
name added to list: 77074
name added to list: 77075
name added to list: 77076
name added to list: 77077
name added to list: 77078
name added to list: 77079
name added to list: 77080
name added to list: 77081
name added to list: 77082
name added to list: 77083
name added to list: 77084
name added to list: 77085
name added to list: 77086
name added to list: 77087
name added to list: 77088
name added to list: 77089
name added to list: 77090
name added to list: 77091
name added to list: 77092
name added to list: 77093
name added to list: 77094
name added to list: 77095
name added to list: 77096
name added to list: 77097
name added to list: 77098
name added to list: 77099
name added to list: 77100
name added to list: 77101
name added to list: 77102
name added to list: 77103
name added to list: 77104
name added to list: 77105
name added to list: 77106
name added to list: 77107
name added to list: 77108
name added to list: 77109
name added to list: 77110
name added to list: 77111
name added to list: 77112
name added to list: 77113
name added to list: 77114
name added to list: 77115
name added to list: 77116
name added to list: 77117
name added to list: 77118
name added to list: 77119
name added to list: 77120
name added to list: 77121
name added to list: 77122
name added to list: 77123
name added to list: 77124
name added to list: 77125
name added to list: 77126
name added to list: 77127
name added to list: 77128
name added to list: 77129
name added to list: 77130
name added to list: 77131
name added to list: 77132
name added to list: 77133
name added to list: 77134
name added to list: 77135
name added to list: 77136
name added to list: 77137
name added to list: 77138
name added to list: 77139
name added to list: 77140
name added to list: 77141
name added to list: 77142
name added to list: 77143
name added to list: 77144
name added to list: 77145
name added to list: 77146
name added to list: 77147
name added to list: 77148
name added to list: 77149
name added to list: 77150
name added to list: 77151
name added to list: 77152
name added to list: 77153
name added to list: 77154
name added to list: 77155
name added to list: 77156
name added to list: 77157
name added to list: 77158
name added to list: 77159
name added to list: 77160
name added to list: 77161
name added to list: 77162
name added to list: 77163
name added to list: 77164
name added to list: 77165
name added to list: 77166
name added to list: 77167
name added to list: 77168
name added to list: 77169
name added to list: 77170
name added to list: 77171
name added to list: 77172
name added to list: 77173
name added to list: 77174
name added to list: 77175
name added to list: 77176
name added to list: 77177
name added to list: 77178
name added to list: 77179
name added to list: 77180
name added to list: 77181
name added to list: 77182
name added to list: 77183
name added to list: 77184
name added to list: 77185
name added to list: 77186
name added to list: 77187
name added to list: 77188
name added to list: 77189
name added to list: 77190
name added to list: 77191
name added to list: 77192
name added to list: 77193
name added to list: 77194
name added to list: 77195
name added to list: 77196
name added to list: 77197
name added to list: 77198
name added to list: 77199
name added to list: 77200
name added to list: 77201
name added to list: 77202
name added to list: 77203
name added to list: 77204
name added to list: 77205
name added to list: 77206
name added to list: 77207
name added to list: 77208
name added to list: 77209
name added to list: 77210
name added to list: 77211
name added to list: 77212
name added to list: 77213
name added to list: 77214
name added to list: 77215
name added to list: 77216
name added to list: 77217
name added to list: 77218
name added to list: 77219
name added to list: 77220
name added to list: 77221
name added to list: 77222
name added to list: 77223
name added to list: 77224
name added to list: 77225
name added to list: 77226
name added to list: 77227
name added to list: 77228
name added to list: 77229
name added to list: 77230
name added to list: 77231
name added to list: 77232
name added to list: 77233
name added to list: 77234
name added to list: 77235
name added to list: 77236
name added to list: 77237
name added to list: 77238
name added to list: 77239
name added to list: 77240
name added to list: 77241
name added to list: 77242
name added to list: 77243
name added to list: 77244
name added to list: 77245
name added to list: 77246
name added to list: 77247
name added to list: 77248
name added to list: 77249
name added to list: 77250
name added to list: 77251
name added to list: 77252
name added to list: 77253
name added to list: 77254
name added to list: 77255
name added to list: 77256
name added to list: 77257
name added to list: 77258
name added to list: 77259
name added to list: 77260
name added to list: 77261
name added to list: 77262
name added to list: 77263
name added to list: 77264
name added to list: 77265
name added to list: 77266
name added to list: 77267
name added to list: 77268
name added to list: 77269
name added to list: 77270
name added to list: 77271
name added to list: 77272
name added to list: 77273
name added to list: 77274
name added to list: 77275
name added to list: 77276
name added to list: 77277
name added to list: 77278
name added to list: 77279
name added to list: 77280
name added to list: 77281
name added to list: 77282
name added to list: 77283
name added to list: 77284
name added to list: 77285
name added to list: 77286
name added to list: 77287
name added to list: 77288
name added to list: 77289
name added to list: 77290
name added to list: 77291
name added to list: 77292
name added to list: 77293
name added to list: 77294
name added to list: 77295
name added to list: 77296
name added to list: 77297
name added to list: 77298
name added to list: 77299
name added to list: 77300
name added to list: 77301
name added to list: 77302
name added to list: 77303
name added to list: 77304
name added to list: 77305
name added to list: 77306
name added to list: 77307
name added to list: 77308
name added to list: 77309
name added to list: 77310
name added to list: 77311
name added to list: 77312
name added to list: 77313
name added to list: 77314
name added to list: 77315
name added to list: 77316
name added to list: 77317
name added to list: 77318
name added to list: 77319
name added to list: 77320
name added to list: 77321
name added to list: 77322
name added to list: 77323
name added to list: 77324
name added to list: 77325
name added to list: 77326
name added to list: 77327
name added to list: 77328
name added to list: 77329
name added to list: 77330
name added to list: 77331
name added to list: 77332
name added to list: 77333
name added to list: 77334
name added to list: 77335
name added to list: 77336
name added to list: 77337
name added to list: 77338
name added to list: 77339
name added to list: 77340
name added to list: 77341
name added to list: 77342
name added to list: 77343
name added to list: 77344
name added to list: 77345
name added to list: 77346
name added to list: 77347
name added to list: 77348
name added to list: 77349
name added to list: 77350
name added to list: 77351
name added to list: 77352
name added to list: 77353
name added to list: 77354
name added to list: 77355
name added to list: 77356
name added to list: 77357
name added to list: 77358
name added to list: 77359
name added to list: 77360
name added to list: 77361
name added to list: 77362
name added to list: 77363
name added to list: 77364
name added to list: 77365
name added to list: 77366
name added to list: 77367
name added to list: 77368
name added to list: 77369
name added to list: 77370
name added to list: 77371
name added to list: 77372
name added to list: 77373
name added to list: 77374
name added to list: 77375
name added to list: 77376
name added to list: 77377
name added to list: 77378
name added to list: 77379
name added to list: 77380
name added to list: 77381
name added to list: 77382
name added to list: 77383
name added to list: 77384
name added to list: 77385
name added to list: 77386
name added to list: 77387
name added to list: 77388
name added to list: 77389
name added to list: 77390
name added to list: 77391
name added to list: 77392
name added to list: 77393
name added to list: 77394
name added to list: 77395
name added to list: 77396
name added to list: 77397
name added to list: 77398
name added to list: 77399
name added to list: 77400
name added to list: 77401
name added to list: 77402
name added to list: 77403
name added to list: 77404
name added to list: 77405
name added to list: 77406
name added to list: 77407
name added to list: 77408
name added to list: 77409
name added to list: 77410
name added to list: 77411
name added to list: 77412
name added to list: 77413
name added to list: 77414
name added to list: 77415
name added to list: 77416
name added to list: 77417
name added to list: 77418
name added to list: 77419
name added to list: 77420
name added to list: 77421
name added to list: 77422
name added to list: 77423
name added to list: 77424
name added to list: 77425
name added to list: 77426
name added to list: 77427
name added to list: 77428
name added to list: 77429
name added to list: 77430
name added to list: 77431
name added to list: 77432
name added to list: 77433
name added to list: 77434
name added to list: 77435
name added to list: 77436
name added to list: 77437
name added to list: 77438
name added to list: 77439
name added to list: 77440
name added to list: 77441
name added to list: 77442
name added to list: 77443
name added to list: 77444
name added to list: 77445
name added to list: 77446
name added to list: 77447
name added to list: 77448
name added to list: 77449
name added to list: 77450
name added to list: 77451
name added to list: 77452
name added to list: 77453
name added to list: 77454
name added to list: 77455
name added to list: 77456
name added to list: 77457
name added to list: 77458
name added to list: 77459
name added to list: 77460
name added to list: 77461
name added to list: 77462
name added to list: 77463
name added to list: 77464
name added to list: 77465
name added to list: 77466
name added to list: 77467
name added to list: 77468
name added to list: 77469
name added to list: 77470
name added to list: 77471
name added to list: 77472
name added to list: 77473
name added to list: 77474
name added to list: 77475
name added to list: 77476
name added to list: 77477
name added to list: 77478
name added to list: 77479
name added to list: 77480
name added to list: 77481
name added to list: 77482
name added to list: 77483
name added to list: 77484
name added to list: 77485
name added to list: 77486
name added to list: 77487
name added to list: 77488
name added to list: 77489
name added to list: 77490
name added to list: 77491
name added to list: 77492
name added to list: 77493
name added to list: 77494
name added to list: 77495
name added to list: 77496
name added to list: 77497
name added to list: 77498
name added to list: 77499
name added to list: 77500
name added to list: 77501
name added to list: 77502
name added to list: 77503
name added to list: 77504
name added to list: 77505
name added to list: 77506
name added to list: 77507
name added to list: 77508
name added to list: 77509
name added to list: 77510
name added to list: 77511
name added to list: 77512
name added to list: 77513
name added to list: 77514
name added to list: 77515
name added to list: 77516
name added to list: 77517
name added to list: 77518
name added to list: 77519
name added to list: 77520
name added to list: 77521
name added to list: 77522
name added to list: 77523
name added to list: 77524
name added to list: 77525
name added to list: 77526
name added to list: 77527
name added to list: 77528
name added to list: 77529
name added to list: 77530
name added to list: 77531
name added to list: 77532
name added to list: 77533
name added to list: 77534
name added to list: 77535
name added to list: 77536
name added to list: 77537
name added to list: 77538
name added to list: 77539
name added to list: 77540
name added to list: 77541
name added to list: 77542
name added to list: 77543
name added to list: 77544
name added to list: 77545
name added to list: 77546
name added to list: 77547
name added to list: 77548
name added to list: 77549
name added to list: 77550
name added to list: 77551
name added to list: 77552
name added to list: 77553
name added to list: 77554
name added to list: 77555
name added to list: 77556
name added to list: 77557
name added to list: 77558
name added to list: 77559
name added to list: 77560
name added to list: 77561
name added to list: 77562
name added to list: 77563
name added to list: 77564
name added to list: 77565
name added to list: 77566
name added to list: 77567
name added to list: 77568
name added to list: 77569
name added to list: 77570
name added to list: 77571
name added to list: 77572
name added to list: 77573
name added to list: 77574
name added to list: 77575
name added to list: 77576
name added to list: 77577
name added to list: 77578
name added to list: 77579
name added to list: 77580
name added to list: 77581
name added to list: 77582
name added to list: 77583
name added to list: 77584
name added to list: 77585
name added to list: 77586
name added to list: 77587
name added to list: 77588
name added to list: 77589
name added to list: 77590
name added to list: 77591
name added to list: 77592
name added to list: 77593
name added to list: 77594
name added to list: 77595
name added to list: 77596
name added to list: 77597
name added to list: 77598
name added to list: 77599
name added to list: 77600
name added to list: 77601
name added to list: 77602
name added to list: 77603
name added to list: 77604
name added to list: 77605
name added to list: 77606
name added to list: 77607
name added to list: 77608
name added to list: 77609
name added to list: 77610
name added to list: 77611
name added to list: 77612
name added to list: 77613
name added to list: 77614
name added to list: 77615
name added to list: 77616
name added to list: 77617
name added to list: 77618
name added to list: 77619
name added to list: 77620
name added to list: 77621
name added to list: 77622
name added to list: 77623
name added to list: 77624
name added to list: 77625
name added to list: 77626
name added to list: 77627
name added to list: 77628
name added to list: 77629
name added to list: 77630
name added to list: 77631
name added to list: 77632
name added to list: 77633
name added to list: 77634
name added to list: 77635
name added to list: 77636
name added to list: 77637
name added to list: 77638
name added to list: 77639
name added to list: 77640
name added to list: 77641
name added to list: 77642
name added to list: 77643
name added to list: 77644
name added to list: 77645
name added to list: 77646
name added to list: 77647
name added to list: 77648
name added to list: 77649
name added to list: 77650
name added to list: 77651
name added to list: 77652
name added to list: 77653
name added to list: 77654
name added to list: 77655
name added to list: 77656
name added to list: 77657
name added to list: 77658
name added to list: 77659
name added to list: 77660
name added to list: 77661
name added to list: 77662
name added to list: 77663
name added to list: 77664
name added to list: 77665
name added to list: 77666
name added to list: 77667
name added to list: 77668
name added to list: 77669
name added to list: 77670
name added to list: 77671
name added to list: 77672
name added to list: 77673
name added to list: 77674
name added to list: 77675
name added to list: 77676
name added to list: 77677
name added to list: 77678
name added to list: 77679
name added to list: 77680
name added to list: 77681
name added to list: 77682
name added to list: 77683
name added to list: 77684
name added to list: 77685
name added to list: 77686
name added to list: 77687
name added to list: 77688
name added to list: 77689
name added to list: 77690
name added to list: 77691
name added to list: 77692
name added to list: 77693
name added to list: 77694
name added to list: 77695
name added to list: 77696
name added to list: 77697
name added to list: 77698
name added to list: 77699
name added to list: 77700
name added to list: 77701
name added to list: 77702
name added to list: 77703
name added to list: 77704
name added to list: 77705
name added to list: 77706
name added to list: 77707
name added to list: 77708
name added to list: 77709
name added to list: 77710
name added to list: 77711
name added to list: 77712
name added to list: 77713
name added to list: 77714
name added to list: 77715
name added to list: 77716
name added to list: 77717
name added to list: 77718
name added to list: 77719
name added to list: 77720
name added to list: 77721
name added to list: 77722
name added to list: 77723
name added to list: 77724
name added to list: 77725
name added to list: 77726
name added to list: 77727
name added to list: 77728
name added to list: 77729
name added to list: 77730
name added to list: 77731
name added to list: 77732
name added to list: 77733
name added to list: 77734
name added to list: 77735
name added to list: 77736
name added to list: 77737
name added to list: 77738
name added to list: 77739
name added to list: 77740
name added to list: 77741
name added to list: 77742
name added to list: 77743
name added to list: 77744
name added to list: 77745
name added to list: 77746
name added to list: 77747
name added to list: 77748
name added to list: 77749
name added to list: 77750
name added to list: 77751
name added to list: 77752
name added to list: 77753
name added to list: 77754
name added to list: 77755
name added to list: 77756
name added to list: 77757
name added to list: 77758
name added to list: 77759
name added to list: 77760
name added to list: 77761
name added to list: 77762
name added to list: 77763
name added to list: 77764
name added to list: 77765
name added to list: 77766
name added to list: 77767
name added to list: 77768
name added to list: 77769
name added to list: 77770
name added to list: 77771
name added to list: 77772
name added to list: 77773
name added to list: 77774
name added to list: 77775
name added to list: 77776
name added to list: 77777
name added to list: 77778
name added to list: 77779
name added to list: 77780
name added to list: 77781
name added to list: 77782
name added to list: 77783
name added to list: 77784
name added to list: 77785
name added to list: 77786
name added to list: 77787
name added to list: 77788
name added to list: 77789
name added to list: 77790
name added to list: 77791
name added to list: 77792
name added to list: 77793
name added to list: 77794
name added to list: 77795
name added to list: 77796
name added to list: 77797
name added to list: 77798
name added to list: 77799
name added to list: 77800
name added to list: 77801
name added to list: 77802
name added to list: 77803
name added to list: 77804
name added to list: 77805
name added to list: 77806
name added to list: 77807
name added to list: 77808
name added to list: 77809
name added to list: 77810
name added to list: 77811
name added to list: 77812
name added to list: 77813
name added to list: 77814
name added to list: 77815
name added to list: 77816
name added to list: 77817
name added to list: 77818
name added to list: 77819
name added to list: 77820
name added to list: 77821
name added to list: 77822
name added to list: 77823
name added to list: 77824
name added to list: 77825
name added to list: 77826
name added to list: 77827
name added to list: 77828
name added to list: 77829
name added to list: 77830
name added to list: 77831
name added to list: 77832
name added to list: 77833
name added to list: 77834
name added to list: 77835
name added to list: 77836
name added to list: 77837
name added to list: 77838
name added to list: 77839
name added to list: 77840
name added to list: 77841
name added to list: 77842
name added to list: 77843
name added to list: 77844
name added to list: 77845
name added to list: 77846
name added to list: 77847
name added to list: 77848
name added to list: 77849
name added to list: 77850
name added to list: 77851
name added to list: 77852
name added to list: 77853
name added to list: 77854
name added to list: 77855
name added to list: 77856
name added to list: 77857
name added to list: 77858
name added to list: 77859
name added to list: 77860
name added to list: 77861
name added to list: 77862
name added to list: 77863
name added to list: 77864
name added to list: 77865
name added to list: 77866
name added to list: 77867
name added to list: 77868
name added to list: 77869
name added to list: 77870
name added to list: 77871
name added to list: 77872
name added to list: 77873
name added to list: 77874
name added to list: 77875
name added to list: 77876
name added to list: 77877
name added to list: 77878
name added to list: 77879
name added to list: 77880
name added to list: 77881
name added to list: 77882
name added to list: 77883
name added to list: 77884
name added to list: 77885
name added to list: 77886
name added to list: 77887
name added to list: 77888
name added to list: 77889
name added to list: 77890
name added to list: 77891
name added to list: 77892
name added to list: 77893
name added to list: 77894
name added to list: 77895
name added to list: 77896
name added to list: 77897
name added to list: 77898
name added to list: 77899
name added to list: 77900
name added to list: 77901
name added to list: 77902
name added to list: 77903
name added to list: 77904
name added to list: 77905
name added to list: 77906
name added to list: 77907
name added to list: 77908
name added to list: 77909
name added to list: 77910
name added to list: 77911
name added to list: 77912
name added to list: 77913
name added to list: 77914
name added to list: 77915
name added to list: 77916
name added to list: 77917
name added to list: 77918
name added to list: 77919
name added to list: 77920
name added to list: 77921
name added to list: 77922
name added to list: 77923
name added to list: 77924
name added to list: 77925
name added to list: 77926
name added to list: 77927
name added to list: 77928
name added to list: 77929
name added to list: 77930
name added to list: 77931
name added to list: 77932
name added to list: 77933
name added to list: 77934
name added to list: 77935
name added to list: 77936
name added to list: 77937
name added to list: 77938
name added to list: 77939
name added to list: 77940
name added to list: 77941
name added to list: 77942
name added to list: 77943
name added to list: 77944
name added to list: 77945
name added to list: 77946
name added to list: 77947
name added to list: 77948
name added to list: 77949
name added to list: 77950
name added to list: 77951
name added to list: 77952
name added to list: 77953
name added to list: 77954
name added to list: 77955
name added to list: 77956
name added to list: 77957
name added to list: 77958
name added to list: 77959
name added to list: 77960
name added to list: 77961
name added to list: 77962
name added to list: 77963
name added to list: 77964
name added to list: 77965
name added to list: 77966
name added to list: 77967
name added to list: 77968
name added to list: 77969
name added to list: 77970
name added to list: 77971
name added to list: 77972
name added to list: 77973
name added to list: 77974
name added to list: 77975
name added to list: 77976
name added to list: 77977
name added to list: 77978
name added to list: 77979
name added to list: 77980
name added to list: 77981
name added to list: 77982
name added to list: 77983
name added to list: 77984
name added to list: 77985
name added to list: 77986
name added to list: 77987
name added to list: 77988
name added to list: 77989
name added to list: 77990
name added to list: 77991
name added to list: 77992
name added to list: 77993
name added to list: 77994
name added to list: 77995
name added to list: 77996
name added to list: 77997
name added to list: 77998
name added to list: 77999
name added to list: 78000
name added to list: 78001
name added to list: 78002
name added to list: 78003
name added to list: 78004
name added to list: 78005
name added to list: 78006
name added to list: 78007
name added to list: 78008
name added to list: 78009
name added to list: 78010
name added to list: 78011
name added to list: 78012
name added to list: 78013
name added to list: 78014
name added to list: 78015
name added to list: 78016
name added to list: 78017
name added to list: 78018
name added to list: 78019
name added to list: 78020
name added to list: 78021
name added to list: 78022
name added to list: 78023
name added to list: 78024
name added to list: 78025
name added to list: 78026
name added to list: 78027
name added to list: 78028
name added to list: 78029
name added to list: 78030
name added to list: 78031
name added to list: 78032
name added to list: 78033
name added to list: 78034
name added to list: 78035
name added to list: 78036
name added to list: 78037
name added to list: 78038
name added to list: 78039
name added to list: 78040
name added to list: 78041
name added to list: 78042
name added to list: 78043
name added to list: 78044
name added to list: 78045
name added to list: 78046
name added to list: 78047
name added to list: 78048
name added to list: 78049
name added to list: 78050
name added to list: 78051
name added to list: 78052
name added to list: 78053
name added to list: 78054
name added to list: 78055
name added to list: 78056
name added to list: 78057
name added to list: 78058
name added to list: 78059
name added to list: 78060
name added to list: 78061
name added to list: 78062
name added to list: 78063
name added to list: 78064
name added to list: 78065
name added to list: 78066
name added to list: 78067
name added to list: 78068
name added to list: 78069
name added to list: 78070
name added to list: 78071
name added to list: 78072
name added to list: 78073
name added to list: 78074
name added to list: 78075
name added to list: 78076
name added to list: 78077
name added to list: 78078
name added to list: 78079
name added to list: 78080
name added to list: 78081
name added to list: 78082
name added to list: 78083
name added to list: 78084
name added to list: 78085
name added to list: 78086
name added to list: 78087
name added to list: 78088
name added to list: 78089
name added to list: 78090
name added to list: 78091
name added to list: 78092
name added to list: 78093
name added to list: 78094
name added to list: 78095
name added to list: 78096
name added to list: 78097
name added to list: 78098
name added to list: 78099
name added to list: 78100
name added to list: 78101
name added to list: 78102
name added to list: 78103
name added to list: 78104
name added to list: 78105
name added to list: 78106
name added to list: 78107
name added to list: 78108
name added to list: 78109
name added to list: 78110
name added to list: 78111
name added to list: 78112
name added to list: 78113
name added to list: 78114
name added to list: 78115
name added to list: 78116
name added to list: 78117
name added to list: 78118
name added to list: 78119
name added to list: 78120
name added to list: 78121
name added to list: 78122
name added to list: 78123
name added to list: 78124
name added to list: 78125
name added to list: 78126
name added to list: 78127
name added to list: 78128
name added to list: 78129
name added to list: 78130
name added to list: 78131
name added to list: 78132
name added to list: 78133
name added to list: 78134
name added to list: 78135
name added to list: 78136
name added to list: 78137
name added to list: 78138
name added to list: 78139
name added to list: 78140
name added to list: 78141
name added to list: 78142
name added to list: 78143
name added to list: 78144
name added to list: 78145
name added to list: 78146
name added to list: 78147
name added to list: 78148
name added to list: 78149
name added to list: 78150
name added to list: 78151
name added to list: 78152
name added to list: 78153
name added to list: 78154
name added to list: 78155
name added to list: 78156
name added to list: 78157
name added to list: 78158
name added to list: 78159
name added to list: 78160
name added to list: 78161
name added to list: 78162
name added to list: 78163
name added to list: 78164
name added to list: 78165
name added to list: 78166
name added to list: 78167
name added to list: 78168
name added to list: 78169
name added to list: 78170
name added to list: 78171
name added to list: 78172
name added to list: 78173
name added to list: 78174
name added to list: 78175
name added to list: 78176
name added to list: 78177
name added to list: 78178
name added to list: 78179
name added to list: 78180
name added to list: 78181
name added to list: 78182
name added to list: 78183
name added to list: 78184
name added to list: 78185
name added to list: 78186
name added to list: 78187
name added to list: 78188
name added to list: 78189
name added to list: 78190
name added to list: 78191
name added to list: 78192
name added to list: 78193
name added to list: 78194
name added to list: 78195
name added to list: 78196
name added to list: 78197
name added to list: 78198
name added to list: 78199
name added to list: 78200
name added to list: 78201
name added to list: 78202
name added to list: 78203
name added to list: 78204
name added to list: 78205
name added to list: 78206
name added to list: 78207
name added to list: 78208
name added to list: 78209
name added to list: 78210
name added to list: 78211
name added to list: 78212
name added to list: 78213
name added to list: 78214
name added to list: 78215
name added to list: 78216
name added to list: 78217
name added to list: 78218
name added to list: 78219
name added to list: 78220
name added to list: 78221
name added to list: 78222
name added to list: 78223
name added to list: 78224
name added to list: 78225
name added to list: 78226
name added to list: 78227
name added to list: 78228
name added to list: 78229
name added to list: 78230
name added to list: 78231
name added to list: 78232
name added to list: 78233
name added to list: 78234
name added to list: 78235
name added to list: 78236
name added to list: 78237
name added to list: 78238
name added to list: 78239
name added to list: 78240
name added to list: 78241
name added to list: 78242
name added to list: 78243
name added to list: 78244
name added to list: 78245
name added to list: 78246
name added to list: 78247
name added to list: 78248
name added to list: 78249
name added to list: 78250
name added to list: 78251
name added to list: 78252
name added to list: 78253
name added to list: 78254
name added to list: 78255
name added to list: 78256
name added to list: 78257
name added to list: 78258
name added to list: 78259
name added to list: 78260
name added to list: 78261
name added to list: 78262
name added to list: 78263
name added to list: 78264
name added to list: 78265
name added to list: 78266
name added to list: 78267
name added to list: 78268
name added to list: 78269
name added to list: 78270
name added to list: 78271
name added to list: 78272
name added to list: 78273
name added to list: 78274
name added to list: 78275
name added to list: 78276
name added to list: 78277
name added to list: 78278
name added to list: 78279
name added to list: 78280
name added to list: 78281
name added to list: 78282
name added to list: 78283
name added to list: 78284
name added to list: 78285
name added to list: 78286
name added to list: 78287
name added to list: 78288
name added to list: 78289
name added to list: 78290
name added to list: 78291
name added to list: 78292
name added to list: 78293
name added to list: 78294
name added to list: 78295
name added to list: 78296
name added to list: 78297
name added to list: 78298
name added to list: 78299
name added to list: 78300
name added to list: 78301
name added to list: 78302
name added to list: 78303
name added to list: 78304
name added to list: 78305
name added to list: 78306
name added to list: 78307
name added to list: 78308
name added to list: 78309
name added to list: 78310
name added to list: 78311
name added to list: 78312
name added to list: 78313
name added to list: 78314
name added to list: 78315
name added to list: 78316
name added to list: 78317
name added to list: 78318
name added to list: 78319
name added to list: 78320
name added to list: 78321
name added to list: 78322
name added to list: 78323
name added to list: 78324
name added to list: 78325
name added to list: 78326
name added to list: 78327
name added to list: 78328
name added to list: 78329
name added to list: 78330
name added to list: 78331
name added to list: 78332
name added to list: 78333
name added to list: 78334
name added to list: 78335
name added to list: 78336
name added to list: 78337
name added to list: 78338
name added to list: 78339
name added to list: 78340
name added to list: 78341
name added to list: 78342
name added to list: 78343
name added to list: 78344
name added to list: 78345
name added to list: 78346
name added to list: 78347
name added to list: 78348
name added to list: 78349
name added to list: 78350
name added to list: 78351
name added to list: 78352
name added to list: 78353
name added to list: 78354
name added to list: 78355
name added to list: 78356
name added to list: 78357
name added to list: 78358
name added to list: 78359
name added to list: 78360
name added to list: 78361
name added to list: 78362
name added to list: 78363
name added to list: 78364
name added to list: 78365
name added to list: 78366
name added to list: 78367
name added to list: 78368
name added to list: 78369
name added to list: 78370
name added to list: 78371
name added to list: 78372
name added to list: 78373
name added to list: 78374
name added to list: 78375
name added to list: 78376
name added to list: 78377
name added to list: 78378
name added to list: 78379
name added to list: 78380
name added to list: 78381
name added to list: 78382
name added to list: 78383
name added to list: 78384
name added to list: 78385
name added to list: 78386
name added to list: 78387
name added to list: 78388
name added to list: 78389
name added to list: 78390
name added to list: 78391
name added to list: 78392
name added to list: 78393
name added to list: 78394
name added to list: 78395
name added to list: 78396
name added to list: 78397
name added to list: 78398
name added to list: 78399
name added to list: 78400
name added to list: 78401
name added to list: 78402
name added to list: 78403
name added to list: 78404
name added to list: 78405
name added to list: 78406
name added to list: 78407
name added to list: 78408
name added to list: 78409
name added to list: 78410
name added to list: 78411
name added to list: 78412
name added to list: 78413
name added to list: 78414
name added to list: 78415
name added to list: 78416
name added to list: 78417
name added to list: 78418
name added to list: 78419
name added to list: 78420
name added to list: 78421
name added to list: 78422
name added to list: 78423
name added to list: 78424
name added to list: 78425
name added to list: 78426
name added to list: 78427
name added to list: 78428
name added to list: 78429
name added to list: 78430
name added to list: 78431
name added to list: 78432
name added to list: 78433
name added to list: 78434
name added to list: 78435
name added to list: 78436
name added to list: 78437
name added to list: 78438
name added to list: 78439
name added to list: 78440
name added to list: 78441
name added to list: 78442
name added to list: 78443
name added to list: 78444
name added to list: 78445
name added to list: 78446
name added to list: 78447
name added to list: 78448
name added to list: 78449
name added to list: 78450
name added to list: 78451
name added to list: 78452
name added to list: 78453
name added to list: 78454
name added to list: 78455
name added to list: 78456
name added to list: 78457
name added to list: 78458
name added to list: 78459
name added to list: 78460
name added to list: 78461
name added to list: 78462
name added to list: 78463
name added to list: 78464
name added to list: 78465
name added to list: 78466
name added to list: 78467
name added to list: 78468
name added to list: 78469
name added to list: 78470
name added to list: 78471
name added to list: 78472
name added to list: 78473
name added to list: 78474
name added to list: 78475
name added to list: 78476
name added to list: 78477
name added to list: 78478
name added to list: 78479
name added to list: 78480
name added to list: 78481
name added to list: 78482
name added to list: 78483
name added to list: 78484
name added to list: 78485
name added to list: 78486
name added to list: 78487
name added to list: 78488
name added to list: 78489
name added to list: 78490
name added to list: 78491
name added to list: 78492
name added to list: 78493
name added to list: 78494
name added to list: 78495
name added to list: 78496
name added to list: 78497
name added to list: 78498
name added to list: 78499
name added to list: 78500
name added to list: 78501
name added to list: 78502
name added to list: 78503
name added to list: 78504
name added to list: 78505
name added to list: 78506
name added to list: 78507
name added to list: 78508
name added to list: 78509
name added to list: 78510
name added to list: 78511
name added to list: 78512
name added to list: 78513
name added to list: 78514
name added to list: 78515
name added to list: 78516
name added to list: 78517
name added to list: 78518
name added to list: 78519
name added to list: 78520
name added to list: 78521
name added to list: 78522
name added to list: 78523
name added to list: 78524
name added to list: 78525
name added to list: 78526
name added to list: 78527
name added to list: 78528
name added to list: 78529
name added to list: 78530
name added to list: 78531
name added to list: 78532
name added to list: 78533
name added to list: 78534
name added to list: 78535
name added to list: 78536
name added to list: 78537
name added to list: 78538
name added to list: 78539
name added to list: 78540
name added to list: 78541
name added to list: 78542
name added to list: 78543
name added to list: 78544
name added to list: 78545
name added to list: 78546
name added to list: 78547
name added to list: 78548
name added to list: 78549
name added to list: 78550
name added to list: 78551
name added to list: 78552
name added to list: 78553
name added to list: 78554
name added to list: 78555
name added to list: 78556
name added to list: 78557
name added to list: 78558
name added to list: 78559
name added to list: 78560
name added to list: 78561
name added to list: 78562
name added to list: 78563
name added to list: 78564
name added to list: 78565
name added to list: 78566
name added to list: 78567
name added to list: 78568
name added to list: 78569
name added to list: 78570
name added to list: 78571
name added to list: 78572
name added to list: 78573
name added to list: 78574
name added to list: 78575
name added to list: 78576
name added to list: 78577
name added to list: 78578
name added to list: 78579
name added to list: 78580
name added to list: 78581
name added to list: 78582
name added to list: 78583
name added to list: 78584
name added to list: 78585
name added to list: 78586
name added to list: 78587
name added to list: 78588
name added to list: 78589
name added to list: 78590
name added to list: 78591
name added to list: 78592
name added to list: 78593
name added to list: 78594
name added to list: 78595
name added to list: 78596
name added to list: 78597
name added to list: 78598
name added to list: 78599
name added to list: 78600
name added to list: 78601
name added to list: 78602
name added to list: 78603
name added to list: 78604
name added to list: 78605
name added to list: 78606
name added to list: 78607
name added to list: 78608
name added to list: 78609
name added to list: 78610
name added to list: 78611
name added to list: 78612
name added to list: 78613
name added to list: 78614
name added to list: 78615
name added to list: 78616
name added to list: 78617
name added to list: 78618
name added to list: 78619
name added to list: 78620
name added to list: 78621
name added to list: 78622
name added to list: 78623
name added to list: 78624
name added to list: 78625
name added to list: 78626
name added to list: 78627
name added to list: 78628
name added to list: 78629
name added to list: 78630
name added to list: 78631
name added to list: 78632
name added to list: 78633
name added to list: 78634
name added to list: 78635
name added to list: 78636
name added to list: 78637
name added to list: 78638
name added to list: 78639
name added to list: 78640
name added to list: 78641
name added to list: 78642
name added to list: 78643
name added to list: 78644
name added to list: 78645
name added to list: 78646
name added to list: 78647
name added to list: 78648
name added to list: 78649
name added to list: 78650
name added to list: 78651
name added to list: 78652
name added to list: 78653
name added to list: 78654
name added to list: 78655
name added to list: 78656
name added to list: 78657
name added to list: 78658
name added to list: 78659
name added to list: 78660
name added to list: 78661
name added to list: 78662
name added to list: 78663
name added to list: 78664
name added to list: 78665
name added to list: 78666
name added to list: 78667
name added to list: 78668
name added to list: 78669
name added to list: 78670
name added to list: 78671
name added to list: 78672
name added to list: 78673
name added to list: 78674
name added to list: 78675
name added to list: 78676
name added to list: 78677
name added to list: 78678
name added to list: 78679
name added to list: 78680
name added to list: 78681
name added to list: 78682
name added to list: 78683
name added to list: 78684
name added to list: 78685
name added to list: 78686
name added to list: 78687
name added to list: 78688
name added to list: 78689
name added to list: 78690
name added to list: 78691
name added to list: 78692
name added to list: 78693
name added to list: 78694
name added to list: 78695
name added to list: 78696
name added to list: 78697
name added to list: 78698
name added to list: 78699
name added to list: 78700
name added to list: 78701
name added to list: 78702
name added to list: 78703
name added to list: 78704
name added to list: 78705
name added to list: 78706
name added to list: 78707
name added to list: 78708
name added to list: 78709
name added to list: 78710
name added to list: 78711
name added to list: 78712
name added to list: 78713
name added to list: 78714
name added to list: 78715
name added to list: 78716
name added to list: 78717
name added to list: 78718
name added to list: 78719
name added to list: 78720
name added to list: 78721
name added to list: 78722
name added to list: 78723
name added to list: 78724
name added to list: 78725
name added to list: 78726
name added to list: 78727
name added to list: 78728
name added to list: 78729
name added to list: 78730
name added to list: 78731
name added to list: 78732
name added to list: 78733
name added to list: 78734
name added to list: 78735
name added to list: 78736
name added to list: 78737
name added to list: 78738
name added to list: 78739
name added to list: 78740
name added to list: 78741
name added to list: 78742
name added to list: 78743
name added to list: 78744
name added to list: 78745
name added to list: 78746
name added to list: 78747
name added to list: 78748
name added to list: 78749
name added to list: 78750
name added to list: 78751
name added to list: 78752
name added to list: 78753
name added to list: 78754
name added to list: 78755
name added to list: 78756
name added to list: 78757
name added to list: 78758
name added to list: 78759
name added to list: 78760
name added to list: 78761
name added to list: 78762
name added to list: 78763
name added to list: 78764
name added to list: 78765
name added to list: 78766
name added to list: 78767
name added to list: 78768
name added to list: 78769
name added to list: 78770
name added to list: 78771
name added to list: 78772
name added to list: 78773
name added to list: 78774
name added to list: 78775
name added to list: 78776
name added to list: 78777
name added to list: 78778
name added to list: 78779
name added to list: 78780
name added to list: 78781
name added to list: 78782
name added to list: 78783
name added to list: 78784
name added to list: 78785
name added to list: 78786
name added to list: 78787
name added to list: 78788
name added to list: 78789
name added to list: 78790
name added to list: 78791
name added to list: 78792
name added to list: 78793
name added to list: 78794
name added to list: 78795
name added to list: 78796
name added to list: 78797
name added to list: 78798
name added to list: 78799
name added to list: 78800
name added to list: 78801
name added to list: 78802
name added to list: 78803
name added to list: 78804
name added to list: 78805
name added to list: 78806
name added to list: 78807
name added to list: 78808
name added to list: 78809
name added to list: 78810
name added to list: 78811
name added to list: 78812
name added to list: 78813
name added to list: 78814
name added to list: 78815
name added to list: 78816
name added to list: 78817
name added to list: 78818
name added to list: 78819
name added to list: 78820
name added to list: 78821
name added to list: 78822
name added to list: 78823
name added to list: 78824
name added to list: 78825
name added to list: 78826
name added to list: 78827
name added to list: 78828
name added to list: 78829
name added to list: 78830
name added to list: 78831
name added to list: 78832
name added to list: 78833
name added to list: 78834
name added to list: 78835
name added to list: 78836
name added to list: 78837
name added to list: 78838
name added to list: 78839
name added to list: 78840
name added to list: 78841
name added to list: 78842
name added to list: 78843
name added to list: 78844
name added to list: 78845
name added to list: 78846
name added to list: 78847
name added to list: 78848
name added to list: 78849
name added to list: 78850
name added to list: 78851
name added to list: 78852
name added to list: 78853
name added to list: 78854
name added to list: 78855
name added to list: 78856
name added to list: 78857
name added to list: 78858
name added to list: 78859
name added to list: 78860
name added to list: 78861
name added to list: 78862
name added to list: 78863
name added to list: 78864
name added to list: 78865
name added to list: 78866
name added to list: 78867
name added to list: 78868
name added to list: 78869
name added to list: 78870
name added to list: 78871
name added to list: 78872
name added to list: 78873
name added to list: 78874
name added to list: 78875
name added to list: 78876
name added to list: 78877
name added to list: 78878
name added to list: 78879
name added to list: 78880
name added to list: 78881
name added to list: 78882
name added to list: 78883
name added to list: 78884
name added to list: 78885
name added to list: 78886
name added to list: 78887
name added to list: 78888
name added to list: 78889
name added to list: 78890
name added to list: 78891
name added to list: 78892
name added to list: 78893
name added to list: 78894
name added to list: 78895
name added to list: 78896
name added to list: 78897
name added to list: 78898
name added to list: 78899
name added to list: 78900
name added to list: 78901
name added to list: 78902
name added to list: 78903
name added to list: 78904
name added to list: 78905
name added to list: 78906
name added to list: 78907
name added to list: 78908
name added to list: 78909
name added to list: 78910
name added to list: 78911
name added to list: 78912
name added to list: 78913
name added to list: 78914
name added to list: 78915
name added to list: 78916
name added to list: 78917
name added to list: 78918
name added to list: 78919
name added to list: 78920
name added to list: 78921
name added to list: 78922
name added to list: 78923
name added to list: 78924
name added to list: 78925
name added to list: 78926
name added to list: 78927
name added to list: 78928
name added to list: 78929
name added to list: 78930
name added to list: 78931
name added to list: 78932
name added to list: 78933
name added to list: 78934
name added to list: 78935
name added to list: 78936
name added to list: 78937
name added to list: 78938
name added to list: 78939
name added to list: 78940
name added to list: 78941
name added to list: 78942
name added to list: 78943
name added to list: 78944
name added to list: 78945
name added to list: 78946
name added to list: 78947
name added to list: 78948
name added to list: 78949
name added to list: 78950
name added to list: 78951
name added to list: 78952
name added to list: 78953
name added to list: 78954
name added to list: 78955
name added to list: 78956
name added to list: 78957
name added to list: 78958
name added to list: 78959
name added to list: 78960
name added to list: 78961
name added to list: 78962
name added to list: 78963
name added to list: 78964
name added to list: 78965
name added to list: 78966
name added to list: 78967
name added to list: 78968
name added to list: 78969
name added to list: 78970
name added to list: 78971
name added to list: 78972
name added to list: 78973
name added to list: 78974
name added to list: 78975
name added to list: 78976
name added to list: 78977
name added to list: 78978
name added to list: 78979
name added to list: 78980
name added to list: 78981
name added to list: 78982
name added to list: 78983
name added to list: 78984
name added to list: 78985
name added to list: 78986
name added to list: 78987
name added to list: 78988
name added to list: 78989
name added to list: 78990
name added to list: 78991
name added to list: 78992
name added to list: 78993
name added to list: 78994
name added to list: 78995
name added to list: 78996
name added to list: 78997
name added to list: 78998
name added to list: 78999
name added to list: 79000
name added to list: 79001
name added to list: 79002
name added to list: 79003
name added to list: 79004
name added to list: 79005
name added to list: 79006
name added to list: 79007
name added to list: 79008
name added to list: 79009
name added to list: 79010
name added to list: 79011
name added to list: 79012
name added to list: 79013
name added to list: 79014
name added to list: 79015
name added to list: 79016
name added to list: 79017
name added to list: 79018
name added to list: 79019
name added to list: 79020
name added to list: 79021
name added to list: 79022
name added to list: 79023
name added to list: 79024
name added to list: 79025
name added to list: 79026
name added to list: 79027
name added to list: 79028
name added to list: 79029
name added to list: 79030
name added to list: 79031
name added to list: 79032
name added to list: 79033
name added to list: 79034
name added to list: 79035
name added to list: 79036
name added to list: 79037
name added to list: 79038
name added to list: 79039
name added to list: 79040
name added to list: 79041
name added to list: 79042
name added to list: 79043
name added to list: 79044
name added to list: 79045
name added to list: 79046
name added to list: 79047
name added to list: 79048
name added to list: 79049
name added to list: 79050
name added to list: 79051
name added to list: 79052
name added to list: 79053
name added to list: 79054
name added to list: 79055
name added to list: 79056
name added to list: 79057
name added to list: 79058
name added to list: 79059
name added to list: 79060
name added to list: 79061
name added to list: 79062
name added to list: 79063
name added to list: 79064
name added to list: 79065
name added to list: 79066
name added to list: 79067
name added to list: 79068
name added to list: 79069
name added to list: 79070
name added to list: 79071
name added to list: 79072
name added to list: 79073
name added to list: 79074
name added to list: 79075
name added to list: 79076
name added to list: 79077
name added to list: 79078
name added to list: 79079
name added to list: 79080
name added to list: 79081
name added to list: 79082
name added to list: 79083
name added to list: 79084
name added to list: 79085
name added to list: 79086
name added to list: 79087
name added to list: 79088
name added to list: 79089
name added to list: 79090
name added to list: 79091
name added to list: 79092
name added to list: 79093
name added to list: 79094
name added to list: 79095
name added to list: 79096
name added to list: 79097
name added to list: 79098
name added to list: 79099
name added to list: 79100
name added to list: 79101
name added to list: 79102
name added to list: 79103
name added to list: 79104
name added to list: 79105
name added to list: 79106
name added to list: 79107
name added to list: 79108
name added to list: 79109
name added to list: 79110
name added to list: 79111
name added to list: 79112
name added to list: 79113
name added to list: 79114
name added to list: 79115
name added to list: 79116
name added to list: 79117
name added to list: 79118
name added to list: 79119
name added to list: 79120
name added to list: 79121
name added to list: 79122
name added to list: 79123
name added to list: 79124
name added to list: 79125
name added to list: 79126
name added to list: 79127
name added to list: 79128
name added to list: 79129
name added to list: 79130
name added to list: 79131
name added to list: 79132
name added to list: 79133
name added to list: 79134
name added to list: 79135
name added to list: 79136
name added to list: 79137
name added to list: 79138
name added to list: 79139
name added to list: 79140
name added to list: 79141
name added to list: 79142
name added to list: 79143
name added to list: 79144
name added to list: 79145
name added to list: 79146
name added to list: 79147
name added to list: 79148
name added to list: 79149
name added to list: 79150
name added to list: 79151
name added to list: 79152
name added to list: 79153
name added to list: 79154
name added to list: 79155
name added to list: 79156
name added to list: 79157
name added to list: 79158
name added to list: 79159
name added to list: 79160
name added to list: 79161
name added to list: 79162
name added to list: 79163
name added to list: 79164
name added to list: 79165
name added to list: 79166
name added to list: 79167
name added to list: 79168
name added to list: 79169
name added to list: 79170
name added to list: 79171
name added to list: 79172
name added to list: 79173
name added to list: 79174
name added to list: 79175
name added to list: 79176
name added to list: 79177
name added to list: 79178
name added to list: 79179
name added to list: 79180
name added to list: 79181
name added to list: 79182
name added to list: 79183
name added to list: 79184
name added to list: 79185
name added to list: 79186
name added to list: 79187
name added to list: 79188
name added to list: 79189
name added to list: 79190
name added to list: 79191
name added to list: 79192
name added to list: 79193
name added to list: 79194
name added to list: 79195
name added to list: 79196
name added to list: 79197
name added to list: 79198
name added to list: 79199
name added to list: 79200
name added to list: 79201
name added to list: 79202
name added to list: 79203
name added to list: 79204
name added to list: 79205
name added to list: 79206
name added to list: 79207
name added to list: 79208
name added to list: 79209
name added to list: 79210
name added to list: 79211
name added to list: 79212
name added to list: 79213
name added to list: 79214
name added to list: 79215
name added to list: 79216
name added to list: 79217
name added to list: 79218
name added to list: 79219
name added to list: 79220
name added to list: 79221
name added to list: 79222
name added to list: 79223
name added to list: 79224
name added to list: 79225
name added to list: 79226
name added to list: 79227
name added to list: 79228
name added to list: 79229
name added to list: 79230
name added to list: 79231
name added to list: 79232
name added to list: 79233
name added to list: 79234
name added to list: 79235
name added to list: 79236
name added to list: 79237
name added to list: 79238
name added to list: 79239
name added to list: 79240
name added to list: 79241
name added to list: 79242
name added to list: 79243
name added to list: 79244
name added to list: 79245
name added to list: 79246
name added to list: 79247
name added to list: 79248
name added to list: 79249
name added to list: 79250
name added to list: 79251
name added to list: 79252
name added to list: 79253
name added to list: 79254
name added to list: 79255
name added to list: 79256
name added to list: 79257
name added to list: 79258
name added to list: 79259
name added to list: 79260
name added to list: 79261
name added to list: 79262
name added to list: 79263
name added to list: 79264
name added to list: 79265
name added to list: 79266
name added to list: 79267
name added to list: 79268
name added to list: 79269
name added to list: 79270
name added to list: 79271
name added to list: 79272
name added to list: 79273
name added to list: 79274
name added to list: 79275
name added to list: 79276
name added to list: 79277
name added to list: 79278
name added to list: 79279
name added to list: 79280
name added to list: 79281
name added to list: 79282
name added to list: 79283
name added to list: 79284
name added to list: 79285
name added to list: 79286
name added to list: 79287
name added to list: 79288
name added to list: 79289
name added to list: 79290
name added to list: 79291
name added to list: 79292
name added to list: 79293
name added to list: 79294
name added to list: 79295
name added to list: 79296
name added to list: 79297
name added to list: 79298
name added to list: 79299
name added to list: 79300
name added to list: 79301
name added to list: 79302
name added to list: 79303
name added to list: 79304
name added to list: 79305
name added to list: 79306
name added to list: 79307
name added to list: 79308
name added to list: 79309
name added to list: 79310
name added to list: 79311
name added to list: 79312
name added to list: 79313
name added to list: 79314
name added to list: 79315
name added to list: 79316
name added to list: 79317
name added to list: 79318
name added to list: 79319
name added to list: 79320
name added to list: 79321
name added to list: 79322
name added to list: 79323
name added to list: 79324
name added to list: 79325
name added to list: 79326
name added to list: 79327
name added to list: 79328
name added to list: 79329
name added to list: 79330
name added to list: 79331
name added to list: 79332
name added to list: 79333
name added to list: 79334
name added to list: 79335
name added to list: 79336
name added to list: 79337
name added to list: 79338
name added to list: 79339
name added to list: 79340
name added to list: 79341
name added to list: 79342
name added to list: 79343
name added to list: 79344
name added to list: 79345
name added to list: 79346
name added to list: 79347
name added to list: 79348
name added to list: 79349
name added to list: 79350
name added to list: 79351
name added to list: 79352
name added to list: 79353
name added to list: 79354
name added to list: 79355
name added to list: 79356
name added to list: 79357
name added to list: 79358
name added to list: 79359
name added to list: 79360
name added to list: 79361
name added to list: 79362
name added to list: 79363
name added to list: 79364
name added to list: 79365
name added to list: 79366
name added to list: 79367
name added to list: 79368
name added to list: 79369
name added to list: 79370
name added to list: 79371
name added to list: 79372
name added to list: 79373
name added to list: 79374
name added to list: 79375
name added to list: 79376
name added to list: 79377
name added to list: 79378
name added to list: 79379
name added to list: 79380
name added to list: 79381
name added to list: 79382
name added to list: 79383
name added to list: 79384
name added to list: 79385
name added to list: 79386
name added to list: 79387
name added to list: 79388
name added to list: 79389
name added to list: 79390
name added to list: 79391
name added to list: 79392
name added to list: 79393
name added to list: 79394
name added to list: 79395
name added to list: 79396
name added to list: 79397
name added to list: 79398
name added to list: 79399
name added to list: 79400
name added to list: 79401
name added to list: 79402
name added to list: 79403
name added to list: 79404
name added to list: 79405
name added to list: 79406
name added to list: 79407
name added to list: 79408
name added to list: 79409
name added to list: 79410
name added to list: 79411
name added to list: 79412
name added to list: 79413
name added to list: 79414
name added to list: 79415
name added to list: 79416
name added to list: 79417
name added to list: 79418
name added to list: 79419
name added to list: 79420
name added to list: 79421
name added to list: 79422
name added to list: 79423
name added to list: 79424
name added to list: 79425
name added to list: 79426
name added to list: 79427
name added to list: 79428
name added to list: 79429
name added to list: 79430
name added to list: 79431
name added to list: 79432
name added to list: 79433
name added to list: 79434
name added to list: 79435
name added to list: 79436
name added to list: 79437
name added to list: 79438
name added to list: 79439
name added to list: 79440
name added to list: 79441
name added to list: 79442
name added to list: 79443
name added to list: 79444
name added to list: 79445
name added to list: 79446
name added to list: 79447
name added to list: 79448
name added to list: 79449
name added to list: 79450
name added to list: 79451
name added to list: 79452
name added to list: 79453
name added to list: 79454
name added to list: 79455
name added to list: 79456
name added to list: 79457
name added to list: 79458
name added to list: 79459
name added to list: 79460
name added to list: 79461
name added to list: 79462
name added to list: 79463
name added to list: 79464
name added to list: 79465
name added to list: 79466
name added to list: 79467
name added to list: 79468
name added to list: 79469
name added to list: 79470
name added to list: 79471
name added to list: 79472
name added to list: 79473
name added to list: 79474
name added to list: 79475
name added to list: 79476
name added to list: 79477
name added to list: 79478
name added to list: 79479
name added to list: 79480
name added to list: 79481
name added to list: 79482
name added to list: 79483
name added to list: 79484
name added to list: 79485
name added to list: 79486
name added to list: 79487
name added to list: 79488
name added to list: 79489
name added to list: 79490
name added to list: 79491
name added to list: 79492
name added to list: 79493
name added to list: 79494
name added to list: 79495
name added to list: 79496
name added to list: 79497
name added to list: 79498
name added to list: 79499
name added to list: 79500
name added to list: 79501
name added to list: 79502
name added to list: 79503
name added to list: 79504
name added to list: 79505
name added to list: 79506
name added to list: 79507
name added to list: 79508
name added to list: 79509
name added to list: 79510
name added to list: 79511
name added to list: 79512
name added to list: 79513
name added to list: 79514
name added to list: 79515
name added to list: 79516
name added to list: 79517
name added to list: 79518
name added to list: 79519
name added to list: 79520
name added to list: 79521
name added to list: 79522
name added to list: 79523
name added to list: 79524
name added to list: 79525
name added to list: 79526
name added to list: 79527
name added to list: 79528
name added to list: 79529
name added to list: 79530
name added to list: 79531
name added to list: 79532
name added to list: 79533
name added to list: 79534
name added to list: 79535
name added to list: 79536
name added to list: 79537
name added to list: 79538
name added to list: 79539
name added to list: 79540
name added to list: 79541
name added to list: 79542
name added to list: 79543
name added to list: 79544
name added to list: 79545
name added to list: 79546
name added to list: 79547
name added to list: 79548
name added to list: 79549
name added to list: 79550
name added to list: 79551
name added to list: 79552
name added to list: 79553
name added to list: 79554
name added to list: 79555
name added to list: 79556
name added to list: 79557
name added to list: 79558
name added to list: 79559
name added to list: 79560
name added to list: 79561
name added to list: 79562
name added to list: 79563
name added to list: 79564
name added to list: 79565
name added to list: 79566
name added to list: 79567
name added to list: 79568
name added to list: 79569
name added to list: 79570
name added to list: 79571
name added to list: 79572
name added to list: 79573
name added to list: 79574
name added to list: 79575
name added to list: 79576
name added to list: 79577
name added to list: 79578
name added to list: 79579
name added to list: 79580
name added to list: 79581
name added to list: 79582
name added to list: 79583
name added to list: 79584
name added to list: 79585
name added to list: 79586
name added to list: 79587
name added to list: 79588
name added to list: 79589
name added to list: 79590
name added to list: 79591
name added to list: 79592
name added to list: 79593
name added to list: 79594
name added to list: 79595
name added to list: 79596
name added to list: 79597
name added to list: 79598
name added to list: 79599
name added to list: 79600
name added to list: 79601
name added to list: 79602
name added to list: 79603
name added to list: 79604
name added to list: 79605
name added to list: 79606
name added to list: 79607
name added to list: 79608
name added to list: 79609
name added to list: 79610
name added to list: 79611
name added to list: 79612
name added to list: 79613
name added to list: 79614
name added to list: 79615
name added to list: 79616
name added to list: 79617
name added to list: 79618
name added to list: 79619
name added to list: 79620
name added to list: 79621
name added to list: 79622
name added to list: 79623
name added to list: 79624
name added to list: 79625
name added to list: 79626
name added to list: 79627
name added to list: 79628
name added to list: 79629
name added to list: 79630
name added to list: 79631
name added to list: 79632
name added to list: 79633
name added to list: 79634
name added to list: 79635
name added to list: 79636
name added to list: 79637
name added to list: 79638
name added to list: 79639
name added to list: 79640
name added to list: 79641
name added to list: 79642
name added to list: 79643
name added to list: 79644
name added to list: 79645
name added to list: 79646
name added to list: 79647
name added to list: 79648
name added to list: 79649
name added to list: 79650
name added to list: 79651
name added to list: 79652
name added to list: 79653
name added to list: 79654
name added to list: 79655
name added to list: 79656
name added to list: 79657
name added to list: 79658
name added to list: 79659
name added to list: 79660
name added to list: 79661
name added to list: 79662
name added to list: 79663
name added to list: 79664
name added to list: 79665
name added to list: 79666
name added to list: 79667
name added to list: 79668
name added to list: 79669
name added to list: 79670
name added to list: 79671
name added to list: 79672
name added to list: 79673
name added to list: 79674
name added to list: 79675
name added to list: 79676
name added to list: 79677
name added to list: 79678
name added to list: 79679
name added to list: 79680
name added to list: 79681
name added to list: 79682
name added to list: 79683
name added to list: 79684
name added to list: 79685
name added to list: 79686
name added to list: 79687
name added to list: 79688
name added to list: 79689
name added to list: 79690
name added to list: 79691
name added to list: 79692
name added to list: 79693
name added to list: 79694
name added to list: 79695
name added to list: 79696
name added to list: 79697
name added to list: 79698
name added to list: 79699
name added to list: 79700
name added to list: 79701
name added to list: 79702
name added to list: 79703
name added to list: 79704
name added to list: 79705
name added to list: 79706
name added to list: 79707
name added to list: 79708
name added to list: 79709
name added to list: 79710
name added to list: 79711
name added to list: 79712
name added to list: 79713
name added to list: 79714
name added to list: 79715
name added to list: 79716
name added to list: 79717
name added to list: 79718
name added to list: 79719
name added to list: 79720
name added to list: 79721
name added to list: 79722
name added to list: 79723
name added to list: 79724
name added to list: 79725
name added to list: 79726
name added to list: 79727
name added to list: 79728
name added to list: 79729
name added to list: 79730
name added to list: 79731
name added to list: 79732
name added to list: 79733
name added to list: 79734
name added to list: 79735
name added to list: 79736
name added to list: 79737
name added to list: 79738
name added to list: 79739
name added to list: 79740
name added to list: 79741
name added to list: 79742
name added to list: 79743
name added to list: 79744
name added to list: 79745
name added to list: 79746
name added to list: 79747
name added to list: 79748
name added to list: 79749
name added to list: 79750
name added to list: 79751
name added to list: 79752
name added to list: 79753
name added to list: 79754
name added to list: 79755
name added to list: 79756
name added to list: 79757
name added to list: 79758
name added to list: 79759
name added to list: 79760
name added to list: 79761
name added to list: 79762
name added to list: 79763
name added to list: 79764
name added to list: 79765
name added to list: 79766
name added to list: 79767
name added to list: 79768
name added to list: 79769
name added to list: 79770
name added to list: 79771
name added to list: 79772
name added to list: 79773
name added to list: 79774
name added to list: 79775
name added to list: 79776
name added to list: 79777
name added to list: 79778
name added to list: 79779
name added to list: 79780
name added to list: 79781
name added to list: 79782
name added to list: 79783
name added to list: 79784
name added to list: 79785
name added to list: 79786
name added to list: 79787
name added to list: 79788
name added to list: 79789
name added to list: 79790
name added to list: 79791
name added to list: 79792
name added to list: 79793
name added to list: 79794
name added to list: 79795
name added to list: 79796
name added to list: 79797
name added to list: 79798
name added to list: 79799
name added to list: 79800
name added to list: 79801
name added to list: 79802
name added to list: 79803
name added to list: 79804
name added to list: 79805
name added to list: 79806
name added to list: 79807
name added to list: 79808
name added to list: 79809
name added to list: 79810
name added to list: 79811
name added to list: 79812
name added to list: 79813
name added to list: 79814
name added to list: 79815
name added to list: 79816
name added to list: 79817
name added to list: 79818
name added to list: 79819
name added to list: 79820
name added to list: 79821
name added to list: 79822
name added to list: 79823
name added to list: 79824
name added to list: 79825
name added to list: 79826
name added to list: 79827
name added to list: 79828
name added to list: 79829
name added to list: 79830
name added to list: 79831
name added to list: 79832
name added to list: 79833
name added to list: 79834
name added to list: 79835
name added to list: 79836
name added to list: 79837
name added to list: 79838
name added to list: 79839
name added to list: 79840
name added to list: 79841
name added to list: 79842
name added to list: 79843
name added to list: 79844
name added to list: 79845
name added to list: 79846
name added to list: 79847
name added to list: 79848
name added to list: 79849
name added to list: 79850
name added to list: 79851
name added to list: 79852
name added to list: 79853
name added to list: 79854
name added to list: 79855
name added to list: 79856
name added to list: 79857
name added to list: 79858
name added to list: 79859
name added to list: 79860
name added to list: 79861
name added to list: 79862
name added to list: 79863
name added to list: 79864
name added to list: 79865
name added to list: 79866
name added to list: 79867
name added to list: 79868
name added to list: 79869
name added to list: 79870
name added to list: 79871
name added to list: 79872
name added to list: 79873
name added to list: 79874
name added to list: 79875
name added to list: 79876
name added to list: 79877
name added to list: 79878
name added to list: 79879
name added to list: 79880
name added to list: 79881
name added to list: 79882
name added to list: 79883
name added to list: 79884
name added to list: 79885
name added to list: 79886
name added to list: 79887
name added to list: 79888
name added to list: 79889
name added to list: 79890
name added to list: 79891
name added to list: 79892
name added to list: 79893
name added to list: 79894
name added to list: 79895
name added to list: 79896
name added to list: 79897
name added to list: 79898
name added to list: 79899
name added to list: 79900
name added to list: 79901
name added to list: 79902
name added to list: 79903
name added to list: 79904
name added to list: 79905
name added to list: 79906
name added to list: 79907
name added to list: 79908
name added to list: 79909
name added to list: 79910
name added to list: 79911
name added to list: 79912
name added to list: 79913
name added to list: 79914
name added to list: 79915
name added to list: 79916
name added to list: 79917
name added to list: 79918
name added to list: 79919
name added to list: 79920
name added to list: 79921
name added to list: 79922
name added to list: 79923
name added to list: 79924
name added to list: 79925
name added to list: 79926
name added to list: 79927
name added to list: 79928
name added to list: 79929
name added to list: 79930
name added to list: 79931
name added to list: 79932
name added to list: 79933
name added to list: 79934
name added to list: 79935
name added to list: 79936
name added to list: 79937
name added to list: 79938
name added to list: 79939
name added to list: 79940
name added to list: 79941
name added to list: 79942
name added to list: 79943
name added to list: 79944
name added to list: 79945
name added to list: 79946
name added to list: 79947
name added to list: 79948
name added to list: 79949
name added to list: 79950
name added to list: 79951
name added to list: 79952
name added to list: 79953
name added to list: 79954
name added to list: 79955
name added to list: 79956
name added to list: 79957
name added to list: 79958
name added to list: 79959
name added to list: 79960
name added to list: 79961
name added to list: 79962
name added to list: 79963
name added to list: 79964
name added to list: 79965
name added to list: 79966
name added to list: 79967
name added to list: 79968
name added to list: 79969
name added to list: 79970
name added to list: 79971
name added to list: 79972
name added to list: 79973
name added to list: 79974
name added to list: 79975
name added to list: 79976
name added to list: 79977
name added to list: 79978
name added to list: 79979
name added to list: 79980
name added to list: 79981
name added to list: 79982
name added to list: 79983
name added to list: 79984
name added to list: 79985
name added to list: 79986
name added to list: 79987
name added to list: 79988
name added to list: 79989
name added to list: 79990
name added to list: 79991
name added to list: 79992
name added to list: 79993
name added to list: 79994
name added to list: 79995
name added to list: 79996
name added to list: 79997
name added to list: 79998
name added to list: 79999
name added to list: 80000
name added to list: 80001
name added to list: 80002
name added to list: 80003
name added to list: 80004
name added to list: 80005
name added to list: 80006
name added to list: 80007
name added to list: 80008
name added to list: 80009
name added to list: 80010
name added to list: 80011
name added to list: 80012
name added to list: 80013
name added to list: 80014
name added to list: 80015
name added to list: 80016
name added to list: 80017
name added to list: 80018
name added to list: 80019
name added to list: 80020
name added to list: 80021
name added to list: 80022
name added to list: 80023
name added to list: 80024
name added to list: 80025
name added to list: 80026
name added to list: 80027
name added to list: 80028
name added to list: 80029
name added to list: 80030
name added to list: 80031
name added to list: 80032
name added to list: 80033
name added to list: 80034
name added to list: 80035
name added to list: 80036
name added to list: 80037
name added to list: 80038
name added to list: 80039
name added to list: 80040
name added to list: 80041
name added to list: 80042
name added to list: 80043
name added to list: 80044
name added to list: 80045
name added to list: 80046
name added to list: 80047
name added to list: 80048
name added to list: 80049
name added to list: 80050
name added to list: 80051
name added to list: 80052
name added to list: 80053
name added to list: 80054
name added to list: 80055
name added to list: 80056
name added to list: 80057
name added to list: 80058
name added to list: 80059
name added to list: 80060
name added to list: 80061
name added to list: 80062
name added to list: 80063
name added to list: 80064
name added to list: 80065
name added to list: 80066
name added to list: 80067
name added to list: 80068
name added to list: 80069
name added to list: 80070
name added to list: 80071
name added to list: 80072
name added to list: 80073
name added to list: 80074
name added to list: 80075
name added to list: 80076
name added to list: 80077
name added to list: 80078
name added to list: 80079
name added to list: 80080
name added to list: 80081
name added to list: 80082
name added to list: 80083
name added to list: 80084
name added to list: 80085
name added to list: 80086
name added to list: 80087
name added to list: 80088
name added to list: 80089
name added to list: 80090
name added to list: 80091
name added to list: 80092
name added to list: 80093
name added to list: 80094
name added to list: 80095
name added to list: 80096
name added to list: 80097
name added to list: 80098
name added to list: 80099
name added to list: 80100
name added to list: 80101
name added to list: 80102
name added to list: 80103
name added to list: 80104
name added to list: 80105
name added to list: 80106
name added to list: 80107
name added to list: 80108
name added to list: 80109
name added to list: 80110
name added to list: 80111
name added to list: 80112
name added to list: 80113
name added to list: 80114
name added to list: 80115
name added to list: 80116
name added to list: 80117
name added to list: 80118
name added to list: 80119
name added to list: 80120
name added to list: 80121
name added to list: 80122
name added to list: 80123
name added to list: 80124
name added to list: 80125
name added to list: 80126
name added to list: 80127
name added to list: 80128
name added to list: 80129
name added to list: 80130
name added to list: 80131
name added to list: 80132
name added to list: 80133
name added to list: 80134
name added to list: 80135
name added to list: 80136
name added to list: 80137
name added to list: 80138
name added to list: 80139
name added to list: 80140
name added to list: 80141
name added to list: 80142
name added to list: 80143
name added to list: 80144
name added to list: 80145
name added to list: 80146
name added to list: 80147
name added to list: 80148
name added to list: 80149
name added to list: 80150
name added to list: 80151
name added to list: 80152
name added to list: 80153
name added to list: 80154
name added to list: 80155
name added to list: 80156
name added to list: 80157
name added to list: 80158
name added to list: 80159
name added to list: 80160
name added to list: 80161
name added to list: 80162
name added to list: 80163
name added to list: 80164
name added to list: 80165
name added to list: 80166
name added to list: 80167
name added to list: 80168
name added to list: 80169
name added to list: 80170
name added to list: 80171
name added to list: 80172
name added to list: 80173
name added to list: 80174
name added to list: 80175
name added to list: 80176
name added to list: 80177
name added to list: 80178
name added to list: 80179
name added to list: 80180
name added to list: 80181
name added to list: 80182
name added to list: 80183
name added to list: 80184
name added to list: 80185
name added to list: 80186
name added to list: 80187
name added to list: 80188
name added to list: 80189
name added to list: 80190
name added to list: 80191
name added to list: 80192
name added to list: 80193
name added to list: 80194
name added to list: 80195
name added to list: 80196
name added to list: 80197
name added to list: 80198
name added to list: 80199
name added to list: 80200
name added to list: 80201
name added to list: 80202
name added to list: 80203
name added to list: 80204
name added to list: 80205
name added to list: 80206
name added to list: 80207
name added to list: 80208
name added to list: 80209
name added to list: 80210
name added to list: 80211
name added to list: 80212
name added to list: 80213
name added to list: 80214
name added to list: 80215
name added to list: 80216
name added to list: 80217
name added to list: 80218
name added to list: 80219
name added to list: 80220
name added to list: 80221
name added to list: 80222
name added to list: 80223
name added to list: 80224
name added to list: 80225
name added to list: 80226
name added to list: 80227
name added to list: 80228
name added to list: 80229
name added to list: 80230
name added to list: 80231
name added to list: 80232
name added to list: 80233
name added to list: 80234
name added to list: 80235
name added to list: 80236
name added to list: 80237
name added to list: 80238
name added to list: 80239
name added to list: 80240
name added to list: 80241
name added to list: 80242
name added to list: 80243
name added to list: 80244
name added to list: 80245
name added to list: 80246
name added to list: 80247
name added to list: 80248
name added to list: 80249
name added to list: 80250
name added to list: 80251
name added to list: 80252
name added to list: 80253
name added to list: 80254
name added to list: 80255
name added to list: 80256
name added to list: 80257
name added to list: 80258
name added to list: 80259
name added to list: 80260
name added to list: 80261
name added to list: 80262
name added to list: 80263
name added to list: 80264
name added to list: 80265
name added to list: 80266
name added to list: 80267
name added to list: 80268
name added to list: 80269
name added to list: 80270
name added to list: 80271
name added to list: 80272
name added to list: 80273
name added to list: 80274
name added to list: 80275
name added to list: 80276
name added to list: 80277
name added to list: 80278
name added to list: 80279
name added to list: 80280
name added to list: 80281
name added to list: 80282
name added to list: 80283
name added to list: 80284
name added to list: 80285
name added to list: 80286
name added to list: 80287
name added to list: 80288
name added to list: 80289
name added to list: 80290
name added to list: 80291
name added to list: 80292
name added to list: 80293
name added to list: 80294
name added to list: 80295
name added to list: 80296
name added to list: 80297
name added to list: 80298
name added to list: 80299
name added to list: 80300
name added to list: 80301
name added to list: 80302
name added to list: 80303
name added to list: 80304
name added to list: 80305
name added to list: 80306
name added to list: 80307
name added to list: 80308
name added to list: 80309
name added to list: 80310
name added to list: 80311
name added to list: 80312
name added to list: 80313
name added to list: 80314
name added to list: 80315
name added to list: 80316
name added to list: 80317
name added to list: 80318
name added to list: 80319
name added to list: 80320
name added to list: 80321
name added to list: 80322
name added to list: 80323
name added to list: 80324
name added to list: 80325
name added to list: 80326
name added to list: 80327
name added to list: 80328
name added to list: 80329
name added to list: 80330
name added to list: 80331
name added to list: 80332
name added to list: 80333
name added to list: 80334
name added to list: 80335
name added to list: 80336
name added to list: 80337
name added to list: 80338
name added to list: 80339
name added to list: 80340
name added to list: 80341
name added to list: 80342
name added to list: 80343
name added to list: 80344
name added to list: 80345
name added to list: 80346
name added to list: 80347
name added to list: 80348
name added to list: 80349
name added to list: 80350
name added to list: 80351
name added to list: 80352
name added to list: 80353
name added to list: 80354
name added to list: 80355
name added to list: 80356
name added to list: 80357
name added to list: 80358
name added to list: 80359
name added to list: 80360
name added to list: 80361
name added to list: 80362
name added to list: 80363
name added to list: 80364
name added to list: 80365
name added to list: 80366
name added to list: 80367
name added to list: 80368
name added to list: 80369
name added to list: 80370
name added to list: 80371
name added to list: 80372
name added to list: 80373
name added to list: 80374
name added to list: 80375
name added to list: 80376
name added to list: 80377
name added to list: 80378
name added to list: 80379
name added to list: 80380
name added to list: 80381
name added to list: 80382
name added to list: 80383
name added to list: 80384
name added to list: 80385
name added to list: 80386
name added to list: 80387
name added to list: 80388
name added to list: 80389
name added to list: 80390
name added to list: 80391
name added to list: 80392
name added to list: 80393
name added to list: 80394
name added to list: 80395
name added to list: 80396
name added to list: 80397
name added to list: 80398
name added to list: 80399
name added to list: 80400
name added to list: 80401
name added to list: 80402
name added to list: 80403
name added to list: 80404
name added to list: 80405
name added to list: 80406
name added to list: 80407
name added to list: 80408
name added to list: 80409
name added to list: 80410
name added to list: 80411
name added to list: 80412
name added to list: 80413
name added to list: 80414
name added to list: 80415
name added to list: 80416
name added to list: 80417
name added to list: 80418
name added to list: 80419
name added to list: 80420
name added to list: 80421
name added to list: 80422
name added to list: 80423
name added to list: 80424
name added to list: 80425
name added to list: 80426
name added to list: 80427
name added to list: 80428
name added to list: 80429
name added to list: 80430
name added to list: 80431
name added to list: 80432
name added to list: 80433
name added to list: 80434
name added to list: 80435
name added to list: 80436
name added to list: 80437
name added to list: 80438
name added to list: 80439
name added to list: 80440
name added to list: 80441
name added to list: 80442
name added to list: 80443
name added to list: 80444
name added to list: 80445
name added to list: 80446
name added to list: 80447
name added to list: 80448
name added to list: 80449
name added to list: 80450
name added to list: 80451
name added to list: 80452
name added to list: 80453
name added to list: 80454
name added to list: 80455
name added to list: 80456
name added to list: 80457
name added to list: 80458
name added to list: 80459
name added to list: 80460
name added to list: 80461
name added to list: 80462
name added to list: 80463
name added to list: 80464
name added to list: 80465
name added to list: 80466
name added to list: 80467
name added to list: 80468
name added to list: 80469
name added to list: 80470
name added to list: 80471
name added to list: 80472
name added to list: 80473
name added to list: 80474
name added to list: 80475
name added to list: 80476
name added to list: 80477
name added to list: 80478
name added to list: 80479
name added to list: 80480
name added to list: 80481
name added to list: 80482
name added to list: 80483
name added to list: 80484
name added to list: 80485
name added to list: 80486
name added to list: 80487
name added to list: 80488
name added to list: 80489
name added to list: 80490
name added to list: 80491
name added to list: 80492
name added to list: 80493
name added to list: 80494
name added to list: 80495
name added to list: 80496
name added to list: 80497
name added to list: 80498
name added to list: 80499
name added to list: 80500
name added to list: 80501
name added to list: 80502
name added to list: 80503
name added to list: 80504
name added to list: 80505
name added to list: 80506
name added to list: 80507
name added to list: 80508
name added to list: 80509
name added to list: 80510
name added to list: 80511
name added to list: 80512
name added to list: 80513
name added to list: 80514
name added to list: 80515
name added to list: 80516
name added to list: 80517
name added to list: 80518
name added to list: 80519
name added to list: 80520
name added to list: 80521
name added to list: 80522
name added to list: 80523
name added to list: 80524
name added to list: 80525
name added to list: 80526
name added to list: 80527
name added to list: 80528
name added to list: 80529
name added to list: 80530
name added to list: 80531
name added to list: 80532
name added to list: 80533
name added to list: 80534
name added to list: 80535
name added to list: 80536
name added to list: 80537
name added to list: 80538
name added to list: 80539
name added to list: 80540
name added to list: 80541
name added to list: 80542
name added to list: 80543
name added to list: 80544
name added to list: 80545
name added to list: 80546
name added to list: 80547
name added to list: 80548
name added to list: 80549
name added to list: 80550
name added to list: 80551
name added to list: 80552
name added to list: 80553
name added to list: 80554
name added to list: 80555
name added to list: 80556
name added to list: 80557
name added to list: 80558
name added to list: 80559
name added to list: 80560
name added to list: 80561
name added to list: 80562
name added to list: 80563
name added to list: 80564
name added to list: 80565
name added to list: 80566
name added to list: 80567
name added to list: 80568
name added to list: 80569
name added to list: 80570
name added to list: 80571
name added to list: 80572
name added to list: 80573
name added to list: 80574
name added to list: 80575
name added to list: 80576
name added to list: 80577
name added to list: 80578
name added to list: 80579
name added to list: 80580
name added to list: 80581
name added to list: 80582
name added to list: 80583
name added to list: 80584
name added to list: 80585
name added to list: 80586
name added to list: 80587
name added to list: 80588
name added to list: 80589
name added to list: 80590
name added to list: 80591
name added to list: 80592
name added to list: 80593
name added to list: 80594
name added to list: 80595
name added to list: 80596
name added to list: 80597
name added to list: 80598
name added to list: 80599
name added to list: 80600
name added to list: 80601
name added to list: 80602
name added to list: 80603
name added to list: 80604
name added to list: 80605
name added to list: 80606
name added to list: 80607
name added to list: 80608
name added to list: 80609
name added to list: 80610
name added to list: 80611
name added to list: 80612
name added to list: 80613
name added to list: 80614
name added to list: 80615
name added to list: 80616
name added to list: 80617
name added to list: 80618
name added to list: 80619
name added to list: 80620
name added to list: 80621
name added to list: 80622
name added to list: 80623
name added to list: 80624
name added to list: 80625
name added to list: 80626
name added to list: 80627
name added to list: 80628
name added to list: 80629
name added to list: 80630
name added to list: 80631
name added to list: 80632
name added to list: 80633
name added to list: 80634
name added to list: 80635
name added to list: 80636
name added to list: 80637
name added to list: 80638
name added to list: 80639
name added to list: 80640
name added to list: 80641
name added to list: 80642
name added to list: 80643
name added to list: 80644
name added to list: 80645
name added to list: 80646
name added to list: 80647
name added to list: 80648
name added to list: 80649
name added to list: 80650
name added to list: 80651
name added to list: 80652
name added to list: 80653
name added to list: 80654
name added to list: 80655
name added to list: 80656
name added to list: 80657
name added to list: 80658
name added to list: 80659
name added to list: 80660
name added to list: 80661
name added to list: 80662
name added to list: 80663
name added to list: 80664
name added to list: 80665
name added to list: 80666
name added to list: 80667
name added to list: 80668
name added to list: 80669
name added to list: 80670
name added to list: 80671
name added to list: 80672
name added to list: 80673
name added to list: 80674
name added to list: 80675
name added to list: 80676
name added to list: 80677
name added to list: 80678
name added to list: 80679
name added to list: 80680
name added to list: 80681
name added to list: 80682
name added to list: 80683
name added to list: 80684
name added to list: 80685
name added to list: 80686
name added to list: 80687
name added to list: 80688
name added to list: 80689
name added to list: 80690
name added to list: 80691
name added to list: 80692
name added to list: 80693
name added to list: 80694
name added to list: 80695
name added to list: 80696
name added to list: 80697
name added to list: 80698
name added to list: 80699
name added to list: 80700
name added to list: 80701
name added to list: 80702
name added to list: 80703
name added to list: 80704
name added to list: 80705
name added to list: 80706
name added to list: 80707
name added to list: 80708
name added to list: 80709
name added to list: 80710
name added to list: 80711
name added to list: 80712
name added to list: 80713
name added to list: 80714
name added to list: 80715
name added to list: 80716
name added to list: 80717
name added to list: 80718
name added to list: 80719
name added to list: 80720
name added to list: 80721
name added to list: 80722
name added to list: 80723
name added to list: 80724
name added to list: 80725
name added to list: 80726
name added to list: 80727
name added to list: 80728
name added to list: 80729
name added to list: 80730
name added to list: 80731
name added to list: 80732
name added to list: 80733
name added to list: 80734
name added to list: 80735
name added to list: 80736
name added to list: 80737
name added to list: 80738
name added to list: 80739
name added to list: 80740
name added to list: 80741
name added to list: 80742
name added to list: 80743
name added to list: 80744
name added to list: 80745
name added to list: 80746
name added to list: 80747
name added to list: 80748
name added to list: 80749
name added to list: 80750
name added to list: 80751
name added to list: 80752
name added to list: 80753
name added to list: 80754
name added to list: 80755
name added to list: 80756
name added to list: 80757
name added to list: 80758
name added to list: 80759
name added to list: 80760
name added to list: 80761
name added to list: 80762
name added to list: 80763
name added to list: 80764
name added to list: 80765
name added to list: 80766
name added to list: 80767
name added to list: 80768
name added to list: 80769
name added to list: 80770
name added to list: 80771
name added to list: 80772
name added to list: 80773
name added to list: 80774
name added to list: 80775
name added to list: 80776
name added to list: 80777
name added to list: 80778
name added to list: 80779
name added to list: 80780
name added to list: 80781
name added to list: 80782
name added to list: 80783
name added to list: 80784
name added to list: 80785
name added to list: 80786
name added to list: 80787
name added to list: 80788
name added to list: 80789
name added to list: 80790
name added to list: 80791
name added to list: 80792
name added to list: 80793
name added to list: 80794
name added to list: 80795
name added to list: 80796
name added to list: 80797
name added to list: 80798
name added to list: 80799
name added to list: 80800
name added to list: 80801
name added to list: 80802
name added to list: 80803
name added to list: 80804
name added to list: 80805
name added to list: 80806
name added to list: 80807
name added to list: 80808
name added to list: 80809
name added to list: 80810
name added to list: 80811
name added to list: 80812
name added to list: 80813
name added to list: 80814
name added to list: 80815
name added to list: 80816
name added to list: 80817
name added to list: 80818
name added to list: 80819
name added to list: 80820
name added to list: 80821
name added to list: 80822
name added to list: 80823
name added to list: 80824
name added to list: 80825
name added to list: 80826
name added to list: 80827
name added to list: 80828
name added to list: 80829
name added to list: 80830
name added to list: 80831
name added to list: 80832
name added to list: 80833
name added to list: 80834
name added to list: 80835
name added to list: 80836
name added to list: 80837
name added to list: 80838
name added to list: 80839
name added to list: 80840
name added to list: 80841
name added to list: 80842
name added to list: 80843
name added to list: 80844
name added to list: 80845
name added to list: 80846
name added to list: 80847
name added to list: 80848
name added to list: 80849
name added to list: 80850
name added to list: 80851
name added to list: 80852
name added to list: 80853
name added to list: 80854
name added to list: 80855
name added to list: 80856
name added to list: 80857
name added to list: 80858
name added to list: 80859
name added to list: 80860
name added to list: 80861
name added to list: 80862
name added to list: 80863
name added to list: 80864
name added to list: 80865
name added to list: 80866
name added to list: 80867
name added to list: 80868
name added to list: 80869
name added to list: 80870
name added to list: 80871
name added to list: 80872
name added to list: 80873
name added to list: 80874
name added to list: 80875
name added to list: 80876
name added to list: 80877
name added to list: 80878
name added to list: 80879
name added to list: 80880
name added to list: 80881
name added to list: 80882
name added to list: 80883
name added to list: 80884
name added to list: 80885
name added to list: 80886
name added to list: 80887
name added to list: 80888
name added to list: 80889
name added to list: 80890
name added to list: 80891
name added to list: 80892
name added to list: 80893
name added to list: 80894
name added to list: 80895
name added to list: 80896
name added to list: 80897
name added to list: 80898
name added to list: 80899
name added to list: 80900
name added to list: 80901
name added to list: 80902
name added to list: 80903
name added to list: 80904
name added to list: 80905
name added to list: 80906
name added to list: 80907
name added to list: 80908
name added to list: 80909
name added to list: 80910
name added to list: 80911
name added to list: 80912
name added to list: 80913
name added to list: 80914
name added to list: 80915
name added to list: 80916
name added to list: 80917
name added to list: 80918
name added to list: 80919
name added to list: 80920
name added to list: 80921
name added to list: 80922
name added to list: 80923
name added to list: 80924
name added to list: 80925
name added to list: 80926
name added to list: 80927
name added to list: 80928
name added to list: 80929
name added to list: 80930
name added to list: 80931
name added to list: 80932
name added to list: 80933
name added to list: 80934
name added to list: 80935
name added to list: 80936
name added to list: 80937
name added to list: 80938
name added to list: 80939
name added to list: 80940
name added to list: 80941
name added to list: 80942
name added to list: 80943
name added to list: 80944
name added to list: 80945
name added to list: 80946
name added to list: 80947
name added to list: 80948
name added to list: 80949
name added to list: 80950
name added to list: 80951
name added to list: 80952
name added to list: 80953
name added to list: 80954
name added to list: 80955
name added to list: 80956
name added to list: 80957
name added to list: 80958
name added to list: 80959
name added to list: 80960
name added to list: 80961
name added to list: 80962
name added to list: 80963
name added to list: 80964
name added to list: 80965
name added to list: 80966
name added to list: 80967
name added to list: 80968
name added to list: 80969
name added to list: 80970
name added to list: 80971
name added to list: 80972
name added to list: 80973
name added to list: 80974
name added to list: 80975
name added to list: 80976
name added to list: 80977
name added to list: 80978
name added to list: 80979
name added to list: 80980
name added to list: 80981
name added to list: 80982
name added to list: 80983
name added to list: 80984
name added to list: 80985
name added to list: 80986
name added to list: 80987
name added to list: 80988
name added to list: 80989
name added to list: 80990
name added to list: 80991
name added to list: 80992
name added to list: 80993
name added to list: 80994
name added to list: 80995
name added to list: 80996
name added to list: 80997
name added to list: 80998
name added to list: 80999
name added to list: 81000
name added to list: 81001
name added to list: 81002
name added to list: 81003
name added to list: 81004
name added to list: 81005
name added to list: 81006
name added to list: 81007
name added to list: 81008
name added to list: 81009
name added to list: 81010
name added to list: 81011
name added to list: 81012
name added to list: 81013
name added to list: 81014
name added to list: 81015
name added to list: 81016
name added to list: 81017
name added to list: 81018
name added to list: 81019
name added to list: 81020
name added to list: 81021
name added to list: 81022
name added to list: 81023
name added to list: 81024
name added to list: 81025
name added to list: 81026
name added to list: 81027
name added to list: 81028
name added to list: 81029
name added to list: 81030
name added to list: 81031
name added to list: 81032
name added to list: 81033
name added to list: 81034
name added to list: 81035
name added to list: 81036
name added to list: 81037
name added to list: 81038
name added to list: 81039
name added to list: 81040
name added to list: 81041
name added to list: 81042
name added to list: 81043
name added to list: 81044
name added to list: 81045
name added to list: 81046
name added to list: 81047
name added to list: 81048
name added to list: 81049
name added to list: 81050
name added to list: 81051
name added to list: 81052
name added to list: 81053
name added to list: 81054
name added to list: 81055
name added to list: 81056
name added to list: 81057
name added to list: 81058
name added to list: 81059
name added to list: 81060
name added to list: 81061
name added to list: 81062
name added to list: 81063
name added to list: 81064
name added to list: 81065
name added to list: 81066
name added to list: 81067
name added to list: 81068
name added to list: 81069
name added to list: 81070
name added to list: 81071
name added to list: 81072
name added to list: 81073
name added to list: 81074
name added to list: 81075
name added to list: 81076
name added to list: 81077
name added to list: 81078
name added to list: 81079
name added to list: 81080
name added to list: 81081
name added to list: 81082
name added to list: 81083
name added to list: 81084
name added to list: 81085
name added to list: 81086
name added to list: 81087
name added to list: 81088
name added to list: 81089
name added to list: 81090
name added to list: 81091
name added to list: 81092
name added to list: 81093
name added to list: 81094
name added to list: 81095
name added to list: 81096
name added to list: 81097
name added to list: 81098
name added to list: 81099
name added to list: 81100
name added to list: 81101
name added to list: 81102
name added to list: 81103
name added to list: 81104
name added to list: 81105
name added to list: 81106
name added to list: 81107
name added to list: 81108
name added to list: 81109
name added to list: 81110
name added to list: 81111
name added to list: 81112
name added to list: 81113
name added to list: 81114
name added to list: 81115
name added to list: 81116
name added to list: 81117
name added to list: 81118
name added to list: 81119
name added to list: 81120
name added to list: 81121
name added to list: 81122
name added to list: 81123
name added to list: 81124
name added to list: 81125
name added to list: 81126
name added to list: 81127
name added to list: 81128
name added to list: 81129
name added to list: 81130
name added to list: 81131
name added to list: 81132
name added to list: 81133
name added to list: 81134
name added to list: 81135
name added to list: 81136
name added to list: 81137
name added to list: 81138
name added to list: 81139
name added to list: 81140
name added to list: 81141
name added to list: 81142
name added to list: 81143
name added to list: 81144
name added to list: 81145
name added to list: 81146
name added to list: 81147
name added to list: 81148
name added to list: 81149
name added to list: 81150
name added to list: 81151
name added to list: 81152
name added to list: 81153
name added to list: 81154
name added to list: 81155
name added to list: 81156
name added to list: 81157
name added to list: 81158
name added to list: 81159
name added to list: 81160
name added to list: 81161
name added to list: 81162
name added to list: 81163
name added to list: 81164
name added to list: 81165
name added to list: 81166
name added to list: 81167
name added to list: 81168
name added to list: 81169
name added to list: 81170
name added to list: 81171
name added to list: 81172
name added to list: 81173
name added to list: 81174
name added to list: 81175
name added to list: 81176
name added to list: 81177
name added to list: 81178
name added to list: 81179
name added to list: 81180
name added to list: 81181
name added to list: 81182
name added to list: 81183
name added to list: 81184
name added to list: 81185
name added to list: 81186
name added to list: 81187
name added to list: 81188
name added to list: 81189
name added to list: 81190
name added to list: 81191
name added to list: 81192
name added to list: 81193
name added to list: 81194
name added to list: 81195
name added to list: 81196
name added to list: 81197
name added to list: 81198
name added to list: 81199
name added to list: 81200
name added to list: 81201
name added to list: 81202
name added to list: 81203
name added to list: 81204
name added to list: 81205
name added to list: 81206
name added to list: 81207
name added to list: 81208
name added to list: 81209
name added to list: 81210
name added to list: 81211
name added to list: 81212
name added to list: 81213
name added to list: 81214
name added to list: 81215
name added to list: 81216
name added to list: 81217
name added to list: 81218
name added to list: 81219
name added to list: 81220
name added to list: 81221
name added to list: 81222
name added to list: 81223
name added to list: 81224
name added to list: 81225
name added to list: 81226
name added to list: 81227
name added to list: 81228
name added to list: 81229
name added to list: 81230
name added to list: 81231
name added to list: 81232
name added to list: 81233
name added to list: 81234
name added to list: 81235
name added to list: 81236
name added to list: 81237
name added to list: 81238
name added to list: 81239
name added to list: 81240
name added to list: 81241
name added to list: 81242
name added to list: 81243
name added to list: 81244
name added to list: 81245
name added to list: 81246
name added to list: 81247
name added to list: 81248
name added to list: 81249
name added to list: 81250
name added to list: 81251
name added to list: 81252
name added to list: 81253
name added to list: 81254
name added to list: 81255
name added to list: 81256
name added to list: 81257
name added to list: 81258
name added to list: 81259
name added to list: 81260
name added to list: 81261
name added to list: 81262
name added to list: 81263
name added to list: 81264
name added to list: 81265
name added to list: 81266
name added to list: 81267
name added to list: 81268
name added to list: 81269
name added to list: 81270
name added to list: 81271
name added to list: 81272
name added to list: 81273
name added to list: 81274
name added to list: 81275
name added to list: 81276
name added to list: 81277
name added to list: 81278
name added to list: 81279
name added to list: 81280
name added to list: 81281
name added to list: 81282
name added to list: 81283
name added to list: 81284
name added to list: 81285
name added to list: 81286
name added to list: 81287
name added to list: 81288
name added to list: 81289
name added to list: 81290
name added to list: 81291
name added to list: 81292
name added to list: 81293
name added to list: 81294
name added to list: 81295
name added to list: 81296
name added to list: 81297
name added to list: 81298
name added to list: 81299
name added to list: 81300
name added to list: 81301
name added to list: 81302
name added to list: 81303
name added to list: 81304
name added to list: 81305
name added to list: 81306
name added to list: 81307
name added to list: 81308
name added to list: 81309
name added to list: 81310
name added to list: 81311
name added to list: 81312
name added to list: 81313
name added to list: 81314
name added to list: 81315
name added to list: 81316
name added to list: 81317
name added to list: 81318
name added to list: 81319
name added to list: 81320
name added to list: 81321
name added to list: 81322
name added to list: 81323
name added to list: 81324
name added to list: 81325
name added to list: 81326
name added to list: 81327
name added to list: 81328
name added to list: 81329
name added to list: 81330
name added to list: 81331
name added to list: 81332
name added to list: 81333
name added to list: 81334
name added to list: 81335
name added to list: 81336
name added to list: 81337
name added to list: 81338
name added to list: 81339
name added to list: 81340
name added to list: 81341
name added to list: 81342
name added to list: 81343
name added to list: 81344
name added to list: 81345
name added to list: 81346
name added to list: 81347
name added to list: 81348
name added to list: 81349
name added to list: 81350
name added to list: 81351
name added to list: 81352
name added to list: 81353
name added to list: 81354
name added to list: 81355
name added to list: 81356
name added to list: 81357
name added to list: 81358
name added to list: 81359
name added to list: 81360
name added to list: 81361
name added to list: 81362
name added to list: 81363
name added to list: 81364
name added to list: 81365
name added to list: 81366
name added to list: 81367
name added to list: 81368
name added to list: 81369
name added to list: 81370
name added to list: 81371
name added to list: 81372
name added to list: 81373
name added to list: 81374
name added to list: 81375
name added to list: 81376
name added to list: 81377
name added to list: 81378
name added to list: 81379
name added to list: 81380
name added to list: 81381
name added to list: 81382
name added to list: 81383
name added to list: 81384
name added to list: 81385
name added to list: 81386
name added to list: 81387
name added to list: 81388
name added to list: 81389
name added to list: 81390
name added to list: 81391
name added to list: 81392
name added to list: 81393
name added to list: 81394
name added to list: 81395
name added to list: 81396
name added to list: 81397
name added to list: 81398
name added to list: 81399
name added to list: 81400
name added to list: 81401
name added to list: 81402
name added to list: 81403
name added to list: 81404
name added to list: 81405
name added to list: 81406
name added to list: 81407
name added to list: 81408
name added to list: 81409
name added to list: 81410
name added to list: 81411
name added to list: 81412
name added to list: 81413
name added to list: 81414
name added to list: 81415
name added to list: 81416
name added to list: 81417
name added to list: 81418
name added to list: 81419
name added to list: 81420
name added to list: 81421
name added to list: 81422
name added to list: 81423
name added to list: 81424
name added to list: 81425
name added to list: 81426
name added to list: 81427
name added to list: 81428
name added to list: 81429
name added to list: 81430
name added to list: 81431
name added to list: 81432
name added to list: 81433
name added to list: 81434
name added to list: 81435
name added to list: 81436
name added to list: 81437
name added to list: 81438
name added to list: 81439
name added to list: 81440
name added to list: 81441
name added to list: 81442
name added to list: 81443
name added to list: 81444
name added to list: 81445
name added to list: 81446
name added to list: 81447
name added to list: 81448
name added to list: 81449
name added to list: 81450
name added to list: 81451
name added to list: 81452
name added to list: 81453
name added to list: 81454
name added to list: 81455
name added to list: 81456
name added to list: 81457
name added to list: 81458
name added to list: 81459
name added to list: 81460
name added to list: 81461
name added to list: 81462
name added to list: 81463
name added to list: 81464
name added to list: 81465
name added to list: 81466
name added to list: 81467
name added to list: 81468
name added to list: 81469
name added to list: 81470
name added to list: 81471
name added to list: 81472
name added to list: 81473
name added to list: 81474
name added to list: 81475
name added to list: 81476
name added to list: 81477
name added to list: 81478
name added to list: 81479
name added to list: 81480
name added to list: 81481
name added to list: 81482
name added to list: 81483
name added to list: 81484
name added to list: 81485
name added to list: 81486
name added to list: 81487
name added to list: 81488
name added to list: 81489
name added to list: 81490
name added to list: 81491
name added to list: 81492
name added to list: 81493
name added to list: 81494
name added to list: 81495
name added to list: 81496
name added to list: 81497
name added to list: 81498
name added to list: 81499
name added to list: 81500
name added to list: 81501
name added to list: 81502
name added to list: 81503
name added to list: 81504
name added to list: 81505
name added to list: 81506
name added to list: 81507
name added to list: 81508
name added to list: 81509
name added to list: 81510
name added to list: 81511
name added to list: 81512
name added to list: 81513
name added to list: 81514
name added to list: 81515
name added to list: 81516
name added to list: 81517
name added to list: 81518
name added to list: 81519
name added to list: 81520
name added to list: 81521
name added to list: 81522
name added to list: 81523
name added to list: 81524
name added to list: 81525
name added to list: 81526
name added to list: 81527
name added to list: 81528
name added to list: 81529
name added to list: 81530
name added to list: 81531
name added to list: 81532
name added to list: 81533
name added to list: 81534
name added to list: 81535
name added to list: 81536
name added to list: 81537
name added to list: 81538
name added to list: 81539
name added to list: 81540
name added to list: 81541
name added to list: 81542
name added to list: 81543
name added to list: 81544
name added to list: 81545
name added to list: 81546
name added to list: 81547
name added to list: 81548
name added to list: 81549
name added to list: 81550
name added to list: 81551
name added to list: 81552
name added to list: 81553
name added to list: 81554
name added to list: 81555
name added to list: 81556
name added to list: 81557
name added to list: 81558
name added to list: 81559
name added to list: 81560
name added to list: 81561
name added to list: 81562
name added to list: 81563
name added to list: 81564
name added to list: 81565
name added to list: 81566
name added to list: 81567
name added to list: 81568
name added to list: 81569
name added to list: 81570
name added to list: 81571
name added to list: 81572
name added to list: 81573
name added to list: 81574
name added to list: 81575
name added to list: 81576
name added to list: 81577
name added to list: 81578
name added to list: 81579
name added to list: 81580
name added to list: 81581
name added to list: 81582
name added to list: 81583
name added to list: 81584
name added to list: 81585
name added to list: 81586
name added to list: 81587
name added to list: 81588
name added to list: 81589
name added to list: 81590
name added to list: 81591
name added to list: 81592
name added to list: 81593
name added to list: 81594
name added to list: 81595
name added to list: 81596
name added to list: 81597
name added to list: 81598
name added to list: 81599
name added to list: 81600
name added to list: 81601
name added to list: 81602
name added to list: 81603
name added to list: 81604
name added to list: 81605
name added to list: 81606
name added to list: 81607
name added to list: 81608
name added to list: 81609
name added to list: 81610
name added to list: 81611
name added to list: 81612
name added to list: 81613
name added to list: 81614
name added to list: 81615
name added to list: 81616
name added to list: 81617
name added to list: 81618
name added to list: 81619
name added to list: 81620
name added to list: 81621
name added to list: 81622
name added to list: 81623
name added to list: 81624
name added to list: 81625
name added to list: 81626
name added to list: 81627
name added to list: 81628
name added to list: 81629
name added to list: 81630
name added to list: 81631
name added to list: 81632
name added to list: 81633
name added to list: 81634
name added to list: 81635
name added to list: 81636
name added to list: 81637
name added to list: 81638
name added to list: 81639
name added to list: 81640
name added to list: 81641
name added to list: 81642
name added to list: 81643
name added to list: 81644
name added to list: 81645
name added to list: 81646
name added to list: 81647
name added to list: 81648
name added to list: 81649
name added to list: 81650
name added to list: 81651
name added to list: 81652
name added to list: 81653
name added to list: 81654
name added to list: 81655
name added to list: 81656
name added to list: 81657
name added to list: 81658
name added to list: 81659
name added to list: 81660
name added to list: 81661
name added to list: 81662
name added to list: 81663
name added to list: 81664
name added to list: 81665
name added to list: 81666
name added to list: 81667
name added to list: 81668
name added to list: 81669
name added to list: 81670
name added to list: 81671
name added to list: 81672
name added to list: 81673
name added to list: 81674
name added to list: 81675
name added to list: 81676
name added to list: 81677
name added to list: 81678
name added to list: 81679
name added to list: 81680
name added to list: 81681
name added to list: 81682
name added to list: 81683
name added to list: 81684
name added to list: 81685
name added to list: 81686
name added to list: 81687
name added to list: 81688
name added to list: 81689
name added to list: 81690
name added to list: 81691
name added to list: 81692
name added to list: 81693
name added to list: 81694
name added to list: 81695
name added to list: 81696
name added to list: 81697
name added to list: 81698
name added to list: 81699
name added to list: 81700
name added to list: 81701
name added to list: 81702
name added to list: 81703
name added to list: 81704
name added to list: 81705
name added to list: 81706
name added to list: 81707
name added to list: 81708
name added to list: 81709
name added to list: 81710
name added to list: 81711
name added to list: 81712
name added to list: 81713
name added to list: 81714
name added to list: 81715
name added to list: 81716
name added to list: 81717
name added to list: 81718
name added to list: 81719
name added to list: 81720
name added to list: 81721
name added to list: 81722
name added to list: 81723
name added to list: 81724
name added to list: 81725
name added to list: 81726
name added to list: 81727
name added to list: 81728
name added to list: 81729
name added to list: 81730
name added to list: 81731
name added to list: 81732
name added to list: 81733
name added to list: 81734
name added to list: 81735
name added to list: 81736
name added to list: 81737
name added to list: 81738
name added to list: 81739
name added to list: 81740
name added to list: 81741
name added to list: 81742
name added to list: 81743
name added to list: 81744
name added to list: 81745
name added to list: 81746
name added to list: 81747
name added to list: 81748
name added to list: 81749
name added to list: 81750
name added to list: 81751
name added to list: 81752
name added to list: 81753
name added to list: 81754
name added to list: 81755
name added to list: 81756
name added to list: 81757
name added to list: 81758
name added to list: 81759
name added to list: 81760
name added to list: 81761
name added to list: 81762
name added to list: 81763
name added to list: 81764
name added to list: 81765
name added to list: 81766
name added to list: 81767
name added to list: 81768
name added to list: 81769
name added to list: 81770
name added to list: 81771
name added to list: 81772
name added to list: 81773
name added to list: 81774
name added to list: 81775
name added to list: 81776
name added to list: 81777
name added to list: 81778
name added to list: 81779
name added to list: 81780
name added to list: 81781
name added to list: 81782
name added to list: 81783
name added to list: 81784
name added to list: 81785
name added to list: 81786
name added to list: 81787
name added to list: 81788
name added to list: 81789
name added to list: 81790
name added to list: 81791
name added to list: 81792
name added to list: 81793
name added to list: 81794
name added to list: 81795
name added to list: 81796
name added to list: 81797
name added to list: 81798
name added to list: 81799
name added to list: 81800
name added to list: 81801
name added to list: 81802
name added to list: 81803
name added to list: 81804
name added to list: 81805
name added to list: 81806
name added to list: 81807
name added to list: 81808
name added to list: 81809
name added to list: 81810
name added to list: 81811
name added to list: 81812
name added to list: 81813
name added to list: 81814
name added to list: 81815
name added to list: 81816
name added to list: 81817
name added to list: 81818
name added to list: 81819
name added to list: 81820
name added to list: 81821
name added to list: 81822
name added to list: 81823
name added to list: 81824
name added to list: 81825
name added to list: 81826
name added to list: 81827
name added to list: 81828
name added to list: 81829
name added to list: 81830
name added to list: 81831
name added to list: 81832
name added to list: 81833
name added to list: 81834
name added to list: 81835
name added to list: 81836
name added to list: 81837
name added to list: 81838
name added to list: 81839
name added to list: 81840
name added to list: 81841
name added to list: 81842
name added to list: 81843
name added to list: 81844
name added to list: 81845
name added to list: 81846
name added to list: 81847
name added to list: 81848
name added to list: 81849
name added to list: 81850
name added to list: 81851
name added to list: 81852
name added to list: 81853
name added to list: 81854
name added to list: 81855
name added to list: 81856
name added to list: 81857
name added to list: 81858
name added to list: 81859
name added to list: 81860
name added to list: 81861
name added to list: 81862
name added to list: 81863
name added to list: 81864
name added to list: 81865
name added to list: 81866
name added to list: 81867
name added to list: 81868
name added to list: 81869
name added to list: 81870
name added to list: 81871
name added to list: 81872
name added to list: 81873
name added to list: 81874
name added to list: 81875
name added to list: 81876
name added to list: 81877
name added to list: 81878
name added to list: 81879
name added to list: 81880
name added to list: 81881
name added to list: 81882
name added to list: 81883
name added to list: 81884
name added to list: 81885
name added to list: 81886
name added to list: 81887
name added to list: 81888
name added to list: 81889
name added to list: 81890
name added to list: 81891
name added to list: 81892
name added to list: 81893
name added to list: 81894
name added to list: 81895
name added to list: 81896
name added to list: 81897
name added to list: 81898
name added to list: 81899
name added to list: 81900
name added to list: 81901
name added to list: 81902
name added to list: 81903
name added to list: 81904
name added to list: 81905
name added to list: 81906
name added to list: 81907
name added to list: 81908
name added to list: 81909
name added to list: 81910
name added to list: 81911
name added to list: 81912
name added to list: 81913
name added to list: 81914
name added to list: 81915
name added to list: 81916
name added to list: 81917
name added to list: 81918
name added to list: 81919
name added to list: 81920
name added to list: 81921
name added to list: 81922
name added to list: 81923
name added to list: 81924
name added to list: 81925
name added to list: 81926
name added to list: 81927
name added to list: 81928
name added to list: 81929
name added to list: 81930
name added to list: 81931
name added to list: 81932
name added to list: 81933
name added to list: 81934
name added to list: 81935
name added to list: 81936
name added to list: 81937
name added to list: 81938
name added to list: 81939
name added to list: 81940
name added to list: 81941
name added to list: 81942
name added to list: 81943
name added to list: 81944
name added to list: 81945
name added to list: 81946
name added to list: 81947
name added to list: 81948
name added to list: 81949
name added to list: 81950
name added to list: 81951
name added to list: 81952
name added to list: 81953
name added to list: 81954
name added to list: 81955
name added to list: 81956
name added to list: 81957
name added to list: 81958
name added to list: 81959
name added to list: 81960
name added to list: 81961
name added to list: 81962
name added to list: 81963
name added to list: 81964
name added to list: 81965
name added to list: 81966
name added to list: 81967
name added to list: 81968
name added to list: 81969
name added to list: 81970
name added to list: 81971
name added to list: 81972
name added to list: 81973
name added to list: 81974
name added to list: 81975
name added to list: 81976
name added to list: 81977
name added to list: 81978
name added to list: 81979
name added to list: 81980
name added to list: 81981
name added to list: 81982
name added to list: 81983
name added to list: 81984
name added to list: 81985
name added to list: 81986
name added to list: 81987
name added to list: 81988
name added to list: 81989
name added to list: 81990
name added to list: 81991
name added to list: 81992
name added to list: 81993
name added to list: 81994
name added to list: 81995
name added to list: 81996
name added to list: 81997
name added to list: 81998
name added to list: 81999
name added to list: 82000
name added to list: 82001
name added to list: 82002
name added to list: 82003
name added to list: 82004
name added to list: 82005
name added to list: 82006
name added to list: 82007
name added to list: 82008
name added to list: 82009
name added to list: 82010
name added to list: 82011
name added to list: 82012
name added to list: 82013
name added to list: 82014
name added to list: 82015
name added to list: 82016
name added to list: 82017
name added to list: 82018
name added to list: 82019
name added to list: 82020
name added to list: 82021
name added to list: 82022
name added to list: 82023
name added to list: 82024
name added to list: 82025
name added to list: 82026
name added to list: 82027
name added to list: 82028
name added to list: 82029
name added to list: 82030
name added to list: 82031
name added to list: 82032
name added to list: 82033
name added to list: 82034
name added to list: 82035
name added to list: 82036
name added to list: 82037
name added to list: 82038
name added to list: 82039
name added to list: 82040
name added to list: 82041
name added to list: 82042
name added to list: 82043
name added to list: 82044
name added to list: 82045
name added to list: 82046
name added to list: 82047
name added to list: 82048
name added to list: 82049
name added to list: 82050
name added to list: 82051
name added to list: 82052
name added to list: 82053
name added to list: 82054
name added to list: 82055
name added to list: 82056
name added to list: 82057
name added to list: 82058
name added to list: 82059
name added to list: 82060
name added to list: 82061
name added to list: 82062
name added to list: 82063
name added to list: 82064
name added to list: 82065
name added to list: 82066
name added to list: 82067
name added to list: 82068
name added to list: 82069
name added to list: 82070
name added to list: 82071
name added to list: 82072
name added to list: 82073
name added to list: 82074
name added to list: 82075
name added to list: 82076
name added to list: 82077
name added to list: 82078
name added to list: 82079
name added to list: 82080
name added to list: 82081
name added to list: 82082
name added to list: 82083
name added to list: 82084
name added to list: 82085
name added to list: 82086
name added to list: 82087
name added to list: 82088
name added to list: 82089
name added to list: 82090
name added to list: 82091
name added to list: 82092
name added to list: 82093
name added to list: 82094
name added to list: 82095
name added to list: 82096
name added to list: 82097
name added to list: 82098
name added to list: 82099
name added to list: 82100
name added to list: 82101
name added to list: 82102
name added to list: 82103
name added to list: 82104
name added to list: 82105
name added to list: 82106
name added to list: 82107
name added to list: 82108
name added to list: 82109
name added to list: 82110
name added to list: 82111
name added to list: 82112
name added to list: 82113
name added to list: 82114
name added to list: 82115
name added to list: 82116
name added to list: 82117
name added to list: 82118
name added to list: 82119
name added to list: 82120
name added to list: 82121
name added to list: 82122
name added to list: 82123
name added to list: 82124
name added to list: 82125
name added to list: 82126
name added to list: 82127
name added to list: 82128
name added to list: 82129
name added to list: 82130
name added to list: 82131
name added to list: 82132
name added to list: 82133
name added to list: 82134
name added to list: 82135
name added to list: 82136
name added to list: 82137
name added to list: 82138
name added to list: 82139
name added to list: 82140
name added to list: 82141
name added to list: 82142
name added to list: 82143
name added to list: 82144
name added to list: 82145
name added to list: 82146
name added to list: 82147
name added to list: 82148
name added to list: 82149
name added to list: 82150
name added to list: 82151
name added to list: 82152
name added to list: 82153
name added to list: 82154
name added to list: 82155
name added to list: 82156
name added to list: 82157
name added to list: 82158
name added to list: 82159
name added to list: 82160
name added to list: 82161
name added to list: 82162
name added to list: 82163
name added to list: 82164
name added to list: 82165
name added to list: 82166
name added to list: 82167
name added to list: 82168
name added to list: 82169
name added to list: 82170
name added to list: 82171
name added to list: 82172
name added to list: 82173
name added to list: 82174
name added to list: 82175
name added to list: 82176
name added to list: 82177
name added to list: 82178
name added to list: 82179
name added to list: 82180
name added to list: 82181
name added to list: 82182
name added to list: 82183
name added to list: 82184
name added to list: 82185
name added to list: 82186
name added to list: 82187
name added to list: 82188
name added to list: 82189
name added to list: 82190
name added to list: 82191
name added to list: 82192
name added to list: 82193
name added to list: 82194
name added to list: 82195
name added to list: 82196
name added to list: 82197
name added to list: 82198
name added to list: 82199
name added to list: 82200
name added to list: 82201
name added to list: 82202
name added to list: 82203
name added to list: 82204
name added to list: 82205
name added to list: 82206
name added to list: 82207
name added to list: 82208
name added to list: 82209
name added to list: 82210
name added to list: 82211
name added to list: 82212
name added to list: 82213
name added to list: 82214
name added to list: 82215
name added to list: 82216
name added to list: 82217
name added to list: 82218
name added to list: 82219
name added to list: 82220
name added to list: 82221
name added to list: 82222
name added to list: 82223
name added to list: 82224
name added to list: 82225
name added to list: 82226
name added to list: 82227
name added to list: 82228
name added to list: 82229
name added to list: 82230
name added to list: 82231
name added to list: 82232
name added to list: 82233
name added to list: 82234
name added to list: 82235
name added to list: 82236
name added to list: 82237
name added to list: 82238
name added to list: 82239
name added to list: 82240
name added to list: 82241
name added to list: 82242
name added to list: 82243
name added to list: 82244
name added to list: 82245
name added to list: 82246
name added to list: 82247
name added to list: 82248
name added to list: 82249
name added to list: 82250
name added to list: 82251
name added to list: 82252
name added to list: 82253
name added to list: 82254
name added to list: 82255
name added to list: 82256
name added to list: 82257
name added to list: 82258
name added to list: 82259
name added to list: 82260
name added to list: 82261
name added to list: 82262
name added to list: 82263
name added to list: 82264
name added to list: 82265
name added to list: 82266
name added to list: 82267
name added to list: 82268
name added to list: 82269
name added to list: 82270
name added to list: 82271
name added to list: 82272
name added to list: 82273
name added to list: 82274
name added to list: 82275
name added to list: 82276
name added to list: 82277
name added to list: 82278
name added to list: 82279
name added to list: 82280
name added to list: 82281
name added to list: 82282
name added to list: 82283
name added to list: 82284
name added to list: 82285
name added to list: 82286
name added to list: 82287
name added to list: 82288
name added to list: 82289
name added to list: 82290
name added to list: 82291
name added to list: 82292
name added to list: 82293
name added to list: 82294
name added to list: 82295
name added to list: 82296
name added to list: 82297
name added to list: 82298
name added to list: 82299
name added to list: 82300
name added to list: 82301
name added to list: 82302
name added to list: 82303
name added to list: 82304
name added to list: 82305
name added to list: 82306
name added to list: 82307
name added to list: 82308
name added to list: 82309
name added to list: 82310
name added to list: 82311
name added to list: 82312
name added to list: 82313
name added to list: 82314
name added to list: 82315
name added to list: 82316
name added to list: 82317
name added to list: 82318
name added to list: 82319
name added to list: 82320
name added to list: 82321
name added to list: 82322
name added to list: 82323
name added to list: 82324
name added to list: 82325
name added to list: 82326
name added to list: 82327
name added to list: 82328
name added to list: 82329
name added to list: 82330
name added to list: 82331
name added to list: 82332
name added to list: 82333
name added to list: 82334
name added to list: 82335
name added to list: 82336
name added to list: 82337
name added to list: 82338
name added to list: 82339
name added to list: 82340
name added to list: 82341
name added to list: 82342
name added to list: 82343
name added to list: 82344
name added to list: 82345
name added to list: 82346
name added to list: 82347
name added to list: 82348
name added to list: 82349
name added to list: 82350
name added to list: 82351
name added to list: 82352
name added to list: 82353
name added to list: 82354
name added to list: 82355
name added to list: 82356
name added to list: 82357
name added to list: 82358
name added to list: 82359
name added to list: 82360
name added to list: 82361
name added to list: 82362
name added to list: 82363
name added to list: 82364
name added to list: 82365
name added to list: 82366
name added to list: 82367
name added to list: 82368
name added to list: 82369
name added to list: 82370
name added to list: 82371
name added to list: 82372
name added to list: 82373
name added to list: 82374
name added to list: 82375
name added to list: 82376
name added to list: 82377
name added to list: 82378
name added to list: 82379
name added to list: 82380
name added to list: 82381
name added to list: 82382
name added to list: 82383
name added to list: 82384
name added to list: 82385
name added to list: 82386
name added to list: 82387
name added to list: 82388
name added to list: 82389
name added to list: 82390
name added to list: 82391
name added to list: 82392
name added to list: 82393
name added to list: 82394
name added to list: 82395
name added to list: 82396
name added to list: 82397
name added to list: 82398
name added to list: 82399
name added to list: 82400
name added to list: 82401
name added to list: 82402
name added to list: 82403
name added to list: 82404
name added to list: 82405
name added to list: 82406
name added to list: 82407
name added to list: 82408
name added to list: 82409
name added to list: 82410
name added to list: 82411
name added to list: 82412
name added to list: 82413
name added to list: 82414
name added to list: 82415
name added to list: 82416
name added to list: 82417
name added to list: 82418
name added to list: 82419
name added to list: 82420
name added to list: 82421
name added to list: 82422
name added to list: 82423
name added to list: 82424
name added to list: 82425
name added to list: 82426
name added to list: 82427
name added to list: 82428
name added to list: 82429
name added to list: 82430
name added to list: 82431
name added to list: 82432
name added to list: 82433
name added to list: 82434
name added to list: 82435
name added to list: 82436
name added to list: 82437
name added to list: 82438
name added to list: 82439
name added to list: 82440
name added to list: 82441
name added to list: 82442
name added to list: 82443
name added to list: 82444
name added to list: 82445
name added to list: 82446
name added to list: 82447
name added to list: 82448
name added to list: 82449
name added to list: 82450
name added to list: 82451
name added to list: 82452
name added to list: 82453
name added to list: 82454
name added to list: 82455
name added to list: 82456
name added to list: 82457
name added to list: 82458
name added to list: 82459
name added to list: 82460
name added to list: 82461
name added to list: 82462
name added to list: 82463
name added to list: 82464
name added to list: 82465
name added to list: 82466
name added to list: 82467
name added to list: 82468
name added to list: 82469
name added to list: 82470
name added to list: 82471
name added to list: 82472
name added to list: 82473
name added to list: 82474
name added to list: 82475
name added to list: 82476
name added to list: 82477
name added to list: 82478
name added to list: 82479
name added to list: 82480
name added to list: 82481
name added to list: 82482
name added to list: 82483
name added to list: 82484
name added to list: 82485
name added to list: 82486
name added to list: 82487
name added to list: 82488
name added to list: 82489
name added to list: 82490
name added to list: 82491
name added to list: 82492
name added to list: 82493
name added to list: 82494
name added to list: 82495
name added to list: 82496
name added to list: 82497
name added to list: 82498
name added to list: 82499
name added to list: 82500
name added to list: 82501
name added to list: 82502
name added to list: 82503
name added to list: 82504
name added to list: 82505
name added to list: 82506
name added to list: 82507
name added to list: 82508
name added to list: 82509
name added to list: 82510
name added to list: 82511
name added to list: 82512
name added to list: 82513
name added to list: 82514
name added to list: 82515
name added to list: 82516
name added to list: 82517
name added to list: 82518
name added to list: 82519
name added to list: 82520
name added to list: 82521
name added to list: 82522
name added to list: 82523
name added to list: 82524
name added to list: 82525
name added to list: 82526
name added to list: 82527
name added to list: 82528
name added to list: 82529
name added to list: 82530
name added to list: 82531
name added to list: 82532
name added to list: 82533
name added to list: 82534
name added to list: 82535
name added to list: 82536
name added to list: 82537
name added to list: 82538
name added to list: 82539
name added to list: 82540
name added to list: 82541
name added to list: 82542
name added to list: 82543
name added to list: 82544
name added to list: 82545
name added to list: 82546
name added to list: 82547
name added to list: 82548
name added to list: 82549
name added to list: 82550
name added to list: 82551
name added to list: 82552
name added to list: 82553
name added to list: 82554
name added to list: 82555
name added to list: 82556
name added to list: 82557
name added to list: 82558
name added to list: 82559
name added to list: 82560
name added to list: 82561
name added to list: 82562
name added to list: 82563
name added to list: 82564
name added to list: 82565
name added to list: 82566
name added to list: 82567
name added to list: 82568
name added to list: 82569
name added to list: 82570
name added to list: 82571
name added to list: 82572
name added to list: 82573
name added to list: 82574
name added to list: 82575
name added to list: 82576
name added to list: 82577
name added to list: 82578
name added to list: 82579
name added to list: 82580
name added to list: 82581
name added to list: 82582
name added to list: 82583
name added to list: 82584
name added to list: 82585
name added to list: 82586
name added to list: 82587
name added to list: 82588
name added to list: 82589
name added to list: 82590
name added to list: 82591
name added to list: 82592
name added to list: 82593
name added to list: 82594
name added to list: 82595
name added to list: 82596
name added to list: 82597
name added to list: 82598
name added to list: 82599
name added to list: 82600
name added to list: 82601
name added to list: 82602
name added to list: 82603
name added to list: 82604
name added to list: 82605
name added to list: 82606
name added to list: 82607
name added to list: 82608
name added to list: 82609
name added to list: 82610
name added to list: 82611
name added to list: 82612
name added to list: 82613
name added to list: 82614
name added to list: 82615
name added to list: 82616
name added to list: 82617
name added to list: 82618
name added to list: 82619
name added to list: 82620
name added to list: 82621
name added to list: 82622
name added to list: 82623
name added to list: 82624
name added to list: 82625
name added to list: 82626
name added to list: 82627
name added to list: 82628
name added to list: 82629
name added to list: 82630
name added to list: 82631
name added to list: 82632
name added to list: 82633
name added to list: 82634
name added to list: 82635
name added to list: 82636
name added to list: 82637
name added to list: 82638
name added to list: 82639
name added to list: 82640
name added to list: 82641
name added to list: 82642
name added to list: 82643
name added to list: 82644
name added to list: 82645
name added to list: 82646
name added to list: 82647
name added to list: 82648
name added to list: 82649
name added to list: 82650
name added to list: 82651
name added to list: 82652
name added to list: 82653
name added to list: 82654
name added to list: 82655
name added to list: 82656
name added to list: 82657
name added to list: 82658
name added to list: 82659
name added to list: 82660
name added to list: 82661
name added to list: 82662
name added to list: 82663
name added to list: 82664
name added to list: 82665
name added to list: 82666
name added to list: 82667
name added to list: 82668
name added to list: 82669
name added to list: 82670
name added to list: 82671
name added to list: 82672
name added to list: 82673
name added to list: 82674
name added to list: 82675
name added to list: 82676
name added to list: 82677
name added to list: 82678
name added to list: 82679
name added to list: 82680
name added to list: 82681
name added to list: 82682
name added to list: 82683
name added to list: 82684
name added to list: 82685
name added to list: 82686
name added to list: 82687
name added to list: 82688
name added to list: 82689
name added to list: 82690
name added to list: 82691
name added to list: 82692
name added to list: 82693
name added to list: 82694
name added to list: 82695
name added to list: 82696
name added to list: 82697
name added to list: 82698
name added to list: 82699
name added to list: 82700
name added to list: 82701
name added to list: 82702
name added to list: 82703
name added to list: 82704
name added to list: 82705
name added to list: 82706
name added to list: 82707
name added to list: 82708
name added to list: 82709
name added to list: 82710
name added to list: 82711
name added to list: 82712
name added to list: 82713
name added to list: 82714
name added to list: 82715
name added to list: 82716
name added to list: 82717
name added to list: 82718
name added to list: 82719
name added to list: 82720
name added to list: 82721
name added to list: 82722
name added to list: 82723
name added to list: 82724
name added to list: 82725
name added to list: 82726
name added to list: 82727
name added to list: 82728
name added to list: 82729
name added to list: 82730
name added to list: 82731
name added to list: 82732
name added to list: 82733
name added to list: 82734
name added to list: 82735
name added to list: 82736
name added to list: 82737
name added to list: 82738
name added to list: 82739
name added to list: 82740
name added to list: 82741
name added to list: 82742
name added to list: 82743
name added to list: 82744
name added to list: 82745
name added to list: 82746
name added to list: 82747
name added to list: 82748
name added to list: 82749
name added to list: 82750
name added to list: 82751
name added to list: 82752
name added to list: 82753
name added to list: 82754
name added to list: 82755
name added to list: 82756
name added to list: 82757
name added to list: 82758
name added to list: 82759
name added to list: 82760
name added to list: 82761
name added to list: 82762
name added to list: 82763
name added to list: 82764
name added to list: 82765
name added to list: 82766
name added to list: 82767
name added to list: 82768
name added to list: 82769
name added to list: 82770
name added to list: 82771
name added to list: 82772
name added to list: 82773
name added to list: 82774
name added to list: 82775
name added to list: 82776
name added to list: 82777
name added to list: 82778
name added to list: 82779
name added to list: 82780
name added to list: 82781
name added to list: 82782
name added to list: 82783
name added to list: 82784
name added to list: 82785
name added to list: 82786
name added to list: 82787
name added to list: 82788
name added to list: 82789
name added to list: 82790
name added to list: 82791
name added to list: 82792
name added to list: 82793
name added to list: 82794
name added to list: 82795
name added to list: 82796
name added to list: 82797
name added to list: 82798
name added to list: 82799
name added to list: 82800
name added to list: 82801
name added to list: 82802
name added to list: 82803
name added to list: 82804
name added to list: 82805
name added to list: 82806
name added to list: 82807
name added to list: 82808
name added to list: 82809
name added to list: 82810
name added to list: 82811
name added to list: 82812
name added to list: 82813
name added to list: 82814
name added to list: 82815
name added to list: 82816
name added to list: 82817
name added to list: 82818
name added to list: 82819
name added to list: 82820
name added to list: 82821
name added to list: 82822
name added to list: 82823
name added to list: 82824
name added to list: 82825
name added to list: 82826
name added to list: 82827
name added to list: 82828
name added to list: 82829
name added to list: 82830
name added to list: 82831
name added to list: 82832
name added to list: 82833
name added to list: 82834
name added to list: 82835
name added to list: 82836
name added to list: 82837
name added to list: 82838
name added to list: 82839
name added to list: 82840
name added to list: 82841
name added to list: 82842
name added to list: 82843
name added to list: 82844
name added to list: 82845
name added to list: 82846
name added to list: 82847
name added to list: 82848
name added to list: 82849
name added to list: 82850
name added to list: 82851
name added to list: 82852
name added to list: 82853
name added to list: 82854
name added to list: 82855
name added to list: 82856
name added to list: 82857
name added to list: 82858
name added to list: 82859
name added to list: 82860
name added to list: 82861
name added to list: 82862
name added to list: 82863
name added to list: 82864
name added to list: 82865
name added to list: 82866
name added to list: 82867
name added to list: 82868
name added to list: 82869
name added to list: 82870
name added to list: 82871
name added to list: 82872
name added to list: 82873
name added to list: 82874
name added to list: 82875
name added to list: 82876
name added to list: 82877
name added to list: 82878
name added to list: 82879
name added to list: 82880
name added to list: 82881
name added to list: 82882
name added to list: 82883
name added to list: 82884
name added to list: 82885
name added to list: 82886
name added to list: 82887
name added to list: 82888
name added to list: 82889
name added to list: 82890
name added to list: 82891
name added to list: 82892
name added to list: 82893
name added to list: 82894
name added to list: 82895
name added to list: 82896
name added to list: 82897
name added to list: 82898
name added to list: 82899
name added to list: 82900
name added to list: 82901
name added to list: 82902
name added to list: 82903
name added to list: 82904
name added to list: 82905
name added to list: 82906
name added to list: 82907
name added to list: 82908
name added to list: 82909
name added to list: 82910
name added to list: 82911
name added to list: 82912
name added to list: 82913
name added to list: 82914
name added to list: 82915
name added to list: 82916
name added to list: 82917
name added to list: 82918
name added to list: 82919
name added to list: 82920
name added to list: 82921
name added to list: 82922
name added to list: 82923
name added to list: 82924
name added to list: 82925
name added to list: 82926
name added to list: 82927
name added to list: 82928
name added to list: 82929
name added to list: 82930
name added to list: 82931
name added to list: 82932
name added to list: 82933
name added to list: 82934
name added to list: 82935
name added to list: 82936
name added to list: 82937
name added to list: 82938
name added to list: 82939
name added to list: 82940
name added to list: 82941
name added to list: 82942
name added to list: 82943
name added to list: 82944
name added to list: 82945
name added to list: 82946
name added to list: 82947
name added to list: 82948
name added to list: 82949
name added to list: 82950
name added to list: 82951
name added to list: 82952
name added to list: 82953
name added to list: 82954
name added to list: 82955
name added to list: 82956
name added to list: 82957
name added to list: 82958
name added to list: 82959
name added to list: 82960
name added to list: 82961
name added to list: 82962
name added to list: 82963
name added to list: 82964
name added to list: 82965
name added to list: 82966
name added to list: 82967
name added to list: 82968
name added to list: 82969
name added to list: 82970
name added to list: 82971
name added to list: 82972
name added to list: 82973
name added to list: 82974
name added to list: 82975
name added to list: 82976
name added to list: 82977
name added to list: 82978
name added to list: 82979
name added to list: 82980
name added to list: 82981
name added to list: 82982
name added to list: 82983
name added to list: 82984
name added to list: 82985
name added to list: 82986
name added to list: 82987
name added to list: 82988
name added to list: 82989
name added to list: 82990
name added to list: 82991
name added to list: 82992
name added to list: 82993
name added to list: 82994
name added to list: 82995
name added to list: 82996
name added to list: 82997
name added to list: 82998
name added to list: 82999
name added to list: 83000
name added to list: 83001
name added to list: 83002
name added to list: 83003
name added to list: 83004
name added to list: 83005
name added to list: 83006
name added to list: 83007
name added to list: 83008
name added to list: 83009
name added to list: 83010
name added to list: 83011
name added to list: 83012
name added to list: 83013
name added to list: 83014
name added to list: 83015
name added to list: 83016
name added to list: 83017
name added to list: 83018
name added to list: 83019
name added to list: 83020
name added to list: 83021
name added to list: 83022
name added to list: 83023
name added to list: 83024
name added to list: 83025
name added to list: 83026
name added to list: 83027
name added to list: 83028
name added to list: 83029
name added to list: 83030
name added to list: 83031
name added to list: 83032
name added to list: 83033
name added to list: 83034
name added to list: 83035
name added to list: 83036
name added to list: 83037
name added to list: 83038
name added to list: 83039
name added to list: 83040
name added to list: 83041
name added to list: 83042
name added to list: 83043
name added to list: 83044
name added to list: 83045
name added to list: 83046
name added to list: 83047
name added to list: 83048
name added to list: 83049
name added to list: 83050
name added to list: 83051
name added to list: 83052
name added to list: 83053
name added to list: 83054
name added to list: 83055
name added to list: 83056
name added to list: 83057
name added to list: 83058
name added to list: 83059
name added to list: 83060
name added to list: 83061
name added to list: 83062
name added to list: 83063
name added to list: 83064
name added to list: 83065
name added to list: 83066
name added to list: 83067
name added to list: 83068
name added to list: 83069
name added to list: 83070
name added to list: 83071
name added to list: 83072
name added to list: 83073
name added to list: 83074
name added to list: 83075
name added to list: 83076
name added to list: 83077
name added to list: 83078
name added to list: 83079
name added to list: 83080
name added to list: 83081
name added to list: 83082
name added to list: 83083
name added to list: 83084
name added to list: 83085
name added to list: 83086
name added to list: 83087
name added to list: 83088
name added to list: 83089
name added to list: 83090
name added to list: 83091
name added to list: 83092
name added to list: 83093
name added to list: 83094
name added to list: 83095
name added to list: 83096
name added to list: 83097
name added to list: 83098
name added to list: 83099
name added to list: 83100
name added to list: 83101
name added to list: 83102
name added to list: 83103
name added to list: 83104
name added to list: 83105
name added to list: 83106
name added to list: 83107
name added to list: 83108
name added to list: 83109
name added to list: 83110
name added to list: 83111
name added to list: 83112
name added to list: 83113
name added to list: 83114
name added to list: 83115
name added to list: 83116
name added to list: 83117
name added to list: 83118
name added to list: 83119
name added to list: 83120
name added to list: 83121
name added to list: 83122
name added to list: 83123
name added to list: 83124
name added to list: 83125
name added to list: 83126
name added to list: 83127
name added to list: 83128
name added to list: 83129
name added to list: 83130
name added to list: 83131
name added to list: 83132
name added to list: 83133
name added to list: 83134
name added to list: 83135
name added to list: 83136
name added to list: 83137
name added to list: 83138
name added to list: 83139
name added to list: 83140
name added to list: 83141
name added to list: 83142
name added to list: 83143
name added to list: 83144
name added to list: 83145
name added to list: 83146
name added to list: 83147
name added to list: 83148
name added to list: 83149
name added to list: 83150
name added to list: 83151
name added to list: 83152
name added to list: 83153
name added to list: 83154
name added to list: 83155
name added to list: 83156
name added to list: 83157
name added to list: 83158
name added to list: 83159
name added to list: 83160
name added to list: 83161
name added to list: 83162
name added to list: 83163
name added to list: 83164
name added to list: 83165
name added to list: 83166
name added to list: 83167
name added to list: 83168
name added to list: 83169
name added to list: 83170
name added to list: 83171
name added to list: 83172
name added to list: 83173
name added to list: 83174
name added to list: 83175
name added to list: 83176
name added to list: 83177
name added to list: 83178
name added to list: 83179
name added to list: 83180
name added to list: 83181
name added to list: 83182
name added to list: 83183
name added to list: 83184
name added to list: 83185
name added to list: 83186
name added to list: 83187
name added to list: 83188
name added to list: 83189
name added to list: 83190
name added to list: 83191
name added to list: 83192
name added to list: 83193
name added to list: 83194
name added to list: 83195
name added to list: 83196
name added to list: 83197
name added to list: 83198
name added to list: 83199
name added to list: 83200
name added to list: 83201
name added to list: 83202
name added to list: 83203
name added to list: 83204
name added to list: 83205
name added to list: 83206
name added to list: 83207
name added to list: 83208
name added to list: 83209
name added to list: 83210
name added to list: 83211
name added to list: 83212
name added to list: 83213
name added to list: 83214
name added to list: 83215
name added to list: 83216
name added to list: 83217
name added to list: 83218
name added to list: 83219
name added to list: 83220
name added to list: 83221
name added to list: 83222
name added to list: 83223
name added to list: 83224
name added to list: 83225
name added to list: 83226
name added to list: 83227
name added to list: 83228
name added to list: 83229
name added to list: 83230
name added to list: 83231
name added to list: 83232
name added to list: 83233
name added to list: 83234
name added to list: 83235
name added to list: 83236
name added to list: 83237
name added to list: 83238
name added to list: 83239
name added to list: 83240
name added to list: 83241
name added to list: 83242
name added to list: 83243
name added to list: 83244
name added to list: 83245
name added to list: 83246
name added to list: 83247
name added to list: 83248
name added to list: 83249
name added to list: 83250
name added to list: 83251
name added to list: 83252
name added to list: 83253
name added to list: 83254
name added to list: 83255
name added to list: 83256
name added to list: 83257
name added to list: 83258
name added to list: 83259
name added to list: 83260
name added to list: 83261
name added to list: 83262
name added to list: 83263
name added to list: 83264
name added to list: 83265
name added to list: 83266
name added to list: 83267
name added to list: 83268
name added to list: 83269
name added to list: 83270
name added to list: 83271
name added to list: 83272
name added to list: 83273
name added to list: 83274
name added to list: 83275
name added to list: 83276
name added to list: 83277
name added to list: 83278
name added to list: 83279
name added to list: 83280
name added to list: 83281
name added to list: 83282
name added to list: 83283
name added to list: 83284
name added to list: 83285
name added to list: 83286
name added to list: 83287
name added to list: 83288
name added to list: 83289
name added to list: 83290
name added to list: 83291
name added to list: 83292
name added to list: 83293
name added to list: 83294
name added to list: 83295
name added to list: 83296
name added to list: 83297
name added to list: 83298
name added to list: 83299
name added to list: 83300
name added to list: 83301
name added to list: 83302
name added to list: 83303
name added to list: 83304
name added to list: 83305
name added to list: 83306
name added to list: 83307
name added to list: 83308
name added to list: 83309
name added to list: 83310
name added to list: 83311
name added to list: 83312
name added to list: 83313
name added to list: 83314
name added to list: 83315
name added to list: 83316
name added to list: 83317
name added to list: 83318
name added to list: 83319
name added to list: 83320
name added to list: 83321
name added to list: 83322
name added to list: 83323
name added to list: 83324
name added to list: 83325
name added to list: 83326
name added to list: 83327
name added to list: 83328
name added to list: 83329
name added to list: 83330
name added to list: 83331
name added to list: 83332
name added to list: 83333
name added to list: 83334
name added to list: 83335
name added to list: 83336
name added to list: 83337
name added to list: 83338
name added to list: 83339
name added to list: 83340
name added to list: 83341
name added to list: 83342
name added to list: 83343
name added to list: 83344
name added to list: 83345
name added to list: 83346
name added to list: 83347
name added to list: 83348
name added to list: 83349
name added to list: 83350
name added to list: 83351
name added to list: 83352
name added to list: 83353
name added to list: 83354
name added to list: 83355
name added to list: 83356
name added to list: 83357
name added to list: 83358
name added to list: 83359
name added to list: 83360
name added to list: 83361
name added to list: 83362
name added to list: 83363
name added to list: 83364
name added to list: 83365
name added to list: 83366
name added to list: 83367
name added to list: 83368
name added to list: 83369
name added to list: 83370
name added to list: 83371
name added to list: 83372
name added to list: 83373
name added to list: 83374
name added to list: 83375
name added to list: 83376
name added to list: 83377
name added to list: 83378
name added to list: 83379
name added to list: 83380
name added to list: 83381
name added to list: 83382
name added to list: 83383
name added to list: 83384
name added to list: 83385
name added to list: 83386
name added to list: 83387
name added to list: 83388
name added to list: 83389
name added to list: 83390
name added to list: 83391
name added to list: 83392
name added to list: 83393
name added to list: 83394
name added to list: 83395
name added to list: 83396
name added to list: 83397
name added to list: 83398
name added to list: 83399
name added to list: 83400
name added to list: 83401
name added to list: 83402
name added to list: 83403
name added to list: 83404
name added to list: 83405
name added to list: 83406
name added to list: 83407
name added to list: 83408
name added to list: 83409
name added to list: 83410
name added to list: 83411
name added to list: 83412
name added to list: 83413
name added to list: 83414
name added to list: 83415
name added to list: 83416
name added to list: 83417
name added to list: 83418
name added to list: 83419
name added to list: 83420
name added to list: 83421
name added to list: 83422
name added to list: 83423
name added to list: 83424
name added to list: 83425
name added to list: 83426
name added to list: 83427
name added to list: 83428
name added to list: 83429
name added to list: 83430
name added to list: 83431
name added to list: 83432
name added to list: 83433
name added to list: 83434
name added to list: 83435
name added to list: 83436
name added to list: 83437
name added to list: 83438
name added to list: 83439
name added to list: 83440
name added to list: 83441
name added to list: 83442
name added to list: 83443
name added to list: 83444
name added to list: 83445
name added to list: 83446
name added to list: 83447
name added to list: 83448
name added to list: 83449
name added to list: 83450
name added to list: 83451
name added to list: 83452
name added to list: 83453
name added to list: 83454
name added to list: 83455
name added to list: 83456
name added to list: 83457
name added to list: 83458
name added to list: 83459
name added to list: 83460
name added to list: 83461
name added to list: 83462
name added to list: 83463
name added to list: 83464
name added to list: 83465
name added to list: 83466
name added to list: 83467
name added to list: 83468
name added to list: 83469
name added to list: 83470
name added to list: 83471
name added to list: 83472
name added to list: 83473
name added to list: 83474
name added to list: 83475
name added to list: 83476
name added to list: 83477
name added to list: 83478
name added to list: 83479
name added to list: 83480
name added to list: 83481
name added to list: 83482
name added to list: 83483
name added to list: 83484
name added to list: 83485
name added to list: 83486
name added to list: 83487
name added to list: 83488
name added to list: 83489
name added to list: 83490
name added to list: 83491
name added to list: 83492
name added to list: 83493
name added to list: 83494
name added to list: 83495
name added to list: 83496
name added to list: 83497
name added to list: 83498
name added to list: 83499
name added to list: 83500
name added to list: 83501
name added to list: 83502
name added to list: 83503
name added to list: 83504
name added to list: 83505
name added to list: 83506
name added to list: 83507
name added to list: 83508
name added to list: 83509
name added to list: 83510
name added to list: 83511
name added to list: 83512
name added to list: 83513
name added to list: 83514
name added to list: 83515
name added to list: 83516
name added to list: 83517
name added to list: 83518
name added to list: 83519
name added to list: 83520
name added to list: 83521
name added to list: 83522
name added to list: 83523
name added to list: 83524
name added to list: 83525
name added to list: 83526
name added to list: 83527
name added to list: 83528
name added to list: 83529
name added to list: 83530
name added to list: 83531
name added to list: 83532
name added to list: 83533
name added to list: 83534
name added to list: 83535
name added to list: 83536
name added to list: 83537
name added to list: 83538
name added to list: 83539
name added to list: 83540
name added to list: 83541
name added to list: 83542
name added to list: 83543
name added to list: 83544
name added to list: 83545
name added to list: 83546
name added to list: 83547
name added to list: 83548
name added to list: 83549
name added to list: 83550
name added to list: 83551
name added to list: 83552
name added to list: 83553
name added to list: 83554
name added to list: 83555
name added to list: 83556
name added to list: 83557
name added to list: 83558
name added to list: 83559
name added to list: 83560
name added to list: 83561
name added to list: 83562
name added to list: 83563
name added to list: 83564
name added to list: 83565
name added to list: 83566
name added to list: 83567
name added to list: 83568
name added to list: 83569
name added to list: 83570
name added to list: 83571
name added to list: 83572
name added to list: 83573
name added to list: 83574
name added to list: 83575
name added to list: 83576
name added to list: 83577
name added to list: 83578
name added to list: 83579
name added to list: 83580
name added to list: 83581
name added to list: 83582
name added to list: 83583
name added to list: 83584
name added to list: 83585
name added to list: 83586
name added to list: 83587
name added to list: 83588
name added to list: 83589
name added to list: 83590
name added to list: 83591
name added to list: 83592
name added to list: 83593
name added to list: 83594
name added to list: 83595
name added to list: 83596
name added to list: 83597
name added to list: 83598
name added to list: 83599
name added to list: 83600
name added to list: 83601
name added to list: 83602
name added to list: 83603
name added to list: 83604
name added to list: 83605
name added to list: 83606
name added to list: 83607
name added to list: 83608
name added to list: 83609
name added to list: 83610
name added to list: 83611
name added to list: 83612
name added to list: 83613
name added to list: 83614
name added to list: 83615
name added to list: 83616
name added to list: 83617
name added to list: 83618
name added to list: 83619
name added to list: 83620
name added to list: 83621
name added to list: 83622
name added to list: 83623
name added to list: 83624
name added to list: 83625
name added to list: 83626
name added to list: 83627
name added to list: 83628
name added to list: 83629
name added to list: 83630
name added to list: 83631
name added to list: 83632
name added to list: 83633
name added to list: 83634
name added to list: 83635
name added to list: 83636
name added to list: 83637
name added to list: 83638
name added to list: 83639
name added to list: 83640
name added to list: 83641
name added to list: 83642
name added to list: 83643
name added to list: 83644
name added to list: 83645
name added to list: 83646
name added to list: 83647
name added to list: 83648
name added to list: 83649
name added to list: 83650
name added to list: 83651
name added to list: 83652
name added to list: 83653
name added to list: 83654
name added to list: 83655
name added to list: 83656
name added to list: 83657
name added to list: 83658
name added to list: 83659
name added to list: 83660
name added to list: 83661
name added to list: 83662
name added to list: 83663
name added to list: 83664
name added to list: 83665
name added to list: 83666
name added to list: 83667
name added to list: 83668
name added to list: 83669
name added to list: 83670
name added to list: 83671
name added to list: 83672
name added to list: 83673
name added to list: 83674
name added to list: 83675
name added to list: 83676
name added to list: 83677
name added to list: 83678
name added to list: 83679
name added to list: 83680
name added to list: 83681
name added to list: 83682
name added to list: 83683
name added to list: 83684
name added to list: 83685
name added to list: 83686
name added to list: 83687
name added to list: 83688
name added to list: 83689
name added to list: 83690
name added to list: 83691
name added to list: 83692
name added to list: 83693
name added to list: 83694
name added to list: 83695
name added to list: 83696
name added to list: 83697
name added to list: 83698
name added to list: 83699
name added to list: 83700
name added to list: 83701
name added to list: 83702
name added to list: 83703
name added to list: 83704
name added to list: 83705
name added to list: 83706
name added to list: 83707
name added to list: 83708
name added to list: 83709
name added to list: 83710
name added to list: 83711
name added to list: 83712
name added to list: 83713
name added to list: 83714
name added to list: 83715
name added to list: 83716
name added to list: 83717
name added to list: 83718
name added to list: 83719
name added to list: 83720
name added to list: 83721
name added to list: 83722
name added to list: 83723
name added to list: 83724
name added to list: 83725
name added to list: 83726
name added to list: 83727
name added to list: 83728
name added to list: 83729
name added to list: 83730
name added to list: 83731
name added to list: 83732
name added to list: 83733
name added to list: 83734
name added to list: 83735
name added to list: 83736
name added to list: 83737
name added to list: 83738
name added to list: 83739
name added to list: 83740
name added to list: 83741
name added to list: 83742
name added to list: 83743
name added to list: 83744
name added to list: 83745
name added to list: 83746
name added to list: 83747
name added to list: 83748
name added to list: 83749
name added to list: 83750
name added to list: 83751
name added to list: 83752
name added to list: 83753
name added to list: 83754
name added to list: 83755
name added to list: 83756
name added to list: 83757
name added to list: 83758
name added to list: 83759
name added to list: 83760
name added to list: 83761
name added to list: 83762
name added to list: 83763
name added to list: 83764
name added to list: 83765
name added to list: 83766
name added to list: 83767
name added to list: 83768
name added to list: 83769
name added to list: 83770
name added to list: 83771
name added to list: 83772
name added to list: 83773
name added to list: 83774
name added to list: 83775
name added to list: 83776
name added to list: 83777
name added to list: 83778
name added to list: 83779
name added to list: 83780
name added to list: 83781
name added to list: 83782
name added to list: 83783
name added to list: 83784
name added to list: 83785
name added to list: 83786
name added to list: 83787
name added to list: 83788
name added to list: 83789
name added to list: 83790
name added to list: 83791
name added to list: 83792
name added to list: 83793
name added to list: 83794
name added to list: 83795
name added to list: 83796
name added to list: 83797
name added to list: 83798
name added to list: 83799
name added to list: 83800
name added to list: 83801
name added to list: 83802
name added to list: 83803
name added to list: 83804
name added to list: 83805
name added to list: 83806
name added to list: 83807
name added to list: 83808
name added to list: 83809
name added to list: 83810
name added to list: 83811
name added to list: 83812
name added to list: 83813
name added to list: 83814
name added to list: 83815
name added to list: 83816
name added to list: 83817
name added to list: 83818
name added to list: 83819
name added to list: 83820
name added to list: 83821
name added to list: 83822
name added to list: 83823
name added to list: 83824
name added to list: 83825
name added to list: 83826
name added to list: 83827
name added to list: 83828
name added to list: 83829
name added to list: 83830
name added to list: 83831
name added to list: 83832
name added to list: 83833
name added to list: 83834
name added to list: 83835
name added to list: 83836
name added to list: 83837
name added to list: 83838
name added to list: 83839
name added to list: 83840
name added to list: 83841
name added to list: 83842
name added to list: 83843
name added to list: 83844
name added to list: 83845
name added to list: 83846
name added to list: 83847
name added to list: 83848
name added to list: 83849
name added to list: 83850
name added to list: 83851
name added to list: 83852
name added to list: 83853
name added to list: 83854
name added to list: 83855
name added to list: 83856
name added to list: 83857
name added to list: 83858
name added to list: 83859
name added to list: 83860
name added to list: 83861
name added to list: 83862
name added to list: 83863
name added to list: 83864
name added to list: 83865
name added to list: 83866
name added to list: 83867
name added to list: 83868
name added to list: 83869
name added to list: 83870
name added to list: 83871
name added to list: 83872
name added to list: 83873
name added to list: 83874
name added to list: 83875
name added to list: 83876
name added to list: 83877
name added to list: 83878
name added to list: 83879
name added to list: 83880
name added to list: 83881
name added to list: 83882
name added to list: 83883
name added to list: 83884
name added to list: 83885
name added to list: 83886
name added to list: 83887
name added to list: 83888
name added to list: 83889
name added to list: 83890
name added to list: 83891
name added to list: 83892
name added to list: 83893
name added to list: 83894
name added to list: 83895
name added to list: 83896
name added to list: 83897
name added to list: 83898
name added to list: 83899
name added to list: 83900
name added to list: 83901
name added to list: 83902
name added to list: 83903
name added to list: 83904
name added to list: 83905
name added to list: 83906
name added to list: 83907
name added to list: 83908
name added to list: 83909
name added to list: 83910
name added to list: 83911
name added to list: 83912
name added to list: 83913
name added to list: 83914
name added to list: 83915
name added to list: 83916
name added to list: 83917
name added to list: 83918
name added to list: 83919
name added to list: 83920
name added to list: 83921
name added to list: 83922
name added to list: 83923
name added to list: 83924
name added to list: 83925
name added to list: 83926
name added to list: 83927
name added to list: 83928
name added to list: 83929
name added to list: 83930
name added to list: 83931
name added to list: 83932
name added to list: 83933
name added to list: 83934
name added to list: 83935
name added to list: 83936
name added to list: 83937
name added to list: 83938
name added to list: 83939
name added to list: 83940
name added to list: 83941
name added to list: 83942
name added to list: 83943
name added to list: 83944
name added to list: 83945
name added to list: 83946
name added to list: 83947
name added to list: 83948
name added to list: 83949
name added to list: 83950
name added to list: 83951
name added to list: 83952
name added to list: 83953
name added to list: 83954
name added to list: 83955
name added to list: 83956
name added to list: 83957
name added to list: 83958
name added to list: 83959
name added to list: 83960
name added to list: 83961
name added to list: 83962
name added to list: 83963
name added to list: 83964
name added to list: 83965
name added to list: 83966
name added to list: 83967
name added to list: 83968
name added to list: 83969
name added to list: 83970
name added to list: 83971
name added to list: 83972
name added to list: 83973
name added to list: 83974
name added to list: 83975
name added to list: 83976
name added to list: 83977
name added to list: 83978
name added to list: 83979
name added to list: 83980
name added to list: 83981
name added to list: 83982
name added to list: 83983
name added to list: 83984
name added to list: 83985
name added to list: 83986
name added to list: 83987
name added to list: 83988
name added to list: 83989
name added to list: 83990
name added to list: 83991
name added to list: 83992
name added to list: 83993
name added to list: 83994
name added to list: 83995
name added to list: 83996
name added to list: 83997
name added to list: 83998
name added to list: 83999
name added to list: 84000
name added to list: 84001
name added to list: 84002
name added to list: 84003
name added to list: 84004
name added to list: 84005
name added to list: 84006
name added to list: 84007
name added to list: 84008
name added to list: 84009
name added to list: 84010
name added to list: 84011
name added to list: 84012
name added to list: 84013
name added to list: 84014
name added to list: 84015
name added to list: 84016
name added to list: 84017
name added to list: 84018
name added to list: 84019
name added to list: 84020
name added to list: 84021
name added to list: 84022
name added to list: 84023
name added to list: 84024
name added to list: 84025
name added to list: 84026
name added to list: 84027
name added to list: 84028
name added to list: 84029
name added to list: 84030
name added to list: 84031
name added to list: 84032
name added to list: 84033
name added to list: 84034
name added to list: 84035
name added to list: 84036
name added to list: 84037
name added to list: 84038
name added to list: 84039
name added to list: 84040
name added to list: 84041
name added to list: 84042
name added to list: 84043
name added to list: 84044
name added to list: 84045
name added to list: 84046
name added to list: 84047
name added to list: 84048
name added to list: 84049
name added to list: 84050
name added to list: 84051
name added to list: 84052
name added to list: 84053
name added to list: 84054
name added to list: 84055
name added to list: 84056
name added to list: 84057
name added to list: 84058
name added to list: 84059
name added to list: 84060
name added to list: 84061
name added to list: 84062
name added to list: 84063
name added to list: 84064
name added to list: 84065
name added to list: 84066
name added to list: 84067
name added to list: 84068
name added to list: 84069
name added to list: 84070
name added to list: 84071
name added to list: 84072
name added to list: 84073
name added to list: 84074
name added to list: 84075
name added to list: 84076
name added to list: 84077
name added to list: 84078
name added to list: 84079
name added to list: 84080
name added to list: 84081
name added to list: 84082
name added to list: 84083
name added to list: 84084
name added to list: 84085
name added to list: 84086
name added to list: 84087
name added to list: 84088
name added to list: 84089
name added to list: 84090
name added to list: 84091
name added to list: 84092
name added to list: 84093
name added to list: 84094
name added to list: 84095
name added to list: 84096
name added to list: 84097
name added to list: 84098
name added to list: 84099
name added to list: 84100
name added to list: 84101
name added to list: 84102
name added to list: 84103
name added to list: 84104
name added to list: 84105
name added to list: 84106
name added to list: 84107
name added to list: 84108
name added to list: 84109
name added to list: 84110
name added to list: 84111
name added to list: 84112
name added to list: 84113
name added to list: 84114
name added to list: 84115
name added to list: 84116
name added to list: 84117
name added to list: 84118
name added to list: 84119
name added to list: 84120
name added to list: 84121
name added to list: 84122
name added to list: 84123
name added to list: 84124
name added to list: 84125
name added to list: 84126
name added to list: 84127
name added to list: 84128
name added to list: 84129
name added to list: 84130
name added to list: 84131
name added to list: 84132
name added to list: 84133
name added to list: 84134
name added to list: 84135
name added to list: 84136
name added to list: 84137
name added to list: 84138
name added to list: 84139
name added to list: 84140
name added to list: 84141
name added to list: 84142
name added to list: 84143
name added to list: 84144
name added to list: 84145
name added to list: 84146
name added to list: 84147
name added to list: 84148
name added to list: 84149
name added to list: 84150
name added to list: 84151
name added to list: 84152
name added to list: 84153
name added to list: 84154
name added to list: 84155
name added to list: 84156
name added to list: 84157
name added to list: 84158
name added to list: 84159
name added to list: 84160
name added to list: 84161
name added to list: 84162
name added to list: 84163
name added to list: 84164
name added to list: 84165
name added to list: 84166
name added to list: 84167
name added to list: 84168
name added to list: 84169
name added to list: 84170
name added to list: 84171
name added to list: 84172
name added to list: 84173
name added to list: 84174
name added to list: 84175
name added to list: 84176
name added to list: 84177
name added to list: 84178
name added to list: 84179
name added to list: 84180
name added to list: 84181
name added to list: 84182
name added to list: 84183
name added to list: 84184
name added to list: 84185
name added to list: 84186
name added to list: 84187
name added to list: 84188
name added to list: 84189
name added to list: 84190
name added to list: 84191
name added to list: 84192
name added to list: 84193
name added to list: 84194
name added to list: 84195
name added to list: 84196
name added to list: 84197
name added to list: 84198
name added to list: 84199
name added to list: 84200
name added to list: 84201
name added to list: 84202
name added to list: 84203
name added to list: 84204
name added to list: 84205
name added to list: 84206
name added to list: 84207
name added to list: 84208
name added to list: 84209
name added to list: 84210
name added to list: 84211
name added to list: 84212
name added to list: 84213
name added to list: 84214
name added to list: 84215
name added to list: 84216
name added to list: 84217
name added to list: 84218
name added to list: 84219
name added to list: 84220
name added to list: 84221
name added to list: 84222
name added to list: 84223
name added to list: 84224
name added to list: 84225
name added to list: 84226
name added to list: 84227
name added to list: 84228
name added to list: 84229
name added to list: 84230
name added to list: 84231
name added to list: 84232
name added to list: 84233
name added to list: 84234
name added to list: 84235
name added to list: 84236
name added to list: 84237
name added to list: 84238
name added to list: 84239
name added to list: 84240
name added to list: 84241
name added to list: 84242
name added to list: 84243
name added to list: 84244
name added to list: 84245
name added to list: 84246
name added to list: 84247
name added to list: 84248
name added to list: 84249
name added to list: 84250
name added to list: 84251
name added to list: 84252
name added to list: 84253
name added to list: 84254
name added to list: 84255
name added to list: 84256
name added to list: 84257
name added to list: 84258
name added to list: 84259
name added to list: 84260
name added to list: 84261
name added to list: 84262
name added to list: 84263
name added to list: 84264
name added to list: 84265
name added to list: 84266
name added to list: 84267
name added to list: 84268
name added to list: 84269
name added to list: 84270
name added to list: 84271
name added to list: 84272
name added to list: 84273
name added to list: 84274
name added to list: 84275
name added to list: 84276
name added to list: 84277
name added to list: 84278
name added to list: 84279
name added to list: 84280
name added to list: 84281
name added to list: 84282
name added to list: 84283
name added to list: 84284
name added to list: 84285
name added to list: 84286
name added to list: 84287
name added to list: 84288
name added to list: 84289
name added to list: 84290
name added to list: 84291
name added to list: 84292
name added to list: 84293
name added to list: 84294
name added to list: 84295
name added to list: 84296
name added to list: 84297
name added to list: 84298
name added to list: 84299
name added to list: 84300
name added to list: 84301
name added to list: 84302
name added to list: 84303
name added to list: 84304
name added to list: 84305
name added to list: 84306
name added to list: 84307
name added to list: 84308
name added to list: 84309
name added to list: 84310
name added to list: 84311
name added to list: 84312
name added to list: 84313
name added to list: 84314
name added to list: 84315
name added to list: 84316
name added to list: 84317
name added to list: 84318
name added to list: 84319
name added to list: 84320
name added to list: 84321
name added to list: 84322
name added to list: 84323
name added to list: 84324
name added to list: 84325
name added to list: 84326
name added to list: 84327
name added to list: 84328
name added to list: 84329
name added to list: 84330
name added to list: 84331
name added to list: 84332
name added to list: 84333
name added to list: 84334
name added to list: 84335
name added to list: 84336
name added to list: 84337
name added to list: 84338
name added to list: 84339
name added to list: 84340
name added to list: 84341
name added to list: 84342
name added to list: 84343
name added to list: 84344
name added to list: 84345
name added to list: 84346
name added to list: 84347
name added to list: 84348
name added to list: 84349
name added to list: 84350
name added to list: 84351
name added to list: 84352
name added to list: 84353
name added to list: 84354
name added to list: 84355
name added to list: 84356
name added to list: 84357
name added to list: 84358
name added to list: 84359
name added to list: 84360
name added to list: 84361
name added to list: 84362
name added to list: 84363
name added to list: 84364
name added to list: 84365
name added to list: 84366
name added to list: 84367
name added to list: 84368
name added to list: 84369
name added to list: 84370
name added to list: 84371
name added to list: 84372
name added to list: 84373
name added to list: 84374
name added to list: 84375
name added to list: 84376
name added to list: 84377
name added to list: 84378
name added to list: 84379
name added to list: 84380
name added to list: 84381
name added to list: 84382
name added to list: 84383
name added to list: 84384
name added to list: 84385
name added to list: 84386
name added to list: 84387
name added to list: 84388
name added to list: 84389
name added to list: 84390
name added to list: 84391
name added to list: 84392
name added to list: 84393
name added to list: 84394
name added to list: 84395
name added to list: 84396
name added to list: 84397
name added to list: 84398
name added to list: 84399
name added to list: 84400
name added to list: 84401
name added to list: 84402
name added to list: 84403
name added to list: 84404
name added to list: 84405
name added to list: 84406
name added to list: 84407
name added to list: 84408
name added to list: 84409
name added to list: 84410
name added to list: 84411
name added to list: 84412
name added to list: 84413
name added to list: 84414
name added to list: 84415
name added to list: 84416
name added to list: 84417
name added to list: 84418
name added to list: 84419
name added to list: 84420
name added to list: 84421
name added to list: 84422
name added to list: 84423
name added to list: 84424
name added to list: 84425
name added to list: 84426
name added to list: 84427
name added to list: 84428
name added to list: 84429
name added to list: 84430
name added to list: 84431
name added to list: 84432
name added to list: 84433
name added to list: 84434
name added to list: 84435
name added to list: 84436
name added to list: 84437
name added to list: 84438
name added to list: 84439
name added to list: 84440
name added to list: 84441
name added to list: 84442
name added to list: 84443
name added to list: 84444
name added to list: 84445
name added to list: 84446
name added to list: 84447
name added to list: 84448
name added to list: 84449
name added to list: 84450
name added to list: 84451
name added to list: 84452
name added to list: 84453
name added to list: 84454
name added to list: 84455
name added to list: 84456
name added to list: 84457
name added to list: 84458
name added to list: 84459
name added to list: 84460
name added to list: 84461
name added to list: 84462
name added to list: 84463
name added to list: 84464
name added to list: 84465
name added to list: 84466
name added to list: 84467
name added to list: 84468
name added to list: 84469
name added to list: 84470
name added to list: 84471
name added to list: 84472
name added to list: 84473
name added to list: 84474
name added to list: 84475
name added to list: 84476
name added to list: 84477
name added to list: 84478
name added to list: 84479
name added to list: 84480
name added to list: 84481
name added to list: 84482
name added to list: 84483
name added to list: 84484
name added to list: 84485
name added to list: 84486
name added to list: 84487
name added to list: 84488
name added to list: 84489
name added to list: 84490
name added to list: 84491
name added to list: 84492
name added to list: 84493
name added to list: 84494
name added to list: 84495
name added to list: 84496
name added to list: 84497
name added to list: 84498
name added to list: 84499
name added to list: 84500
name added to list: 84501
name added to list: 84502
name added to list: 84503
name added to list: 84504
name added to list: 84505
name added to list: 84506
name added to list: 84507
name added to list: 84508
name added to list: 84509
name added to list: 84510
name added to list: 84511
name added to list: 84512
name added to list: 84513
name added to list: 84514
name added to list: 84515
name added to list: 84516
name added to list: 84517
name added to list: 84518
name added to list: 84519
name added to list: 84520
name added to list: 84521
name added to list: 84522
name added to list: 84523
name added to list: 84524
name added to list: 84525
name added to list: 84526
name added to list: 84527
name added to list: 84528
name added to list: 84529
name added to list: 84530
name added to list: 84531
name added to list: 84532
name added to list: 84533
name added to list: 84534
name added to list: 84535
name added to list: 84536
name added to list: 84537
name added to list: 84538
name added to list: 84539
name added to list: 84540
name added to list: 84541
name added to list: 84542
name added to list: 84543
name added to list: 84544
name added to list: 84545
name added to list: 84546
name added to list: 84547
name added to list: 84548
name added to list: 84549
name added to list: 84550
name added to list: 84551
name added to list: 84552
name added to list: 84553
name added to list: 84554
name added to list: 84555
name added to list: 84556
name added to list: 84557
name added to list: 84558
name added to list: 84559
name added to list: 84560
name added to list: 84561
name added to list: 84562
name added to list: 84563
name added to list: 84564
name added to list: 84565
name added to list: 84566
name added to list: 84567
name added to list: 84568
name added to list: 84569
name added to list: 84570
name added to list: 84571
name added to list: 84572
name added to list: 84573
name added to list: 84574
name added to list: 84575
name added to list: 84576
name added to list: 84577
name added to list: 84578
name added to list: 84579
name added to list: 84580
name added to list: 84581
name added to list: 84582
name added to list: 84583
name added to list: 84584
name added to list: 84585
name added to list: 84586
name added to list: 84587
name added to list: 84588
name added to list: 84589
name added to list: 84590
name added to list: 84591
name added to list: 84592
name added to list: 84593
name added to list: 84594
name added to list: 84595
name added to list: 84596
name added to list: 84597
name added to list: 84598
name added to list: 84599
name added to list: 84600
name added to list: 84601
name added to list: 84602
name added to list: 84603
name added to list: 84604
name added to list: 84605
name added to list: 84606
name added to list: 84607
name added to list: 84608
name added to list: 84609
name added to list: 84610
name added to list: 84611
name added to list: 84612
name added to list: 84613
name added to list: 84614
name added to list: 84615
name added to list: 84616
name added to list: 84617
name added to list: 84618
name added to list: 84619
name added to list: 84620
name added to list: 84621
name added to list: 84622
name added to list: 84623
name added to list: 84624
name added to list: 84625
name added to list: 84626
name added to list: 84627
name added to list: 84628
name added to list: 84629
name added to list: 84630
name added to list: 84631
name added to list: 84632
name added to list: 84633
name added to list: 84634
name added to list: 84635
name added to list: 84636
name added to list: 84637
name added to list: 84638
name added to list: 84639
name added to list: 84640
name added to list: 84641
name added to list: 84642
name added to list: 84643
name added to list: 84644
name added to list: 84645
name added to list: 84646
name added to list: 84647
name added to list: 84648
name added to list: 84649
name added to list: 84650
name added to list: 84651
name added to list: 84652
name added to list: 84653
name added to list: 84654
name added to list: 84655
name added to list: 84656
name added to list: 84657
name added to list: 84658
name added to list: 84659
name added to list: 84660
name added to list: 84661
name added to list: 84662
name added to list: 84663
name added to list: 84664
name added to list: 84665
name added to list: 84666
name added to list: 84667
name added to list: 84668
name added to list: 84669
name added to list: 84670
name added to list: 84671
name added to list: 84672
name added to list: 84673
name added to list: 84674
name added to list: 84675
name added to list: 84676
name added to list: 84677
name added to list: 84678
name added to list: 84679
name added to list: 84680
name added to list: 84681
name added to list: 84682
name added to list: 84683
name added to list: 84684
name added to list: 84685
name added to list: 84686
name added to list: 84687
name added to list: 84688
name added to list: 84689
name added to list: 84690
name added to list: 84691
name added to list: 84692
name added to list: 84693
name added to list: 84694
name added to list: 84695
name added to list: 84696
name added to list: 84697
name added to list: 84698
name added to list: 84699
name added to list: 84700
name added to list: 84701
name added to list: 84702
name added to list: 84703
name added to list: 84704
name added to list: 84705
name added to list: 84706
name added to list: 84707
name added to list: 84708
name added to list: 84709
name added to list: 84710
name added to list: 84711
name added to list: 84712
name added to list: 84713
name added to list: 84714
name added to list: 84715
name added to list: 84716
name added to list: 84717
name added to list: 84718
name added to list: 84719
name added to list: 84720
name added to list: 84721
name added to list: 84722
name added to list: 84723
name added to list: 84724
name added to list: 84725
name added to list: 84726
name added to list: 84727
name added to list: 84728
name added to list: 84729
name added to list: 84730
name added to list: 84731
name added to list: 84732
name added to list: 84733
name added to list: 84734
name added to list: 84735
name added to list: 84736
name added to list: 84737
name added to list: 84738
name added to list: 84739
name added to list: 84740
name added to list: 84741
name added to list: 84742
name added to list: 84743
name added to list: 84744
name added to list: 84745
name added to list: 84746
name added to list: 84747
name added to list: 84748
name added to list: 84749
name added to list: 84750
name added to list: 84751
name added to list: 84752
name added to list: 84753
name added to list: 84754
name added to list: 84755
name added to list: 84756
name added to list: 84757
name added to list: 84758
name added to list: 84759
name added to list: 84760
name added to list: 84761
name added to list: 84762
name added to list: 84763
name added to list: 84764
name added to list: 84765
name added to list: 84766
name added to list: 84767
name added to list: 84768
name added to list: 84769
name added to list: 84770
name added to list: 84771
name added to list: 84772
name added to list: 84773
name added to list: 84774
name added to list: 84775
name added to list: 84776
name added to list: 84777
name added to list: 84778
name added to list: 84779
name added to list: 84780
name added to list: 84781
name added to list: 84782
name added to list: 84783
name added to list: 84784
name added to list: 84785
name added to list: 84786
name added to list: 84787
name added to list: 84788
name added to list: 84789
name added to list: 84790
name added to list: 84791
name added to list: 84792
name added to list: 84793
name added to list: 84794
name added to list: 84795
name added to list: 84796
name added to list: 84797
name added to list: 84798
name added to list: 84799
name added to list: 84800
name added to list: 84801
name added to list: 84802
name added to list: 84803
name added to list: 84804
name added to list: 84805
name added to list: 84806
name added to list: 84807
name added to list: 84808
name added to list: 84809
name added to list: 84810
name added to list: 84811
name added to list: 84812
name added to list: 84813
name added to list: 84814
name added to list: 84815
name added to list: 84816
name added to list: 84817
name added to list: 84818
name added to list: 84819
name added to list: 84820
name added to list: 84821
name added to list: 84822
name added to list: 84823
name added to list: 84824
name added to list: 84825
name added to list: 84826
name added to list: 84827
name added to list: 84828
name added to list: 84829
name added to list: 84830
name added to list: 84831
name added to list: 84832
name added to list: 84833
name added to list: 84834
name added to list: 84835
name added to list: 84836
name added to list: 84837
name added to list: 84838
name added to list: 84839
name added to list: 84840
name added to list: 84841
name added to list: 84842
name added to list: 84843
name added to list: 84844
name added to list: 84845
name added to list: 84846
name added to list: 84847
name added to list: 84848
name added to list: 84849
name added to list: 84850
name added to list: 84851
name added to list: 84852
name added to list: 84853
name added to list: 84854
name added to list: 84855
name added to list: 84856
name added to list: 84857
name added to list: 84858
name added to list: 84859
name added to list: 84860
name added to list: 84861
name added to list: 84862
name added to list: 84863
name added to list: 84864
name added to list: 84865
name added to list: 84866
name added to list: 84867
name added to list: 84868
name added to list: 84869
name added to list: 84870
name added to list: 84871
name added to list: 84872
name added to list: 84873
name added to list: 84874
name added to list: 84875
name added to list: 84876
name added to list: 84877
name added to list: 84878
name added to list: 84879
name added to list: 84880
name added to list: 84881
name added to list: 84882
name added to list: 84883
name added to list: 84884
name added to list: 84885
name added to list: 84886
name added to list: 84887
name added to list: 84888
name added to list: 84889
name added to list: 84890
name added to list: 84891
name added to list: 84892
name added to list: 84893
name added to list: 84894
name added to list: 84895
name added to list: 84896
name added to list: 84897
name added to list: 84898
name added to list: 84899
name added to list: 84900
name added to list: 84901
name added to list: 84902
name added to list: 84903
name added to list: 84904
name added to list: 84905
name added to list: 84906
name added to list: 84907
name added to list: 84908
name added to list: 84909
name added to list: 84910
name added to list: 84911
name added to list: 84912
name added to list: 84913
name added to list: 84914
name added to list: 84915
name added to list: 84916
name added to list: 84917
name added to list: 84918
name added to list: 84919
name added to list: 84920
name added to list: 84921
name added to list: 84922
name added to list: 84923
name added to list: 84924
name added to list: 84925
name added to list: 84926
name added to list: 84927
name added to list: 84928
name added to list: 84929
name added to list: 84930
name added to list: 84931
name added to list: 84932
name added to list: 84933
name added to list: 84934
name added to list: 84935
name added to list: 84936
name added to list: 84937
name added to list: 84938
name added to list: 84939
name added to list: 84940
name added to list: 84941
name added to list: 84942
name added to list: 84943
name added to list: 84944
name added to list: 84945
name added to list: 84946
name added to list: 84947
name added to list: 84948
name added to list: 84949
name added to list: 84950
name added to list: 84951
name added to list: 84952
name added to list: 84953
name added to list: 84954
name added to list: 84955
name added to list: 84956
name added to list: 84957
name added to list: 84958
name added to list: 84959
name added to list: 84960
name added to list: 84961
name added to list: 84962
name added to list: 84963
name added to list: 84964
name added to list: 84965
name added to list: 84966
name added to list: 84967
name added to list: 84968
name added to list: 84969
name added to list: 84970
name added to list: 84971
name added to list: 84972
name added to list: 84973
name added to list: 84974
name added to list: 84975
name added to list: 84976
name added to list: 84977
name added to list: 84978
name added to list: 84979
name added to list: 84980
name added to list: 84981
name added to list: 84982
name added to list: 84983
name added to list: 84984
name added to list: 84985
name added to list: 84986
name added to list: 84987
name added to list: 84988
name added to list: 84989
name added to list: 84990
name added to list: 84991
name added to list: 84992
name added to list: 84993
name added to list: 84994
name added to list: 84995
name added to list: 84996
name added to list: 84997
name added to list: 84998
name added to list: 84999
name added to list: 85000
name added to list: 85001
name added to list: 85002
name added to list: 85003
name added to list: 85004
name added to list: 85005
name added to list: 85006
name added to list: 85007
name added to list: 85008
name added to list: 85009
name added to list: 85010
name added to list: 85011
name added to list: 85012
name added to list: 85013
name added to list: 85014
name added to list: 85015
name added to list: 85016
name added to list: 85017
name added to list: 85018
name added to list: 85019
name added to list: 85020
name added to list: 85021
name added to list: 85022
name added to list: 85023
name added to list: 85024
name added to list: 85025
name added to list: 85026
name added to list: 85027
name added to list: 85028
name added to list: 85029
name added to list: 85030
name added to list: 85031
name added to list: 85032
name added to list: 85033
name added to list: 85034
name added to list: 85035
name added to list: 85036
name added to list: 85037
name added to list: 85038
name added to list: 85039
name added to list: 85040
name added to list: 85041
name added to list: 85042
name added to list: 85043
name added to list: 85044
name added to list: 85045
name added to list: 85046
name added to list: 85047
name added to list: 85048
name added to list: 85049
name added to list: 85050
name added to list: 85051
name added to list: 85052
name added to list: 85053
name added to list: 85054
name added to list: 85055
name added to list: 85056
name added to list: 85057
name added to list: 85058
name added to list: 85059
name added to list: 85060
name added to list: 85061
name added to list: 85062
name added to list: 85063
name added to list: 85064
name added to list: 85065
name added to list: 85066
name added to list: 85067
name added to list: 85068
name added to list: 85069
name added to list: 85070
name added to list: 85071
name added to list: 85072
name added to list: 85073
name added to list: 85074
name added to list: 85075
name added to list: 85076
name added to list: 85077
name added to list: 85078
name added to list: 85079
name added to list: 85080
name added to list: 85081
name added to list: 85082
name added to list: 85083
name added to list: 85084
name added to list: 85085
name added to list: 85086
name added to list: 85087
name added to list: 85088
name added to list: 85089
name added to list: 85090
name added to list: 85091
name added to list: 85092
name added to list: 85093
name added to list: 85094
name added to list: 85095
name added to list: 85096
name added to list: 85097
name added to list: 85098
name added to list: 85099
name added to list: 85100
name added to list: 85101
name added to list: 85102
name added to list: 85103
name added to list: 85104
name added to list: 85105
name added to list: 85106
name added to list: 85107
name added to list: 85108
name added to list: 85109
name added to list: 85110
name added to list: 85111
name added to list: 85112
name added to list: 85113
name added to list: 85114
name added to list: 85115
name added to list: 85116
name added to list: 85117
name added to list: 85118
name added to list: 85119
name added to list: 85120
name added to list: 85121
name added to list: 85122
name added to list: 85123
name added to list: 85124
name added to list: 85125
name added to list: 85126
name added to list: 85127
name added to list: 85128
name added to list: 85129
name added to list: 85130
name added to list: 85131
name added to list: 85132
name added to list: 85133
name added to list: 85134
name added to list: 85135
name added to list: 85136
name added to list: 85137
name added to list: 85138
name added to list: 85139
name added to list: 85140
name added to list: 85141
name added to list: 85142
name added to list: 85143
name added to list: 85144
name added to list: 85145
name added to list: 85146
name added to list: 85147
name added to list: 85148
name added to list: 85149
name added to list: 85150
name added to list: 85151
name added to list: 85152
name added to list: 85153
name added to list: 85154
name added to list: 85155
name added to list: 85156
name added to list: 85157
name added to list: 85158
name added to list: 85159
name added to list: 85160
name added to list: 85161
name added to list: 85162
name added to list: 85163
name added to list: 85164
name added to list: 85165
name added to list: 85166
name added to list: 85167
name added to list: 85168
name added to list: 85169
name added to list: 85170
name added to list: 85171
name added to list: 85172
name added to list: 85173
name added to list: 85174
name added to list: 85175
name added to list: 85176
name added to list: 85177
name added to list: 85178
name added to list: 85179
name added to list: 85180
name added to list: 85181
name added to list: 85182
name added to list: 85183
name added to list: 85184
name added to list: 85185
name added to list: 85186
name added to list: 85187
name added to list: 85188
name added to list: 85189
name added to list: 85190
name added to list: 85191
name added to list: 85192
name added to list: 85193
name added to list: 85194
name added to list: 85195
name added to list: 85196
name added to list: 85197
name added to list: 85198
name added to list: 85199
name added to list: 85200
name added to list: 85201
name added to list: 85202
name added to list: 85203
name added to list: 85204
name added to list: 85205
name added to list: 85206
name added to list: 85207
name added to list: 85208
name added to list: 85209
name added to list: 85210
name added to list: 85211
name added to list: 85212
name added to list: 85213
name added to list: 85214
name added to list: 85215
name added to list: 85216
name added to list: 85217
name added to list: 85218
name added to list: 85219
name added to list: 85220
name added to list: 85221
name added to list: 85222
name added to list: 85223
name added to list: 85224
name added to list: 85225
name added to list: 85226
name added to list: 85227
name added to list: 85228
name added to list: 85229
name added to list: 85230
name added to list: 85231
name added to list: 85232
name added to list: 85233
name added to list: 85234
name added to list: 85235
name added to list: 85236
name added to list: 85237
name added to list: 85238
name added to list: 85239
name added to list: 85240
name added to list: 85241
name added to list: 85242
name added to list: 85243
name added to list: 85244
name added to list: 85245
name added to list: 85246
name added to list: 85247
name added to list: 85248
name added to list: 85249
name added to list: 85250
name added to list: 85251
name added to list: 85252
name added to list: 85253
name added to list: 85254
name added to list: 85255
name added to list: 85256
name added to list: 85257
name added to list: 85258
name added to list: 85259
name added to list: 85260
name added to list: 85261
name added to list: 85262
name added to list: 85263
name added to list: 85264
name added to list: 85265
name added to list: 85266
name added to list: 85267
name added to list: 85268
name added to list: 85269
name added to list: 85270
name added to list: 85271
name added to list: 85272
name added to list: 85273
name added to list: 85274
name added to list: 85275
name added to list: 85276
name added to list: 85277
name added to list: 85278
name added to list: 85279
name added to list: 85280
name added to list: 85281
name added to list: 85282
name added to list: 85283
name added to list: 85284
name added to list: 85285
name added to list: 85286
name added to list: 85287
name added to list: 85288
name added to list: 85289
name added to list: 85290
name added to list: 85291
name added to list: 85292
name added to list: 85293
name added to list: 85294
name added to list: 85295
name added to list: 85296
name added to list: 85297
name added to list: 85298
name added to list: 85299
name added to list: 85300
name added to list: 85301
name added to list: 85302
name added to list: 85303
name added to list: 85304
name added to list: 85305
name added to list: 85306
name added to list: 85307
name added to list: 85308
name added to list: 85309
name added to list: 85310
name added to list: 85311
name added to list: 85312
name added to list: 85313
name added to list: 85314
name added to list: 85315
name added to list: 85316
name added to list: 85317
name added to list: 85318
name added to list: 85319
name added to list: 85320
name added to list: 85321
name added to list: 85322
name added to list: 85323
name added to list: 85324
name added to list: 85325
name added to list: 85326
name added to list: 85327
name added to list: 85328
name added to list: 85329
name added to list: 85330
name added to list: 85331
name added to list: 85332
name added to list: 85333
name added to list: 85334
name added to list: 85335
name added to list: 85336
name added to list: 85337
name added to list: 85338
name added to list: 85339
name added to list: 85340
name added to list: 85341
name added to list: 85342
name added to list: 85343
name added to list: 85344
name added to list: 85345
name added to list: 85346
name added to list: 85347
name added to list: 85348
name added to list: 85349
name added to list: 85350
name added to list: 85351
name added to list: 85352
name added to list: 85353
name added to list: 85354
name added to list: 85355
name added to list: 85356
name added to list: 85357
name added to list: 85358
name added to list: 85359
name added to list: 85360
name added to list: 85361
name added to list: 85362
name added to list: 85363
name added to list: 85364
name added to list: 85365
name added to list: 85366
name added to list: 85367
name added to list: 85368
name added to list: 85369
name added to list: 85370
name added to list: 85371
name added to list: 85372
name added to list: 85373
name added to list: 85374
name added to list: 85375
name added to list: 85376
name added to list: 85377
name added to list: 85378
name added to list: 85379
name added to list: 85380
name added to list: 85381
name added to list: 85382
name added to list: 85383
name added to list: 85384
name added to list: 85385
name added to list: 85386
name added to list: 85387
name added to list: 85388
name added to list: 85389
name added to list: 85390
name added to list: 85391
name added to list: 85392
name added to list: 85393
name added to list: 85394
name added to list: 85395
name added to list: 85396
name added to list: 85397
name added to list: 85398
name added to list: 85399
name added to list: 85400
name added to list: 85401
name added to list: 85402
name added to list: 85403
name added to list: 85404
name added to list: 85405
name added to list: 85406
name added to list: 85407
name added to list: 85408
name added to list: 85409
name added to list: 85410
name added to list: 85411
name added to list: 85412
name added to list: 85413
name added to list: 85414
name added to list: 85415
name added to list: 85416
name added to list: 85417
name added to list: 85418
name added to list: 85419
name added to list: 85420
name added to list: 85421
name added to list: 85422
name added to list: 85423
name added to list: 85424
name added to list: 85425
name added to list: 85426
name added to list: 85427
name added to list: 85428
name added to list: 85429
name added to list: 85430
name added to list: 85431
name added to list: 85432
name added to list: 85433
name added to list: 85434
name added to list: 85435
name added to list: 85436
name added to list: 85437
name added to list: 85438
name added to list: 85439
name added to list: 85440
name added to list: 85441
name added to list: 85442
name added to list: 85443
name added to list: 85444
name added to list: 85445
name added to list: 85446
name added to list: 85447
name added to list: 85448
name added to list: 85449
name added to list: 85450
name added to list: 85451
name added to list: 85452
name added to list: 85453
name added to list: 85454
name added to list: 85455
name added to list: 85456
name added to list: 85457
name added to list: 85458
name added to list: 85459
name added to list: 85460
name added to list: 85461
name added to list: 85462
name added to list: 85463
name added to list: 85464
name added to list: 85465
name added to list: 85466
name added to list: 85467
name added to list: 85468
name added to list: 85469
name added to list: 85470
name added to list: 85471
name added to list: 85472
name added to list: 85473
name added to list: 85474
name added to list: 85475
name added to list: 85476
name added to list: 85477
name added to list: 85478
name added to list: 85479
name added to list: 85480
name added to list: 85481
name added to list: 85482
name added to list: 85483
name added to list: 85484
name added to list: 85485
name added to list: 85486
name added to list: 85487
name added to list: 85488
name added to list: 85489
name added to list: 85490
name added to list: 85491
name added to list: 85492
name added to list: 85493
name added to list: 85494
name added to list: 85495
name added to list: 85496
name added to list: 85497
name added to list: 85498
name added to list: 85499
name added to list: 85500
name added to list: 85501
name added to list: 85502
name added to list: 85503
name added to list: 85504
name added to list: 85505
name added to list: 85506
name added to list: 85507
name added to list: 85508
name added to list: 85509
name added to list: 85510
name added to list: 85511
name added to list: 85512
name added to list: 85513
name added to list: 85514
name added to list: 85515
name added to list: 85516
name added to list: 85517
name added to list: 85518
name added to list: 85519
name added to list: 85520
name added to list: 85521
name added to list: 85522
name added to list: 85523
name added to list: 85524
name added to list: 85525
name added to list: 85526
name added to list: 85527
name added to list: 85528
name added to list: 85529
name added to list: 85530
name added to list: 85531
name added to list: 85532
name added to list: 85533
name added to list: 85534
name added to list: 85535
name added to list: 85536
name added to list: 85537
name added to list: 85538
name added to list: 85539
name added to list: 85540
name added to list: 85541
name added to list: 85542
name added to list: 85543
name added to list: 85544
name added to list: 85545
name added to list: 85546
name added to list: 85547
name added to list: 85548
name added to list: 85549
name added to list: 85550
name added to list: 85551
name added to list: 85552
name added to list: 85553
name added to list: 85554
name added to list: 85555
name added to list: 85556
name added to list: 85557
name added to list: 85558
name added to list: 85559
name added to list: 85560
name added to list: 85561
name added to list: 85562
name added to list: 85563
name added to list: 85564
name added to list: 85565
name added to list: 85566
name added to list: 85567
name added to list: 85568
name added to list: 85569
name added to list: 85570
name added to list: 85571
name added to list: 85572
name added to list: 85573
name added to list: 85574
name added to list: 85575
name added to list: 85576
name added to list: 85577
name added to list: 85578
name added to list: 85579
name added to list: 85580
name added to list: 85581
name added to list: 85582
name added to list: 85583
name added to list: 85584
name added to list: 85585
name added to list: 85586
name added to list: 85587
name added to list: 85588
name added to list: 85589
name added to list: 85590
name added to list: 85591
name added to list: 85592
name added to list: 85593
name added to list: 85594
name added to list: 85595
name added to list: 85596
name added to list: 85597
name added to list: 85598
name added to list: 85599
name added to list: 85600
name added to list: 85601
name added to list: 85602
name added to list: 85603
name added to list: 85604
name added to list: 85605
name added to list: 85606
name added to list: 85607
name added to list: 85608
name added to list: 85609
name added to list: 85610
name added to list: 85611
name added to list: 85612
name added to list: 85613
name added to list: 85614
name added to list: 85615
name added to list: 85616
name added to list: 85617
name added to list: 85618
name added to list: 85619
name added to list: 85620
name added to list: 85621
name added to list: 85622
name added to list: 85623
name added to list: 85624
name added to list: 85625
name added to list: 85626
name added to list: 85627
name added to list: 85628
name added to list: 85629
name added to list: 85630
name added to list: 85631
name added to list: 85632
name added to list: 85633
name added to list: 85634
name added to list: 85635
name added to list: 85636
name added to list: 85637
name added to list: 85638
name added to list: 85639
name added to list: 85640
name added to list: 85641
name added to list: 85642
name added to list: 85643
name added to list: 85644
name added to list: 85645
name added to list: 85646
name added to list: 85647
name added to list: 85648
name added to list: 85649
name added to list: 85650
name added to list: 85651
name added to list: 85652
name added to list: 85653
name added to list: 85654
name added to list: 85655
name added to list: 85656
name added to list: 85657
name added to list: 85658
name added to list: 85659
name added to list: 85660
name added to list: 85661
name added to list: 85662
name added to list: 85663
name added to list: 85664
name added to list: 85665
name added to list: 85666
name added to list: 85667
name added to list: 85668
name added to list: 85669
name added to list: 85670
name added to list: 85671
name added to list: 85672
name added to list: 85673
name added to list: 85674
name added to list: 85675
name added to list: 85676
name added to list: 85677
name added to list: 85678
name added to list: 85679
name added to list: 85680
name added to list: 85681
name added to list: 85682
name added to list: 85683
name added to list: 85684
name added to list: 85685
name added to list: 85686
name added to list: 85687
name added to list: 85688
name added to list: 85689
name added to list: 85690
name added to list: 85691
name added to list: 85692
name added to list: 85693
name added to list: 85694
name added to list: 85695
name added to list: 85696
name added to list: 85697
name added to list: 85698
name added to list: 85699
name added to list: 85700
name added to list: 85701
name added to list: 85702
name added to list: 85703
name added to list: 85704
name added to list: 85705
name added to list: 85706
name added to list: 85707
name added to list: 85708
name added to list: 85709
name added to list: 85710
name added to list: 85711
name added to list: 85712
name added to list: 85713
name added to list: 85714
name added to list: 85715
name added to list: 85716
name added to list: 85717
name added to list: 85718
name added to list: 85719
name added to list: 85720
name added to list: 85721
name added to list: 85722
name added to list: 85723
name added to list: 85724
name added to list: 85725
name added to list: 85726
name added to list: 85727
name added to list: 85728
name added to list: 85729
name added to list: 85730
name added to list: 85731
name added to list: 85732
name added to list: 85733
name added to list: 85734
name added to list: 85735
name added to list: 85736
name added to list: 85737
name added to list: 85738
name added to list: 85739
name added to list: 85740
name added to list: 85741
name added to list: 85742
name added to list: 85743
name added to list: 85744
name added to list: 85745
name added to list: 85746
name added to list: 85747
name added to list: 85748
name added to list: 85749
name added to list: 85750
name added to list: 85751
name added to list: 85752
name added to list: 85753
name added to list: 85754
name added to list: 85755
name added to list: 85756
name added to list: 85757
name added to list: 85758
name added to list: 85759
name added to list: 85760
name added to list: 85761
name added to list: 85762
name added to list: 85763
name added to list: 85764
name added to list: 85765
name added to list: 85766
name added to list: 85767
name added to list: 85768
name added to list: 85769
name added to list: 85770
name added to list: 85771
name added to list: 85772
name added to list: 85773
name added to list: 85774
name added to list: 85775
name added to list: 85776
name added to list: 85777
name added to list: 85778
name added to list: 85779
name added to list: 85780
name added to list: 85781
name added to list: 85782
name added to list: 85783
name added to list: 85784
name added to list: 85785
name added to list: 85786
name added to list: 85787
name added to list: 85788
name added to list: 85789
name added to list: 85790
name added to list: 85791
name added to list: 85792
name added to list: 85793
name added to list: 85794
name added to list: 85795
name added to list: 85796
name added to list: 85797
name added to list: 85798
name added to list: 85799
name added to list: 85800
name added to list: 85801
name added to list: 85802
name added to list: 85803
name added to list: 85804
name added to list: 85805
name added to list: 85806
name added to list: 85807
name added to list: 85808
name added to list: 85809
name added to list: 85810
name added to list: 85811
name added to list: 85812
name added to list: 85813
name added to list: 85814
name added to list: 85815
name added to list: 85816
name added to list: 85817
name added to list: 85818
name added to list: 85819
name added to list: 85820
name added to list: 85821
name added to list: 85822
name added to list: 85823
name added to list: 85824
name added to list: 85825
name added to list: 85826
name added to list: 85827
name added to list: 85828
name added to list: 85829
name added to list: 85830
name added to list: 85831
name added to list: 85832
name added to list: 85833
name added to list: 85834
name added to list: 85835
name added to list: 85836
name added to list: 85837
name added to list: 85838
name added to list: 85839
name added to list: 85840
name added to list: 85841
name added to list: 85842
name added to list: 85843
name added to list: 85844
name added to list: 85845
name added to list: 85846
name added to list: 85847
name added to list: 85848
name added to list: 85849
name added to list: 85850
name added to list: 85851
name added to list: 85852
name added to list: 85853
name added to list: 85854
name added to list: 85855
name added to list: 85856
name added to list: 85857
name added to list: 85858
name added to list: 85859
name added to list: 85860
name added to list: 85861
name added to list: 85862
name added to list: 85863
name added to list: 85864
name added to list: 85865
name added to list: 85866
name added to list: 85867
name added to list: 85868
name added to list: 85869
name added to list: 85870
name added to list: 85871
name added to list: 85872
name added to list: 85873
name added to list: 85874
name added to list: 85875
name added to list: 85876
name added to list: 85877
name added to list: 85878
name added to list: 85879
name added to list: 85880
name added to list: 85881
name added to list: 85882
name added to list: 85883
name added to list: 85884
name added to list: 85885
name added to list: 85886
name added to list: 85887
name added to list: 85888
name added to list: 85889
name added to list: 85890
name added to list: 85891
name added to list: 85892
name added to list: 85893
name added to list: 85894
name added to list: 85895
name added to list: 85896
name added to list: 85897
name added to list: 85898
name added to list: 85899
name added to list: 85900
name added to list: 85901
name added to list: 85902
name added to list: 85903
name added to list: 85904
name added to list: 85905
name added to list: 85906
name added to list: 85907
name added to list: 85908
name added to list: 85909
name added to list: 85910
name added to list: 85911
name added to list: 85912
name added to list: 85913
name added to list: 85914
name added to list: 85915
name added to list: 85916
name added to list: 85917
name added to list: 85918
name added to list: 85919
name added to list: 85920
name added to list: 85921
name added to list: 85922
name added to list: 85923
name added to list: 85924
name added to list: 85925
name added to list: 85926
name added to list: 85927
name added to list: 85928
name added to list: 85929
name added to list: 85930
name added to list: 85931
name added to list: 85932
name added to list: 85933
name added to list: 85934
name added to list: 85935
name added to list: 85936
name added to list: 85937
name added to list: 85938
name added to list: 85939
name added to list: 85940
name added to list: 85941
name added to list: 85942
name added to list: 85943
name added to list: 85944
name added to list: 85945
name added to list: 85946
name added to list: 85947
name added to list: 85948
name added to list: 85949
name added to list: 85950
name added to list: 85951
name added to list: 85952
name added to list: 85953
name added to list: 85954
name added to list: 85955
name added to list: 85956
name added to list: 85957
name added to list: 85958
name added to list: 85959
name added to list: 85960
name added to list: 85961
name added to list: 85962
name added to list: 85963
name added to list: 85964
name added to list: 85965
name added to list: 85966
name added to list: 85967
name added to list: 85968
name added to list: 85969
name added to list: 85970
name added to list: 85971
name added to list: 85972
name added to list: 85973
name added to list: 85974
name added to list: 85975
name added to list: 85976
name added to list: 85977
name added to list: 85978
name added to list: 85979
name added to list: 85980
name added to list: 85981
name added to list: 85982
name added to list: 85983
name added to list: 85984
name added to list: 85985
name added to list: 85986
name added to list: 85987
name added to list: 85988
name added to list: 85989
name added to list: 85990
name added to list: 85991
name added to list: 85992
name added to list: 85993
name added to list: 85994
name added to list: 85995
name added to list: 85996
name added to list: 85997
name added to list: 85998
name added to list: 85999
name added to list: 86000
name added to list: 86001
name added to list: 86002
name added to list: 86003
name added to list: 86004
name added to list: 86005
name added to list: 86006
name added to list: 86007
name added to list: 86008
name added to list: 86009
name added to list: 86010
name added to list: 86011
name added to list: 86012
name added to list: 86013
name added to list: 86014
name added to list: 86015
name added to list: 86016
name added to list: 86017
name added to list: 86018
name added to list: 86019
name added to list: 86020
name added to list: 86021
name added to list: 86022
name added to list: 86023
name added to list: 86024
name added to list: 86025
name added to list: 86026
name added to list: 86027
name added to list: 86028
name added to list: 86029
name added to list: 86030
name added to list: 86031
name added to list: 86032
name added to list: 86033
name added to list: 86034
name added to list: 86035
name added to list: 86036
name added to list: 86037
name added to list: 86038
name added to list: 86039
name added to list: 86040
name added to list: 86041
name added to list: 86042
name added to list: 86043
name added to list: 86044
name added to list: 86045
name added to list: 86046
name added to list: 86047
name added to list: 86048
name added to list: 86049
name added to list: 86050
name added to list: 86051
name added to list: 86052
name added to list: 86053
name added to list: 86054
name added to list: 86055
name added to list: 86056
name added to list: 86057
name added to list: 86058
name added to list: 86059
name added to list: 86060
name added to list: 86061
name added to list: 86062
name added to list: 86063
name added to list: 86064
name added to list: 86065
name added to list: 86066
name added to list: 86067
name added to list: 86068
name added to list: 86069
name added to list: 86070
name added to list: 86071
name added to list: 86072
name added to list: 86073
name added to list: 86074
name added to list: 86075
name added to list: 86076
name added to list: 86077
name added to list: 86078
name added to list: 86079
name added to list: 86080
name added to list: 86081
name added to list: 86082
name added to list: 86083
name added to list: 86084
name added to list: 86085
name added to list: 86086
name added to list: 86087
name added to list: 86088
name added to list: 86089
name added to list: 86090
name added to list: 86091
name added to list: 86092
name added to list: 86093
name added to list: 86094
name added to list: 86095
name added to list: 86096
name added to list: 86097
name added to list: 86098
name added to list: 86099
name added to list: 86100
name added to list: 86101
name added to list: 86102
name added to list: 86103
name added to list: 86104
name added to list: 86105
name added to list: 86106
name added to list: 86107
name added to list: 86108
name added to list: 86109
name added to list: 86110
name added to list: 86111
name added to list: 86112
name added to list: 86113
name added to list: 86114
name added to list: 86115
name added to list: 86116
name added to list: 86117
name added to list: 86118
name added to list: 86119
name added to list: 86120
name added to list: 86121
name added to list: 86122
name added to list: 86123
name added to list: 86124
name added to list: 86125
name added to list: 86126
name added to list: 86127
name added to list: 86128
name added to list: 86129
name added to list: 86130
name added to list: 86131
name added to list: 86132
name added to list: 86133
name added to list: 86134
name added to list: 86135
name added to list: 86136
name added to list: 86137
name added to list: 86138
name added to list: 86139
name added to list: 86140
name added to list: 86141
name added to list: 86142
name added to list: 86143
name added to list: 86144
name added to list: 86145
name added to list: 86146
name added to list: 86147
name added to list: 86148
name added to list: 86149
name added to list: 86150
name added to list: 86151
name added to list: 86152
name added to list: 86153
name added to list: 86154
name added to list: 86155
name added to list: 86156
name added to list: 86157
name added to list: 86158
name added to list: 86159
name added to list: 86160
name added to list: 86161
name added to list: 86162
name added to list: 86163
name added to list: 86164
name added to list: 86165
name added to list: 86166
name added to list: 86167
name added to list: 86168
name added to list: 86169
name added to list: 86170
name added to list: 86171
name added to list: 86172
name added to list: 86173
name added to list: 86174
name added to list: 86175
name added to list: 86176
name added to list: 86177
name added to list: 86178
name added to list: 86179
name added to list: 86180
name added to list: 86181
name added to list: 86182
name added to list: 86183
name added to list: 86184
name added to list: 86185
name added to list: 86186
name added to list: 86187
name added to list: 86188
name added to list: 86189
name added to list: 86190
name added to list: 86191
name added to list: 86192
name added to list: 86193
name added to list: 86194
name added to list: 86195
name added to list: 86196
name added to list: 86197
name added to list: 86198
name added to list: 86199
name added to list: 86200
name added to list: 86201
name added to list: 86202
name added to list: 86203
name added to list: 86204
name added to list: 86205
name added to list: 86206
name added to list: 86207
name added to list: 86208
name added to list: 86209
name added to list: 86210
name added to list: 86211
name added to list: 86212
name added to list: 86213
name added to list: 86214
name added to list: 86215
name added to list: 86216
name added to list: 86217
name added to list: 86218
name added to list: 86219
name added to list: 86220
name added to list: 86221
name added to list: 86222
name added to list: 86223
name added to list: 86224
name added to list: 86225
name added to list: 86226
name added to list: 86227
name added to list: 86228
name added to list: 86229
name added to list: 86230
name added to list: 86231
name added to list: 86232
name added to list: 86233
name added to list: 86234
name added to list: 86235
name added to list: 86236
name added to list: 86237
name added to list: 86238
name added to list: 86239
name added to list: 86240
name added to list: 86241
name added to list: 86242
name added to list: 86243
name added to list: 86244
name added to list: 86245
name added to list: 86246
name added to list: 86247
name added to list: 86248
name added to list: 86249
name added to list: 86250
name added to list: 86251
name added to list: 86252
name added to list: 86253
name added to list: 86254
name added to list: 86255
name added to list: 86256
name added to list: 86257
name added to list: 86258
name added to list: 86259
name added to list: 86260
name added to list: 86261
name added to list: 86262
name added to list: 86263
name added to list: 86264
name added to list: 86265
name added to list: 86266
name added to list: 86267
name added to list: 86268
name added to list: 86269
name added to list: 86270
name added to list: 86271
name added to list: 86272
name added to list: 86273
name added to list: 86274
name added to list: 86275
name added to list: 86276
name added to list: 86277
name added to list: 86278
name added to list: 86279
name added to list: 86280
name added to list: 86281
name added to list: 86282
name added to list: 86283
name added to list: 86284
name added to list: 86285
name added to list: 86286
name added to list: 86287
name added to list: 86288
name added to list: 86289
name added to list: 86290
name added to list: 86291
name added to list: 86292
name added to list: 86293
name added to list: 86294
name added to list: 86295
name added to list: 86296
name added to list: 86297
name added to list: 86298
name added to list: 86299
name added to list: 86300
name added to list: 86301
name added to list: 86302
name added to list: 86303
name added to list: 86304
name added to list: 86305
name added to list: 86306
name added to list: 86307
name added to list: 86308
name added to list: 86309
name added to list: 86310
name added to list: 86311
name added to list: 86312
name added to list: 86313
name added to list: 86314
name added to list: 86315
name added to list: 86316
name added to list: 86317
name added to list: 86318
name added to list: 86319
name added to list: 86320
name added to list: 86321
name added to list: 86322
name added to list: 86323
name added to list: 86324
name added to list: 86325
name added to list: 86326
name added to list: 86327
name added to list: 86328
name added to list: 86329
name added to list: 86330
name added to list: 86331
name added to list: 86332
name added to list: 86333
name added to list: 86334
name added to list: 86335
name added to list: 86336
name added to list: 86337
name added to list: 86338
name added to list: 86339
name added to list: 86340
name added to list: 86341
name added to list: 86342
name added to list: 86343
name added to list: 86344
name added to list: 86345
name added to list: 86346
name added to list: 86347
name added to list: 86348
name added to list: 86349
name added to list: 86350
name added to list: 86351
name added to list: 86352
name added to list: 86353
name added to list: 86354
name added to list: 86355
name added to list: 86356
name added to list: 86357
name added to list: 86358
name added to list: 86359
name added to list: 86360
name added to list: 86361
name added to list: 86362
name added to list: 86363
name added to list: 86364
name added to list: 86365
name added to list: 86366
name added to list: 86367
name added to list: 86368
name added to list: 86369
name added to list: 86370
name added to list: 86371
name added to list: 86372
name added to list: 86373
name added to list: 86374
name added to list: 86375
name added to list: 86376
name added to list: 86377
name added to list: 86378
name added to list: 86379
name added to list: 86380
name added to list: 86381
name added to list: 86382
name added to list: 86383
name added to list: 86384
name added to list: 86385
name added to list: 86386
name added to list: 86387
name added to list: 86388
name added to list: 86389
name added to list: 86390
name added to list: 86391
name added to list: 86392
name added to list: 86393
name added to list: 86394
name added to list: 86395
name added to list: 86396
name added to list: 86397
name added to list: 86398
name added to list: 86399
name added to list: 86400
name added to list: 86401
name added to list: 86402
name added to list: 86403
name added to list: 86404
name added to list: 86405
name added to list: 86406
name added to list: 86407
name added to list: 86408
name added to list: 86409
name added to list: 86410
name added to list: 86411
name added to list: 86412
name added to list: 86413
name added to list: 86414
name added to list: 86415
name added to list: 86416
name added to list: 86417
name added to list: 86418
name added to list: 86419
name added to list: 86420
name added to list: 86421
name added to list: 86422
name added to list: 86423
name added to list: 86424
name added to list: 86425
name added to list: 86426
name added to list: 86427
name added to list: 86428
name added to list: 86429
name added to list: 86430
name added to list: 86431
name added to list: 86432
name added to list: 86433
name added to list: 86434
name added to list: 86435
name added to list: 86436
name added to list: 86437
name added to list: 86438
name added to list: 86439
name added to list: 86440
name added to list: 86441
name added to list: 86442
name added to list: 86443
name added to list: 86444
name added to list: 86445
name added to list: 86446
name added to list: 86447
name added to list: 86448
name added to list: 86449
name added to list: 86450
name added to list: 86451
name added to list: 86452
name added to list: 86453
name added to list: 86454
name added to list: 86455
name added to list: 86456
name added to list: 86457
name added to list: 86458
name added to list: 86459
name added to list: 86460
name added to list: 86461
name added to list: 86462
name added to list: 86463
name added to list: 86464
name added to list: 86465
name added to list: 86466
name added to list: 86467
name added to list: 86468
name added to list: 86469
name added to list: 86470
name added to list: 86471
name added to list: 86472
name added to list: 86473
name added to list: 86474
name added to list: 86475
name added to list: 86476
name added to list: 86477
name added to list: 86478
name added to list: 86479
name added to list: 86480
name added to list: 86481
name added to list: 86482
name added to list: 86483
name added to list: 86484
name added to list: 86485
name added to list: 86486
name added to list: 86487
name added to list: 86488
name added to list: 86489
name added to list: 86490
name added to list: 86491
name added to list: 86492
name added to list: 86493
name added to list: 86494
name added to list: 86495
name added to list: 86496
name added to list: 86497
name added to list: 86498
name added to list: 86499
name added to list: 86500
name added to list: 86501
name added to list: 86502
name added to list: 86503
name added to list: 86504
name added to list: 86505
name added to list: 86506
name added to list: 86507
name added to list: 86508
name added to list: 86509
name added to list: 86510
name added to list: 86511
name added to list: 86512
name added to list: 86513
name added to list: 86514
name added to list: 86515
name added to list: 86516
name added to list: 86517
name added to list: 86518
name added to list: 86519
name added to list: 86520
name added to list: 86521
name added to list: 86522
name added to list: 86523
name added to list: 86524
name added to list: 86525
name added to list: 86526
name added to list: 86527
name added to list: 86528
name added to list: 86529
name added to list: 86530
name added to list: 86531
name added to list: 86532
name added to list: 86533
name added to list: 86534
name added to list: 86535
name added to list: 86536
name added to list: 86537
name added to list: 86538
name added to list: 86539
name added to list: 86540
name added to list: 86541
name added to list: 86542
name added to list: 86543
name added to list: 86544
name added to list: 86545
name added to list: 86546
name added to list: 86547
name added to list: 86548
name added to list: 86549
name added to list: 86550
name added to list: 86551
name added to list: 86552
name added to list: 86553
name added to list: 86554
name added to list: 86555
name added to list: 86556
name added to list: 86557
name added to list: 86558
name added to list: 86559
name added to list: 86560
name added to list: 86561
name added to list: 86562
name added to list: 86563
name added to list: 86564
name added to list: 86565
name added to list: 86566
name added to list: 86567
name added to list: 86568
name added to list: 86569
name added to list: 86570
name added to list: 86571
name added to list: 86572
name added to list: 86573
name added to list: 86574
name added to list: 86575
name added to list: 86576
name added to list: 86577
name added to list: 86578
name added to list: 86579
name added to list: 86580
name added to list: 86581
name added to list: 86582
name added to list: 86583
name added to list: 86584
name added to list: 86585
name added to list: 86586
name added to list: 86587
name added to list: 86588
name added to list: 86589
name added to list: 86590
name added to list: 86591
name added to list: 86592
name added to list: 86593
name added to list: 86594
name added to list: 86595
name added to list: 86596
name added to list: 86597
name added to list: 86598
name added to list: 86599
name added to list: 86600
name added to list: 86601
name added to list: 86602
name added to list: 86603
name added to list: 86604
name added to list: 86605
name added to list: 86606
name added to list: 86607
name added to list: 86608
name added to list: 86609
name added to list: 86610
name added to list: 86611
name added to list: 86612
name added to list: 86613
name added to list: 86614
name added to list: 86615
name added to list: 86616
name added to list: 86617
name added to list: 86618
name added to list: 86619
name added to list: 86620
name added to list: 86621
name added to list: 86622
name added to list: 86623
name added to list: 86624
name added to list: 86625
name added to list: 86626
name added to list: 86627
name added to list: 86628
name added to list: 86629
name added to list: 86630
name added to list: 86631
name added to list: 86632
name added to list: 86633
name added to list: 86634
name added to list: 86635
name added to list: 86636
name added to list: 86637
name added to list: 86638
name added to list: 86639
name added to list: 86640
name added to list: 86641
name added to list: 86642
name added to list: 86643
name added to list: 86644
name added to list: 86645
name added to list: 86646
name added to list: 86647
name added to list: 86648
name added to list: 86649
name added to list: 86650
name added to list: 86651
name added to list: 86652
name added to list: 86653
name added to list: 86654
name added to list: 86655
name added to list: 86656
name added to list: 86657
name added to list: 86658
name added to list: 86659
name added to list: 86660
name added to list: 86661
name added to list: 86662
name added to list: 86663
name added to list: 86664
name added to list: 86665
name added to list: 86666
name added to list: 86667
name added to list: 86668
name added to list: 86669
name added to list: 86670
name added to list: 86671
name added to list: 86672
name added to list: 86673
name added to list: 86674
name added to list: 86675
name added to list: 86676
name added to list: 86677
name added to list: 86678
name added to list: 86679
name added to list: 86680
name added to list: 86681
name added to list: 86682
name added to list: 86683
name added to list: 86684
name added to list: 86685
name added to list: 86686
name added to list: 86687
name added to list: 86688
name added to list: 86689
name added to list: 86690
name added to list: 86691
name added to list: 86692
name added to list: 86693
name added to list: 86694
name added to list: 86695
name added to list: 86696
name added to list: 86697
name added to list: 86698
name added to list: 86699
name added to list: 86700
name added to list: 86701
name added to list: 86702
name added to list: 86703
name added to list: 86704
name added to list: 86705
name added to list: 86706
name added to list: 86707
name added to list: 86708
name added to list: 86709
name added to list: 86710
name added to list: 86711
name added to list: 86712
name added to list: 86713
name added to list: 86714
name added to list: 86715
name added to list: 86716
name added to list: 86717
name added to list: 86718
name added to list: 86719
name added to list: 86720
name added to list: 86721
name added to list: 86722
name added to list: 86723
name added to list: 86724
name added to list: 86725
name added to list: 86726
name added to list: 86727
name added to list: 86728
name added to list: 86729
name added to list: 86730
name added to list: 86731
name added to list: 86732
name added to list: 86733
name added to list: 86734
name added to list: 86735
name added to list: 86736
name added to list: 86737
name added to list: 86738
name added to list: 86739
name added to list: 86740
name added to list: 86741
name added to list: 86742
name added to list: 86743
name added to list: 86744
name added to list: 86745
name added to list: 86746
name added to list: 86747
name added to list: 86748
name added to list: 86749
name added to list: 86750
name added to list: 86751
name added to list: 86752
name added to list: 86753
name added to list: 86754
name added to list: 86755
name added to list: 86756
name added to list: 86757
name added to list: 86758
name added to list: 86759
name added to list: 86760
name added to list: 86761
name added to list: 86762
name added to list: 86763
name added to list: 86764
name added to list: 86765
name added to list: 86766
name added to list: 86767
name added to list: 86768
name added to list: 86769
name added to list: 86770
name added to list: 86771
name added to list: 86772
name added to list: 86773
name added to list: 86774
name added to list: 86775
name added to list: 86776
name added to list: 86777
name added to list: 86778
name added to list: 86779
name added to list: 86780
name added to list: 86781
name added to list: 86782
name added to list: 86783
name added to list: 86784
name added to list: 86785
name added to list: 86786
name added to list: 86787
name added to list: 86788
name added to list: 86789
name added to list: 86790
name added to list: 86791
name added to list: 86792
name added to list: 86793
name added to list: 86794
name added to list: 86795
name added to list: 86796
name added to list: 86797
name added to list: 86798
name added to list: 86799
name added to list: 86800
name added to list: 86801
name added to list: 86802
name added to list: 86803
name added to list: 86804
name added to list: 86805
name added to list: 86806
name added to list: 86807
name added to list: 86808
name added to list: 86809
name added to list: 86810
name added to list: 86811
name added to list: 86812
name added to list: 86813
name added to list: 86814
name added to list: 86815
name added to list: 86816
name added to list: 86817
name added to list: 86818
name added to list: 86819
name added to list: 86820
name added to list: 86821
name added to list: 86822
name added to list: 86823
name added to list: 86824
name added to list: 86825
name added to list: 86826
name added to list: 86827
name added to list: 86828
name added to list: 86829
name added to list: 86830
name added to list: 86831
name added to list: 86832
name added to list: 86833
name added to list: 86834
name added to list: 86835
name added to list: 86836
name added to list: 86837
name added to list: 86838
name added to list: 86839
name added to list: 86840
name added to list: 86841
name added to list: 86842
name added to list: 86843
name added to list: 86844
name added to list: 86845
name added to list: 86846
name added to list: 86847
name added to list: 86848
name added to list: 86849
name added to list: 86850
name added to list: 86851
name added to list: 86852
name added to list: 86853
name added to list: 86854
name added to list: 86855
name added to list: 86856
name added to list: 86857
name added to list: 86858
name added to list: 86859
name added to list: 86860
name added to list: 86861
name added to list: 86862
name added to list: 86863
name added to list: 86864
name added to list: 86865
name added to list: 86866
name added to list: 86867
name added to list: 86868
name added to list: 86869
name added to list: 86870
name added to list: 86871
name added to list: 86872
name added to list: 86873
name added to list: 86874
name added to list: 86875
name added to list: 86876
name added to list: 86877
name added to list: 86878
name added to list: 86879
name added to list: 86880
name added to list: 86881
name added to list: 86882
name added to list: 86883
name added to list: 86884
name added to list: 86885
name added to list: 86886
name added to list: 86887
name added to list: 86888
name added to list: 86889
name added to list: 86890
name added to list: 86891
name added to list: 86892
name added to list: 86893
name added to list: 86894
name added to list: 86895
name added to list: 86896
name added to list: 86897
name added to list: 86898
name added to list: 86899
name added to list: 86900
name added to list: 86901
name added to list: 86902
name added to list: 86903
name added to list: 86904
name added to list: 86905
name added to list: 86906
name added to list: 86907
name added to list: 86908
name added to list: 86909
name added to list: 86910
name added to list: 86911
name added to list: 86912
name added to list: 86913
name added to list: 86914
name added to list: 86915
name added to list: 86916
name added to list: 86917
name added to list: 86918
name added to list: 86919
name added to list: 86920
name added to list: 86921
name added to list: 86922
name added to list: 86923
name added to list: 86924
name added to list: 86925
name added to list: 86926
name added to list: 86927
name added to list: 86928
name added to list: 86929
name added to list: 86930
name added to list: 86931
name added to list: 86932
name added to list: 86933
name added to list: 86934
name added to list: 86935
name added to list: 86936
name added to list: 86937
name added to list: 86938
name added to list: 86939
name added to list: 86940
name added to list: 86941
name added to list: 86942
name added to list: 86943
name added to list: 86944
name added to list: 86945
name added to list: 86946
name added to list: 86947
name added to list: 86948
name added to list: 86949
name added to list: 86950
name added to list: 86951
name added to list: 86952
name added to list: 86953
name added to list: 86954
name added to list: 86955
name added to list: 86956
name added to list: 86957
name added to list: 86958
name added to list: 86959
name added to list: 86960
name added to list: 86961
name added to list: 86962
name added to list: 86963
name added to list: 86964
name added to list: 86965
name added to list: 86966
name added to list: 86967
name added to list: 86968
name added to list: 86969
name added to list: 86970
name added to list: 86971
name added to list: 86972
name added to list: 86973
name added to list: 86974
name added to list: 86975
name added to list: 86976
name added to list: 86977
name added to list: 86978
name added to list: 86979
name added to list: 86980
name added to list: 86981
name added to list: 86982
name added to list: 86983
name added to list: 86984
name added to list: 86985
name added to list: 86986
name added to list: 86987
name added to list: 86988
name added to list: 86989
name added to list: 86990
name added to list: 86991
name added to list: 86992
name added to list: 86993
name added to list: 86994
name added to list: 86995
name added to list: 86996
name added to list: 86997
name added to list: 86998
name added to list: 86999
name added to list: 87000
name added to list: 87001
name added to list: 87002
name added to list: 87003
name added to list: 87004
name added to list: 87005
name added to list: 87006
name added to list: 87007
name added to list: 87008
name added to list: 87009
name added to list: 87010
name added to list: 87011
name added to list: 87012
name added to list: 87013
name added to list: 87014
name added to list: 87015
name added to list: 87016
name added to list: 87017
name added to list: 87018
name added to list: 87019
name added to list: 87020
name added to list: 87021
name added to list: 87022
name added to list: 87023
name added to list: 87024
name added to list: 87025
name added to list: 87026
name added to list: 87027
name added to list: 87028
name added to list: 87029
name added to list: 87030
name added to list: 87031
name added to list: 87032
name added to list: 87033
name added to list: 87034
name added to list: 87035
name added to list: 87036
name added to list: 87037
name added to list: 87038
name added to list: 87039
name added to list: 87040
name added to list: 87041
name added to list: 87042
name added to list: 87043
name added to list: 87044
name added to list: 87045
name added to list: 87046
name added to list: 87047
name added to list: 87048
name added to list: 87049
name added to list: 87050
name added to list: 87051
name added to list: 87052
name added to list: 87053
name added to list: 87054
name added to list: 87055
name added to list: 87056
name added to list: 87057
name added to list: 87058
name added to list: 87059
name added to list: 87060
name added to list: 87061
name added to list: 87062
name added to list: 87063
name added to list: 87064
name added to list: 87065
name added to list: 87066
name added to list: 87067
name added to list: 87068
name added to list: 87069
name added to list: 87070
name added to list: 87071
name added to list: 87072
name added to list: 87073
name added to list: 87074
name added to list: 87075
name added to list: 87076
name added to list: 87077
name added to list: 87078
name added to list: 87079
name added to list: 87080
name added to list: 87081
name added to list: 87082
name added to list: 87083
name added to list: 87084
name added to list: 87085
name added to list: 87086
name added to list: 87087
name added to list: 87088
name added to list: 87089
name added to list: 87090
name added to list: 87091
name added to list: 87092
name added to list: 87093
name added to list: 87094
name added to list: 87095
name added to list: 87096
name added to list: 87097
name added to list: 87098
name added to list: 87099
name added to list: 87100
name added to list: 87101
name added to list: 87102
name added to list: 87103
name added to list: 87104
name added to list: 87105
name added to list: 87106
name added to list: 87107
name added to list: 87108
name added to list: 87109
name added to list: 87110
name added to list: 87111
name added to list: 87112
name added to list: 87113
name added to list: 87114
name added to list: 87115
name added to list: 87116
name added to list: 87117
name added to list: 87118
name added to list: 87119
name added to list: 87120
name added to list: 87121
name added to list: 87122
name added to list: 87123
name added to list: 87124
name added to list: 87125
name added to list: 87126
name added to list: 87127
name added to list: 87128
name added to list: 87129
name added to list: 87130
name added to list: 87131
name added to list: 87132
name added to list: 87133
name added to list: 87134
name added to list: 87135
name added to list: 87136
name added to list: 87137
name added to list: 87138
name added to list: 87139
name added to list: 87140
name added to list: 87141
name added to list: 87142
name added to list: 87143
name added to list: 87144
name added to list: 87145
name added to list: 87146
name added to list: 87147
name added to list: 87148
name added to list: 87149
name added to list: 87150
name added to list: 87151
name added to list: 87152
name added to list: 87153
name added to list: 87154
name added to list: 87155
name added to list: 87156
name added to list: 87157
name added to list: 87158
name added to list: 87159
name added to list: 87160
name added to list: 87161
name added to list: 87162
name added to list: 87163
name added to list: 87164
name added to list: 87165
name added to list: 87166
name added to list: 87167
name added to list: 87168
name added to list: 87169
name added to list: 87170
name added to list: 87171
name added to list: 87172
name added to list: 87173
name added to list: 87174
name added to list: 87175
name added to list: 87176
name added to list: 87177
name added to list: 87178
name added to list: 87179
name added to list: 87180
name added to list: 87181
name added to list: 87182
name added to list: 87183
name added to list: 87184
name added to list: 87185
name added to list: 87186
name added to list: 87187
name added to list: 87188
name added to list: 87189
name added to list: 87190
name added to list: 87191
name added to list: 87192
name added to list: 87193
name added to list: 87194
name added to list: 87195
name added to list: 87196
name added to list: 87197
name added to list: 87198
name added to list: 87199
name added to list: 87200
name added to list: 87201
name added to list: 87202
name added to list: 87203
name added to list: 87204
name added to list: 87205
name added to list: 87206
name added to list: 87207
name added to list: 87208
name added to list: 87209
name added to list: 87210
name added to list: 87211
name added to list: 87212
name added to list: 87213
name added to list: 87214
name added to list: 87215
name added to list: 87216
name added to list: 87217
name added to list: 87218
name added to list: 87219
name added to list: 87220
name added to list: 87221
name added to list: 87222
name added to list: 87223
name added to list: 87224
name added to list: 87225
name added to list: 87226
name added to list: 87227
name added to list: 87228
name added to list: 87229
name added to list: 87230
name added to list: 87231
name added to list: 87232
name added to list: 87233
name added to list: 87234
name added to list: 87235
name added to list: 87236
name added to list: 87237
name added to list: 87238
name added to list: 87239
name added to list: 87240
name added to list: 87241
name added to list: 87242
name added to list: 87243
name added to list: 87244
name added to list: 87245
name added to list: 87246
name added to list: 87247
name added to list: 87248
name added to list: 87249
name added to list: 87250
name added to list: 87251
name added to list: 87252
name added to list: 87253
name added to list: 87254
name added to list: 87255
name added to list: 87256
name added to list: 87257
name added to list: 87258
name added to list: 87259
name added to list: 87260
name added to list: 87261
name added to list: 87262
name added to list: 87263
name added to list: 87264
name added to list: 87265
name added to list: 87266
name added to list: 87267
name added to list: 87268
name added to list: 87269
name added to list: 87270
name added to list: 87271
name added to list: 87272
name added to list: 87273
name added to list: 87274
name added to list: 87275
name added to list: 87276
name added to list: 87277
name added to list: 87278
name added to list: 87279
name added to list: 87280
name added to list: 87281
name added to list: 87282
name added to list: 87283
name added to list: 87284
name added to list: 87285
name added to list: 87286
name added to list: 87287
name added to list: 87288
name added to list: 87289
name added to list: 87290
name added to list: 87291
name added to list: 87292
name added to list: 87293
name added to list: 87294
name added to list: 87295
name added to list: 87296
name added to list: 87297
name added to list: 87298
name added to list: 87299
name added to list: 87300
name added to list: 87301
name added to list: 87302
name added to list: 87303
name added to list: 87304
name added to list: 87305
name added to list: 87306
name added to list: 87307
name added to list: 87308
name added to list: 87309
name added to list: 87310
name added to list: 87311
name added to list: 87312
name added to list: 87313
name added to list: 87314
name added to list: 87315
name added to list: 87316
name added to list: 87317
name added to list: 87318
name added to list: 87319
name added to list: 87320
name added to list: 87321
name added to list: 87322
name added to list: 87323
name added to list: 87324
name added to list: 87325
name added to list: 87326
name added to list: 87327
name added to list: 87328
name added to list: 87329
name added to list: 87330
name added to list: 87331
name added to list: 87332
name added to list: 87333
name added to list: 87334
name added to list: 87335
name added to list: 87336
name added to list: 87337
name added to list: 87338
name added to list: 87339
name added to list: 87340
name added to list: 87341
name added to list: 87342
name added to list: 87343
name added to list: 87344
name added to list: 87345
name added to list: 87346
name added to list: 87347
name added to list: 87348
name added to list: 87349
name added to list: 87350
name added to list: 87351
name added to list: 87352
name added to list: 87353
name added to list: 87354
name added to list: 87355
name added to list: 87356
name added to list: 87357
name added to list: 87358
name added to list: 87359
name added to list: 87360
name added to list: 87361
name added to list: 87362
name added to list: 87363
name added to list: 87364
name added to list: 87365
name added to list: 87366
name added to list: 87367
name added to list: 87368
name added to list: 87369
name added to list: 87370
name added to list: 87371
name added to list: 87372
name added to list: 87373
name added to list: 87374
name added to list: 87375
name added to list: 87376
name added to list: 87377
name added to list: 87378
name added to list: 87379
name added to list: 87380
name added to list: 87381
name added to list: 87382
name added to list: 87383
name added to list: 87384
name added to list: 87385
name added to list: 87386
name added to list: 87387
name added to list: 87388
name added to list: 87389
name added to list: 87390
name added to list: 87391
name added to list: 87392
name added to list: 87393
name added to list: 87394
name added to list: 87395
name added to list: 87396
name added to list: 87397
name added to list: 87398
name added to list: 87399
name added to list: 87400
name added to list: 87401
name added to list: 87402
name added to list: 87403
name added to list: 87404
name added to list: 87405
name added to list: 87406
name added to list: 87407
name added to list: 87408
name added to list: 87409
name added to list: 87410
name added to list: 87411
name added to list: 87412
name added to list: 87413
name added to list: 87414
name added to list: 87415
name added to list: 87416
name added to list: 87417
name added to list: 87418
name added to list: 87419
name added to list: 87420
name added to list: 87421
name added to list: 87422
name added to list: 87423
name added to list: 87424
name added to list: 87425
name added to list: 87426
name added to list: 87427
name added to list: 87428
name added to list: 87429
name added to list: 87430
name added to list: 87431
name added to list: 87432
name added to list: 87433
name added to list: 87434
name added to list: 87435
name added to list: 87436
name added to list: 87437
name added to list: 87438
name added to list: 87439
name added to list: 87440
name added to list: 87441
name added to list: 87442
name added to list: 87443
name added to list: 87444
name added to list: 87445
name added to list: 87446
name added to list: 87447
name added to list: 87448
name added to list: 87449
name added to list: 87450
name added to list: 87451
name added to list: 87452
name added to list: 87453
name added to list: 87454
name added to list: 87455
name added to list: 87456
name added to list: 87457
name added to list: 87458
name added to list: 87459
name added to list: 87460
name added to list: 87461
name added to list: 87462
name added to list: 87463
name added to list: 87464
name added to list: 87465
name added to list: 87466
name added to list: 87467
name added to list: 87468
name added to list: 87469
name added to list: 87470
name added to list: 87471
name added to list: 87472
name added to list: 87473
name added to list: 87474
name added to list: 87475
name added to list: 87476
name added to list: 87477
name added to list: 87478
name added to list: 87479
name added to list: 87480
name added to list: 87481
name added to list: 87482
name added to list: 87483
name added to list: 87484
name added to list: 87485
name added to list: 87486
name added to list: 87487
name added to list: 87488
name added to list: 87489
name added to list: 87490
name added to list: 87491
name added to list: 87492
name added to list: 87493
name added to list: 87494
name added to list: 87495
name added to list: 87496
name added to list: 87497
name added to list: 87498
name added to list: 87499
name added to list: 87500
name added to list: 87501
name added to list: 87502
name added to list: 87503
name added to list: 87504
name added to list: 87505
name added to list: 87506
name added to list: 87507
name added to list: 87508
name added to list: 87509
name added to list: 87510
name added to list: 87511
name added to list: 87512
name added to list: 87513
name added to list: 87514
name added to list: 87515
name added to list: 87516
name added to list: 87517
name added to list: 87518
name added to list: 87519
name added to list: 87520
name added to list: 87521
name added to list: 87522
name added to list: 87523
name added to list: 87524
name added to list: 87525
name added to list: 87526
name added to list: 87527
name added to list: 87528
name added to list: 87529
name added to list: 87530
name added to list: 87531
name added to list: 87532
name added to list: 87533
name added to list: 87534
name added to list: 87535
name added to list: 87536
name added to list: 87537
name added to list: 87538
name added to list: 87539
name added to list: 87540
name added to list: 87541
name added to list: 87542
name added to list: 87543
name added to list: 87544
name added to list: 87545
name added to list: 87546
name added to list: 87547
name added to list: 87548
name added to list: 87549
name added to list: 87550
name added to list: 87551
name added to list: 87552
name added to list: 87553
name added to list: 87554
name added to list: 87555
name added to list: 87556
name added to list: 87557
name added to list: 87558
name added to list: 87559
name added to list: 87560
name added to list: 87561
name added to list: 87562
name added to list: 87563
name added to list: 87564
name added to list: 87565
name added to list: 87566
name added to list: 87567
name added to list: 87568
name added to list: 87569
name added to list: 87570
name added to list: 87571
name added to list: 87572
name added to list: 87573
name added to list: 87574
name added to list: 87575
name added to list: 87576
name added to list: 87577
name added to list: 87578
name added to list: 87579
name added to list: 87580
name added to list: 87581
name added to list: 87582
name added to list: 87583
name added to list: 87584
name added to list: 87585
name added to list: 87586
name added to list: 87587
name added to list: 87588
name added to list: 87589
name added to list: 87590
name added to list: 87591
name added to list: 87592
name added to list: 87593
name added to list: 87594
name added to list: 87595
name added to list: 87596
name added to list: 87597
name added to list: 87598
name added to list: 87599
name added to list: 87600
name added to list: 87601
name added to list: 87602
name added to list: 87603
name added to list: 87604
name added to list: 87605
name added to list: 87606
name added to list: 87607
name added to list: 87608
name added to list: 87609
name added to list: 87610
name added to list: 87611
name added to list: 87612
name added to list: 87613
name added to list: 87614
name added to list: 87615
name added to list: 87616
name added to list: 87617
name added to list: 87618
name added to list: 87619
name added to list: 87620
name added to list: 87621
name added to list: 87622
name added to list: 87623
name added to list: 87624
name added to list: 87625
name added to list: 87626
name added to list: 87627
name added to list: 87628
name added to list: 87629
name added to list: 87630
name added to list: 87631
name added to list: 87632
name added to list: 87633
name added to list: 87634
name added to list: 87635
name added to list: 87636
name added to list: 87637
name added to list: 87638
name added to list: 87639
name added to list: 87640
name added to list: 87641
name added to list: 87642
name added to list: 87643
name added to list: 87644
name added to list: 87645
name added to list: 87646
name added to list: 87647
name added to list: 87648
name added to list: 87649
name added to list: 87650
name added to list: 87651
name added to list: 87652
name added to list: 87653
name added to list: 87654
name added to list: 87655
name added to list: 87656
name added to list: 87657
name added to list: 87658
name added to list: 87659
name added to list: 87660
name added to list: 87661
name added to list: 87662
name added to list: 87663
name added to list: 87664
name added to list: 87665
name added to list: 87666
name added to list: 87667
name added to list: 87668
name added to list: 87669
name added to list: 87670
name added to list: 87671
name added to list: 87672
name added to list: 87673
name added to list: 87674
name added to list: 87675
name added to list: 87676
name added to list: 87677
name added to list: 87678
name added to list: 87679
name added to list: 87680
name added to list: 87681
name added to list: 87682
name added to list: 87683
name added to list: 87684
name added to list: 87685
name added to list: 87686
name added to list: 87687
name added to list: 87688
name added to list: 87689
name added to list: 87690
name added to list: 87691
name added to list: 87692
name added to list: 87693
name added to list: 87694
name added to list: 87695
name added to list: 87696
name added to list: 87697
name added to list: 87698
name added to list: 87699
name added to list: 87700
name added to list: 87701
name added to list: 87702
name added to list: 87703
name added to list: 87704
name added to list: 87705
name added to list: 87706
name added to list: 87707
name added to list: 87708
name added to list: 87709
name added to list: 87710
name added to list: 87711
name added to list: 87712
name added to list: 87713
name added to list: 87714
name added to list: 87715
name added to list: 87716
name added to list: 87717
name added to list: 87718
name added to list: 87719
name added to list: 87720
name added to list: 87721
name added to list: 87722
name added to list: 87723
name added to list: 87724
name added to list: 87725
name added to list: 87726
name added to list: 87727
name added to list: 87728
name added to list: 87729
name added to list: 87730
name added to list: 87731
name added to list: 87732
name added to list: 87733
name added to list: 87734
name added to list: 87735
name added to list: 87736
name added to list: 87737
name added to list: 87738
name added to list: 87739
name added to list: 87740
name added to list: 87741
name added to list: 87742
name added to list: 87743
name added to list: 87744
name added to list: 87745
name added to list: 87746
name added to list: 87747
name added to list: 87748
name added to list: 87749
name added to list: 87750
name added to list: 87751
name added to list: 87752
name added to list: 87753
name added to list: 87754
name added to list: 87755
name added to list: 87756
name added to list: 87757
name added to list: 87758
name added to list: 87759
name added to list: 87760
name added to list: 87761
name added to list: 87762
name added to list: 87763
name added to list: 87764
name added to list: 87765
name added to list: 87766
name added to list: 87767
name added to list: 87768
name added to list: 87769
name added to list: 87770
name added to list: 87771
name added to list: 87772
name added to list: 87773
name added to list: 87774
name added to list: 87775
name added to list: 87776
name added to list: 87777
name added to list: 87778
name added to list: 87779
name added to list: 87780
name added to list: 87781
name added to list: 87782
name added to list: 87783
name added to list: 87784
name added to list: 87785
name added to list: 87786
name added to list: 87787
name added to list: 87788
name added to list: 87789
name added to list: 87790
name added to list: 87791
name added to list: 87792
name added to list: 87793
name added to list: 87794
name added to list: 87795
name added to list: 87796
name added to list: 87797
name added to list: 87798
name added to list: 87799
name added to list: 87800
name added to list: 87801
name added to list: 87802
name added to list: 87803
name added to list: 87804
name added to list: 87805
name added to list: 87806
name added to list: 87807
name added to list: 87808
name added to list: 87809
name added to list: 87810
name added to list: 87811
name added to list: 87812
name added to list: 87813
name added to list: 87814
name added to list: 87815
name added to list: 87816
name added to list: 87817
name added to list: 87818
name added to list: 87819
name added to list: 87820
name added to list: 87821
name added to list: 87822
name added to list: 87823
name added to list: 87824
name added to list: 87825
name added to list: 87826
name added to list: 87827
name added to list: 87828
name added to list: 87829
name added to list: 87830
name added to list: 87831
name added to list: 87832
name added to list: 87833
name added to list: 87834
name added to list: 87835
name added to list: 87836
name added to list: 87837
name added to list: 87838
name added to list: 87839
name added to list: 87840
name added to list: 87841
name added to list: 87842
name added to list: 87843
name added to list: 87844
name added to list: 87845
name added to list: 87846
name added to list: 87847
name added to list: 87848
name added to list: 87849
name added to list: 87850
name added to list: 87851
name added to list: 87852
name added to list: 87853
name added to list: 87854
name added to list: 87855
name added to list: 87856
name added to list: 87857
name added to list: 87858
name added to list: 87859
name added to list: 87860
name added to list: 87861
name added to list: 87862
name added to list: 87863
name added to list: 87864
name added to list: 87865
name added to list: 87866
name added to list: 87867
name added to list: 87868
name added to list: 87869
name added to list: 87870
name added to list: 87871
name added to list: 87872
name added to list: 87873
name added to list: 87874
name added to list: 87875
name added to list: 87876
name added to list: 87877
name added to list: 87878
name added to list: 87879
name added to list: 87880
name added to list: 87881
name added to list: 87882
name added to list: 87883
name added to list: 87884
name added to list: 87885
name added to list: 87886
name added to list: 87887
name added to list: 87888
name added to list: 87889
name added to list: 87890
name added to list: 87891
name added to list: 87892
name added to list: 87893
name added to list: 87894
name added to list: 87895
name added to list: 87896
name added to list: 87897
name added to list: 87898
name added to list: 87899
name added to list: 87900
name added to list: 87901
name added to list: 87902
name added to list: 87903
name added to list: 87904
name added to list: 87905
name added to list: 87906
name added to list: 87907
name added to list: 87908
name added to list: 87909
name added to list: 87910
name added to list: 87911
name added to list: 87912
name added to list: 87913
name added to list: 87914
name added to list: 87915
name added to list: 87916
name added to list: 87917
name added to list: 87918
name added to list: 87919
name added to list: 87920
name added to list: 87921
name added to list: 87922
name added to list: 87923
name added to list: 87924
name added to list: 87925
name added to list: 87926
name added to list: 87927
name added to list: 87928
name added to list: 87929
name added to list: 87930
name added to list: 87931
name added to list: 87932
name added to list: 87933
name added to list: 87934
name added to list: 87935
name added to list: 87936
name added to list: 87937
name added to list: 87938
name added to list: 87939
name added to list: 87940
name added to list: 87941
name added to list: 87942
name added to list: 87943
name added to list: 87944
name added to list: 87945
name added to list: 87946
name added to list: 87947
name added to list: 87948
name added to list: 87949
name added to list: 87950
name added to list: 87951
name added to list: 87952
name added to list: 87953
name added to list: 87954
name added to list: 87955
name added to list: 87956
name added to list: 87957
name added to list: 87958
name added to list: 87959
name added to list: 87960
name added to list: 87961
name added to list: 87962
name added to list: 87963
name added to list: 87964
name added to list: 87965
name added to list: 87966
name added to list: 87967
name added to list: 87968
name added to list: 87969
name added to list: 87970
name added to list: 87971
name added to list: 87972
name added to list: 87973
name added to list: 87974
name added to list: 87975
name added to list: 87976
name added to list: 87977
name added to list: 87978
name added to list: 87979
name added to list: 87980
name added to list: 87981
name added to list: 87982
name added to list: 87983
name added to list: 87984
name added to list: 87985
name added to list: 87986
name added to list: 87987
name added to list: 87988
name added to list: 87989
name added to list: 87990
name added to list: 87991
name added to list: 87992
name added to list: 87993
name added to list: 87994
name added to list: 87995
name added to list: 87996
name added to list: 87997
name added to list: 87998
name added to list: 87999
name added to list: 88000
name added to list: 88001
name added to list: 88002
name added to list: 88003
name added to list: 88004
name added to list: 88005
name added to list: 88006
name added to list: 88007
name added to list: 88008
name added to list: 88009
name added to list: 88010
name added to list: 88011
name added to list: 88012
name added to list: 88013
name added to list: 88014
name added to list: 88015
name added to list: 88016
name added to list: 88017
name added to list: 88018
name added to list: 88019
name added to list: 88020
name added to list: 88021
name added to list: 88022
name added to list: 88023
name added to list: 88024
name added to list: 88025
name added to list: 88026
name added to list: 88027
name added to list: 88028
name added to list: 88029
name added to list: 88030
name added to list: 88031
name added to list: 88032
name added to list: 88033
name added to list: 88034
name added to list: 88035
name added to list: 88036
name added to list: 88037
name added to list: 88038
name added to list: 88039
name added to list: 88040
name added to list: 88041
name added to list: 88042
name added to list: 88043
name added to list: 88044
name added to list: 88045
name added to list: 88046
name added to list: 88047
name added to list: 88048
name added to list: 88049
name added to list: 88050
name added to list: 88051
name added to list: 88052
name added to list: 88053
name added to list: 88054
name added to list: 88055
name added to list: 88056
name added to list: 88057
name added to list: 88058
name added to list: 88059
name added to list: 88060
name added to list: 88061
name added to list: 88062
name added to list: 88063
name added to list: 88064
name added to list: 88065
name added to list: 88066
name added to list: 88067
name added to list: 88068
name added to list: 88069
name added to list: 88070
name added to list: 88071
name added to list: 88072
name added to list: 88073
name added to list: 88074
name added to list: 88075
name added to list: 88076
name added to list: 88077
name added to list: 88078
name added to list: 88079
name added to list: 88080
name added to list: 88081
name added to list: 88082
name added to list: 88083
name added to list: 88084
name added to list: 88085
name added to list: 88086
name added to list: 88087
name added to list: 88088
name added to list: 88089
name added to list: 88090
name added to list: 88091
name added to list: 88092
name added to list: 88093
name added to list: 88094
name added to list: 88095
name added to list: 88096
name added to list: 88097
name added to list: 88098
name added to list: 88099
name added to list: 88100
name added to list: 88101
name added to list: 88102
name added to list: 88103
name added to list: 88104
name added to list: 88105
name added to list: 88106
name added to list: 88107
name added to list: 88108
name added to list: 88109
name added to list: 88110
name added to list: 88111
name added to list: 88112
name added to list: 88113
name added to list: 88114
name added to list: 88115
name added to list: 88116
name added to list: 88117
name added to list: 88118
name added to list: 88119
name added to list: 88120
name added to list: 88121
name added to list: 88122
name added to list: 88123
name added to list: 88124
name added to list: 88125
name added to list: 88126
name added to list: 88127
name added to list: 88128
name added to list: 88129
name added to list: 88130
name added to list: 88131
name added to list: 88132
name added to list: 88133
name added to list: 88134
name added to list: 88135
name added to list: 88136
name added to list: 88137
name added to list: 88138
name added to list: 88139
name added to list: 88140
name added to list: 88141
name added to list: 88142
name added to list: 88143
name added to list: 88144
name added to list: 88145
name added to list: 88146
name added to list: 88147
name added to list: 88148
name added to list: 88149
name added to list: 88150
name added to list: 88151
name added to list: 88152
name added to list: 88153
name added to list: 88154
name added to list: 88155
name added to list: 88156
name added to list: 88157
name added to list: 88158
name added to list: 88159
name added to list: 88160
name added to list: 88161
name added to list: 88162
name added to list: 88163
name added to list: 88164
name added to list: 88165
name added to list: 88166
name added to list: 88167
name added to list: 88168
name added to list: 88169
name added to list: 88170
name added to list: 88171
name added to list: 88172
name added to list: 88173
name added to list: 88174
name added to list: 88175
name added to list: 88176
name added to list: 88177
name added to list: 88178
name added to list: 88179
name added to list: 88180
name added to list: 88181
name added to list: 88182
name added to list: 88183
name added to list: 88184
name added to list: 88185
name added to list: 88186
name added to list: 88187
name added to list: 88188
name added to list: 88189
name added to list: 88190
name added to list: 88191
name added to list: 88192
name added to list: 88193
name added to list: 88194
name added to list: 88195
name added to list: 88196
name added to list: 88197
name added to list: 88198
name added to list: 88199
name added to list: 88200
name added to list: 88201
name added to list: 88202
name added to list: 88203
name added to list: 88204
name added to list: 88205
name added to list: 88206
name added to list: 88207
name added to list: 88208
name added to list: 88209
name added to list: 88210
name added to list: 88211
name added to list: 88212
name added to list: 88213
name added to list: 88214
name added to list: 88215
name added to list: 88216
name added to list: 88217
name added to list: 88218
name added to list: 88219
name added to list: 88220
name added to list: 88221
name added to list: 88222
name added to list: 88223
name added to list: 88224
name added to list: 88225
name added to list: 88226
name added to list: 88227
name added to list: 88228
name added to list: 88229
name added to list: 88230
name added to list: 88231
name added to list: 88232
name added to list: 88233
name added to list: 88234
name added to list: 88235
name added to list: 88236
name added to list: 88237
name added to list: 88238
name added to list: 88239
name added to list: 88240
name added to list: 88241
name added to list: 88242
name added to list: 88243
name added to list: 88244
name added to list: 88245
name added to list: 88246
name added to list: 88247
name added to list: 88248
name added to list: 88249
name added to list: 88250
name added to list: 88251
name added to list: 88252
name added to list: 88253
name added to list: 88254
name added to list: 88255
name added to list: 88256
name added to list: 88257
name added to list: 88258
name added to list: 88259
name added to list: 88260
name added to list: 88261
name added to list: 88262
name added to list: 88263
name added to list: 88264
name added to list: 88265
name added to list: 88266
name added to list: 88267
name added to list: 88268
name added to list: 88269
name added to list: 88270
name added to list: 88271
name added to list: 88272
name added to list: 88273
name added to list: 88274
name added to list: 88275
name added to list: 88276
name added to list: 88277
name added to list: 88278
name added to list: 88279
name added to list: 88280
name added to list: 88281
name added to list: 88282
name added to list: 88283
name added to list: 88284
name added to list: 88285
name added to list: 88286
name added to list: 88287
name added to list: 88288
name added to list: 88289
name added to list: 88290
name added to list: 88291
name added to list: 88292
name added to list: 88293
name added to list: 88294
name added to list: 88295
name added to list: 88296
name added to list: 88297
name added to list: 88298
name added to list: 88299
name added to list: 88300
name added to list: 88301
name added to list: 88302
name added to list: 88303
name added to list: 88304
name added to list: 88305
name added to list: 88306
name added to list: 88307
name added to list: 88308
name added to list: 88309
name added to list: 88310
name added to list: 88311
name added to list: 88312
name added to list: 88313
name added to list: 88314
name added to list: 88315
name added to list: 88316
name added to list: 88317
name added to list: 88318
name added to list: 88319
name added to list: 88320
name added to list: 88321
name added to list: 88322
name added to list: 88323
name added to list: 88324
name added to list: 88325
name added to list: 88326
name added to list: 88327
name added to list: 88328
name added to list: 88329
name added to list: 88330
name added to list: 88331
name added to list: 88332
name added to list: 88333
name added to list: 88334
name added to list: 88335
name added to list: 88336
name added to list: 88337
name added to list: 88338
name added to list: 88339
name added to list: 88340
name added to list: 88341
name added to list: 88342
name added to list: 88343
name added to list: 88344
name added to list: 88345
name added to list: 88346
name added to list: 88347
name added to list: 88348
name added to list: 88349
name added to list: 88350
name added to list: 88351
name added to list: 88352
name added to list: 88353
name added to list: 88354
name added to list: 88355
name added to list: 88356
name added to list: 88357
name added to list: 88358
name added to list: 88359
name added to list: 88360
name added to list: 88361
name added to list: 88362
name added to list: 88363
name added to list: 88364
name added to list: 88365
name added to list: 88366
name added to list: 88367
name added to list: 88368
name added to list: 88369
name added to list: 88370
name added to list: 88371
name added to list: 88372
name added to list: 88373
name added to list: 88374
name added to list: 88375
name added to list: 88376
name added to list: 88377
name added to list: 88378
name added to list: 88379
name added to list: 88380
name added to list: 88381
name added to list: 88382
name added to list: 88383
name added to list: 88384
name added to list: 88385
name added to list: 88386
name added to list: 88387
name added to list: 88388
name added to list: 88389
name added to list: 88390
name added to list: 88391
name added to list: 88392
name added to list: 88393
name added to list: 88394
name added to list: 88395
name added to list: 88396
name added to list: 88397
name added to list: 88398
name added to list: 88399
name added to list: 88400
name added to list: 88401
name added to list: 88402
name added to list: 88403
name added to list: 88404
name added to list: 88405
name added to list: 88406
name added to list: 88407
name added to list: 88408
name added to list: 88409
name added to list: 88410
name added to list: 88411
name added to list: 88412
name added to list: 88413
name added to list: 88414
name added to list: 88415
name added to list: 88416
name added to list: 88417
name added to list: 88418
name added to list: 88419
name added to list: 88420
name added to list: 88421
name added to list: 88422
name added to list: 88423
name added to list: 88424
name added to list: 88425
name added to list: 88426
name added to list: 88427
name added to list: 88428
name added to list: 88429
name added to list: 88430
name added to list: 88431
name added to list: 88432
name added to list: 88433
name added to list: 88434
name added to list: 88435
name added to list: 88436
name added to list: 88437
name added to list: 88438
name added to list: 88439
name added to list: 88440
name added to list: 88441
name added to list: 88442
name added to list: 88443
name added to list: 88444
name added to list: 88445
name added to list: 88446
name added to list: 88447
name added to list: 88448
name added to list: 88449
name added to list: 88450
name added to list: 88451
name added to list: 88452
name added to list: 88453
name added to list: 88454
name added to list: 88455
name added to list: 88456
name added to list: 88457
name added to list: 88458
name added to list: 88459
name added to list: 88460
name added to list: 88461
name added to list: 88462
name added to list: 88463
name added to list: 88464
name added to list: 88465
name added to list: 88466
name added to list: 88467
name added to list: 88468
name added to list: 88469
name added to list: 88470
name added to list: 88471
name added to list: 88472
name added to list: 88473
name added to list: 88474
name added to list: 88475
name added to list: 88476
name added to list: 88477
name added to list: 88478
name added to list: 88479
name added to list: 88480
name added to list: 88481
name added to list: 88482
name added to list: 88483
name added to list: 88484
name added to list: 88485
name added to list: 88486
name added to list: 88487
name added to list: 88488
name added to list: 88489
name added to list: 88490
name added to list: 88491
name added to list: 88492
name added to list: 88493
name added to list: 88494
name added to list: 88495
name added to list: 88496
name added to list: 88497
name added to list: 88498
name added to list: 88499
name added to list: 88500
name added to list: 88501
name added to list: 88502
name added to list: 88503
name added to list: 88504
name added to list: 88505
name added to list: 88506
name added to list: 88507
name added to list: 88508
name added to list: 88509
name added to list: 88510
name added to list: 88511
name added to list: 88512
name added to list: 88513
name added to list: 88514
name added to list: 88515
name added to list: 88516
name added to list: 88517
name added to list: 88518
name added to list: 88519
name added to list: 88520
name added to list: 88521
name added to list: 88522
name added to list: 88523
name added to list: 88524
name added to list: 88525
name added to list: 88526
name added to list: 88527
name added to list: 88528
name added to list: 88529
name added to list: 88530
name added to list: 88531
name added to list: 88532
name added to list: 88533
name added to list: 88534
name added to list: 88535
name added to list: 88536
name added to list: 88537
name added to list: 88538
name added to list: 88539
name added to list: 88540
name added to list: 88541
name added to list: 88542
name added to list: 88543
name added to list: 88544
name added to list: 88545
name added to list: 88546
name added to list: 88547
name added to list: 88548
name added to list: 88549
name added to list: 88550
name added to list: 88551
name added to list: 88552
name added to list: 88553
name added to list: 88554
name added to list: 88555
name added to list: 88556
name added to list: 88557
name added to list: 88558
name added to list: 88559
name added to list: 88560
name added to list: 88561
name added to list: 88562
name added to list: 88563
name added to list: 88564
name added to list: 88565
name added to list: 88566
name added to list: 88567
name added to list: 88568
name added to list: 88569
name added to list: 88570
name added to list: 88571
name added to list: 88572
name added to list: 88573
name added to list: 88574
name added to list: 88575
name added to list: 88576
name added to list: 88577
name added to list: 88578
name added to list: 88579
name added to list: 88580
name added to list: 88581
name added to list: 88582
name added to list: 88583
name added to list: 88584
name added to list: 88585
name added to list: 88586
name added to list: 88587
name added to list: 88588
name added to list: 88589
name added to list: 88590
name added to list: 88591
name added to list: 88592
name added to list: 88593
name added to list: 88594
name added to list: 88595
name added to list: 88596
name added to list: 88597
name added to list: 88598
name added to list: 88599
name added to list: 88600
name added to list: 88601
name added to list: 88602
name added to list: 88603
name added to list: 88604
name added to list: 88605
name added to list: 88606
name added to list: 88607
name added to list: 88608
name added to list: 88609
name added to list: 88610
name added to list: 88611
name added to list: 88612
name added to list: 88613
name added to list: 88614
name added to list: 88615
name added to list: 88616
name added to list: 88617
name added to list: 88618
name added to list: 88619
name added to list: 88620
name added to list: 88621
name added to list: 88622
name added to list: 88623
name added to list: 88624
name added to list: 88625
name added to list: 88626
name added to list: 88627
name added to list: 88628
name added to list: 88629
name added to list: 88630
name added to list: 88631
name added to list: 88632
name added to list: 88633
name added to list: 88634
name added to list: 88635
name added to list: 88636
name added to list: 88637
name added to list: 88638
name added to list: 88639
name added to list: 88640
name added to list: 88641
name added to list: 88642
name added to list: 88643
name added to list: 88644
name added to list: 88645
name added to list: 88646
name added to list: 88647
name added to list: 88648
name added to list: 88649
name added to list: 88650
name added to list: 88651
name added to list: 88652
name added to list: 88653
name added to list: 88654
name added to list: 88655
name added to list: 88656
name added to list: 88657
name added to list: 88658
name added to list: 88659
name added to list: 88660
name added to list: 88661
name added to list: 88662
name added to list: 88663
name added to list: 88664
name added to list: 88665
name added to list: 88666
name added to list: 88667
name added to list: 88668
name added to list: 88669
name added to list: 88670
name added to list: 88671
name added to list: 88672
name added to list: 88673
name added to list: 88674
name added to list: 88675
name added to list: 88676
name added to list: 88677
name added to list: 88678
name added to list: 88679
name added to list: 88680
name added to list: 88681
name added to list: 88682
name added to list: 88683
name added to list: 88684
name added to list: 88685
name added to list: 88686
name added to list: 88687
name added to list: 88688
name added to list: 88689
name added to list: 88690
name added to list: 88691
name added to list: 88692
name added to list: 88693
name added to list: 88694
name added to list: 88695
name added to list: 88696
name added to list: 88697
name added to list: 88698
name added to list: 88699
name added to list: 88700
name added to list: 88701
name added to list: 88702
name added to list: 88703
name added to list: 88704
name added to list: 88705
name added to list: 88706
name added to list: 88707
name added to list: 88708
name added to list: 88709
name added to list: 88710
name added to list: 88711
name added to list: 88712
name added to list: 88713
name added to list: 88714
name added to list: 88715
name added to list: 88716
name added to list: 88717
name added to list: 88718
name added to list: 88719
name added to list: 88720
name added to list: 88721
name added to list: 88722
name added to list: 88723
name added to list: 88724
name added to list: 88725
name added to list: 88726
name added to list: 88727
name added to list: 88728
name added to list: 88729
name added to list: 88730
name added to list: 88731
name added to list: 88732
name added to list: 88733
name added to list: 88734
name added to list: 88735
name added to list: 88736
name added to list: 88737
name added to list: 88738
name added to list: 88739
name added to list: 88740
name added to list: 88741
name added to list: 88742
name added to list: 88743
name added to list: 88744
name added to list: 88745
name added to list: 88746
name added to list: 88747
name added to list: 88748
name added to list: 88749
name added to list: 88750
name added to list: 88751
name added to list: 88752
name added to list: 88753
name added to list: 88754
name added to list: 88755
name added to list: 88756
name added to list: 88757
name added to list: 88758
name added to list: 88759
name added to list: 88760
name added to list: 88761
name added to list: 88762
name added to list: 88763
name added to list: 88764
name added to list: 88765
name added to list: 88766
name added to list: 88767
name added to list: 88768
name added to list: 88769
name added to list: 88770
name added to list: 88771
name added to list: 88772
name added to list: 88773
name added to list: 88774
name added to list: 88775
name added to list: 88776
name added to list: 88777
name added to list: 88778
name added to list: 88779
name added to list: 88780
name added to list: 88781
name added to list: 88782
name added to list: 88783
name added to list: 88784
name added to list: 88785
name added to list: 88786
name added to list: 88787
name added to list: 88788
name added to list: 88789
name added to list: 88790
name added to list: 88791
name added to list: 88792
name added to list: 88793
name added to list: 88794
name added to list: 88795
name added to list: 88796
name added to list: 88797
name added to list: 88798
name added to list: 88799
name added to list: 88800
name added to list: 88801
name added to list: 88802
name added to list: 88803
name added to list: 88804
name added to list: 88805
name added to list: 88806
name added to list: 88807
name added to list: 88808
name added to list: 88809
name added to list: 88810
name added to list: 88811
name added to list: 88812
name added to list: 88813
name added to list: 88814
name added to list: 88815
name added to list: 88816
name added to list: 88817
name added to list: 88818
name added to list: 88819
name added to list: 88820
name added to list: 88821
name added to list: 88822
name added to list: 88823
name added to list: 88824
name added to list: 88825
name added to list: 88826
name added to list: 88827
name added to list: 88828
name added to list: 88829
name added to list: 88830
name added to list: 88831
name added to list: 88832
name added to list: 88833
name added to list: 88834
name added to list: 88835
name added to list: 88836
name added to list: 88837
name added to list: 88838
name added to list: 88839
name added to list: 88840
name added to list: 88841
name added to list: 88842
name added to list: 88843
name added to list: 88844
name added to list: 88845
name added to list: 88846
name added to list: 88847
name added to list: 88848
name added to list: 88849
name added to list: 88850
name added to list: 88851
name added to list: 88852
name added to list: 88853
name added to list: 88854
name added to list: 88855
name added to list: 88856
name added to list: 88857
name added to list: 88858
name added to list: 88859
name added to list: 88860
name added to list: 88861
name added to list: 88862
name added to list: 88863
name added to list: 88864
name added to list: 88865
name added to list: 88866
name added to list: 88867
name added to list: 88868
name added to list: 88869
name added to list: 88870
name added to list: 88871
name added to list: 88872
name added to list: 88873
name added to list: 88874
name added to list: 88875
name added to list: 88876
name added to list: 88877
name added to list: 88878
name added to list: 88879
name added to list: 88880
name added to list: 88881
name added to list: 88882
name added to list: 88883
name added to list: 88884
name added to list: 88885
name added to list: 88886
name added to list: 88887
name added to list: 88888
name added to list: 88889
name added to list: 88890
name added to list: 88891
name added to list: 88892
name added to list: 88893
name added to list: 88894
name added to list: 88895
name added to list: 88896
name added to list: 88897
name added to list: 88898
name added to list: 88899
name added to list: 88900
name added to list: 88901
name added to list: 88902
name added to list: 88903
name added to list: 88904
name added to list: 88905
name added to list: 88906
name added to list: 88907
name added to list: 88908
name added to list: 88909
name added to list: 88910
name added to list: 88911
name added to list: 88912
name added to list: 88913
name added to list: 88914
name added to list: 88915
name added to list: 88916
name added to list: 88917
name added to list: 88918
name added to list: 88919
name added to list: 88920
name added to list: 88921
name added to list: 88922
name added to list: 88923
name added to list: 88924
name added to list: 88925
name added to list: 88926
name added to list: 88927
name added to list: 88928
name added to list: 88929
name added to list: 88930
name added to list: 88931
name added to list: 88932
name added to list: 88933
name added to list: 88934
name added to list: 88935
name added to list: 88936
name added to list: 88937
name added to list: 88938
name added to list: 88939
name added to list: 88940
name added to list: 88941
name added to list: 88942
name added to list: 88943
name added to list: 88944
name added to list: 88945
name added to list: 88946
name added to list: 88947
name added to list: 88948
name added to list: 88949
name added to list: 88950
name added to list: 88951
name added to list: 88952
name added to list: 88953
name added to list: 88954
name added to list: 88955
name added to list: 88956
name added to list: 88957
name added to list: 88958
name added to list: 88959
name added to list: 88960
name added to list: 88961
name added to list: 88962
name added to list: 88963
name added to list: 88964
name added to list: 88965
name added to list: 88966
name added to list: 88967
name added to list: 88968
name added to list: 88969
name added to list: 88970
name added to list: 88971
name added to list: 88972
name added to list: 88973
name added to list: 88974
name added to list: 88975
name added to list: 88976
name added to list: 88977
name added to list: 88978
name added to list: 88979
name added to list: 88980
name added to list: 88981
name added to list: 88982
name added to list: 88983
name added to list: 88984
name added to list: 88985
name added to list: 88986
name added to list: 88987
name added to list: 88988
name added to list: 88989
name added to list: 88990
name added to list: 88991
name added to list: 88992
name added to list: 88993
name added to list: 88994
name added to list: 88995
name added to list: 88996
name added to list: 88997
name added to list: 88998
name added to list: 88999
name added to list: 89000
name added to list: 89001
name added to list: 89002
name added to list: 89003
name added to list: 89004
name added to list: 89005
name added to list: 89006
name added to list: 89007
name added to list: 89008
name added to list: 89009
name added to list: 89010
name added to list: 89011
name added to list: 89012
name added to list: 89013
name added to list: 89014
name added to list: 89015
name added to list: 89016
name added to list: 89017
name added to list: 89018
name added to list: 89019
name added to list: 89020
name added to list: 89021
name added to list: 89022
name added to list: 89023
name added to list: 89024
name added to list: 89025
name added to list: 89026
name added to list: 89027
name added to list: 89028
name added to list: 89029
name added to list: 89030
name added to list: 89031
name added to list: 89032
name added to list: 89033
name added to list: 89034
name added to list: 89035
name added to list: 89036
name added to list: 89037
name added to list: 89038
name added to list: 89039
name added to list: 89040
name added to list: 89041
name added to list: 89042
name added to list: 89043
name added to list: 89044
name added to list: 89045
name added to list: 89046
name added to list: 89047
name added to list: 89048
name added to list: 89049
name added to list: 89050
name added to list: 89051
name added to list: 89052
name added to list: 89053
name added to list: 89054
name added to list: 89055
name added to list: 89056
name added to list: 89057
name added to list: 89058
name added to list: 89059
name added to list: 89060
name added to list: 89061
name added to list: 89062
name added to list: 89063
name added to list: 89064
name added to list: 89065
name added to list: 89066
name added to list: 89067
name added to list: 89068
name added to list: 89069
name added to list: 89070
name added to list: 89071
name added to list: 89072
name added to list: 89073
name added to list: 89074
name added to list: 89075
name added to list: 89076
name added to list: 89077
name added to list: 89078
name added to list: 89079
name added to list: 89080
name added to list: 89081
name added to list: 89082
name added to list: 89083
name added to list: 89084
name added to list: 89085
name added to list: 89086
name added to list: 89087
name added to list: 89088
name added to list: 89089
name added to list: 89090
name added to list: 89091
name added to list: 89092
name added to list: 89093
name added to list: 89094
name added to list: 89095
name added to list: 89096
name added to list: 89097
name added to list: 89098
name added to list: 89099
name added to list: 89100
name added to list: 89101
name added to list: 89102
name added to list: 89103
name added to list: 89104
name added to list: 89105
name added to list: 89106
name added to list: 89107
name added to list: 89108
name added to list: 89109
name added to list: 89110
name added to list: 89111
name added to list: 89112
name added to list: 89113
name added to list: 89114
name added to list: 89115
name added to list: 89116
name added to list: 89117
name added to list: 89118
name added to list: 89119
name added to list: 89120
name added to list: 89121
name added to list: 89122
name added to list: 89123
name added to list: 89124
name added to list: 89125
name added to list: 89126
name added to list: 89127
name added to list: 89128
name added to list: 89129
name added to list: 89130
name added to list: 89131
name added to list: 89132
name added to list: 89133
name added to list: 89134
name added to list: 89135
name added to list: 89136
name added to list: 89137
name added to list: 89138
name added to list: 89139
name added to list: 89140
name added to list: 89141
name added to list: 89142
name added to list: 89143
name added to list: 89144
name added to list: 89145
name added to list: 89146
name added to list: 89147
name added to list: 89148
name added to list: 89149
name added to list: 89150
name added to list: 89151
name added to list: 89152
name added to list: 89153
name added to list: 89154
name added to list: 89155
name added to list: 89156
name added to list: 89157
name added to list: 89158
name added to list: 89159
name added to list: 89160
name added to list: 89161
name added to list: 89162
name added to list: 89163
name added to list: 89164
name added to list: 89165
name added to list: 89166
name added to list: 89167
name added to list: 89168
name added to list: 89169
name added to list: 89170
name added to list: 89171
name added to list: 89172
name added to list: 89173
name added to list: 89174
name added to list: 89175
name added to list: 89176
name added to list: 89177
name added to list: 89178
name added to list: 89179
name added to list: 89180
name added to list: 89181
name added to list: 89182
name added to list: 89183
name added to list: 89184
name added to list: 89185
name added to list: 89186
name added to list: 89187
name added to list: 89188
name added to list: 89189
name added to list: 89190
name added to list: 89191
name added to list: 89192
name added to list: 89193
name added to list: 89194
name added to list: 89195
name added to list: 89196
name added to list: 89197
name added to list: 89198
name added to list: 89199
name added to list: 89200
name added to list: 89201
name added to list: 89202
name added to list: 89203
name added to list: 89204
name added to list: 89205
name added to list: 89206
name added to list: 89207
name added to list: 89208
name added to list: 89209
name added to list: 89210
name added to list: 89211
name added to list: 89212
name added to list: 89213
name added to list: 89214
name added to list: 89215
name added to list: 89216
name added to list: 89217
name added to list: 89218
name added to list: 89219
name added to list: 89220
name added to list: 89221
name added to list: 89222
name added to list: 89223
name added to list: 89224
name added to list: 89225
name added to list: 89226
name added to list: 89227
name added to list: 89228
name added to list: 89229
name added to list: 89230
name added to list: 89231
name added to list: 89232
name added to list: 89233
name added to list: 89234
name added to list: 89235
name added to list: 89236
name added to list: 89237
name added to list: 89238
name added to list: 89239
name added to list: 89240
name added to list: 89241
name added to list: 89242
name added to list: 89243
name added to list: 89244
name added to list: 89245
name added to list: 89246
name added to list: 89247
name added to list: 89248
name added to list: 89249
name added to list: 89250
name added to list: 89251
name added to list: 89252
name added to list: 89253
name added to list: 89254
name added to list: 89255
name added to list: 89256
name added to list: 89257
name added to list: 89258
name added to list: 89259
name added to list: 89260
name added to list: 89261
name added to list: 89262
name added to list: 89263
name added to list: 89264
name added to list: 89265
name added to list: 89266
name added to list: 89267
name added to list: 89268
name added to list: 89269
name added to list: 89270
name added to list: 89271
name added to list: 89272
name added to list: 89273
name added to list: 89274
name added to list: 89275
name added to list: 89276
name added to list: 89277
name added to list: 89278
name added to list: 89279
name added to list: 89280
name added to list: 89281
name added to list: 89282
name added to list: 89283
name added to list: 89284
name added to list: 89285
name added to list: 89286
name added to list: 89287
name added to list: 89288
name added to list: 89289
name added to list: 89290
name added to list: 89291
name added to list: 89292
name added to list: 89293
name added to list: 89294
name added to list: 89295
name added to list: 89296
name added to list: 89297
name added to list: 89298
name added to list: 89299
name added to list: 89300
name added to list: 89301
name added to list: 89302
name added to list: 89303
name added to list: 89304
name added to list: 89305
name added to list: 89306
name added to list: 89307
name added to list: 89308
name added to list: 89309
name added to list: 89310
name added to list: 89311
name added to list: 89312
name added to list: 89313
name added to list: 89314
name added to list: 89315
name added to list: 89316
name added to list: 89317
name added to list: 89318
name added to list: 89319
name added to list: 89320
name added to list: 89321
name added to list: 89322
name added to list: 89323
name added to list: 89324
name added to list: 89325
name added to list: 89326
name added to list: 89327
name added to list: 89328
name added to list: 89329
name added to list: 89330
name added to list: 89331
name added to list: 89332
name added to list: 89333
name added to list: 89334
name added to list: 89335
name added to list: 89336
name added to list: 89337
name added to list: 89338
name added to list: 89339
name added to list: 89340
name added to list: 89341
name added to list: 89342
name added to list: 89343
name added to list: 89344
name added to list: 89345
name added to list: 89346
name added to list: 89347
name added to list: 89348
name added to list: 89349
name added to list: 89350
name added to list: 89351
name added to list: 89352
name added to list: 89353
name added to list: 89354
name added to list: 89355
name added to list: 89356
name added to list: 89357
name added to list: 89358
name added to list: 89359
name added to list: 89360
name added to list: 89361
name added to list: 89362
name added to list: 89363
name added to list: 89364
name added to list: 89365
name added to list: 89366
name added to list: 89367
name added to list: 89368
name added to list: 89369
name added to list: 89370
name added to list: 89371
name added to list: 89372
name added to list: 89373
name added to list: 89374
name added to list: 89375
name added to list: 89376
name added to list: 89377
name added to list: 89378
name added to list: 89379
name added to list: 89380
name added to list: 89381
name added to list: 89382
name added to list: 89383
name added to list: 89384
name added to list: 89385
name added to list: 89386
name added to list: 89387
name added to list: 89388
name added to list: 89389
name added to list: 89390
name added to list: 89391
name added to list: 89392
name added to list: 89393
name added to list: 89394
name added to list: 89395
name added to list: 89396
name added to list: 89397
name added to list: 89398
name added to list: 89399
name added to list: 89400
name added to list: 89401
name added to list: 89402
name added to list: 89403
name added to list: 89404
name added to list: 89405
name added to list: 89406
name added to list: 89407
name added to list: 89408
name added to list: 89409
name added to list: 89410
name added to list: 89411
name added to list: 89412
name added to list: 89413
name added to list: 89414
name added to list: 89415
name added to list: 89416
name added to list: 89417
name added to list: 89418
name added to list: 89419
name added to list: 89420
name added to list: 89421
name added to list: 89422
name added to list: 89423
name added to list: 89424
name added to list: 89425
name added to list: 89426
name added to list: 89427
name added to list: 89428
name added to list: 89429
name added to list: 89430
name added to list: 89431
name added to list: 89432
name added to list: 89433
name added to list: 89434
name added to list: 89435
name added to list: 89436
name added to list: 89437
name added to list: 89438
name added to list: 89439
name added to list: 89440
name added to list: 89441
name added to list: 89442
name added to list: 89443
name added to list: 89444
name added to list: 89445
name added to list: 89446
name added to list: 89447
name added to list: 89448
name added to list: 89449
name added to list: 89450
name added to list: 89451
name added to list: 89452
name added to list: 89453
name added to list: 89454
name added to list: 89455
name added to list: 89456
name added to list: 89457
name added to list: 89458
name added to list: 89459
name added to list: 89460
name added to list: 89461
name added to list: 89462
name added to list: 89463
name added to list: 89464
name added to list: 89465
name added to list: 89466
name added to list: 89467
name added to list: 89468
name added to list: 89469
name added to list: 89470
name added to list: 89471
name added to list: 89472
name added to list: 89473
name added to list: 89474
name added to list: 89475
name added to list: 89476
name added to list: 89477
name added to list: 89478
name added to list: 89479
name added to list: 89480
name added to list: 89481
name added to list: 89482
name added to list: 89483
name added to list: 89484
name added to list: 89485
name added to list: 89486
name added to list: 89487
name added to list: 89488
name added to list: 89489
name added to list: 89490
name added to list: 89491
name added to list: 89492
name added to list: 89493
name added to list: 89494
name added to list: 89495
name added to list: 89496
name added to list: 89497
name added to list: 89498
name added to list: 89499
name added to list: 89500
name added to list: 89501
name added to list: 89502
name added to list: 89503
name added to list: 89504
name added to list: 89505
name added to list: 89506
name added to list: 89507
name added to list: 89508
name added to list: 89509
name added to list: 89510
name added to list: 89511
name added to list: 89512
name added to list: 89513
name added to list: 89514
name added to list: 89515
name added to list: 89516
name added to list: 89517
name added to list: 89518
name added to list: 89519
name added to list: 89520
name added to list: 89521
name added to list: 89522
name added to list: 89523
name added to list: 89524
name added to list: 89525
name added to list: 89526
name added to list: 89527
name added to list: 89528
name added to list: 89529
name added to list: 89530
name added to list: 89531
name added to list: 89532
name added to list: 89533
name added to list: 89534
name added to list: 89535
name added to list: 89536
name added to list: 89537
name added to list: 89538
name added to list: 89539
name added to list: 89540
name added to list: 89541
name added to list: 89542
name added to list: 89543
name added to list: 89544
name added to list: 89545
name added to list: 89546
name added to list: 89547
name added to list: 89548
name added to list: 89549
name added to list: 89550
name added to list: 89551
name added to list: 89552
name added to list: 89553
name added to list: 89554
name added to list: 89555
name added to list: 89556
name added to list: 89557
name added to list: 89558
name added to list: 89559
name added to list: 89560
name added to list: 89561
name added to list: 89562
name added to list: 89563
name added to list: 89564
name added to list: 89565
name added to list: 89566
name added to list: 89567
name added to list: 89568
name added to list: 89569
name added to list: 89570
name added to list: 89571
name added to list: 89572
name added to list: 89573
name added to list: 89574
name added to list: 89575
name added to list: 89576
name added to list: 89577
name added to list: 89578
name added to list: 89579
name added to list: 89580
name added to list: 89581
name added to list: 89582
name added to list: 89583
name added to list: 89584
name added to list: 89585
name added to list: 89586
name added to list: 89587
name added to list: 89588
name added to list: 89589
name added to list: 89590
name added to list: 89591
name added to list: 89592
name added to list: 89593
name added to list: 89594
name added to list: 89595
name added to list: 89596
name added to list: 89597
name added to list: 89598
name added to list: 89599
name added to list: 89600
name added to list: 89601
name added to list: 89602
name added to list: 89603
name added to list: 89604
name added to list: 89605
name added to list: 89606
name added to list: 89607
name added to list: 89608
name added to list: 89609
name added to list: 89610
name added to list: 89611
name added to list: 89612
name added to list: 89613
name added to list: 89614
name added to list: 89615
name added to list: 89616
name added to list: 89617
name added to list: 89618
name added to list: 89619
name added to list: 89620
name added to list: 89621
name added to list: 89622
name added to list: 89623
name added to list: 89624
name added to list: 89625
name added to list: 89626
name added to list: 89627
name added to list: 89628
name added to list: 89629
name added to list: 89630
name added to list: 89631
name added to list: 89632
name added to list: 89633
name added to list: 89634
name added to list: 89635
name added to list: 89636
name added to list: 89637
name added to list: 89638
name added to list: 89639
name added to list: 89640
name added to list: 89641
name added to list: 89642
name added to list: 89643
name added to list: 89644
name added to list: 89645
name added to list: 89646
name added to list: 89647
name added to list: 89648
name added to list: 89649
name added to list: 89650
name added to list: 89651
name added to list: 89652
name added to list: 89653
name added to list: 89654
name added to list: 89655
name added to list: 89656
name added to list: 89657
name added to list: 89658
name added to list: 89659
name added to list: 89660
name added to list: 89661
name added to list: 89662
name added to list: 89663
name added to list: 89664
name added to list: 89665
name added to list: 89666
name added to list: 89667
name added to list: 89668
name added to list: 89669
name added to list: 89670
name added to list: 89671
name added to list: 89672
name added to list: 89673
name added to list: 89674
name added to list: 89675
name added to list: 89676
name added to list: 89677
name added to list: 89678
name added to list: 89679
name added to list: 89680
name added to list: 89681
name added to list: 89682
name added to list: 89683
name added to list: 89684
name added to list: 89685
name added to list: 89686
name added to list: 89687
name added to list: 89688
name added to list: 89689
name added to list: 89690
name added to list: 89691
name added to list: 89692
name added to list: 89693
name added to list: 89694
name added to list: 89695
name added to list: 89696
name added to list: 89697
name added to list: 89698
name added to list: 89699
name added to list: 89700
name added to list: 89701
name added to list: 89702
name added to list: 89703
name added to list: 89704
name added to list: 89705
name added to list: 89706
name added to list: 89707
name added to list: 89708
name added to list: 89709
name added to list: 89710
name added to list: 89711
name added to list: 89712
name added to list: 89713
name added to list: 89714
name added to list: 89715
name added to list: 89716
name added to list: 89717
name added to list: 89718
name added to list: 89719
name added to list: 89720
name added to list: 89721
name added to list: 89722
name added to list: 89723
name added to list: 89724
name added to list: 89725
name added to list: 89726
name added to list: 89727
name added to list: 89728
name added to list: 89729
name added to list: 89730
name added to list: 89731
name added to list: 89732
name added to list: 89733
name added to list: 89734
name added to list: 89735
name added to list: 89736
name added to list: 89737
name added to list: 89738
name added to list: 89739
name added to list: 89740
name added to list: 89741
name added to list: 89742
name added to list: 89743
name added to list: 89744
name added to list: 89745
name added to list: 89746
name added to list: 89747
name added to list: 89748
name added to list: 89749
name added to list: 89750
name added to list: 89751
name added to list: 89752
name added to list: 89753
name added to list: 89754
name added to list: 89755
name added to list: 89756
name added to list: 89757
name added to list: 89758
name added to list: 89759
name added to list: 89760
name added to list: 89761
name added to list: 89762
name added to list: 89763
name added to list: 89764
name added to list: 89765
name added to list: 89766
name added to list: 89767
name added to list: 89768
name added to list: 89769
name added to list: 89770
name added to list: 89771
name added to list: 89772
name added to list: 89773
name added to list: 89774
name added to list: 89775
name added to list: 89776
name added to list: 89777
name added to list: 89778
name added to list: 89779
name added to list: 89780
name added to list: 89781
name added to list: 89782
name added to list: 89783
name added to list: 89784
name added to list: 89785
name added to list: 89786
name added to list: 89787
name added to list: 89788
name added to list: 89789
name added to list: 89790
name added to list: 89791
name added to list: 89792
name added to list: 89793
name added to list: 89794
name added to list: 89795
name added to list: 89796
name added to list: 89797
name added to list: 89798
name added to list: 89799
name added to list: 89800
name added to list: 89801
name added to list: 89802
name added to list: 89803
name added to list: 89804
name added to list: 89805
name added to list: 89806
name added to list: 89807
name added to list: 89808
name added to list: 89809
name added to list: 89810
name added to list: 89811
name added to list: 89812
name added to list: 89813
name added to list: 89814
name added to list: 89815
name added to list: 89816
name added to list: 89817
name added to list: 89818
name added to list: 89819
name added to list: 89820
name added to list: 89821
name added to list: 89822
name added to list: 89823
name added to list: 89824
name added to list: 89825
name added to list: 89826
name added to list: 89827
name added to list: 89828
name added to list: 89829
name added to list: 89830
name added to list: 89831
name added to list: 89832
name added to list: 89833
name added to list: 89834
name added to list: 89835
name added to list: 89836
name added to list: 89837
name added to list: 89838
name added to list: 89839
name added to list: 89840
name added to list: 89841
name added to list: 89842
name added to list: 89843
name added to list: 89844
name added to list: 89845
name added to list: 89846
name added to list: 89847
name added to list: 89848
name added to list: 89849
name added to list: 89850
name added to list: 89851
name added to list: 89852
name added to list: 89853
name added to list: 89854
name added to list: 89855
name added to list: 89856
name added to list: 89857
name added to list: 89858
name added to list: 89859
name added to list: 89860
name added to list: 89861
name added to list: 89862
name added to list: 89863
name added to list: 89864
name added to list: 89865
name added to list: 89866
name added to list: 89867
name added to list: 89868
name added to list: 89869
name added to list: 89870
name added to list: 89871
name added to list: 89872
name added to list: 89873
name added to list: 89874
name added to list: 89875
name added to list: 89876
name added to list: 89877
name added to list: 89878
name added to list: 89879
name added to list: 89880
name added to list: 89881
name added to list: 89882
name added to list: 89883
name added to list: 89884
name added to list: 89885
name added to list: 89886
name added to list: 89887
name added to list: 89888
name added to list: 89889
name added to list: 89890
name added to list: 89891
name added to list: 89892
name added to list: 89893
name added to list: 89894
name added to list: 89895
name added to list: 89896
name added to list: 89897
name added to list: 89898
name added to list: 89899
name added to list: 89900
name added to list: 89901
name added to list: 89902
name added to list: 89903
name added to list: 89904
name added to list: 89905
name added to list: 89906
name added to list: 89907
name added to list: 89908
name added to list: 89909
name added to list: 89910
name added to list: 89911
name added to list: 89912
name added to list: 89913
name added to list: 89914
name added to list: 89915
name added to list: 89916
name added to list: 89917
name added to list: 89918
name added to list: 89919
name added to list: 89920
name added to list: 89921
name added to list: 89922
name added to list: 89923
name added to list: 89924
name added to list: 89925
name added to list: 89926
name added to list: 89927
name added to list: 89928
name added to list: 89929
name added to list: 89930
name added to list: 89931
name added to list: 89932
name added to list: 89933
name added to list: 89934
name added to list: 89935
name added to list: 89936
name added to list: 89937
name added to list: 89938
name added to list: 89939
name added to list: 89940
name added to list: 89941
name added to list: 89942
name added to list: 89943
name added to list: 89944
name added to list: 89945
name added to list: 89946
name added to list: 89947
name added to list: 89948
name added to list: 89949
name added to list: 89950
name added to list: 89951
name added to list: 89952
name added to list: 89953
name added to list: 89954
name added to list: 89955
name added to list: 89956
name added to list: 89957
name added to list: 89958
name added to list: 89959
name added to list: 89960
name added to list: 89961
name added to list: 89962
name added to list: 89963
name added to list: 89964
name added to list: 89965
name added to list: 89966
name added to list: 89967
name added to list: 89968
name added to list: 89969
name added to list: 89970
name added to list: 89971
name added to list: 89972
name added to list: 89973
name added to list: 89974
name added to list: 89975
name added to list: 89976
name added to list: 89977
name added to list: 89978
name added to list: 89979
name added to list: 89980
name added to list: 89981
name added to list: 89982
name added to list: 89983
name added to list: 89984
name added to list: 89985
name added to list: 89986
name added to list: 89987
name added to list: 89988
name added to list: 89989
name added to list: 89990
name added to list: 89991
name added to list: 89992
name added to list: 89993
name added to list: 89994
name added to list: 89995
name added to list: 89996
name added to list: 89997
name added to list: 89998
name added to list: 89999
name added to list: 90000
name added to list: 90001
name added to list: 90002
name added to list: 90003
name added to list: 90004
name added to list: 90005
name added to list: 90006
name added to list: 90007
name added to list: 90008
name added to list: 90009
name added to list: 90010
name added to list: 90011
name added to list: 90012
name added to list: 90013
name added to list: 90014
name added to list: 90015
name added to list: 90016
name added to list: 90017
name added to list: 90018
name added to list: 90019
name added to list: 90020
name added to list: 90021
name added to list: 90022
name added to list: 90023
name added to list: 90024
name added to list: 90025
name added to list: 90026
name added to list: 90027
name added to list: 90028
name added to list: 90029
name added to list: 90030
name added to list: 90031
name added to list: 90032
name added to list: 90033
name added to list: 90034
name added to list: 90035
name added to list: 90036
name added to list: 90037
name added to list: 90038
name added to list: 90039
name added to list: 90040
name added to list: 90041
name added to list: 90042
name added to list: 90043
name added to list: 90044
name added to list: 90045
name added to list: 90046
name added to list: 90047
name added to list: 90048
name added to list: 90049
name added to list: 90050
name added to list: 90051
name added to list: 90052
name added to list: 90053
name added to list: 90054
name added to list: 90055
name added to list: 90056
name added to list: 90057
name added to list: 90058
name added to list: 90059
name added to list: 90060
name added to list: 90061
name added to list: 90062
name added to list: 90063
name added to list: 90064
name added to list: 90065
name added to list: 90066
name added to list: 90067
name added to list: 90068
name added to list: 90069
name added to list: 90070
name added to list: 90071
name added to list: 90072
name added to list: 90073
name added to list: 90074
name added to list: 90075
name added to list: 90076
name added to list: 90077
name added to list: 90078
name added to list: 90079
name added to list: 90080
name added to list: 90081
name added to list: 90082
name added to list: 90083
name added to list: 90084
name added to list: 90085
name added to list: 90086
name added to list: 90087
name added to list: 90088
name added to list: 90089
name added to list: 90090
name added to list: 90091
name added to list: 90092
name added to list: 90093
name added to list: 90094
name added to list: 90095
name added to list: 90096
name added to list: 90097
name added to list: 90098
name added to list: 90099
name added to list: 90100
name added to list: 90101
name added to list: 90102
name added to list: 90103
name added to list: 90104
name added to list: 90105
name added to list: 90106
name added to list: 90107
name added to list: 90108
name added to list: 90109
name added to list: 90110
name added to list: 90111
name added to list: 90112
name added to list: 90113
name added to list: 90114
name added to list: 90115
name added to list: 90116
name added to list: 90117
name added to list: 90118
name added to list: 90119
name added to list: 90120
name added to list: 90121
name added to list: 90122
name added to list: 90123
name added to list: 90124
name added to list: 90125
name added to list: 90126
name added to list: 90127
name added to list: 90128
name added to list: 90129
name added to list: 90130
name added to list: 90131
name added to list: 90132
name added to list: 90133
name added to list: 90134
name added to list: 90135
name added to list: 90136
name added to list: 90137
name added to list: 90138
name added to list: 90139
name added to list: 90140
name added to list: 90141
name added to list: 90142
name added to list: 90143
name added to list: 90144
name added to list: 90145
name added to list: 90146
name added to list: 90147
name added to list: 90148
name added to list: 90149
name added to list: 90150
name added to list: 90151
name added to list: 90152
name added to list: 90153
name added to list: 90154
name added to list: 90155
name added to list: 90156
name added to list: 90157
name added to list: 90158
name added to list: 90159
name added to list: 90160
name added to list: 90161
name added to list: 90162
name added to list: 90163
name added to list: 90164
name added to list: 90165
name added to list: 90166
name added to list: 90167
name added to list: 90168
name added to list: 90169
name added to list: 90170
name added to list: 90171
name added to list: 90172
name added to list: 90173
name added to list: 90174
name added to list: 90175
name added to list: 90176
name added to list: 90177
name added to list: 90178
name added to list: 90179
name added to list: 90180
name added to list: 90181
name added to list: 90182
name added to list: 90183
name added to list: 90184
name added to list: 90185
name added to list: 90186
name added to list: 90187
name added to list: 90188
name added to list: 90189
name added to list: 90190
name added to list: 90191
name added to list: 90192
name added to list: 90193
name added to list: 90194
name added to list: 90195
name added to list: 90196
name added to list: 90197
name added to list: 90198
name added to list: 90199
name added to list: 90200
name added to list: 90201
name added to list: 90202
name added to list: 90203
name added to list: 90204
name added to list: 90205
name added to list: 90206
name added to list: 90207
name added to list: 90208
name added to list: 90209
name added to list: 90210
name added to list: 90211
name added to list: 90212
name added to list: 90213
name added to list: 90214
name added to list: 90215
name added to list: 90216
name added to list: 90217
name added to list: 90218
name added to list: 90219
name added to list: 90220
name added to list: 90221
name added to list: 90222
name added to list: 90223
name added to list: 90224
name added to list: 90225
name added to list: 90226
name added to list: 90227
name added to list: 90228
name added to list: 90229
name added to list: 90230
name added to list: 90231
name added to list: 90232
name added to list: 90233
name added to list: 90234
name added to list: 90235
name added to list: 90236
name added to list: 90237
name added to list: 90238
name added to list: 90239
name added to list: 90240
name added to list: 90241
name added to list: 90242
name added to list: 90243
name added to list: 90244
name added to list: 90245
name added to list: 90246
name added to list: 90247
name added to list: 90248
name added to list: 90249
name added to list: 90250
name added to list: 90251
name added to list: 90252
name added to list: 90253
name added to list: 90254
name added to list: 90255
name added to list: 90256
name added to list: 90257
name added to list: 90258
name added to list: 90259
name added to list: 90260
name added to list: 90261
name added to list: 90262
name added to list: 90263
name added to list: 90264
name added to list: 90265
name added to list: 90266
name added to list: 90267
name added to list: 90268
name added to list: 90269
name added to list: 90270
name added to list: 90271
name added to list: 90272
name added to list: 90273
name added to list: 90274
name added to list: 90275
name added to list: 90276
name added to list: 90277
name added to list: 90278
name added to list: 90279
name added to list: 90280
name added to list: 90281
name added to list: 90282
name added to list: 90283
name added to list: 90284
name added to list: 90285
name added to list: 90286
name added to list: 90287
name added to list: 90288
name added to list: 90289
name added to list: 90290
name added to list: 90291
name added to list: 90292
name added to list: 90293
name added to list: 90294
name added to list: 90295
name added to list: 90296
name added to list: 90297
name added to list: 90298
name added to list: 90299
name added to list: 90300
name added to list: 90301
name added to list: 90302
name added to list: 90303
name added to list: 90304
name added to list: 90305
name added to list: 90306
name added to list: 90307
name added to list: 90308
name added to list: 90309
name added to list: 90310
name added to list: 90311
name added to list: 90312
name added to list: 90313
name added to list: 90314
name added to list: 90315
name added to list: 90316
name added to list: 90317
name added to list: 90318
name added to list: 90319
name added to list: 90320
name added to list: 90321
name added to list: 90322
name added to list: 90323
name added to list: 90324
name added to list: 90325
name added to list: 90326
name added to list: 90327
name added to list: 90328
name added to list: 90329
name added to list: 90330
name added to list: 90331
name added to list: 90332
name added to list: 90333
name added to list: 90334
name added to list: 90335
name added to list: 90336
name added to list: 90337
name added to list: 90338
name added to list: 90339
name added to list: 90340
name added to list: 90341
name added to list: 90342
name added to list: 90343
name added to list: 90344
name added to list: 90345
name added to list: 90346
name added to list: 90347
name added to list: 90348
name added to list: 90349
name added to list: 90350
name added to list: 90351
name added to list: 90352
name added to list: 90353
name added to list: 90354
name added to list: 90355
name added to list: 90356
name added to list: 90357
name added to list: 90358
name added to list: 90359
name added to list: 90360
name added to list: 90361
name added to list: 90362
name added to list: 90363
name added to list: 90364
name added to list: 90365
name added to list: 90366
name added to list: 90367
name added to list: 90368
name added to list: 90369
name added to list: 90370
name added to list: 90371
name added to list: 90372
name added to list: 90373
name added to list: 90374
name added to list: 90375
name added to list: 90376
name added to list: 90377
name added to list: 90378
name added to list: 90379
name added to list: 90380
name added to list: 90381
name added to list: 90382
name added to list: 90383
name added to list: 90384
name added to list: 90385
name added to list: 90386
name added to list: 90387
name added to list: 90388
name added to list: 90389
name added to list: 90390
name added to list: 90391
name added to list: 90392
name added to list: 90393
name added to list: 90394
name added to list: 90395
name added to list: 90396
name added to list: 90397
name added to list: 90398
name added to list: 90399
name added to list: 90400
name added to list: 90401
name added to list: 90402
name added to list: 90403
name added to list: 90404
name added to list: 90405
name added to list: 90406
name added to list: 90407
name added to list: 90408
name added to list: 90409
name added to list: 90410
name added to list: 90411
name added to list: 90412
name added to list: 90413
name added to list: 90414
name added to list: 90415
name added to list: 90416
name added to list: 90417
name added to list: 90418
name added to list: 90419
name added to list: 90420
name added to list: 90421
name added to list: 90422
name added to list: 90423
name added to list: 90424
name added to list: 90425
name added to list: 90426
name added to list: 90427
name added to list: 90428
name added to list: 90429
name added to list: 90430
name added to list: 90431
name added to list: 90432
name added to list: 90433
name added to list: 90434
name added to list: 90435
name added to list: 90436
name added to list: 90437
name added to list: 90438
name added to list: 90439
name added to list: 90440
name added to list: 90441
name added to list: 90442
name added to list: 90443
name added to list: 90444
name added to list: 90445
name added to list: 90446
name added to list: 90447
name added to list: 90448
name added to list: 90449
name added to list: 90450
name added to list: 90451
name added to list: 90452
name added to list: 90453
name added to list: 90454
name added to list: 90455
name added to list: 90456
name added to list: 90457
name added to list: 90458
name added to list: 90459
name added to list: 90460
name added to list: 90461
name added to list: 90462
name added to list: 90463
name added to list: 90464
name added to list: 90465
name added to list: 90466
name added to list: 90467
name added to list: 90468
name added to list: 90469
name added to list: 90470
name added to list: 90471
name added to list: 90472
name added to list: 90473
name added to list: 90474
name added to list: 90475
name added to list: 90476
name added to list: 90477
name added to list: 90478
name added to list: 90479
name added to list: 90480
name added to list: 90481
name added to list: 90482
name added to list: 90483
name added to list: 90484
name added to list: 90485
name added to list: 90486
name added to list: 90487
name added to list: 90488
name added to list: 90489
name added to list: 90490
name added to list: 90491
name added to list: 90492
name added to list: 90493
name added to list: 90494
name added to list: 90495
name added to list: 90496
name added to list: 90497
name added to list: 90498
name added to list: 90499
name added to list: 90500
name added to list: 90501
name added to list: 90502
name added to list: 90503
name added to list: 90504
name added to list: 90505
name added to list: 90506
name added to list: 90507
name added to list: 90508
name added to list: 90509
name added to list: 90510
name added to list: 90511
name added to list: 90512
name added to list: 90513
name added to list: 90514
name added to list: 90515
name added to list: 90516
name added to list: 90517
name added to list: 90518
name added to list: 90519
name added to list: 90520
name added to list: 90521
name added to list: 90522
name added to list: 90523
name added to list: 90524
name added to list: 90525
name added to list: 90526
name added to list: 90527
name added to list: 90528
name added to list: 90529
name added to list: 90530
name added to list: 90531
name added to list: 90532
name added to list: 90533
name added to list: 90534
name added to list: 90535
name added to list: 90536
name added to list: 90537
name added to list: 90538
name added to list: 90539
name added to list: 90540
name added to list: 90541
name added to list: 90542
name added to list: 90543
name added to list: 90544
name added to list: 90545
name added to list: 90546
name added to list: 90547
name added to list: 90548
name added to list: 90549
name added to list: 90550
name added to list: 90551
name added to list: 90552
name added to list: 90553
name added to list: 90554
name added to list: 90555
name added to list: 90556
name added to list: 90557
name added to list: 90558
name added to list: 90559
name added to list: 90560
name added to list: 90561
name added to list: 90562
name added to list: 90563
name added to list: 90564
name added to list: 90565
name added to list: 90566
name added to list: 90567
name added to list: 90568
name added to list: 90569
name added to list: 90570
name added to list: 90571
name added to list: 90572
name added to list: 90573
name added to list: 90574
name added to list: 90575
name added to list: 90576
name added to list: 90577
name added to list: 90578
name added to list: 90579
name added to list: 90580
name added to list: 90581
name added to list: 90582
name added to list: 90583
name added to list: 90584
name added to list: 90585
name added to list: 90586
name added to list: 90587
name added to list: 90588
name added to list: 90589
name added to list: 90590
name added to list: 90591
name added to list: 90592
name added to list: 90593
name added to list: 90594
name added to list: 90595
name added to list: 90596
name added to list: 90597
name added to list: 90598
name added to list: 90599
name added to list: 90600
name added to list: 90601
name added to list: 90602
name added to list: 90603
name added to list: 90604
name added to list: 90605
name added to list: 90606
name added to list: 90607
name added to list: 90608
name added to list: 90609
name added to list: 90610
name added to list: 90611
name added to list: 90612
name added to list: 90613
name added to list: 90614
name added to list: 90615
name added to list: 90616
name added to list: 90617
name added to list: 90618
name added to list: 90619
name added to list: 90620
name added to list: 90621
name added to list: 90622
name added to list: 90623
name added to list: 90624
name added to list: 90625
name added to list: 90626
name added to list: 90627
name added to list: 90628
name added to list: 90629
name added to list: 90630
name added to list: 90631
name added to list: 90632
name added to list: 90633
name added to list: 90634
name added to list: 90635
name added to list: 90636
name added to list: 90637
name added to list: 90638
name added to list: 90639
name added to list: 90640
name added to list: 90641
name added to list: 90642
name added to list: 90643
name added to list: 90644
name added to list: 90645
name added to list: 90646
name added to list: 90647
name added to list: 90648
name added to list: 90649
name added to list: 90650
name added to list: 90651
name added to list: 90652
name added to list: 90653
name added to list: 90654
name added to list: 90655
name added to list: 90656
name added to list: 90657
name added to list: 90658
name added to list: 90659
name added to list: 90660
name added to list: 90661
name added to list: 90662
name added to list: 90663
name added to list: 90664
name added to list: 90665
name added to list: 90666
name added to list: 90667
name added to list: 90668
name added to list: 90669
name added to list: 90670
name added to list: 90671
name added to list: 90672
name added to list: 90673
name added to list: 90674
name added to list: 90675
name added to list: 90676
name added to list: 90677
name added to list: 90678
name added to list: 90679
name added to list: 90680
name added to list: 90681
name added to list: 90682
name added to list: 90683
name added to list: 90684
name added to list: 90685
name added to list: 90686
name added to list: 90687
name added to list: 90688
name added to list: 90689
name added to list: 90690
name added to list: 90691
name added to list: 90692
name added to list: 90693
name added to list: 90694
name added to list: 90695
name added to list: 90696
name added to list: 90697
name added to list: 90698
name added to list: 90699
name added to list: 90700
name added to list: 90701
name added to list: 90702
name added to list: 90703
name added to list: 90704
name added to list: 90705
name added to list: 90706
name added to list: 90707
name added to list: 90708
name added to list: 90709
name added to list: 90710
name added to list: 90711
name added to list: 90712
name added to list: 90713
name added to list: 90714
name added to list: 90715
name added to list: 90716
name added to list: 90717
name added to list: 90718
name added to list: 90719
name added to list: 90720
name added to list: 90721
name added to list: 90722
name added to list: 90723
name added to list: 90724
name added to list: 90725
name added to list: 90726
name added to list: 90727
name added to list: 90728
name added to list: 90729
name added to list: 90730
name added to list: 90731
name added to list: 90732
name added to list: 90733
name added to list: 90734
name added to list: 90735
name added to list: 90736
name added to list: 90737
name added to list: 90738
name added to list: 90739
name added to list: 90740
name added to list: 90741
name added to list: 90742
name added to list: 90743
name added to list: 90744
name added to list: 90745
name added to list: 90746
name added to list: 90747
name added to list: 90748
name added to list: 90749
name added to list: 90750
name added to list: 90751
name added to list: 90752
name added to list: 90753
name added to list: 90754
name added to list: 90755
name added to list: 90756
name added to list: 90757
name added to list: 90758
name added to list: 90759
name added to list: 90760
name added to list: 90761
name added to list: 90762
name added to list: 90763
name added to list: 90764
name added to list: 90765
name added to list: 90766
name added to list: 90767
name added to list: 90768
name added to list: 90769
name added to list: 90770
name added to list: 90771
name added to list: 90772
name added to list: 90773
name added to list: 90774
name added to list: 90775
name added to list: 90776
name added to list: 90777
name added to list: 90778
name added to list: 90779
name added to list: 90780
name added to list: 90781
name added to list: 90782
name added to list: 90783
name added to list: 90784
name added to list: 90785
name added to list: 90786
name added to list: 90787
name added to list: 90788
name added to list: 90789
name added to list: 90790
name added to list: 90791
name added to list: 90792
name added to list: 90793
name added to list: 90794
name added to list: 90795
name added to list: 90796
name added to list: 90797
name added to list: 90798
name added to list: 90799
name added to list: 90800
name added to list: 90801
name added to list: 90802
name added to list: 90803
name added to list: 90804
name added to list: 90805
name added to list: 90806
name added to list: 90807
name added to list: 90808
name added to list: 90809
name added to list: 90810
name added to list: 90811
name added to list: 90812
name added to list: 90813
name added to list: 90814
name added to list: 90815
name added to list: 90816
name added to list: 90817
name added to list: 90818
name added to list: 90819
name added to list: 90820
name added to list: 90821
name added to list: 90822
name added to list: 90823
name added to list: 90824
name added to list: 90825
name added to list: 90826
name added to list: 90827
name added to list: 90828
name added to list: 90829
name added to list: 90830
name added to list: 90831
name added to list: 90832
name added to list: 90833
name added to list: 90834
name added to list: 90835
name added to list: 90836
name added to list: 90837
name added to list: 90838
name added to list: 90839
name added to list: 90840
name added to list: 90841
name added to list: 90842
name added to list: 90843
name added to list: 90844
name added to list: 90845
name added to list: 90846
name added to list: 90847
name added to list: 90848
name added to list: 90849
name added to list: 90850
name added to list: 90851
name added to list: 90852
name added to list: 90853
name added to list: 90854
name added to list: 90855
name added to list: 90856
name added to list: 90857
name added to list: 90858
name added to list: 90859
name added to list: 90860
name added to list: 90861
name added to list: 90862
name added to list: 90863
name added to list: 90864
name added to list: 90865
name added to list: 90866
name added to list: 90867
name added to list: 90868
name added to list: 90869
name added to list: 90870
name added to list: 90871
name added to list: 90872
name added to list: 90873
name added to list: 90874
name added to list: 90875
name added to list: 90876
name added to list: 90877
name added to list: 90878
name added to list: 90879
name added to list: 90880
name added to list: 90881
name added to list: 90882
name added to list: 90883
name added to list: 90884
name added to list: 90885
name added to list: 90886
name added to list: 90887
name added to list: 90888
name added to list: 90889
name added to list: 90890
name added to list: 90891
name added to list: 90892
name added to list: 90893
name added to list: 90894
name added to list: 90895
name added to list: 90896
name added to list: 90897
name added to list: 90898
name added to list: 90899
name added to list: 90900
name added to list: 90901
name added to list: 90902
name added to list: 90903
name added to list: 90904
name added to list: 90905
name added to list: 90906
name added to list: 90907
name added to list: 90908
name added to list: 90909
name added to list: 90910
name added to list: 90911
name added to list: 90912
name added to list: 90913
name added to list: 90914
name added to list: 90915
name added to list: 90916
name added to list: 90917
name added to list: 90918
name added to list: 90919
name added to list: 90920
name added to list: 90921
name added to list: 90922
name added to list: 90923
name added to list: 90924
name added to list: 90925
name added to list: 90926
name added to list: 90927
name added to list: 90928
name added to list: 90929
name added to list: 90930
name added to list: 90931
name added to list: 90932
name added to list: 90933
name added to list: 90934
name added to list: 90935
name added to list: 90936
name added to list: 90937
name added to list: 90938
name added to list: 90939
name added to list: 90940
name added to list: 90941
name added to list: 90942
name added to list: 90943
name added to list: 90944
name added to list: 90945
name added to list: 90946
name added to list: 90947
name added to list: 90948
name added to list: 90949
name added to list: 90950
name added to list: 90951
name added to list: 90952
name added to list: 90953
name added to list: 90954
name added to list: 90955
name added to list: 90956
name added to list: 90957
name added to list: 90958
name added to list: 90959
name added to list: 90960
name added to list: 90961
name added to list: 90962
name added to list: 90963
name added to list: 90964
name added to list: 90965
name added to list: 90966
name added to list: 90967
name added to list: 90968
name added to list: 90969
name added to list: 90970
name added to list: 90971
name added to list: 90972
name added to list: 90973
name added to list: 90974
name added to list: 90975
name added to list: 90976
name added to list: 90977
name added to list: 90978
name added to list: 90979
name added to list: 90980
name added to list: 90981
name added to list: 90982
name added to list: 90983
name added to list: 90984
name added to list: 90985
name added to list: 90986
name added to list: 90987
name added to list: 90988
name added to list: 90989
name added to list: 90990
name added to list: 90991
name added to list: 90992
name added to list: 90993
name added to list: 90994
name added to list: 90995
name added to list: 90996
name added to list: 90997
name added to list: 90998
name added to list: 90999
name added to list: 91000
name added to list: 91001
name added to list: 91002
name added to list: 91003
name added to list: 91004
name added to list: 91005
name added to list: 91006
name added to list: 91007
name added to list: 91008
name added to list: 91009
name added to list: 91010
name added to list: 91011
name added to list: 91012
name added to list: 91013
name added to list: 91014
name added to list: 91015
name added to list: 91016
name added to list: 91017
name added to list: 91018
name added to list: 91019
name added to list: 91020
name added to list: 91021
name added to list: 91022
name added to list: 91023
name added to list: 91024
name added to list: 91025
name added to list: 91026
name added to list: 91027
name added to list: 91028
name added to list: 91029
name added to list: 91030
name added to list: 91031
name added to list: 91032
name added to list: 91033
name added to list: 91034
name added to list: 91035
name added to list: 91036
name added to list: 91037
name added to list: 91038
name added to list: 91039
name added to list: 91040
name added to list: 91041
name added to list: 91042
name added to list: 91043
name added to list: 91044
name added to list: 91045
name added to list: 91046
name added to list: 91047
name added to list: 91048
name added to list: 91049
name added to list: 91050
name added to list: 91051
name added to list: 91052
name added to list: 91053
name added to list: 91054
name added to list: 91055
name added to list: 91056
name added to list: 91057
name added to list: 91058
name added to list: 91059
name added to list: 91060
name added to list: 91061
name added to list: 91062
name added to list: 91063
name added to list: 91064
name added to list: 91065
name added to list: 91066
name added to list: 91067
name added to list: 91068
name added to list: 91069
name added to list: 91070
name added to list: 91071
name added to list: 91072
name added to list: 91073
name added to list: 91074
name added to list: 91075
name added to list: 91076
name added to list: 91077
name added to list: 91078
name added to list: 91079
name added to list: 91080
name added to list: 91081
name added to list: 91082
name added to list: 91083
name added to list: 91084
name added to list: 91085
name added to list: 91086
name added to list: 91087
name added to list: 91088
name added to list: 91089
name added to list: 91090
name added to list: 91091
name added to list: 91092
name added to list: 91093
name added to list: 91094
name added to list: 91095
name added to list: 91096
name added to list: 91097
name added to list: 91098
name added to list: 91099
name added to list: 91100
name added to list: 91101
name added to list: 91102
name added to list: 91103
name added to list: 91104
name added to list: 91105
name added to list: 91106
name added to list: 91107
name added to list: 91108
name added to list: 91109
name added to list: 91110
name added to list: 91111
name added to list: 91112
name added to list: 91113
name added to list: 91114
name added to list: 91115
name added to list: 91116
name added to list: 91117
name added to list: 91118
name added to list: 91119
name added to list: 91120
name added to list: 91121
name added to list: 91122
name added to list: 91123
name added to list: 91124
name added to list: 91125
name added to list: 91126
name added to list: 91127
name added to list: 91128
name added to list: 91129
name added to list: 91130
name added to list: 91131
name added to list: 91132
name added to list: 91133
name added to list: 91134
name added to list: 91135
name added to list: 91136
name added to list: 91137
name added to list: 91138
name added to list: 91139
name added to list: 91140
name added to list: 91141
name added to list: 91142
name added to list: 91143
name added to list: 91144
name added to list: 91145
name added to list: 91146
name added to list: 91147
name added to list: 91148
name added to list: 91149
name added to list: 91150
name added to list: 91151
name added to list: 91152
name added to list: 91153
name added to list: 91154
name added to list: 91155
name added to list: 91156
name added to list: 91157
name added to list: 91158
name added to list: 91159
name added to list: 91160
name added to list: 91161
name added to list: 91162
name added to list: 91163
name added to list: 91164
name added to list: 91165
name added to list: 91166
name added to list: 91167
name added to list: 91168
name added to list: 91169
name added to list: 91170
name added to list: 91171
name added to list: 91172
name added to list: 91173
name added to list: 91174
name added to list: 91175
name added to list: 91176
name added to list: 91177
name added to list: 91178
name added to list: 91179
name added to list: 91180
name added to list: 91181
name added to list: 91182
name added to list: 91183
name added to list: 91184
name added to list: 91185
name added to list: 91186
name added to list: 91187
name added to list: 91188
name added to list: 91189
name added to list: 91190
name added to list: 91191
name added to list: 91192
name added to list: 91193
name added to list: 91194
name added to list: 91195
name added to list: 91196
name added to list: 91197
name added to list: 91198
name added to list: 91199
name added to list: 91200
name added to list: 91201
name added to list: 91202
name added to list: 91203
name added to list: 91204
name added to list: 91205
name added to list: 91206
name added to list: 91207
name added to list: 91208
name added to list: 91209
name added to list: 91210
name added to list: 91211
name added to list: 91212
name added to list: 91213
name added to list: 91214
name added to list: 91215
name added to list: 91216
name added to list: 91217
name added to list: 91218
name added to list: 91219
name added to list: 91220
name added to list: 91221
name added to list: 91222
name added to list: 91223
name added to list: 91224
name added to list: 91225
name added to list: 91226
name added to list: 91227
name added to list: 91228
name added to list: 91229
name added to list: 91230
name added to list: 91231
name added to list: 91232
name added to list: 91233
name added to list: 91234
name added to list: 91235
name added to list: 91236
name added to list: 91237
name added to list: 91238
name added to list: 91239
name added to list: 91240
name added to list: 91241
name added to list: 91242
name added to list: 91243
name added to list: 91244
name added to list: 91245
name added to list: 91246
name added to list: 91247
name added to list: 91248
name added to list: 91249
name added to list: 91250
name added to list: 91251
name added to list: 91252
name added to list: 91253
name added to list: 91254
name added to list: 91255
name added to list: 91256
name added to list: 91257
name added to list: 91258
name added to list: 91259
name added to list: 91260
name added to list: 91261
name added to list: 91262
name added to list: 91263
name added to list: 91264
name added to list: 91265
name added to list: 91266
name added to list: 91267
name added to list: 91268
name added to list: 91269
name added to list: 91270
name added to list: 91271
name added to list: 91272
name added to list: 91273
name added to list: 91274
name added to list: 91275
name added to list: 91276
name added to list: 91277
name added to list: 91278
name added to list: 91279
name added to list: 91280
name added to list: 91281
name added to list: 91282
name added to list: 91283
name added to list: 91284
name added to list: 91285
name added to list: 91286
name added to list: 91287
name added to list: 91288
name added to list: 91289
name added to list: 91290
name added to list: 91291
name added to list: 91292
name added to list: 91293
name added to list: 91294
name added to list: 91295
name added to list: 91296
name added to list: 91297
name added to list: 91298
name added to list: 91299
name added to list: 91300
name added to list: 91301
name added to list: 91302
name added to list: 91303
name added to list: 91304
name added to list: 91305
name added to list: 91306
name added to list: 91307
name added to list: 91308
name added to list: 91309
name added to list: 91310
name added to list: 91311
name added to list: 91312
name added to list: 91313
name added to list: 91314
name added to list: 91315
name added to list: 91316
name added to list: 91317
name added to list: 91318
name added to list: 91319
name added to list: 91320
name added to list: 91321
name added to list: 91322
name added to list: 91323
name added to list: 91324
name added to list: 91325
name added to list: 91326
name added to list: 91327
name added to list: 91328
name added to list: 91329
name added to list: 91330
name added to list: 91331
name added to list: 91332
name added to list: 91333
name added to list: 91334
name added to list: 91335
name added to list: 91336
name added to list: 91337
name added to list: 91338
name added to list: 91339
name added to list: 91340
name added to list: 91341
name added to list: 91342
name added to list: 91343
name added to list: 91344
name added to list: 91345
name added to list: 91346
name added to list: 91347
name added to list: 91348
name added to list: 91349
name added to list: 91350
name added to list: 91351
name added to list: 91352
name added to list: 91353
name added to list: 91354
name added to list: 91355
name added to list: 91356
name added to list: 91357
name added to list: 91358
name added to list: 91359
name added to list: 91360
name added to list: 91361
name added to list: 91362
name added to list: 91363
name added to list: 91364
name added to list: 91365
name added to list: 91366
name added to list: 91367
name added to list: 91368
name added to list: 91369
name added to list: 91370
name added to list: 91371
name added to list: 91372
name added to list: 91373
name added to list: 91374
name added to list: 91375
name added to list: 91376
name added to list: 91377
name added to list: 91378
name added to list: 91379
name added to list: 91380
name added to list: 91381
name added to list: 91382
name added to list: 91383
name added to list: 91384
name added to list: 91385
name added to list: 91386
name added to list: 91387
name added to list: 91388
name added to list: 91389
name added to list: 91390
name added to list: 91391
name added to list: 91392
name added to list: 91393
name added to list: 91394
name added to list: 91395
name added to list: 91396
name added to list: 91397
name added to list: 91398
name added to list: 91399
name added to list: 91400
name added to list: 91401
name added to list: 91402
name added to list: 91403
name added to list: 91404
name added to list: 91405
name added to list: 91406
name added to list: 91407
name added to list: 91408
name added to list: 91409
name added to list: 91410
name added to list: 91411
name added to list: 91412
name added to list: 91413
name added to list: 91414
name added to list: 91415
name added to list: 91416
name added to list: 91417
name added to list: 91418
name added to list: 91419
name added to list: 91420
name added to list: 91421
name added to list: 91422
name added to list: 91423
name added to list: 91424
name added to list: 91425
name added to list: 91426
name added to list: 91427
name added to list: 91428
name added to list: 91429
name added to list: 91430
name added to list: 91431
name added to list: 91432
name added to list: 91433
name added to list: 91434
name added to list: 91435
name added to list: 91436
name added to list: 91437
name added to list: 91438
name added to list: 91439
name added to list: 91440
name added to list: 91441
name added to list: 91442
name added to list: 91443
name added to list: 91444
name added to list: 91445
name added to list: 91446
name added to list: 91447
name added to list: 91448
name added to list: 91449
name added to list: 91450
name added to list: 91451
name added to list: 91452
name added to list: 91453
name added to list: 91454
name added to list: 91455
name added to list: 91456
name added to list: 91457
name added to list: 91458
name added to list: 91459
name added to list: 91460
name added to list: 91461
name added to list: 91462
name added to list: 91463
name added to list: 91464
name added to list: 91465
name added to list: 91466
name added to list: 91467
name added to list: 91468
name added to list: 91469
name added to list: 91470
name added to list: 91471
name added to list: 91472
name added to list: 91473
name added to list: 91474
name added to list: 91475
name added to list: 91476
name added to list: 91477
name added to list: 91478
name added to list: 91479
name added to list: 91480
name added to list: 91481
name added to list: 91482
name added to list: 91483
name added to list: 91484
name added to list: 91485
name added to list: 91486
name added to list: 91487
name added to list: 91488
name added to list: 91489
name added to list: 91490
name added to list: 91491
name added to list: 91492
name added to list: 91493
name added to list: 91494
name added to list: 91495
name added to list: 91496
name added to list: 91497
name added to list: 91498
name added to list: 91499
name added to list: 91500
name added to list: 91501
name added to list: 91502
name added to list: 91503
name added to list: 91504
name added to list: 91505
name added to list: 91506
name added to list: 91507
name added to list: 91508
name added to list: 91509
name added to list: 91510
name added to list: 91511
name added to list: 91512
name added to list: 91513
name added to list: 91514
name added to list: 91515
name added to list: 91516
name added to list: 91517
name added to list: 91518
name added to list: 91519
name added to list: 91520
name added to list: 91521
name added to list: 91522
name added to list: 91523
name added to list: 91524
name added to list: 91525
name added to list: 91526
name added to list: 91527
name added to list: 91528
name added to list: 91529
name added to list: 91530
name added to list: 91531
name added to list: 91532
name added to list: 91533
name added to list: 91534
name added to list: 91535
name added to list: 91536
name added to list: 91537
name added to list: 91538
name added to list: 91539
name added to list: 91540
name added to list: 91541
name added to list: 91542
name added to list: 91543
name added to list: 91544
name added to list: 91545
name added to list: 91546
name added to list: 91547
name added to list: 91548
name added to list: 91549
name added to list: 91550
name added to list: 91551
name added to list: 91552
name added to list: 91553
name added to list: 91554
name added to list: 91555
name added to list: 91556
name added to list: 91557
name added to list: 91558
name added to list: 91559
name added to list: 91560
name added to list: 91561
name added to list: 91562
name added to list: 91563
name added to list: 91564
name added to list: 91565
name added to list: 91566
name added to list: 91567
name added to list: 91568
name added to list: 91569
name added to list: 91570
name added to list: 91571
name added to list: 91572
name added to list: 91573
name added to list: 91574
name added to list: 91575
name added to list: 91576
name added to list: 91577
name added to list: 91578
name added to list: 91579
name added to list: 91580
name added to list: 91581
name added to list: 91582
name added to list: 91583
name added to list: 91584
name added to list: 91585
name added to list: 91586
name added to list: 91587
name added to list: 91588
name added to list: 91589
name added to list: 91590
name added to list: 91591
name added to list: 91592
name added to list: 91593
name added to list: 91594
name added to list: 91595
name added to list: 91596
name added to list: 91597
name added to list: 91598
name added to list: 91599
name added to list: 91600
name added to list: 91601
name added to list: 91602
name added to list: 91603
name added to list: 91604
name added to list: 91605
name added to list: 91606
name added to list: 91607
name added to list: 91608
name added to list: 91609
name added to list: 91610
name added to list: 91611
name added to list: 91612
name added to list: 91613
name added to list: 91614
name added to list: 91615
name added to list: 91616
name added to list: 91617
name added to list: 91618
name added to list: 91619
name added to list: 91620
name added to list: 91621
name added to list: 91622
name added to list: 91623
name added to list: 91624
name added to list: 91625
name added to list: 91626
name added to list: 91627
name added to list: 91628
name added to list: 91629
name added to list: 91630
name added to list: 91631
name added to list: 91632
name added to list: 91633
name added to list: 91634
name added to list: 91635
name added to list: 91636
name added to list: 91637
name added to list: 91638
name added to list: 91639
name added to list: 91640
name added to list: 91641
name added to list: 91642
name added to list: 91643
name added to list: 91644
name added to list: 91645
name added to list: 91646
name added to list: 91647
name added to list: 91648
name added to list: 91649
name added to list: 91650
name added to list: 91651
name added to list: 91652
name added to list: 91653
name added to list: 91654
name added to list: 91655
name added to list: 91656
name added to list: 91657
name added to list: 91658
name added to list: 91659
name added to list: 91660
name added to list: 91661
name added to list: 91662
name added to list: 91663
name added to list: 91664
name added to list: 91665
name added to list: 91666
name added to list: 91667
name added to list: 91668
name added to list: 91669
name added to list: 91670
name added to list: 91671
name added to list: 91672
name added to list: 91673
name added to list: 91674
name added to list: 91675
name added to list: 91676
name added to list: 91677
name added to list: 91678
name added to list: 91679
name added to list: 91680
name added to list: 91681
name added to list: 91682
name added to list: 91683
name added to list: 91684
name added to list: 91685
name added to list: 91686
name added to list: 91687
name added to list: 91688
name added to list: 91689
name added to list: 91690
name added to list: 91691
name added to list: 91692
name added to list: 91693
name added to list: 91694
name added to list: 91695
name added to list: 91696
name added to list: 91697
name added to list: 91698
name added to list: 91699
name added to list: 91700
name added to list: 91701
name added to list: 91702
name added to list: 91703
name added to list: 91704
name added to list: 91705
name added to list: 91706
name added to list: 91707
name added to list: 91708
name added to list: 91709
name added to list: 91710
name added to list: 91711
name added to list: 91712
name added to list: 91713
name added to list: 91714
name added to list: 91715
name added to list: 91716
name added to list: 91717
name added to list: 91718
name added to list: 91719
name added to list: 91720
name added to list: 91721
name added to list: 91722
name added to list: 91723
name added to list: 91724
name added to list: 91725
name added to list: 91726
name added to list: 91727
name added to list: 91728
name added to list: 91729
name added to list: 91730
name added to list: 91731
name added to list: 91732
name added to list: 91733
name added to list: 91734
name added to list: 91735
name added to list: 91736
name added to list: 91737
name added to list: 91738
name added to list: 91739
name added to list: 91740
name added to list: 91741
name added to list: 91742
name added to list: 91743
name added to list: 91744
name added to list: 91745
name added to list: 91746
name added to list: 91747
name added to list: 91748
name added to list: 91749
name added to list: 91750
name added to list: 91751
name added to list: 91752
name added to list: 91753
name added to list: 91754
name added to list: 91755
name added to list: 91756
name added to list: 91757
name added to list: 91758
name added to list: 91759
name added to list: 91760
name added to list: 91761
name added to list: 91762
name added to list: 91763
name added to list: 91764
name added to list: 91765
name added to list: 91766
name added to list: 91767
name added to list: 91768
name added to list: 91769
name added to list: 91770
name added to list: 91771
name added to list: 91772
name added to list: 91773
name added to list: 91774
name added to list: 91775
name added to list: 91776
name added to list: 91777
name added to list: 91778
name added to list: 91779
name added to list: 91780
name added to list: 91781
name added to list: 91782
name added to list: 91783
name added to list: 91784
name added to list: 91785
name added to list: 91786
name added to list: 91787
name added to list: 91788
name added to list: 91789
name added to list: 91790
name added to list: 91791
name added to list: 91792
name added to list: 91793
name added to list: 91794
name added to list: 91795
name added to list: 91796
name added to list: 91797
name added to list: 91798
name added to list: 91799
name added to list: 91800
name added to list: 91801
name added to list: 91802
name added to list: 91803
name added to list: 91804
name added to list: 91805
name added to list: 91806
name added to list: 91807
name added to list: 91808
name added to list: 91809
name added to list: 91810
name added to list: 91811
name added to list: 91812
name added to list: 91813
name added to list: 91814
name added to list: 91815
name added to list: 91816
name added to list: 91817
name added to list: 91818
name added to list: 91819
name added to list: 91820
name added to list: 91821
name added to list: 91822
name added to list: 91823
name added to list: 91824
name added to list: 91825
name added to list: 91826
name added to list: 91827
name added to list: 91828
name added to list: 91829
name added to list: 91830
name added to list: 91831
name added to list: 91832
name added to list: 91833
name added to list: 91834
name added to list: 91835
name added to list: 91836
name added to list: 91837
name added to list: 91838
name added to list: 91839
name added to list: 91840
name added to list: 91841
name added to list: 91842
name added to list: 91843
name added to list: 91844
name added to list: 91845
name added to list: 91846
name added to list: 91847
name added to list: 91848
name added to list: 91849
name added to list: 91850
name added to list: 91851
name added to list: 91852
name added to list: 91853
name added to list: 91854
name added to list: 91855
name added to list: 91856
name added to list: 91857
name added to list: 91858
name added to list: 91859
name added to list: 91860
name added to list: 91861
name added to list: 91862
name added to list: 91863
name added to list: 91864
name added to list: 91865
name added to list: 91866
name added to list: 91867
name added to list: 91868
name added to list: 91869
name added to list: 91870
name added to list: 91871
name added to list: 91872
name added to list: 91873
name added to list: 91874
name added to list: 91875
name added to list: 91876
name added to list: 91877
name added to list: 91878
name added to list: 91879
name added to list: 91880
name added to list: 91881
name added to list: 91882
name added to list: 91883
name added to list: 91884
name added to list: 91885
name added to list: 91886
name added to list: 91887
name added to list: 91888
name added to list: 91889
name added to list: 91890
name added to list: 91891
name added to list: 91892
name added to list: 91893
name added to list: 91894
name added to list: 91895
name added to list: 91896
name added to list: 91897
name added to list: 91898
name added to list: 91899
name added to list: 91900
name added to list: 91901
name added to list: 91902
name added to list: 91903
name added to list: 91904
name added to list: 91905
name added to list: 91906
name added to list: 91907
name added to list: 91908
name added to list: 91909
name added to list: 91910
name added to list: 91911
name added to list: 91912
name added to list: 91913
name added to list: 91914
name added to list: 91915
name added to list: 91916
name added to list: 91917
name added to list: 91918
name added to list: 91919
name added to list: 91920
name added to list: 91921
name added to list: 91922
name added to list: 91923
name added to list: 91924
name added to list: 91925
name added to list: 91926
name added to list: 91927
name added to list: 91928
name added to list: 91929
name added to list: 91930
name added to list: 91931
name added to list: 91932
name added to list: 91933
name added to list: 91934
name added to list: 91935
name added to list: 91936
name added to list: 91937
name added to list: 91938
name added to list: 91939
name added to list: 91940
name added to list: 91941
name added to list: 91942
name added to list: 91943
name added to list: 91944
name added to list: 91945
name added to list: 91946
name added to list: 91947
name added to list: 91948
name added to list: 91949
name added to list: 91950
name added to list: 91951
name added to list: 91952
name added to list: 91953
name added to list: 91954
name added to list: 91955
name added to list: 91956
name added to list: 91957
name added to list: 91958
name added to list: 91959
name added to list: 91960
name added to list: 91961
name added to list: 91962
name added to list: 91963
name added to list: 91964
name added to list: 91965
name added to list: 91966
name added to list: 91967
name added to list: 91968
name added to list: 91969
name added to list: 91970
name added to list: 91971
name added to list: 91972
name added to list: 91973
name added to list: 91974
name added to list: 91975
name added to list: 91976
name added to list: 91977
name added to list: 91978
name added to list: 91979
name added to list: 91980
name added to list: 91981
name added to list: 91982
name added to list: 91983
name added to list: 91984
name added to list: 91985
name added to list: 91986
name added to list: 91987
name added to list: 91988
name added to list: 91989
name added to list: 91990
name added to list: 91991
name added to list: 91992
name added to list: 91993
name added to list: 91994
name added to list: 91995
name added to list: 91996
name added to list: 91997
name added to list: 91998
name added to list: 91999
name added to list: 92000
name added to list: 92001
name added to list: 92002
name added to list: 92003
name added to list: 92004
name added to list: 92005
name added to list: 92006
name added to list: 92007
name added to list: 92008
name added to list: 92009
name added to list: 92010
name added to list: 92011
name added to list: 92012
name added to list: 92013
name added to list: 92014
name added to list: 92015
name added to list: 92016
name added to list: 92017
name added to list: 92018
name added to list: 92019
name added to list: 92020
name added to list: 92021
name added to list: 92022
name added to list: 92023
name added to list: 92024
name added to list: 92025
name added to list: 92026
name added to list: 92027
name added to list: 92028
name added to list: 92029
name added to list: 92030
name added to list: 92031
name added to list: 92032
name added to list: 92033
name added to list: 92034
name added to list: 92035
name added to list: 92036
name added to list: 92037
name added to list: 92038
name added to list: 92039
name added to list: 92040
name added to list: 92041
name added to list: 92042
name added to list: 92043
name added to list: 92044
name added to list: 92045
name added to list: 92046
name added to list: 92047
name added to list: 92048
name added to list: 92049
name added to list: 92050
name added to list: 92051
name added to list: 92052
name added to list: 92053
name added to list: 92054
name added to list: 92055
name added to list: 92056
name added to list: 92057
name added to list: 92058
name added to list: 92059
name added to list: 92060
name added to list: 92061
name added to list: 92062
name added to list: 92063
name added to list: 92064
name added to list: 92065
name added to list: 92066
name added to list: 92067
name added to list: 92068
name added to list: 92069
name added to list: 92070
name added to list: 92071
name added to list: 92072
name added to list: 92073
name added to list: 92074
name added to list: 92075
name added to list: 92076
name added to list: 92077
name added to list: 92078
name added to list: 92079
name added to list: 92080
name added to list: 92081
name added to list: 92082
name added to list: 92083
name added to list: 92084
name added to list: 92085
name added to list: 92086
name added to list: 92087
name added to list: 92088
name added to list: 92089
name added to list: 92090
name added to list: 92091
name added to list: 92092
name added to list: 92093
name added to list: 92094
name added to list: 92095
name added to list: 92096
name added to list: 92097
name added to list: 92098
name added to list: 92099
name added to list: 92100
name added to list: 92101
name added to list: 92102
name added to list: 92103
name added to list: 92104
name added to list: 92105
name added to list: 92106
name added to list: 92107
name added to list: 92108
name added to list: 92109
name added to list: 92110
name added to list: 92111
name added to list: 92112
name added to list: 92113
name added to list: 92114
name added to list: 92115
name added to list: 92116
name added to list: 92117
name added to list: 92118
name added to list: 92119
name added to list: 92120
name added to list: 92121
name added to list: 92122
name added to list: 92123
name added to list: 92124
name added to list: 92125
name added to list: 92126
name added to list: 92127
name added to list: 92128
name added to list: 92129
name added to list: 92130
name added to list: 92131
name added to list: 92132
name added to list: 92133
name added to list: 92134
name added to list: 92135
name added to list: 92136
name added to list: 92137
name added to list: 92138
name added to list: 92139
name added to list: 92140
name added to list: 92141
name added to list: 92142
name added to list: 92143
name added to list: 92144
name added to list: 92145
name added to list: 92146
name added to list: 92147
name added to list: 92148
name added to list: 92149
name added to list: 92150
name added to list: 92151
name added to list: 92152
name added to list: 92153
name added to list: 92154
name added to list: 92155
name added to list: 92156
name added to list: 92157
name added to list: 92158
name added to list: 92159
name added to list: 92160
name added to list: 92161
name added to list: 92162
name added to list: 92163
name added to list: 92164
name added to list: 92165
name added to list: 92166
name added to list: 92167
name added to list: 92168
name added to list: 92169
name added to list: 92170
name added to list: 92171
name added to list: 92172
name added to list: 92173
name added to list: 92174
name added to list: 92175
name added to list: 92176
name added to list: 92177
name added to list: 92178
name added to list: 92179
name added to list: 92180
name added to list: 92181
name added to list: 92182
name added to list: 92183
name added to list: 92184
name added to list: 92185
name added to list: 92186
name added to list: 92187
name added to list: 92188
name added to list: 92189
name added to list: 92190
name added to list: 92191
name added to list: 92192
name added to list: 92193
name added to list: 92194
name added to list: 92195
name added to list: 92196
name added to list: 92197
name added to list: 92198
name added to list: 92199
name added to list: 92200
name added to list: 92201
name added to list: 92202
name added to list: 92203
name added to list: 92204
name added to list: 92205
name added to list: 92206
name added to list: 92207
name added to list: 92208
name added to list: 92209
name added to list: 92210
name added to list: 92211
name added to list: 92212
name added to list: 92213
name added to list: 92214
name added to list: 92215
name added to list: 92216
name added to list: 92217
name added to list: 92218
name added to list: 92219
name added to list: 92220
name added to list: 92221
name added to list: 92222
name added to list: 92223
name added to list: 92224
name added to list: 92225
name added to list: 92226
name added to list: 92227
name added to list: 92228
name added to list: 92229
name added to list: 92230
name added to list: 92231
name added to list: 92232
name added to list: 92233
name added to list: 92234
name added to list: 92235
name added to list: 92236
name added to list: 92237
name added to list: 92238
name added to list: 92239
name added to list: 92240
name added to list: 92241
name added to list: 92242
name added to list: 92243
name added to list: 92244
name added to list: 92245
name added to list: 92246
name added to list: 92247
name added to list: 92248
name added to list: 92249
name added to list: 92250
name added to list: 92251
name added to list: 92252
name added to list: 92253
name added to list: 92254
name added to list: 92255
name added to list: 92256
name added to list: 92257
name added to list: 92258
name added to list: 92259
name added to list: 92260
name added to list: 92261
name added to list: 92262
name added to list: 92263
name added to list: 92264
name added to list: 92265
name added to list: 92266
name added to list: 92267
name added to list: 92268
name added to list: 92269
name added to list: 92270
name added to list: 92271
name added to list: 92272
name added to list: 92273
name added to list: 92274
name added to list: 92275
name added to list: 92276
name added to list: 92277
name added to list: 92278
name added to list: 92279
name added to list: 92280
name added to list: 92281
name added to list: 92282
name added to list: 92283
name added to list: 92284
name added to list: 92285
name added to list: 92286
name added to list: 92287
name added to list: 92288
name added to list: 92289
name added to list: 92290
name added to list: 92291
name added to list: 92292
name added to list: 92293
name added to list: 92294
name added to list: 92295
name added to list: 92296
name added to list: 92297
name added to list: 92298
name added to list: 92299
name added to list: 92300
name added to list: 92301
name added to list: 92302
name added to list: 92303
name added to list: 92304
name added to list: 92305
name added to list: 92306
name added to list: 92307
name added to list: 92308
name added to list: 92309
name added to list: 92310
name added to list: 92311
name added to list: 92312
name added to list: 92313
name added to list: 92314
name added to list: 92315
name added to list: 92316
name added to list: 92317
name added to list: 92318
name added to list: 92319
name added to list: 92320
name added to list: 92321
name added to list: 92322
name added to list: 92323
name added to list: 92324
name added to list: 92325
name added to list: 92326
name added to list: 92327
name added to list: 92328
name added to list: 92329
name added to list: 92330
name added to list: 92331
name added to list: 92332
name added to list: 92333
name added to list: 92334
name added to list: 92335
name added to list: 92336
name added to list: 92337
name added to list: 92338
name added to list: 92339
name added to list: 92340
name added to list: 92341
name added to list: 92342
name added to list: 92343
name added to list: 92344
name added to list: 92345
name added to list: 92346
name added to list: 92347
name added to list: 92348
name added to list: 92349
name added to list: 92350
name added to list: 92351
name added to list: 92352
name added to list: 92353
name added to list: 92354
name added to list: 92355
name added to list: 92356
name added to list: 92357
name added to list: 92358
name added to list: 92359
name added to list: 92360
name added to list: 92361
name added to list: 92362
name added to list: 92363
name added to list: 92364
name added to list: 92365
name added to list: 92366
name added to list: 92367
name added to list: 92368
name added to list: 92369
name added to list: 92370
name added to list: 92371
name added to list: 92372
name added to list: 92373
name added to list: 92374
name added to list: 92375
name added to list: 92376
name added to list: 92377
name added to list: 92378
name added to list: 92379
name added to list: 92380
name added to list: 92381
name added to list: 92382
name added to list: 92383
name added to list: 92384
name added to list: 92385
name added to list: 92386
name added to list: 92387
name added to list: 92388
name added to list: 92389
name added to list: 92390
name added to list: 92391
name added to list: 92392
name added to list: 92393
name added to list: 92394
name added to list: 92395
name added to list: 92396
name added to list: 92397
name added to list: 92398
name added to list: 92399
name added to list: 92400
name added to list: 92401
name added to list: 92402
name added to list: 92403
name added to list: 92404
name added to list: 92405
name added to list: 92406
name added to list: 92407
name added to list: 92408
name added to list: 92409
name added to list: 92410
name added to list: 92411
name added to list: 92412
name added to list: 92413
name added to list: 92414
name added to list: 92415
name added to list: 92416
name added to list: 92417
name added to list: 92418
name added to list: 92419
name added to list: 92420
name added to list: 92421
name added to list: 92422
name added to list: 92423
name added to list: 92424
name added to list: 92425
name added to list: 92426
name added to list: 92427
name added to list: 92428
name added to list: 92429
name added to list: 92430
name added to list: 92431
name added to list: 92432
name added to list: 92433
name added to list: 92434
name added to list: 92435
name added to list: 92436
name added to list: 92437
name added to list: 92438
name added to list: 92439
name added to list: 92440
name added to list: 92441
name added to list: 92442
name added to list: 92443
name added to list: 92444
name added to list: 92445
name added to list: 92446
name added to list: 92447
name added to list: 92448
name added to list: 92449
name added to list: 92450
name added to list: 92451
name added to list: 92452
name added to list: 92453
name added to list: 92454
name added to list: 92455
name added to list: 92456
name added to list: 92457
name added to list: 92458
name added to list: 92459
name added to list: 92460
name added to list: 92461
name added to list: 92462
name added to list: 92463
name added to list: 92464
name added to list: 92465
name added to list: 92466
name added to list: 92467
name added to list: 92468
name added to list: 92469
name added to list: 92470
name added to list: 92471
name added to list: 92472
name added to list: 92473
name added to list: 92474
name added to list: 92475
name added to list: 92476
name added to list: 92477
name added to list: 92478
name added to list: 92479
name added to list: 92480
name added to list: 92481
name added to list: 92482
name added to list: 92483
name added to list: 92484
name added to list: 92485
name added to list: 92486
name added to list: 92487
name added to list: 92488
name added to list: 92489
name added to list: 92490
name added to list: 92491
name added to list: 92492
name added to list: 92493
name added to list: 92494
name added to list: 92495
name added to list: 92496
name added to list: 92497
name added to list: 92498
name added to list: 92499
name added to list: 92500
name added to list: 92501
name added to list: 92502
name added to list: 92503
name added to list: 92504
name added to list: 92505
name added to list: 92506
name added to list: 92507
name added to list: 92508
name added to list: 92509
name added to list: 92510
name added to list: 92511
name added to list: 92512
name added to list: 92513
name added to list: 92514
name added to list: 92515
name added to list: 92516
name added to list: 92517
name added to list: 92518
name added to list: 92519
name added to list: 92520
name added to list: 92521
name added to list: 92522
name added to list: 92523
name added to list: 92524
name added to list: 92525
name added to list: 92526
name added to list: 92527
name added to list: 92528
name added to list: 92529
name added to list: 92530
name added to list: 92531
name added to list: 92532
name added to list: 92533
name added to list: 92534
name added to list: 92535
name added to list: 92536
name added to list: 92537
name added to list: 92538
name added to list: 92539
name added to list: 92540
name added to list: 92541
name added to list: 92542
name added to list: 92543
name added to list: 92544
name added to list: 92545
name added to list: 92546
name added to list: 92547
name added to list: 92548
name added to list: 92549
name added to list: 92550
name added to list: 92551
name added to list: 92552
name added to list: 92553
name added to list: 92554
name added to list: 92555
name added to list: 92556
name added to list: 92557
name added to list: 92558
name added to list: 92559
name added to list: 92560
name added to list: 92561
name added to list: 92562
name added to list: 92563
name added to list: 92564
name added to list: 92565
name added to list: 92566
name added to list: 92567
name added to list: 92568
name added to list: 92569
name added to list: 92570
name added to list: 92571
name added to list: 92572
name added to list: 92573
name added to list: 92574
name added to list: 92575
name added to list: 92576
name added to list: 92577
name added to list: 92578
name added to list: 92579
name added to list: 92580
name added to list: 92581
name added to list: 92582
name added to list: 92583
name added to list: 92584
name added to list: 92585
name added to list: 92586
name added to list: 92587
name added to list: 92588
name added to list: 92589
name added to list: 92590
name added to list: 92591
name added to list: 92592
name added to list: 92593
name added to list: 92594
name added to list: 92595
name added to list: 92596
name added to list: 92597
name added to list: 92598
name added to list: 92599
name added to list: 92600
name added to list: 92601
name added to list: 92602
name added to list: 92603
name added to list: 92604
name added to list: 92605
name added to list: 92606
name added to list: 92607
name added to list: 92608
name added to list: 92609
name added to list: 92610
name added to list: 92611
name added to list: 92612
name added to list: 92613
name added to list: 92614
name added to list: 92615
name added to list: 92616
name added to list: 92617
name added to list: 92618
name added to list: 92619
name added to list: 92620
name added to list: 92621
name added to list: 92622
name added to list: 92623
name added to list: 92624
name added to list: 92625
name added to list: 92626
name added to list: 92627
name added to list: 92628
name added to list: 92629
name added to list: 92630
name added to list: 92631
name added to list: 92632
name added to list: 92633
name added to list: 92634
name added to list: 92635
name added to list: 92636
name added to list: 92637
name added to list: 92638
name added to list: 92639
name added to list: 92640
name added to list: 92641
name added to list: 92642
name added to list: 92643
name added to list: 92644
name added to list: 92645
name added to list: 92646
name added to list: 92647
name added to list: 92648
name added to list: 92649
name added to list: 92650
name added to list: 92651
name added to list: 92652
name added to list: 92653
name added to list: 92654
name added to list: 92655
name added to list: 92656
name added to list: 92657
name added to list: 92658
name added to list: 92659
name added to list: 92660
name added to list: 92661
name added to list: 92662
name added to list: 92663
name added to list: 92664
name added to list: 92665
name added to list: 92666
name added to list: 92667
name added to list: 92668
name added to list: 92669
name added to list: 92670
name added to list: 92671
name added to list: 92672
name added to list: 92673
name added to list: 92674
name added to list: 92675
name added to list: 92676
name added to list: 92677
name added to list: 92678
name added to list: 92679
name added to list: 92680
name added to list: 92681
name added to list: 92682
name added to list: 92683
name added to list: 92684
name added to list: 92685
name added to list: 92686
name added to list: 92687
name added to list: 92688
name added to list: 92689
name added to list: 92690
name added to list: 92691
name added to list: 92692
name added to list: 92693
name added to list: 92694
name added to list: 92695
name added to list: 92696
name added to list: 92697
name added to list: 92698
name added to list: 92699
name added to list: 92700
name added to list: 92701
name added to list: 92702
name added to list: 92703
name added to list: 92704
name added to list: 92705
name added to list: 92706
name added to list: 92707
name added to list: 92708
name added to list: 92709
name added to list: 92710
name added to list: 92711
name added to list: 92712
name added to list: 92713
name added to list: 92714
name added to list: 92715
name added to list: 92716
name added to list: 92717
name added to list: 92718
name added to list: 92719
name added to list: 92720
name added to list: 92721
name added to list: 92722
name added to list: 92723
name added to list: 92724
name added to list: 92725
name added to list: 92726
name added to list: 92727
name added to list: 92728
name added to list: 92729
name added to list: 92730
name added to list: 92731
name added to list: 92732
name added to list: 92733
name added to list: 92734
name added to list: 92735
name added to list: 92736
name added to list: 92737
name added to list: 92738
name added to list: 92739
name added to list: 92740
name added to list: 92741
name added to list: 92742
name added to list: 92743
name added to list: 92744
name added to list: 92745
name added to list: 92746
name added to list: 92747
name added to list: 92748
name added to list: 92749
name added to list: 92750
name added to list: 92751
name added to list: 92752
name added to list: 92753
name added to list: 92754
name added to list: 92755
name added to list: 92756
name added to list: 92757
name added to list: 92758
name added to list: 92759
name added to list: 92760
name added to list: 92761
name added to list: 92762
name added to list: 92763
name added to list: 92764
name added to list: 92765
name added to list: 92766
name added to list: 92767
name added to list: 92768
name added to list: 92769
name added to list: 92770
name added to list: 92771
name added to list: 92772
name added to list: 92773
name added to list: 92774
name added to list: 92775
name added to list: 92776
name added to list: 92777
name added to list: 92778
name added to list: 92779
name added to list: 92780
name added to list: 92781
name added to list: 92782
name added to list: 92783
name added to list: 92784
name added to list: 92785
name added to list: 92786
name added to list: 92787
name added to list: 92788
name added to list: 92789
name added to list: 92790
name added to list: 92791
name added to list: 92792
name added to list: 92793
name added to list: 92794
name added to list: 92795
name added to list: 92796
name added to list: 92797
name added to list: 92798
name added to list: 92799
name added to list: 92800
name added to list: 92801
name added to list: 92802
name added to list: 92803
name added to list: 92804
name added to list: 92805
name added to list: 92806
name added to list: 92807
name added to list: 92808
name added to list: 92809
name added to list: 92810
name added to list: 92811
name added to list: 92812
name added to list: 92813
name added to list: 92814
name added to list: 92815
name added to list: 92816
name added to list: 92817
name added to list: 92818
name added to list: 92819
name added to list: 92820
name added to list: 92821
name added to list: 92822
name added to list: 92823
name added to list: 92824
name added to list: 92825
name added to list: 92826
name added to list: 92827
name added to list: 92828
name added to list: 92829
name added to list: 92830
name added to list: 92831
name added to list: 92832
name added to list: 92833
name added to list: 92834
name added to list: 92835
name added to list: 92836
name added to list: 92837
name added to list: 92838
name added to list: 92839
name added to list: 92840
name added to list: 92841
name added to list: 92842
name added to list: 92843
name added to list: 92844
name added to list: 92845
name added to list: 92846
name added to list: 92847
name added to list: 92848
name added to list: 92849
name added to list: 92850
name added to list: 92851
name added to list: 92852
name added to list: 92853
name added to list: 92854
name added to list: 92855
name added to list: 92856
name added to list: 92857
name added to list: 92858
name added to list: 92859
name added to list: 92860
name added to list: 92861
name added to list: 92862
name added to list: 92863
name added to list: 92864
name added to list: 92865
name added to list: 92866
name added to list: 92867
name added to list: 92868
name added to list: 92869
name added to list: 92870
name added to list: 92871
name added to list: 92872
name added to list: 92873
name added to list: 92874
name added to list: 92875
name added to list: 92876
name added to list: 92877
name added to list: 92878
name added to list: 92879
name added to list: 92880
name added to list: 92881
name added to list: 92882
name added to list: 92883
name added to list: 92884
name added to list: 92885
name added to list: 92886
name added to list: 92887
name added to list: 92888
name added to list: 92889
name added to list: 92890
name added to list: 92891
name added to list: 92892
name added to list: 92893
name added to list: 92894
name added to list: 92895
name added to list: 92896
name added to list: 92897
name added to list: 92898
name added to list: 92899
name added to list: 92900
name added to list: 92901
name added to list: 92902
name added to list: 92903
name added to list: 92904
name added to list: 92905
name added to list: 92906
name added to list: 92907
name added to list: 92908
name added to list: 92909
name added to list: 92910
name added to list: 92911
name added to list: 92912
name added to list: 92913
name added to list: 92914
name added to list: 92915
name added to list: 92916
name added to list: 92917
name added to list: 92918
name added to list: 92919
name added to list: 92920
name added to list: 92921
name added to list: 92922
name added to list: 92923
name added to list: 92924
name added to list: 92925
name added to list: 92926
name added to list: 92927
name added to list: 92928
name added to list: 92929
name added to list: 92930
name added to list: 92931
name added to list: 92932
name added to list: 92933
name added to list: 92934
name added to list: 92935
name added to list: 92936
name added to list: 92937
name added to list: 92938
name added to list: 92939
name added to list: 92940
name added to list: 92941
name added to list: 92942
name added to list: 92943
name added to list: 92944
name added to list: 92945
name added to list: 92946
name added to list: 92947
name added to list: 92948
name added to list: 92949
name added to list: 92950
name added to list: 92951
name added to list: 92952
name added to list: 92953
name added to list: 92954
name added to list: 92955
name added to list: 92956
name added to list: 92957
name added to list: 92958
name added to list: 92959
name added to list: 92960
name added to list: 92961
name added to list: 92962
name added to list: 92963
name added to list: 92964
name added to list: 92965
name added to list: 92966
name added to list: 92967
name added to list: 92968
name added to list: 92969
name added to list: 92970
name added to list: 92971
name added to list: 92972
name added to list: 92973
name added to list: 92974
name added to list: 92975
name added to list: 92976
name added to list: 92977
name added to list: 92978
name added to list: 92979
name added to list: 92980
name added to list: 92981
name added to list: 92982
name added to list: 92983
name added to list: 92984
name added to list: 92985
name added to list: 92986
name added to list: 92987
name added to list: 92988
name added to list: 92989
name added to list: 92990
name added to list: 92991
name added to list: 92992
name added to list: 92993
name added to list: 92994
name added to list: 92995
name added to list: 92996
name added to list: 92997
name added to list: 92998
name added to list: 92999
name added to list: 93000
name added to list: 93001
name added to list: 93002
name added to list: 93003
name added to list: 93004
name added to list: 93005
name added to list: 93006
name added to list: 93007
name added to list: 93008
name added to list: 93009
name added to list: 93010
name added to list: 93011
name added to list: 93012
name added to list: 93013
name added to list: 93014
name added to list: 93015
name added to list: 93016
name added to list: 93017
name added to list: 93018
name added to list: 93019
name added to list: 93020
name added to list: 93021
name added to list: 93022
name added to list: 93023
name added to list: 93024
name added to list: 93025
name added to list: 93026
name added to list: 93027
name added to list: 93028
name added to list: 93029
name added to list: 93030
name added to list: 93031
name added to list: 93032
name added to list: 93033
name added to list: 93034
name added to list: 93035
name added to list: 93036
name added to list: 93037
name added to list: 93038
name added to list: 93039
name added to list: 93040
name added to list: 93041
name added to list: 93042
name added to list: 93043
name added to list: 93044
name added to list: 93045
name added to list: 93046
name added to list: 93047
name added to list: 93048
name added to list: 93049
name added to list: 93050
name added to list: 93051
name added to list: 93052
name added to list: 93053
name added to list: 93054
name added to list: 93055
name added to list: 93056
name added to list: 93057
name added to list: 93058
name added to list: 93059
name added to list: 93060
name added to list: 93061
name added to list: 93062
name added to list: 93063
name added to list: 93064
name added to list: 93065
name added to list: 93066
name added to list: 93067
name added to list: 93068
name added to list: 93069
name added to list: 93070
name added to list: 93071
name added to list: 93072
name added to list: 93073
name added to list: 93074
name added to list: 93075
name added to list: 93076
name added to list: 93077
name added to list: 93078
name added to list: 93079
name added to list: 93080
name added to list: 93081
name added to list: 93082
name added to list: 93083
name added to list: 93084
name added to list: 93085
name added to list: 93086
name added to list: 93087
name added to list: 93088
name added to list: 93089
name added to list: 93090
name added to list: 93091
name added to list: 93092
name added to list: 93093
name added to list: 93094
name added to list: 93095
name added to list: 93096
name added to list: 93097
name added to list: 93098
name added to list: 93099
name added to list: 93100
name added to list: 93101
name added to list: 93102
name added to list: 93103
name added to list: 93104
name added to list: 93105
name added to list: 93106
name added to list: 93107
name added to list: 93108
name added to list: 93109
name added to list: 93110
name added to list: 93111
name added to list: 93112
name added to list: 93113
name added to list: 93114
name added to list: 93115
name added to list: 93116
name added to list: 93117
name added to list: 93118
name added to list: 93119
name added to list: 93120
name added to list: 93121
name added to list: 93122
name added to list: 93123
name added to list: 93124
name added to list: 93125
name added to list: 93126
name added to list: 93127
name added to list: 93128
name added to list: 93129
name added to list: 93130
name added to list: 93131
name added to list: 93132
name added to list: 93133
name added to list: 93134
name added to list: 93135
name added to list: 93136
name added to list: 93137
name added to list: 93138
name added to list: 93139
name added to list: 93140
name added to list: 93141
name added to list: 93142
name added to list: 93143
name added to list: 93144
name added to list: 93145
name added to list: 93146
name added to list: 93147
name added to list: 93148
name added to list: 93149
name added to list: 93150
name added to list: 93151
name added to list: 93152
name added to list: 93153
name added to list: 93154
name added to list: 93155
name added to list: 93156
name added to list: 93157
name added to list: 93158
name added to list: 93159
name added to list: 93160
name added to list: 93161
name added to list: 93162
name added to list: 93163
name added to list: 93164
name added to list: 93165
name added to list: 93166
name added to list: 93167
name added to list: 93168
name added to list: 93169
name added to list: 93170
name added to list: 93171
name added to list: 93172
name added to list: 93173
name added to list: 93174
name added to list: 93175
name added to list: 93176
name added to list: 93177
name added to list: 93178
name added to list: 93179
name added to list: 93180
name added to list: 93181
name added to list: 93182
name added to list: 93183
name added to list: 93184
name added to list: 93185
name added to list: 93186
name added to list: 93187
name added to list: 93188
name added to list: 93189
name added to list: 93190
name added to list: 93191
name added to list: 93192
name added to list: 93193
name added to list: 93194
name added to list: 93195
name added to list: 93196
name added to list: 93197
name added to list: 93198
name added to list: 93199
name added to list: 93200
name added to list: 93201
name added to list: 93202
name added to list: 93203
name added to list: 93204
name added to list: 93205
name added to list: 93206
name added to list: 93207
name added to list: 93208
name added to list: 93209
name added to list: 93210
name added to list: 93211
name added to list: 93212
name added to list: 93213
name added to list: 93214
name added to list: 93215
name added to list: 93216
name added to list: 93217
name added to list: 93218
name added to list: 93219
name added to list: 93220
name added to list: 93221
name added to list: 93222
name added to list: 93223
name added to list: 93224
name added to list: 93225
name added to list: 93226
name added to list: 93227
name added to list: 93228
name added to list: 93229
name added to list: 93230
name added to list: 93231
name added to list: 93232
name added to list: 93233
name added to list: 93234
name added to list: 93235
name added to list: 93236
name added to list: 93237
name added to list: 93238
name added to list: 93239
name added to list: 93240
name added to list: 93241
name added to list: 93242
name added to list: 93243
name added to list: 93244
name added to list: 93245
name added to list: 93246
name added to list: 93247
name added to list: 93248
name added to list: 93249
name added to list: 93250
name added to list: 93251
name added to list: 93252
name added to list: 93253
name added to list: 93254
name added to list: 93255
name added to list: 93256
name added to list: 93257
name added to list: 93258
name added to list: 93259
name added to list: 93260
name added to list: 93261
name added to list: 93262
name added to list: 93263
name added to list: 93264
name added to list: 93265
name added to list: 93266
name added to list: 93267
name added to list: 93268
name added to list: 93269
name added to list: 93270
name added to list: 93271
name added to list: 93272
name added to list: 93273
name added to list: 93274
name added to list: 93275
name added to list: 93276
name added to list: 93277
name added to list: 93278
name added to list: 93279
name added to list: 93280
name added to list: 93281
name added to list: 93282
name added to list: 93283
name added to list: 93284
name added to list: 93285
name added to list: 93286
name added to list: 93287
name added to list: 93288
name added to list: 93289
name added to list: 93290
name added to list: 93291
name added to list: 93292
name added to list: 93293
name added to list: 93294
name added to list: 93295
name added to list: 93296
name added to list: 93297
name added to list: 93298
name added to list: 93299
name added to list: 93300
name added to list: 93301
name added to list: 93302
name added to list: 93303
name added to list: 93304
name added to list: 93305
name added to list: 93306
name added to list: 93307
name added to list: 93308
name added to list: 93309
name added to list: 93310
name added to list: 93311
name added to list: 93312
name added to list: 93313
name added to list: 93314
name added to list: 93315
name added to list: 93316
name added to list: 93317
name added to list: 93318
name added to list: 93319
name added to list: 93320
name added to list: 93321
name added to list: 93322
name added to list: 93323
name added to list: 93324
name added to list: 93325
name added to list: 93326
name added to list: 93327
name added to list: 93328
name added to list: 93329
name added to list: 93330
name added to list: 93331
name added to list: 93332
name added to list: 93333
name added to list: 93334
name added to list: 93335
name added to list: 93336
name added to list: 93337
name added to list: 93338
name added to list: 93339
name added to list: 93340
name added to list: 93341
name added to list: 93342
name added to list: 93343
name added to list: 93344
name added to list: 93345
name added to list: 93346
name added to list: 93347
name added to list: 93348
name added to list: 93349
name added to list: 93350
name added to list: 93351
name added to list: 93352
name added to list: 93353
name added to list: 93354
name added to list: 93355
name added to list: 93356
name added to list: 93357
name added to list: 93358
name added to list: 93359
name added to list: 93360
name added to list: 93361
name added to list: 93362
name added to list: 93363
name added to list: 93364
name added to list: 93365
name added to list: 93366
name added to list: 93367
name added to list: 93368
name added to list: 93369
name added to list: 93370
name added to list: 93371
name added to list: 93372
name added to list: 93373
name added to list: 93374
name added to list: 93375
name added to list: 93376
name added to list: 93377
name added to list: 93378
name added to list: 93379
name added to list: 93380
name added to list: 93381
name added to list: 93382
name added to list: 93383
name added to list: 93384
name added to list: 93385
name added to list: 93386
name added to list: 93387
name added to list: 93388
name added to list: 93389
name added to list: 93390
name added to list: 93391
name added to list: 93392
name added to list: 93393
name added to list: 93394
name added to list: 93395
name added to list: 93396
name added to list: 93397
name added to list: 93398
name added to list: 93399
name added to list: 93400
name added to list: 93401
name added to list: 93402
name added to list: 93403
name added to list: 93404
name added to list: 93405
name added to list: 93406
name added to list: 93407
name added to list: 93408
name added to list: 93409
name added to list: 93410
name added to list: 93411
name added to list: 93412
name added to list: 93413
name added to list: 93414
name added to list: 93415
name added to list: 93416
name added to list: 93417
name added to list: 93418
name added to list: 93419
name added to list: 93420
name added to list: 93421
name added to list: 93422
name added to list: 93423
name added to list: 93424
name added to list: 93425
name added to list: 93426
name added to list: 93427
name added to list: 93428
name added to list: 93429
name added to list: 93430
name added to list: 93431
name added to list: 93432
name added to list: 93433
name added to list: 93434
name added to list: 93435
name added to list: 93436
name added to list: 93437
name added to list: 93438
name added to list: 93439
name added to list: 93440
name added to list: 93441
name added to list: 93442
name added to list: 93443
name added to list: 93444
name added to list: 93445
name added to list: 93446
name added to list: 93447
name added to list: 93448
name added to list: 93449
name added to list: 93450
name added to list: 93451
name added to list: 93452
name added to list: 93453
name added to list: 93454
name added to list: 93455
name added to list: 93456
name added to list: 93457
name added to list: 93458
name added to list: 93459
name added to list: 93460
name added to list: 93461
name added to list: 93462
name added to list: 93463
name added to list: 93464
name added to list: 93465
name added to list: 93466
name added to list: 93467
name added to list: 93468
name added to list: 93469
name added to list: 93470
name added to list: 93471
name added to list: 93472
name added to list: 93473
name added to list: 93474
name added to list: 93475
name added to list: 93476
name added to list: 93477
name added to list: 93478
name added to list: 93479
name added to list: 93480
name added to list: 93481
name added to list: 93482
name added to list: 93483
name added to list: 93484
name added to list: 93485
name added to list: 93486
name added to list: 93487
name added to list: 93488
name added to list: 93489
name added to list: 93490
name added to list: 93491
name added to list: 93492
name added to list: 93493
name added to list: 93494
name added to list: 93495
name added to list: 93496
name added to list: 93497
name added to list: 93498
name added to list: 93499
name added to list: 93500
name added to list: 93501
name added to list: 93502
name added to list: 93503
name added to list: 93504
name added to list: 93505
name added to list: 93506
name added to list: 93507
name added to list: 93508
name added to list: 93509
name added to list: 93510
name added to list: 93511
name added to list: 93512
name added to list: 93513
name added to list: 93514
name added to list: 93515
name added to list: 93516
name added to list: 93517
name added to list: 93518
name added to list: 93519
name added to list: 93520
name added to list: 93521
name added to list: 93522
name added to list: 93523
name added to list: 93524
name added to list: 93525
name added to list: 93526
name added to list: 93527
name added to list: 93528
name added to list: 93529
name added to list: 93530
name added to list: 93531
name added to list: 93532
name added to list: 93533
name added to list: 93534
name added to list: 93535
name added to list: 93536
name added to list: 93537
name added to list: 93538
name added to list: 93539
name added to list: 93540
name added to list: 93541
name added to list: 93542
name added to list: 93543
name added to list: 93544
name added to list: 93545
name added to list: 93546
name added to list: 93547
name added to list: 93548
name added to list: 93549
name added to list: 93550
name added to list: 93551
name added to list: 93552
name added to list: 93553
name added to list: 93554
name added to list: 93555
name added to list: 93556
name added to list: 93557
name added to list: 93558
name added to list: 93559
name added to list: 93560
name added to list: 93561
name added to list: 93562
name added to list: 93563
name added to list: 93564
name added to list: 93565
name added to list: 93566
name added to list: 93567
name added to list: 93568
name added to list: 93569
name added to list: 93570
name added to list: 93571
name added to list: 93572
name added to list: 93573
name added to list: 93574
name added to list: 93575
name added to list: 93576
name added to list: 93577
name added to list: 93578
name added to list: 93579
name added to list: 93580
name added to list: 93581
name added to list: 93582
name added to list: 93583
name added to list: 93584
name added to list: 93585
name added to list: 93586
name added to list: 93587
name added to list: 93588
name added to list: 93589
name added to list: 93590
name added to list: 93591
name added to list: 93592
name added to list: 93593
name added to list: 93594
name added to list: 93595
name added to list: 93596
name added to list: 93597
name added to list: 93598
name added to list: 93599
name added to list: 93600
name added to list: 93601
name added to list: 93602
name added to list: 93603
name added to list: 93604
name added to list: 93605
name added to list: 93606
name added to list: 93607
name added to list: 93608
name added to list: 93609
name added to list: 93610
name added to list: 93611
name added to list: 93612
name added to list: 93613
name added to list: 93614
name added to list: 93615
name added to list: 93616
name added to list: 93617
name added to list: 93618
name added to list: 93619
name added to list: 93620
name added to list: 93621
name added to list: 93622
name added to list: 93623
name added to list: 93624
name added to list: 93625
name added to list: 93626
name added to list: 93627
name added to list: 93628
name added to list: 93629
name added to list: 93630
name added to list: 93631
name added to list: 93632
name added to list: 93633
name added to list: 93634
name added to list: 93635
name added to list: 93636
name added to list: 93637
name added to list: 93638
name added to list: 93639
name added to list: 93640
name added to list: 93641
name added to list: 93642
name added to list: 93643
name added to list: 93644
name added to list: 93645
name added to list: 93646
name added to list: 93647
name added to list: 93648
name added to list: 93649
name added to list: 93650
name added to list: 93651
name added to list: 93652
name added to list: 93653
name added to list: 93654
name added to list: 93655
name added to list: 93656
name added to list: 93657
name added to list: 93658
name added to list: 93659
name added to list: 93660
name added to list: 93661
name added to list: 93662
name added to list: 93663
name added to list: 93664
name added to list: 93665
name added to list: 93666
name added to list: 93667
name added to list: 93668
name added to list: 93669
name added to list: 93670
name added to list: 93671
name added to list: 93672
name added to list: 93673
name added to list: 93674
name added to list: 93675
name added to list: 93676
name added to list: 93677
name added to list: 93678
name added to list: 93679
name added to list: 93680
name added to list: 93681
name added to list: 93682
name added to list: 93683
name added to list: 93684
name added to list: 93685
name added to list: 93686
name added to list: 93687
name added to list: 93688
name added to list: 93689
name added to list: 93690
name added to list: 93691
name added to list: 93692
name added to list: 93693
name added to list: 93694
name added to list: 93695
name added to list: 93696
name added to list: 93697
name added to list: 93698
name added to list: 93699
name added to list: 93700
name added to list: 93701
name added to list: 93702
name added to list: 93703
name added to list: 93704
name added to list: 93705
name added to list: 93706
name added to list: 93707
name added to list: 93708
name added to list: 93709
name added to list: 93710
name added to list: 93711
name added to list: 93712
name added to list: 93713
name added to list: 93714
name added to list: 93715
name added to list: 93716
name added to list: 93717
name added to list: 93718
name added to list: 93719
name added to list: 93720
name added to list: 93721
name added to list: 93722
name added to list: 93723
name added to list: 93724
name added to list: 93725
name added to list: 93726
name added to list: 93727
name added to list: 93728
name added to list: 93729
name added to list: 93730
name added to list: 93731
name added to list: 93732
name added to list: 93733
name added to list: 93734
name added to list: 93735
name added to list: 93736
name added to list: 93737
name added to list: 93738
name added to list: 93739
name added to list: 93740
name added to list: 93741
name added to list: 93742
name added to list: 93743
name added to list: 93744
name added to list: 93745
name added to list: 93746
name added to list: 93747
name added to list: 93748
name added to list: 93749
name added to list: 93750
name added to list: 93751
name added to list: 93752
name added to list: 93753
name added to list: 93754
name added to list: 93755
name added to list: 93756
name added to list: 93757
name added to list: 93758
name added to list: 93759
name added to list: 93760
name added to list: 93761
name added to list: 93762
name added to list: 93763
name added to list: 93764
name added to list: 93765
name added to list: 93766
name added to list: 93767
name added to list: 93768
name added to list: 93769
name added to list: 93770
name added to list: 93771
name added to list: 93772
name added to list: 93773
name added to list: 93774
name added to list: 93775
name added to list: 93776
name added to list: 93777
name added to list: 93778
name added to list: 93779
name added to list: 93780
name added to list: 93781
name added to list: 93782
name added to list: 93783
name added to list: 93784
name added to list: 93785
name added to list: 93786
name added to list: 93787
name added to list: 93788
name added to list: 93789
name added to list: 93790
name added to list: 93791
name added to list: 93792
name added to list: 93793
name added to list: 93794
name added to list: 93795
name added to list: 93796
name added to list: 93797
name added to list: 93798
name added to list: 93799
name added to list: 93800
name added to list: 93801
name added to list: 93802
name added to list: 93803
name added to list: 93804
name added to list: 93805
name added to list: 93806
name added to list: 93807
name added to list: 93808
name added to list: 93809
name added to list: 93810
name added to list: 93811
name added to list: 93812
name added to list: 93813
name added to list: 93814
name added to list: 93815
name added to list: 93816
name added to list: 93817
name added to list: 93818
name added to list: 93819
name added to list: 93820
name added to list: 93821
name added to list: 93822
name added to list: 93823
name added to list: 93824
name added to list: 93825
name added to list: 93826
name added to list: 93827
name added to list: 93828
name added to list: 93829
name added to list: 93830
name added to list: 93831
name added to list: 93832
name added to list: 93833
name added to list: 93834
name added to list: 93835
name added to list: 93836
name added to list: 93837
name added to list: 93838
name added to list: 93839
name added to list: 93840
name added to list: 93841
name added to list: 93842
name added to list: 93843
name added to list: 93844
name added to list: 93845
name added to list: 93846
name added to list: 93847
name added to list: 93848
name added to list: 93849
name added to list: 93850
name added to list: 93851
name added to list: 93852
name added to list: 93853
name added to list: 93854
name added to list: 93855
name added to list: 93856
name added to list: 93857
name added to list: 93858
name added to list: 93859
name added to list: 93860
name added to list: 93861
name added to list: 93862
name added to list: 93863
name added to list: 93864
name added to list: 93865
name added to list: 93866
name added to list: 93867
name added to list: 93868
name added to list: 93869
name added to list: 93870
name added to list: 93871
name added to list: 93872
name added to list: 93873
name added to list: 93874
name added to list: 93875
name added to list: 93876
name added to list: 93877
name added to list: 93878
name added to list: 93879
name added to list: 93880
name added to list: 93881
name added to list: 93882
name added to list: 93883
name added to list: 93884
name added to list: 93885
name added to list: 93886
name added to list: 93887
name added to list: 93888
name added to list: 93889
name added to list: 93890
name added to list: 93891
name added to list: 93892
name added to list: 93893
name added to list: 93894
name added to list: 93895
name added to list: 93896
name added to list: 93897
name added to list: 93898
name added to list: 93899
name added to list: 93900
name added to list: 93901
name added to list: 93902
name added to list: 93903
name added to list: 93904
name added to list: 93905
name added to list: 93906
name added to list: 93907
name added to list: 93908
name added to list: 93909
name added to list: 93910
name added to list: 93911
name added to list: 93912
name added to list: 93913
name added to list: 93914
name added to list: 93915
name added to list: 93916
name added to list: 93917
name added to list: 93918
name added to list: 93919
name added to list: 93920
name added to list: 93921
name added to list: 93922
name added to list: 93923
name added to list: 93924
name added to list: 93925
name added to list: 93926
name added to list: 93927
name added to list: 93928
name added to list: 93929
name added to list: 93930
name added to list: 93931
name added to list: 93932
name added to list: 93933
name added to list: 93934
name added to list: 93935
name added to list: 93936
name added to list: 93937
name added to list: 93938
name added to list: 93939
name added to list: 93940
name added to list: 93941
name added to list: 93942
name added to list: 93943
name added to list: 93944
name added to list: 93945
name added to list: 93946
name added to list: 93947
name added to list: 93948
name added to list: 93949
name added to list: 93950
name added to list: 93951
name added to list: 93952
name added to list: 93953
name added to list: 93954
name added to list: 93955
name added to list: 93956
name added to list: 93957
name added to list: 93958
name added to list: 93959
name added to list: 93960
name added to list: 93961
name added to list: 93962
name added to list: 93963
name added to list: 93964
name added to list: 93965
name added to list: 93966
name added to list: 93967
name added to list: 93968
name added to list: 93969
name added to list: 93970
name added to list: 93971
name added to list: 93972
name added to list: 93973
name added to list: 93974
name added to list: 93975
name added to list: 93976
name added to list: 93977
name added to list: 93978
name added to list: 93979
name added to list: 93980
name added to list: 93981
name added to list: 93982
name added to list: 93983
name added to list: 93984
name added to list: 93985
name added to list: 93986
name added to list: 93987
name added to list: 93988
name added to list: 93989
name added to list: 93990
name added to list: 93991
name added to list: 93992
name added to list: 93993
name added to list: 93994
name added to list: 93995
name added to list: 93996
name added to list: 93997
name added to list: 93998
name added to list: 93999
name added to list: 94000
name added to list: 94001
name added to list: 94002
name added to list: 94003
name added to list: 94004
name added to list: 94005
name added to list: 94006
name added to list: 94007
name added to list: 94008
name added to list: 94009
name added to list: 94010
name added to list: 94011
name added to list: 94012
name added to list: 94013
name added to list: 94014
name added to list: 94015
name added to list: 94016
name added to list: 94017
name added to list: 94018
name added to list: 94019
name added to list: 94020
name added to list: 94021
name added to list: 94022
name added to list: 94023
name added to list: 94024
name added to list: 94025
name added to list: 94026
name added to list: 94027
name added to list: 94028
name added to list: 94029
name added to list: 94030
name added to list: 94031
name added to list: 94032
name added to list: 94033
name added to list: 94034
name added to list: 94035
name added to list: 94036
name added to list: 94037
name added to list: 94038
name added to list: 94039
name added to list: 94040
name added to list: 94041
name added to list: 94042
name added to list: 94043
name added to list: 94044
name added to list: 94045
name added to list: 94046
name added to list: 94047
name added to list: 94048
name added to list: 94049
name added to list: 94050
name added to list: 94051
name added to list: 94052
name added to list: 94053
name added to list: 94054
name added to list: 94055
name added to list: 94056
name added to list: 94057
name added to list: 94058
name added to list: 94059
name added to list: 94060
name added to list: 94061
name added to list: 94062
name added to list: 94063
name added to list: 94064
name added to list: 94065
name added to list: 94066
name added to list: 94067
name added to list: 94068
name added to list: 94069
name added to list: 94070
name added to list: 94071
name added to list: 94072
name added to list: 94073
name added to list: 94074
name added to list: 94075
name added to list: 94076
name added to list: 94077
name added to list: 94078
name added to list: 94079
name added to list: 94080
name added to list: 94081
name added to list: 94082
name added to list: 94083
name added to list: 94084
name added to list: 94085
name added to list: 94086
name added to list: 94087
name added to list: 94088
name added to list: 94089
name added to list: 94090
name added to list: 94091
name added to list: 94092
name added to list: 94093
name added to list: 94094
name added to list: 94095
name added to list: 94096
name added to list: 94097
name added to list: 94098
name added to list: 94099
name added to list: 94100
name added to list: 94101
name added to list: 94102
name added to list: 94103
name added to list: 94104
name added to list: 94105
name added to list: 94106
name added to list: 94107
name added to list: 94108
name added to list: 94109
name added to list: 94110
name added to list: 94111
name added to list: 94112
name added to list: 94113
name added to list: 94114
name added to list: 94115
name added to list: 94116
name added to list: 94117
name added to list: 94118
name added to list: 94119
name added to list: 94120
name added to list: 94121
name added to list: 94122
name added to list: 94123
name added to list: 94124
name added to list: 94125
name added to list: 94126
name added to list: 94127
name added to list: 94128
name added to list: 94129
name added to list: 94130
name added to list: 94131
name added to list: 94132
name added to list: 94133
name added to list: 94134
name added to list: 94135
name added to list: 94136
name added to list: 94137
name added to list: 94138
name added to list: 94139
name added to list: 94140
name added to list: 94141
name added to list: 94142
name added to list: 94143
name added to list: 94144
name added to list: 94145
name added to list: 94146
name added to list: 94147
name added to list: 94148
name added to list: 94149
name added to list: 94150
name added to list: 94151
name added to list: 94152
name added to list: 94153
name added to list: 94154
name added to list: 94155
name added to list: 94156
name added to list: 94157
name added to list: 94158
name added to list: 94159
name added to list: 94160
name added to list: 94161
name added to list: 94162
name added to list: 94163
name added to list: 94164
name added to list: 94165
name added to list: 94166
name added to list: 94167
name added to list: 94168
name added to list: 94169
name added to list: 94170
name added to list: 94171
name added to list: 94172
name added to list: 94173
name added to list: 94174
name added to list: 94175
name added to list: 94176
name added to list: 94177
name added to list: 94178
name added to list: 94179
name added to list: 94180
name added to list: 94181
name added to list: 94182
name added to list: 94183
name added to list: 94184
name added to list: 94185
name added to list: 94186
name added to list: 94187
name added to list: 94188
name added to list: 94189
name added to list: 94190
name added to list: 94191
name added to list: 94192
name added to list: 94193
name added to list: 94194
name added to list: 94195
name added to list: 94196
name added to list: 94197
name added to list: 94198
name added to list: 94199
name added to list: 94200
name added to list: 94201
name added to list: 94202
name added to list: 94203
name added to list: 94204
name added to list: 94205
name added to list: 94206
name added to list: 94207
name added to list: 94208
name added to list: 94209
name added to list: 94210
name added to list: 94211
name added to list: 94212
name added to list: 94213
name added to list: 94214
name added to list: 94215
name added to list: 94216
name added to list: 94217
name added to list: 94218
name added to list: 94219
name added to list: 94220
name added to list: 94221
name added to list: 94222
name added to list: 94223
name added to list: 94224
name added to list: 94225
name added to list: 94226
name added to list: 94227
name added to list: 94228
name added to list: 94229
name added to list: 94230
name added to list: 94231
name added to list: 94232
name added to list: 94233
name added to list: 94234
name added to list: 94235
name added to list: 94236
name added to list: 94237
name added to list: 94238
name added to list: 94239
name added to list: 94240
name added to list: 94241
name added to list: 94242
name added to list: 94243
name added to list: 94244
name added to list: 94245
name added to list: 94246
name added to list: 94247
name added to list: 94248
name added to list: 94249
name added to list: 94250
name added to list: 94251
name added to list: 94252
name added to list: 94253
name added to list: 94254
name added to list: 94255
name added to list: 94256
name added to list: 94257
name added to list: 94258
name added to list: 94259
name added to list: 94260
name added to list: 94261
name added to list: 94262
name added to list: 94263
name added to list: 94264
name added to list: 94265
name added to list: 94266
name added to list: 94267
name added to list: 94268
name added to list: 94269
name added to list: 94270
name added to list: 94271
name added to list: 94272
name added to list: 94273
name added to list: 94274
name added to list: 94275
name added to list: 94276
name added to list: 94277
name added to list: 94278
name added to list: 94279
name added to list: 94280
name added to list: 94281
name added to list: 94282
name added to list: 94283
name added to list: 94284
name added to list: 94285
name added to list: 94286
name added to list: 94287
name added to list: 94288
name added to list: 94289
name added to list: 94290
name added to list: 94291
name added to list: 94292
name added to list: 94293
name added to list: 94294
name added to list: 94295
name added to list: 94296
name added to list: 94297
name added to list: 94298
name added to list: 94299
name added to list: 94300
name added to list: 94301
name added to list: 94302
name added to list: 94303
name added to list: 94304
name added to list: 94305
name added to list: 94306
name added to list: 94307
name added to list: 94308
name added to list: 94309
name added to list: 94310
name added to list: 94311
name added to list: 94312
name added to list: 94313
name added to list: 94314
name added to list: 94315
name added to list: 94316
name added to list: 94317
name added to list: 94318
name added to list: 94319
name added to list: 94320
name added to list: 94321
name added to list: 94322
name added to list: 94323
name added to list: 94324
name added to list: 94325
name added to list: 94326
name added to list: 94327
name added to list: 94328
name added to list: 94329
name added to list: 94330
name added to list: 94331
name added to list: 94332
name added to list: 94333
name added to list: 94334
name added to list: 94335
name added to list: 94336
name added to list: 94337
name added to list: 94338
name added to list: 94339
name added to list: 94340
name added to list: 94341
name added to list: 94342
name added to list: 94343
name added to list: 94344
name added to list: 94345
name added to list: 94346
name added to list: 94347
name added to list: 94348
name added to list: 94349
name added to list: 94350
name added to list: 94351
name added to list: 94352
name added to list: 94353
name added to list: 94354
name added to list: 94355
name added to list: 94356
name added to list: 94357
name added to list: 94358
name added to list: 94359
name added to list: 94360
name added to list: 94361
name added to list: 94362
name added to list: 94363
name added to list: 94364
name added to list: 94365
name added to list: 94366
name added to list: 94367
name added to list: 94368
name added to list: 94369
name added to list: 94370
name added to list: 94371
name added to list: 94372
name added to list: 94373
name added to list: 94374
name added to list: 94375
name added to list: 94376
name added to list: 94377
name added to list: 94378
name added to list: 94379
name added to list: 94380
name added to list: 94381
name added to list: 94382
name added to list: 94383
name added to list: 94384
name added to list: 94385
name added to list: 94386
name added to list: 94387
name added to list: 94388
name added to list: 94389
name added to list: 94390
name added to list: 94391
name added to list: 94392
name added to list: 94393
name added to list: 94394
name added to list: 94395
name added to list: 94396
name added to list: 94397
name added to list: 94398
name added to list: 94399
name added to list: 94400
name added to list: 94401
name added to list: 94402
name added to list: 94403
name added to list: 94404
name added to list: 94405
name added to list: 94406
name added to list: 94407
name added to list: 94408
name added to list: 94409
name added to list: 94410
name added to list: 94411
name added to list: 94412
name added to list: 94413
name added to list: 94414
name added to list: 94415
name added to list: 94416
name added to list: 94417
name added to list: 94418
name added to list: 94419
name added to list: 94420
name added to list: 94421
name added to list: 94422
name added to list: 94423
name added to list: 94424
name added to list: 94425
name added to list: 94426
name added to list: 94427
name added to list: 94428
name added to list: 94429
name added to list: 94430
name added to list: 94431
name added to list: 94432
name added to list: 94433
name added to list: 94434
name added to list: 94435
name added to list: 94436
name added to list: 94437
name added to list: 94438
name added to list: 94439
name added to list: 94440
name added to list: 94441
name added to list: 94442
name added to list: 94443
name added to list: 94444
name added to list: 94445
name added to list: 94446
name added to list: 94447
name added to list: 94448
name added to list: 94449
name added to list: 94450
name added to list: 94451
name added to list: 94452
name added to list: 94453
name added to list: 94454
name added to list: 94455
name added to list: 94456
name added to list: 94457
name added to list: 94458
name added to list: 94459
name added to list: 94460
name added to list: 94461
name added to list: 94462
name added to list: 94463
name added to list: 94464
name added to list: 94465
name added to list: 94466
name added to list: 94467
name added to list: 94468
name added to list: 94469
name added to list: 94470
name added to list: 94471
name added to list: 94472
name added to list: 94473
name added to list: 94474
name added to list: 94475
name added to list: 94476
name added to list: 94477
name added to list: 94478
name added to list: 94479
name added to list: 94480
name added to list: 94481
name added to list: 94482
name added to list: 94483
name added to list: 94484
name added to list: 94485
name added to list: 94486
name added to list: 94487
name added to list: 94488
name added to list: 94489
name added to list: 94490
name added to list: 94491
name added to list: 94492
name added to list: 94493
name added to list: 94494
name added to list: 94495
name added to list: 94496
name added to list: 94497
name added to list: 94498
name added to list: 94499
name added to list: 94500
name added to list: 94501
name added to list: 94502
name added to list: 94503
name added to list: 94504
name added to list: 94505
name added to list: 94506
name added to list: 94507
name added to list: 94508
name added to list: 94509
name added to list: 94510
name added to list: 94511
name added to list: 94512
name added to list: 94513
name added to list: 94514
name added to list: 94515
name added to list: 94516
name added to list: 94517
name added to list: 94518
name added to list: 94519
name added to list: 94520
name added to list: 94521
name added to list: 94522
name added to list: 94523
name added to list: 94524
name added to list: 94525
name added to list: 94526
name added to list: 94527
name added to list: 94528
name added to list: 94529
name added to list: 94530
name added to list: 94531
name added to list: 94532
name added to list: 94533
name added to list: 94534
name added to list: 94535
name added to list: 94536
name added to list: 94537
name added to list: 94538
name added to list: 94539
name added to list: 94540
name added to list: 94541
name added to list: 94542
name added to list: 94543
name added to list: 94544
name added to list: 94545
name added to list: 94546
name added to list: 94547
name added to list: 94548
name added to list: 94549
name added to list: 94550
name added to list: 94551
name added to list: 94552
name added to list: 94553
name added to list: 94554
name added to list: 94555
name added to list: 94556
name added to list: 94557
name added to list: 94558
name added to list: 94559
name added to list: 94560
name added to list: 94561
name added to list: 94562
name added to list: 94563
name added to list: 94564
name added to list: 94565
name added to list: 94566
name added to list: 94567
name added to list: 94568
name added to list: 94569
name added to list: 94570
name added to list: 94571
name added to list: 94572
name added to list: 94573
name added to list: 94574
name added to list: 94575
name added to list: 94576
name added to list: 94577
name added to list: 94578
name added to list: 94579
name added to list: 94580
name added to list: 94581
name added to list: 94582
name added to list: 94583
name added to list: 94584
name added to list: 94585
name added to list: 94586
name added to list: 94587
name added to list: 94588
name added to list: 94589
name added to list: 94590
name added to list: 94591
name added to list: 94592
name added to list: 94593
name added to list: 94594
name added to list: 94595
name added to list: 94596
name added to list: 94597
name added to list: 94598
name added to list: 94599
name added to list: 94600
name added to list: 94601
name added to list: 94602
name added to list: 94603
name added to list: 94604
name added to list: 94605
name added to list: 94606
name added to list: 94607
name added to list: 94608
name added to list: 94609
name added to list: 94610
name added to list: 94611
name added to list: 94612
name added to list: 94613
name added to list: 94614
name added to list: 94615
name added to list: 94616
name added to list: 94617
name added to list: 94618
name added to list: 94619
name added to list: 94620
name added to list: 94621
name added to list: 94622
name added to list: 94623
name added to list: 94624
name added to list: 94625
name added to list: 94626
name added to list: 94627
name added to list: 94628
name added to list: 94629
name added to list: 94630
name added to list: 94631
name added to list: 94632
name added to list: 94633
name added to list: 94634
name added to list: 94635
name added to list: 94636
name added to list: 94637
name added to list: 94638
name added to list: 94639
name added to list: 94640
name added to list: 94641
name added to list: 94642
name added to list: 94643
name added to list: 94644
name added to list: 94645
name added to list: 94646
name added to list: 94647
name added to list: 94648
name added to list: 94649
name added to list: 94650
name added to list: 94651
name added to list: 94652
name added to list: 94653
name added to list: 94654
name added to list: 94655
name added to list: 94656
name added to list: 94657
name added to list: 94658
name added to list: 94659
name added to list: 94660
name added to list: 94661
name added to list: 94662
name added to list: 94663
name added to list: 94664
name added to list: 94665
name added to list: 94666
name added to list: 94667
name added to list: 94668
name added to list: 94669
name added to list: 94670
name added to list: 94671
name added to list: 94672
name added to list: 94673
name added to list: 94674
name added to list: 94675
name added to list: 94676
name added to list: 94677
name added to list: 94678
name added to list: 94679
name added to list: 94680
name added to list: 94681
name added to list: 94682
name added to list: 94683
name added to list: 94684
name added to list: 94685
name added to list: 94686
name added to list: 94687
name added to list: 94688
name added to list: 94689
name added to list: 94690
name added to list: 94691
name added to list: 94692
name added to list: 94693
name added to list: 94694
name added to list: 94695
name added to list: 94696
name added to list: 94697
name added to list: 94698
name added to list: 94699
name added to list: 94700
name added to list: 94701
name added to list: 94702
name added to list: 94703
name added to list: 94704
name added to list: 94705
name added to list: 94706
name added to list: 94707
name added to list: 94708
name added to list: 94709
name added to list: 94710
name added to list: 94711
name added to list: 94712
name added to list: 94713
name added to list: 94714
name added to list: 94715
name added to list: 94716
name added to list: 94717
name added to list: 94718
name added to list: 94719
name added to list: 94720
name added to list: 94721
name added to list: 94722
name added to list: 94723
name added to list: 94724
name added to list: 94725
name added to list: 94726
name added to list: 94727
name added to list: 94728
name added to list: 94729
name added to list: 94730
name added to list: 94731
name added to list: 94732
name added to list: 94733
name added to list: 94734
name added to list: 94735
name added to list: 94736
name added to list: 94737
name added to list: 94738
name added to list: 94739
name added to list: 94740
name added to list: 94741
name added to list: 94742
name added to list: 94743
name added to list: 94744
name added to list: 94745
name added to list: 94746
name added to list: 94747
name added to list: 94748
name added to list: 94749
name added to list: 94750
name added to list: 94751
name added to list: 94752
name added to list: 94753
name added to list: 94754
name added to list: 94755
name added to list: 94756
name added to list: 94757
name added to list: 94758
name added to list: 94759
name added to list: 94760
name added to list: 94761
name added to list: 94762
name added to list: 94763
name added to list: 94764
name added to list: 94765
name added to list: 94766
name added to list: 94767
name added to list: 94768
name added to list: 94769
name added to list: 94770
name added to list: 94771
name added to list: 94772
name added to list: 94773
name added to list: 94774
name added to list: 94775
name added to list: 94776
name added to list: 94777
name added to list: 94778
name added to list: 94779
name added to list: 94780
name added to list: 94781
name added to list: 94782
name added to list: 94783
name added to list: 94784
name added to list: 94785
name added to list: 94786
name added to list: 94787
name added to list: 94788
name added to list: 94789
name added to list: 94790
name added to list: 94791
name added to list: 94792
name added to list: 94793
name added to list: 94794
name added to list: 94795
name added to list: 94796
name added to list: 94797
name added to list: 94798
name added to list: 94799
name added to list: 94800
name added to list: 94801
name added to list: 94802
name added to list: 94803
name added to list: 94804
name added to list: 94805
name added to list: 94806
name added to list: 94807
name added to list: 94808
name added to list: 94809
name added to list: 94810
name added to list: 94811
name added to list: 94812
name added to list: 94813
name added to list: 94814
name added to list: 94815
name added to list: 94816
name added to list: 94817
name added to list: 94818
name added to list: 94819
name added to list: 94820
name added to list: 94821
name added to list: 94822
name added to list: 94823
name added to list: 94824
name added to list: 94825
name added to list: 94826
name added to list: 94827
name added to list: 94828
name added to list: 94829
name added to list: 94830
name added to list: 94831
name added to list: 94832
name added to list: 94833
name added to list: 94834
name added to list: 94835
name added to list: 94836
name added to list: 94837
name added to list: 94838
name added to list: 94839
name added to list: 94840
name added to list: 94841
name added to list: 94842
name added to list: 94843
name added to list: 94844
name added to list: 94845
name added to list: 94846
name added to list: 94847
name added to list: 94848
name added to list: 94849
name added to list: 94850
name added to list: 94851
name added to list: 94852
name added to list: 94853
name added to list: 94854
name added to list: 94855
name added to list: 94856
name added to list: 94857
name added to list: 94858
name added to list: 94859
name added to list: 94860
name added to list: 94861
name added to list: 94862
name added to list: 94863
name added to list: 94864
name added to list: 94865
name added to list: 94866
name added to list: 94867
name added to list: 94868
name added to list: 94869
name added to list: 94870
name added to list: 94871
name added to list: 94872
name added to list: 94873
name added to list: 94874
name added to list: 94875
name added to list: 94876
name added to list: 94877
name added to list: 94878
name added to list: 94879
name added to list: 94880
name added to list: 94881
name added to list: 94882
name added to list: 94883
name added to list: 94884
name added to list: 94885
name added to list: 94886
name added to list: 94887
name added to list: 94888
name added to list: 94889
name added to list: 94890
name added to list: 94891
name added to list: 94892
name added to list: 94893
name added to list: 94894
name added to list: 94895
name added to list: 94896
name added to list: 94897
name added to list: 94898
name added to list: 94899
name added to list: 94900
name added to list: 94901
name added to list: 94902
name added to list: 94903
name added to list: 94904
name added to list: 94905
name added to list: 94906
name added to list: 94907
name added to list: 94908
name added to list: 94909
name added to list: 94910
name added to list: 94911
name added to list: 94912
name added to list: 94913
name added to list: 94914
name added to list: 94915
name added to list: 94916
name added to list: 94917
name added to list: 94918
name added to list: 94919
name added to list: 94920
name added to list: 94921
name added to list: 94922
name added to list: 94923
name added to list: 94924
name added to list: 94925
name added to list: 94926
name added to list: 94927
name added to list: 94928
name added to list: 94929
name added to list: 94930
name added to list: 94931
name added to list: 94932
name added to list: 94933
name added to list: 94934
name added to list: 94935
name added to list: 94936
name added to list: 94937
name added to list: 94938
name added to list: 94939
name added to list: 94940
name added to list: 94941
name added to list: 94942
name added to list: 94943
name added to list: 94944
name added to list: 94945
name added to list: 94946
name added to list: 94947
name added to list: 94948
name added to list: 94949
name added to list: 94950
name added to list: 94951
name added to list: 94952
name added to list: 94953
name added to list: 94954
name added to list: 94955
name added to list: 94956
name added to list: 94957
name added to list: 94958
name added to list: 94959
name added to list: 94960
name added to list: 94961
name added to list: 94962
name added to list: 94963
name added to list: 94964
name added to list: 94965
name added to list: 94966
name added to list: 94967
name added to list: 94968
name added to list: 94969
name added to list: 94970
name added to list: 94971
name added to list: 94972
name added to list: 94973
name added to list: 94974
name added to list: 94975
name added to list: 94976
name added to list: 94977
name added to list: 94978
name added to list: 94979
name added to list: 94980
name added to list: 94981
name added to list: 94982
name added to list: 94983
name added to list: 94984
name added to list: 94985
name added to list: 94986
name added to list: 94987
name added to list: 94988
name added to list: 94989
name added to list: 94990
name added to list: 94991
name added to list: 94992
name added to list: 94993
name added to list: 94994
name added to list: 94995
name added to list: 94996
name added to list: 94997
name added to list: 94998
name added to list: 94999
name added to list: 95000
name added to list: 95001
name added to list: 95002
name added to list: 95003
name added to list: 95004
name added to list: 95005
name added to list: 95006
name added to list: 95007
name added to list: 95008
name added to list: 95009
name added to list: 95010
name added to list: 95011
name added to list: 95012
name added to list: 95013
name added to list: 95014
name added to list: 95015
name added to list: 95016
name added to list: 95017
name added to list: 95018
name added to list: 95019
name added to list: 95020
name added to list: 95021
name added to list: 95022
name added to list: 95023
name added to list: 95024
name added to list: 95025
name added to list: 95026
name added to list: 95027
name added to list: 95028
name added to list: 95029
name added to list: 95030
name added to list: 95031
name added to list: 95032
name added to list: 95033
name added to list: 95034
name added to list: 95035
name added to list: 95036
name added to list: 95037
name added to list: 95038
name added to list: 95039
name added to list: 95040
name added to list: 95041
name added to list: 95042
name added to list: 95043
name added to list: 95044
name added to list: 95045
name added to list: 95046
name added to list: 95047
name added to list: 95048
name added to list: 95049
name added to list: 95050
name added to list: 95051
name added to list: 95052
name added to list: 95053
name added to list: 95054
name added to list: 95055
name added to list: 95056
name added to list: 95057
name added to list: 95058
name added to list: 95059
name added to list: 95060
name added to list: 95061
name added to list: 95062
name added to list: 95063
name added to list: 95064
name added to list: 95065
name added to list: 95066
name added to list: 95067
name added to list: 95068
name added to list: 95069
name added to list: 95070
name added to list: 95071
name added to list: 95072
name added to list: 95073
name added to list: 95074
name added to list: 95075
name added to list: 95076
name added to list: 95077
name added to list: 95078
name added to list: 95079
name added to list: 95080
name added to list: 95081
name added to list: 95082
name added to list: 95083
name added to list: 95084
name added to list: 95085
name added to list: 95086
name added to list: 95087
name added to list: 95088
name added to list: 95089
name added to list: 95090
name added to list: 95091
name added to list: 95092
name added to list: 95093
name added to list: 95094
name added to list: 95095
name added to list: 95096
name added to list: 95097
name added to list: 95098
name added to list: 95099
name added to list: 95100
name added to list: 95101
name added to list: 95102
name added to list: 95103
name added to list: 95104
name added to list: 95105
name added to list: 95106
name added to list: 95107
name added to list: 95108
name added to list: 95109
name added to list: 95110
name added to list: 95111
name added to list: 95112
name added to list: 95113
name added to list: 95114
name added to list: 95115
name added to list: 95116
name added to list: 95117
name added to list: 95118
name added to list: 95119
name added to list: 95120
name added to list: 95121
name added to list: 95122
name added to list: 95123
name added to list: 95124
name added to list: 95125
name added to list: 95126
name added to list: 95127
name added to list: 95128
name added to list: 95129
name added to list: 95130
name added to list: 95131
name added to list: 95132
name added to list: 95133
name added to list: 95134
name added to list: 95135
name added to list: 95136
name added to list: 95137
name added to list: 95138
name added to list: 95139
name added to list: 95140
name added to list: 95141
name added to list: 95142
name added to list: 95143
name added to list: 95144
name added to list: 95145
name added to list: 95146
name added to list: 95147
name added to list: 95148
name added to list: 95149
name added to list: 95150
name added to list: 95151
name added to list: 95152
name added to list: 95153
name added to list: 95154
name added to list: 95155
name added to list: 95156
name added to list: 95157
name added to list: 95158
name added to list: 95159
name added to list: 95160
name added to list: 95161
name added to list: 95162
name added to list: 95163
name added to list: 95164
name added to list: 95165
name added to list: 95166
name added to list: 95167
name added to list: 95168
name added to list: 95169
name added to list: 95170
name added to list: 95171
name added to list: 95172
name added to list: 95173
name added to list: 95174
name added to list: 95175
name added to list: 95176
name added to list: 95177
name added to list: 95178
name added to list: 95179
name added to list: 95180
name added to list: 95181
name added to list: 95182
name added to list: 95183
name added to list: 95184
name added to list: 95185
name added to list: 95186
name added to list: 95187
name added to list: 95188
name added to list: 95189
name added to list: 95190
name added to list: 95191
name added to list: 95192
name added to list: 95193
name added to list: 95194
name added to list: 95195
name added to list: 95196
name added to list: 95197
name added to list: 95198
name added to list: 95199
name added to list: 95200
name added to list: 95201
name added to list: 95202
name added to list: 95203
name added to list: 95204
name added to list: 95205
name added to list: 95206
name added to list: 95207
name added to list: 95208
name added to list: 95209
name added to list: 95210
name added to list: 95211
name added to list: 95212
name added to list: 95213
name added to list: 95214
name added to list: 95215
name added to list: 95216
name added to list: 95217
name added to list: 95218
name added to list: 95219
name added to list: 95220
name added to list: 95221
name added to list: 95222
name added to list: 95223
name added to list: 95224
name added to list: 95225
name added to list: 95226
name added to list: 95227
name added to list: 95228
name added to list: 95229
name added to list: 95230
name added to list: 95231
name added to list: 95232
name added to list: 95233
name added to list: 95234
name added to list: 95235
name added to list: 95236
name added to list: 95237
name added to list: 95238
name added to list: 95239
name added to list: 95240
name added to list: 95241
name added to list: 95242
name added to list: 95243
name added to list: 95244
name added to list: 95245
name added to list: 95246
name added to list: 95247
name added to list: 95248
name added to list: 95249
name added to list: 95250
name added to list: 95251
name added to list: 95252
name added to list: 95253
name added to list: 95254
name added to list: 95255
name added to list: 95256
name added to list: 95257
name added to list: 95258
name added to list: 95259
name added to list: 95260
name added to list: 95261
name added to list: 95262
name added to list: 95263
name added to list: 95264
name added to list: 95265
name added to list: 95266
name added to list: 95267
name added to list: 95268
name added to list: 95269
name added to list: 95270
name added to list: 95271
name added to list: 95272
name added to list: 95273
name added to list: 95274
name added to list: 95275
name added to list: 95276
name added to list: 95277
name added to list: 95278
name added to list: 95279
name added to list: 95280
name added to list: 95281
name added to list: 95282
name added to list: 95283
name added to list: 95284
name added to list: 95285
name added to list: 95286
name added to list: 95287
name added to list: 95288
name added to list: 95289
name added to list: 95290
name added to list: 95291
name added to list: 95292
name added to list: 95293
name added to list: 95294
name added to list: 95295
name added to list: 95296
name added to list: 95297
name added to list: 95298
name added to list: 95299
name added to list: 95300
name added to list: 95301
name added to list: 95302
name added to list: 95303
name added to list: 95304
name added to list: 95305
name added to list: 95306
name added to list: 95307
name added to list: 95308
name added to list: 95309
name added to list: 95310
name added to list: 95311
name added to list: 95312
name added to list: 95313
name added to list: 95314
name added to list: 95315
name added to list: 95316
name added to list: 95317
name added to list: 95318
name added to list: 95319
name added to list: 95320
name added to list: 95321
name added to list: 95322
name added to list: 95323
name added to list: 95324
name added to list: 95325
name added to list: 95326
name added to list: 95327
name added to list: 95328
name added to list: 95329
name added to list: 95330
name added to list: 95331
name added to list: 95332
name added to list: 95333
name added to list: 95334
name added to list: 95335
name added to list: 95336
name added to list: 95337
name added to list: 95338
name added to list: 95339
name added to list: 95340
name added to list: 95341
name added to list: 95342
name added to list: 95343
name added to list: 95344
name added to list: 95345
name added to list: 95346
name added to list: 95347
name added to list: 95348
name added to list: 95349
name added to list: 95350
name added to list: 95351
name added to list: 95352
name added to list: 95353
name added to list: 95354
name added to list: 95355
name added to list: 95356
name added to list: 95357
name added to list: 95358
name added to list: 95359
name added to list: 95360
name added to list: 95361
name added to list: 95362
name added to list: 95363
name added to list: 95364
name added to list: 95365
name added to list: 95366
name added to list: 95367
name added to list: 95368
name added to list: 95369
name added to list: 95370
name added to list: 95371
name added to list: 95372
name added to list: 95373
name added to list: 95374
name added to list: 95375
name added to list: 95376
name added to list: 95377
name added to list: 95378
name added to list: 95379
name added to list: 95380
name added to list: 95381
name added to list: 95382
name added to list: 95383
name added to list: 95384
name added to list: 95385
name added to list: 95386
name added to list: 95387
name added to list: 95388
name added to list: 95389
name added to list: 95390
name added to list: 95391
name added to list: 95392
name added to list: 95393
name added to list: 95394
name added to list: 95395
name added to list: 95396
name added to list: 95397
name added to list: 95398
name added to list: 95399
name added to list: 95400
name added to list: 95401
name added to list: 95402
name added to list: 95403
name added to list: 95404
name added to list: 95405
name added to list: 95406
name added to list: 95407
name added to list: 95408
name added to list: 95409
name added to list: 95410
name added to list: 95411
name added to list: 95412
name added to list: 95413
name added to list: 95414
name added to list: 95415
name added to list: 95416
name added to list: 95417
name added to list: 95418
name added to list: 95419
name added to list: 95420
name added to list: 95421
name added to list: 95422
name added to list: 95423
name added to list: 95424
name added to list: 95425
name added to list: 95426
name added to list: 95427
name added to list: 95428
name added to list: 95429
name added to list: 95430
name added to list: 95431
name added to list: 95432
name added to list: 95433
name added to list: 95434
name added to list: 95435
name added to list: 95436
name added to list: 95437
name added to list: 95438
name added to list: 95439
name added to list: 95440
name added to list: 95441
name added to list: 95442
name added to list: 95443
name added to list: 95444
name added to list: 95445
name added to list: 95446
name added to list: 95447
name added to list: 95448
name added to list: 95449
name added to list: 95450
name added to list: 95451
name added to list: 95452
name added to list: 95453
name added to list: 95454
name added to list: 95455
name added to list: 95456
name added to list: 95457
name added to list: 95458
name added to list: 95459
name added to list: 95460
name added to list: 95461
name added to list: 95462
name added to list: 95463
name added to list: 95464
name added to list: 95465
name added to list: 95466
name added to list: 95467
name added to list: 95468
name added to list: 95469
name added to list: 95470
name added to list: 95471
name added to list: 95472
name added to list: 95473
name added to list: 95474
name added to list: 95475
name added to list: 95476
name added to list: 95477
name added to list: 95478
name added to list: 95479
name added to list: 95480
name added to list: 95481
name added to list: 95482
name added to list: 95483
name added to list: 95484
name added to list: 95485
name added to list: 95486
name added to list: 95487
name added to list: 95488
name added to list: 95489
name added to list: 95490
name added to list: 95491
name added to list: 95492
name added to list: 95493
name added to list: 95494
name added to list: 95495
name added to list: 95496
name added to list: 95497
name added to list: 95498
name added to list: 95499
name added to list: 95500
name added to list: 95501
name added to list: 95502
name added to list: 95503
name added to list: 95504
name added to list: 95505
name added to list: 95506
name added to list: 95507
name added to list: 95508
name added to list: 95509
name added to list: 95510
name added to list: 95511
name added to list: 95512
name added to list: 95513
name added to list: 95514
name added to list: 95515
name added to list: 95516
name added to list: 95517
name added to list: 95518
name added to list: 95519
name added to list: 95520
name added to list: 95521
name added to list: 95522
name added to list: 95523
name added to list: 95524
name added to list: 95525
name added to list: 95526
name added to list: 95527
name added to list: 95528
name added to list: 95529
name added to list: 95530
name added to list: 95531
name added to list: 95532
name added to list: 95533
name added to list: 95534
name added to list: 95535
name added to list: 95536
name added to list: 95537
name added to list: 95538
name added to list: 95539
name added to list: 95540
name added to list: 95541
name added to list: 95542
name added to list: 95543
name added to list: 95544
name added to list: 95545
name added to list: 95546
name added to list: 95547
name added to list: 95548
name added to list: 95549
name added to list: 95550
name added to list: 95551
name added to list: 95552
name added to list: 95553
name added to list: 95554
name added to list: 95555
name added to list: 95556
name added to list: 95557
name added to list: 95558
name added to list: 95559
name added to list: 95560
name added to list: 95561
name added to list: 95562
name added to list: 95563
name added to list: 95564
name added to list: 95565
name added to list: 95566
name added to list: 95567
name added to list: 95568
name added to list: 95569
name added to list: 95570
name added to list: 95571
name added to list: 95572
name added to list: 95573
name added to list: 95574
name added to list: 95575
name added to list: 95576
name added to list: 95577
name added to list: 95578
name added to list: 95579
name added to list: 95580
name added to list: 95581
name added to list: 95582
name added to list: 95583
name added to list: 95584
name added to list: 95585
name added to list: 95586
name added to list: 95587
name added to list: 95588
name added to list: 95589
name added to list: 95590
name added to list: 95591
name added to list: 95592
name added to list: 95593
name added to list: 95594
name added to list: 95595
name added to list: 95596
name added to list: 95597
name added to list: 95598
name added to list: 95599
name added to list: 95600
name added to list: 95601
name added to list: 95602
name added to list: 95603
name added to list: 95604
name added to list: 95605
name added to list: 95606
name added to list: 95607
name added to list: 95608
name added to list: 95609
name added to list: 95610
name added to list: 95611
name added to list: 95612
name added to list: 95613
name added to list: 95614
name added to list: 95615
name added to list: 95616
name added to list: 95617
name added to list: 95618
name added to list: 95619
name added to list: 95620
name added to list: 95621
name added to list: 95622
name added to list: 95623
name added to list: 95624
name added to list: 95625
name added to list: 95626
name added to list: 95627
name added to list: 95628
name added to list: 95629
name added to list: 95630
name added to list: 95631
name added to list: 95632
name added to list: 95633
name added to list: 95634
name added to list: 95635
name added to list: 95636
name added to list: 95637
name added to list: 95638
name added to list: 95639
name added to list: 95640
name added to list: 95641
name added to list: 95642
name added to list: 95643
name added to list: 95644
name added to list: 95645
name added to list: 95646
name added to list: 95647
name added to list: 95648
name added to list: 95649
name added to list: 95650
name added to list: 95651
name added to list: 95652
name added to list: 95653
name added to list: 95654
name added to list: 95655
name added to list: 95656
name added to list: 95657
name added to list: 95658
name added to list: 95659
name added to list: 95660
name added to list: 95661
name added to list: 95662
name added to list: 95663
name added to list: 95664
name added to list: 95665
name added to list: 95666
name added to list: 95667
name added to list: 95668
name added to list: 95669
name added to list: 95670
name added to list: 95671
name added to list: 95672
name added to list: 95673
name added to list: 95674
name added to list: 95675
name added to list: 95676
name added to list: 95677
name added to list: 95678
name added to list: 95679
name added to list: 95680
name added to list: 95681
name added to list: 95682
name added to list: 95683
name added to list: 95684
name added to list: 95685
name added to list: 95686
name added to list: 95687
name added to list: 95688
name added to list: 95689
name added to list: 95690
name added to list: 95691
name added to list: 95692
name added to list: 95693
name added to list: 95694
name added to list: 95695
name added to list: 95696
name added to list: 95697
name added to list: 95698
name added to list: 95699
name added to list: 95700
name added to list: 95701
name added to list: 95702
name added to list: 95703
name added to list: 95704
name added to list: 95705
name added to list: 95706
name added to list: 95707
name added to list: 95708
name added to list: 95709
name added to list: 95710
name added to list: 95711
name added to list: 95712
name added to list: 95713
name added to list: 95714
name added to list: 95715
name added to list: 95716
name added to list: 95717
name added to list: 95718
name added to list: 95719
name added to list: 95720
name added to list: 95721
name added to list: 95722
name added to list: 95723
name added to list: 95724
name added to list: 95725
name added to list: 95726
name added to list: 95727
name added to list: 95728
name added to list: 95729
name added to list: 95730
name added to list: 95731
name added to list: 95732
name added to list: 95733
name added to list: 95734
name added to list: 95735
name added to list: 95736
name added to list: 95737
name added to list: 95738
name added to list: 95739
name added to list: 95740
name added to list: 95741
name added to list: 95742
name added to list: 95743
name added to list: 95744
name added to list: 95745
name added to list: 95746
name added to list: 95747
name added to list: 95748
name added to list: 95749
name added to list: 95750
name added to list: 95751
name added to list: 95752
name added to list: 95753
name added to list: 95754
name added to list: 95755
name added to list: 95756
name added to list: 95757
name added to list: 95758
name added to list: 95759
name added to list: 95760
name added to list: 95761
name added to list: 95762
name added to list: 95763
name added to list: 95764
name added to list: 95765
name added to list: 95766
name added to list: 95767
name added to list: 95768
name added to list: 95769
name added to list: 95770
name added to list: 95771
name added to list: 95772
name added to list: 95773
name added to list: 95774
name added to list: 95775
name added to list: 95776
name added to list: 95777
name added to list: 95778
name added to list: 95779
name added to list: 95780
name added to list: 95781
name added to list: 95782
name added to list: 95783
name added to list: 95784
name added to list: 95785
name added to list: 95786
name added to list: 95787
name added to list: 95788
name added to list: 95789
name added to list: 95790
name added to list: 95791
name added to list: 95792
name added to list: 95793
name added to list: 95794
name added to list: 95795
name added to list: 95796
name added to list: 95797
name added to list: 95798
name added to list: 95799
name added to list: 95800
name added to list: 95801
name added to list: 95802
name added to list: 95803
name added to list: 95804
name added to list: 95805
name added to list: 95806
name added to list: 95807
name added to list: 95808
name added to list: 95809
name added to list: 95810
name added to list: 95811
name added to list: 95812
name added to list: 95813
name added to list: 95814
name added to list: 95815
name added to list: 95816
name added to list: 95817
name added to list: 95818
name added to list: 95819
name added to list: 95820
name added to list: 95821
name added to list: 95822
name added to list: 95823
name added to list: 95824
name added to list: 95825
name added to list: 95826
name added to list: 95827
name added to list: 95828
name added to list: 95829
name added to list: 95830
name added to list: 95831
name added to list: 95832
name added to list: 95833
name added to list: 95834
name added to list: 95835
name added to list: 95836
name added to list: 95837
name added to list: 95838
name added to list: 95839
name added to list: 95840
name added to list: 95841
name added to list: 95842
name added to list: 95843
name added to list: 95844
name added to list: 95845
name added to list: 95846
name added to list: 95847
name added to list: 95848
name added to list: 95849
name added to list: 95850
name added to list: 95851
name added to list: 95852
name added to list: 95853
name added to list: 95854
name added to list: 95855
name added to list: 95856
name added to list: 95857
name added to list: 95858
name added to list: 95859
name added to list: 95860
name added to list: 95861
name added to list: 95862
name added to list: 95863
name added to list: 95864
name added to list: 95865
name added to list: 95866
name added to list: 95867
name added to list: 95868
name added to list: 95869
name added to list: 95870
name added to list: 95871
name added to list: 95872
name added to list: 95873
name added to list: 95874
name added to list: 95875
name added to list: 95876
name added to list: 95877
name added to list: 95878
name added to list: 95879
name added to list: 95880
name added to list: 95881
name added to list: 95882
name added to list: 95883
name added to list: 95884
name added to list: 95885
name added to list: 95886
name added to list: 95887
name added to list: 95888
name added to list: 95889
name added to list: 95890
name added to list: 95891
name added to list: 95892
name added to list: 95893
name added to list: 95894
name added to list: 95895
name added to list: 95896
name added to list: 95897
name added to list: 95898
name added to list: 95899
name added to list: 95900
name added to list: 95901
name added to list: 95902
name added to list: 95903
name added to list: 95904
name added to list: 95905
name added to list: 95906
name added to list: 95907
name added to list: 95908
name added to list: 95909
name added to list: 95910
name added to list: 95911
name added to list: 95912
name added to list: 95913
name added to list: 95914
name added to list: 95915
name added to list: 95916
name added to list: 95917
name added to list: 95918
name added to list: 95919
name added to list: 95920
name added to list: 95921
name added to list: 95922
name added to list: 95923
name added to list: 95924
name added to list: 95925
name added to list: 95926
name added to list: 95927
name added to list: 95928
name added to list: 95929
name added to list: 95930
name added to list: 95931
name added to list: 95932
name added to list: 95933
name added to list: 95934
name added to list: 95935
name added to list: 95936
name added to list: 95937
name added to list: 95938
name added to list: 95939
name added to list: 95940
name added to list: 95941
name added to list: 95942
name added to list: 95943
name added to list: 95944
name added to list: 95945
name added to list: 95946
name added to list: 95947
name added to list: 95948
name added to list: 95949
name added to list: 95950
name added to list: 95951
name added to list: 95952
name added to list: 95953
name added to list: 95954
name added to list: 95955
name added to list: 95956
name added to list: 95957
name added to list: 95958
name added to list: 95959
name added to list: 95960
name added to list: 95961
name added to list: 95962
name added to list: 95963
name added to list: 95964
name added to list: 95965
name added to list: 95966
name added to list: 95967
name added to list: 95968
name added to list: 95969
name added to list: 95970
name added to list: 95971
name added to list: 95972
name added to list: 95973
name added to list: 95974
name added to list: 95975
name added to list: 95976
name added to list: 95977
name added to list: 95978
name added to list: 95979
name added to list: 95980
name added to list: 95981
name added to list: 95982
name added to list: 95983
name added to list: 95984
name added to list: 95985
name added to list: 95986
name added to list: 95987
name added to list: 95988
name added to list: 95989
name added to list: 95990
name added to list: 95991
name added to list: 95992
name added to list: 95993
name added to list: 95994
name added to list: 95995
name added to list: 95996
name added to list: 95997
name added to list: 95998
name added to list: 95999
name added to list: 96000
name added to list: 96001
name added to list: 96002
name added to list: 96003
name added to list: 96004
name added to list: 96005
name added to list: 96006
name added to list: 96007
name added to list: 96008
name added to list: 96009
name added to list: 96010
name added to list: 96011
name added to list: 96012
name added to list: 96013
name added to list: 96014
name added to list: 96015
name added to list: 96016
name added to list: 96017
name added to list: 96018
name added to list: 96019
name added to list: 96020
name added to list: 96021
name added to list: 96022
name added to list: 96023
name added to list: 96024
name added to list: 96025
name added to list: 96026
name added to list: 96027
name added to list: 96028
name added to list: 96029
name added to list: 96030
name added to list: 96031
name added to list: 96032
name added to list: 96033
name added to list: 96034
name added to list: 96035
name added to list: 96036
name added to list: 96037
name added to list: 96038
name added to list: 96039
name added to list: 96040
name added to list: 96041
name added to list: 96042
name added to list: 96043
name added to list: 96044
name added to list: 96045
name added to list: 96046
name added to list: 96047
name added to list: 96048
name added to list: 96049
name added to list: 96050
name added to list: 96051
name added to list: 96052
name added to list: 96053
name added to list: 96054
name added to list: 96055
name added to list: 96056
name added to list: 96057
name added to list: 96058
name added to list: 96059
name added to list: 96060
name added to list: 96061
name added to list: 96062
name added to list: 96063
name added to list: 96064
name added to list: 96065
name added to list: 96066
name added to list: 96067
name added to list: 96068
name added to list: 96069
name added to list: 96070
name added to list: 96071
name added to list: 96072
name added to list: 96073
name added to list: 96074
name added to list: 96075
name added to list: 96076
name added to list: 96077
name added to list: 96078
name added to list: 96079
name added to list: 96080
name added to list: 96081
name added to list: 96082
name added to list: 96083
name added to list: 96084
name added to list: 96085
name added to list: 96086
name added to list: 96087
name added to list: 96088
name added to list: 96089
name added to list: 96090
name added to list: 96091
name added to list: 96092
name added to list: 96093
name added to list: 96094
name added to list: 96095
name added to list: 96096
name added to list: 96097
name added to list: 96098
name added to list: 96099
name added to list: 96100
name added to list: 96101
name added to list: 96102
name added to list: 96103
name added to list: 96104
name added to list: 96105
name added to list: 96106
name added to list: 96107
name added to list: 96108
name added to list: 96109
name added to list: 96110
name added to list: 96111
name added to list: 96112
name added to list: 96113
name added to list: 96114
name added to list: 96115
name added to list: 96116
name added to list: 96117
name added to list: 96118
name added to list: 96119
name added to list: 96120
name added to list: 96121
name added to list: 96122
name added to list: 96123
name added to list: 96124
name added to list: 96125
name added to list: 96126
name added to list: 96127
name added to list: 96128
name added to list: 96129
name added to list: 96130
name added to list: 96131
name added to list: 96132
name added to list: 96133
name added to list: 96134
name added to list: 96135
name added to list: 96136
name added to list: 96137
name added to list: 96138
name added to list: 96139
name added to list: 96140
name added to list: 96141
name added to list: 96142
name added to list: 96143
name added to list: 96144
name added to list: 96145
name added to list: 96146
name added to list: 96147
name added to list: 96148
name added to list: 96149
name added to list: 96150
name added to list: 96151
name added to list: 96152
name added to list: 96153
name added to list: 96154
name added to list: 96155
name added to list: 96156
name added to list: 96157
name added to list: 96158
name added to list: 96159
name added to list: 96160
name added to list: 96161
name added to list: 96162
name added to list: 96163
name added to list: 96164
name added to list: 96165
name added to list: 96166
name added to list: 96167
name added to list: 96168
name added to list: 96169
name added to list: 96170
name added to list: 96171
name added to list: 96172
name added to list: 96173
name added to list: 96174
name added to list: 96175
name added to list: 96176
name added to list: 96177
name added to list: 96178
name added to list: 96179
name added to list: 96180
name added to list: 96181
name added to list: 96182
name added to list: 96183
name added to list: 96184
name added to list: 96185
name added to list: 96186
name added to list: 96187
name added to list: 96188
name added to list: 96189
name added to list: 96190
name added to list: 96191
name added to list: 96192
name added to list: 96193
name added to list: 96194
name added to list: 96195
name added to list: 96196
name added to list: 96197
name added to list: 96198
name added to list: 96199
name added to list: 96200
name added to list: 96201
name added to list: 96202
name added to list: 96203
name added to list: 96204
name added to list: 96205
name added to list: 96206
name added to list: 96207
name added to list: 96208
name added to list: 96209
name added to list: 96210
name added to list: 96211
name added to list: 96212
name added to list: 96213
name added to list: 96214
name added to list: 96215
name added to list: 96216
name added to list: 96217
name added to list: 96218
name added to list: 96219
name added to list: 96220
name added to list: 96221
name added to list: 96222
name added to list: 96223
name added to list: 96224
name added to list: 96225
name added to list: 96226
name added to list: 96227
name added to list: 96228
name added to list: 96229
name added to list: 96230
name added to list: 96231
name added to list: 96232
name added to list: 96233
name added to list: 96234
name added to list: 96235
name added to list: 96236
name added to list: 96237
name added to list: 96238
name added to list: 96239
name added to list: 96240
name added to list: 96241
name added to list: 96242
name added to list: 96243
name added to list: 96244
name added to list: 96245
name added to list: 96246
name added to list: 96247
name added to list: 96248
name added to list: 96249
name added to list: 96250
name added to list: 96251
name added to list: 96252
name added to list: 96253
name added to list: 96254
name added to list: 96255
name added to list: 96256
name added to list: 96257
name added to list: 96258
name added to list: 96259
name added to list: 96260
name added to list: 96261
name added to list: 96262
name added to list: 96263
name added to list: 96264
name added to list: 96265
name added to list: 96266
name added to list: 96267
name added to list: 96268
name added to list: 96269
name added to list: 96270
name added to list: 96271
name added to list: 96272
name added to list: 96273
name added to list: 96274
name added to list: 96275
name added to list: 96276
name added to list: 96277
name added to list: 96278
name added to list: 96279
name added to list: 96280
name added to list: 96281
name added to list: 96282
name added to list: 96283
name added to list: 96284
name added to list: 96285
name added to list: 96286
name added to list: 96287
name added to list: 96288
name added to list: 96289
name added to list: 96290
name added to list: 96291
name added to list: 96292
name added to list: 96293
name added to list: 96294
name added to list: 96295
name added to list: 96296
name added to list: 96297
name added to list: 96298
name added to list: 96299
name added to list: 96300
name added to list: 96301
name added to list: 96302
name added to list: 96303
name added to list: 96304
name added to list: 96305
name added to list: 96306
name added to list: 96307
name added to list: 96308
name added to list: 96309
name added to list: 96310
name added to list: 96311
name added to list: 96312
name added to list: 96313
name added to list: 96314
name added to list: 96315
name added to list: 96316
name added to list: 96317
name added to list: 96318
name added to list: 96319
name added to list: 96320
name added to list: 96321
name added to list: 96322
name added to list: 96323
name added to list: 96324
name added to list: 96325
name added to list: 96326
name added to list: 96327
name added to list: 96328
name added to list: 96329
name added to list: 96330
name added to list: 96331
name added to list: 96332
name added to list: 96333
name added to list: 96334
name added to list: 96335
name added to list: 96336
name added to list: 96337
name added to list: 96338
name added to list: 96339
name added to list: 96340
name added to list: 96341
name added to list: 96342
name added to list: 96343
name added to list: 96344
name added to list: 96345
name added to list: 96346
name added to list: 96347
name added to list: 96348
name added to list: 96349
name added to list: 96350
name added to list: 96351
name added to list: 96352
name added to list: 96353
name added to list: 96354
name added to list: 96355
name added to list: 96356
name added to list: 96357
name added to list: 96358
name added to list: 96359
name added to list: 96360
name added to list: 96361
name added to list: 96362
name added to list: 96363
name added to list: 96364
name added to list: 96365
name added to list: 96366
name added to list: 96367
name added to list: 96368
name added to list: 96369
name added to list: 96370
name added to list: 96371
name added to list: 96372
name added to list: 96373
name added to list: 96374
name added to list: 96375
name added to list: 96376
name added to list: 96377
name added to list: 96378
name added to list: 96379
name added to list: 96380
name added to list: 96381
name added to list: 96382
name added to list: 96383
name added to list: 96384
name added to list: 96385
name added to list: 96386
name added to list: 96387
name added to list: 96388
name added to list: 96389
name added to list: 96390
name added to list: 96391
name added to list: 96392
name added to list: 96393
name added to list: 96394
name added to list: 96395
name added to list: 96396
name added to list: 96397
name added to list: 96398
name added to list: 96399
name added to list: 96400
name added to list: 96401
name added to list: 96402
name added to list: 96403
name added to list: 96404
name added to list: 96405
name added to list: 96406
name added to list: 96407
name added to list: 96408
name added to list: 96409
name added to list: 96410
name added to list: 96411
name added to list: 96412
name added to list: 96413
name added to list: 96414
name added to list: 96415
name added to list: 96416
name added to list: 96417
name added to list: 96418
name added to list: 96419
name added to list: 96420
name added to list: 96421
name added to list: 96422
name added to list: 96423
name added to list: 96424
name added to list: 96425
name added to list: 96426
name added to list: 96427
name added to list: 96428
name added to list: 96429
name added to list: 96430
name added to list: 96431
name added to list: 96432
name added to list: 96433
name added to list: 96434
name added to list: 96435
name added to list: 96436
name added to list: 96437
name added to list: 96438
name added to list: 96439
name added to list: 96440
name added to list: 96441
name added to list: 96442
name added to list: 96443
name added to list: 96444
name added to list: 96445
name added to list: 96446
name added to list: 96447
name added to list: 96448
name added to list: 96449
name added to list: 96450
name added to list: 96451
name added to list: 96452
name added to list: 96453
name added to list: 96454
name added to list: 96455
name added to list: 96456
name added to list: 96457
name added to list: 96458
name added to list: 96459
name added to list: 96460
name added to list: 96461
name added to list: 96462
name added to list: 96463
name added to list: 96464
name added to list: 96465
name added to list: 96466
name added to list: 96467
name added to list: 96468
name added to list: 96469
name added to list: 96470
name added to list: 96471
name added to list: 96472
name added to list: 96473
name added to list: 96474
name added to list: 96475
name added to list: 96476
name added to list: 96477
name added to list: 96478
name added to list: 96479
name added to list: 96480
name added to list: 96481
name added to list: 96482
name added to list: 96483
name added to list: 96484
name added to list: 96485
name added to list: 96486
name added to list: 96487
name added to list: 96488
name added to list: 96489
name added to list: 96490
name added to list: 96491
name added to list: 96492
name added to list: 96493
name added to list: 96494
name added to list: 96495
name added to list: 96496
name added to list: 96497
name added to list: 96498
name added to list: 96499
name added to list: 96500
name added to list: 96501
name added to list: 96502
name added to list: 96503
name added to list: 96504
name added to list: 96505
name added to list: 96506
name added to list: 96507
name added to list: 96508
name added to list: 96509
name added to list: 96510
name added to list: 96511
name added to list: 96512
name added to list: 96513
name added to list: 96514
name added to list: 96515
name added to list: 96516
name added to list: 96517
name added to list: 96518
name added to list: 96519
name added to list: 96520
name added to list: 96521
name added to list: 96522
name added to list: 96523
name added to list: 96524
name added to list: 96525
name added to list: 96526
name added to list: 96527
name added to list: 96528
name added to list: 96529
name added to list: 96530
name added to list: 96531
name added to list: 96532
name added to list: 96533
name added to list: 96534
name added to list: 96535
name added to list: 96536
name added to list: 96537
name added to list: 96538
name added to list: 96539
name added to list: 96540
name added to list: 96541
name added to list: 96542
name added to list: 96543
name added to list: 96544
name added to list: 96545
name added to list: 96546
name added to list: 96547
name added to list: 96548
name added to list: 96549
name added to list: 96550
name added to list: 96551
name added to list: 96552
name added to list: 96553
name added to list: 96554
name added to list: 96555
name added to list: 96556
name added to list: 96557
name added to list: 96558
name added to list: 96559
name added to list: 96560
name added to list: 96561
name added to list: 96562
name added to list: 96563
name added to list: 96564
name added to list: 96565
name added to list: 96566
name added to list: 96567
name added to list: 96568
name added to list: 96569
name added to list: 96570
name added to list: 96571
name added to list: 96572
name added to list: 96573
name added to list: 96574
name added to list: 96575
name added to list: 96576
name added to list: 96577
name added to list: 96578
name added to list: 96579
name added to list: 96580
name added to list: 96581
name added to list: 96582
name added to list: 96583
name added to list: 96584
name added to list: 96585
name added to list: 96586
name added to list: 96587
name added to list: 96588
name added to list: 96589
name added to list: 96590
name added to list: 96591
name added to list: 96592
name added to list: 96593
name added to list: 96594
name added to list: 96595
name added to list: 96596
name added to list: 96597
name added to list: 96598
name added to list: 96599
name added to list: 96600
name added to list: 96601
name added to list: 96602
name added to list: 96603
name added to list: 96604
name added to list: 96605
name added to list: 96606
name added to list: 96607
name added to list: 96608
name added to list: 96609
name added to list: 96610
name added to list: 96611
name added to list: 96612
name added to list: 96613
name added to list: 96614
name added to list: 96615
name added to list: 96616
name added to list: 96617
name added to list: 96618
name added to list: 96619
name added to list: 96620
name added to list: 96621
name added to list: 96622
name added to list: 96623
name added to list: 96624
name added to list: 96625
name added to list: 96626
name added to list: 96627
name added to list: 96628
name added to list: 96629
name added to list: 96630
name added to list: 96631
name added to list: 96632
name added to list: 96633
name added to list: 96634
name added to list: 96635
name added to list: 96636
name added to list: 96637
name added to list: 96638
name added to list: 96639
name added to list: 96640
name added to list: 96641
name added to list: 96642
name added to list: 96643
name added to list: 96644
name added to list: 96645
name added to list: 96646
name added to list: 96647
name added to list: 96648
name added to list: 96649
name added to list: 96650
name added to list: 96651
name added to list: 96652
name added to list: 96653
name added to list: 96654
name added to list: 96655
name added to list: 96656
name added to list: 96657
name added to list: 96658
name added to list: 96659
name added to list: 96660
name added to list: 96661
name added to list: 96662
name added to list: 96663
name added to list: 96664
name added to list: 96665
name added to list: 96666
name added to list: 96667
name added to list: 96668
name added to list: 96669
name added to list: 96670
name added to list: 96671
name added to list: 96672
name added to list: 96673
name added to list: 96674
name added to list: 96675
name added to list: 96676
name added to list: 96677
name added to list: 96678
name added to list: 96679
name added to list: 96680
name added to list: 96681
name added to list: 96682
name added to list: 96683
name added to list: 96684
name added to list: 96685
name added to list: 96686
name added to list: 96687
name added to list: 96688
name added to list: 96689
name added to list: 96690
name added to list: 96691
name added to list: 96692
name added to list: 96693
name added to list: 96694
name added to list: 96695
name added to list: 96696
name added to list: 96697
name added to list: 96698
name added to list: 96699
name added to list: 96700
name added to list: 96701
name added to list: 96702
name added to list: 96703
name added to list: 96704
name added to list: 96705
name added to list: 96706
name added to list: 96707
name added to list: 96708
name added to list: 96709
name added to list: 96710
name added to list: 96711
name added to list: 96712
name added to list: 96713
name added to list: 96714
name added to list: 96715
name added to list: 96716
name added to list: 96717
name added to list: 96718
name added to list: 96719
name added to list: 96720
name added to list: 96721
name added to list: 96722
name added to list: 96723
name added to list: 96724
name added to list: 96725
name added to list: 96726
name added to list: 96727
name added to list: 96728
name added to list: 96729
name added to list: 96730
name added to list: 96731
name added to list: 96732
name added to list: 96733
name added to list: 96734
name added to list: 96735
name added to list: 96736
name added to list: 96737
name added to list: 96738
name added to list: 96739
name added to list: 96740
name added to list: 96741
name added to list: 96742
name added to list: 96743
name added to list: 96744
name added to list: 96745
name added to list: 96746
name added to list: 96747
name added to list: 96748
name added to list: 96749
name added to list: 96750
name added to list: 96751
name added to list: 96752
name added to list: 96753
name added to list: 96754
name added to list: 96755
name added to list: 96756
name added to list: 96757
name added to list: 96758
name added to list: 96759
name added to list: 96760
name added to list: 96761
name added to list: 96762
name added to list: 96763
name added to list: 96764
name added to list: 96765
name added to list: 96766
name added to list: 96767
name added to list: 96768
name added to list: 96769
name added to list: 96770
name added to list: 96771
name added to list: 96772
name added to list: 96773
name added to list: 96774
name added to list: 96775
name added to list: 96776
name added to list: 96777
name added to list: 96778
name added to list: 96779
name added to list: 96780
name added to list: 96781
name added to list: 96782
name added to list: 96783
name added to list: 96784
name added to list: 96785
name added to list: 96786
name added to list: 96787
name added to list: 96788
name added to list: 96789
name added to list: 96790
name added to list: 96791
name added to list: 96792
name added to list: 96793
name added to list: 96794
name added to list: 96795
name added to list: 96796
name added to list: 96797
name added to list: 96798
name added to list: 96799
name added to list: 96800
name added to list: 96801
name added to list: 96802
name added to list: 96803
name added to list: 96804
name added to list: 96805
name added to list: 96806
name added to list: 96807
name added to list: 96808
name added to list: 96809
name added to list: 96810
name added to list: 96811
name added to list: 96812
name added to list: 96813
name added to list: 96814
name added to list: 96815
name added to list: 96816
name added to list: 96817
name added to list: 96818
name added to list: 96819
name added to list: 96820
name added to list: 96821
name added to list: 96822
name added to list: 96823
name added to list: 96824
name added to list: 96825
name added to list: 96826
name added to list: 96827
name added to list: 96828
name added to list: 96829
name added to list: 96830
name added to list: 96831
name added to list: 96832
name added to list: 96833
name added to list: 96834
name added to list: 96835
name added to list: 96836
name added to list: 96837
name added to list: 96838
name added to list: 96839
name added to list: 96840
name added to list: 96841
name added to list: 96842
name added to list: 96843
name added to list: 96844
name added to list: 96845
name added to list: 96846
name added to list: 96847
name added to list: 96848
name added to list: 96849
name added to list: 96850
name added to list: 96851
name added to list: 96852
name added to list: 96853
name added to list: 96854
name added to list: 96855
name added to list: 96856
name added to list: 96857
name added to list: 96858
name added to list: 96859
name added to list: 96860
name added to list: 96861
name added to list: 96862
name added to list: 96863
name added to list: 96864
name added to list: 96865
name added to list: 96866
name added to list: 96867
name added to list: 96868
name added to list: 96869
name added to list: 96870
name added to list: 96871
name added to list: 96872
name added to list: 96873
name added to list: 96874
name added to list: 96875
name added to list: 96876
name added to list: 96877
name added to list: 96878
name added to list: 96879
name added to list: 96880
name added to list: 96881
name added to list: 96882
name added to list: 96883
name added to list: 96884
name added to list: 96885
name added to list: 96886
name added to list: 96887
name added to list: 96888
name added to list: 96889
name added to list: 96890
name added to list: 96891
name added to list: 96892
name added to list: 96893
name added to list: 96894
name added to list: 96895
name added to list: 96896
name added to list: 96897
name added to list: 96898
name added to list: 96899
name added to list: 96900
name added to list: 96901
name added to list: 96902
name added to list: 96903
name added to list: 96904
name added to list: 96905
name added to list: 96906
name added to list: 96907
name added to list: 96908
name added to list: 96909
name added to list: 96910
name added to list: 96911
name added to list: 96912
name added to list: 96913
name added to list: 96914
name added to list: 96915
name added to list: 96916
name added to list: 96917
name added to list: 96918
name added to list: 96919
name added to list: 96920
name added to list: 96921
name added to list: 96922
name added to list: 96923
name added to list: 96924
name added to list: 96925
name added to list: 96926
name added to list: 96927
name added to list: 96928
name added to list: 96929
name added to list: 96930
name added to list: 96931
name added to list: 96932
name added to list: 96933
name added to list: 96934
name added to list: 96935
name added to list: 96936
name added to list: 96937
name added to list: 96938
name added to list: 96939
name added to list: 96940
name added to list: 96941
name added to list: 96942
name added to list: 96943
name added to list: 96944
name added to list: 96945
name added to list: 96946
name added to list: 96947
name added to list: 96948
name added to list: 96949
name added to list: 96950
name added to list: 96951
name added to list: 96952
name added to list: 96953
name added to list: 96954
name added to list: 96955
name added to list: 96956
name added to list: 96957
name added to list: 96958
name added to list: 96959
name added to list: 96960
name added to list: 96961
name added to list: 96962
name added to list: 96963
name added to list: 96964
name added to list: 96965
name added to list: 96966
name added to list: 96967
name added to list: 96968
name added to list: 96969
name added to list: 96970
name added to list: 96971
name added to list: 96972
name added to list: 96973
name added to list: 96974
name added to list: 96975
name added to list: 96976
name added to list: 96977
name added to list: 96978
name added to list: 96979
name added to list: 96980
name added to list: 96981
name added to list: 96982
name added to list: 96983
name added to list: 96984
name added to list: 96985
name added to list: 96986
name added to list: 96987
name added to list: 96988
name added to list: 96989
name added to list: 96990
name added to list: 96991
name added to list: 96992
name added to list: 96993
name added to list: 96994
name added to list: 96995
name added to list: 96996
name added to list: 96997
name added to list: 96998
name added to list: 96999
name added to list: 97000
name added to list: 97001
name added to list: 97002
name added to list: 97003
name added to list: 97004
name added to list: 97005
name added to list: 97006
name added to list: 97007
name added to list: 97008
name added to list: 97009
name added to list: 97010
name added to list: 97011
name added to list: 97012
name added to list: 97013
name added to list: 97014
name added to list: 97015
name added to list: 97016
name added to list: 97017
name added to list: 97018
name added to list: 97019
name added to list: 97020
name added to list: 97021
name added to list: 97022
name added to list: 97023
name added to list: 97024
name added to list: 97025
name added to list: 97026
name added to list: 97027
name added to list: 97028
name added to list: 97029
name added to list: 97030
name added to list: 97031
name added to list: 97032
name added to list: 97033
name added to list: 97034
name added to list: 97035
name added to list: 97036
name added to list: 97037
name added to list: 97038
name added to list: 97039
name added to list: 97040
name added to list: 97041
name added to list: 97042
name added to list: 97043
name added to list: 97044
name added to list: 97045
name added to list: 97046
name added to list: 97047
name added to list: 97048
name added to list: 97049
name added to list: 97050
name added to list: 97051
name added to list: 97052
name added to list: 97053
name added to list: 97054
name added to list: 97055
name added to list: 97056
name added to list: 97057
name added to list: 97058
name added to list: 97059
name added to list: 97060
name added to list: 97061
name added to list: 97062
name added to list: 97063
name added to list: 97064
name added to list: 97065
name added to list: 97066
name added to list: 97067
name added to list: 97068
name added to list: 97069
name added to list: 97070
name added to list: 97071
name added to list: 97072
name added to list: 97073
name added to list: 97074
name added to list: 97075
name added to list: 97076
name added to list: 97077
name added to list: 97078
name added to list: 97079
name added to list: 97080
name added to list: 97081
name added to list: 97082
name added to list: 97083
name added to list: 97084
name added to list: 97085
name added to list: 97086
name added to list: 97087
name added to list: 97088
name added to list: 97089
name added to list: 97090
name added to list: 97091
name added to list: 97092
name added to list: 97093
name added to list: 97094
name added to list: 97095
name added to list: 97096
name added to list: 97097
name added to list: 97098
name added to list: 97099
name added to list: 97100
name added to list: 97101
name added to list: 97102
name added to list: 97103
name added to list: 97104
name added to list: 97105
name added to list: 97106
name added to list: 97107
name added to list: 97108
name added to list: 97109
name added to list: 97110
name added to list: 97111
name added to list: 97112
name added to list: 97113
name added to list: 97114
name added to list: 97115
name added to list: 97116
name added to list: 97117
name added to list: 97118
name added to list: 97119
name added to list: 97120
name added to list: 97121
name added to list: 97122
name added to list: 97123
name added to list: 97124
name added to list: 97125
name added to list: 97126
name added to list: 97127
name added to list: 97128
name added to list: 97129
name added to list: 97130
name added to list: 97131
name added to list: 97132
name added to list: 97133
name added to list: 97134
name added to list: 97135
name added to list: 97136
name added to list: 97137
name added to list: 97138
name added to list: 97139
name added to list: 97140
name added to list: 97141
name added to list: 97142
name added to list: 97143
name added to list: 97144
name added to list: 97145
name added to list: 97146
name added to list: 97147
name added to list: 97148
name added to list: 97149
name added to list: 97150
name added to list: 97151
name added to list: 97152
name added to list: 97153
name added to list: 97154
name added to list: 97155
name added to list: 97156
name added to list: 97157
name added to list: 97158
name added to list: 97159
name added to list: 97160
name added to list: 97161
name added to list: 97162
name added to list: 97163
name added to list: 97164
name added to list: 97165
name added to list: 97166
name added to list: 97167
name added to list: 97168
name added to list: 97169
name added to list: 97170
name added to list: 97171
name added to list: 97172
name added to list: 97173
name added to list: 97174
name added to list: 97175
name added to list: 97176
name added to list: 97177
name added to list: 97178
name added to list: 97179
name added to list: 97180
name added to list: 97181
name added to list: 97182
name added to list: 97183
name added to list: 97184
name added to list: 97185
name added to list: 97186
name added to list: 97187
name added to list: 97188
name added to list: 97189
name added to list: 97190
name added to list: 97191
name added to list: 97192
name added to list: 97193
name added to list: 97194
name added to list: 97195
name added to list: 97196
name added to list: 97197
name added to list: 97198
name added to list: 97199
name added to list: 97200
name added to list: 97201
name added to list: 97202
name added to list: 97203
name added to list: 97204
name added to list: 97205
name added to list: 97206
name added to list: 97207
name added to list: 97208
name added to list: 97209
name added to list: 97210
name added to list: 97211
name added to list: 97212
name added to list: 97213
name added to list: 97214
name added to list: 97215
name added to list: 97216
name added to list: 97217
name added to list: 97218
name added to list: 97219
name added to list: 97220
name added to list: 97221
name added to list: 97222
name added to list: 97223
name added to list: 97224
name added to list: 97225
name added to list: 97226
name added to list: 97227
name added to list: 97228
name added to list: 97229
name added to list: 97230
name added to list: 97231
name added to list: 97232
name added to list: 97233
name added to list: 97234
name added to list: 97235
name added to list: 97236
name added to list: 97237
name added to list: 97238
name added to list: 97239
name added to list: 97240
name added to list: 97241
name added to list: 97242
name added to list: 97243
name added to list: 97244
name added to list: 97245
name added to list: 97246
name added to list: 97247
name added to list: 97248
name added to list: 97249
name added to list: 97250
name added to list: 97251
name added to list: 97252
name added to list: 97253
name added to list: 97254
name added to list: 97255
name added to list: 97256
name added to list: 97257
name added to list: 97258
name added to list: 97259
name added to list: 97260
name added to list: 97261
name added to list: 97262
name added to list: 97263
name added to list: 97264
name added to list: 97265
name added to list: 97266
name added to list: 97267
name added to list: 97268
name added to list: 97269
name added to list: 97270
name added to list: 97271
name added to list: 97272
name added to list: 97273
name added to list: 97274
name added to list: 97275
name added to list: 97276
name added to list: 97277
name added to list: 97278
name added to list: 97279
name added to list: 97280
name added to list: 97281
name added to list: 97282
name added to list: 97283
name added to list: 97284
name added to list: 97285
name added to list: 97286
name added to list: 97287
name added to list: 97288
name added to list: 97289
name added to list: 97290
name added to list: 97291
name added to list: 97292
name added to list: 97293
name added to list: 97294
name added to list: 97295
name added to list: 97296
name added to list: 97297
name added to list: 97298
name added to list: 97299
name added to list: 97300
name added to list: 97301
name added to list: 97302
name added to list: 97303
name added to list: 97304
name added to list: 97305
name added to list: 97306
name added to list: 97307
name added to list: 97308
name added to list: 97309
name added to list: 97310
name added to list: 97311
name added to list: 97312
name added to list: 97313
name added to list: 97314
name added to list: 97315
name added to list: 97316
name added to list: 97317
name added to list: 97318
name added to list: 97319
name added to list: 97320
name added to list: 97321
name added to list: 97322
name added to list: 97323
name added to list: 97324
name added to list: 97325
name added to list: 97326
name added to list: 97327
name added to list: 97328
name added to list: 97329
name added to list: 97330
name added to list: 97331
name added to list: 97332
name added to list: 97333
name added to list: 97334
name added to list: 97335
name added to list: 97336
name added to list: 97337
name added to list: 97338
name added to list: 97339
name added to list: 97340
name added to list: 97341
name added to list: 97342
name added to list: 97343
name added to list: 97344
name added to list: 97345
name added to list: 97346
name added to list: 97347
name added to list: 97348
name added to list: 97349
name added to list: 97350
name added to list: 97351
name added to list: 97352
name added to list: 97353
name added to list: 97354
name added to list: 97355
name added to list: 97356
name added to list: 97357
name added to list: 97358
name added to list: 97359
name added to list: 97360
name added to list: 97361
name added to list: 97362
name added to list: 97363
name added to list: 97364
name added to list: 97365
name added to list: 97366
name added to list: 97367
name added to list: 97368
name added to list: 97369
name added to list: 97370
name added to list: 97371
name added to list: 97372
name added to list: 97373
name added to list: 97374
name added to list: 97375
name added to list: 97376
name added to list: 97377
name added to list: 97378
name added to list: 97379
name added to list: 97380
name added to list: 97381
name added to list: 97382
name added to list: 97383
name added to list: 97384
name added to list: 97385
name added to list: 97386
name added to list: 97387
name added to list: 97388
name added to list: 97389
name added to list: 97390
name added to list: 97391
name added to list: 97392
name added to list: 97393
name added to list: 97394
name added to list: 97395
name added to list: 97396
name added to list: 97397
name added to list: 97398
name added to list: 97399
name added to list: 97400
name added to list: 97401
name added to list: 97402
name added to list: 97403
name added to list: 97404
name added to list: 97405
name added to list: 97406
name added to list: 97407
name added to list: 97408
name added to list: 97409
name added to list: 97410
name added to list: 97411
name added to list: 97412
name added to list: 97413
name added to list: 97414
name added to list: 97415
name added to list: 97416
name added to list: 97417
name added to list: 97418
name added to list: 97419
name added to list: 97420
name added to list: 97421
name added to list: 97422
name added to list: 97423
name added to list: 97424
name added to list: 97425
name added to list: 97426
name added to list: 97427
name added to list: 97428
name added to list: 97429
name added to list: 97430
name added to list: 97431
name added to list: 97432
name added to list: 97433
name added to list: 97434
name added to list: 97435
name added to list: 97436
name added to list: 97437
name added to list: 97438
name added to list: 97439
name added to list: 97440
name added to list: 97441
name added to list: 97442
name added to list: 97443
name added to list: 97444
name added to list: 97445
name added to list: 97446
name added to list: 97447
name added to list: 97448
name added to list: 97449
name added to list: 97450
name added to list: 97451
name added to list: 97452
name added to list: 97453
name added to list: 97454
name added to list: 97455
name added to list: 97456
name added to list: 97457
name added to list: 97458
name added to list: 97459
name added to list: 97460
name added to list: 97461
name added to list: 97462
name added to list: 97463
name added to list: 97464
name added to list: 97465
name added to list: 97466
name added to list: 97467
name added to list: 97468
name added to list: 97469
name added to list: 97470
name added to list: 97471
name added to list: 97472
name added to list: 97473
name added to list: 97474
name added to list: 97475
name added to list: 97476
name added to list: 97477
name added to list: 97478
name added to list: 97479
name added to list: 97480
name added to list: 97481
name added to list: 97482
name added to list: 97483
name added to list: 97484
name added to list: 97485
name added to list: 97486
name added to list: 97487
name added to list: 97488
name added to list: 97489
name added to list: 97490
name added to list: 97491
name added to list: 97492
name added to list: 97493
name added to list: 97494
name added to list: 97495
name added to list: 97496
name added to list: 97497
name added to list: 97498
name added to list: 97499
name added to list: 97500
name added to list: 97501
name added to list: 97502
name added to list: 97503
name added to list: 97504
name added to list: 97505
name added to list: 97506
name added to list: 97507
name added to list: 97508
name added to list: 97509
name added to list: 97510
name added to list: 97511
name added to list: 97512
name added to list: 97513
name added to list: 97514
name added to list: 97515
name added to list: 97516
name added to list: 97517
name added to list: 97518
name added to list: 97519
name added to list: 97520
name added to list: 97521
name added to list: 97522
name added to list: 97523
name added to list: 97524
name added to list: 97525
name added to list: 97526
name added to list: 97527
name added to list: 97528
name added to list: 97529
name added to list: 97530
name added to list: 97531
name added to list: 97532
name added to list: 97533
name added to list: 97534
name added to list: 97535
name added to list: 97536
name added to list: 97537
name added to list: 97538
name added to list: 97539
name added to list: 97540
name added to list: 97541
name added to list: 97542
name added to list: 97543
name added to list: 97544
name added to list: 97545
name added to list: 97546
name added to list: 97547
name added to list: 97548
name added to list: 97549
name added to list: 97550
name added to list: 97551
name added to list: 97552
name added to list: 97553
name added to list: 97554
name added to list: 97555
name added to list: 97556
name added to list: 97557
name added to list: 97558
name added to list: 97559
name added to list: 97560
name added to list: 97561
name added to list: 97562
name added to list: 97563
name added to list: 97564
name added to list: 97565
name added to list: 97566
name added to list: 97567
name added to list: 97568
name added to list: 97569
name added to list: 97570
name added to list: 97571
name added to list: 97572
name added to list: 97573
name added to list: 97574
name added to list: 97575
name added to list: 97576
name added to list: 97577
name added to list: 97578
name added to list: 97579
name added to list: 97580
name added to list: 97581
name added to list: 97582
name added to list: 97583
name added to list: 97584
name added to list: 97585
name added to list: 97586
name added to list: 97587
name added to list: 97588
name added to list: 97589
name added to list: 97590
name added to list: 97591
name added to list: 97592
name added to list: 97593
name added to list: 97594
name added to list: 97595
name added to list: 97596
name added to list: 97597
name added to list: 97598
name added to list: 97599
name added to list: 97600
name added to list: 97601
name added to list: 97602
name added to list: 97603
name added to list: 97604
name added to list: 97605
name added to list: 97606
name added to list: 97607
name added to list: 97608
name added to list: 97609
name added to list: 97610
name added to list: 97611
name added to list: 97612
name added to list: 97613
name added to list: 97614
name added to list: 97615
name added to list: 97616
name added to list: 97617
name added to list: 97618
name added to list: 97619
name added to list: 97620
name added to list: 97621
name added to list: 97622
name added to list: 97623
name added to list: 97624
name added to list: 97625
name added to list: 97626
name added to list: 97627
name added to list: 97628
name added to list: 97629
name added to list: 97630
name added to list: 97631
name added to list: 97632
name added to list: 97633
name added to list: 97634
name added to list: 97635
name added to list: 97636
name added to list: 97637
name added to list: 97638
name added to list: 97639
name added to list: 97640
name added to list: 97641
name added to list: 97642
name added to list: 97643
name added to list: 97644
name added to list: 97645
name added to list: 97646
name added to list: 97647
name added to list: 97648
name added to list: 97649
name added to list: 97650
name added to list: 97651
name added to list: 97652
name added to list: 97653
name added to list: 97654
name added to list: 97655
name added to list: 97656
name added to list: 97657
name added to list: 97658
name added to list: 97659
name added to list: 97660
name added to list: 97661
name added to list: 97662
name added to list: 97663
name added to list: 97664
name added to list: 97665
name added to list: 97666
name added to list: 97667
name added to list: 97668
name added to list: 97669
name added to list: 97670
name added to list: 97671
name added to list: 97672
name added to list: 97673
name added to list: 97674
name added to list: 97675
name added to list: 97676
name added to list: 97677
name added to list: 97678
name added to list: 97679
name added to list: 97680
name added to list: 97681
name added to list: 97682
name added to list: 97683
name added to list: 97684
name added to list: 97685
name added to list: 97686
name added to list: 97687
name added to list: 97688
name added to list: 97689
name added to list: 97690
name added to list: 97691
name added to list: 97692
name added to list: 97693
name added to list: 97694
name added to list: 97695
name added to list: 97696
name added to list: 97697
name added to list: 97698
name added to list: 97699
name added to list: 97700
name added to list: 97701
name added to list: 97702
name added to list: 97703
name added to list: 97704
name added to list: 97705
name added to list: 97706
name added to list: 97707
name added to list: 97708
name added to list: 97709
name added to list: 97710
name added to list: 97711
name added to list: 97712
name added to list: 97713
name added to list: 97714
name added to list: 97715
name added to list: 97716
name added to list: 97717
name added to list: 97718
name added to list: 97719
name added to list: 97720
name added to list: 97721
name added to list: 97722
name added to list: 97723
name added to list: 97724
name added to list: 97725
name added to list: 97726
name added to list: 97727
name added to list: 97728
name added to list: 97729
name added to list: 97730
name added to list: 97731
name added to list: 97732
name added to list: 97733
name added to list: 97734
name added to list: 97735
name added to list: 97736
name added to list: 97737
name added to list: 97738
name added to list: 97739
name added to list: 97740
name added to list: 97741
name added to list: 97742
name added to list: 97743
name added to list: 97744
name added to list: 97745
name added to list: 97746
name added to list: 97747
name added to list: 97748
name added to list: 97749
name added to list: 97750
name added to list: 97751
name added to list: 97752
name added to list: 97753
name added to list: 97754
name added to list: 97755
name added to list: 97756
name added to list: 97757
name added to list: 97758
name added to list: 97759
name added to list: 97760
name added to list: 97761
name added to list: 97762
name added to list: 97763
name added to list: 97764
name added to list: 97765
name added to list: 97766
name added to list: 97767
name added to list: 97768
name added to list: 97769
name added to list: 97770
name added to list: 97771
name added to list: 97772
name added to list: 97773
name added to list: 97774
name added to list: 97775
name added to list: 97776
name added to list: 97777
name added to list: 97778
name added to list: 97779
name added to list: 97780
name added to list: 97781
name added to list: 97782
name added to list: 97783
name added to list: 97784
name added to list: 97785
name added to list: 97786
name added to list: 97787
name added to list: 97788
name added to list: 97789
name added to list: 97790
name added to list: 97791
name added to list: 97792
name added to list: 97793
name added to list: 97794
name added to list: 97795
name added to list: 97796
name added to list: 97797
name added to list: 97798
name added to list: 97799
name added to list: 97800
name added to list: 97801
name added to list: 97802
name added to list: 97803
name added to list: 97804
name added to list: 97805
name added to list: 97806
name added to list: 97807
name added to list: 97808
name added to list: 97809
name added to list: 97810
name added to list: 97811
name added to list: 97812
name added to list: 97813
name added to list: 97814
name added to list: 97815
name added to list: 97816
name added to list: 97817
name added to list: 97818
name added to list: 97819
name added to list: 97820
name added to list: 97821
name added to list: 97822
name added to list: 97823
name added to list: 97824
name added to list: 97825
name added to list: 97826
name added to list: 97827
name added to list: 97828
name added to list: 97829
name added to list: 97830
name added to list: 97831
name added to list: 97832
name added to list: 97833
name added to list: 97834
name added to list: 97835
name added to list: 97836
name added to list: 97837
name added to list: 97838
name added to list: 97839
name added to list: 97840
name added to list: 97841
name added to list: 97842
name added to list: 97843
name added to list: 97844
name added to list: 97845
name added to list: 97846
name added to list: 97847
name added to list: 97848
name added to list: 97849
name added to list: 97850
name added to list: 97851
name added to list: 97852
name added to list: 97853
name added to list: 97854
name added to list: 97855
name added to list: 97856
name added to list: 97857
name added to list: 97858
name added to list: 97859
name added to list: 97860
name added to list: 97861
name added to list: 97862
name added to list: 97863
name added to list: 97864
name added to list: 97865
name added to list: 97866
name added to list: 97867
name added to list: 97868
name added to list: 97869
name added to list: 97870
name added to list: 97871
name added to list: 97872
name added to list: 97873
name added to list: 97874
name added to list: 97875
name added to list: 97876
name added to list: 97877
name added to list: 97878
name added to list: 97879
name added to list: 97880
name added to list: 97881
name added to list: 97882
name added to list: 97883
name added to list: 97884
name added to list: 97885
name added to list: 97886
name added to list: 97887
name added to list: 97888
name added to list: 97889
name added to list: 97890
name added to list: 97891
name added to list: 97892
name added to list: 97893
name added to list: 97894
name added to list: 97895
name added to list: 97896
name added to list: 97897
name added to list: 97898
name added to list: 97899
name added to list: 97900
name added to list: 97901
name added to list: 97902
name added to list: 97903
name added to list: 97904
name added to list: 97905
name added to list: 97906
name added to list: 97907
name added to list: 97908
name added to list: 97909
name added to list: 97910
name added to list: 97911
name added to list: 97912
name added to list: 97913
name added to list: 97914
name added to list: 97915
name added to list: 97916
name added to list: 97917
name added to list: 97918
name added to list: 97919
name added to list: 97920
name added to list: 97921
name added to list: 97922
name added to list: 97923
name added to list: 97924
name added to list: 97925
name added to list: 97926
name added to list: 97927
name added to list: 97928
name added to list: 97929
name added to list: 97930
name added to list: 97931
name added to list: 97932
name added to list: 97933
name added to list: 97934
name added to list: 97935
name added to list: 97936
name added to list: 97937
name added to list: 97938
name added to list: 97939
name added to list: 97940
name added to list: 97941
name added to list: 97942
name added to list: 97943
name added to list: 97944
name added to list: 97945
name added to list: 97946
name added to list: 97947
name added to list: 97948
name added to list: 97949
name added to list: 97950
name added to list: 97951
name added to list: 97952
name added to list: 97953
name added to list: 97954
name added to list: 97955
name added to list: 97956
name added to list: 97957
name added to list: 97958
name added to list: 97959
name added to list: 97960
name added to list: 97961
name added to list: 97962
name added to list: 97963
name added to list: 97964
name added to list: 97965
name added to list: 97966
name added to list: 97967
name added to list: 97968
name added to list: 97969
name added to list: 97970
name added to list: 97971
name added to list: 97972
name added to list: 97973
name added to list: 97974
name added to list: 97975
name added to list: 97976
name added to list: 97977
name added to list: 97978
name added to list: 97979
name added to list: 97980
name added to list: 97981
name added to list: 97982
name added to list: 97983
name added to list: 97984
name added to list: 97985
name added to list: 97986
name added to list: 97987
name added to list: 97988
name added to list: 97989
name added to list: 97990
name added to list: 97991
name added to list: 97992
name added to list: 97993
name added to list: 97994
name added to list: 97995
name added to list: 97996
name added to list: 97997
name added to list: 97998
name added to list: 97999
name added to list: 98000
name added to list: 98001
name added to list: 98002
name added to list: 98003
name added to list: 98004
name added to list: 98005
name added to list: 98006
name added to list: 98007
name added to list: 98008
name added to list: 98009
name added to list: 98010
name added to list: 98011
name added to list: 98012
name added to list: 98013
name added to list: 98014
name added to list: 98015
name added to list: 98016
name added to list: 98017
name added to list: 98018
name added to list: 98019
name added to list: 98020
name added to list: 98021
name added to list: 98022
name added to list: 98023
name added to list: 98024
name added to list: 98025
name added to list: 98026
name added to list: 98027
name added to list: 98028
name added to list: 98029
name added to list: 98030
name added to list: 98031
name added to list: 98032
name added to list: 98033
name added to list: 98034
name added to list: 98035
name added to list: 98036
name added to list: 98037
name added to list: 98038
name added to list: 98039
name added to list: 98040
name added to list: 98041
name added to list: 98042
name added to list: 98043
name added to list: 98044
name added to list: 98045
name added to list: 98046
name added to list: 98047
name added to list: 98048
name added to list: 98049
name added to list: 98050
name added to list: 98051
name added to list: 98052
name added to list: 98053
name added to list: 98054
name added to list: 98055
name added to list: 98056
name added to list: 98057
name added to list: 98058
name added to list: 98059
name added to list: 98060
name added to list: 98061
name added to list: 98062
name added to list: 98063
name added to list: 98064
name added to list: 98065
name added to list: 98066
name added to list: 98067
name added to list: 98068
name added to list: 98069
name added to list: 98070
name added to list: 98071
name added to list: 98072
name added to list: 98073
name added to list: 98074
name added to list: 98075
name added to list: 98076
name added to list: 98077
name added to list: 98078
name added to list: 98079
name added to list: 98080
name added to list: 98081
name added to list: 98082
name added to list: 98083
name added to list: 98084
name added to list: 98085
name added to list: 98086
name added to list: 98087
name added to list: 98088
name added to list: 98089
name added to list: 98090
name added to list: 98091
name added to list: 98092
name added to list: 98093
name added to list: 98094
name added to list: 98095
name added to list: 98096
name added to list: 98097
name added to list: 98098
name added to list: 98099
name added to list: 98100
name added to list: 98101
name added to list: 98102
name added to list: 98103
name added to list: 98104
name added to list: 98105
name added to list: 98106
name added to list: 98107
name added to list: 98108
name added to list: 98109
name added to list: 98110
name added to list: 98111
name added to list: 98112
name added to list: 98113
name added to list: 98114
name added to list: 98115
name added to list: 98116
name added to list: 98117
name added to list: 98118
name added to list: 98119
name added to list: 98120
name added to list: 98121
name added to list: 98122
name added to list: 98123
name added to list: 98124
name added to list: 98125
name added to list: 98126
name added to list: 98127
name added to list: 98128
name added to list: 98129
name added to list: 98130
name added to list: 98131
name added to list: 98132
name added to list: 98133
name added to list: 98134
name added to list: 98135
name added to list: 98136
name added to list: 98137
name added to list: 98138
name added to list: 98139
name added to list: 98140
name added to list: 98141
name added to list: 98142
name added to list: 98143
name added to list: 98144
name added to list: 98145
name added to list: 98146
name added to list: 98147
name added to list: 98148
name added to list: 98149
name added to list: 98150
name added to list: 98151
name added to list: 98152
name added to list: 98153
name added to list: 98154
name added to list: 98155
name added to list: 98156
name added to list: 98157
name added to list: 98158
name added to list: 98159
name added to list: 98160
name added to list: 98161
name added to list: 98162
name added to list: 98163
name added to list: 98164
name added to list: 98165
name added to list: 98166
name added to list: 98167
name added to list: 98168
name added to list: 98169
name added to list: 98170
name added to list: 98171
name added to list: 98172
name added to list: 98173
name added to list: 98174
name added to list: 98175
name added to list: 98176
name added to list: 98177
name added to list: 98178
name added to list: 98179
name added to list: 98180
name added to list: 98181
name added to list: 98182
name added to list: 98183
name added to list: 98184
name added to list: 98185
name added to list: 98186
name added to list: 98187
name added to list: 98188
name added to list: 98189
name added to list: 98190
name added to list: 98191
name added to list: 98192
name added to list: 98193
name added to list: 98194
name added to list: 98195
name added to list: 98196
name added to list: 98197
name added to list: 98198
name added to list: 98199
name added to list: 98200
name added to list: 98201
name added to list: 98202
name added to list: 98203
name added to list: 98204
name added to list: 98205
name added to list: 98206
name added to list: 98207
name added to list: 98208
name added to list: 98209
name added to list: 98210
name added to list: 98211
name added to list: 98212
name added to list: 98213
name added to list: 98214
name added to list: 98215
name added to list: 98216
name added to list: 98217
name added to list: 98218
name added to list: 98219
name added to list: 98220
name added to list: 98221
name added to list: 98222
name added to list: 98223
name added to list: 98224
name added to list: 98225
name added to list: 98226
name added to list: 98227
name added to list: 98228
name added to list: 98229
name added to list: 98230
name added to list: 98231
name added to list: 98232
name added to list: 98233
name added to list: 98234
name added to list: 98235
name added to list: 98236
name added to list: 98237
name added to list: 98238
name added to list: 98239
name added to list: 98240
name added to list: 98241
name added to list: 98242
name added to list: 98243
name added to list: 98244
name added to list: 98245
name added to list: 98246
name added to list: 98247
name added to list: 98248
name added to list: 98249
name added to list: 98250
name added to list: 98251
name added to list: 98252
name added to list: 98253
name added to list: 98254
name added to list: 98255
name added to list: 98256
name added to list: 98257
name added to list: 98258
name added to list: 98259
name added to list: 98260
name added to list: 98261
name added to list: 98262
name added to list: 98263
name added to list: 98264
name added to list: 98265
name added to list: 98266
name added to list: 98267
name added to list: 98268
name added to list: 98269
name added to list: 98270
name added to list: 98271
name added to list: 98272
name added to list: 98273
name added to list: 98274
name added to list: 98275
name added to list: 98276
name added to list: 98277
name added to list: 98278
name added to list: 98279
name added to list: 98280
name added to list: 98281
name added to list: 98282
name added to list: 98283
name added to list: 98284
name added to list: 98285
name added to list: 98286
name added to list: 98287
name added to list: 98288
name added to list: 98289
name added to list: 98290
name added to list: 98291
name added to list: 98292
name added to list: 98293
name added to list: 98294
name added to list: 98295
name added to list: 98296
name added to list: 98297
name added to list: 98298
name added to list: 98299
name added to list: 98300
name added to list: 98301
name added to list: 98302
name added to list: 98303
name added to list: 98304
name added to list: 98305
name added to list: 98306
name added to list: 98307
name added to list: 98308
name added to list: 98309
name added to list: 98310
name added to list: 98311
name added to list: 98312
name added to list: 98313
name added to list: 98314
name added to list: 98315
name added to list: 98316
name added to list: 98317
name added to list: 98318
name added to list: 98319
name added to list: 98320
name added to list: 98321
name added to list: 98322
name added to list: 98323
name added to list: 98324
name added to list: 98325
name added to list: 98326
name added to list: 98327
name added to list: 98328
name added to list: 98329
name added to list: 98330
name added to list: 98331
name added to list: 98332
name added to list: 98333
name added to list: 98334
name added to list: 98335
name added to list: 98336
name added to list: 98337
name added to list: 98338
name added to list: 98339
name added to list: 98340
name added to list: 98341
name added to list: 98342
name added to list: 98343
name added to list: 98344
name added to list: 98345
name added to list: 98346
name added to list: 98347
name added to list: 98348
name added to list: 98349
name added to list: 98350
name added to list: 98351
name added to list: 98352
name added to list: 98353
name added to list: 98354
name added to list: 98355
name added to list: 98356
name added to list: 98357
name added to list: 98358
name added to list: 98359
name added to list: 98360
name added to list: 98361
name added to list: 98362
name added to list: 98363
name added to list: 98364
name added to list: 98365
name added to list: 98366
name added to list: 98367
name added to list: 98368
name added to list: 98369
name added to list: 98370
name added to list: 98371
name added to list: 98372
name added to list: 98373
name added to list: 98374
name added to list: 98375
name added to list: 98376
name added to list: 98377
name added to list: 98378
name added to list: 98379
name added to list: 98380
name added to list: 98381
name added to list: 98382
name added to list: 98383
name added to list: 98384
name added to list: 98385
name added to list: 98386
name added to list: 98387
name added to list: 98388
name added to list: 98389
name added to list: 98390
name added to list: 98391
name added to list: 98392
name added to list: 98393
name added to list: 98394
name added to list: 98395
name added to list: 98396
name added to list: 98397
name added to list: 98398
name added to list: 98399
name added to list: 98400
name added to list: 98401
name added to list: 98402
name added to list: 98403
name added to list: 98404
name added to list: 98405
name added to list: 98406
name added to list: 98407
name added to list: 98408
name added to list: 98409
name added to list: 98410
name added to list: 98411
name added to list: 98412
name added to list: 98413
name added to list: 98414
name added to list: 98415
name added to list: 98416
name added to list: 98417
name added to list: 98418
name added to list: 98419
name added to list: 98420
name added to list: 98421
name added to list: 98422
name added to list: 98423
name added to list: 98424
name added to list: 98425
name added to list: 98426
name added to list: 98427
name added to list: 98428
name added to list: 98429
name added to list: 98430
name added to list: 98431
name added to list: 98432
name added to list: 98433
name added to list: 98434
name added to list: 98435
name added to list: 98436
name added to list: 98437
name added to list: 98438
name added to list: 98439
name added to list: 98440
name added to list: 98441
name added to list: 98442
name added to list: 98443
name added to list: 98444
name added to list: 98445
name added to list: 98446
name added to list: 98447
name added to list: 98448
name added to list: 98449
name added to list: 98450
name added to list: 98451
name added to list: 98452
name added to list: 98453
name added to list: 98454
name added to list: 98455
name added to list: 98456
name added to list: 98457
name added to list: 98458
name added to list: 98459
name added to list: 98460
name added to list: 98461
name added to list: 98462
name added to list: 98463
name added to list: 98464
name added to list: 98465
name added to list: 98466
name added to list: 98467
name added to list: 98468
name added to list: 98469
name added to list: 98470
name added to list: 98471
name added to list: 98472
name added to list: 98473
name added to list: 98474
name added to list: 98475
name added to list: 98476
name added to list: 98477
name added to list: 98478
name added to list: 98479
name added to list: 98480
name added to list: 98481
name added to list: 98482
name added to list: 98483
name added to list: 98484
name added to list: 98485
name added to list: 98486
name added to list: 98487
name added to list: 98488
name added to list: 98489
name added to list: 98490
name added to list: 98491
name added to list: 98492
name added to list: 98493
name added to list: 98494
name added to list: 98495
name added to list: 98496
name added to list: 98497
name added to list: 98498
name added to list: 98499
name added to list: 98500
name added to list: 98501
name added to list: 98502
name added to list: 98503
name added to list: 98504
name added to list: 98505
name added to list: 98506
name added to list: 98507
name added to list: 98508
name added to list: 98509
name added to list: 98510
name added to list: 98511
name added to list: 98512
name added to list: 98513
name added to list: 98514
name added to list: 98515
name added to list: 98516
name added to list: 98517
name added to list: 98518
name added to list: 98519
name added to list: 98520
name added to list: 98521
name added to list: 98522
name added to list: 98523
name added to list: 98524
name added to list: 98525
name added to list: 98526
name added to list: 98527
name added to list: 98528
name added to list: 98529
name added to list: 98530
name added to list: 98531
name added to list: 98532
name added to list: 98533
name added to list: 98534
name added to list: 98535
name added to list: 98536
name added to list: 98537
name added to list: 98538
name added to list: 98539
name added to list: 98540
name added to list: 98541
name added to list: 98542
name added to list: 98543
name added to list: 98544
name added to list: 98545
name added to list: 98546
name added to list: 98547
name added to list: 98548
name added to list: 98549
name added to list: 98550
name added to list: 98551
name added to list: 98552
name added to list: 98553
name added to list: 98554
name added to list: 98555
name added to list: 98556
name added to list: 98557
name added to list: 98558
name added to list: 98559
name added to list: 98560
name added to list: 98561
name added to list: 98562
name added to list: 98563
name added to list: 98564
name added to list: 98565
name added to list: 98566
name added to list: 98567
name added to list: 98568
name added to list: 98569
name added to list: 98570
name added to list: 98571
name added to list: 98572
name added to list: 98573
name added to list: 98574
name added to list: 98575
name added to list: 98576
name added to list: 98577
name added to list: 98578
name added to list: 98579
name added to list: 98580
name added to list: 98581
name added to list: 98582
name added to list: 98583
name added to list: 98584
name added to list: 98585
name added to list: 98586
name added to list: 98587
name added to list: 98588
name added to list: 98589
name added to list: 98590
name added to list: 98591
name added to list: 98592
name added to list: 98593
name added to list: 98594
name added to list: 98595
name added to list: 98596
name added to list: 98597
name added to list: 98598
name added to list: 98599
name added to list: 98600
name added to list: 98601
name added to list: 98602
name added to list: 98603
name added to list: 98604
name added to list: 98605
name added to list: 98606
name added to list: 98607
name added to list: 98608
name added to list: 98609
name added to list: 98610
name added to list: 98611
name added to list: 98612
name added to list: 98613
name added to list: 98614
name added to list: 98615
name added to list: 98616
name added to list: 98617
name added to list: 98618
name added to list: 98619
name added to list: 98620
name added to list: 98621
name added to list: 98622
name added to list: 98623
name added to list: 98624
name added to list: 98625
name added to list: 98626
name added to list: 98627
name added to list: 98628
name added to list: 98629
name added to list: 98630
name added to list: 98631
name added to list: 98632
name added to list: 98633
name added to list: 98634
name added to list: 98635
name added to list: 98636
name added to list: 98637
name added to list: 98638
name added to list: 98639
name added to list: 98640
name added to list: 98641
name added to list: 98642
name added to list: 98643
name added to list: 98644
name added to list: 98645
name added to list: 98646
name added to list: 98647
name added to list: 98648
name added to list: 98649
name added to list: 98650
name added to list: 98651
name added to list: 98652
name added to list: 98653
name added to list: 98654
name added to list: 98655
name added to list: 98656
name added to list: 98657
name added to list: 98658
name added to list: 98659
name added to list: 98660
name added to list: 98661
name added to list: 98662
name added to list: 98663
name added to list: 98664
name added to list: 98665
name added to list: 98666
name added to list: 98667
name added to list: 98668
name added to list: 98669
name added to list: 98670
name added to list: 98671
name added to list: 98672
name added to list: 98673
name added to list: 98674
name added to list: 98675
name added to list: 98676
name added to list: 98677
name added to list: 98678
name added to list: 98679
name added to list: 98680
name added to list: 98681
name added to list: 98682
name added to list: 98683
name added to list: 98684
name added to list: 98685
name added to list: 98686
name added to list: 98687
name added to list: 98688
name added to list: 98689
name added to list: 98690
name added to list: 98691
name added to list: 98692
name added to list: 98693
name added to list: 98694
name added to list: 98695
name added to list: 98696
name added to list: 98697
name added to list: 98698
name added to list: 98699
name added to list: 98700
name added to list: 98701
name added to list: 98702
name added to list: 98703
name added to list: 98704
name added to list: 98705
name added to list: 98706
name added to list: 98707
name added to list: 98708
name added to list: 98709
name added to list: 98710
name added to list: 98711
name added to list: 98712
name added to list: 98713
name added to list: 98714
name added to list: 98715
name added to list: 98716
name added to list: 98717
name added to list: 98718
name added to list: 98719
name added to list: 98720
name added to list: 98721
name added to list: 98722
name added to list: 98723
name added to list: 98724
name added to list: 98725
name added to list: 98726
name added to list: 98727
name added to list: 98728
name added to list: 98729
name added to list: 98730
name added to list: 98731
name added to list: 98732
name added to list: 98733
name added to list: 98734
name added to list: 98735
name added to list: 98736
name added to list: 98737
name added to list: 98738
name added to list: 98739
name added to list: 98740
name added to list: 98741
name added to list: 98742
name added to list: 98743
name added to list: 98744
name added to list: 98745
name added to list: 98746
name added to list: 98747
name added to list: 98748
name added to list: 98749
name added to list: 98750
name added to list: 98751
name added to list: 98752
name added to list: 98753
name added to list: 98754
name added to list: 98755
name added to list: 98756
name added to list: 98757
name added to list: 98758
name added to list: 98759
name added to list: 98760
name added to list: 98761
name added to list: 98762
name added to list: 98763
name added to list: 98764
name added to list: 98765
name added to list: 98766
name added to list: 98767
name added to list: 98768
name added to list: 98769
name added to list: 98770
name added to list: 98771
name added to list: 98772
name added to list: 98773
name added to list: 98774
name added to list: 98775
name added to list: 98776
name added to list: 98777
name added to list: 98778
name added to list: 98779
name added to list: 98780
name added to list: 98781
name added to list: 98782
name added to list: 98783
name added to list: 98784
name added to list: 98785
name added to list: 98786
name added to list: 98787
name added to list: 98788
name added to list: 98789
name added to list: 98790
name added to list: 98791
name added to list: 98792
name added to list: 98793
name added to list: 98794
name added to list: 98795
name added to list: 98796
name added to list: 98797
name added to list: 98798
name added to list: 98799
name added to list: 98800
name added to list: 98801
name added to list: 98802
name added to list: 98803
name added to list: 98804
name added to list: 98805
name added to list: 98806
name added to list: 98807
name added to list: 98808
name added to list: 98809
name added to list: 98810
name added to list: 98811
name added to list: 98812
name added to list: 98813
name added to list: 98814
name added to list: 98815
name added to list: 98816
name added to list: 98817
name added to list: 98818
name added to list: 98819
name added to list: 98820
name added to list: 98821
name added to list: 98822
name added to list: 98823
name added to list: 98824
name added to list: 98825
name added to list: 98826
name added to list: 98827
name added to list: 98828
name added to list: 98829
name added to list: 98830
name added to list: 98831
name added to list: 98832
name added to list: 98833
name added to list: 98834
name added to list: 98835
name added to list: 98836
name added to list: 98837
name added to list: 98838
name added to list: 98839
name added to list: 98840
name added to list: 98841
name added to list: 98842
name added to list: 98843
name added to list: 98844
name added to list: 98845
name added to list: 98846
name added to list: 98847
name added to list: 98848
name added to list: 98849
name added to list: 98850
name added to list: 98851
name added to list: 98852
name added to list: 98853
name added to list: 98854
name added to list: 98855
name added to list: 98856
name added to list: 98857
name added to list: 98858
name added to list: 98859
name added to list: 98860
name added to list: 98861
name added to list: 98862
name added to list: 98863
name added to list: 98864
name added to list: 98865
name added to list: 98866
name added to list: 98867
name added to list: 98868
name added to list: 98869
name added to list: 98870
name added to list: 98871
name added to list: 98872
name added to list: 98873
name added to list: 98874
name added to list: 98875
name added to list: 98876
name added to list: 98877
name added to list: 98878
name added to list: 98879
name added to list: 98880
name added to list: 98881
name added to list: 98882
name added to list: 98883
name added to list: 98884
name added to list: 98885
name added to list: 98886
name added to list: 98887
name added to list: 98888
name added to list: 98889
name added to list: 98890
name added to list: 98891
name added to list: 98892
name added to list: 98893
name added to list: 98894
name added to list: 98895
name added to list: 98896
name added to list: 98897
name added to list: 98898
name added to list: 98899
name added to list: 98900
name added to list: 98901
name added to list: 98902
name added to list: 98903
name added to list: 98904
name added to list: 98905
name added to list: 98906
name added to list: 98907
name added to list: 98908
name added to list: 98909
name added to list: 98910
name added to list: 98911
name added to list: 98912
name added to list: 98913
name added to list: 98914
name added to list: 98915
name added to list: 98916
name added to list: 98917
name added to list: 98918
name added to list: 98919
name added to list: 98920
name added to list: 98921
name added to list: 98922
name added to list: 98923
name added to list: 98924
name added to list: 98925
name added to list: 98926
name added to list: 98927
name added to list: 98928
name added to list: 98929
name added to list: 98930
name added to list: 98931
name added to list: 98932
name added to list: 98933
name added to list: 98934
name added to list: 98935
name added to list: 98936
name added to list: 98937
name added to list: 98938
name added to list: 98939
name added to list: 98940
name added to list: 98941
name added to list: 98942
name added to list: 98943
name added to list: 98944
name added to list: 98945
name added to list: 98946
name added to list: 98947
name added to list: 98948
name added to list: 98949
name added to list: 98950
name added to list: 98951
name added to list: 98952
name added to list: 98953
name added to list: 98954
name added to list: 98955
name added to list: 98956
name added to list: 98957
name added to list: 98958
name added to list: 98959
name added to list: 98960
name added to list: 98961
name added to list: 98962
name added to list: 98963
name added to list: 98964
name added to list: 98965
name added to list: 98966
name added to list: 98967
name added to list: 98968
name added to list: 98969
name added to list: 98970
name added to list: 98971
name added to list: 98972
name added to list: 98973
name added to list: 98974
name added to list: 98975
name added to list: 98976
name added to list: 98977
name added to list: 98978
name added to list: 98979
name added to list: 98980
name added to list: 98981
name added to list: 98982
name added to list: 98983
name added to list: 98984
name added to list: 98985
name added to list: 98986
name added to list: 98987
name added to list: 98988
name added to list: 98989
name added to list: 98990
name added to list: 98991
name added to list: 98992
name added to list: 98993
name added to list: 98994
name added to list: 98995
name added to list: 98996
name added to list: 98997
name added to list: 98998
name added to list: 98999
name added to list: 99000
name added to list: 99001
name added to list: 99002
name added to list: 99003
name added to list: 99004
name added to list: 99005
name added to list: 99006
name added to list: 99007
name added to list: 99008
name added to list: 99009
name added to list: 99010
name added to list: 99011
name added to list: 99012
name added to list: 99013
name added to list: 99014
name added to list: 99015
name added to list: 99016
name added to list: 99017
name added to list: 99018
name added to list: 99019
name added to list: 99020
name added to list: 99021
name added to list: 99022
name added to list: 99023
name added to list: 99024
name added to list: 99025
name added to list: 99026
name added to list: 99027
name added to list: 99028
name added to list: 99029
name added to list: 99030
name added to list: 99031
name added to list: 99032
name added to list: 99033
name added to list: 99034
name added to list: 99035
name added to list: 99036
name added to list: 99037
name added to list: 99038
name added to list: 99039
name added to list: 99040
name added to list: 99041
name added to list: 99042
name added to list: 99043
name added to list: 99044
name added to list: 99045
name added to list: 99046
name added to list: 99047
name added to list: 99048
name added to list: 99049
name added to list: 99050
name added to list: 99051
name added to list: 99052
name added to list: 99053
name added to list: 99054
name added to list: 99055
name added to list: 99056
name added to list: 99057
name added to list: 99058
name added to list: 99059
name added to list: 99060
name added to list: 99061
name added to list: 99062
name added to list: 99063
name added to list: 99064
name added to list: 99065
name added to list: 99066
name added to list: 99067
name added to list: 99068
name added to list: 99069
name added to list: 99070
name added to list: 99071
name added to list: 99072
name added to list: 99073
name added to list: 99074
name added to list: 99075
name added to list: 99076
name added to list: 99077
name added to list: 99078
name added to list: 99079
name added to list: 99080
name added to list: 99081
name added to list: 99082
name added to list: 99083
name added to list: 99084
name added to list: 99085
name added to list: 99086
name added to list: 99087
name added to list: 99088
name added to list: 99089
name added to list: 99090
name added to list: 99091
name added to list: 99092
name added to list: 99093
name added to list: 99094
name added to list: 99095
name added to list: 99096
name added to list: 99097
name added to list: 99098
name added to list: 99099
name added to list: 99100
name added to list: 99101
name added to list: 99102
name added to list: 99103
name added to list: 99104
name added to list: 99105
name added to list: 99106
name added to list: 99107
name added to list: 99108
name added to list: 99109
name added to list: 99110
name added to list: 99111
name added to list: 99112
name added to list: 99113
name added to list: 99114
name added to list: 99115
name added to list: 99116
name added to list: 99117
name added to list: 99118
name added to list: 99119
name added to list: 99120
name added to list: 99121
name added to list: 99122
name added to list: 99123
name added to list: 99124
name added to list: 99125
name added to list: 99126
name added to list: 99127
name added to list: 99128
name added to list: 99129
name added to list: 99130
name added to list: 99131
name added to list: 99132
name added to list: 99133
name added to list: 99134
name added to list: 99135
name added to list: 99136
name added to list: 99137
name added to list: 99138
name added to list: 99139
name added to list: 99140
name added to list: 99141
name added to list: 99142
name added to list: 99143
name added to list: 99144
name added to list: 99145
name added to list: 99146
name added to list: 99147
name added to list: 99148
name added to list: 99149
name added to list: 99150
name added to list: 99151
name added to list: 99152
name added to list: 99153
name added to list: 99154
name added to list: 99155
name added to list: 99156
name added to list: 99157
name added to list: 99158
name added to list: 99159
name added to list: 99160
name added to list: 99161
name added to list: 99162
name added to list: 99163
name added to list: 99164
name added to list: 99165
name added to list: 99166
name added to list: 99167
name added to list: 99168
name added to list: 99169
name added to list: 99170
name added to list: 99171
name added to list: 99172
name added to list: 99173
name added to list: 99174
name added to list: 99175
name added to list: 99176
name added to list: 99177
name added to list: 99178
name added to list: 99179
name added to list: 99180
name added to list: 99181
name added to list: 99182
name added to list: 99183
name added to list: 99184
name added to list: 99185
name added to list: 99186
name added to list: 99187
name added to list: 99188
name added to list: 99189
name added to list: 99190
name added to list: 99191
name added to list: 99192
name added to list: 99193
name added to list: 99194
name added to list: 99195
name added to list: 99196
name added to list: 99197
name added to list: 99198
name added to list: 99199
name added to list: 99200
name added to list: 99201
name added to list: 99202
name added to list: 99203
name added to list: 99204
name added to list: 99205
name added to list: 99206
name added to list: 99207
name added to list: 99208
name added to list: 99209
name added to list: 99210
name added to list: 99211
name added to list: 99212
name added to list: 99213
name added to list: 99214
name added to list: 99215
name added to list: 99216
name added to list: 99217
name added to list: 99218
name added to list: 99219
name added to list: 99220
name added to list: 99221
name added to list: 99222
name added to list: 99223
name added to list: 99224
name added to list: 99225
name added to list: 99226
name added to list: 99227
name added to list: 99228
name added to list: 99229
name added to list: 99230
name added to list: 99231
name added to list: 99232
name added to list: 99233
name added to list: 99234
name added to list: 99235
name added to list: 99236
name added to list: 99237
name added to list: 99238
name added to list: 99239
name added to list: 99240
name added to list: 99241
name added to list: 99242
name added to list: 99243
name added to list: 99244
name added to list: 99245
name added to list: 99246
name added to list: 99247
name added to list: 99248
name added to list: 99249
name added to list: 99250
name added to list: 99251
name added to list: 99252
name added to list: 99253
name added to list: 99254
name added to list: 99255
name added to list: 99256
name added to list: 99257
name added to list: 99258
name added to list: 99259
name added to list: 99260
name added to list: 99261
name added to list: 99262
name added to list: 99263
name added to list: 99264
name added to list: 99265
name added to list: 99266
name added to list: 99267
name added to list: 99268
name added to list: 99269
name added to list: 99270
name added to list: 99271
name added to list: 99272
name added to list: 99273
name added to list: 99274
name added to list: 99275
name added to list: 99276
name added to list: 99277
name added to list: 99278
name added to list: 99279
name added to list: 99280
name added to list: 99281
name added to list: 99282
name added to list: 99283
name added to list: 99284
name added to list: 99285
name added to list: 99286
name added to list: 99287
name added to list: 99288
name added to list: 99289
name added to list: 99290
name added to list: 99291
name added to list: 99292
name added to list: 99293
name added to list: 99294
name added to list: 99295
name added to list: 99296
name added to list: 99297
name added to list: 99298
name added to list: 99299
name added to list: 99300
name added to list: 99301
name added to list: 99302
name added to list: 99303
name added to list: 99304
name added to list: 99305
name added to list: 99306
name added to list: 99307
name added to list: 99308
name added to list: 99309
name added to list: 99310
name added to list: 99311
name added to list: 99312
name added to list: 99313
name added to list: 99314
name added to list: 99315
name added to list: 99316
name added to list: 99317
name added to list: 99318
name added to list: 99319
name added to list: 99320
name added to list: 99321
name added to list: 99322
name added to list: 99323
name added to list: 99324
name added to list: 99325
name added to list: 99326
name added to list: 99327
name added to list: 99328
name added to list: 99329
name added to list: 99330
name added to list: 99331
name added to list: 99332
name added to list: 99333
name added to list: 99334
name added to list: 99335
name added to list: 99336
name added to list: 99337
name added to list: 99338
name added to list: 99339
name added to list: 99340
name added to list: 99341
name added to list: 99342
name added to list: 99343
name added to list: 99344
name added to list: 99345
name added to list: 99346
name added to list: 99347
name added to list: 99348
name added to list: 99349
name added to list: 99350
name added to list: 99351
name added to list: 99352
name added to list: 99353
name added to list: 99354
name added to list: 99355
name added to list: 99356
name added to list: 99357
name added to list: 99358
name added to list: 99359
name added to list: 99360
name added to list: 99361
name added to list: 99362
name added to list: 99363
name added to list: 99364
name added to list: 99365
name added to list: 99366
name added to list: 99367
name added to list: 99368
name added to list: 99369
name added to list: 99370
name added to list: 99371
name added to list: 99372
name added to list: 99373
name added to list: 99374
name added to list: 99375
name added to list: 99376
name added to list: 99377
name added to list: 99378
name added to list: 99379
name added to list: 99380
name added to list: 99381
name added to list: 99382
name added to list: 99383
name added to list: 99384
name added to list: 99385
name added to list: 99386
name added to list: 99387
name added to list: 99388
name added to list: 99389
name added to list: 99390
name added to list: 99391
name added to list: 99392
name added to list: 99393
name added to list: 99394
name added to list: 99395
name added to list: 99396
name added to list: 99397
name added to list: 99398
name added to list: 99399
name added to list: 99400
name added to list: 99401
name added to list: 99402
name added to list: 99403
name added to list: 99404
name added to list: 99405
name added to list: 99406
name added to list: 99407
name added to list: 99408
name added to list: 99409
name added to list: 99410
name added to list: 99411
name added to list: 99412
name added to list: 99413
name added to list: 99414
name added to list: 99415
name added to list: 99416
name added to list: 99417
name added to list: 99418
name added to list: 99419
name added to list: 99420
name added to list: 99421
name added to list: 99422
name added to list: 99423
name added to list: 99424
name added to list: 99425
name added to list: 99426
name added to list: 99427
name added to list: 99428
name added to list: 99429
name added to list: 99430
name added to list: 99431
name added to list: 99432
name added to list: 99433
name added to list: 99434
name added to list: 99435
name added to list: 99436
name added to list: 99437
name added to list: 99438
name added to list: 99439
name added to list: 99440
name added to list: 99441
name added to list: 99442
name added to list: 99443
name added to list: 99444
name added to list: 99445
name added to list: 99446
name added to list: 99447
name added to list: 99448
name added to list: 99449
name added to list: 99450
name added to list: 99451
name added to list: 99452
name added to list: 99453
name added to list: 99454
name added to list: 99455
name added to list: 99456
name added to list: 99457
name added to list: 99458
name added to list: 99459
name added to list: 99460
name added to list: 99461
name added to list: 99462
name added to list: 99463
name added to list: 99464
name added to list: 99465
name added to list: 99466
name added to list: 99467
name added to list: 99468
name added to list: 99469
name added to list: 99470
name added to list: 99471
name added to list: 99472
name added to list: 99473
name added to list: 99474
name added to list: 99475
name added to list: 99476
name added to list: 99477
name added to list: 99478
name added to list: 99479
name added to list: 99480
name added to list: 99481
name added to list: 99482
name added to list: 99483
name added to list: 99484
name added to list: 99485
name added to list: 99486
name added to list: 99487
name added to list: 99488
name added to list: 99489
name added to list: 99490
name added to list: 99491
name added to list: 99492
name added to list: 99493
name added to list: 99494
name added to list: 99495
name added to list: 99496
name added to list: 99497
name added to list: 99498
name added to list: 99499
name added to list: 99500
name added to list: 99501
name added to list: 99502
name added to list: 99503
name added to list: 99504
name added to list: 99505
name added to list: 99506
name added to list: 99507
name added to list: 99508
name added to list: 99509
name added to list: 99510
name added to list: 99511
name added to list: 99512
name added to list: 99513
name added to list: 99514
name added to list: 99515
name added to list: 99516
name added to list: 99517
name added to list: 99518
name added to list: 99519
name added to list: 99520
name added to list: 99521
name added to list: 99522
name added to list: 99523
name added to list: 99524
name added to list: 99525
name added to list: 99526
name added to list: 99527
name added to list: 99528
name added to list: 99529
name added to list: 99530
name added to list: 99531
name added to list: 99532
name added to list: 99533
name added to list: 99534
name added to list: 99535
name added to list: 99536
name added to list: 99537
name added to list: 99538
name added to list: 99539
name added to list: 99540
name added to list: 99541
name added to list: 99542
name added to list: 99543
name added to list: 99544
name added to list: 99545
name added to list: 99546
name added to list: 99547
name added to list: 99548
name added to list: 99549
name added to list: 99550
name added to list: 99551
name added to list: 99552
name added to list: 99553
name added to list: 99554
name added to list: 99555
name added to list: 99556
name added to list: 99557
name added to list: 99558
name added to list: 99559
name added to list: 99560
name added to list: 99561
name added to list: 99562
name added to list: 99563
name added to list: 99564
name added to list: 99565
name added to list: 99566
name added to list: 99567
name added to list: 99568
name added to list: 99569
name added to list: 99570
name added to list: 99571
name added to list: 99572
name added to list: 99573
name added to list: 99574
name added to list: 99575
name added to list: 99576
name added to list: 99577
name added to list: 99578
name added to list: 99579
name added to list: 99580
name added to list: 99581
name added to list: 99582
name added to list: 99583
name added to list: 99584
name added to list: 99585
name added to list: 99586
name added to list: 99587
name added to list: 99588
name added to list: 99589
name added to list: 99590
name added to list: 99591
name added to list: 99592
name added to list: 99593
name added to list: 99594
name added to list: 99595
name added to list: 99596
name added to list: 99597
name added to list: 99598
name added to list: 99599
name added to list: 99600
name added to list: 99601
name added to list: 99602
name added to list: 99603
name added to list: 99604
name added to list: 99605
name added to list: 99606
name added to list: 99607
name added to list: 99608
name added to list: 99609
name added to list: 99610
name added to list: 99611
name added to list: 99612
name added to list: 99613
name added to list: 99614
name added to list: 99615
name added to list: 99616
name added to list: 99617
name added to list: 99618
name added to list: 99619
name added to list: 99620
name added to list: 99621
name added to list: 99622
name added to list: 99623
name added to list: 99624
name added to list: 99625
name added to list: 99626
name added to list: 99627
name added to list: 99628
name added to list: 99629
name added to list: 99630
name added to list: 99631
name added to list: 99632
name added to list: 99633
name added to list: 99634
name added to list: 99635
name added to list: 99636
name added to list: 99637
name added to list: 99638
name added to list: 99639
name added to list: 99640
name added to list: 99641
name added to list: 99642
name added to list: 99643
name added to list: 99644
name added to list: 99645
name added to list: 99646
name added to list: 99647
name added to list: 99648
name added to list: 99649
name added to list: 99650
name added to list: 99651
name added to list: 99652
name added to list: 99653
name added to list: 99654
name added to list: 99655
name added to list: 99656
name added to list: 99657
name added to list: 99658
name added to list: 99659
name added to list: 99660
name added to list: 99661
name added to list: 99662
name added to list: 99663
name added to list: 99664
name added to list: 99665
name added to list: 99666
name added to list: 99667
name added to list: 99668
name added to list: 99669
name added to list: 99670
name added to list: 99671
name added to list: 99672
name added to list: 99673
name added to list: 99674
name added to list: 99675
name added to list: 99676
name added to list: 99677
name added to list: 99678
name added to list: 99679
name added to list: 99680
name added to list: 99681
name added to list: 99682
name added to list: 99683
name added to list: 99684
name added to list: 99685
name added to list: 99686
name added to list: 99687
name added to list: 99688
name added to list: 99689
name added to list: 99690
name added to list: 99691
name added to list: 99692
name added to list: 99693
name added to list: 99694
name added to list: 99695
name added to list: 99696
name added to list: 99697
name added to list: 99698
name added to list: 99699
name added to list: 99700
name added to list: 99701
name added to list: 99702
name added to list: 99703
name added to list: 99704
name added to list: 99705
name added to list: 99706
name added to list: 99707
name added to list: 99708
name added to list: 99709
name added to list: 99710
name added to list: 99711
name added to list: 99712
name added to list: 99713
name added to list: 99714
name added to list: 99715
name added to list: 99716
name added to list: 99717
name added to list: 99718
name added to list: 99719
name added to list: 99720
name added to list: 99721
name added to list: 99722
name added to list: 99723
name added to list: 99724
name added to list: 99725
name added to list: 99726
name added to list: 99727
name added to list: 99728
name added to list: 99729
name added to list: 99730
name added to list: 99731
name added to list: 99732
name added to list: 99733
name added to list: 99734
name added to list: 99735
name added to list: 99736
name added to list: 99737
name added to list: 99738
name added to list: 99739
name added to list: 99740
name added to list: 99741
name added to list: 99742
name added to list: 99743
name added to list: 99744
name added to list: 99745
name added to list: 99746
name added to list: 99747
name added to list: 99748
name added to list: 99749
name added to list: 99750
name added to list: 99751
name added to list: 99752
name added to list: 99753
name added to list: 99754
name added to list: 99755
name added to list: 99756
name added to list: 99757
name added to list: 99758
name added to list: 99759
name added to list: 99760
name added to list: 99761
name added to list: 99762
name added to list: 99763
name added to list: 99764
name added to list: 99765
name added to list: 99766
name added to list: 99767
name added to list: 99768
name added to list: 99769
name added to list: 99770
name added to list: 99771
name added to list: 99772
name added to list: 99773
name added to list: 99774
name added to list: 99775
name added to list: 99776
name added to list: 99777
name added to list: 99778
name added to list: 99779
name added to list: 99780
name added to list: 99781
name added to list: 99782
name added to list: 99783
name added to list: 99784
name added to list: 99785
name added to list: 99786
name added to list: 99787
name added to list: 99788
name added to list: 99789
name added to list: 99790
name added to list: 99791
name added to list: 99792
name added to list: 99793
name added to list: 99794
name added to list: 99795
name added to list: 99796
name added to list: 99797
name added to list: 99798
name added to list: 99799
name added to list: 99800
name added to list: 99801
name added to list: 99802
name added to list: 99803
name added to list: 99804
name added to list: 99805
name added to list: 99806
name added to list: 99807
name added to list: 99808
name added to list: 99809
name added to list: 99810
name added to list: 99811
name added to list: 99812
name added to list: 99813
name added to list: 99814
name added to list: 99815
name added to list: 99816
name added to list: 99817
name added to list: 99818
name added to list: 99819
name added to list: 99820
name added to list: 99821
name added to list: 99822
name added to list: 99823
name added to list: 99824
name added to list: 99825
name added to list: 99826
name added to list: 99827
name added to list: 99828
name added to list: 99829
name added to list: 99830
name added to list: 99831
name added to list: 99832
name added to list: 99833
name added to list: 99834
name added to list: 99835
name added to list: 99836
name added to list: 99837
name added to list: 99838
name added to list: 99839
name added to list: 99840
name added to list: 99841
name added to list: 99842
name added to list: 99843
name added to list: 99844
name added to list: 99845
name added to list: 99846
name added to list: 99847
name added to list: 99848
name added to list: 99849
name added to list: 99850
name added to list: 99851
name added to list: 99852
name added to list: 99853
name added to list: 99854
name added to list: 99855
name added to list: 99856
name added to list: 99857
name added to list: 99858
name added to list: 99859
name added to list: 99860
name added to list: 99861
name added to list: 99862
name added to list: 99863
name added to list: 99864
name added to list: 99865
name added to list: 99866
name added to list: 99867
name added to list: 99868
name added to list: 99869
name added to list: 99870
name added to list: 99871
name added to list: 99872
name added to list: 99873
name added to list: 99874
name added to list: 99875
name added to list: 99876
name added to list: 99877
name added to list: 99878
name added to list: 99879
name added to list: 99880
name added to list: 99881
name added to list: 99882
name added to list: 99883
name added to list: 99884
name added to list: 99885
name added to list: 99886
name added to list: 99887
name added to list: 99888
name added to list: 99889
name added to list: 99890
name added to list: 99891
name added to list: 99892
name added to list: 99893
name added to list: 99894
name added to list: 99895
name added to list: 99896
name added to list: 99897
name added to list: 99898
name added to list: 99899
name added to list: 99900
name added to list: 99901
name added to list: 99902
name added to list: 99903
name added to list: 99904
name added to list: 99905
name added to list: 99906
name added to list: 99907
name added to list: 99908
name added to list: 99909
name added to list: 99910
name added to list: 99911
name added to list: 99912
name added to list: 99913
name added to list: 99914
name added to list: 99915
name added to list: 99916
name added to list: 99917
name added to list: 99918
name added to list: 99919
name added to list: 99920
name added to list: 99921
name added to list: 99922
name added to list: 99923
name added to list: 99924
name added to list: 99925
name added to list: 99926
name added to list: 99927
name added to list: 99928
name added to list: 99929
name added to list: 99930
name added to list: 99931
name added to list: 99932
name added to list: 99933
name added to list: 99934
name added to list: 99935
name added to list: 99936
name added to list: 99937
name added to list: 99938
name added to list: 99939
name added to list: 99940
name added to list: 99941
name added to list: 99942
name added to list: 99943
name added to list: 99944
name added to list: 99945
name added to list: 99946
name added to list: 99947
name added to list: 99948
name added to list: 99949
name added to list: 99950
name added to list: 99951
name added to list: 99952
name added to list: 99953
name added to list: 99954
name added to list: 99955
name added to list: 99956
name added to list: 99957
name added to list: 99958
name added to list: 99959
name added to list: 99960
name added to list: 99961
name added to list: 99962
name added to list: 99963
name added to list: 99964
name added to list: 99965
name added to list: 99966
name added to list: 99967
name added to list: 99968
name added to list: 99969
name added to list: 99970
name added to list: 99971
name added to list: 99972
name added to list: 99973
name added to list: 99974
name added to list: 99975
name added to list: 99976
name added to list: 99977
name added to list: 99978
name added to list: 99979
name added to list: 99980
name added to list: 99981
name added to list: 99982
name added to list: 99983
name added to list: 99984
name added to list: 99985
name added to list: 99986
name added to list: 99987
name added to list: 99988
name added to list: 99989
name added to list: 99990
name added to list: 99991
name added to list: 99992
name added to list: 99993
name added to list: 99994
name added to list: 99995
name added to list: 99996
name added to list: 99997
name added to list: 99998
name added to list: 99999
name added to list: 100000
name added to list: 100001
]]></system-out>
  <system-err><![CDATA[]]></system-err>
</testsuite>
